#
# There is insufficient memory for the Java Runtime Environment to continue.
# Native memory allocation (malloc) failed to allocate 1823456 bytes for Chunk::new
# Possible reasons:
#   The system is out of physical RAM or swap space
#   In 32 bit mode, the process size limit was hit
# Possible solutions:
#   Reduce memory load on the system
#   Increase physical memory or swap space
#   Check if swap backing store is full
#   Use 64 bit Java on a 64 bit OS
#   Decrease Java heap size (-Xmx/-Xms)
#   Decrease number of Java threads
#   Decrease Java thread stack sizes (-Xss)
#   Set larger code cache with -XX:ReservedCodeCacheSize=
# This output file may be truncated or incomplete.
#
#  Out of Memory Error (allocation.cpp:390), pid=39748, tid=34864
#
# JRE version: Java(TM) SE Runtime Environment (8.0_25-b18) (build 1.8.0_25-b18)
# Java VM: Java HotSpot(TM) 64-Bit Server VM (25.25-b02 mixed mode windows-amd64 compressed oops)
# Failed to write core dump. Minidumps are not enabled by default on client versions of Windows
#

---------------  T H R E A D  ---------------

Current thread (0x0000000014af2800):  JavaThread "C2 CompilerThread1" daemon [_thread_in_native, id=34864, stack(0x0000000016140000,0x0000000016240000)]

Stack: [0x0000000016140000,0x0000000016240000]
Native frames: (J=compiled Java code, j=interpreted, Vv=VM code, C=native code)
V  [jvm.dll+0x31667a]
V  [jvm.dll+0x267073]
V  [jvm.dll+0x267cb3]
V  [jvm.dll+0x25f5b5]
V  [jvm.dll+0xbf165]
V  [jvm.dll+0xbf60c]
V  [jvm.dll+0x45d672]
V  [jvm.dll+0x49e8ef]
V  [jvm.dll+0x452b41]
V  [jvm.dll+0x453864]
V  [jvm.dll+0x437372]
V  [jvm.dll+0x98a02]
V  [jvm.dll+0x991f3]
V  [jvm.dll+0x22bde4]
V  [jvm.dll+0x2852fa]
C  [msvcr100.dll+0x21d9f]
C  [msvcr100.dll+0x21e3b]
C  [KERNEL32.DLL+0x8364]
C  [ntdll.dll+0x65e91]


Current CompileTask:
C2:2230852 19910       4       org.gradle.api.internal.file.collections.DefaultFileCollectionResolveContext::doResolve (327 bytes)


---------------  P R O C E S S  ---------------

Java Threads: ( => current thread )
  0x000000001a13d000 JavaThread "Run command 'C:\Program Files\Java\jdk1.8.0_25\bin\java.exe'" [_thread_in_native, id=40472, stack(0x00000000560b0000,0x00000000561b0000)]
  0x000000001a13a000 JavaThread "Forward streams with process: command 'C:\Program Files\Java\jdk1.8.0_25\bin\java.exe' Thread 3" [_thread_in_native, id=36380, stack(0x0000000055ab0000,0x0000000055bb0000)]
  0x000000001a13d800 JavaThread "Forward streams with process: command 'C:\Program Files\Java\jdk1.8.0_25\bin\java.exe' Thread 2" [_thread_in_native, id=37084, stack(0x00000000559b0000,0x0000000055ab0000)]
  0x000000001c5f8000 JavaThread "Forward streams with process: command 'C:\Program Files\Java\jdk1.8.0_25\bin\java.exe'" [_thread_blocked, id=1320, stack(0x00000000558b0000,0x00000000559b0000)]
  0x000000001c5f7800 JavaThread "Forward streams with process: command 'C:\Program Files\Java\jdk1.8.0_25\bin\java.exe' Thread 3" [_thread_in_native, id=36968, stack(0x00000000556b0000,0x00000000557b0000)]
  0x000000001c5fd000 JavaThread "Forward streams with process: command 'C:\Program Files\Java\jdk1.8.0_25\bin\java.exe' Thread 2" [_thread_in_native, id=34348, stack(0x00000000555b0000,0x00000000556b0000)]
  0x000000001c5fc000 JavaThread "Forward streams with process: command 'C:\Program Files\Java\jdk1.8.0_25\bin\java.exe'" [_thread_blocked, id=33436, stack(0x00000000554b0000,0x00000000555b0000)]
  0x000000001c5fa800 JavaThread "Run command 'C:\Program Files\Java\jdk1.8.0_25\bin\java.exe'" [_thread_in_native, id=34804, stack(0x00000000552b0000,0x00000000553b0000)]
  0x000000001c5fb800 JavaThread "Run command 'C:\Program Files\Java\jdk1.8.0_25\bin\java.exe'" [_thread_in_native, id=38272, stack(0x00000000551b0000,0x00000000552b0000)]
  0x000000001c5fe800 JavaThread "pool-15-thread-4" [_thread_in_native, id=41268, stack(0x00000000550b0000,0x00000000551b0000)]
  0x000000001c5ef000 JavaThread "pool-15-thread-3" [_thread_blocked, id=43780, stack(0x0000000054fb0000,0x00000000550b0000)]
  0x000000001c5f5000 JavaThread "pool-15-thread-2" [_thread_blocked, id=35456, stack(0x0000000054eb0000,0x0000000054fb0000)]
  0x000000001c5f0800 JavaThread "pool-15-thread-1" [_thread_blocked, id=36928, stack(0x0000000054db0000,0x0000000054eb0000)]
  0x000000001c5f0000 JavaThread "Stdin handler" [_thread_blocked, id=36984, stack(0x0000000054cb0000,0x0000000054db0000)]
  0x000000001c5f6000 JavaThread "Asynchronous log dispatcher for org.gradle.launcher.daemon.server.DefaultDaemonConnection@2b10f72b" [_thread_blocked, id=43020, stack(0x0000000054bb0000,0x0000000054cb0000)]
  0x000000001c5f4800 JavaThread "Cancel handler" [_thread_blocked, id=37856, stack(0x0000000054ab0000,0x0000000054bb0000)]
  0x000000001c5f3800 JavaThread "Handler for socket connection from /127.0.0.1:58784 to /127.0.0.1:55426" [_thread_in_native, id=36084, stack(0x00000000549b0000,0x0000000054ab0000)]
  0x000000001c5f6800 JavaThread "Forward streams with process: command 'C:\Program Files\Java\jdk1.8.0_25\bin\java.exe' Thread 3" [_thread_in_native, id=43676, stack(0x0000000052ab0000,0x0000000052bb0000)]
  0x000000001c5f9000 JavaThread "Forward streams with process: command 'C:\Program Files\Java\jdk1.8.0_25\bin\java.exe' Thread 2" [_thread_in_native, id=35464, stack(0x00000000529b0000,0x0000000052ab0000)]
  0x000000001c5f9800 JavaThread "Forward streams with process: command 'C:\Program Files\Java\jdk1.8.0_25\bin\java.exe'" [_thread_blocked, id=41264, stack(0x00000000528b0000,0x00000000529b0000)]
  0x000000001c5f1800 JavaThread "Run command 'C:\Program Files\Java\jdk1.8.0_25\bin\java.exe'" [_thread_in_native, id=37688, stack(0x00000000518b0000,0x00000000519b0000)]
  0x000000001c5f3000 JavaThread "pool-14-thread-4" [_thread_blocked, id=41104, stack(0x00000000516b0000,0x00000000517b0000)]
  0x000000001a145000 JavaThread "pool-14-thread-3" [_thread_blocked, id=40032, stack(0x00000000515b0000,0x00000000516b0000)]
  0x000000001a148000 JavaThread "pool-14-thread-2" [_thread_blocked, id=33168, stack(0x00000000514b0000,0x00000000515b0000)]
  0x000000001a147800 JavaThread "pool-14-thread-1" [_thread_blocked, id=42476, stack(0x00000000513b0000,0x00000000514b0000)]
  0x000000001a13c000 JavaThread "pool-13-thread-1" [_thread_blocked, id=39328, stack(0x0000000050fb0000,0x00000000510b0000)]
  0x000000001a143000 JavaThread "RxComputationThreadPool-4" daemon [_thread_blocked, id=43096, stack(0x0000000050eb0000,0x0000000050fb0000)]
  0x000000001a142000 JavaThread "RxComputationThreadPool-3" daemon [_thread_blocked, id=39912, stack(0x0000000050db0000,0x0000000050eb0000)]
  0x000000001a13b800 JavaThread "RxComputationThreadPool-2" daemon [_thread_blocked, id=40384, stack(0x0000000050cb0000,0x0000000050db0000)]
  0x000000001a141800 JavaThread "RxComputationThreadPool-1" daemon [_thread_blocked, id=36388, stack(0x0000000050bb0000,0x0000000050cb0000)]
  0x000000001a13a800 JavaThread "RxCachedWorkerPoolEvictor-1" daemon [_thread_blocked, id=40092, stack(0x0000000050ab0000,0x0000000050bb0000)]
  0x000000001a13e800 JavaThread "Daemon worker Thread 4" [_thread_in_vm, id=33784, stack(0x00000000501b0000,0x00000000502b0000)]
  0x000000001a13f000 JavaThread "Daemon Thread 4" [_thread_blocked, id=40004, stack(0x000000004feb0000,0x000000004ffb0000)]
  0x000000001c5f2000 JavaThread "Java2D Disposer" daemon [_thread_blocked, id=41752, stack(0x00000000262b0000,0x00000000263b0000)]
  0x00000000198af800 JavaThread "File lock request listener" [_thread_in_native, id=38168, stack(0x000000001ce70000,0x000000001cf70000)]
  0x0000000016462000 JavaThread "Incoming local TCP Connector on port 58784" [_thread_in_native, id=38220, stack(0x0000000018550000,0x0000000018650000)]
  0x00000000171e0000 JavaThread "pool-1-thread-1" [_thread_blocked, id=31032, stack(0x0000000018450000,0x0000000018550000)]
  0x0000000014b4c800 JavaThread "Service Thread" daemon [_thread_blocked, id=39208, stack(0x0000000016740000,0x0000000016840000)]
  0x0000000014af3800 JavaThread "C1 CompilerThread2" daemon [_thread_in_vm, id=37080, stack(0x0000000016240000,0x0000000016340000)]
=>0x0000000014af2800 JavaThread "C2 CompilerThread1" daemon [_thread_in_native, id=34864, stack(0x0000000016140000,0x0000000016240000)]
  0x0000000014aee000 JavaThread "C2 CompilerThread0" daemon [_thread_in_native, id=35536, stack(0x0000000016040000,0x0000000016140000)]
  0x0000000014aec800 JavaThread "Attach Listener" daemon [_thread_blocked, id=36768, stack(0x0000000015f40000,0x0000000016040000)]
  0x0000000014aeb800 JavaThread "Signal Dispatcher" daemon [_thread_blocked, id=4680, stack(0x0000000015e40000,0x0000000015f40000)]
  0x0000000002417000 JavaThread "Finalizer" daemon [_thread_blocked, id=38720, stack(0x0000000015d40000,0x0000000015e40000)]
  0x000000000240e000 JavaThread "Reference Handler" daemon [_thread_blocked, id=36188, stack(0x0000000015c40000,0x0000000015d40000)]
  0x00000000021de800 JavaThread "main" [_thread_blocked, id=38724, stack(0x0000000002220000,0x0000000002320000)]

Other Threads:
  0x0000000014ab6800 VMThread [stack: 0x0000000015b40000,0x0000000015c40000] [id=39268]
  0x0000000014b4e000 WatcherThread [stack: 0x0000000016840000,0x0000000016940000] [id=32972]

VM state:not at safepoint (normal execution)

VM Mutex/Monitor currently owned by a thread: None

Heap:
 PSYoungGen      total 172544K, used 104311K [0x00000000eab00000, 0x00000000f8f80000, 0x0000000100000000)
  eden space 124416K, 79% used [0x00000000eab00000,0x00000000f0bd5d50,0x00000000f2480000)
  from space 48128K, 10% used [0x00000000f2480000,0x00000000f2988000,0x00000000f5380000)
  to   space 48128K, 0% used [0x00000000f6080000,0x00000000f6080000,0x00000000f8f80000)
 ParOldGen       total 157696K, used 57320K [0x00000000c0000000, 0x00000000c9a00000, 0x00000000eab00000)
  object space 157696K, 36% used [0x00000000c0000000,0x00000000c37fa290,0x00000000c9a00000)
 Metaspace       used 94720K, capacity 98412K, committed 101504K, reserved 1136640K
  class space    used 12109K, capacity 12813K, committed 13696K, reserved 1048576K

Card table byte_map: [0x00000000117e0000,0x00000000119f0000] byte_map_base: 0x00000000111e0000

Marking Bits: (ParMarkBitMap*) 0x000000006ffcd490
 Begin Bits: [0x0000000011f50000, 0x0000000012f50000)
 End Bits:   [0x0000000012f50000, 0x0000000013f50000)

Polling page: 0x0000000000990000

CodeCache: size=245760Kb used=59610Kb max_used=60814Kb free=186149Kb
 bounds [0x0000000002420000, 0x0000000006020000, 0x0000000011420000]
 total_blobs=16560 nmethods=15651 adapters=819
 compilation: enabled

Compilation events (10 events):
Event: 2230.268 Thread 0x0000000014af3800 19992       3       com.google.common.base.Joiner$1::toString (20 bytes)
Event: 2230.269 Thread 0x0000000014af3800 nmethod 19992 0x00000000056d7a90 code [0x00000000056d7c00, 0x00000000056d7e68]
Event: 2230.269 Thread 0x0000000014af3800 19993       1       java.util.concurrent.ThreadPoolExecutor::getThreadFactory (5 bytes)
Event: 2230.269 Thread 0x0000000014af3800 nmethod 19993 0x0000000005799e90 code [0x0000000005799fe0, 0x000000000579a0f0]
Event: 2230.271 Thread 0x0000000014af3800 19994       3       java.util.concurrent.CopyOnWriteArraySet::add (9 bytes)
Event: 2230.271 Thread 0x0000000014af3800 nmethod 19994 0x0000000005356750 code [0x00000000053568e0, 0x0000000005356cb8]
Event: 2230.271 Thread 0x0000000014af3800 19995       3       java.util.concurrent.CopyOnWriteArrayList::addIfAbsent (27 bytes)
Event: 2230.272 Thread 0x0000000014af3800 nmethod 19995 0x00000000058d9050 code [0x00000000058d91c0, 0x00000000058d9498]
Event: 2230.304 Thread 0x0000000014af3800 19996       1       com.android.repository.Revision::getMajor (5 bytes)
Event: 2230.305 Thread 0x0000000014af3800 nmethod 19996 0x00000000057cdc90 code [0x00000000057cdde0, 0x00000000057cdef0]

GC Heap History (10 events):
Event: 2161.438 GC heap before
{Heap before GC invocations=55 (full 7):
 PSYoungGen      total 150528K, used 39905K [0x00000000eab00000, 0x00000000f9f80000, 0x0000000100000000)
  eden space 110592K, 0% used [0x00000000eab00000,0x00000000eab00000,0x00000000f1700000)
  from space 39936K, 99% used [0x00000000f4c00000,0x00000000f72f8448,0x00000000f7300000)
  to   space 54272K, 0% used [0x00000000f1700000,0x00000000f1700000,0x00000000f4c00000)
 ParOldGen       total 99840K, used 99826K [0x00000000c0000000, 0x00000000c6180000, 0x00000000eab00000)
  object space 99840K, 99% used [0x00000000c0000000,0x00000000c617ca18,0x00000000c6180000)
 Metaspace       used 95997K, capacity 101134K, committed 101248K, reserved 1136640K
  class space    used 12578K, capacity 13693K, committed 13696K, reserved 1048576K
Event: 2174.700 GC heap after
Heap after GC invocations=55 (full 7):
 PSYoungGen      total 150528K, used 0K [0x00000000eab00000, 0x00000000f9f80000, 0x0000000100000000)
  eden space 110592K, 0% used [0x00000000eab00000,0x00000000eab00000,0x00000000f1700000)
  from space 39936K, 0% used [0x00000000f4c00000,0x00000000f4c00000,0x00000000f7300000)
  to   space 54272K, 0% used [0x00000000f1700000,0x00000000f1700000,0x00000000f4c00000)
 ParOldGen       total 157696K, used 92550K [0x00000000c0000000, 0x00000000c9a00000, 0x00000000eab00000)
  object space 157696K, 58% used [0x00000000c0000000,0x00000000c5a61880,0x00000000c9a00000)
 Metaspace       used 92600K, capacity 96030K, committed 101248K, reserved 1136640K
  class space    used 11918K, capacity 12603K, committed 13696K, reserved 1048576K
}
Event: 2185.956 GC heap before
{Heap before GC invocations=56 (full 7):
 PSYoungGen      total 150528K, used 110592K [0x00000000eab00000, 0x00000000f9f80000, 0x0000000100000000)
  eden space 110592K, 100% used [0x00000000eab00000,0x00000000f1700000,0x00000000f1700000)
  from space 39936K, 0% used [0x00000000f4c00000,0x00000000f4c00000,0x00000000f7300000)
  to   space 54272K, 0% used [0x00000000f1700000,0x00000000f1700000,0x00000000f4c00000)
 ParOldGen       total 157696K, used 92550K [0x00000000c0000000, 0x00000000c9a00000, 0x00000000eab00000)
  object space 157696K, 58% used [0x00000000c0000000,0x00000000c5a61880,0x00000000c9a00000)
 Metaspace       used 94265K, capacity 97796K, committed 101504K, reserved 1136640K
  class space    used 12045K, capacity 12714K, committed 13696K, reserved 1048576K
Event: 2185.991 GC heap after
Heap after GC invocations=56 (full 7):
 PSYoungGen      total 164864K, used 20503K [0x00000000eab00000, 0x00000000f8880000, 0x0000000100000000)
  eden space 110592K, 0% used [0x00000000eab00000,0x00000000eab00000,0x00000000f1700000)
  from space 54272K, 37% used [0x00000000f1700000,0x00000000f2b05cb8,0x00000000f4c00000)
  to   space 51200K, 0% used [0x00000000f5680000,0x00000000f5680000,0x00000000f8880000)
 ParOldGen       total 157696K, used 92558K [0x00000000c0000000, 0x00000000c9a00000, 0x00000000eab00000)
  object space 157696K, 58% used [0x00000000c0000000,0x00000000c5a63880,0x00000000c9a00000)
 Metaspace       used 94265K, capacity 97796K, committed 101504K, reserved 1136640K
  class space    used 12045K, capacity 12714K, committed 13696K, reserved 1048576K
}
Event: 2189.921 GC heap before
{Heap before GC invocations=57 (full 7):
 PSYoungGen      total 164864K, used 29645K [0x00000000eab00000, 0x00000000f8880000, 0x0000000100000000)
  eden space 110592K, 8% used [0x00000000eab00000,0x00000000eb3ed940,0x00000000f1700000)
  from space 54272K, 37% used [0x00000000f1700000,0x00000000f2b05cb8,0x00000000f4c00000)
  to   space 51200K, 0% used [0x00000000f5680000,0x00000000f5680000,0x00000000f8880000)
 ParOldGen       total 157696K, used 92558K [0x00000000c0000000, 0x00000000c9a00000, 0x00000000eab00000)
  object space 157696K, 58% used [0x00000000c0000000,0x00000000c5a63880,0x00000000c9a00000)
 Metaspace       used 94293K, capacity 97820K, committed 101504K, reserved 1136640K
  class space    used 12049K, capacity 12718K, committed 13696K, reserved 1048576K
Event: 2189.960 GC heap after
Heap after GC invocations=57 (full 7):
 PSYoungGen      total 169472K, used 20079K [0x00000000eab00000, 0x00000000f8280000, 0x0000000100000000)
  eden space 124416K, 0% used [0x00000000eab00000,0x00000000eab00000,0x00000000f2480000)
  from space 45056K, 44% used [0x00000000f5680000,0x00000000f6a1bec0,0x00000000f8280000)
  to   space 48128K, 0% used [0x00000000f2480000,0x00000000f2480000,0x00000000f5380000)
 ParOldGen       total 157696K, used 92558K [0x00000000c0000000, 0x00000000c9a00000, 0x00000000eab00000)
  object space 157696K, 58% used [0x00000000c0000000,0x00000000c5a63880,0x00000000c9a00000)
 Metaspace       used 94293K, capacity 97820K, committed 101504K, reserved 1136640K
  class space    used 12049K, capacity 12718K, committed 13696K, reserved 1048576K
}
Event: 2189.960 GC heap before
{Heap before GC invocations=58 (full 8):
 PSYoungGen      total 169472K, used 20079K [0x00000000eab00000, 0x00000000f8280000, 0x0000000100000000)
  eden space 124416K, 0% used [0x00000000eab00000,0x00000000eab00000,0x00000000f2480000)
  from space 45056K, 44% used [0x00000000f5680000,0x00000000f6a1bec0,0x00000000f8280000)
  to   space 48128K, 0% used [0x00000000f2480000,0x00000000f2480000,0x00000000f5380000)
 ParOldGen       total 157696K, used 92558K [0x00000000c0000000, 0x00000000c9a00000, 0x00000000eab00000)
  object space 157696K, 58% used [0x00000000c0000000,0x00000000c5a63880,0x00000000c9a00000)
 Metaspace       used 94293K, capacity 97820K, committed 101504K, reserved 1136640K
  class space    used 12049K, capacity 12718K, committed 13696K, reserved 1048576K
Event: 2190.578 GC heap after
Heap after GC invocations=58 (full 8):
 PSYoungGen      total 169472K, used 0K [0x00000000eab00000, 0x00000000f8280000, 0x0000000100000000)
  eden space 124416K, 0% used [0x00000000eab00000,0x00000000eab00000,0x00000000f2480000)
  from space 45056K, 0% used [0x00000000f5680000,0x00000000f5680000,0x00000000f8280000)
  to   space 48128K, 0% used [0x00000000f2480000,0x00000000f2480000,0x00000000f5380000)
 ParOldGen       total 157696K, used 57320K [0x00000000c0000000, 0x00000000c9a00000, 0x00000000eab00000)
  object space 157696K, 36% used [0x00000000c0000000,0x00000000c37fa290,0x00000000c9a00000)
 Metaspace       used 94281K, capacity 97786K, committed 101504K, reserved 1136640K
  class space    used 12045K, capacity 12711K, committed 13696K, reserved 1048576K
}
Event: 2225.215 GC heap before
{Heap before GC invocations=59 (full 8):
 PSYoungGen      total 169472K, used 124416K [0x00000000eab00000, 0x00000000f8280000, 0x0000000100000000)
  eden space 124416K, 100% used [0x00000000eab00000,0x00000000f2480000,0x00000000f2480000)
  from space 45056K, 0% used [0x00000000f5680000,0x00000000f5680000,0x00000000f8280000)
  to   space 48128K, 0% used [0x00000000f2480000,0x00000000f2480000,0x00000000f5380000)
 ParOldGen       total 157696K, used 57320K [0x00000000c0000000, 0x00000000c9a00000, 0x00000000eab00000)
  object space 157696K, 36% used [0x00000000c0000000,0x00000000c37fa290,0x00000000c9a00000)
 Metaspace       used 94544K, capacity 98152K, committed 101504K, reserved 1136640K
  class space    used 12082K, capacity 12769K, committed 13696K, reserved 1048576K
Event: 2225.224 GC heap after
Heap after GC invocations=59 (full 8):
 PSYoungGen      total 172544K, used 5152K [0x00000000eab00000, 0x00000000f8f80000, 0x0000000100000000)
  eden space 124416K, 0% used [0x00000000eab00000,0x00000000eab00000,0x00000000f2480000)
  from space 48128K, 10% used [0x00000000f2480000,0x00000000f2988000,0x00000000f5380000)
  to   space 48128K, 0% used [0x00000000f6080000,0x00000000f6080000,0x00000000f8f80000)
 ParOldGen       total 157696K, used 57320K [0x00000000c0000000, 0x00000000c9a00000, 0x00000000eab00000)
  object space 157696K, 36% used [0x00000000c0000000,0x00000000c37fa290,0x00000000c9a00000)
 Metaspace       used 94544K, capacity 98152K, committed 101504K, reserved 1136640K
  class space    used 12082K, capacity 12769K, committed 13696K, reserved 1048576K
}

Deoptimization events (10 events):
Event: 2211.398 Thread 0x000000001a13e800 Uncommon trap: reason=unreached action=reinterpret pc=0x000000000319bb74 method=java.lang.ref.SoftReference.get()Ljava/lang/Object; @ 6
Event: 2211.501 Thread 0x000000001a13e800 Uncommon trap: reason=unreached action=reinterpret pc=0x000000000324a41c method=java.lang.ref.SoftReference.get()Ljava/lang/Object; @ 6
Event: 2211.501 Thread 0x000000001a13e800 Uncommon trap: reason=unreached action=reinterpret pc=0x0000000002964710 method=java.lang.ref.SoftReference.get()Ljava/lang/Object; @ 6
Event: 2211.502 Thread 0x000000001a13e800 Uncommon trap: reason=unreached action=reinterpret pc=0x000000000369e11c method=java.lang.ref.SoftReference.get()Ljava/lang/Object; @ 6
Event: 2211.585 Thread 0x000000001a13e800 Uncommon trap: reason=unreached action=reinterpret pc=0x0000000003a822e8 method=java.lang.ref.SoftReference.get()Ljava/lang/Object; @ 6
Event: 2211.950 Thread 0x000000001a13e800 Uncommon trap: reason=unreached action=reinterpret pc=0x0000000004317440 method=java.lang.ref.SoftReference.get()Ljava/lang/Object; @ 6
Event: 2220.020 Thread 0x000000001a13e800 Uncommon trap: reason=predicate action=maybe_recompile pc=0x0000000005709d40 method=java.util.ComparableTimSort.reverseRange([Ljava/lang/Object;II)V @ 8
Event: 2220.024 Thread 0x000000001a13e800 Uncommon trap: reason=unreached action=reinterpret pc=0x0000000004e05848 method=java.lang.ref.SoftReference.get()Ljava/lang/Object; @ 6
Event: 2227.719 Thread 0x000000001a13e800 Uncommon trap: reason=unreached action=reinterpret pc=0x0000000003fd2528 method=com.google.common.collect.MapMakerInternalMap$Segment.getEntry(Ljava/lang/Object;I)Lcom/google/common/collect/MapMakerInternalMap$ReferenceEntry; @ 40
Event: 2230.321 Thread 0x000000001c5f5000 Uncommon trap: reason=null_assert action=make_not_entrant pc=0x0000000003020e98 method=java.util.zip.ZipEntry.setExtra0([BZ)V @ 259

Internal exceptions (10 events):
Event: 2223.749 Thread 0x000000001a13e800 Exception <a 'sun/nio/fs/WindowsException'> (0x00000000f0806f88) thrown at [D:\re\workspace\8-2-build-windows-amd64-cygwin\jdk8u25\1677\hotspot\src\share\vm\prims\jni.cpp, line 716]
Event: 2223.749 Thread 0x000000001a13e800 Exception <a 'sun/nio/fs/WindowsException'> (0x00000000f0807818) thrown at [D:\re\workspace\8-2-build-windows-amd64-cygwin\jdk8u25\1677\hotspot\src\share\vm\prims\jni.cpp, line 716]
Event: 2223.767 Thread 0x000000001a13e800 Exception <a 'sun/nio/fs/WindowsException'> (0x00000000f080a548) thrown at [D:\re\workspace\8-2-build-windows-amd64-cygwin\jdk8u25\1677\hotspot\src\share\vm\prims\jni.cpp, line 716]
Event: 2223.767 Thread 0x000000001a13e800 Exception <a 'sun/nio/fs/WindowsException'> (0x00000000f080ada8) thrown at [D:\re\workspace\8-2-build-windows-amd64-cygwin\jdk8u25\1677\hotspot\src\share\vm\prims\jni.cpp, line 716]
Event: 2223.768 Thread 0x000000001a13e800 Exception <a 'sun/nio/fs/WindowsException'> (0x00000000f080c5f0) thrown at [D:\re\workspace\8-2-build-windows-amd64-cygwin\jdk8u25\1677\hotspot\src\share\vm\prims\jni.cpp, line 716]
Event: 2223.768 Thread 0x000000001a13e800 Exception <a 'sun/nio/fs/WindowsException'> (0x00000000f080ce70) thrown at [D:\re\workspace\8-2-build-windows-amd64-cygwin\jdk8u25\1677\hotspot\src\share\vm\prims\jni.cpp, line 716]
Event: 2223.821 Thread 0x000000001a13e800 Exception <a 'sun/nio/fs/WindowsException'> (0x00000000f08104e0) thrown at [D:\re\workspace\8-2-build-windows-amd64-cygwin\jdk8u25\1677\hotspot\src\share\vm\prims\jni.cpp, line 716]
Event: 2223.821 Thread 0x000000001a13e800 Exception <a 'sun/nio/fs/WindowsException'> (0x00000000f0810ce0) thrown at [D:\re\workspace\8-2-build-windows-amd64-cygwin\jdk8u25\1677\hotspot\src\share\vm\prims\jni.cpp, line 716]
Event: 2223.821 Thread 0x000000001a13e800 Exception <a 'sun/nio/fs/WindowsException'> (0x00000000f0812438) thrown at [D:\re\workspace\8-2-build-windows-amd64-cygwin\jdk8u25\1677\hotspot\src\share\vm\prims\jni.cpp, line 716]
Event: 2223.821 Thread 0x000000001a13e800 Exception <a 'sun/nio/fs/WindowsException'> (0x00000000f0812c48) thrown at [D:\re\workspace\8-2-build-windows-amd64-cygwin\jdk8u25\1677\hotspot\src\share\vm\prims\jni.cpp, line 716]

Events (10 events):
Event: 2230.278 Thread 0x000000001c5fd800 Thread exited: 0x000000001c5fd800
Event: 2230.306 Thread 0x000000001a140800 Thread added: 0x000000001a140800
Event: 2230.321 Thread 0x000000001c5f5000 Uncommon trap: trap_request=0xffffffec fr.pc=0x0000000003020e98
Event: 2230.321 Thread 0x000000001c5f5000 DEOPT PACKING pc=0x0000000003020e98 sp=0x0000000054faec70
Event: 2230.321 Thread 0x000000001c5f5000 DEOPT UNPACKING pc=0x000000000246556a sp=0x0000000054faec00 mode 2
Event: 2230.327 Thread 0x000000001a13d000 Thread added: 0x000000001a13d000
Event: 2230.327 Thread 0x000000001a144800 Thread added: 0x000000001a144800
Event: 2230.327 Thread 0x000000001a146000 Thread added: 0x000000001a146000
Event: 2230.327 Thread 0x000000001a146800 Thread added: 0x000000001a146800
Event: 2230.330 Thread 0x000000001a13d000 Thread exited: 0x000000001a13d000


Dynamic libraries:
0x00007ff6d7c10000 - 0x00007ff6d7c44000 	C:\Program Files\Java\jdk1.8.0_25\bin\java.exe
0x00007fff4cae0000 - 0x00007fff4ccb1000 	C:\WINDOWS\SYSTEM32\ntdll.dll
0x00007fff4c580000 - 0x00007fff4c62b000 	C:\WINDOWS\System32\KERNEL32.DLL
0x00007fff49cb0000 - 0x00007fff49ecd000 	C:\WINDOWS\System32\KERNELBASE.dll
0x00007fff4bf30000 - 0x00007fff4bfd2000 	C:\WINDOWS\System32\ADVAPI32.dll
0x00007fff4be30000 - 0x00007fff4bece000 	C:\WINDOWS\System32\msvcrt.dll
0x00007fff4b720000 - 0x00007fff4b779000 	C:\WINDOWS\System32\sechost.dll
0x00007fff4c630000 - 0x00007fff4c751000 	C:\WINDOWS\System32\RPCRT4.dll
0x00007fff4b7f0000 - 0x00007fff4b955000 	C:\WINDOWS\System32\USER32.dll
0x00007fff49a50000 - 0x00007fff49a6e000 	C:\WINDOWS\System32\win32u.dll
0x00007fff4c7d0000 - 0x00007fff4c804000 	C:\WINDOWS\System32\GDI32.dll
0x00007fff49030000 - 0x00007fff491b2000 	C:\WINDOWS\System32\gdi32full.dll
0x00007fff41b70000 - 0x00007fff41dea000 	C:\WINDOWS\WinSxS\amd64_microsoft.windows.common-controls_6595b64144ccf1df_6.0.14393.351_none_4213128bc687e6d3\COMCTL32.dll
0x00007fff4c810000 - 0x00007fff4cad7000 	C:\WINDOWS\System32\combase.dll
0x00007fff491c0000 - 0x00007fff492b5000 	C:\WINDOWS\System32\ucrtbase.dll
0x00007fff49a70000 - 0x00007fff49ada000 	C:\WINDOWS\System32\bcryptPrimitives.dll
0x00007fff4b6f0000 - 0x00007fff4b71e000 	C:\WINDOWS\System32\IMM32.DLL
0x0000000071450000 - 0x0000000071522000 	C:\Program Files\Java\jdk1.8.0_25\jre\bin\msvcr100.dll
0x000000006f7f0000 - 0x000000007004a000 	C:\Program Files\Java\jdk1.8.0_25\jre\bin\server\jvm.dll
0x00007fff4b6e0000 - 0x00007fff4b6e8000 	C:\WINDOWS\System32\PSAPI.DLL
0x00007fff47380000 - 0x00007fff47389000 	C:\WINDOWS\SYSTEM32\WSOCK32.dll
0x00007fff4bc60000 - 0x00007fff4bcca000 	C:\WINDOWS\System32\WS2_32.dll
0x00007fff472b0000 - 0x00007fff472d3000 	C:\WINDOWS\SYSTEM32\WINMM.dll
0x00007fff47250000 - 0x00007fff4727b000 	C:\WINDOWS\SYSTEM32\WINMMBASE.dll
0x00007fff49f80000 - 0x00007fff49fc2000 	C:\WINDOWS\System32\cfgmgr32.dll
0x0000000071c50000 - 0x0000000071c5f000 	C:\Program Files\Java\jdk1.8.0_25\jre\bin\verify.dll
0x0000000071900000 - 0x0000000071928000 	C:\Program Files\Java\jdk1.8.0_25\jre\bin\java.dll
0x00000000718e0000 - 0x00000000718f6000 	C:\Program Files\Java\jdk1.8.0_25\jre\bin\zip.dll
0x00007fff4a1d0000 - 0x00007fff4b6d9000 	C:\WINDOWS\System32\SHELL32.dll
0x00007fff492c0000 - 0x00007fff4999a000 	C:\WINDOWS\System32\windows.storage.dll
0x00007fff48f60000 - 0x00007fff48fac000 	C:\WINDOWS\System32\powrprof.dll
0x00007fff4bed0000 - 0x00007fff4bf22000 	C:\WINDOWS\System32\shlwapi.dll
0x00007fff48fb0000 - 0x00007fff48fbf000 	C:\WINDOWS\System32\kernel.appcore.dll
0x00007fff499a0000 - 0x00007fff49a49000 	C:\WINDOWS\System32\shcore.dll
0x00007fff48f40000 - 0x00007fff48f54000 	C:\WINDOWS\System32\profapi.dll
0x0000000071430000 - 0x000000007144a000 	C:\Program Files\Java\jdk1.8.0_25\jre\bin\net.dll
0x00007fff48770000 - 0x00007fff487cc000 	C:\WINDOWS\system32\mswsock.dll
0x0000000071410000 - 0x0000000071421000 	C:\Program Files\Java\jdk1.8.0_25\jre\bin\nio.dll
0x00007fff3fbe0000 - 0x00007fff3fbf2000 	C:\Users\Famille\.gradle\native\19\windows-amd64\native-platform.dll
0x00007fff48a10000 - 0x00007fff48a27000 	C:\WINDOWS\SYSTEM32\CRYPTSP.dll
0x00007fff488f0000 - 0x00007fff48923000 	C:\WINDOWS\system32\rsaenh.dll
0x00007fff48b20000 - 0x00007fff48b4b000 	C:\WINDOWS\SYSTEM32\bcrypt.dll
0x00007fff485f0000 - 0x00007fff4860f000 	C:\WINDOWS\SYSTEM32\USERENV.dll
0x00007fff48a30000 - 0x00007fff48a3b000 	C:\WINDOWS\SYSTEM32\CRYPTBASE.dll
0x00007fff48500000 - 0x00007fff48538000 	C:\WINDOWS\SYSTEM32\IPHLPAPI.DLL
0x00007fff4b780000 - 0x00007fff4b788000 	C:\WINDOWS\System32\NSI.dll
0x00007fff44ae0000 - 0x00007fff44af6000 	C:\WINDOWS\SYSTEM32\dhcpcsvc6.DLL
0x00007fff44bb0000 - 0x00007fff44bca000 	C:\WINDOWS\SYSTEM32\dhcpcsvc.DLL
0x0000000071c40000 - 0x0000000071c4d000 	C:\Program Files\Java\jdk1.8.0_25\jre\bin\management.dll
0x00000000713e0000 - 0x0000000071404000 	C:\Program Files\Java\jdk1.8.0_25\jre\bin\sunec.dll
0x00007fff48550000 - 0x00007fff485f0000 	C:\WINDOWS\SYSTEM32\DNSAPI.dll
0x00007fff418d0000 - 0x00007fff418da000 	C:\Windows\System32\rasadhlp.dll
0x00007fff41a20000 - 0x00007fff41a8a000 	C:\WINDOWS\System32\fwpuclnt.dll
0x00007fff340a0000 - 0x00007fff340b6000 	C:\WINDOWS\system32\napinsp.dll
0x00007fff340c0000 - 0x00007fff340da000 	C:\WINDOWS\system32\pnrpnsp.dll
0x00007fff45f80000 - 0x00007fff45f98000 	C:\WINDOWS\system32\NLAapi.dll
0x00007fff37d50000 - 0x00007fff37d5e000 	C:\WINDOWS\System32\winrnr.dll
0x00007fff34040000 - 0x00007fff34055000 	C:\WINDOWS\System32\wshbth.dll
0x000000006f650000 - 0x000000006f7e8000 	C:\Program Files\Java\jdk1.8.0_25\jre\bin\awt.dll
0x00007fff4bd70000 - 0x00007fff4be2f000 	C:\WINDOWS\System32\OLEAUT32.dll
0x00007fff49fd0000 - 0x00007fff4a06c000 	C:\WINDOWS\System32\msvcp_win.dll
0x00007fff473f0000 - 0x00007fff4746a000 	C:\WINDOWS\SYSTEM32\apphelp.dll
0x00007fff46fd0000 - 0x00007fff46ff6000 	C:\WINDOWS\system32\DWMAPI.DLL
0x00007fff475d0000 - 0x00007fff47665000 	C:\WINDOWS\system32\uxtheme.dll
0x00000000713b0000 - 0x00000000713da000 	C:\Program Files\Java\jdk1.8.0_25\jre\bin\dcpr.dll
0x00007fff39d40000 - 0x00007fff39ed2000 	C:\WINDOWS\SYSTEM32\dbghelp.dll

VM Arguments:
jvm_args: -XX:MaxPermSize=256m -XX:+HeapDumpOnOutOfMemoryError -Xmx1024m -Dfile.encoding=windows-1252 -Duser.country=FR -Duser.language=fr -Duser.variant 
java_command: org.gradle.launcher.daemon.bootstrap.GradleDaemon 2.14.1
java_class_path (initial): C:\Program Files\Android\Android Studio1\gradle\gradle-2.14.1\lib\gradle-launcher-2.14.1.jar
Launcher Type: SUN_STANDARD

Environment Variables:
JAVA_HOME=C:\Program Files\Java\jdk1.8.0_25
PATH=C:\Program Files\Broadcom\Broadcom 802.11 Network Adapter;C:\Program Files\Broadcom\Broadcom 802.11;C:\ProgramData\Oracle\Java\javapath;C:\Program Files (x86)\Intel\iCLS Client\;C:\Program Files\Intel\iCLS Client\;C:\Windows\system32;C:\Windows;C:\Windows\System32\Wbem;C:\Windows\System32\WindowsPowerShell\v1.0\;C:\Program Files\Hewlett-Packard\SimplePass\;C:\wamp\bin\php\php5.5.12;C:\Python34;C:\Users\Famille\AppData\Roaming\npm\;C:\Program Files\nodejs\;C:\Program Files\Git\cmd;C:\Program Files (x86)\Brackets\command;C:\Program Files (x86)\Ant\bin;C:\Program Files (x86)\Maven\bin;C:\Program Files (x86)\Intel\Intel(R) Management Engine Components\DAL;C:\Program Files\Intel\Intel(R) Management Engine Components\DAL;C:\Program Files (x86)\Intel\Intel(R) Management Engine Components\IPT;C:\Program Files\Intel\Intel(R) Management Engine Components\IPT;C:\Users\Famille\AppData\Local\Android\sdk\platform-tools;C:\WINDOWS\system32;C:\WINDOWS;C:\WINDOWS\System32\Wbem;C:\WINDOWS\System32\WindowsPowerShell\v1.0\;C:\Users\Famille\AppData\Local\atom\bin;C:\Users\Famille\AppData\Roaming\npm;%USERPROFILE%\AppData\Local\Microsoft\WindowsApps;
USERNAME=de Lachaux
OS=Windows_NT
PROCESSOR_IDENTIFIER=Intel64 Family 6 Model 69 Stepping 1, GenuineIntel



---------------  S Y S T E M  ---------------

OS: Windows 8.1 , 64 bit Build 9600 

CPU:total 4 (2 cores per cpu, 2 threads per core) family 6 model 69 stepping 1, cmov, cx8, fxsr, mmx, sse, sse2, sse3, ssse3, sse4.1, sse4.2, popcnt, avx, avx2, aes, clmul, erms, lzcnt, ht, tsc, tscinvbit, bmi1, bmi2

Memory: 4k page, physical 4122776k(606148k free), swap 5555352k(128828k free)

vm_info: Java HotSpot(TM) 64-Bit Server VM (25.25-b02) for windows-amd64 JRE (1.8.0_25-b18), built on Oct  7 2014 14:25:37 by "java_re" with MS VC++ 10.0 (VS2010)

time: Tue Nov 08 18:43:29 2016
elapsed time: 2230 seconds (0d 0h 37m 10s)

