#
# There is insufficient memory for the Java Runtime Environment to continue.
# Native memory allocation (malloc) failed to allocate 32744 bytes for ChunkPool::allocate
# Possible reasons:
#   The system is out of physical RAM or swap space
#   In 32 bit mode, the process size limit was hit
# Possible solutions:
#   Reduce memory load on the system
#   Increase physical memory or swap space
#   Check if swap backing store is full
#   Use 64 bit Java on a 64 bit OS
#   Decrease Java heap size (-Xmx/-Xms)
#   Decrease number of Java threads
#   Decrease Java thread stack sizes (-Xss)
#   Set larger code cache with -XX:ReservedCodeCacheSize=
# This output file may be truncated or incomplete.
#
#  Out of Memory Error (allocation.cpp:273), pid=30356, tid=29932
#
# JRE version: Java(TM) SE Runtime Environment (8.0_25-b18) (build 1.8.0_25-b18)
# Java VM: Java HotSpot(TM) 64-Bit Server VM (25.25-b02 mixed mode windows-amd64 compressed oops)
# Failed to write core dump. Minidumps are not enabled by default on client versions of Windows
#

---------------  T H R E A D  ---------------

Current thread (0x00000000156f4000):  JavaThread "C1 CompilerThread2" daemon [_thread_in_native, id=29932, stack(0x0000000016e10000,0x0000000016f10000)]

Stack: [0x0000000016e10000,0x0000000016f10000]
Native frames: (J=compiled Java code, j=interpreted, Vv=VM code, C=native code)
V  [jvm.dll+0x31667a]


Current CompileTask:
C1:   4121   24       3       java.io.DataInputStream::readUTF (501 bytes)


---------------  P R O C E S S  ---------------

Java Threads: ( => current thread )
  0x00000000156fc000 JavaThread "Service Thread" daemon [_thread_blocked, id=30704, stack(0x0000000016f10000,0x0000000017010000)]
=>0x00000000156f4000 JavaThread "C1 CompilerThread2" daemon [_thread_in_native, id=29932, stack(0x0000000016e10000,0x0000000016f10000)]
  0x00000000156f3800 JavaThread "C2 CompilerThread1" daemon [_thread_blocked, id=30444, stack(0x0000000016d10000,0x0000000016e10000)]
  0x000000001569d000 JavaThread "C2 CompilerThread0" daemon [_thread_blocked, id=30572, stack(0x0000000016c10000,0x0000000016d10000)]
  0x000000001569b800 JavaThread "Attach Listener" daemon [_thread_blocked, id=30568, stack(0x0000000016b10000,0x0000000016c10000)]
  0x000000001569a000 JavaThread "Signal Dispatcher" daemon [_thread_blocked, id=30564, stack(0x0000000016a10000,0x0000000016b10000)]
  0x0000000002fc0800 JavaThread "Finalizer" daemon [_thread_blocked, id=29140, stack(0x0000000016910000,0x0000000016a10000)]
  0x0000000002fbd000 JavaThread "Reference Handler" daemon [_thread_blocked, id=28020, stack(0x0000000016810000,0x0000000016910000)]
  0x0000000002ece000 JavaThread "main" [_thread_in_vm, id=30644, stack(0x0000000002da0000,0x0000000002ea0000)]

Other Threads:
  0x0000000015666800 VMThread [stack: 0x0000000016710000,0x0000000016810000] [id=29708]
  0x0000000017010800 WatcherThread [stack: 0x0000000017410000,0x0000000017510000] [id=29824]

VM state:not at safepoint (normal execution)

VM Mutex/Monitor currently owned by a thread: None

Heap:
 PSYoungGen      total 18944K, used 2627K [0x00000000eab00000, 0x00000000ec000000, 0x0000000100000000)
  eden space 16384K, 16% used [0x00000000eab00000,0x00000000ead90cc8,0x00000000ebb00000)
  from space 2560K, 0% used [0x00000000ebd80000,0x00000000ebd80000,0x00000000ec000000)
  to   space 2560K, 0% used [0x00000000ebb00000,0x00000000ebb00000,0x00000000ebd80000)
 ParOldGen       total 44032K, used 0K [0x00000000c0000000, 0x00000000c2b00000, 0x00000000eab00000)
  object space 44032K, 0% used [0x00000000c0000000,0x00000000c0000000,0x00000000c2b00000)
 Metaspace       used 3557K, capacity 4944K, committed 5120K, reserved 1056768K
  class space    used 400K, capacity 456K, committed 512K, reserved 1048576K

Card table byte_map: [0x0000000012390000,0x00000000125a0000] byte_map_base: 0x0000000011d90000

Marking Bits: (ParMarkBitMap*) 0x000000005836d490
 Begin Bits: [0x0000000012b00000, 0x0000000013b00000)
 End Bits:   [0x0000000013b00000, 0x0000000014b00000)

Polling page: 0x0000000001360000

CodeCache: size=245760Kb used=1107Kb max_used=1119Kb free=244652Kb
 bounds [0x0000000002fd0000, 0x0000000003240000, 0x0000000011fd0000]
 total_blobs=272 nmethods=26 adapters=161
 compilation: enabled

Compilation events (10 events):
Event: 3.433 Thread 0x00000000156f4000 nmethod 19 0x00000000030dea10 code [0x00000000030debc0, 0x00000000030deff8]
Event: 3.435 Thread 0x00000000156f4000   20       3       java.lang.String::equals (81 bytes)
Event: 3.436 Thread 0x00000000156f4000 nmethod 20 0x00000000030df210 code [0x00000000030df3a0, 0x00000000030df8f0]
Event: 3.445 Thread 0x00000000156f4000   21       3       java.lang.String::<init> (62 bytes)
Event: 3.446 Thread 0x00000000156f4000 nmethod 21 0x00000000030e1110 code [0x00000000030e12c0, 0x00000000030e16f8]
Event: 3.446 Thread 0x00000000156f4000   22       3       java.io.BufferedInputStream::getBufIfOpen (21 bytes)
Event: 3.446 Thread 0x00000000156f4000 nmethod 22 0x00000000030e1910 code [0x00000000030e1a80, 0x00000000030e1ca8]
Event: 3.446 Thread 0x00000000156f4000   23  s    3       java.io.BufferedInputStream::read (49 bytes)
Event: 3.447 Thread 0x00000000156f4000 nmethod 23 0x00000000030e1d90 code [0x00000000030e1f20, 0x00000000030e2458]
Event: 3.447 Thread 0x00000000156f4000   24       3       java.io.DataInputStream::readUTF (501 bytes)

GC Heap History (0 events):
No events

Deoptimization events (0 events):
No events

Internal exceptions (3 events):
Event: 0.622 Thread 0x0000000002ece000 Exception <a 'java/lang/NoSuchMethodError': Method sun.misc.Unsafe.defineClass(Ljava/lang/String;[BII)Ljava/lang/Class; name or signature does not match> (0x00000000eab0ca10) thrown at [D:\re\workspace\8-2-build-windows-amd64-cygwin\jdk8u25\1677\hotspot\sr±9Œèã?
Event: 0.622 Thread 0x0000000002ece000 Exception <a 'java/lang/NoSuchMethodError': Method sun.misc.Unsafe.prefetchRead(Ljava/lang/Object;J)V name or signature does not match> (0x00000000eab0cca0) thrown at [D:\re\workspace\8-2-build-windows-amd64-cygwin\jdk8u25\1677\hotspot\src\share\vm\prims\jó˜o§x@
Event: 3.434 Thread 0x0000000002ece000 Exception <a 'java/security/PrivilegedActionException'> (0x00000000eab5ee00) thrown at [D:\re\workspace\8-2-build-windows-amd64-cygwin\jdk8u25\1677\hotspot\src\share\vm\prims\jvm.cpp, line 1312]

Events (10 events):
Event: 3.443 loading class sun/util/calendar/ZoneInfo
Event: 3.444 loading class sun/util/calendar/ZoneInfo done
Event: 3.444 loading class sun/util/calendar/ZoneInfoFile
Event: 3.444 loading class sun/util/calendar/ZoneInfoFile done
Event: 3.444 loading class sun/util/calendar/ZoneInfoFile$1
Event: 3.444 loading class sun/util/calendar/ZoneInfoFile$1 done
Event: 3.444 loading class java/io/DataInputStream
Event: 3.444 loading class java/io/DataInput
Event: 3.444 loading class java/io/DataInput done
Event: 3.445 loading class java/io/DataInputStream done


Dynamic libraries:
0x00007ff7d2f30000 - 0x00007ff7d2f64000 	C:\Program Files\Java\jdk1.8.0_25\bin\java.exe
0x00007ff8752c0000 - 0x00007ff875481000 	C:\WINDOWS\SYSTEM32\ntdll.dll
0x00007ff875210000 - 0x00007ff8752bd000 	C:\WINDOWS\system32\KERNEL32.DLL
0x00007ff871bc0000 - 0x00007ff871da8000 	C:\WINDOWS\system32\KERNELBASE.dll
0x00007ff874260000 - 0x00007ff874307000 	C:\WINDOWS\system32\ADVAPI32.dll
0x00007ff875170000 - 0x00007ff87520d000 	C:\WINDOWS\system32\msvcrt.dll
0x00007ff873e30000 - 0x00007ff873e8b000 	C:\WINDOWS\system32\sechost.dll
0x00007ff874450000 - 0x00007ff87456c000 	C:\WINDOWS\system32\RPCRT4.dll
0x00007ff873c20000 - 0x00007ff873d76000 	C:\WINDOWS\system32\USER32.dll
0x00007ff874580000 - 0x00007ff874706000 	C:\WINDOWS\system32\GDI32.dll
0x00007ff86cd80000 - 0x00007ff86cff4000 	C:\WINDOWS\WinSxS\amd64_microsoft.windows.common-controls_6595b64144ccf1df_6.0.10586.494_none_a2d8b04ea53e3145\COMCTL32.dll
0x00007ff873f00000 - 0x00007ff87417d000 	C:\WINDOWS\system32\combase.dll
0x00007ff871b50000 - 0x00007ff871bba000 	C:\WINDOWS\system32\bcryptPrimitives.dll
0x00007ff8750b0000 - 0x00007ff8750eb000 	C:\WINDOWS\system32\IMM32.DLL
0x00000000576d0000 - 0x00000000577a2000 	C:\Program Files\Java\jdk1.8.0_25\jre\bin\msvcr100.dll
0x0000000057b90000 - 0x00000000583ea000 	C:\Program Files\Java\jdk1.8.0_25\jre\bin\server\jvm.dll
0x00007ff874250000 - 0x00007ff874258000 	C:\WINDOWS\system32\PSAPI.DLL
0x00007ff85fa40000 - 0x00007ff85fa49000 	C:\WINDOWS\SYSTEM32\WSOCK32.dll
0x00007ff874380000 - 0x00007ff8743eb000 	C:\WINDOWS\system32\WS2_32.dll
0x00007ff86fe60000 - 0x00007ff86fe83000 	C:\WINDOWS\SYSTEM32\WINMM.dll
0x00007ff86fe00000 - 0x00007ff86fe2c000 	C:\WINDOWS\SYSTEM32\WINMMBASE.dll
0x00007ff871b00000 - 0x00007ff871b43000 	C:\WINDOWS\system32\cfgmgr32.dll
0x0000000057b80000 - 0x0000000057b8f000 	C:\Program Files\Java\jdk1.8.0_25\jre\bin\verify.dll
0x0000000057b50000 - 0x0000000057b78000 	C:\Program Files\Java\jdk1.8.0_25\jre\bin\java.dll
0x0000000057b30000 - 0x0000000057b46000 	C:\Program Files\Java\jdk1.8.0_25\jre\bin\zip.dll
0x00007ff8726c0000 - 0x00007ff873c1c000 	C:\WINDOWS\system32\SHELL32.dll
0x00007ff872070000 - 0x00007ff8726b5000 	C:\WINDOWS\system32\windows.storage.dll
0x00007ff8743f0000 - 0x00007ff874442000 	C:\WINDOWS\system32\shlwapi.dll
0x00007ff871910000 - 0x00007ff87191f000 	C:\WINDOWS\system32\kernel.appcore.dll
0x00007ff871970000 - 0x00007ff871a25000 	C:\WINDOWS\system32\shcore.dll
0x00007ff871920000 - 0x00007ff87196b000 	C:\WINDOWS\system32\powrprof.dll
0x00007ff8718f0000 - 0x00007ff871904000 	C:\WINDOWS\system32\profapi.dll

VM Arguments:
jvm_args: -Djava.awt.headless=true -Xmx1024M -Dfile.encoding=windows-1252 -Duser.country=FR -Duser.language=fr -Duser.variant 
java_command: com.android.dx.command.Main --dex --num-threads=4 --output C:\Users\Famille\AndroidStudioProjects\Niviel\app\build\intermediates\pre-dexed\debug\debug_495485602527604a66c994b9aff60473e7738b0f.jar C:\Users\Famille\AndroidStudioProjects\Niviel\app\build\intermediates\classes\debug
java_class_path (initial): C:\Users\Famille\AppData\Local\Android\sdk\build-tools\23.0.2\lib\dx.jar
Launcher Type: SUN_STANDARD

Environment Variables:
JAVA_HOME=C:\Program Files\Java\jdk1.8.0_25
PATH=C:\Program Files\Broadcom\Broadcom 802.11 Network Adapter;;C:\Program Files\Broadcom\Broadcom 802.11;C:\ProgramData\Oracle\Java\javapath;C:\Program Files (x86)\Intel\iCLS Client\;C:\Program Files\Intel\iCLS Client\;C:\Windows\system32;C:\Windows;C:\Windows\System32\Wbem;C:\Windows\System32\WindowsPowerShell\v1.0\;C:\Program Files\Hewlett-Packard\SimplePass\;C:\wamp\bin\php\php5.5.12;C:\Python27;C:\Users\Famille\AppData\Roaming\npm\;C:\Program Files\nodejs\;C:\Program Files\Git\cmd;C:\Program Files (x86)\Brackets\command;C:\Program Files (x86)\Ant\bin;C:\Program Files (x86)\Maven\bin;C:\Program Files (x86)\Intel\Intel(R) Management Engine Components\DAL;C:\Program Files\Intel\Intel(R) Management Engine Components\DAL;C:\Program Files (x86)\Intel\Intel(R) Management Engine Components\IPT;C:\Program Files\Intel\Intel(R) Management Engine Components\IPT;C:\Users\Famille\AppData\Local\atom\bin;C:\Users\Famille\AppData\Roaming\npm
USERNAME=de Lachaux
OS=Windows_NT
PROCESSOR_IDENTIFIER=Intel64 Family 6 Model 69 Stepping 1, GenuineIntel



---------------  S Y S T E M  ---------------

OS: Windows 8.1 , 64 bit Build 9600 

CPU:total 4 (2 cores per cpu, 2 threads per core) family 6 model 69 stepping 1, cmov, cx8, fxsr, mmx, sse, sse2, sse3, ssse3, sse4.1, sse4.2, popcnt, avx, avx2, aes, clmul, erms, lzcnt, ht, tsc, tscinvbit, bmi1, bmi2

Memory: 4k page, physical 4122776k(275344k free), swap 5555352k(2828k free)

vm_info: Java HotSpot(TM) 64-Bit Server VM (25.25-b02) for windows-amd64 JRE (1.8.0_25-b18), built on Oct  7 2014 14:25:37 by "java_re" with MS VC++ 10.0 (VS2010)

time: Tue Jul 19 16:00:11 2016
elapsed time: 4 seconds (0d 0h 0m 4s)

