#
# There is insufficient memory for the Java Runtime Environment to continue.
# Native memory allocation (malloc) failed to allocate 33554448 bytes for Chunk::new
# Possible reasons:
#   The system is out of physical RAM or swap space
#   In 32 bit mode, the process size limit was hit
# Possible solutions:
#   Reduce memory load on the system
#   Increase physical memory or swap space
#   Check if swap backing store is full
#   Use 64 bit Java on a 64 bit OS
#   Decrease Java heap size (-Xmx/-Xms)
#   Decrease number of Java threads
#   Decrease Java thread stack sizes (-Xss)
#   Set larger code cache with -XX:ReservedCodeCacheSize=
# This output file may be truncated or incomplete.
#
#  Out of Memory Error (allocation.cpp:390), pid=37548, tid=37136
#
# JRE version: Java(TM) SE Runtime Environment (8.0_25-b18) (build 1.8.0_25-b18)
# Java VM: Java HotSpot(TM) 64-Bit Server VM (25.25-b02 mixed mode windows-amd64 compressed oops)
# Failed to write core dump. Minidumps are not enabled by default on client versions of Windows
#

---------------  T H R E A D  ---------------

Current thread (0x000000001507c000):  JavaThread "C2 CompilerThread0" daemon [_thread_in_native, id=37136, stack(0x00000000165e0000,0x00000000166e0000)]

Stack: [0x00000000165e0000,0x00000000166e0000]
Native frames: (J=compiled Java code, j=interpreted, Vv=VM code, C=native code)
V  [jvm.dll+0x31667a]
V  [jvm.dll+0x267073]
V  [jvm.dll+0x267cb3]
V  [jvm.dll+0x25f5b5]
V  [jvm.dll+0xbf165]
V  [jvm.dll+0xbf60c]
V  [jvm.dll+0x40c68]
V  [jvm.dll+0x45f0b0]
V  [jvm.dll+0x45f36a]
V  [jvm.dll+0x46024f]
V  [jvm.dll+0x4625fa]
V  [jvm.dll+0x464745]
V  [jvm.dll+0x4650cc]
V  [jvm.dll+0x465413]
V  [jvm.dll+0x4522c3]
V  [jvm.dll+0x453864]
V  [jvm.dll+0x437372]
V  [jvm.dll+0x98a02]
V  [jvm.dll+0x991f3]
V  [jvm.dll+0x22bde4]
V  [jvm.dll+0x2852fa]
C  [msvcr100.dll+0x21d9f]
C  [msvcr100.dll+0x21e3b]
C  [KERNEL32.DLL+0x18102]
C  [ntdll.dll+0x5c5b4]


Current CompileTask:
C2:  12590 1968   !   4       com.android.dx.cf.code.Ropper::processBlock (1101 bytes)


---------------  P R O C E S S  ---------------

Java Threads: ( => current thread )
  0x0000000016d8c000 JavaThread "Unknown thread" [_thread_blocked, id=34656, stack(0x0000000017ae0000,0x0000000017be0000)]
  0x0000000016d8b000 
[error occurred during error reporting (printing all threads), id 0xc0000005]

VM state:at safepoint (normal execution)

VM Mutex/Monitor currently owned by a thread:  ([mutex/lock_event])
[0x00000000027ad820] Threads_lock - owner thread: 0x0000000015046800
[0x00000000027ad7a0] Heap_lock - owner thread: 0x0000000016d8c000

Heap:
 PSYoungGen      total 144896K, used 20977K [0x00000000eab00000, 0x00000000f5200000, 0x0000000100000000)
  eden space 123904K, 0% used [0x00000000eab00000,0x00000000eab00000,0x00000000f2400000)
  from space 20992K, 99% used [0x00000000f2400000,0x00000000f387c710,0x00000000f3880000)
  to   space 15872K, 0% used [0x00000000f3880000,0x00000000f3880000,0x00000000f4800000)
 ParOldGen       total 44032K, used 38278K [0x00000000c0000000, 0x00000000c2b00000, 0x00000000eab00000)
  object space 44032K, 86% used [0x00000000c0000000,0x00000000c2561950,0x00000000c2b00000)
 Metaspace       used 6471K, capacity 7256K, committed 7424K, reserved 1056768K
  class space    used 612K, capacity 656K, committed 768K, reserved 1048576K

Card table byte_map: [0x0000000011d70000,0x0000000011f80000] byte_map_base: 0x0000000011770000

Marking Bits: (ParMarkBitMap*) 0x0000000066b8d490
 Begin Bits: [0x00000000124e0000, 0x00000000134e0000)
 End Bits:   [0x00000000134e0000, 0x00000000144e0000)

Polling page: 0x0000000000ee0000

CodeCache: size=245760Kb used=8915Kb max_used=8915Kb free=236844Kb
 bounds [0x00000000029b0000, 0x0000000003280000, 0x00000000119b0000]
 total_blobs=2324 nmethods=2059 adapters=178
 compilation: enabled

Compilation events (10 events):
Event: 10.126 Thread 0x00000000150d3800 2159       2       java.util.concurrent.locks.AbstractQueuedSynchronizer$ConditionObject::await (98 bytes)
Event: 10.127 Thread 0x00000000150d3800 nmethod 2159 0x0000000003240b50 code [0x0000000003240d60, 0x0000000003241408]
Event: 10.132 Thread 0x00000000150d3800 2161       2       java.util.concurrent.locks.AbstractQueuedSynchronizer$ConditionObject::doSignal (43 bytes)
Event: 10.133 Thread 0x00000000150d3800 nmethod 2161 0x00000000032419d0 code [0x0000000003241b40, 0x0000000003241d88]
Event: 10.161 Thread 0x00000000150d3800 2162       2       java.util.DualPivotQuicksort::sort (614 bytes)
Event: 10.163 Thread 0x00000000150d3800 nmethod 2162 0x0000000003241e90 code [0x00000000032420e0, 0x0000000003242e38]
Event: 10.218 Thread 0x00000000150d2800 nmethod 2114 0x000000000324f6d0 code [0x0000000003250e00, 0x000000000325a2f0]
Event: 10.218 Thread 0x00000000150d2800 2027 %     4       com.android.dx.ssa.SsaConverter::placePhiFunctions @ 131 (394 bytes)
Event: 10.254 Thread 0x00000000150d3800 2163   !   2       com.android.dx.cf.code.BytecodeArray::parseInstruction (2764 bytes)
Event: 10.265 Thread 0x00000000150d3800 nmethod 2163 0x0000000003264990 code [0x0000000003265840, 0x000000000326ba28]

GC Heap History (10 events):
Event: 5.610 GC heap after
Heap after GC invocations=5 (full 0):
 PSYoungGen      total 35328K, used 2546K [0x00000000eab00000, 0x00000000efe00000, 0x0000000100000000)
  eden space 32768K, 0% used [0x00000000eab00000,0x00000000eab00000,0x00000000ecb00000)
  from space 2560K, 99% used [0x00000000ecb00000,0x00000000ecd7c8c8,0x00000000ecd80000)
  to   space 9728K, 0% used [0x00000000ef480000,0x00000000ef480000,0x00000000efe00000)
 ParOldGen       total 44032K, used 12957K [0x00000000c0000000, 0x00000000c2b00000, 0x00000000eab00000)
  object space 44032K, 29% used [0x00000000c0000000,0x00000000c0ca7730,0x00000000c2b00000)
 Metaspace       used 6200K, capacity 7088K, committed 7296K, reserved 1056768K
  class space    used 592K, capacity 616K, committed 640K, reserved 1048576K
}
Event: 5.849 GC heap before
{Heap before GC invocations=6 (full 0):
 PSYoungGen      total 35328K, used 35314K [0x00000000eab00000, 0x00000000efe00000, 0x0000000100000000)
  eden space 32768K, 100% used [0x00000000eab00000,0x00000000ecb00000,0x00000000ecb00000)
  from space 2560K, 99% used [0x00000000ecb00000,0x00000000ecd7c8c8,0x00000000ecd80000)
  to   space 9728K, 0% used [0x00000000ef480000,0x00000000ef480000,0x00000000efe00000)
 ParOldGen       total 44032K, used 12957K [0x00000000c0000000, 0x00000000c2b00000, 0x00000000eab00000)
  object space 44032K, 29% used [0x00000000c0000000,0x00000000c0ca7730,0x00000000c2b00000)
 Metaspace       used 6226K, capacity 7152K, committed 7296K, reserved 1056768K
  class space    used 592K, capacity 616K, committed 640K, reserved 1048576K
Event: 5.887 GC heap after
Heap after GC invocations=6 (full 0):
 PSYoungGen      total 74240K, used 7889K [0x00000000eab00000, 0x00000000f0000000, 0x0000000100000000)
  eden space 64512K, 0% used [0x00000000eab00000,0x00000000eab00000,0x00000000eea00000)
  from space 9728K, 81% used [0x00000000ef480000,0x00000000efc34760,0x00000000efe00000)
  to   space 10752K, 0% used [0x00000000eea00000,0x00000000eea00000,0x00000000ef480000)
 ParOldGen       total 44032K, used 12957K [0x00000000c0000000, 0x00000000c2b00000, 0x00000000eab00000)
  object space 44032K, 29% used [0x00000000c0000000,0x00000000c0ca7730,0x00000000c2b00000)
 Metaspace       used 6226K, capacity 7152K, committed 7296K, reserved 1056768K
  class space    used 592K, capacity 616K, committed 640K, reserved 1048576K
}
Event: 6.595 GC heap before
{Heap before GC invocations=7 (full 0):
 PSYoungGen      total 74240K, used 72401K [0x00000000eab00000, 0x00000000f0000000, 0x0000000100000000)
  eden space 64512K, 100% used [0x00000000eab00000,0x00000000eea00000,0x00000000eea00000)
  from space 9728K, 81% used [0x00000000ef480000,0x00000000efc34760,0x00000000efe00000)
  to   space 10752K, 0% used [0x00000000eea00000,0x00000000eea00000,0x00000000ef480000)
 ParOldGen       total 44032K, used 12957K [0x00000000c0000000, 0x00000000c2b00000, 0x00000000eab00000)
  object space 44032K, 29% used [0x00000000c0000000,0x00000000c0ca7730,0x00000000c2b00000)
 Metaspace       used 6278K, capacity 7152K, committed 7296K, reserved 1056768K
  class space    used 592K, capacity 616K, committed 640K, reserved 1048576K
Event: 6.671 GC heap after
Heap after GC invocations=7 (full 0):
 PSYoungGen      total 75264K, used 10750K [0x00000000eab00000, 0x00000000f4800000, 0x0000000100000000)
  eden space 64512K, 0% used [0x00000000eab00000,0x00000000eab00000,0x00000000eea00000)
  from space 10752K, 99% used [0x00000000eea00000,0x00000000ef47fb18,0x00000000ef480000)
  to   space 15872K, 0% used [0x00000000f3880000,0x00000000f3880000,0x00000000f4800000)
 ParOldGen       total 44032K, used 18815K [0x00000000c0000000, 0x00000000c2b00000, 0x00000000eab00000)
  object space 44032K, 42% used [0x00000000c0000000,0x00000000c125fd68,0x00000000c2b00000)
 Metaspace       used 6278K, capacity 7152K, committed 7296K, reserved 1056768K
  class space    used 592K, capacity 616K, committed 640K, reserved 1048576K
}
Event: 7.978 GC heap before
{Heap before GC invocations=8 (full 0):
 PSYoungGen      total 75264K, used 75262K [0x00000000eab00000, 0x00000000f4800000, 0x0000000100000000)
  eden space 64512K, 100% used [0x00000000eab00000,0x00000000eea00000,0x00000000eea00000)
  from space 10752K, 99% used [0x00000000eea00000,0x00000000ef47fb18,0x00000000ef480000)
  to   space 15872K, 0% used [0x00000000f3880000,0x00000000f3880000,0x00000000f4800000)
 ParOldGen       total 44032K, used 18815K [0x00000000c0000000, 0x00000000c2b00000, 0x00000000eab00000)
  object space 44032K, 42% used [0x00000000c0000000,0x00000000c125fd68,0x00000000c2b00000)
 Metaspace       used 6330K, capacity 7216K, committed 7296K, reserved 1056768K
  class space    used 592K, capacity 616K, committed 640K, reserved 1048576K
Event: 8.364 GC heap after
Heap after GC invocations=8 (full 0):
 PSYoungGen      total 139776K, used 15856K [0x00000000eab00000, 0x00000000f5200000, 0x0000000100000000)
  eden space 123904K, 0% used [0x00000000eab00000,0x00000000eab00000,0x00000000f2400000)
  from space 15872K, 99% used [0x00000000f3880000,0x00000000f47fc030,0x00000000f4800000)
  to   space 20992K, 0% used [0x00000000f2400000,0x00000000f2400000,0x00000000f3880000)
 ParOldGen       total 44032K, used 24325K [0x00000000c0000000, 0x00000000c2b00000, 0x00000000eab00000)
  object space 44032K, 55% used [0x00000000c0000000,0x00000000c17c16f8,0x00000000c2b00000)
 Metaspace       used 6330K, capacity 7216K, committed 7296K, reserved 1056768K
  class space    used 592K, capacity 616K, committed 640K, reserved 1048576K
}
Event: 10.757 GC heap before
{Heap before GC invocations=9 (full 0):
 PSYoungGen      total 139776K, used 139760K [0x00000000eab00000, 0x00000000f5200000, 0x0000000100000000)
  eden space 123904K, 100% used [0x00000000eab00000,0x00000000f2400000,0x00000000f2400000)
  from space 15872K, 99% used [0x00000000f3880000,0x00000000f47fc030,0x00000000f4800000)
  to   space 20992K, 0% used [0x00000000f2400000,0x00000000f2400000,0x00000000f3880000)
 ParOldGen       total 44032K, used 24325K [0x00000000c0000000, 0x00000000c2b00000, 0x00000000eab00000)
  object space 44032K, 55% used [0x00000000c0000000,0x00000000c17c16f8,0x00000000c2b00000)
 Metaspace       used 6471K, capacity 7256K, committed 7424K, reserved 1056768K
  class space    used 612K, capacity 656K, committed 768K, reserved 1048576K
Event: 11.537 GC heap after
Heap after GC invocations=9 (full 0):
 PSYoungGen      total 144896K, used 20977K [0x00000000eab00000, 0x00000000f5200000, 0x0000000100000000)
  eden space 123904K, 0% used [0x00000000eab00000,0x00000000eab00000,0x00000000f2400000)
  from space 20992K, 99% used [0x00000000f2400000,0x00000000f387c710,0x00000000f3880000)
  to   space 15872K, 0% used [0x00000000f3880000,0x00000000f3880000,0x00000000f4800000)
 ParOldGen       total 44032K, used 38278K [0x00000000c0000000, 0x00000000c2b00000, 0x00000000eab00000)
  object space 44032K, 86% used [0x00000000c0000000,0x00000000c2561950,0x00000000c2b00000)
 Metaspace       used 6471K, capacity 7256K, committed 7424K, reserved 1056768K
  class space    used 612K, capacity 656K, committed 768K, reserved 1048576K
}
Event: 11.537 GC heap before
{Heap before GC invocations=10 (full 1):
 PSYoungGen      total 144896K, used 20977K [0x00000000eab00000, 0x00000000f5200000, 0x0000000100000000)
  eden space 123904K, 0% used [0x00000000eab00000,0x00000000eab00000,0x00000000f2400000)
  from space 20992K, 99% used [0x00000000f2400000,0x00000000f387c710,0x00000000f3880000)
  to   space 15872K, 0% used [0x00000000f3880000,0x00000000f3880000,0x00000000f4800000)
 ParOldGen       total 44032K, used 38278K [0x00000000c0000000, 0x00000000c2b00000, 0x00000000eab00000)
  object space 44032K, 86% used [0x00000000c0000000,0x00000000c2561950,0x00000000c2b00000)
 Metaspace       used 6471K, capacity 7256K, committed 7424K, reserved 1056768K
  class space    used 612K, capacity 656K, committed 768K, reserved 1048576K

Deoptimization events (10 events):
Event: 8.668 Thread 0x0000000016d8b000 Uncommon trap: reason=unreached action=reinterpret pc=0x000000000307b6ec method=java.util.HashMap.getNode(ILjava/lang/Object;)Ljava/util/HashMap$Node; @ 84
Event: 8.669 Thread 0x0000000016d8b000 Uncommon trap: reason=class_check action=maybe_recompile pc=0x0000000003165280 method=com.android.dx.cf.code.BytecodeArray.parseInstruction(ILcom/android/dx/cf/code/BytecodeArray$Visitor;)I @ 1417
Event: 8.670 Thread 0x0000000016d8b000 Uncommon trap: reason=class_check action=maybe_recompile pc=0x0000000003165280 method=com.android.dx.cf.code.BytecodeArray.parseInstruction(ILcom/android/dx/cf/code/BytecodeArray$Visitor;)I @ 1417
Event: 8.674 Thread 0x0000000016d8c000 Uncommon trap: reason=class_check action=maybe_recompile pc=0x0000000003165280 method=com.android.dx.cf.code.BytecodeArray.parseInstruction(ILcom/android/dx/cf/code/BytecodeArray$Visitor;)I @ 1417
Event: 9.398 Thread 0x0000000016d75000 Uncommon trap: reason=unreached action=reinterpret pc=0x000000000318a9fc method=java.util.HashMap.putVal(ILjava/lang/Object;Ljava/lang/Object;ZZ)Ljava/lang/Object; @ 109
Event: 9.648 Thread 0x0000000016d8c000 Uncommon trap: reason=unreached action=reinterpret pc=0x0000000002f40d4c method=com.android.dx.ssa.MoveParamCombiner$1.visitNonMoveInsn(Lcom/android/dx/ssa/NormalSsaInsn;)V @ 27
Event: 9.727 Thread 0x0000000016d75000 Uncommon trap: reason=unreached action=reinterpret pc=0x0000000003041ce8 method=com.android.dx.ssa.back.SsaToRop.convertBasicBlock(Lcom/android/dx/ssa/SsaBasicBlock;)Lcom/android/dx/rop/code/BasicBlock; @ 21
Event: 10.249 Thread 0x0000000016d75000 Uncommon trap: reason=class_check action=maybe_recompile pc=0x0000000003252fe4 method=com.android.dx.cf.code.BytecodeArray.parseInstruction(ILcom/android/dx/cf/code/BytecodeArray$Visitor;)I @ 1807
Event: 10.251 Thread 0x0000000016d75000 Uncommon trap: reason=bimorphic action=maybe_recompile pc=0x00000000032523ec method=com.android.dx.cf.code.BytecodeArray.parseInstruction(ILcom/android/dx/cf/code/BytecodeArray$Visitor;)I @ 971
Event: 10.251 Thread 0x0000000016d75000 Uncommon trap: reason=bimorphic action=maybe_recompile pc=0x00000000032523ec method=com.android.dx.cf.code.BytecodeArray.parseInstruction(ILcom/android/dx/cf/code/BytecodeArray$Visitor;)I @ 971

Internal exceptions (10 events):
Event: 3.318 Thread 0x00000000027ae000 Exception <a 'java/security/PrivilegedActionException'> (0x00000000eb55d198) thrown at [D:\re\workspace\8-2-build-windows-amd64-cygwin\jdk8u25\1677\hotspot\src\share\vm\prims\jvm.cpp, line 1312]
Event: 3.705 Thread 0x0000000016d8c000 Exception <a 'java/security/PrivilegedActionException'> (0x00000000eb7ed228) thrown at [D:\re\workspace\8-2-build-windows-amd64-cygwin\jdk8u25\1677\hotspot\src\share\vm\prims\jvm.cpp, line 1312]
Event: 4.247 Thread 0x0000000016d8b000 Exception <a 'java/security/PrivilegedActionException'> (0x00000000eb27a0b0) thrown at [D:\re\workspace\8-2-build-windows-amd64-cygwin\jdk8u25\1677\hotspot\src\share\vm\prims\jvm.cpp, line 1312]
Event: 5.504 Thread 0x0000000016d75000 Exception <a 'java/security/PrivilegedActionException'> (0x00000000ec380690) thrown at [D:\re\workspace\8-2-build-windows-amd64-cygwin\jdk8u25\1677\hotspot\src\share\vm\prims\jvm.cpp, line 1312]
Event: 5.900 Thread 0x0000000016d75000 Implicit null exception at 0x000000000309c49d to 0x000000000309f3d9
Event: 7.714 Thread 0x0000000016d8b000 Exception <a 'java/security/PrivilegedActionException'> (0x00000000ed7e5878) thrown at [D:\re\workspace\8-2-build-windows-amd64-cygwin\jdk8u25\1677\hotspot\src\share\vm\prims\jvm.cpp, line 1312]
Event: 7.724 Thread 0x0000000016d8b000 Implicit null exception at 0x0000000002ef8938 to 0x0000000002ef8c25
Event: 8.662 Thread 0x0000000016d8b000 Exception <a 'java/lang/ArrayIndexOutOfBoundsException': 18> (0x00000000ebee86f8) thrown at [D:\re\workspace\8-2-build-windows-amd64-cygwin\jdk8u25\1677\hotspot\src\share\vm\interpreter\interpreterRuntime.cpp, line 366]
Event: 8.662 Thread 0x0000000016d8b000 Exception <a 'java/lang/ArrayIndexOutOfBoundsException': 145> (0x00000000ebeea190) thrown at [D:\re\workspace\8-2-build-windows-amd64-cygwin\jdk8u25\1677\hotspot\src\share\vm\interpreter\interpreterRuntime.cpp, line 366]
Event: 8.663 Thread 0x0000000016d8b000 Exception <a 'java/lang/ArrayIndexOutOfBoundsException': 40> (0x00000000ebeeb3a8) thrown at [D:\re\workspace\8-2-build-windows-amd64-cygwin\jdk8u25\1677\hotspot\src\share\vm\interpreter\interpreterRuntime.cpp, line 366]

Events (10 events):
Event: 10.249 Thread 0x0000000016d75000 Uncommon trap: trap_request=0xffffffde fr.pc=0x0000000003252fe4
Event: 10.249 Thread 0x0000000016d75000 DEOPT PACKING pc=0x0000000003252fe4 sp=0x00000000177de8d0
Event: 10.249 Thread 0x0000000016d75000 DEOPT UNPACKING pc=0x00000000029f556a sp=0x00000000177de878 mode 2
Event: 10.251 Thread 0x0000000016d75000 Uncommon trap: trap_request=0xffffffc6 fr.pc=0x00000000032523ec
Event: 10.251 Thread 0x0000000016d75000 DEOPT PACKING pc=0x00000000032523ec sp=0x00000000177de740
Event: 10.251 Thread 0x0000000016d75000 DEOPT UNPACKING pc=0x00000000029f556a sp=0x00000000177de708 mode 2
Event: 10.251 Thread 0x0000000016d75000 Uncommon trap: trap_request=0xffffffc6 fr.pc=0x00000000032523ec
Event: 10.251 Thread 0x0000000016d75000 DEOPT PACKING pc=0x00000000032523ec sp=0x00000000177de590
Event: 10.251 Thread 0x0000000016d75000 DEOPT UNPACKING pc=0x00000000029f556a sp=0x00000000177de558 mode 2
Event: 10.488 Executing VM operation: ParallelGCFailedAllocation


Dynamic libraries:
0x00007ff6345b0000 - 0x00007ff6345e4000 	C:\Program Files\Java\jdk1.8.0_25\bin\java.exe
0x00007ffc8bdb0000 - 0x00007ffc8bf71000 	C:\WINDOWS\SYSTEM32\ntdll.dll
0x00007ffc8b8a0000 - 0x00007ffc8b94d000 	C:\WINDOWS\system32\KERNEL32.DLL
0x00007ffc885d0000 - 0x00007ffc887b8000 	C:\WINDOWS\system32\KERNELBASE.dll
0x00007ffc8baf0000 - 0x00007ffc8bb97000 	C:\WINDOWS\system32\ADVAPI32.dll
0x00007ffc89f90000 - 0x00007ffc8a02d000 	C:\WINDOWS\system32\msvcrt.dll
0x00007ffc8b950000 - 0x00007ffc8b9ab000 	C:\WINDOWS\system32\sechost.dll
0x00007ffc89740000 - 0x00007ffc8985c000 	C:\WINDOWS\system32\RPCRT4.dll
0x00007ffc891b0000 - 0x00007ffc89306000 	C:\WINDOWS\system32\USER32.dll
0x00007ffc89860000 - 0x00007ffc899e6000 	C:\WINDOWS\system32\GDI32.dll
0x00007ffc7cf00000 - 0x00007ffc7d174000 	C:\WINDOWS\WinSxS\amd64_microsoft.windows.common-controls_6595b64144ccf1df_6.0.10586.0_none_8c15ae12515e1c22\COMCTL32.dll
0x00007ffc89cd0000 - 0x00007ffc89f4d000 	C:\WINDOWS\system32\combase.dll
0x00007ffc889e0000 - 0x00007ffc88a4a000 	C:\WINDOWS\system32\bcryptPrimitives.dll
0x00007ffc89f50000 - 0x00007ffc89f8b000 	C:\WINDOWS\system32\IMM32.DLL
0x0000000065ef0000 - 0x0000000065fc2000 	C:\Program Files\Java\jdk1.8.0_25\jre\bin\msvcr100.dll
0x00000000663b0000 - 0x0000000066c0a000 	C:\Program Files\Java\jdk1.8.0_25\jre\bin\server\jvm.dll
0x00007ffc8a2c0000 - 0x00007ffc8a2c8000 	C:\WINDOWS\system32\PSAPI.DLL
0x00007ffc75280000 - 0x00007ffc75289000 	C:\WINDOWS\SYSTEM32\WSOCK32.dll
0x00007ffc89b00000 - 0x00007ffc89b6b000 	C:\WINDOWS\system32\WS2_32.dll
0x00007ffc86a30000 - 0x00007ffc86a53000 	C:\WINDOWS\SYSTEM32\WINMM.dll
0x00007ffc869d0000 - 0x00007ffc869fc000 	C:\WINDOWS\SYSTEM32\WINMMBASE.dll
0x00007ffc88990000 - 0x00007ffc889d3000 	C:\WINDOWS\system32\cfgmgr32.dll
0x00000000663a0000 - 0x00000000663af000 	C:\Program Files\Java\jdk1.8.0_25\jre\bin\verify.dll
0x0000000066370000 - 0x0000000066398000 	C:\Program Files\Java\jdk1.8.0_25\jre\bin\java.dll
0x0000000066350000 - 0x0000000066366000 	C:\Program Files\Java\jdk1.8.0_25\jre\bin\zip.dll
0x00007ffc8a340000 - 0x00007ffc8b89c000 	C:\WINDOWS\system32\SHELL32.dll
0x00007ffc88ab0000 - 0x00007ffc890f4000 	C:\WINDOWS\system32\windows.storage.dll
0x00007ffc8bd50000 - 0x00007ffc8bda2000 	C:\WINDOWS\system32\shlwapi.dll
0x00007ffc883e0000 - 0x00007ffc883ef000 	C:\WINDOWS\system32\kernel.appcore.dll
0x00007ffc88510000 - 0x00007ffc885c5000 	C:\WINDOWS\system32\shcore.dll
0x00007ffc88410000 - 0x00007ffc8845b000 	C:\WINDOWS\system32\powrprof.dll
0x00007ffc883f0000 - 0x00007ffc88404000 	C:\WINDOWS\system32\profapi.dll
0x00007ffc7a280000 - 0x00007ffc7a40c000 	C:\WINDOWS\SYSTEM32\dbghelp.dll

VM Arguments:
jvm_args: -Djava.awt.headless=true -Xmx1024M -Dfile.encoding=windows-1252 -Duser.country=FR -Duser.language=fr -Duser.variant 
java_command: com.android.dx.command.Main --dex --force-jumbo --num-threads=4 --multi-dex --output C:\Users\Famille\AndroidStudioProjects\Niviel\app\build\intermediates\transforms\dex\debug\folders\1000\10\com.android.support-support-v4-24.0.0_56c594c056d7d0e1bbdfe7ac0bccb7015f28172f C:\Users\Famille\AndroidStudioProjects\Niviel\app\build\intermediates\exploded-aar\com.android.support\support-v4\24.0.0\jars\classes.jar
java_class_path (initial): C:\Users\Famille\AppData\Local\Android\sdk\build-tools\23.0.2\lib\dx.jar
Launcher Type: SUN_STANDARD

Environment Variables:
JAVA_HOME=C:\Program Files\Java\jdk1.8.0_25
PATH=C:\Program Files\Broadcom\Broadcom 802.11 Network Adapter;;C:\Program Files\Broadcom\Broadcom 802.11;C:\ProgramData\Oracle\Java\javapath;C:\Program Files (x86)\Intel\iCLS Client\;C:\Program Files\Intel\iCLS Client\;C:\Windows\system32;C:\Windows;C:\Windows\System32\Wbem;C:\Windows\System32\WindowsPowerShell\v1.0\;C:\Program Files\Hewlett-Packard\SimplePass\;C:\wamp\bin\php\php5.5.12;C:\Python27;C:\Users\Famille\AppData\Roaming\npm\;C:\Program Files\nodejs\;C:\Program Files\Git\cmd;C:\Program Files (x86)\Brackets\command;C:\Program Files (x86)\Ant\bin;C:\Program Files (x86)\Maven\bin;C:\Program Files (x86)\Intel\Intel(R) Management Engine Components\DAL;C:\Program Files\Intel\Intel(R) Management Engine Components\DAL;C:\Program Files (x86)\Intel\Intel(R) Management Engine Components\IPT;C:\Program Files\Intel\Intel(R) Management Engine Components\IPT;C:\Users\Famille\AppData\Local\atom\bin;C:\Users\Famille\AppData\Roaming\npm
USERNAME=de Lachaux
OS=Windows_NT
PROCESSOR_IDENTIFIER=Intel64 Family 6 Model 69 Stepping 1, GenuineIntel



---------------  S Y S T E M  ---------------

OS: Windows 8.1 , 64 bit Build 9600 

CPU:total 4 (2 cores per cpu, 2 threads per core) family 6 model 69 stepping 1, cmov, cx8, fxsr, mmx, sse, sse2, sse3, ssse3, sse4.1, sse4.2, popcnt, avx, avx2, aes, clmul, erms, lzcnt, ht, tsc, tscinvbit, bmi1, bmi2

Memory: 4k page, physical 4122776k(297804k free), swap 5555352k(16752k free)

vm_info: Java HotSpot(TM) 64-Bit Server VM (25.25-b02) for windows-amd64 JRE (1.8.0_25-b18), built on Oct  7 2014 14:25:37 by "java_re" with MS VC++ 10.0 (VS2010)

time: Tue Jul 05 12:09:27 2016
elapsed time: 12 seconds (0d 0h 0m 12s)

