#
# There is insufficient memory for the Java Runtime Environment to continue.
# Native memory allocation (malloc) failed to allocate 32744 bytes for ChunkPool::allocate
# Possible reasons:
#   The system is out of physical RAM or swap space
#   In 32 bit mode, the process size limit was hit
# Possible solutions:
#   Reduce memory load on the system
#   Increase physical memory or swap space
#   Check if swap backing store is full
#   Use 64 bit Java on a 64 bit OS
#   Decrease Java heap size (-Xmx/-Xms)
#   Decrease number of Java threads
#   Decrease Java thread stack sizes (-Xss)
#   Set larger code cache with -XX:ReservedCodeCacheSize=
# This output file may be truncated or incomplete.
#
#  Out of Memory Error (allocation.cpp:273), pid=34508, tid=35132
#
# JRE version: Java(TM) SE Runtime Environment (8.0_25-b18) (build 1.8.0_25-b18)
# Java VM: Java HotSpot(TM) 64-Bit Server VM (25.25-b02 mixed mode windows-amd64 compressed oops)
# Failed to write core dump. Minidumps are not enabled by default on client versions of Windows
#

---------------  T H R E A D  ---------------

Current thread (0x0000000014f3c000):  JavaThread "C2 CompilerThread0" daemon [_thread_in_native, id=35132, stack(0x00000000164a0000,0x00000000165a0000)]

Stack: [0x00000000164a0000,0x00000000165a0000]
Native frames: (J=compiled Java code, j=interpreted, Vv=VM code, C=native code)
V  [jvm.dll+0x31667a]
V  [jvm.dll+0x267073]
V  [jvm.dll+0x267cb3]
V  [jvm.dll+0x25f5b5]
V  [jvm.dll+0xbeec1]
V  [jvm.dll+0xbf60c]
V  [jvm.dll+0x4ec6cb]
V  [jvm.dll+0x446331]
V  [jvm.dll+0x45130e]
V  [jvm.dll+0x4538f8]
V  [jvm.dll+0x437372]
V  [jvm.dll+0x98a02]
V  [jvm.dll+0x991f3]
V  [jvm.dll+0x22bde4]
V  [jvm.dll+0x2852fa]
C  [msvcr100.dll+0x21d9f]
C  [msvcr100.dll+0x21e3b]
C  [KERNEL32.DLL+0x18102]
C  [ntdll.dll+0x5c5b4]


Current CompileTask:
C2:   2538 1241   !   4       com.android.dx.cf.cst.ConstantPoolParser::parse0 (731 bytes)


---------------  P R O C E S S  ---------------

Java Threads: ( => current thread )
  0x0000000016a39800 JavaThread "pool-2-thread-4" [_thread_in_Java, id=34932, stack(0x00000000171a0000,0x00000000172a0000)]
  0x0000000016a38800 JavaThread "pool-2-thread-3" [_thread_in_Java, id=35656, stack(0x00000000170a0000,0x00000000171a0000)]
  0x00000000169ea000 JavaThread "pool-2-thread-2" [_thread_in_Java, id=32772, stack(0x0000000016fa0000,0x00000000170a0000)]
  0x00000000169f7800 JavaThread "pool-3-thread-1" [_thread_blocked, id=35644, stack(0x0000000016ea0000,0x0000000016fa0000)]
  0x00000000169ea800 JavaThread "pool-2-thread-1" [_thread_in_Java, id=35648, stack(0x0000000016da0000,0x0000000016ea0000)]
  0x0000000014f9e800 JavaThread "Service Thread" daemon [_thread_blocked, id=35212, stack(0x0000000016ba0000,0x0000000016ca0000)]
  0x0000000014f93800 JavaThread "C1 CompilerThread2" daemon [_thread_blocked, id=35096, stack(0x00000000166a0000,0x00000000167a0000)]
  0x0000000014f41000 JavaThread "C2 CompilerThread1" daemon [_thread_in_native, id=35068, stack(0x00000000165a0000,0x00000000166a0000)]
=>0x0000000014f3c000 JavaThread "C2 CompilerThread0" daemon [_thread_in_native, id=35132, stack(0x00000000164a0000,0x00000000165a0000)]
  0x0000000014f3a800 JavaThread "Attach Listener" daemon [_thread_blocked, id=35576, stack(0x00000000163a0000,0x00000000164a0000)]
  0x0000000014f39800 JavaThread "Signal Dispatcher" daemon [_thread_blocked, id=34892, stack(0x00000000162a0000,0x00000000163a0000)]
  0x0000000002860800 JavaThread "Finalizer" daemon [_thread_blocked, id=35092, stack(0x00000000161a0000,0x00000000162a0000)]
  0x000000000285d000 JavaThread "Reference Handler" daemon [_thread_blocked, id=35028, stack(0x00000000160a0000,0x00000000161a0000)]
  0x0000000000dee000 JavaThread "main" [_thread_in_vm, id=31716, stack(0x00000000025d0000,0x00000000026d0000)]

Other Threads:
  0x0000000014f06800 VMThread [stack: 0x0000000015fa0000,0x00000000160a0000] [id=35240]
  0x00000000167b6800 WatcherThread [stack: 0x0000000016ca0000,0x0000000016da0000] [id=35224]

VM state:not at safepoint (normal execution)

VM Mutex/Monitor currently owned by a thread: None

Heap:
 PSYoungGen      total 68096K, used 45229K [0x00000000eab00000, 0x00000000ef000000, 0x0000000100000000)
  eden space 65536K, 65% used [0x00000000eab00000,0x00000000ed4b26e0,0x00000000eeb00000)
  from space 2560K, 98% used [0x00000000eed80000,0x00000000eeff8d70,0x00000000ef000000)
  to   space 2560K, 0% used [0x00000000eeb00000,0x00000000eeb00000,0x00000000eed80000)
 ParOldGen       total 44032K, used 14113K [0x00000000c0000000, 0x00000000c2b00000, 0x00000000eab00000)
  object space 44032K, 32% used [0x00000000c0000000,0x00000000c0dc87d0,0x00000000c2b00000)
 Metaspace       used 6295K, capacity 7192K, committed 7424K, reserved 1056768K
  class space    used 612K, capacity 656K, committed 768K, reserved 1048576K

Card table byte_map: [0x0000000011c30000,0x0000000011e40000] byte_map_base: 0x0000000011630000

Marking Bits: (ParMarkBitMap*) 0x000000005c36d490
 Begin Bits: [0x00000000123a0000, 0x00000000133a0000)
 End Bits:   [0x00000000133a0000, 0x00000000143a0000)

Polling page: 0x0000000000df0000

CodeCache: size=245760Kb used=6344Kb max_used=6344Kb free=239416Kb
 bounds [0x0000000002870000, 0x0000000002eb0000, 0x0000000011870000]
 total_blobs=1916 nmethods=1652 adapters=178
 compilation: enabled

Compilation events (10 events):
Event: 2.249 Thread 0x0000000014f93800 1611       2       com.android.dx.ssa.PhiInsn::changeResultType (17 bytes)
Event: 2.250 Thread 0x0000000014f93800 nmethod 1611 0x0000000002e63390 code [0x0000000002e63500, 0x0000000002e63738]
Event: 2.251 Thread 0x0000000014f93800 1612       1       com.android.dx.ssa.PhiInsn::getOpcode (2 bytes)
Event: 2.251 Thread 0x0000000014f93800 nmethod 1612 0x0000000002e63890 code [0x0000000002e639e0, 0x0000000002e63af0]
Event: 2.253 Thread 0x0000000014f93800 1613       2       com.android.dx.ssa.PhiTypeResolver::resolveResultType (308 bytes)
Event: 2.256 Thread 0x0000000014f93800 nmethod 1613 0x0000000002e63b50 code [0x0000000002e63e20, 0x0000000002e64c18]
Event: 2.256 Thread 0x0000000014f93800 1614       2       java.util.Collections$UnmodifiableCollection::size (10 bytes)
Event: 2.257 Thread 0x0000000014f93800 nmethod 1614 0x0000000002e65b90 code [0x0000000002e65d00, 0x0000000002e65e88]
Event: 2.280 Thread 0x0000000014f93800 1615       2       com.android.dx.cf.code.SwitchList::add (35 bytes)
Event: 2.280 Thread 0x0000000014f93800 nmethod 1615 0x0000000002e65f10 code [0x0000000002e660a0, 0x0000000002e66398]

GC Heap History (7 events):
Event: 0.904 GC heap before
{Heap before GC invocations=1 (full 0):
 PSYoungGen      total 18944K, used 16384K [0x00000000eab00000, 0x00000000ec000000, 0x0000000100000000)
  eden space 16384K, 100% used [0x00000000eab00000,0x00000000ebb00000,0x00000000ebb00000)
  from space 2560K, 0% used [0x00000000ebd80000,0x00000000ebd80000,0x00000000ec000000)
  to   space 2560K, 0% used [0x00000000ebb00000,0x00000000ebb00000,0x00000000ebd80000)
 ParOldGen       total 44032K, used 0K [0x00000000c0000000, 0x00000000c2b00000, 0x00000000eab00000)
  object space 44032K, 0% used [0x00000000c0000000,0x00000000c0000000,0x00000000c2b00000)
 Metaspace       used 5689K, capacity 6704K, committed 6784K, reserved 1056768K
  class space    used 590K, capacity 616K, committed 640K, reserved 1048576K
Event: 0.936 GC heap after
Heap after GC invocations=1 (full 0):
 PSYoungGen      total 18944K, used 2552K [0x00000000eab00000, 0x00000000ed000000, 0x0000000100000000)
  eden space 16384K, 0% used [0x00000000eab00000,0x00000000eab00000,0x00000000ebb00000)
  from space 2560K, 99% used [0x00000000ebb00000,0x00000000ebd7e100,0x00000000ebd80000)
  to   space 2560K, 0% used [0x00000000ecd80000,0x00000000ecd80000,0x00000000ed000000)
 ParOldGen       total 44032K, used 1301K [0x00000000c0000000, 0x00000000c2b00000, 0x00000000eab00000)
  object space 44032K, 2% used [0x00000000c0000000,0x00000000c0145650,0x00000000c2b00000)
 Metaspace       used 5689K, capacity 6704K, committed 6784K, reserved 1056768K
  class space    used 590K, capacity 616K, committed 640K, reserved 1048576K
}
Event: 1.377 GC heap before
{Heap before GC invocations=2 (full 0):
 PSYoungGen      total 18944K, used 18936K [0x00000000eab00000, 0x00000000ed000000, 0x0000000100000000)
  eden space 16384K, 100% used [0x00000000eab00000,0x00000000ebb00000,0x00000000ebb00000)
  from space 2560K, 99% used [0x00000000ebb00000,0x00000000ebd7e100,0x00000000ebd80000)
  to   space 2560K, 0% used [0x00000000ecd80000,0x00000000ecd80000,0x00000000ed000000)
 ParOldGen       total 44032K, used 1301K [0x00000000c0000000, 0x00000000c2b00000, 0x00000000eab00000)
  object space 44032K, 2% used [0x00000000c0000000,0x00000000c0145650,0x00000000c2b00000)
 Metaspace       used 5948K, capacity 6896K, committed 7040K, reserved 1056768K
  class space    used 592K, capacity 616K, committed 640K, reserved 1048576K
Event: 1.393 GC heap after
Heap after GC invocations=2 (full 0):
 PSYoungGen      total 35328K, used 2547K [0x00000000eab00000, 0x00000000ed000000, 0x0000000100000000)
  eden space 32768K, 0% used [0x00000000eab00000,0x00000000eab00000,0x00000000ecb00000)
  from space 2560K, 99% used [0x00000000ecd80000,0x00000000ecffce20,0x00000000ed000000)
  to   space 2560K, 0% used [0x00000000ecb00000,0x00000000ecb00000,0x00000000ecd80000)
 ParOldGen       total 44032K, used 4115K [0x00000000c0000000, 0x00000000c2b00000, 0x00000000eab00000)
  object space 44032K, 9% used [0x00000000c0000000,0x00000000c0404d80,0x00000000c2b00000)
 Metaspace       used 5948K, capacity 6896K, committed 7040K, reserved 1056768K
  class space    used 592K, capacity 616K, committed 640K, reserved 1048576K
}
Event: 1.998 GC heap before
{Heap before GC invocations=3 (full 0):
 PSYoungGen      total 35328K, used 35315K [0x00000000eab00000, 0x00000000ed000000, 0x0000000100000000)
  eden space 32768K, 100% used [0x00000000eab00000,0x00000000ecb00000,0x00000000ecb00000)
  from space 2560K, 99% used [0x00000000ecd80000,0x00000000ecffce20,0x00000000ed000000)
  to   space 2560K, 0% used [0x00000000ecb00000,0x00000000ecb00000,0x00000000ecd80000)
 ParOldGen       total 44032K, used 4115K [0x00000000c0000000, 0x00000000c2b00000, 0x00000000eab00000)
  object space 44032K, 9% used [0x00000000c0000000,0x00000000c0404d80,0x00000000c2b00000)
 Metaspace       used 6197K, capacity 7064K, committed 7424K, reserved 1056768K
  class space    used 612K, capacity 656K, committed 768K, reserved 1048576K
Event: 2.031 GC heap after
Heap after GC invocations=3 (full 0):
 PSYoungGen      total 35328K, used 2533K [0x00000000eab00000, 0x00000000ef000000, 0x0000000100000000)
  eden space 32768K, 0% used [0x00000000eab00000,0x00000000eab00000,0x00000000ecb00000)
  from space 2560K, 98% used [0x00000000ecb00000,0x00000000ecd796e8,0x00000000ecd80000)
  to   space 2560K, 0% used [0x00000000eed80000,0x00000000eed80000,0x00000000ef000000)
 ParOldGen       total 44032K, used 9191K [0x00000000c0000000, 0x00000000c2b00000, 0x00000000eab00000)
  object space 44032K, 20% used [0x00000000c0000000,0x00000000c08f9ca0,0x00000000c2b00000)
 Metaspace       used 6197K, capacity 7064K, committed 7424K, reserved 1056768K
  class space    used 612K, capacity 656K, committed 768K, reserved 1048576K
}
Event: 2.295 GC heap before
{Heap before GC invocations=4 (full 0):
 PSYoungGen      total 35328K, used 35301K [0x00000000eab00000, 0x00000000ef000000, 0x0000000100000000)
  eden space 32768K, 100% used [0x00000000eab00000,0x00000000ecb00000,0x00000000ecb00000)
  from space 2560K, 98% used [0x00000000ecb00000,0x00000000ecd796e8,0x00000000ecd80000)
  to   space 2560K, 0% used [0x00000000eed80000,0x00000000eed80000,0x00000000ef000000)
 ParOldGen       total 44032K, used 9191K [0x00000000c0000000, 0x00000000c2b00000, 0x00000000eab00000)
  object space 44032K, 20% used [0x00000000c0000000,0x00000000c08f9ca0,0x00000000c2b00000)
 Metaspace       used 6243K, capacity 7128K, committed 7424K, reserved 1056768K
  class space    used 612K, capacity 656K, committed 768K, reserved 1048576K

Deoptimization events (10 events):
Event: 1.416 Thread 0x0000000016a38800 Uncommon trap: reason=bimorphic action=maybe_recompile pc=0x0000000002aa82a8 method=java.util.HashMap.getNode(ILjava/lang/Object;)Ljava/util/HashMap$Node; @ 126
Event: 1.416 Thread 0x0000000016a38800 Uncommon trap: reason=bimorphic action=maybe_recompile pc=0x0000000002c3787c method=java.util.HashMap.putVal(ILjava/lang/Object;Ljava/lang/Object;ZZ)Ljava/lang/Object; @ 203
Event: 1.433 Thread 0x0000000016a38800 Uncommon trap: reason=unreached action=reinterpret pc=0x0000000002b6806c method=java.util.HashMap.putVal(ILjava/lang/Object;Ljava/lang/Object;ZZ)Ljava/lang/Object; @ 109
Event: 1.600 Thread 0x0000000000dee000 Uncommon trap: reason=unreached action=reinterpret pc=0x0000000002b41e08 method=com.android.dx.rop.code.LocalItem.hashCode()I @ 25
Event: 1.663 Thread 0x0000000000dee000 Uncommon trap: reason=unreached action=reinterpret pc=0x0000000002dd52a0 method=com.android.dx.rop.code.LocalItem.hashCode()I @ 25
Event: 1.682 Thread 0x00000000169ea000 Uncommon trap: reason=class_check action=maybe_recompile pc=0x0000000002da7b50 method=com.android.dx.cf.code.BytecodeArray.parseInstruction(ILcom/android/dx/cf/code/BytecodeArray$Visitor;)I @ 971
Event: 1.682 Thread 0x00000000169ea000 Uncommon trap: reason=class_check action=maybe_recompile pc=0x0000000002da7b50 method=com.android.dx.cf.code.BytecodeArray.parseInstruction(ILcom/android/dx/cf/code/BytecodeArray$Visitor;)I @ 971
Event: 1.831 Thread 0x00000000169ea800 Uncommon trap: reason=unreached action=reinterpret pc=0x0000000002c37824 method=java.util.HashMap.putVal(ILjava/lang/Object;Ljava/lang/Object;ZZ)Ljava/lang/Object; @ 109
Event: 1.852 Thread 0x0000000016a38800 Uncommon trap: reason=class_check action=maybe_recompile pc=0x0000000002da7ba0 method=com.android.dx.cf.code.BytecodeArray.parseInstruction(ILcom/android/dx/cf/code/BytecodeArray$Visitor;)I @ 987
Event: 1.852 Thread 0x0000000016a38800 Uncommon trap: reason=class_check action=maybe_recompile pc=0x0000000002da7ba0 method=com.android.dx.cf.code.BytecodeArray.parseInstruction(ILcom/android/dx/cf/code/BytecodeArray$Visitor;)I @ 987

Internal exceptions (10 events):
Event: 0.592 Thread 0x00000000169ea800 Exception <a 'java/security/PrivilegedActionException'> (0x00000000eb6a1ed0) thrown at [D:\re\workspace\8-2-build-windows-amd64-cygwin\jdk8u25\1677\hotspot\src\share\vm\prims\jvm.cpp, line 1312]
Event: 0.603 Thread 0x0000000000dee000 Exception <a 'java/security/PrivilegedActionException'> (0x00000000eb6ff7c8) thrown at [D:\re\workspace\8-2-build-windows-amd64-cygwin\jdk8u25\1677\hotspot\src\share\vm\prims\jvm.cpp, line 1312]
Event: 0.620 Thread 0x0000000016a38800 Exception <a 'java/security/PrivilegedActionException'> (0x00000000eb4ca240) thrown at [D:\re\workspace\8-2-build-windows-amd64-cygwin\jdk8u25\1677\hotspot\src\share\vm\prims\jvm.cpp, line 1312]
Event: 0.701 Thread 0x0000000016a39800 Exception <a 'java/security/PrivilegedActionException'> (0x00000000eb94b810) thrown at [D:\re\workspace\8-2-build-windows-amd64-cygwin\jdk8u25\1677\hotspot\src\share\vm\prims\jvm.cpp, line 1312]
Event: 0.831 Thread 0x0000000000dee000 Exception <a 'java/security/PrivilegedActionException'> (0x00000000ebab44b0) thrown at [D:\re\workspace\8-2-build-windows-amd64-cygwin\jdk8u25\1677\hotspot\src\share\vm\prims\jvm.cpp, line 1312]
Event: 1.081 Thread 0x0000000000dee000 Exception <a 'java/security/PrivilegedActionException'> (0x00000000eb163e38) thrown at [D:\re\workspace\8-2-build-windows-amd64-cygwin\jdk8u25\1677\hotspot\src\share\vm\prims\jvm.cpp, line 1312]
Event: 1.089 Thread 0x00000000169ea800 Exception <a 'java/security/PrivilegedActionException'> (0x00000000eb1906d0) thrown at [D:\re\workspace\8-2-build-windows-amd64-cygwin\jdk8u25\1677\hotspot\src\share\vm\prims\jvm.cpp, line 1312]
Event: 1.431 Thread 0x0000000016a38800 Exception <a 'java/lang/ArrayIndexOutOfBoundsException': 18> (0x00000000eaee03f0) thrown at [D:\re\workspace\8-2-build-windows-amd64-cygwin\jdk8u25\1677\hotspot\src\share\vm\interpreter\interpreterRuntime.cpp, line 366]
Event: 1.431 Thread 0x0000000016a38800 Exception <a 'java/lang/ArrayIndexOutOfBoundsException'> (0x00000000eaee1e88) thrown at [D:\re\workspace\8-2-build-windows-amd64-cygwin\jdk8u25\1677\hotspot\src\share\vm\runtime\sharedRuntime.cpp, line 604]
Event: 1.432 Thread 0x0000000016a38800 Exception <a 'java/lang/ArrayIndexOutOfBoundsException'> (0x00000000eaee30a0) thrown at [D:\re\workspace\8-2-build-windows-amd64-cygwin\jdk8u25\1677\hotspot\src\share\vm\runtime\sharedRuntime.cpp, line 604]

Events (10 events):
Event: 2.085 Thread 0x0000000016a38800 DEOPT UNPACKING pc=0x00000000028b75bf sp=0x000000001719e858 mode 0
Event: 2.164 Thread 0x0000000016a38800 DEOPT PACKING pc=0x0000000002b32525 sp=0x000000001719eb70
Event: 2.164 Thread 0x0000000016a38800 DEOPT UNPACKING pc=0x00000000028b75bf sp=0x000000001719e908 mode 0
Event: 2.198 Thread 0x00000000169ea800 DEOPT PACKING pc=0x0000000002b32525 sp=0x0000000016e9ebf0
Event: 2.198 Thread 0x00000000169ea800 DEOPT UNPACKING pc=0x00000000028b75bf sp=0x0000000016e9e988 mode 0
Event: 2.242 Thread 0x0000000000dee000 DEOPT PACKING pc=0x0000000002b32525 sp=0x00000000026ce3b0
Event: 2.242 Thread 0x0000000000dee000 DEOPT UNPACKING pc=0x00000000028b75bf sp=0x00000000026ce148 mode 0
Event: 2.263 Thread 0x0000000016a39800 DEOPT PACKING pc=0x0000000002b32525 sp=0x000000001729e520
Event: 2.263 Thread 0x0000000016a39800 DEOPT UNPACKING pc=0x00000000028b75bf sp=0x000000001729e2b8 mode 0
Event: 2.292 Executing VM operation: ParallelGCFailedAllocation


Dynamic libraries:
0x00007ff62bc50000 - 0x00007ff62bc84000 	C:\Program Files\Java\jdk1.8.0_25\bin\java.exe
0x00007ffd05500000 - 0x00007ffd056c1000 	C:\WINDOWS\SYSTEM32\ntdll.dll
0x00007ffd03280000 - 0x00007ffd0332d000 	C:\WINDOWS\system32\KERNEL32.DLL
0x00007ffd024b0000 - 0x00007ffd02698000 	C:\WINDOWS\system32\KERNELBASE.dll
0x00007ffd04cd0000 - 0x00007ffd04d77000 	C:\WINDOWS\system32\ADVAPI32.dll
0x00007ffd029d0000 - 0x00007ffd02a6d000 	C:\WINDOWS\system32\msvcrt.dll
0x00007ffd054a0000 - 0x00007ffd054fb000 	C:\WINDOWS\system32\sechost.dll
0x00007ffd04da0000 - 0x00007ffd04ebc000 	C:\WINDOWS\system32\RPCRT4.dll
0x00007ffd04f10000 - 0x00007ffd05066000 	C:\WINDOWS\system32\USER32.dll
0x00007ffd03390000 - 0x00007ffd03516000 	C:\WINDOWS\system32\GDI32.dll
0x00007ffcfab30000 - 0x00007ffcfada4000 	C:\WINDOWS\WinSxS\amd64_microsoft.windows.common-controls_6595b64144ccf1df_6.0.10586.494_none_a2d8b04ea53e3145\COMCTL32.dll
0x00007ffd02a70000 - 0x00007ffd02ced000 	C:\WINDOWS\system32\combase.dll
0x00007ffd02440000 - 0x00007ffd024aa000 	C:\WINDOWS\system32\bcryptPrimitives.dll
0x00007ffd04ed0000 - 0x00007ffd04f0b000 	C:\WINDOWS\system32\IMM32.DLL
0x000000005b6d0000 - 0x000000005b7a2000 	C:\Program Files\Java\jdk1.8.0_25\jre\bin\msvcr100.dll
0x000000005bb90000 - 0x000000005c3ea000 	C:\Program Files\Java\jdk1.8.0_25\jre\bin\server\jvm.dll
0x00007ffd04a80000 - 0x00007ffd04a88000 	C:\WINDOWS\system32\PSAPI.DLL
0x00007ffcee7b0000 - 0x00007ffcee7b9000 	C:\WINDOWS\SYSTEM32\WSOCK32.dll
0x00007ffd04a90000 - 0x00007ffd04afb000 	C:\WINDOWS\system32\WS2_32.dll
0x00007ffcffe00000 - 0x00007ffcffe23000 	C:\WINDOWS\SYSTEM32\WINMM.dll
0x00007ffcffbb0000 - 0x00007ffcffbdc000 	C:\WINDOWS\SYSTEM32\WINMMBASE.dll
0x00007ffd02220000 - 0x00007ffd02263000 	C:\WINDOWS\system32\cfgmgr32.dll
0x000000005bb80000 - 0x000000005bb8f000 	C:\Program Files\Java\jdk1.8.0_25\jre\bin\verify.dll
0x000000005bb50000 - 0x000000005bb78000 	C:\Program Files\Java\jdk1.8.0_25\jre\bin\java.dll
0x000000005bb30000 - 0x000000005bb46000 	C:\Program Files\Java\jdk1.8.0_25\jre\bin\zip.dll
0x00007ffd03520000 - 0x00007ffd04a7c000 	C:\WINDOWS\system32\SHELL32.dll
0x00007ffd01bb0000 - 0x00007ffd021f5000 	C:\WINDOWS\system32\windows.storage.dll
0x00007ffd03170000 - 0x00007ffd031c2000 	C:\WINDOWS\system32\shlwapi.dll
0x00007ffd01b40000 - 0x00007ffd01b4f000 	C:\WINDOWS\system32\kernel.appcore.dll
0x00007ffd026a0000 - 0x00007ffd02755000 	C:\WINDOWS\system32\shcore.dll
0x00007ffd01b60000 - 0x00007ffd01bab000 	C:\WINDOWS\system32\powrprof.dll
0x00007ffd01b20000 - 0x00007ffd01b34000 	C:\WINDOWS\system32\profapi.dll
0x00007ffcf0f70000 - 0x00007ffcf10fc000 	C:\WINDOWS\SYSTEM32\dbghelp.dll

VM Arguments:
jvm_args: -Djava.awt.headless=true -Xmx1024M -Dfile.encoding=windows-1252 -Duser.country=FR -Duser.language=fr -Duser.variant 
java_command: com.android.dx.command.Main --dex --force-jumbo --num-threads=4 --multi-dex --output C:\Users\Famille\AndroidStudioProjects\Niviel\app\build\intermediates\transforms\dex\debug\folders\1000\10\com.android.support-support-core-ui-24.2.0_d617100168ed973cae45ba8acd803427e3ca8ea5 C:\Users\Famille\AndroidStudioProjects\Niviel\app\build\intermediates\exploded-aar\com.android.support\support-core-ui\24.2.0\jars\classes.jar
java_class_path (initial): C:\Users\Famille\AppData\Local\Android\sdk\build-tools\23.0.2\lib\dx.jar
Launcher Type: SUN_STANDARD

Environment Variables:
JAVA_HOME=C:\Program Files\Java\jdk1.8.0_25
PATH=C:\Program Files\Broadcom\Broadcom 802.11 Network Adapter;;C:\Program Files\Broadcom\Broadcom 802.11;C:\ProgramData\Oracle\Java\javapath;C:\Program Files (x86)\Intel\iCLS Client\;C:\Program Files\Intel\iCLS Client\;C:\Windows\system32;C:\Windows;C:\Windows\System32\Wbem;C:\Windows\System32\WindowsPowerShell\v1.0\;C:\Program Files\Hewlett-Packard\SimplePass\;C:\wamp\bin\php\php5.5.12;C:\Python27;C:\Users\Famille\AppData\Roaming\npm\;C:\Program Files\nodejs\;C:\Program Files\Git\cmd;C:\Program Files (x86)\Brackets\command;C:\Program Files (x86)\Ant\bin;C:\Program Files (x86)\Maven\bin;C:\Program Files (x86)\Intel\Intel(R) Management Engine Components\DAL;C:\Program Files\Intel\Intel(R) Management Engine Components\DAL;C:\Program Files (x86)\Intel\Intel(R) Management Engine Components\IPT;C:\Program Files\Intel\Intel(R) Management Engine Components\IPT;C:\Users\Famille\AppData\Local\atom\bin;C:\Users\Famille\AppData\Roaming\npm
USERNAME=de Lachaux
OS=Windows_NT
PROCESSOR_IDENTIFIER=Intel64 Family 6 Model 69 Stepping 1, GenuineIntel



---------------  S Y S T E M  ---------------

OS: Windows 8.1 , 64 bit Build 9600 

CPU:total 4 (2 cores per cpu, 2 threads per core) family 6 model 69 stepping 1, cmov, cx8, fxsr, mmx, sse, sse2, sse3, ssse3, sse4.1, sse4.2, popcnt, avx, avx2, aes, clmul, erms, lzcnt, ht, tsc, tscinvbit, bmi1, bmi2

Memory: 4k page, physical 4122776k(410952k free), swap 5555352k(146568k free)

vm_info: Java HotSpot(TM) 64-Bit Server VM (25.25-b02) for windows-amd64 JRE (1.8.0_25-b18), built on Oct  7 2014 14:25:37 by "java_re" with MS VC++ 10.0 (VS2010)

time: Fri Sep 09 20:47:59 2016
elapsed time: 2 seconds (0d 0h 0m 2s)

