#
# There is insufficient memory for the Java Runtime Environment to continue.
# Native memory allocation (malloc) failed to allocate 503856 bytes for Chunk::new
# Possible reasons:
#   The system is out of physical RAM or swap space
#   In 32 bit mode, the process size limit was hit
# Possible solutions:
#   Reduce memory load on the system
#   Increase physical memory or swap space
#   Check if swap backing store is full
#   Use 64 bit Java on a 64 bit OS
#   Decrease Java heap size (-Xmx/-Xms)
#   Decrease number of Java threads
#   Decrease Java thread stack sizes (-Xss)
#   Set larger code cache with -XX:ReservedCodeCacheSize=
# This output file may be truncated or incomplete.
#
#  Out of Memory Error (allocation.cpp:390), pid=40836, tid=36244
#
# JRE version: Java(TM) SE Runtime Environment (8.0_25-b18) (build 1.8.0_25-b18)
# Java VM: Java HotSpot(TM) 64-Bit Server VM (25.25-b02 mixed mode windows-amd64 compressed oops)
# Failed to write core dump. Minidumps are not enabled by default on client versions of Windows
#

---------------  T H R E A D  ---------------

Current thread (0x000000001478c000):  JavaThread "C2 CompilerThread0" daemon [_thread_in_native, id=36244, stack(0x0000000015cf0000,0x0000000015df0000)]

Stack: [0x0000000015cf0000,0x0000000015df0000]
Native frames: (J=compiled Java code, j=interpreted, Vv=VM code, C=native code)
V  [jvm.dll+0x31667a]
V  [jvm.dll+0x267073]
V  [jvm.dll+0x267cb3]
V  [jvm.dll+0x25f5b5]
V  [jvm.dll+0xbf165]
V  [jvm.dll+0xbf60c]
V  [jvm.dll+0x478fbc]
V  [jvm.dll+0x4463eb]
V  [jvm.dll+0x45130e]
V  [jvm.dll+0x4538f8]
V  [jvm.dll+0x437372]
V  [jvm.dll+0x98a02]
V  [jvm.dll+0x991f3]
V  [jvm.dll+0x22bde4]
V  [jvm.dll+0x2852fa]
C  [msvcr100.dll+0x21d9f]
C  [msvcr100.dll+0x21e3b]
C  [KERNEL32.DLL+0x8364]
C  [ntdll.dll+0x65e91]


Current CompileTask:
C2:  13667 2344       4       com.android.dx.dex.code.LocalList::make (102 bytes)


---------------  P R O C E S S  ---------------

Java Threads: ( => current thread )
  0x0000000016014800 JavaThread "Service Thread" daemon [_thread_blocked, id=41408, stack(0x00000000163f0000,0x00000000164f0000)]
  0x00000000147e3800 JavaThread "C1 CompilerThread2" daemon [_thread_blocked, id=31740, stack(0x0000000015ef0000,0x0000000015ff0000)]
  0x00000000147da800 JavaThread "C2 CompilerThread1" daemon [_thread_in_native, id=39744, stack(0x0000000015df0000,0x0000000015ef0000)]
=>0x000000001478c000 JavaThread "C2 CompilerThread0" daemon [_thread_in_native, id=36244, stack(0x0000000015cf0000,0x0000000015df0000)]
  0x000000001478a800 JavaThread "Attach Listener" daemon [_thread_blocked, id=40224, stack(0x0000000015bf0000,0x0000000015cf0000)]
  0x0000000014789800 JavaThread "Signal Dispatcher" daemon [_thread_blocked, id=45272, stack(0x0000000015af0000,0x0000000015bf0000)]
  0x00000000020b4800 JavaThread "Finalizer" daemon [_thread_blocked, id=36888, stack(0x00000000159f0000,0x0000000015af0000)]
  0x00000000020ac000 JavaThread "Reference Handler" daemon [_thread_blocked, id=49056, stack(0x00000000158f0000,0x00000000159f0000)]
  0x0000000001ebd800 JavaThread "main" [_thread_in_Java, id=51380, stack(0x0000000001ec0000,0x0000000001fc0000)]

Other Threads:
  0x0000000014756800 VMThread [stack: 0x00000000157f0000,0x00000000158f0000] [id=40504]
  0x0000000016016800 WatcherThread [stack: 0x00000000164f0000,0x00000000165f0000] [id=51612]

VM state:not at safepoint (normal execution)

VM Mutex/Monitor currently owned by a thread: None

Heap:
 PSYoungGen      total 68096K, used 66944K [0x00000000eab00000, 0x00000000ef000000, 0x0000000100000000)
  eden space 65536K, 98% used [0x00000000eab00000,0x00000000ee9e8100,0x00000000eeb00000)
  from space 2560K, 98% used [0x00000000eeb00000,0x00000000eed78128,0x00000000eed80000)
  to   space 2560K, 0% used [0x00000000eed80000,0x00000000eed80000,0x00000000ef000000)
 ParOldGen       total 44032K, used 22985K [0x00000000c0000000, 0x00000000c2b00000, 0x00000000eab00000)
  object space 44032K, 52% used [0x00000000c0000000,0x00000000c1672678,0x00000000c2b00000)
 Metaspace       used 6693K, capacity 7480K, committed 7680K, reserved 1056768K
  class space    used 634K, capacity 688K, committed 768K, reserved 1048576K

Card table byte_map: [0x0000000011480000,0x0000000011690000] byte_map_base: 0x0000000010e80000

Marking Bits: (ParMarkBitMap*) 0x000000005c28d490
 Begin Bits: [0x0000000011bf0000, 0x0000000012bf0000)
 End Bits:   [0x0000000012bf0000, 0x0000000013bf0000)

Polling page: 0x0000000001da0000

CodeCache: size=245760Kb used=9745Kb max_used=9745Kb free=236014Kb
 bounds [0x00000000020c0000, 0x0000000002a50000, 0x00000000110c0000]
 total_blobs=2547 nmethods=2280 adapters=180
 compilation: enabled

Compilation events (10 events):
Event: 13.321 Thread 0x00000000147e3800 2351       3       com.android.dx.dex.code.form.Form21s::codeSize (2 bytes)
Event: 13.321 Thread 0x00000000147e3800 nmethod 2351 0x0000000002a28ad0 code [0x0000000002a28c20, 0x0000000002a28d70]
Event: 13.322 Thread 0x000000001478c000 nmethod 2342 0x0000000002a3aad0 code [0x0000000002a3ac80, 0x0000000002a3b468]
Event: 13.322 Thread 0x000000001478c000 2345       4       com.android.dx.dex.code.OutputFinisher::makeOpcodesArray (45 bytes)
Event: 13.328 Thread 0x000000001478c000 nmethod 2345 0x0000000002a30dd0 code [0x0000000002a30f20, 0x0000000002a31238]
Event: 13.328 Thread 0x000000001478c000 2344       4       com.android.dx.dex.code.LocalList::make (102 bytes)
Event: 13.334 Thread 0x00000000147e3800 2354       1       com.android.dx.dex.code.form.Form12x::codeSize (2 bytes)
Event: 13.335 Thread 0x00000000147e3800 nmethod 2354 0x0000000002a30b10 code [0x0000000002a30c60, 0x0000000002a30d70]
Event: 13.340 Thread 0x00000000147e3800 2355       3       com.android.dx.dex.file.StringIdsSection::get (49 bytes)
Event: 13.341 Thread 0x00000000147e3800 nmethod 2355 0x0000000002a27e50 code [0x0000000002a28020, 0x0000000002a28838]

GC Heap History (10 events):
Event: 2.183 GC heap before
{Heap before GC invocations=1 (full 0):
 PSYoungGen      total 18944K, used 16384K [0x00000000eab00000, 0x00000000ec000000, 0x0000000100000000)
  eden space 16384K, 100% used [0x00000000eab00000,0x00000000ebb00000,0x00000000ebb00000)
  from space 2560K, 0% used [0x00000000ebd80000,0x00000000ebd80000,0x00000000ec000000)
  to   space 2560K, 0% used [0x00000000ebb00000,0x00000000ebb00000,0x00000000ebd80000)
 ParOldGen       total 44032K, used 0K [0x00000000c0000000, 0x00000000c2b00000, 0x00000000eab00000)
  object space 44032K, 0% used [0x00000000c0000000,0x00000000c0000000,0x00000000c2b00000)
 Metaspace       used 5714K, capacity 6768K, committed 7040K, reserved 1056768K
  class space    used 584K, capacity 616K, committed 640K, reserved 1048576K
Event: 2.265 GC heap after
Heap after GC invocations=1 (full 0):
 PSYoungGen      total 18944K, used 2538K [0x00000000eab00000, 0x00000000ed000000, 0x0000000100000000)
  eden space 16384K, 0% used [0x00000000eab00000,0x00000000eab00000,0x00000000ebb00000)
  from space 2560K, 99% used [0x00000000ebb00000,0x00000000ebd7aaa8,0x00000000ebd80000)
  to   space 2560K, 0% used [0x00000000ecd80000,0x00000000ecd80000,0x00000000ed000000)
 ParOldGen       total 44032K, used 1472K [0x00000000c0000000, 0x00000000c2b00000, 0x00000000eab00000)
  object space 44032K, 3% used [0x00000000c0000000,0x00000000c0170050,0x00000000c2b00000)
 Metaspace       used 5714K, capacity 6768K, committed 7040K, reserved 1056768K
  class space    used 584K, capacity 616K, committed 640K, reserved 1048576K
}
Event: 4.252 GC heap before
{Heap before GC invocations=2 (full 0):
 PSYoungGen      total 18944K, used 18922K [0x00000000eab00000, 0x00000000ed000000, 0x0000000100000000)
  eden space 16384K, 100% used [0x00000000eab00000,0x00000000ebb00000,0x00000000ebb00000)
  from space 2560K, 99% used [0x00000000ebb00000,0x00000000ebd7aaa8,0x00000000ebd80000)
  to   space 2560K, 0% used [0x00000000ecd80000,0x00000000ecd80000,0x00000000ed000000)
 ParOldGen       total 44032K, used 1472K [0x00000000c0000000, 0x00000000c2b00000, 0x00000000eab00000)
  object space 44032K, 3% used [0x00000000c0000000,0x00000000c0170050,0x00000000c2b00000)
 Metaspace       used 5966K, capacity 6960K, committed 7040K, reserved 1056768K
  class space    used 589K, capacity 616K, committed 640K, reserved 1048576K
Event: 4.435 GC heap after
Heap after GC invocations=2 (full 0):
 PSYoungGen      total 35328K, used 2538K [0x00000000eab00000, 0x00000000ed000000, 0x0000000100000000)
  eden space 32768K, 0% used [0x00000000eab00000,0x00000000eab00000,0x00000000ecb00000)
  from space 2560K, 99% used [0x00000000ecd80000,0x00000000ecffaab8,0x00000000ed000000)
  to   space 2560K, 0% used [0x00000000ecb00000,0x00000000ecb00000,0x00000000ecd80000)
 ParOldGen       total 44032K, used 3098K [0x00000000c0000000, 0x00000000c2b00000, 0x00000000eab00000)
  object space 44032K, 7% used [0x00000000c0000000,0x00000000c0306bc0,0x00000000c2b00000)
 Metaspace       used 5966K, capacity 6960K, committed 7040K, reserved 1056768K
  class space    used 589K, capacity 616K, committed 640K, reserved 1048576K
}
Event: 5.056 GC heap before
{Heap before GC invocations=3 (full 0):
 PSYoungGen      total 35328K, used 35306K [0x00000000eab00000, 0x00000000ed000000, 0x0000000100000000)
  eden space 32768K, 100% used [0x00000000eab00000,0x00000000ecb00000,0x00000000ecb00000)
  from space 2560K, 99% used [0x00000000ecd80000,0x00000000ecffaab8,0x00000000ed000000)
  to   space 2560K, 0% used [0x00000000ecb00000,0x00000000ecb00000,0x00000000ecd80000)
 ParOldGen       total 44032K, used 3098K [0x00000000c0000000, 0x00000000c2b00000, 0x00000000eab00000)
  object space 44032K, 7% used [0x00000000c0000000,0x00000000c0306bc0,0x00000000c2b00000)
 Metaspace       used 6135K, capacity 7088K, committed 7296K, reserved 1056768K
  class space    used 593K, capacity 616K, committed 640K, reserved 1048576K
Event: 5.323 GC heap after
Heap after GC invocations=3 (full 0):
 PSYoungGen      total 35328K, used 2551K [0x00000000eab00000, 0x00000000ef000000, 0x0000000100000000)
  eden space 32768K, 0% used [0x00000000eab00000,0x00000000eab00000,0x00000000ecb00000)
  from space 2560K, 99% used [0x00000000ecb00000,0x00000000ecd7dd30,0x00000000ecd80000)
  to   space 2560K, 0% used [0x00000000eed80000,0x00000000eed80000,0x00000000ef000000)
 ParOldGen       total 44032K, used 9033K [0x00000000c0000000, 0x00000000c2b00000, 0x00000000eab00000)
  object space 44032K, 20% used [0x00000000c0000000,0x00000000c08d27d8,0x00000000c2b00000)
 Metaspace       used 6135K, capacity 7088K, committed 7296K, reserved 1056768K
  class space    used 593K, capacity 616K, committed 640K, reserved 1048576K
}
Event: 6.639 GC heap before
{Heap before GC invocations=4 (full 0):
 PSYoungGen      total 35328K, used 35319K [0x00000000eab00000, 0x00000000ef000000, 0x0000000100000000)
  eden space 32768K, 100% used [0x00000000eab00000,0x00000000ecb00000,0x00000000ecb00000)
  from space 2560K, 99% used [0x00000000ecb00000,0x00000000ecd7dd30,0x00000000ecd80000)
  to   space 2560K, 0% used [0x00000000eed80000,0x00000000eed80000,0x00000000ef000000)
 ParOldGen       total 44032K, used 9033K [0x00000000c0000000, 0x00000000c2b00000, 0x00000000eab00000)
  object space 44032K, 20% used [0x00000000c0000000,0x00000000c08d27d8,0x00000000c2b00000)
 Metaspace       used 6260K, capacity 7128K, committed 7424K, reserved 1056768K
  class space    used 613K, capacity 656K, committed 768K, reserved 1048576K
Event: 6.687 GC heap after
Heap after GC invocations=4 (full 0):
 PSYoungGen      total 68096K, used 2541K [0x00000000eab00000, 0x00000000ef000000, 0x0000000100000000)
  eden space 65536K, 0% used [0x00000000eab00000,0x00000000eab00000,0x00000000eeb00000)
  from space 2560K, 99% used [0x00000000eed80000,0x00000000eeffb528,0x00000000ef000000)
  to   space 2560K, 0% used [0x00000000eeb00000,0x00000000eeb00000,0x00000000eed80000)
 ParOldGen       total 44032K, used 13651K [0x00000000c0000000, 0x00000000c2b00000, 0x00000000eab00000)
  object space 44032K, 31% used [0x00000000c0000000,0x00000000c0d54fb0,0x00000000c2b00000)
 Metaspace       used 6260K, capacity 7128K, committed 7424K, reserved 1056768K
  class space    used 613K, capacity 656K, committed 768K, reserved 1048576K
}
Event: 8.662 GC heap before
{Heap before GC invocations=5 (full 0):
 PSYoungGen      total 68096K, used 68077K [0x00000000eab00000, 0x00000000ef000000, 0x0000000100000000)
  eden space 65536K, 100% used [0x00000000eab00000,0x00000000eeb00000,0x00000000eeb00000)
  from space 2560K, 99% used [0x00000000eed80000,0x00000000eeffb528,0x00000000ef000000)
  to   space 2560K, 0% used [0x00000000eeb00000,0x00000000eeb00000,0x00000000eed80000)
 ParOldGen       total 44032K, used 13651K [0x00000000c0000000, 0x00000000c2b00000, 0x00000000eab00000)
  object space 44032K, 31% used [0x00000000c0000000,0x00000000c0d54fb0,0x00000000c2b00000)
 Metaspace       used 6302K, capacity 7192K, committed 7424K, reserved 1056768K
  class space    used 613K, capacity 656K, committed 768K, reserved 1048576K
Event: 8.899 GC heap after
Heap after GC invocations=5 (full 0):
 PSYoungGen      total 68096K, used 2528K [0x00000000eab00000, 0x00000000ef000000, 0x0000000100000000)
  eden space 65536K, 0% used [0x00000000eab00000,0x00000000eab00000,0x00000000eeb00000)
  from space 2560K, 98% used [0x00000000eeb00000,0x00000000eed78128,0x00000000eed80000)
  to   space 2560K, 0% used [0x00000000eed80000,0x00000000eed80000,0x00000000ef000000)
 ParOldGen       total 44032K, used 22985K [0x00000000c0000000, 0x00000000c2b00000, 0x00000000eab00000)
  object space 44032K, 52% used [0x00000000c0000000,0x00000000c1672678,0x00000000c2b00000)
 Metaspace       used 6302K, capacity 7192K, committed 7424K, reserved 1056768K
  class space    used 613K, capacity 656K, committed 768K, reserved 1048576K
}

Deoptimization events (10 events):
Event: 11.630 Thread 0x0000000001ebd800 Uncommon trap: reason=class_check action=maybe_recompile pc=0x000000000252f464 method=java.util.Arrays.hashCode([Ljava/lang/Object;)I @ 43
Event: 11.630 Thread 0x0000000001ebd800 Uncommon trap: reason=class_check action=maybe_recompile pc=0x00000000024fde48 method=java.util.Arrays.hashCode([Ljava/lang/Object;)I @ 43
Event: 12.449 Thread 0x0000000001ebd800 Uncommon trap: reason=speculate_class_check action=maybe_recompile pc=0x0000000002411760 method=com.android.dx.util.FixedSizeList.equals(Ljava/lang/Object;)Z @ 25
Event: 12.449 Thread 0x0000000001ebd800 Uncommon trap: reason=speculate_class_check action=maybe_recompile pc=0x0000000002411760 method=com.android.dx.util.FixedSizeList.equals(Ljava/lang/Object;)Z @ 25
Event: 12.449 Thread 0x0000000001ebd800 Uncommon trap: reason=class_check action=maybe_recompile pc=0x0000000002416dc8 method=java.util.Arrays.equals([Ljava/lang/Object;[Ljava/lang/Object;)Z @ 62
Event: 12.449 Thread 0x0000000001ebd800 Uncommon trap: reason=speculate_class_check action=maybe_recompile pc=0x0000000002411760 method=com.android.dx.util.FixedSizeList.equals(Ljava/lang/Object;)Z @ 25
Event: 12.449 Thread 0x0000000001ebd800 Uncommon trap: reason=class_check action=maybe_recompile pc=0x0000000002416dc8 method=java.util.Arrays.equals([Ljava/lang/Object;[Ljava/lang/Object;)Z @ 62
Event: 12.449 Thread 0x0000000001ebd800 Uncommon trap: reason=speculate_class_check action=maybe_recompile pc=0x0000000002411760 method=com.android.dx.util.FixedSizeList.equals(Ljava/lang/Object;)Z @ 25
Event: 12.449 Thread 0x0000000001ebd800 Uncommon trap: reason=class_check action=maybe_recompile pc=0x0000000002416dc8 method=java.util.Arrays.equals([Ljava/lang/Object;[Ljava/lang/Object;)Z @ 62
Event: 12.451 Thread 0x0000000001ebd800 Uncommon trap: reason=class_check action=maybe_recompile pc=0x0000000002416dc8 method=java.util.Arrays.equals([Ljava/lang/Object;[Ljava/lang/Object;)Z @ 62

Internal exceptions (10 events):
Event: 12.298 Thread 0x0000000001ebd800 Exception <a 'java/security/PrivilegedActionException'> (0x00000000ee300180) thrown at [D:\re\workspace\8-2-build-windows-amd64-cygwin\jdk8u25\1677\hotspot\src\share\vm\prims\jvm.cpp, line 1312]
Event: 12.300 Thread 0x0000000001ebd800 Exception <a 'java/security/PrivilegedActionException'> (0x00000000ee305440) thrown at [D:\re\workspace\8-2-build-windows-amd64-cygwin\jdk8u25\1677\hotspot\src\share\vm\prims\jvm.cpp, line 1312]
Event: 12.301 Thread 0x0000000001ebd800 Exception <a 'java/security/PrivilegedActionException'> (0x00000000ee30baa8) thrown at [D:\re\workspace\8-2-build-windows-amd64-cygwin\jdk8u25\1677\hotspot\src\share\vm\prims\jvm.cpp, line 1312]
Event: 12.302 Thread 0x0000000001ebd800 Exception <a 'java/security/PrivilegedActionException'> (0x00000000ee30eab0) thrown at [D:\re\workspace\8-2-build-windows-amd64-cygwin\jdk8u25\1677\hotspot\src\share\vm\prims\jvm.cpp, line 1312]
Event: 12.303 Thread 0x0000000001ebd800 Exception <a 'java/security/PrivilegedActionException'> (0x00000000ee3139e0) thrown at [D:\re\workspace\8-2-build-windows-amd64-cygwin\jdk8u25\1677\hotspot\src\share\vm\prims\jvm.cpp, line 1312]
Event: 12.306 Thread 0x0000000001ebd800 Exception <a 'java/security/PrivilegedActionException'> (0x00000000ee3181c8) thrown at [D:\re\workspace\8-2-build-windows-amd64-cygwin\jdk8u25\1677\hotspot\src\share\vm\prims\jvm.cpp, line 1312]
Event: 12.427 Thread 0x0000000001ebd800 Exception <a 'java/security/PrivilegedActionException'> (0x00000000ee340700) thrown at [D:\re\workspace\8-2-build-windows-amd64-cygwin\jdk8u25\1677\hotspot\src\share\vm\prims\jvm.cpp, line 1312]
Event: 12.448 Thread 0x0000000001ebd800 Exception <a 'java/security/PrivilegedActionException'> (0x00000000ee37f220) thrown at [D:\re\workspace\8-2-build-windows-amd64-cygwin\jdk8u25\1677\hotspot\src\share\vm\prims\jvm.cpp, line 1312]
Event: 12.449 Thread 0x0000000001ebd800 Exception <a 'java/security/PrivilegedActionException'> (0x00000000ee3822c8) thrown at [D:\re\workspace\8-2-build-windows-amd64-cygwin\jdk8u25\1677\hotspot\src\share\vm\prims\jvm.cpp, line 1312]
Event: 12.449 Thread 0x0000000001ebd800 Exception <a 'java/security/PrivilegedActionException'> (0x00000000ee3856e8) thrown at [D:\re\workspace\8-2-build-windows-amd64-cygwin\jdk8u25\1677\hotspot\src\share\vm\prims\jvm.cpp, line 1312]

Events (10 events):
Event: 13.330 Thread 0x0000000001ebd800 DEOPT PACKING pc=0x00000000029c1a55 sp=0x0000000001fbeee0
Event: 13.330 Thread 0x0000000001ebd800 DEOPT UNPACKING pc=0x00000000021075bf sp=0x0000000001fbec50 mode 0
Event: 13.337 Thread 0x0000000001ebd800 DEOPT PACKING pc=0x00000000029d1141 sp=0x0000000001fbee80
Event: 13.337 Thread 0x0000000001ebd800 DEOPT UNPACKING pc=0x00000000021075bf sp=0x0000000001fbebd0 mode 0
Event: 13.338 Thread 0x0000000001ebd800 DEOPT PACKING pc=0x00000000029c1a55 sp=0x0000000001fbeee0
Event: 13.338 Thread 0x0000000001ebd800 DEOPT UNPACKING pc=0x00000000021075bf sp=0x0000000001fbec50 mode 0
Event: 13.587 Thread 0x0000000001ebd800 DEOPT PACKING pc=0x00000000029d1141 sp=0x0000000001fbee80
Event: 13.587 Thread 0x0000000001ebd800 DEOPT UNPACKING pc=0x00000000021075bf sp=0x0000000001fbebd0 mode 0
Event: 13.588 Thread 0x0000000001ebd800 DEOPT PACKING pc=0x00000000029c1a55 sp=0x0000000001fbeee0
Event: 13.588 Thread 0x0000000001ebd800 DEOPT UNPACKING pc=0x00000000021075bf sp=0x0000000001fbec50 mode 0


Dynamic libraries:
0x00007ff6a1ad0000 - 0x00007ff6a1b04000 	C:\Program Files\Java\jdk1.8.0_25\bin\java.exe
0x00007ffb77dc0000 - 0x00007ffb77f91000 	C:\WINDOWS\SYSTEM32\ntdll.dll
0x00007ffb777e0000 - 0x00007ffb7788b000 	C:\WINDOWS\System32\KERNEL32.DLL
0x00007ffb74760000 - 0x00007ffb7497d000 	C:\WINDOWS\System32\KERNELBASE.dll
0x00007ffb76a50000 - 0x00007ffb76af2000 	C:\WINDOWS\System32\ADVAPI32.dll
0x00007ffb77ab0000 - 0x00007ffb77b4e000 	C:\WINDOWS\System32\msvcrt.dll
0x00007ffb76d90000 - 0x00007ffb76de9000 	C:\WINDOWS\System32\sechost.dll
0x00007ffb76c60000 - 0x00007ffb76d81000 	C:\WINDOWS\System32\RPCRT4.dll
0x00007ffb77b50000 - 0x00007ffb77cb5000 	C:\WINDOWS\System32\USER32.dll
0x00007ffb74310000 - 0x00007ffb7432e000 	C:\WINDOWS\System32\win32u.dll
0x00007ffb76910000 - 0x00007ffb76944000 	C:\WINDOWS\System32\GDI32.dll
0x00007ffb74980000 - 0x00007ffb74b02000 	C:\WINDOWS\System32\gdi32full.dll
0x00007ffb68940000 - 0x00007ffb68bba000 	C:\WINDOWS\WinSxS\amd64_microsoft.windows.common-controls_6595b64144ccf1df_6.0.14393.351_none_4213128bc687e6d3\COMCTL32.dll
0x00007ffb77510000 - 0x00007ffb777d7000 	C:\WINDOWS\System32\combase.dll
0x00007ffb74330000 - 0x00007ffb74425000 	C:\WINDOWS\System32\ucrtbase.dll
0x00007ffb746a0000 - 0x00007ffb7470a000 	C:\WINDOWS\System32\bcryptPrimitives.dll
0x00007ffb77d20000 - 0x00007ffb77d4e000 	C:\WINDOWS\System32\IMM32.DLL
0x000000005e0a0000 - 0x000000005e172000 	C:\Program Files\Java\jdk1.8.0_25\jre\bin\msvcr100.dll
0x000000005bab0000 - 0x000000005c30a000 	C:\Program Files\Java\jdk1.8.0_25\jre\bin\server\jvm.dll
0x00007ffb76900000 - 0x00007ffb76908000 	C:\WINDOWS\System32\PSAPI.DLL
0x00007ffb68180000 - 0x00007ffb68189000 	C:\WINDOWS\SYSTEM32\WSOCK32.dll
0x00007ffb77d50000 - 0x00007ffb77dba000 	C:\WINDOWS\System32\WS2_32.dll
0x00007ffb725d0000 - 0x00007ffb725f3000 	C:\WINDOWS\SYSTEM32\WINMM.dll
0x00007ffb72560000 - 0x00007ffb7258b000 	C:\WINDOWS\SYSTEM32\WINMMBASE.dll
0x00007ffb74710000 - 0x00007ffb74752000 	C:\WINDOWS\System32\cfgmgr32.dll
0x000000005e090000 - 0x000000005e09f000 	C:\Program Files\Java\jdk1.8.0_25\jre\bin\verify.dll
0x000000005e060000 - 0x000000005e088000 	C:\Program Files\Java\jdk1.8.0_25\jre\bin\java.dll
0x000000005e040000 - 0x000000005e056000 	C:\Program Files\Java\jdk1.8.0_25\jre\bin\zip.dll
0x00007ffb75350000 - 0x00007ffb76859000 	C:\WINDOWS\System32\SHELL32.dll
0x00007ffb74b10000 - 0x00007ffb751ea000 	C:\WINDOWS\System32\windows.storage.dll
0x00007ffb74260000 - 0x00007ffb742ac000 	C:\WINDOWS\System32\powrprof.dll
0x00007ffb77890000 - 0x00007ffb778e2000 	C:\WINDOWS\System32\shlwapi.dll
0x00007ffb74250000 - 0x00007ffb7425f000 	C:\WINDOWS\System32\kernel.appcore.dll
0x00007ffb751f0000 - 0x00007ffb75299000 	C:\WINDOWS\System32\shcore.dll
0x00007ffb74230000 - 0x00007ffb74244000 	C:\WINDOWS\System32\profapi.dll
0x00007ffb63ef0000 - 0x00007ffb64082000 	C:\WINDOWS\SYSTEM32\dbghelp.dll

VM Arguments:
jvm_args: -Djava.awt.headless=true -Xmx1024M -Dfile.encoding=windows-1252 -Duser.country=FR -Duser.language=fr -Duser.variant 
java_command: com.android.dx.command.Main --dex --num-threads=4 --output C:\Users\Famille\AndroidStudioProjects\Niviel\app\build\intermediates\pre-dexed\debug\com.android.support-recyclerview-v7-24.2.1_fda137ffce98b16ece500b5613331179cbaeb2cb.jar C:\Users\Famille\AndroidStudioProjects\Niviel\app\build\intermediates\exploded-aar\com.android.support\recyclerview-v7\24.2.1\jars\classes.jar
java_class_path (initial): C:\Users\Famille\AppData\Local\Android\sdk\build-tools\23.0.2\lib\dx.jar
Launcher Type: SUN_STANDARD

Environment Variables:
JAVA_HOME=C:\Program Files\Java\jdk1.8.0_25
PATH=C:\Program Files\Broadcom\Broadcom 802.11 Network Adapter;C:\Program Files\Broadcom\Broadcom 802.11;C:\ProgramData\Oracle\Java\javapath;C:\Program Files (x86)\Intel\iCLS Client\;C:\Program Files\Intel\iCLS Client\;C:\Windows\system32;C:\Windows;C:\Windows\System32\Wbem;C:\Windows\System32\WindowsPowerShell\v1.0\;C:\Program Files\Hewlett-Packard\SimplePass\;C:\wamp\bin\php\php5.5.12;C:\Python34;C:\Users\Famille\AppData\Roaming\npm\;C:\Program Files\nodejs\;C:\Program Files\Git\cmd;C:\Program Files (x86)\Brackets\command;C:\Program Files (x86)\Ant\bin;C:\Program Files (x86)\Maven\bin;C:\Program Files (x86)\Intel\Intel(R) Management Engine Components\DAL;C:\Program Files\Intel\Intel(R) Management Engine Components\DAL;C:\Program Files (x86)\Intel\Intel(R) Management Engine Components\IPT;C:\Program Files\Intel\Intel(R) Management Engine Components\IPT;C:\Users\Famille\AppData\Local\Android\sdk\platform-tools;C:\WINDOWS\system32;C:\WINDOWS;C:\WINDOWS\System32\Wbem;C:\WINDOWS\System32\WindowsPowerShell\v1.0\;C:\Users\Famille\AppData\Local\atom\bin;C:\Users\Famille\AppData\Roaming\npm;%USERPROFILE%\AppData\Local\Microsoft\WindowsApps;
USERNAME=de Lachaux
OS=Windows_NT
PROCESSOR_IDENTIFIER=Intel64 Family 6 Model 69 Stepping 1, GenuineIntel



---------------  S Y S T E M  ---------------

OS: Windows 8.1 , 64 bit Build 9600 

CPU:total 4 (2 cores per cpu, 2 threads per core) family 6 model 69 stepping 1, cmov, cx8, fxsr, mmx, sse, sse2, sse3, ssse3, sse4.1, sse4.2, popcnt, avx, avx2, aes, clmul, erms, lzcnt, ht, tsc, tscinvbit, bmi1, bmi2

Memory: 4k page, physical 4122776k(275872k free), swap 5555352k(3872k free)

vm_info: Java HotSpot(TM) 64-Bit Server VM (25.25-b02) for windows-amd64 JRE (1.8.0_25-b18), built on Oct  7 2014 14:25:37 by "java_re" with MS VC++ 10.0 (VS2010)

time: Sat Nov 05 19:44:00 2016
elapsed time: 13 seconds (0d 0h 0m 13s)

