#
# There is insufficient memory for the Java Runtime Environment to continue.
# Native memory allocation (malloc) failed to allocate 1634496 bytes for Chunk::new
# Possible reasons:
#   The system is out of physical RAM or swap space
#   In 32 bit mode, the process size limit was hit
# Possible solutions:
#   Reduce memory load on the system
#   Increase physical memory or swap space
#   Check if swap backing store is full
#   Use 64 bit Java on a 64 bit OS
#   Decrease Java heap size (-Xmx/-Xms)
#   Decrease number of Java threads
#   Decrease Java thread stack sizes (-Xss)
#   Set larger code cache with -XX:ReservedCodeCacheSize=
# This output file may be truncated or incomplete.
#
#  Out of Memory Error (allocation.cpp:390), pid=62028, tid=60228
#
# JRE version: Java(TM) SE Runtime Environment (8.0_25-b18) (build 1.8.0_25-b18)
# Java VM: Java HotSpot(TM) 64-Bit Server VM (25.25-b02 mixed mode windows-amd64 compressed oops)
# Failed to write core dump. Minidumps are not enabled by default on client versions of Windows
#

---------------  T H R E A D  ---------------

Current thread (0x00000000152d1000):  JavaThread "C2 CompilerThread1" daemon [_thread_in_native, id=60228, stack(0x0000000016920000,0x0000000016a20000)]

Stack: [0x0000000016920000,0x0000000016a20000]
Native frames: (J=compiled Java code, j=interpreted, Vv=VM code, C=native code)
V  [jvm.dll+0x31667a]
V  [jvm.dll+0x267073]
V  [jvm.dll+0x267cb3]
V  [jvm.dll+0x25f5b5]
V  [jvm.dll+0xbf165]
V  [jvm.dll+0xbf60c]
V  [jvm.dll+0x45d672]
V  [jvm.dll+0x49e8ef]
V  [jvm.dll+0x452668]
V  [jvm.dll+0x453864]
V  [jvm.dll+0x437372]
V  [jvm.dll+0x98a02]
V  [jvm.dll+0x991f3]
V  [jvm.dll+0x22bde4]
V  [jvm.dll+0x2852fa]
C  [msvcr100.dll+0x21d9f]
C  [msvcr100.dll+0x21e3b]
C  [KERNEL32.DLL+0x18102]
C  [ntdll.dll+0x5c5b4]


Current CompileTask:
C2:   3763 1570       4       com.android.dx.rop.code.Rops::ropFor (771 bytes)


---------------  P R O C E S S  ---------------

Java Threads: ( => current thread )
  0x0000000016dbc800 JavaThread "pool-1-thread-1" [_thread_new, id=61816, stack(0x0000000000000000,0x0000000000000000)]
  0x0000000016b2d000 JavaThread "Service Thread" daemon [_thread_blocked, id=61752, stack(0x0000000016f20000,0x0000000017020000)]
  0x0000000015311000 JavaThread "C1 CompilerThread2" daemon [_thread_blocked, id=61396, stack(0x0000000016a20000,0x0000000016b20000)]
=>0x00000000152d1000 JavaThread "C2 CompilerThread1" daemon [_thread_in_native, id=60228, stack(0x0000000016920000,0x0000000016a20000)]
  0x00000000152cc000 JavaThread "C2 CompilerThread0" daemon [_thread_in_native, id=61552, stack(0x0000000016820000,0x0000000016920000)]
  0x00000000152ca800 JavaThread "Attach Listener" daemon [_thread_blocked, id=61388, stack(0x0000000016720000,0x0000000016820000)]
  0x00000000152c9800 JavaThread "Signal Dispatcher" daemon [_thread_blocked, id=29204, stack(0x0000000016620000,0x0000000016720000)]
  0x0000000002bf6000 JavaThread "Finalizer" daemon [_thread_blocked, id=60892, stack(0x0000000016520000,0x0000000016620000)]
  0x0000000002bed000 JavaThread "Reference Handler" daemon [_thread_blocked, id=60864, stack(0x0000000016420000,0x0000000016520000)]
  0x0000000002afe000 JavaThread "main" [_thread_blocked, id=60872, stack(0x0000000002940000,0x0000000002a40000)]

Other Threads:
  0x0000000015296800 VMThread [stack: 0x0000000016320000,0x0000000016420000] [id=61596]
  0x0000000016b2f000 WatcherThread [stack: 0x0000000017020000,0x0000000017120000] [id=61768]

VM state:not at safepoint (normal execution)

VM Mutex/Monitor currently owned by a thread: None

Heap:
 PSYoungGen      total 72704K, used 52409K [0x00000000eab00000, 0x00000000eff00000, 0x0000000100000000)
  eden space 64000K, 68% used [0x00000000eab00000,0x00000000ed5b27e8,0x00000000ee980000)
  from space 8704K, 99% used [0x00000000ef380000,0x00000000efbfbd10,0x00000000efc00000)
  to   space 10240K, 0% used [0x00000000ee980000,0x00000000ee980000,0x00000000ef380000)
 ParOldGen       total 44032K, used 16483K [0x00000000c0000000, 0x00000000c2b00000, 0x00000000eab00000)
  object space 44032K, 37% used [0x00000000c0000000,0x00000000c1018c00,0x00000000c2b00000)
 Metaspace       used 6325K, capacity 7192K, committed 7424K, reserved 1056768K
  class space    used 608K, capacity 656K, committed 768K, reserved 1048576K

Card table byte_map: [0x0000000011fc0000,0x00000000121d0000] byte_map_base: 0x00000000119c0000

Marking Bits: (ParMarkBitMap*) 0x0000000069efd490
 Begin Bits: [0x0000000012730000, 0x0000000013730000)
 End Bits:   [0x0000000013730000, 0x0000000014730000)

Polling page: 0x0000000000f40000

CodeCache: size=245760Kb used=7048Kb max_used=7064Kb free=238711Kb
 bounds [0x0000000002c00000, 0x00000000032f0000, 0x0000000011c00000]
 total_blobs=2000 nmethods=1735 adapters=178
 compilation: enabled

Compilation events (10 events):
Event: 3.590 Thread 0x0000000015311000 1777       2       com.android.dx.cf.direct.MemberListParser::getEndOffset (9 bytes)
Event: 3.590 Thread 0x0000000015311000 nmethod 1777 0x000000000327b790 code [0x000000000327b900, 0x000000000327ba88]
Event: 3.590 Thread 0x0000000015311000 1778       2       com.android.dx.cf.direct.DirectClassFile::getMagic0 (9 bytes)
Event: 3.590 Thread 0x0000000015311000 nmethod 1778 0x00000000032b8310 code [0x00000000032b8480, 0x00000000032b8608]
Event: 3.590 Thread 0x0000000015311000 1779       2       java.util.TreeMap$Values::size (8 bytes)
Event: 3.590 Thread 0x0000000015311000 nmethod 1779 0x00000000032b7fd0 code [0x00000000032b8120, 0x00000000032b8270]
Event: 3.625 Thread 0x0000000015311000 1782       2       com.android.dx.cf.direct.DirectClassFile::makeTypeList (47 bytes)
Event: 3.625 Thread 0x0000000015311000 nmethod 1782 0x00000000032b7a90 code [0x00000000032b7c00, 0x00000000032b7e98]
Event: 3.626 Thread 0x0000000015311000 1783       2       java.util.concurrent.locks.AbstractQueuedSynchronizer::hasQueuedPredecessors (40 bytes)
Event: 3.626 Thread 0x0000000015311000 nmethod 1783 0x00000000032b76d0 code [0x00000000032b7820, 0x00000000032b79d0]

GC Heap History (10 events):
Event: 1.286 GC heap before
{Heap before GC invocations=2 (full 0):
 PSYoungGen      total 18944K, used 18935K [0x00000000eab00000, 0x00000000ec000000, 0x0000000100000000)
  eden space 16384K, 100% used [0x00000000eab00000,0x00000000ebb00000,0x00000000ebb00000)
  from space 2560K, 99% used [0x00000000ebb00000,0x00000000ebd7dc78,0x00000000ebd80000)
  to   space 2560K, 0% used [0x00000000ebd80000,0x00000000ebd80000,0x00000000ec000000)
 ParOldGen       total 44032K, used 1345K [0x00000000c0000000, 0x00000000c2b00000, 0x00000000eab00000)
  object space 44032K, 3% used [0x00000000c0000000,0x00000000c0150440,0x00000000c2b00000)
 Metaspace       used 5928K, capacity 6896K, committed 7040K, reserved 1056768K
  class space    used 583K, capacity 616K, committed 640K, reserved 1048576K
Event: 1.294 GC heap after
Heap after GC invocations=2 (full 0):
 PSYoungGen      total 18944K, used 2554K [0x00000000eab00000, 0x00000000ed000000, 0x0000000100000000)
  eden space 16384K, 0% used [0x00000000eab00000,0x00000000eab00000,0x00000000ebb00000)
  from space 2560K, 99% used [0x00000000ebd80000,0x00000000ebffeaa8,0x00000000ec000000)
  to   space 2560K, 0% used [0x00000000ebb00000,0x00000000ebb00000,0x00000000ebd80000)
 ParOldGen       total 44032K, used 3843K [0x00000000c0000000, 0x00000000c2b00000, 0x00000000eab00000)
  object space 44032K, 8% used [0x00000000c0000000,0x00000000c03c0f70,0x00000000c2b00000)
 Metaspace       used 5928K, capacity 6896K, committed 7040K, reserved 1056768K
  class space    used 583K, capacity 616K, committed 640K, reserved 1048576K
}
Event: 1.468 GC heap before
{Heap before GC invocations=3 (full 0):
 PSYoungGen      total 18944K, used 18938K [0x00000000eab00000, 0x00000000ed000000, 0x0000000100000000)
  eden space 16384K, 100% used [0x00000000eab00000,0x00000000ebb00000,0x00000000ebb00000)
  from space 2560K, 99% used [0x00000000ebd80000,0x00000000ebffeaa8,0x00000000ec000000)
  to   space 2560K, 0% used [0x00000000ebb00000,0x00000000ebb00000,0x00000000ebd80000)
 ParOldGen       total 44032K, used 3843K [0x00000000c0000000, 0x00000000c2b00000, 0x00000000eab00000)
  object space 44032K, 8% used [0x00000000c0000000,0x00000000c03c0f70,0x00000000c2b00000)
 Metaspace       used 6037K, capacity 6960K, committed 7040K, reserved 1056768K
  class space    used 585K, capacity 616K, committed 640K, reserved 1048576K
Event: 1.484 GC heap after
Heap after GC invocations=3 (full 0):
 PSYoungGen      total 18944K, used 2536K [0x00000000eab00000, 0x00000000ed000000, 0x0000000100000000)
  eden space 16384K, 0% used [0x00000000eab00000,0x00000000eab00000,0x00000000ebb00000)
  from space 2560K, 99% used [0x00000000ebb00000,0x00000000ebd7a1c8,0x00000000ebd80000)
  to   space 2560K, 0% used [0x00000000ecd80000,0x00000000ecd80000,0x00000000ed000000)
 ParOldGen       total 44032K, used 6724K [0x00000000c0000000, 0x00000000c2b00000, 0x00000000eab00000)
  object space 44032K, 15% used [0x00000000c0000000,0x00000000c06912d8,0x00000000c2b00000)
 Metaspace       used 6037K, capacity 6960K, committed 7040K, reserved 1056768K
  class space    used 585K, capacity 616K, committed 640K, reserved 1048576K
}
Event: 1.669 GC heap before
{Heap before GC invocations=4 (full 0):
 PSYoungGen      total 18944K, used 18920K [0x00000000eab00000, 0x00000000ed000000, 0x0000000100000000)
  eden space 16384K, 100% used [0x00000000eab00000,0x00000000ebb00000,0x00000000ebb00000)
  from space 2560K, 99% used [0x00000000ebb00000,0x00000000ebd7a1c8,0x00000000ebd80000)
  to   space 2560K, 0% used [0x00000000ecd80000,0x00000000ecd80000,0x00000000ed000000)
 ParOldGen       total 44032K, used 6724K [0x00000000c0000000, 0x00000000c2b00000, 0x00000000eab00000)
  object space 44032K, 15% used [0x00000000c0000000,0x00000000c06912d8,0x00000000c2b00000)
 Metaspace       used 6124K, capacity 7088K, committed 7296K, reserved 1056768K
  class space    used 585K, capacity 616K, committed 640K, reserved 1048576K
Event: 1.685 GC heap after
Heap after GC invocations=4 (full 0):
 PSYoungGen      total 35328K, used 2557K [0x00000000eab00000, 0x00000000ed000000, 0x0000000100000000)
  eden space 32768K, 0% used [0x00000000eab00000,0x00000000eab00000,0x00000000ecb00000)
  from space 2560K, 99% used [0x00000000ecd80000,0x00000000ecfff660,0x00000000ed000000)
  to   space 2560K, 0% used [0x00000000ecb00000,0x00000000ecb00000,0x00000000ecd80000)
 ParOldGen       total 44032K, used 9650K [0x00000000c0000000, 0x00000000c2b00000, 0x00000000eab00000)
  object space 44032K, 21% used [0x00000000c0000000,0x00000000c096cb90,0x00000000c2b00000)
 Metaspace       used 6124K, capacity 7088K, committed 7296K, reserved 1056768K
  class space    used 585K, capacity 616K, committed 640K, reserved 1048576K
}
Event: 2.453 GC heap before
{Heap before GC invocations=5 (full 0):
 PSYoungGen      total 35328K, used 35325K [0x00000000eab00000, 0x00000000ed000000, 0x0000000100000000)
  eden space 32768K, 100% used [0x00000000eab00000,0x00000000ecb00000,0x00000000ecb00000)
  from space 2560K, 99% used [0x00000000ecd80000,0x00000000ecfff660,0x00000000ed000000)
  to   space 2560K, 0% used [0x00000000ecb00000,0x00000000ecb00000,0x00000000ecd80000)
 ParOldGen       total 44032K, used 9650K [0x00000000c0000000, 0x00000000c2b00000, 0x00000000eab00000)
  object space 44032K, 21% used [0x00000000c0000000,0x00000000c096cb90,0x00000000c2b00000)
 Metaspace       used 6151K, capacity 7088K, committed 7296K, reserved 1056768K
  class space    used 586K, capacity 616K, committed 640K, reserved 1048576K
Event: 2.476 GC heap after
Heap after GC invocations=5 (full 0):
 PSYoungGen      total 35328K, used 2529K [0x00000000eab00000, 0x00000000efc00000, 0x0000000100000000)
  eden space 32768K, 0% used [0x00000000eab00000,0x00000000eab00000,0x00000000ecb00000)
  from space 2560K, 98% used [0x00000000ecb00000,0x00000000ecd78468,0x00000000ecd80000)
  to   space 8704K, 0% used [0x00000000ef380000,0x00000000ef380000,0x00000000efc00000)
 ParOldGen       total 44032K, used 15902K [0x00000000c0000000, 0x00000000c2b00000, 0x00000000eab00000)
  object space 44032K, 36% used [0x00000000c0000000,0x00000000c0f87ae8,0x00000000c2b00000)
 Metaspace       used 6151K, capacity 7088K, committed 7296K, reserved 1056768K
  class space    used 586K, capacity 616K, committed 640K, reserved 1048576K
}
Event: 2.707 GC heap before
{Heap before GC invocations=6 (full 0):
 PSYoungGen      total 35328K, used 35297K [0x00000000eab00000, 0x00000000efc00000, 0x0000000100000000)
  eden space 32768K, 100% used [0x00000000eab00000,0x00000000ecb00000,0x00000000ecb00000)
  from space 2560K, 98% used [0x00000000ecb00000,0x00000000ecd78468,0x00000000ecd80000)
  to   space 8704K, 0% used [0x00000000ef380000,0x00000000ef380000,0x00000000efc00000)
 ParOldGen       total 44032K, used 15902K [0x00000000c0000000, 0x00000000c2b00000, 0x00000000eab00000)
  object space 44032K, 36% used [0x00000000c0000000,0x00000000c0f87ae8,0x00000000c2b00000)
 Metaspace       used 6190K, capacity 7088K, committed 7296K, reserved 1056768K
  class space    used 586K, capacity 616K, committed 640K, reserved 1048576K
Event: 2.733 GC heap after
Heap after GC invocations=6 (full 0):
 PSYoungGen      total 72704K, used 8687K [0x00000000eab00000, 0x00000000eff00000, 0x0000000100000000)
  eden space 64000K, 0% used [0x00000000eab00000,0x00000000eab00000,0x00000000ee980000)
  from space 8704K, 99% used [0x00000000ef380000,0x00000000efbfbd10,0x00000000efc00000)
  to   space 10240K, 0% used [0x00000000ee980000,0x00000000ee980000,0x00000000ef380000)
 ParOldGen       total 44032K, used 16483K [0x00000000c0000000, 0x00000000c2b00000, 0x00000000eab00000)
  object space 44032K, 37% used [0x00000000c0000000,0x00000000c1018c00,0x00000000c2b00000)
 Metaspace       used 6190K, capacity 7088K, committed 7296K, reserved 1056768K
  class space    used 586K, capacity 616K, committed 640K, reserved 1048576K
}

Deoptimization events (10 events):
Event: 0.937 Thread 0x0000000016dbc800 Uncommon trap: reason=class_check action=maybe_recompile pc=0x0000000002e463b0 method=com.android.dx.ssa.NormalSsaInsn.accept(Lcom/android/dx/ssa/SsaInsn$Visitor;)V @ 9
Event: 0.957 Thread 0x0000000016dbc800 Uncommon trap: reason=class_check action=maybe_recompile pc=0x0000000002f0a638 method=com.android.dx.ssa.NormalSsaInsn.accept(Lcom/android/dx/ssa/SsaInsn$Visitor;)V @ 9
Event: 1.112 Thread 0x0000000016daf800 Uncommon trap: reason=unreached action=reinterpret pc=0x0000000002f2185c method=com.android.dx.rop.cst.Constant.compareTo(Lcom/android/dx/rop/cst/Constant;)I @ 12
Event: 2.547 Thread 0x0000000016d9f000 Uncommon trap: reason=bimorphic action=maybe_recompile pc=0x0000000003217ebc method=com.android.dx.cf.code.BytecodeArray.parseInstruction(ILcom/android/dx/cf/code/BytecodeArray$Visitor;)I @ 923
Event: 2.550 Thread 0x0000000016d9f000 Uncommon trap: reason=bimorphic action=maybe_recompile pc=0x0000000003217ebc method=com.android.dx.cf.code.BytecodeArray.parseInstruction(ILcom/android/dx/cf/code/BytecodeArray$Visitor;)I @ 923
Event: 2.567 Thread 0x0000000002afe000 Uncommon trap: reason=bimorphic action=maybe_recompile pc=0x0000000003217fd4 method=com.android.dx.cf.code.BytecodeArray.parseInstruction(ILcom/android/dx/cf/code/BytecodeArray$Visitor;)I @ 955
Event: 2.567 Thread 0x0000000002afe000 Uncommon trap: reason=bimorphic action=maybe_recompile pc=0x0000000003217e30 method=com.android.dx.cf.code.BytecodeArray.parseInstruction(ILcom/android/dx/cf/code/BytecodeArray$Visitor;)I @ 907
Event: 2.567 Thread 0x0000000002afe000 Uncommon trap: reason=bimorphic action=maybe_recompile pc=0x0000000003218138 method=com.android.dx.cf.code.BytecodeArray.parseInstruction(ILcom/android/dx/cf/code/BytecodeArray$Visitor;)I @ 1130
Event: 2.567 Thread 0x0000000002afe000 Uncommon trap: reason=bimorphic action=maybe_recompile pc=0x0000000003217ebc method=com.android.dx.cf.code.BytecodeArray.parseInstruction(ILcom/android/dx/cf/code/BytecodeArray$Visitor;)I @ 923
Event: 2.846 Thread 0x0000000002afe000 Uncommon trap: reason=unreached action=reinterpret pc=0x0000000003051e9c method=com.android.dx.ssa.SsaMethod.updateOneDefinition(Lcom/android/dx/ssa/SsaInsn;Lcom/android/dx/rop/code/RegisterSpec;)V @ 4

Internal exceptions (10 events):
Event: 0.816 Thread 0x0000000016d9f000 Exception <a 'java/security/PrivilegedActionException'> (0x00000000eb8773b0) thrown at [D:\re\workspace\8-2-build-windows-amd64-cygwin\jdk8u25\1677\hotspot\src\share\vm\prims\jvm.cpp, line 1312]
Event: 0.889 Thread 0x0000000002afe000 Exception <a 'java/security/PrivilegedActionException'> (0x00000000eba12eb8) thrown at [D:\re\workspace\8-2-build-windows-amd64-cygwin\jdk8u25\1677\hotspot\src\share\vm\prims\jvm.cpp, line 1312]
Event: 0.913 Thread 0x0000000016dbc800 Exception <a 'java/security/PrivilegedActionException'> (0x00000000eabe2270) thrown at [D:\re\workspace\8-2-build-windows-amd64-cygwin\jdk8u25\1677\hotspot\src\share\vm\prims\jvm.cpp, line 1312]
Event: 0.943 Thread 0x0000000016d9f000 Exception <a 'java/security/PrivilegedActionException'> (0x00000000eac1ed18) thrown at [D:\re\workspace\8-2-build-windows-amd64-cygwin\jdk8u25\1677\hotspot\src\share\vm\prims\jvm.cpp, line 1312]
Event: 0.997 Thread 0x0000000016d9f000 Exception <a 'java/security/PrivilegedActionException'> (0x00000000eaed1a28) thrown at [D:\re\workspace\8-2-build-windows-amd64-cygwin\jdk8u25\1677\hotspot\src\share\vm\prims\jvm.cpp, line 1312]
Event: 1.503 Thread 0x0000000016d9f000 Exception <a 'java/security/PrivilegedActionException'> (0x00000000ead6d620) thrown at [D:\re\workspace\8-2-build-windows-amd64-cygwin\jdk8u25\1677\hotspot\src\share\vm\prims\jvm.cpp, line 1312]
Event: 2.422 Thread 0x0000000002afe000 Exception <a 'java/security/PrivilegedActionException'> (0x00000000ec47a578) thrown at [D:\re\workspace\8-2-build-windows-amd64-cygwin\jdk8u25\1677\hotspot\src\share\vm\prims\jvm.cpp, line 1312]
Event: 2.916 Thread 0x0000000016dbc800 Exception <a 'java/lang/ArrayIndexOutOfBoundsException': 18> (0x00000000ebfaed00) thrown at [D:\re\workspace\8-2-build-windows-amd64-cygwin\jdk8u25\1677\hotspot\src\share\vm\interpreter\interpreterRuntime.cpp, line 366]
Event: 2.918 Thread 0x0000000016dbc800 Exception <a 'java/lang/ArrayIndexOutOfBoundsException'> (0x00000000ebfb0798) thrown at [D:\re\workspace\8-2-build-windows-amd64-cygwin\jdk8u25\1677\hotspot\src\share\vm\runtime\sharedRuntime.cpp, line 604]
Event: 3.534 Thread 0x0000000016dbc800 Exception <a 'java/lang/ArrayIndexOutOfBoundsException'> (0x00000000ebfb19b0) thrown at [D:\re\workspace\8-2-build-windows-amd64-cygwin\jdk8u25\1677\hotspot\src\share\vm\runtime\sharedRuntime.cpp, line 604]

Events (10 events):
Event: 2.931 loading class sun/reflect/generics/reflectiveObjects/ParameterizedTypeImpl
Event: 3.525 loading class java/lang/reflect/ParameterizedType
Event: 3.534 loading class java/lang/reflect/ParameterizedType done
Event: 3.534 loading class sun/reflect/generics/reflectiveObjects/ParameterizedTypeImpl done
Event: 3.534 loading class java/lang/reflect/TypeVariable
Event: 3.540 loading class java/lang/reflect/TypeVariable done
Event: 3.540 loading class sun/reflect/generics/reflectiveObjects/TypeVariableImpl
Event: 3.546 loading class sun/reflect/generics/reflectiveObjects/LazyReflectiveObjectGenerator
Event: 3.546 loading class sun/reflect/generics/reflectiveObjects/LazyReflectiveObjectGenerator done
Event: 3.546 loading class sun/reflect/generics/reflectiveObjects/TypeVariableImpl done


Dynamic libraries:
0x00007ff72ce00000 - 0x00007ff72ce34000 	C:\Program Files\Java\jdk1.8.0_25\bin\java.exe
0x00007ffcacc60000 - 0x00007ffcace21000 	C:\WINDOWS\SYSTEM32\ntdll.dll
0x00007ffcaca80000 - 0x00007ffcacb2d000 	C:\WINDOWS\system32\KERNEL32.DLL
0x00007ffca94f0000 - 0x00007ffca96d8000 	C:\WINDOWS\system32\KERNELBASE.dll
0x00007ffcac840000 - 0x00007ffcac8e7000 	C:\WINDOWS\system32\ADVAPI32.dll
0x00007ffcac900000 - 0x00007ffcac99d000 	C:\WINDOWS\system32\msvcrt.dll
0x00007ffcacb30000 - 0x00007ffcacb8b000 	C:\WINDOWS\system32\sechost.dll
0x00007ffcaa1c0000 - 0x00007ffcaa2dc000 	C:\WINDOWS\system32\RPCRT4.dll
0x00007ffcabd30000 - 0x00007ffcabe86000 	C:\WINDOWS\system32\USER32.dll
0x00007ffcab880000 - 0x00007ffcaba06000 	C:\WINDOWS\system32\GDI32.dll
0x00007ffca0310000 - 0x00007ffca0584000 	C:\WINDOWS\WinSxS\amd64_microsoft.windows.common-controls_6595b64144ccf1df_6.0.10586.494_none_a2d8b04ea53e3145\COMCTL32.dll
0x00007ffcac400000 - 0x00007ffcac67d000 	C:\WINDOWS\system32\combase.dll
0x00007ffca9310000 - 0x00007ffca937a000 	C:\WINDOWS\system32\bcryptPrimitives.dll
0x00007ffcab840000 - 0x00007ffcab87b000 	C:\WINDOWS\system32\IMM32.DLL
0x0000000069370000 - 0x0000000069442000 	C:\Program Files\Java\jdk1.8.0_25\jre\bin\msvcr100.dll
0x0000000069720000 - 0x0000000069f7a000 	C:\Program Files\Java\jdk1.8.0_25\jre\bin\server\jvm.dll
0x00007ffcaca00000 - 0x00007ffcaca08000 	C:\WINDOWS\system32\PSAPI.DLL
0x00007ffc95490000 - 0x00007ffc95499000 	C:\WINDOWS\SYSTEM32\WSOCK32.dll
0x00007ffcac7d0000 - 0x00007ffcac83b000 	C:\WINDOWS\system32\WS2_32.dll
0x00007ffca79b0000 - 0x00007ffca79d3000 	C:\WINDOWS\SYSTEM32\WINMM.dll
0x00007ffca7950000 - 0x00007ffca797c000 	C:\WINDOWS\SYSTEM32\WINMMBASE.dll
0x00007ffca96e0000 - 0x00007ffca9723000 	C:\WINDOWS\system32\cfgmgr32.dll
0x000000006a0a0000 - 0x000000006a0af000 	C:\Program Files\Java\jdk1.8.0_25\jre\bin\verify.dll
0x000000006a070000 - 0x000000006a098000 	C:\Program Files\Java\jdk1.8.0_25\jre\bin\java.dll
0x000000006a050000 - 0x000000006a066000 	C:\Program Files\Java\jdk1.8.0_25\jre\bin\zip.dll
0x00007ffcaa2e0000 - 0x00007ffcab83c000 	C:\WINDOWS\system32\SHELL32.dll
0x00007ffca9730000 - 0x00007ffca9d75000 	C:\WINDOWS\system32\windows.storage.dll
0x00007ffcabea0000 - 0x00007ffcabef2000 	C:\WINDOWS\system32\shlwapi.dll
0x00007ffca92b0000 - 0x00007ffca92bf000 	C:\WINDOWS\system32\kernel.appcore.dll
0x00007ffca9430000 - 0x00007ffca94e5000 	C:\WINDOWS\system32\shcore.dll
0x00007ffca92c0000 - 0x00007ffca930b000 	C:\WINDOWS\system32\powrprof.dll
0x00007ffca9290000 - 0x00007ffca92a4000 	C:\WINDOWS\system32\profapi.dll
0x00007ffc92eb0000 - 0x00007ffc9303c000 	C:\WINDOWS\SYSTEM32\dbghelp.dll

VM Arguments:
jvm_args: -Djava.awt.headless=true -Xmx1024M -Dfile.encoding=windows-1252 -Duser.country=FR -Duser.language=fr -Duser.variant 
java_command: com.android.dx.command.Main --dex --force-jumbo --num-threads=4 --multi-dex --output C:\Users\Famille\AndroidStudioProjects\Niviel\app\build\intermediates\transforms\dex\debug\folders\1000\10\jsoup-1.9.2_ecef94a6a7f4aa5a1465b1084b2edeb6df34e0f6 C:\Users\Famille\.gradle\caches\modules-2\files-2.1\org.jsoup\jsoup\1.9.2\5e3bda828a80c7a21dfbe2308d1755759c2fd7b4\jsoup-1.9.2.jar
java_class_path (initial): C:\Users\Famille\AppData\Local\Android\sdk\build-tools\23.0.2\lib\dx.jar
Launcher Type: SUN_STANDARD

Environment Variables:
JAVA_HOME=C:\Program Files\Java\jdk1.8.0_25
PATH=C:\Program Files\Broadcom\Broadcom 802.11 Network Adapter;;C:\Program Files\Broadcom\Broadcom 802.11;C:\ProgramData\Oracle\Java\javapath;C:\Program Files (x86)\Intel\iCLS Client\;C:\Program Files\Intel\iCLS Client\;C:\Windows\system32;C:\Windows;C:\Windows\System32\Wbem;C:\Windows\System32\WindowsPowerShell\v1.0\;C:\Program Files\Hewlett-Packard\SimplePass\;C:\wamp\bin\php\php5.5.12;C:\Python27;C:\Users\Famille\AppData\Roaming\npm\;C:\Program Files\nodejs\;C:\Program Files\Git\cmd;C:\Program Files (x86)\Brackets\command;C:\Program Files (x86)\Ant\bin;C:\Program Files (x86)\Maven\bin;C:\Program Files (x86)\Intel\Intel(R) Management Engine Components\DAL;C:\Program Files\Intel\Intel(R) Management Engine Components\DAL;C:\Program Files (x86)\Intel\Intel(R) Management Engine Components\IPT;C:\Program Files\Intel\Intel(R) Management Engine Components\IPT;C:\Users\Famille\AppData\Local\atom\bin;C:\Users\Famille\AppData\Roaming\npm
USERNAME=de Lachaux
OS=Windows_NT
PROCESSOR_IDENTIFIER=Intel64 Family 6 Model 69 Stepping 1, GenuineIntel



---------------  S Y S T E M  ---------------

OS: Windows 8.1 , 64 bit Build 9600 

CPU:total 4 (2 cores per cpu, 2 threads per core) family 6 model 69 stepping 1, cmov, cx8, fxsr, mmx, sse, sse2, sse3, ssse3, sse4.1, sse4.2, popcnt, avx, avx2, aes, clmul, erms, lzcnt, ht, tsc, tscinvbit, bmi1, bmi2

Memory: 4k page, physical 4122776k(399432k free), swap 5555352k(62572k free)

vm_info: Java HotSpot(TM) 64-Bit Server VM (25.25-b02) for windows-amd64 JRE (1.8.0_25-b18), built on Oct  7 2014 14:25:37 by "java_re" with MS VC++ 10.0 (VS2010)

time: Mon Aug 29 18:06:29 2016
elapsed time: 3 seconds (0d 0h 0m 3s)

