#
# There is insufficient memory for the Java Runtime Environment to continue.
# Native memory allocation (malloc) failed to allocate 65552 bytes for Chunk::new
# Possible reasons:
#   The system is out of physical RAM or swap space
#   In 32 bit mode, the process size limit was hit
# Possible solutions:
#   Reduce memory load on the system
#   Increase physical memory or swap space
#   Check if swap backing store is full
#   Use 64 bit Java on a 64 bit OS
#   Decrease Java heap size (-Xmx/-Xms)
#   Decrease number of Java threads
#   Decrease Java thread stack sizes (-Xss)
#   Set larger code cache with -XX:ReservedCodeCacheSize=
# This output file may be truncated or incomplete.
#
#  Out of Memory Error (allocation.cpp:390), pid=43252, tid=44896
#
# JRE version: Java(TM) SE Runtime Environment (8.0_25-b18) (build 1.8.0_25-b18)
# Java VM: Java HotSpot(TM) 64-Bit Server VM (25.25-b02 mixed mode windows-amd64 compressed oops)
# Failed to write core dump. Minidumps are not enabled by default on client versions of Windows
#

---------------  T H R E A D  ---------------

Current thread (0x0000000014d6c000):  JavaThread "C2 CompilerThread0" daemon [_thread_in_native, id=44896, stack(0x00000000162c0000,0x00000000163c0000)]

Stack: [0x00000000162c0000,0x00000000163c0000]
Native frames: (J=compiled Java code, j=interpreted, Vv=VM code, C=native code)
V  [jvm.dll+0x31667a]


Current CompileTask:
C2:   2748  946       4       com.android.dx.ssa.back.LivenessAnalyzer::handleTailRecursion (94 bytes)


---------------  P R O C E S S  ---------------

Java Threads: ( => current thread )
  0x0000000016816000 JavaThread "pool-1-thread-4" [_thread_blocked, id=46500, stack(0x0000000016fc0000,0x00000000170c0000)]
  0x0000000016815000 JavaThread "pool-1-thread-3" [_thread_in_Java, id=50384, stack(0x0000000016ec0000,0x0000000016fc0000)]
  0x0000000016813800 JavaThread "pool-1-thread-2" [_thread_blocked, id=51940, stack(0x0000000016dc0000,0x0000000016ec0000)]
  0x000000001672f000 JavaThread "pool-2-thread-1" [_thread_blocked, id=51888, stack(0x0000000016cc0000,0x0000000016dc0000)]
  0x000000001672a800 JavaThread "pool-1-thread-1" [_thread_blocked, id=52080, stack(0x0000000016bc0000,0x0000000016cc0000)]
  0x00000000165e4800 JavaThread "Service Thread" daemon [_thread_blocked, id=40876, stack(0x00000000169c0000,0x0000000016ac0000)]
  0x0000000014d76800 JavaThread "C1 CompilerThread2" daemon [_thread_blocked, id=51840, stack(0x00000000164c0000,0x00000000165c0000)]
  0x0000000014d71800 JavaThread "C2 CompilerThread1" daemon [_thread_in_native, id=51676, stack(0x00000000163c0000,0x00000000164c0000)]
=>0x0000000014d6c000 JavaThread "C2 CompilerThread0" daemon [_thread_in_native, id=44896, stack(0x00000000162c0000,0x00000000163c0000)]
  0x0000000014d6a800 JavaThread "Attach Listener" daemon [_thread_blocked, id=46964, stack(0x00000000161c0000,0x00000000162c0000)]
  0x0000000014d6a000 JavaThread "Signal Dispatcher" daemon [_thread_blocked, id=44600, stack(0x00000000160c0000,0x00000000161c0000)]
  0x000000000268f000 JavaThread "Finalizer" daemon [_thread_blocked, id=37660, stack(0x0000000015fc0000,0x00000000160c0000)]
  0x000000000268c000 JavaThread "Reference Handler" daemon [_thread_blocked, id=51404, stack(0x0000000015ec0000,0x0000000015fc0000)]
  0x000000000259d800 JavaThread "main" [_thread_in_Java, id=51056, stack(0x0000000002490000,0x0000000002590000)]

Other Threads:
  0x0000000014d36800 VMThread [stack: 0x0000000015dc0000,0x0000000015ec0000] [id=51792]
  0x00000000165e6000 WatcherThread [stack: 0x0000000016ac0000,0x0000000016bc0000] [id=51996]

VM state:not at safepoint (normal execution)

VM Mutex/Monitor currently owned by a thread: None

Heap:
 PSYoungGen      total 18944K, used 6660K [0x00000000eab00000, 0x00000000ed000000, 0x0000000100000000)
  eden space 16384K, 25% used [0x00000000eab00000,0x00000000eaf07b00,0x00000000ebb00000)
  from space 2560K, 98% used [0x00000000ebb00000,0x00000000ebd796a8,0x00000000ebd80000)
  to   space 2560K, 0% used [0x00000000ecd80000,0x00000000ecd80000,0x00000000ed000000)
 ParOldGen       total 44032K, used 1881K [0x00000000c0000000, 0x00000000c2b00000, 0x00000000eab00000)
  object space 44032K, 4% used [0x00000000c0000000,0x00000000c01d6440,0x00000000c2b00000)
 Metaspace       used 5816K, capacity 6768K, committed 7040K, reserved 1056768K
  class space    used 588K, capacity 616K, committed 640K, reserved 1048576K

Card table byte_map: [0x0000000011a60000,0x0000000011c70000] byte_map_base: 0x0000000011460000

Marking Bits: (ParMarkBitMap*) 0x000000005c28d490
 Begin Bits: [0x00000000121d0000, 0x00000000131d0000)
 End Bits:   [0x00000000131d0000, 0x00000000141d0000)

Polling page: 0x0000000000be0000

CodeCache: size=245760Kb used=3832Kb max_used=3839Kb free=241927Kb
 bounds [0x00000000026a0000, 0x0000000002a70000, 0x00000000116a0000]
 total_blobs=1225 nmethods=960 adapters=178
 compilation: enabled

Compilation events (10 events):
Event: 2.710 Thread 0x0000000014d76800  958       3       com.android.dx.ssa.back.InterferenceGraph::mergeInterferenceSet (29 bytes)
Event: 2.711 Thread 0x0000000014d76800 nmethod 958 0x0000000002a55350 code [0x0000000002a55500, 0x0000000002a55aa8]
Event: 2.711 Thread 0x0000000014d76800  959       3       com.android.dx.util.BitIntSet::merge (148 bytes)
Event: 2.712 Thread 0x0000000014d76800 nmethod 959 0x0000000002a5a3d0 code [0x0000000002a5a680, 0x0000000002a5b848]
Event: 2.713 Thread 0x0000000014d76800  960       3       com.android.dx.util.Bits::or (24 bytes)
Event: 2.713 Thread 0x0000000014d76800 nmethod 960 0x0000000002a50910 code [0x0000000002a50a80, 0x0000000002a50c90]
Event: 2.714 Thread 0x0000000014d76800  961       3       java.util.BitSet::nextClearBit (116 bytes)
Event: 2.715 Thread 0x0000000014d76800 nmethod 961 0x0000000002a5c1d0 code [0x0000000002a5c3e0, 0x0000000002a5ce98]
Event: 2.716 Thread 0x0000000014d76800  962       3       com.android.dx.ssa.back.FirstFitLocalCombiningAllocator::findNextUnreservedRopReg (68 bytes)
Event: 2.717 Thread 0x0000000014d76800 nmethod 962 0x0000000002a54a90 code [0x0000000002a54c40, 0x0000000002a55148]

GC Heap History (2 events):
Event: 2.527 GC heap before
{Heap before GC invocations=1 (full 0):
 PSYoungGen      total 18944K, used 16384K [0x00000000eab00000, 0x00000000ec000000, 0x0000000100000000)
  eden space 16384K, 100% used [0x00000000eab00000,0x00000000ebb00000,0x00000000ebb00000)
  from space 2560K, 0% used [0x00000000ebd80000,0x00000000ebd80000,0x00000000ec000000)
  to   space 2560K, 0% used [0x00000000ebb00000,0x00000000ebb00000,0x00000000ebd80000)
 ParOldGen       total 44032K, used 0K [0x00000000c0000000, 0x00000000c2b00000, 0x00000000eab00000)
  object space 44032K, 0% used [0x00000000c0000000,0x00000000c0000000,0x00000000c2b00000)
 Metaspace       used 5786K, capacity 6768K, committed 7040K, reserved 1056768K
  class space    used 587K, capacity 616K, committed 640K, reserved 1048576K
Event: 2.664 GC heap after
Heap after GC invocations=1 (full 0):
 PSYoungGen      total 18944K, used 2533K [0x00000000eab00000, 0x00000000ed000000, 0x0000000100000000)
  eden space 16384K, 0% used [0x00000000eab00000,0x00000000eab00000,0x00000000ebb00000)
  from space 2560K, 98% used [0x00000000ebb00000,0x00000000ebd796a8,0x00000000ebd80000)
  to   space 2560K, 0% used [0x00000000ecd80000,0x00000000ecd80000,0x00000000ed000000)
 ParOldGen       total 44032K, used 1881K [0x00000000c0000000, 0x00000000c2b00000, 0x00000000eab00000)
  object space 44032K, 4% used [0x00000000c0000000,0x00000000c01d6440,0x00000000c2b00000)
 Metaspace       used 5786K, capacity 6768K, committed 7040K, reserved 1056768K
  class space    used 587K, capacity 616K, committed 640K, reserved 1048576K
}

Deoptimization events (5 events):
Event: 2.673 Thread 0x000000000259d800 Uncommon trap: reason=bimorphic action=maybe_recompile pc=0x0000000002920870 method=java.util.HashMap.getNode(ILjava/lang/Object;)Ljava/util/HashMap$Node; @ 126
Event: 2.673 Thread 0x000000000259d800 Uncommon trap: reason=bimorphic action=maybe_recompile pc=0x0000000002920870 method=java.util.HashMap.getNode(ILjava/lang/Object;)Ljava/util/HashMap$Node; @ 126
Event: 2.673 Thread 0x000000000259d800 Uncommon trap: reason=bimorphic action=maybe_recompile pc=0x0000000002920870 method=java.util.HashMap.getNode(ILjava/lang/Object;)Ljava/util/HashMap$Node; @ 126
Event: 2.673 Thread 0x000000000259d800 Uncommon trap: reason=bimorphic action=maybe_recompile pc=0x0000000002920870 method=java.util.HashMap.getNode(ILjava/lang/Object;)Ljava/util/HashMap$Node; @ 126
Event: 2.674 Thread 0x000000000259d800 Uncommon trap: reason=bimorphic action=maybe_recompile pc=0x00000000028e6f10 method=java.util.HashMap.getNode(ILjava/lang/Object;)Ljava/util/HashMap$Node; @ 126

Internal exceptions (10 events):
Event: 2.168 Thread 0x000000000259d800 Exception <a 'java/security/PrivilegedActionException'> (0x00000000eb4003c0) thrown at [D:\re\workspace\8-2-build-windows-amd64-cygwin\jdk8u25\1677\hotspot\src\share\vm\prims\jvm.cpp, line 1312]
Event: 2.169 Thread 0x000000000259d800 Exception <a 'java/security/PrivilegedActionException'> (0x00000000eb404dc8) thrown at [D:\re\workspace\8-2-build-windows-amd64-cygwin\jdk8u25\1677\hotspot\src\share\vm\prims\jvm.cpp, line 1312]
Event: 2.170 Thread 0x000000000259d800 Exception <a 'java/security/PrivilegedActionException'> (0x00000000eb5a9720) thrown at [D:\re\workspace\8-2-build-windows-amd64-cygwin\jdk8u25\1677\hotspot\src\share\vm\prims\jvm.cpp, line 1312]
Event: 2.172 Thread 0x000000000259d800 Exception <a 'java/security/PrivilegedActionException'> (0x00000000eb5b2730) thrown at [D:\re\workspace\8-2-build-windows-amd64-cygwin\jdk8u25\1677\hotspot\src\share\vm\prims\jvm.cpp, line 1312]
Event: 2.173 Thread 0x000000000259d800 Exception <a 'java/security/PrivilegedActionException'> (0x00000000eb5b7ee8) thrown at [D:\re\workspace\8-2-build-windows-amd64-cygwin\jdk8u25\1677\hotspot\src\share\vm\prims\jvm.cpp, line 1312]
Event: 2.176 Thread 0x0000000016815000 Exception <a 'java/security/PrivilegedActionException'> (0x00000000eb50c3c0) thrown at [D:\re\workspace\8-2-build-windows-amd64-cygwin\jdk8u25\1677\hotspot\src\share\vm\prims\jvm.cpp, line 1312]
Event: 2.178 Thread 0x000000000259d800 Exception <a 'java/security/PrivilegedActionException'> (0x00000000eb5cc4f8) thrown at [D:\re\workspace\8-2-build-windows-amd64-cygwin\jdk8u25\1677\hotspot\src\share\vm\prims\jvm.cpp, line 1312]
Event: 2.185 Thread 0x000000001672a800 Exception <a 'java/security/PrivilegedActionException'> (0x00000000eb2e5ed0) thrown at [D:\re\workspace\8-2-build-windows-amd64-cygwin\jdk8u25\1677\hotspot\src\share\vm\prims\jvm.cpp, line 1312]
Event: 2.227 Thread 0x0000000016816000 Exception <a 'java/security/PrivilegedActionException'> (0x00000000eb47b2e0) thrown at [D:\re\workspace\8-2-build-windows-amd64-cygwin\jdk8u25\1677\hotspot\src\share\vm\prims\jvm.cpp, line 1312]
Event: 2.244 Thread 0x0000000016815000 Exception <a 'java/security/PrivilegedActionException'> (0x00000000eb52acd8) thrown at [D:\re\workspace\8-2-build-windows-amd64-cygwin\jdk8u25\1677\hotspot\src\share\vm\prims\jvm.cpp, line 1312]

Events (10 events):
Event: 2.673 Thread 0x000000000259d800 DEOPT UNPACKING pc=0x00000000026e556a sp=0x000000000258e598 mode 2
Event: 2.673 Thread 0x000000000259d800 Uncommon trap: trap_request=0xffffffc6 fr.pc=0x0000000002920870
Event: 2.673 Thread 0x000000000259d800 DEOPT PACKING pc=0x0000000002920870 sp=0x000000000258e340
Event: 2.673 Thread 0x000000000259d800 DEOPT UNPACKING pc=0x00000000026e556a sp=0x000000000258e258 mode 2
Event: 2.673 Thread 0x000000000259d800 Uncommon trap: trap_request=0xffffffc6 fr.pc=0x0000000002920870
Event: 2.674 Thread 0x000000000259d800 DEOPT PACKING pc=0x0000000002920870 sp=0x000000000258e320
Event: 2.674 Thread 0x000000000259d800 DEOPT UNPACKING pc=0x00000000026e556a sp=0x000000000258e238 mode 2
Event: 2.674 Thread 0x000000000259d800 Uncommon trap: trap_request=0xffffffc6 fr.pc=0x00000000028e6f10
Event: 2.674 Thread 0x000000000259d800 DEOPT PACKING pc=0x00000000028e6f10 sp=0x000000000258e2b0
Event: 2.674 Thread 0x000000000259d800 DEOPT UNPACKING pc=0x00000000026e556a sp=0x000000000258e238 mode 2


Dynamic libraries:
0x00007ff6a1ad0000 - 0x00007ff6a1b04000 	C:\Program Files\Java\jdk1.8.0_25\bin\java.exe
0x00007ffb77dc0000 - 0x00007ffb77f91000 	C:\WINDOWS\SYSTEM32\ntdll.dll
0x00007ffb777e0000 - 0x00007ffb7788b000 	C:\WINDOWS\System32\KERNEL32.DLL
0x00007ffb74760000 - 0x00007ffb7497d000 	C:\WINDOWS\System32\KERNELBASE.dll
0x00007ffb76a50000 - 0x00007ffb76af2000 	C:\WINDOWS\System32\ADVAPI32.dll
0x00007ffb77ab0000 - 0x00007ffb77b4e000 	C:\WINDOWS\System32\msvcrt.dll
0x00007ffb76d90000 - 0x00007ffb76de9000 	C:\WINDOWS\System32\sechost.dll
0x00007ffb76c60000 - 0x00007ffb76d81000 	C:\WINDOWS\System32\RPCRT4.dll
0x00007ffb77b50000 - 0x00007ffb77cb5000 	C:\WINDOWS\System32\USER32.dll
0x00007ffb74310000 - 0x00007ffb7432e000 	C:\WINDOWS\System32\win32u.dll
0x00007ffb76910000 - 0x00007ffb76944000 	C:\WINDOWS\System32\GDI32.dll
0x00007ffb74980000 - 0x00007ffb74b02000 	C:\WINDOWS\System32\gdi32full.dll
0x00007ffb68940000 - 0x00007ffb68bba000 	C:\WINDOWS\WinSxS\amd64_microsoft.windows.common-controls_6595b64144ccf1df_6.0.14393.351_none_4213128bc687e6d3\COMCTL32.dll
0x00007ffb77510000 - 0x00007ffb777d7000 	C:\WINDOWS\System32\combase.dll
0x00007ffb74330000 - 0x00007ffb74425000 	C:\WINDOWS\System32\ucrtbase.dll
0x00007ffb746a0000 - 0x00007ffb7470a000 	C:\WINDOWS\System32\bcryptPrimitives.dll
0x00007ffb77d20000 - 0x00007ffb77d4e000 	C:\WINDOWS\System32\IMM32.DLL
0x000000005e0a0000 - 0x000000005e172000 	C:\Program Files\Java\jdk1.8.0_25\jre\bin\msvcr100.dll
0x000000005bab0000 - 0x000000005c30a000 	C:\Program Files\Java\jdk1.8.0_25\jre\bin\server\jvm.dll
0x00007ffb76900000 - 0x00007ffb76908000 	C:\WINDOWS\System32\PSAPI.DLL
0x00007ffb68180000 - 0x00007ffb68189000 	C:\WINDOWS\SYSTEM32\WSOCK32.dll
0x00007ffb77d50000 - 0x00007ffb77dba000 	C:\WINDOWS\System32\WS2_32.dll
0x00007ffb725d0000 - 0x00007ffb725f3000 	C:\WINDOWS\SYSTEM32\WINMM.dll
0x00007ffb72560000 - 0x00007ffb7258b000 	C:\WINDOWS\SYSTEM32\WINMMBASE.dll
0x00007ffb74710000 - 0x00007ffb74752000 	C:\WINDOWS\System32\cfgmgr32.dll
0x000000005e090000 - 0x000000005e09f000 	C:\Program Files\Java\jdk1.8.0_25\jre\bin\verify.dll
0x000000005e060000 - 0x000000005e088000 	C:\Program Files\Java\jdk1.8.0_25\jre\bin\java.dll
0x000000005e040000 - 0x000000005e056000 	C:\Program Files\Java\jdk1.8.0_25\jre\bin\zip.dll
0x00007ffb75350000 - 0x00007ffb76859000 	C:\WINDOWS\System32\SHELL32.dll
0x00007ffb74b10000 - 0x00007ffb751ea000 	C:\WINDOWS\System32\windows.storage.dll
0x00007ffb74260000 - 0x00007ffb742ac000 	C:\WINDOWS\System32\powrprof.dll
0x00007ffb77890000 - 0x00007ffb778e2000 	C:\WINDOWS\System32\shlwapi.dll
0x00007ffb74250000 - 0x00007ffb7425f000 	C:\WINDOWS\System32\kernel.appcore.dll
0x00007ffb751f0000 - 0x00007ffb75299000 	C:\WINDOWS\System32\shcore.dll
0x00007ffb74230000 - 0x00007ffb74244000 	C:\WINDOWS\System32\profapi.dll
0x00007ffb63ef0000 - 0x00007ffb64082000 	C:\WINDOWS\SYSTEM32\dbghelp.dll

VM Arguments:
jvm_args: -Djava.awt.headless=true -Xmx1024M -Dfile.encoding=windows-1252 -Duser.country=FR -Duser.language=fr -Duser.variant 
java_command: com.android.dx.command.Main --dex --num-threads=4 --output C:\Users\Famille\AndroidStudioProjects\Niviel\app\build\intermediates\pre-dexed\debug\okio-1.9.0_ca911fd83f17b37921dc6e7eeb446ea2af803b10.jar C:\Users\Famille\.gradle\caches\modules-2\files-2.1\com.squareup.okio\okio\1.9.0\f824591a0016efbaeddb8300bee54832a1398cfa\okio-1.9.0.jar
java_class_path (initial): C:\Users\Famille\AppData\Local\Android\sdk\build-tools\23.0.2\lib\dx.jar
Launcher Type: SUN_STANDARD

Environment Variables:
JAVA_HOME=C:\Program Files\Java\jdk1.8.0_25
PATH=C:\Program Files\Broadcom\Broadcom 802.11 Network Adapter;C:\Program Files\Broadcom\Broadcom 802.11;C:\ProgramData\Oracle\Java\javapath;C:\Program Files (x86)\Intel\iCLS Client\;C:\Program Files\Intel\iCLS Client\;C:\Windows\system32;C:\Windows;C:\Windows\System32\Wbem;C:\Windows\System32\WindowsPowerShell\v1.0\;C:\Program Files\Hewlett-Packard\SimplePass\;C:\wamp\bin\php\php5.5.12;C:\Python34;C:\Users\Famille\AppData\Roaming\npm\;C:\Program Files\nodejs\;C:\Program Files\Git\cmd;C:\Program Files (x86)\Brackets\command;C:\Program Files (x86)\Ant\bin;C:\Program Files (x86)\Maven\bin;C:\Program Files (x86)\Intel\Intel(R) Management Engine Components\DAL;C:\Program Files\Intel\Intel(R) Management Engine Components\DAL;C:\Program Files (x86)\Intel\Intel(R) Management Engine Components\IPT;C:\Program Files\Intel\Intel(R) Management Engine Components\IPT;C:\Users\Famille\AppData\Local\Android\sdk\platform-tools;C:\WINDOWS\system32;C:\WINDOWS;C:\WINDOWS\System32\Wbem;C:\WINDOWS\System32\WindowsPowerShell\v1.0\;C:\Users\Famille\AppData\Local\atom\bin;C:\Users\Famille\AppData\Roaming\npm;%USERPROFILE%\AppData\Local\Microsoft\WindowsApps;
USERNAME=de Lachaux
OS=Windows_NT
PROCESSOR_IDENTIFIER=Intel64 Family 6 Model 69 Stepping 1, GenuineIntel



---------------  S Y S T E M  ---------------

OS: Windows 8.1 , 64 bit Build 9600 

CPU:total 4 (2 cores per cpu, 2 threads per core) family 6 model 69 stepping 1, cmov, cx8, fxsr, mmx, sse, sse2, sse3, ssse3, sse4.1, sse4.2, popcnt, avx, avx2, aes, clmul, erms, lzcnt, ht, tsc, tscinvbit, bmi1, bmi2

Memory: 4k page, physical 4122776k(387520k free), swap 5555352k(1960k free)

vm_info: Java HotSpot(TM) 64-Bit Server VM (25.25-b02) for windows-amd64 JRE (1.8.0_25-b18), built on Oct  7 2014 14:25:37 by "java_re" with MS VC++ 10.0 (VS2010)

time: Sat Nov 05 19:44:10 2016
elapsed time: 2 seconds (0d 0h 0m 2s)

