#
# There is insufficient memory for the Java Runtime Environment to continue.
# Native memory allocation (malloc) failed to allocate 1481616 bytes for Chunk::new
# Possible reasons:
#   The system is out of physical RAM or swap space
#   In 32 bit mode, the process size limit was hit
# Possible solutions:
#   Reduce memory load on the system
#   Increase physical memory or swap space
#   Check if swap backing store is full
#   Use 64 bit Java on a 64 bit OS
#   Decrease Java heap size (-Xmx/-Xms)
#   Decrease number of Java threads
#   Decrease Java thread stack sizes (-Xss)
#   Set larger code cache with -XX:ReservedCodeCacheSize=
# This output file may be truncated or incomplete.
#
#  Out of Memory Error (allocation.cpp:390), pid=33152, tid=33048
#
# JRE version: Java(TM) SE Runtime Environment (8.0_25-b18) (build 1.8.0_25-b18)
# Java VM: Java HotSpot(TM) 64-Bit Server VM (25.25-b02 mixed mode windows-amd64 compressed oops)
# Failed to write core dump. Minidumps are not enabled by default on client versions of Windows
#

---------------  T H R E A D  ---------------

Current thread (0x0000000015591000):  JavaThread "C2 CompilerThread1" daemon [_thread_in_native, id=33048, stack(0x0000000016c20000,0x0000000016d20000)]

Stack: [0x0000000016c20000,0x0000000016d20000]
Native frames: (J=compiled Java code, j=interpreted, Vv=VM code, C=native code)
V  [jvm.dll+0x31667a]
V  [jvm.dll+0x267073]
V  [jvm.dll+0x267cb3]
V  [jvm.dll+0x25f5b5]
V  [jvm.dll+0xbf165]
V  [jvm.dll+0xbf60c]
V  [jvm.dll+0x45d672]
V  [jvm.dll+0x49e8ef]
V  [jvm.dll+0x452668]
V  [jvm.dll+0x453864]
V  [jvm.dll+0x437372]
V  [jvm.dll+0x98a02]
V  [jvm.dll+0x991f3]
V  [jvm.dll+0x22bde4]
V  [jvm.dll+0x2852fa]
C  [msvcr100.dll+0x21d9f]
C  [msvcr100.dll+0x21e3b]
C  [KERNEL32.DLL+0x18102]
C  [ntdll.dll+0x5c5b4]


Current CompileTask:
C2:   1182 1244       4       com.android.dx.dex.code.OutputFinisher::addConstants (93 bytes)


---------------  P R O C E S S  ---------------

Java Threads: ( => current thread )
  0x0000000016fc9000 JavaThread "pool-1-thread-1" [_thread_in_vm, id=21568, stack(0x00000000190f0000,0x00000000191f0000)]
  0x0000000016e4c800 JavaThread "Service Thread" daemon [_thread_blocked, id=28320, stack(0x0000000017220000,0x0000000017320000)]
  0x0000000015596000 JavaThread "C1 CompilerThread2" daemon [_thread_in_native, id=33292, stack(0x0000000016d20000,0x0000000016e20000)]
=>0x0000000015591000 JavaThread "C2 CompilerThread1" daemon [_thread_in_native, id=33048, stack(0x0000000016c20000,0x0000000016d20000)]
  0x000000001558c000 JavaThread "C2 CompilerThread0" daemon [_thread_blocked, id=32992, stack(0x0000000016b20000,0x0000000016c20000)]
  0x000000001558a800 JavaThread "Attach Listener" daemon [_thread_blocked, id=33396, stack(0x0000000016a20000,0x0000000016b20000)]
  0x000000001558a000 JavaThread "Signal Dispatcher" daemon [_thread_blocked, id=33324, stack(0x0000000016920000,0x0000000016a20000)]
  0x0000000002eb0800 JavaThread "Finalizer" daemon [_thread_blocked, id=33124, stack(0x0000000016820000,0x0000000016920000)]
  0x0000000002ead000 JavaThread "Reference Handler" daemon [_thread_blocked, id=33592, stack(0x0000000016720000,0x0000000016820000)]
  0x0000000002bce000 JavaThread "main" [_thread_blocked, id=33176, stack(0x0000000002cc0000,0x0000000002dc0000)]

Other Threads:
  0x0000000015556800 VMThread [stack: 0x0000000016620000,0x0000000016720000] [id=33632]
  0x0000000016e50000 WatcherThread [stack: 0x0000000017320000,0x0000000017420000] [id=8960]

VM state:not at safepoint (normal execution)

VM Mutex/Monitor currently owned by a thread: None

Heap:
 PSYoungGen      total 18944K, used 18075K [0x00000000eab00000, 0x00000000ed000000, 0x0000000100000000)
  eden space 16384K, 94% used [0x00000000eab00000,0x00000000eba2d210,0x00000000ebb00000)
  from space 2560K, 99% used [0x00000000ebb00000,0x00000000ebd79c88,0x00000000ebd80000)
  to   space 2560K, 0% used [0x00000000ecd80000,0x00000000ecd80000,0x00000000ed000000)
 ParOldGen       total 44032K, used 1471K [0x00000000c0000000, 0x00000000c2b00000, 0x00000000eab00000)
  object space 44032K, 3% used [0x00000000c0000000,0x00000000c016fd38,0x00000000c2b00000)
 Metaspace       used 6265K, capacity 7216K, committed 7296K, reserved 1056768K
  class space    used 610K, capacity 616K, committed 640K, reserved 1048576K

Card table byte_map: [0x0000000012280000,0x0000000012490000] byte_map_base: 0x0000000011c80000

Marking Bits: (ParMarkBitMap*) 0x0000000057b9d490
 Begin Bits: [0x00000000129f0000, 0x00000000139f0000)
 End Bits:   [0x00000000139f0000, 0x00000000149f0000)

Polling page: 0x0000000001590000

CodeCache: size=245760Kb used=5287Kb max_used=5297Kb free=240472Kb
 bounds [0x0000000002ec0000, 0x00000000033f0000, 0x0000000011ec0000]
 total_blobs=1721 nmethods=1456 adapters=179
 compilation: enabled

Compilation events (10 events):
Event: 1.149 Thread 0x0000000015596000 1415       3       com.android.dx.dex.file.ValueEncoder::writeConstant (494 bytes)
Event: 1.151 Thread 0x0000000015596000 nmethod 1415 0x00000000033c2e10 code [0x00000000033c3200, 0x00000000033c56a8]
Event: 1.152 Thread 0x0000000015596000 1417       3       java.lang.Long::numberOfLeadingZeros (94 bytes)
Event: 1.152 Thread 0x0000000015596000 nmethod 1417 0x00000000033c0190 code [0x00000000033c0300, 0x00000000033c0610]
Event: 1.152 Thread 0x0000000015596000 1418       1       com.android.dx.rop.cst.CstArray::getList (5 bytes)
Event: 1.152 Thread 0x0000000015596000 nmethod 1418 0x00000000033b9c50 code [0x00000000033b9da0, 0x00000000033b9eb0]
Event: 1.153 Thread 0x0000000015596000 1419       3       com.android.dx.dex.file.TypeIdsSection::indexOf (66 bytes)
Event: 1.153 Thread 0x000000001558c000 nmethod 1411 0x00000000033bfad0 code [0x00000000033bfc40, 0x00000000033bfed8]
Event: 1.153 Thread 0x000000001558c000 1416       4       com.android.dx.util.ByteArrayAnnotatedOutput::writeByte (51 bytes)
Event: 1.154 Thread 0x0000000015596000 nmethod 1419 0x00000000033c7710 code [0x00000000033c7980, 0x00000000033c89f8]

GC Heap History (2 events):
Event: 0.660 GC heap before
{Heap before GC invocations=1 (full 0):
 PSYoungGen      total 18944K, used 16384K [0x00000000eab00000, 0x00000000ec000000, 0x0000000100000000)
  eden space 16384K, 100% used [0x00000000eab00000,0x00000000ebb00000,0x00000000ebb00000)
  from space 2560K, 0% used [0x00000000ebd80000,0x00000000ebd80000,0x00000000ec000000)
  to   space 2560K, 0% used [0x00000000ebb00000,0x00000000ebb00000,0x00000000ebd80000)
 ParOldGen       total 44032K, used 0K [0x00000000c0000000, 0x00000000c2b00000, 0x00000000eab00000)
  object space 44032K, 0% used [0x00000000c0000000,0x00000000c0000000,0x00000000c2b00000)
 Metaspace       used 5631K, capacity 6640K, committed 6784K, reserved 1056768K
  class space    used 586K, capacity 616K, committed 640K, reserved 1048576K
Event: 0.667 GC heap after
Heap after GC invocations=1 (full 0):
 PSYoungGen      total 18944K, used 2535K [0x00000000eab00000, 0x00000000ed000000, 0x0000000100000000)
  eden space 16384K, 0% used [0x00000000eab00000,0x00000000eab00000,0x00000000ebb00000)
  from space 2560K, 99% used [0x00000000ebb00000,0x00000000ebd79c88,0x00000000ebd80000)
  to   space 2560K, 0% used [0x00000000ecd80000,0x00000000ecd80000,0x00000000ed000000)
 ParOldGen       total 44032K, used 1471K [0x00000000c0000000, 0x00000000c2b00000, 0x00000000eab00000)
  object space 44032K, 3% used [0x00000000c0000000,0x00000000c016fd38,0x00000000c2b00000)
 Metaspace       used 5631K, capacity 6640K, committed 6784K, reserved 1056768K
  class space    used 586K, capacity 616K, committed 640K, reserved 1048576K
}

Deoptimization events (10 events):
Event: 1.005 Thread 0x0000000016fc9000 Uncommon trap: reason=bimorphic action=maybe_recompile pc=0x00000000030e94e8 method=java.util.HashMap.getNode(ILjava/lang/Object;)Ljava/util/HashMap$Node; @ 126
Event: 1.005 Thread 0x0000000016fc9000 Uncommon trap: reason=bimorphic action=maybe_recompile pc=0x00000000030e94e8 method=java.util.HashMap.getNode(ILjava/lang/Object;)Ljava/util/HashMap$Node; @ 126
Event: 1.005 Thread 0x0000000016fc9000 Uncommon trap: reason=bimorphic action=maybe_recompile pc=0x00000000030a7c90 method=java.util.HashMap.getNode(ILjava/lang/Object;)Ljava/util/HashMap$Node; @ 126
Event: 1.019 Thread 0x0000000016fc9000 Uncommon trap: reason=class_check action=maybe_recompile pc=0x0000000003290b48 method=java.util.HashMap.putVal(ILjava/lang/Object;Ljava/lang/Object;ZZ)Ljava/lang/Object; @ 203
Event: 1.019 Thread 0x0000000016fc9000 Uncommon trap: reason=class_check action=maybe_recompile pc=0x0000000003290b48 method=java.util.HashMap.putVal(ILjava/lang/Object;Ljava/lang/Object;ZZ)Ljava/lang/Object; @ 203
Event: 1.019 Thread 0x0000000016fc9000 Uncommon trap: reason=class_check action=maybe_recompile pc=0x0000000003290b48 method=java.util.HashMap.putVal(ILjava/lang/Object;Ljava/lang/Object;ZZ)Ljava/lang/Object; @ 203
Event: 1.074 Thread 0x0000000016fc9000 Uncommon trap: reason=speculate_class_check action=maybe_recompile pc=0x00000000031cab6c method=com.android.dx.util.FixedSizeList.equals(Ljava/lang/Object;)Z @ 25
Event: 1.074 Thread 0x0000000016fc9000 Uncommon trap: reason=speculate_class_check action=maybe_recompile pc=0x00000000031cab6c method=com.android.dx.util.FixedSizeList.equals(Ljava/lang/Object;)Z @ 25
Event: 1.074 Thread 0x0000000016fc9000 Uncommon trap: reason=speculate_class_check action=maybe_recompile pc=0x00000000031cab6c method=com.android.dx.util.FixedSizeList.equals(Ljava/lang/Object;)Z @ 25
Event: 1.077 Thread 0x0000000016fc9000 Uncommon trap: reason=speculate_class_check action=maybe_recompile pc=0x00000000031cab6c method=com.android.dx.util.FixedSizeList.equals(Ljava/lang/Object;)Z @ 25

Internal exceptions (10 events):
Event: 1.063 Thread 0x0000000016fc9000 Exception <a 'java/security/PrivilegedActionException'> (0x00000000eb8d31f0) thrown at [D:\re\workspace\8-2-build-windows-amd64-cygwin\jdk8u25\1677\hotspot\src\share\vm\prims\jvm.cpp, line 1312]
Event: 1.063 Thread 0x0000000016fc9000 Exception <a 'java/security/PrivilegedActionException'> (0x00000000eb8d79c8) thrown at [D:\re\workspace\8-2-build-windows-amd64-cygwin\jdk8u25\1677\hotspot\src\share\vm\prims\jvm.cpp, line 1312]
Event: 1.073 Thread 0x0000000016fc9000 Exception <a 'java/security/PrivilegedActionException'> (0x00000000eb8eb758) thrown at [D:\re\workspace\8-2-build-windows-amd64-cygwin\jdk8u25\1677\hotspot\src\share\vm\prims\jvm.cpp, line 1312]
Event: 1.074 Thread 0x0000000016fc9000 Exception <a 'java/security/PrivilegedActionException'> (0x00000000eb8ee8c0) thrown at [D:\re\workspace\8-2-build-windows-amd64-cygwin\jdk8u25\1677\hotspot\src\share\vm\prims\jvm.cpp, line 1312]
Event: 1.075 Thread 0x0000000016fc9000 Exception <a 'java/security/PrivilegedActionException'> (0x00000000eb8f1b48) thrown at [D:\re\workspace\8-2-build-windows-amd64-cygwin\jdk8u25\1677\hotspot\src\share\vm\prims\jvm.cpp, line 1312]
Event: 1.121 Thread 0x0000000016fc9000 Exception <a 'java/security/PrivilegedActionException'> (0x00000000eb94d5d8) thrown at [D:\re\workspace\8-2-build-windows-amd64-cygwin\jdk8u25\1677\hotspot\src\share\vm\prims\jvm.cpp, line 1312]
Event: 1.127 Thread 0x0000000016fc9000 Exception <a 'java/security/PrivilegedActionException'> (0x00000000eb95c750) thrown at [D:\re\workspace\8-2-build-windows-amd64-cygwin\jdk8u25\1677\hotspot\src\share\vm\prims\jvm.cpp, line 1312]
Event: 1.129 Thread 0x0000000016fc9000 Exception <a 'java/security/PrivilegedActionException'> (0x00000000eb968600) thrown at [D:\re\workspace\8-2-build-windows-amd64-cygwin\jdk8u25\1677\hotspot\src\share\vm\prims\jvm.cpp, line 1312]
Event: 1.129 Thread 0x0000000016fc9000 Exception <a 'java/security/PrivilegedActionException'> (0x00000000eb96b378) thrown at [D:\re\workspace\8-2-build-windows-amd64-cygwin\jdk8u25\1677\hotspot\src\share\vm\prims\jvm.cpp, line 1312]
Event: 1.145 Thread 0x0000000016fc9000 Exception <a 'java/security/PrivilegedActionException'> (0x00000000eb9de340) thrown at [D:\re\workspace\8-2-build-windows-amd64-cygwin\jdk8u25\1677\hotspot\src\share\vm\prims\jvm.cpp, line 1312]

Events (10 events):
Event: 1.121 loading class com/android/dx/rop/code/RegisterSpecList$Expander
Event: 1.121 loading class com/android/dx/rop/code/RegisterSpecList$Expander done
Event: 1.127 loading class com/android/dx/dex/file/DebugInfoEncoder
Event: 1.127 loading class com/android/dx/dex/file/DebugInfoEncoder done
Event: 1.129 loading class com/android/dx/dex/file/DebugInfoEncoder$1
Event: 1.129 loading class com/android/dx/dex/file/DebugInfoEncoder$1 done
Event: 1.129 loading class com/android/dx/dex/file/DebugInfoEncoder$2
Event: 1.129 loading class com/android/dx/dex/file/DebugInfoEncoder$2 done
Event: 1.145 loading class com/android/dex/EncodedValueCodec
Event: 1.145 loading class com/android/dex/EncodedValueCodec done


Dynamic libraries:
0x00007ff619710000 - 0x00007ff619744000 	C:\Program Files\Java\jdk1.8.0_25\bin\java.exe
0x00007ffdb2fd0000 - 0x00007ffdb3191000 	C:\WINDOWS\SYSTEM32\ntdll.dll
0x00007ffdb2650000 - 0x00007ffdb26fd000 	C:\WINDOWS\system32\KERNEL32.DLL
0x00007ffdafe10000 - 0x00007ffdafff8000 	C:\WINDOWS\system32\KERNELBASE.dll
0x00007ffdb0d80000 - 0x00007ffdb0e27000 	C:\WINDOWS\system32\ADVAPI32.dll
0x00007ffdb1050000 - 0x00007ffdb10ed000 	C:\WINDOWS\system32\msvcrt.dll
0x00007ffdb2f70000 - 0x00007ffdb2fcb000 	C:\WINDOWS\system32\sechost.dll
0x00007ffdb0780000 - 0x00007ffdb089c000 	C:\WINDOWS\system32\RPCRT4.dll
0x00007ffdb2cf0000 - 0x00007ffdb2e46000 	C:\WINDOWS\system32\USER32.dll
0x00007ffdb0520000 - 0x00007ffdb06a6000 	C:\WINDOWS\system32\GDI32.dll
0x00007ffda7820000 - 0x00007ffda7a94000 	C:\WINDOWS\WinSxS\amd64_microsoft.windows.common-controls_6595b64144ccf1df_6.0.10586.494_none_a2d8b04ea53e3145\COMCTL32.dll
0x00007ffdb08a0000 - 0x00007ffdb0b1d000 	C:\WINDOWS\system32\combase.dll
0x00007ffdafd80000 - 0x00007ffdafdea000 	C:\WINDOWS\system32\bcryptPrimitives.dll
0x00007ffdb03d0000 - 0x00007ffdb040b000 	C:\WINDOWS\system32\IMM32.DLL
0x0000000056f00000 - 0x0000000056fd2000 	C:\Program Files\Java\jdk1.8.0_25\jre\bin\msvcr100.dll
0x00000000573c0000 - 0x0000000057c1a000 	C:\Program Files\Java\jdk1.8.0_25\jre\bin\server\jvm.dll
0x00007ffdb0d00000 - 0x00007ffdb0d08000 	C:\WINDOWS\system32\PSAPI.DLL
0x00007ffd9d1c0000 - 0x00007ffd9d1c9000 	C:\WINDOWS\SYSTEM32\WSOCK32.dll
0x00007ffdb0d10000 - 0x00007ffdb0d7b000 	C:\WINDOWS\system32\WS2_32.dll
0x00007ffdad8c0000 - 0x00007ffdad8e3000 	C:\WINDOWS\SYSTEM32\WINMM.dll
0x00007ffdad030000 - 0x00007ffdad05c000 	C:\WINDOWS\SYSTEM32\WINMMBASE.dll
0x00007ffdb0000000 - 0x00007ffdb0043000 	C:\WINDOWS\system32\cfgmgr32.dll
0x00000000573b0000 - 0x00000000573bf000 	C:\Program Files\Java\jdk1.8.0_25\jre\bin\verify.dll
0x0000000057380000 - 0x00000000573a8000 	C:\Program Files\Java\jdk1.8.0_25\jre\bin\java.dll
0x0000000057360000 - 0x0000000057376000 	C:\Program Files\Java\jdk1.8.0_25\jre\bin\zip.dll
0x00007ffdb10f0000 - 0x00007ffdb264c000 	C:\WINDOWS\system32\SHELL32.dll
0x00007ffdaf730000 - 0x00007ffdafd75000 	C:\WINDOWS\system32\windows.storage.dll
0x00007ffdb2c90000 - 0x00007ffdb2ce2000 	C:\WINDOWS\system32\shlwapi.dll
0x00007ffdaf670000 - 0x00007ffdaf67f000 	C:\WINDOWS\system32\kernel.appcore.dll
0x00007ffdb0140000 - 0x00007ffdb01f5000 	C:\WINDOWS\system32\shcore.dll
0x00007ffdaf5f0000 - 0x00007ffdaf63b000 	C:\WINDOWS\system32\powrprof.dll
0x00007ffdaf640000 - 0x00007ffdaf654000 	C:\WINDOWS\system32\profapi.dll
0x00007ffd9aee0000 - 0x00007ffd9b06c000 	C:\WINDOWS\SYSTEM32\dbghelp.dll

VM Arguments:
jvm_args: -Djava.awt.headless=true -Xmx1024M -Dfile.encoding=windows-1252 -Duser.country=FR -Duser.language=fr -Duser.variant 
java_command: com.android.dx.command.Main --dex --force-jumbo --num-threads=4 --multi-dex --output C:\Users\Famille\AndroidStudioProjects\Niviel\app\build\intermediates\transforms\dex\debug\folders\1000\10\internal_impl-24.2.0_9599b6da8a62e9707c6916ca5b6ad8f3fb99d465 C:\Users\Famille\AndroidStudioProjects\Niviel\app\build\intermediates\exploded-aar\com.android.support\support-media-compat\24.2.0\jars\libs\internal_impl-24.2.0.jar
java_class_path (initial): C:\Users\Famille\AppData\Local\Android\sdk\build-tools\23.0.2\lib\dx.jar
Launcher Type: SUN_STANDARD

Environment Variables:
JAVA_HOME=C:\Program Files\Java\jdk1.8.0_25
PATH=C:\Program Files\Broadcom\Broadcom 802.11 Network Adapter;;C:\Program Files\Broadcom\Broadcom 802.11;C:\ProgramData\Oracle\Java\javapath;C:\Program Files (x86)\Intel\iCLS Client\;C:\Program Files\Intel\iCLS Client\;C:\Windows\system32;C:\Windows;C:\Windows\System32\Wbem;C:\Windows\System32\WindowsPowerShell\v1.0\;C:\Program Files\Hewlett-Packard\SimplePass\;C:\wamp\bin\php\php5.5.12;C:\Python27;C:\Users\Famille\AppData\Roaming\npm\;C:\Program Files\nodejs\;C:\Program Files\Git\cmd;C:\Program Files (x86)\Brackets\command;C:\Program Files (x86)\Ant\bin;C:\Program Files (x86)\Maven\bin;C:\Program Files (x86)\Intel\Intel(R) Management Engine Components\DAL;C:\Program Files\Intel\Intel(R) Management Engine Components\DAL;C:\Program Files (x86)\Intel\Intel(R) Management Engine Components\IPT;C:\Program Files\Intel\Intel(R) Management Engine Components\IPT;C:\Users\Famille\AppData\Local\atom\bin;C:\Users\Famille\AppData\Roaming\npm
USERNAME=de Lachaux
OS=Windows_NT
PROCESSOR_IDENTIFIER=Intel64 Family 6 Model 69 Stepping 1, GenuineIntel



---------------  S Y S T E M  ---------------

OS: Windows 8.1 , 64 bit Build 9600 

CPU:total 4 (2 cores per cpu, 2 threads per core) family 6 model 69 stepping 1, cmov, cx8, fxsr, mmx, sse, sse2, sse3, ssse3, sse4.1, sse4.2, popcnt, avx, avx2, aes, clmul, erms, lzcnt, ht, tsc, tscinvbit, bmi1, bmi2

Memory: 4k page, physical 4122776k(403416k free), swap 5555352k(4180k free)

vm_info: Java HotSpot(TM) 64-Bit Server VM (25.25-b02) for windows-amd64 JRE (1.8.0_25-b18), built on Oct  7 2014 14:25:37 by "java_re" with MS VC++ 10.0 (VS2010)

time: Tue Aug 23 11:33:24 2016
elapsed time: 1 seconds (0d 0h 0m 1s)

