#
# There is insufficient memory for the Java Runtime Environment to continue.
# Native memory allocation (malloc) failed to allocate 262160 bytes for Chunk::new
# Possible reasons:
#   The system is out of physical RAM or swap space
#   In 32 bit mode, the process size limit was hit
# Possible solutions:
#   Reduce memory load on the system
#   Increase physical memory or swap space
#   Check if swap backing store is full
#   Use 64 bit Java on a 64 bit OS
#   Decrease Java heap size (-Xmx/-Xms)
#   Decrease number of Java threads
#   Decrease Java thread stack sizes (-Xss)
#   Set larger code cache with -XX:ReservedCodeCacheSize=
# This output file may be truncated or incomplete.
#
#  Out of Memory Error (allocation.cpp:390), pid=43956, tid=1072
#
# JRE version: Java(TM) SE Runtime Environment (8.0_25-b18) (build 1.8.0_25-b18)
# Java VM: Java HotSpot(TM) 64-Bit Server VM (25.25-b02 mixed mode windows-amd64 compressed oops)
# Failed to write core dump. Minidumps are not enabled by default on client versions of Windows
#

---------------  T H R E A D  ---------------

Current thread (0x0000000014e3c000):  JavaThread "C2 CompilerThread0" daemon [_thread_in_native, id=1072, stack(0x00000000163a0000,0x00000000164a0000)]

Stack: [0x00000000163a0000,0x00000000164a0000]
Native frames: (J=compiled Java code, j=interpreted, Vv=VM code, C=native code)
V  [jvm.dll+0x31667a]


Current CompileTask:
C2:  13437 1876   !   4       com.android.dx.cf.code.Ropper::processBlock (1101 bytes)


---------------  P R O C E S S  ---------------

Java Threads: ( => current thread )
  0x0000000016b3c800 JavaThread "pool-1-thread-4" [_thread_in_Java, id=38552, stack(0x00000000178a0000,0x00000000179a0000)]
  0x0000000016b3b800 JavaThread "pool-1-thread-3" [_thread_in_Java, id=35964, stack(0x00000000177a0000,0x00000000178a0000)]
  0x0000000016b3a800 JavaThread "pool-1-thread-2" [_thread_in_Java, id=43620, stack(0x00000000176a0000,0x00000000177a0000)]
  0x0000000016b02800 JavaThread "pool-2-thread-1" [_thread_blocked, id=41212, stack(0x00000000175a0000,0x00000000176a0000)]
  0x0000000016b01800 JavaThread "pool-1-thread-1" [_thread_blocked, id=36912, stack(0x00000000174a0000,0x00000000175a0000)]
  0x0000000014e97000 JavaThread "Service Thread" daemon [_thread_blocked, id=40360, stack(0x00000000166a0000,0x00000000167a0000)]
  0x0000000014e90000 JavaThread "C1 CompilerThread2" daemon [_thread_blocked, id=33872, stack(0x00000000165a0000,0x00000000166a0000)]
  0x0000000014e8f800 JavaThread "C2 CompilerThread1" daemon [_thread_in_native, id=40472, stack(0x00000000164a0000,0x00000000165a0000)]
=>0x0000000014e3c000 JavaThread "C2 CompilerThread0" daemon [_thread_in_native, id=1072, stack(0x00000000163a0000,0x00000000164a0000)]
  0x0000000014e3a800 JavaThread "Attach Listener" daemon [_thread_blocked, id=32972, stack(0x00000000162a0000,0x00000000163a0000)]
  0x0000000014e3a000 JavaThread "Signal Dispatcher" daemon [_thread_blocked, id=43576, stack(0x00000000161a0000,0x00000000162a0000)]
  0x000000000275f000 JavaThread "Finalizer" daemon [_thread_blocked, id=37464, stack(0x00000000160a0000,0x00000000161a0000)]
  0x000000000275c000 JavaThread "Reference Handler" daemon [_thread_blocked, id=36404, stack(0x0000000015fa0000,0x00000000160a0000)]
  0x000000000256d800 JavaThread "main" [_thread_blocked, id=41152, stack(0x0000000002570000,0x0000000002670000)]

Other Threads:
  0x0000000014e06800 VMThread [stack: 0x0000000015ea0000,0x0000000015fa0000] [id=37312]
  0x0000000014e9a000 WatcherThread [stack: 0x00000000167a0000,0x00000000168a0000] [id=38476]

VM state:not at safepoint (normal execution)

VM Mutex/Monitor currently owned by a thread: None

Heap:
 PSYoungGen      total 68096K, used 32966K [0x00000000eab00000, 0x00000000ef000000, 0x0000000100000000)
  eden space 65536K, 46% used [0x00000000eab00000,0x00000000ec8b68e0,0x00000000eeb00000)
  from space 2560K, 99% used [0x00000000eed80000,0x00000000eeffb080,0x00000000ef000000)
  to   space 2560K, 0% used [0x00000000eeb00000,0x00000000eeb00000,0x00000000eed80000)
 ParOldGen       total 44032K, used 13022K [0x00000000c0000000, 0x00000000c2b00000, 0x00000000eab00000)
  object space 44032K, 29% used [0x00000000c0000000,0x00000000c0cb7a20,0x00000000c2b00000)
 Metaspace       used 6331K, capacity 7216K, committed 7296K, reserved 1056768K
  class space    used 594K, capacity 616K, committed 640K, reserved 1048576K

Card table byte_map: [0x0000000011b30000,0x0000000011d40000] byte_map_base: 0x0000000011530000

Marking Bits: (ParMarkBitMap*) 0x000000006ffcd490
 Begin Bits: [0x00000000122a0000, 0x00000000132a0000)
 End Bits:   [0x00000000132a0000, 0x00000000142a0000)

Polling page: 0x00000000023d0000

CodeCache: size=245760Kb used=8393Kb max_used=8393Kb free=237366Kb
 bounds [0x0000000002770000, 0x0000000002fb0000, 0x0000000011770000]
 total_blobs=2187 nmethods=1921 adapters=179
 compilation: enabled

Compilation events (10 events):
Event: 13.406 Thread 0x0000000014e90000 nmethod 1967 0x0000000002f95d10 code [0x0000000002f95fe0, 0x0000000002f96e88]
Event: 13.411 Thread 0x0000000014e90000 1968   !   2       java.util.concurrent.ArrayBlockingQueue::take (46 bytes)
Event: 13.412 Thread 0x0000000014e90000 nmethod 1968 0x0000000002f95290 code [0x0000000002f95460, 0x0000000002f95878]
Event: 13.421 Thread 0x0000000014e90000 1969       2       com.android.dx.cf.attrib.InnerClassList::<init> (6 bytes)
Event: 13.421 Thread 0x0000000014e90000 nmethod 1969 0x0000000002f94ed0 code [0x0000000002f95040, 0x0000000002f951a8]
Event: 13.421 Thread 0x0000000014e90000 1970   !   2       com.android.dx.cf.attrib.AttInnerClasses::<init> (43 bytes)
Event: 13.422 Thread 0x0000000014e90000 nmethod 1970 0x0000000002f9e410 code [0x0000000002f9e580, 0x0000000002f9e858]
Event: 13.422 Thread 0x0000000014e90000 1971       2       com.android.dx.cf.attrib.AttInnerClasses::byteLength (14 bytes)
Event: 13.422 Thread 0x0000000014e90000 nmethod 1971 0x0000000002f9ea10 code [0x0000000002f9eb60, 0x0000000002f9ecd0]
Event: 13.428 Thread 0x0000000014e90000 1972   !   2       com.android.dx.cf.cst.ConstantPoolParser::parse0 (731 bytes)

GC Heap History (8 events):
Event: 2.278 GC heap before
{Heap before GC invocations=1 (full 0):
 PSYoungGen      total 18944K, used 16384K [0x00000000eab00000, 0x00000000ec000000, 0x0000000100000000)
  eden space 16384K, 100% used [0x00000000eab00000,0x00000000ebb00000,0x00000000ebb00000)
  from space 2560K, 0% used [0x00000000ebd80000,0x00000000ebd80000,0x00000000ec000000)
  to   space 2560K, 0% used [0x00000000ebb00000,0x00000000ebb00000,0x00000000ebd80000)
 ParOldGen       total 44032K, used 0K [0x00000000c0000000, 0x00000000c2b00000, 0x00000000eab00000)
  object space 44032K, 0% used [0x00000000c0000000,0x00000000c0000000,0x00000000c2b00000)
 Metaspace       used 5338K, capacity 6384K, committed 6528K, reserved 1056768K
  class space    used 579K, capacity 616K, committed 640K, reserved 1048576K
Event: 2.561 GC heap after
Heap after GC invocations=1 (full 0):
 PSYoungGen      total 18944K, used 2539K [0x00000000eab00000, 0x00000000ed000000, 0x0000000100000000)
  eden space 16384K, 0% used [0x00000000eab00000,0x00000000eab00000,0x00000000ebb00000)
  from space 2560K, 99% used [0x00000000ebb00000,0x00000000ebd7ade8,0x00000000ebd80000)
  to   space 2560K, 0% used [0x00000000ecd80000,0x00000000ecd80000,0x00000000ed000000)
 ParOldGen       total 44032K, used 611K [0x00000000c0000000, 0x00000000c2b00000, 0x00000000eab00000)
  object space 44032K, 1% used [0x00000000c0000000,0x00000000c0098f48,0x00000000c2b00000)
 Metaspace       used 5338K, capacity 6384K, committed 6528K, reserved 1056768K
  class space    used 579K, capacity 616K, committed 640K, reserved 1048576K
}
Event: 4.563 GC heap before
{Heap before GC invocations=2 (full 0):
 PSYoungGen      total 18944K, used 18923K [0x00000000eab00000, 0x00000000ed000000, 0x0000000100000000)
  eden space 16384K, 100% used [0x00000000eab00000,0x00000000ebb00000,0x00000000ebb00000)
  from space 2560K, 99% used [0x00000000ebb00000,0x00000000ebd7ade8,0x00000000ebd80000)
  to   space 2560K, 0% used [0x00000000ecd80000,0x00000000ecd80000,0x00000000ed000000)
 ParOldGen       total 44032K, used 611K [0x00000000c0000000, 0x00000000c2b00000, 0x00000000eab00000)
  object space 44032K, 1% used [0x00000000c0000000,0x00000000c0098f48,0x00000000c2b00000)
 Metaspace       used 6008K, capacity 6960K, committed 7040K, reserved 1056768K
  class space    used 594K, capacity 616K, committed 640K, reserved 1048576K
Event: 4.708 GC heap after
Heap after GC invocations=2 (full 0):
 PSYoungGen      total 35328K, used 2554K [0x00000000eab00000, 0x00000000ed000000, 0x0000000100000000)
  eden space 32768K, 0% used [0x00000000eab00000,0x00000000eab00000,0x00000000ecb00000)
  from space 2560K, 99% used [0x00000000ecd80000,0x00000000ecffeab8,0x00000000ed000000)
  to   space 2560K, 0% used [0x00000000ecb00000,0x00000000ecb00000,0x00000000ecd80000)
 ParOldGen       total 44032K, used 2212K [0x00000000c0000000, 0x00000000c2b00000, 0x00000000eab00000)
  object space 44032K, 5% used [0x00000000c0000000,0x00000000c0229008,0x00000000c2b00000)
 Metaspace       used 6008K, capacity 6960K, committed 7040K, reserved 1056768K
  class space    used 594K, capacity 616K, committed 640K, reserved 1048576K
}
Event: 6.671 GC heap before
{Heap before GC invocations=3 (full 0):
 PSYoungGen      total 35328K, used 35322K [0x00000000eab00000, 0x00000000ed000000, 0x0000000100000000)
  eden space 32768K, 100% used [0x00000000eab00000,0x00000000ecb00000,0x00000000ecb00000)
  from space 2560K, 99% used [0x00000000ecd80000,0x00000000ecffeab8,0x00000000ed000000)
  to   space 2560K, 0% used [0x00000000ecb00000,0x00000000ecb00000,0x00000000ecd80000)
 ParOldGen       total 44032K, used 2212K [0x00000000c0000000, 0x00000000c2b00000, 0x00000000eab00000)
  object space 44032K, 5% used [0x00000000c0000000,0x00000000c0229008,0x00000000c2b00000)
 Metaspace       used 6195K, capacity 7088K, committed 7296K, reserved 1056768K
  class space    used 594K, capacity 616K, committed 640K, reserved 1048576K
Event: 6.721 GC heap after
Heap after GC invocations=3 (full 0):
 PSYoungGen      total 35328K, used 2560K [0x00000000eab00000, 0x00000000ef000000, 0x0000000100000000)
  eden space 32768K, 0% used [0x00000000eab00000,0x00000000eab00000,0x00000000ecb00000)
  from space 2560K, 100% used [0x00000000ecb00000,0x00000000ecd80000,0x00000000ecd80000)
  to   space 2560K, 0% used [0x00000000eed80000,0x00000000eed80000,0x00000000ef000000)
 ParOldGen       total 44032K, used 7218K [0x00000000c0000000, 0x00000000c2b00000, 0x00000000eab00000)
  object space 44032K, 16% used [0x00000000c0000000,0x00000000c070ca98,0x00000000c2b00000)
 Metaspace       used 6195K, capacity 7088K, committed 7296K, reserved 1056768K
  class space    used 594K, capacity 616K, committed 640K, reserved 1048576K
}
Event: 10.054 GC heap before
{Heap before GC invocations=4 (full 0):
 PSYoungGen      total 35328K, used 35328K [0x00000000eab00000, 0x00000000ef000000, 0x0000000100000000)
  eden space 32768K, 100% used [0x00000000eab00000,0x00000000ecb00000,0x00000000ecb00000)
  from space 2560K, 100% used [0x00000000ecb00000,0x00000000ecd80000,0x00000000ecd80000)
  to   space 2560K, 0% used [0x00000000eed80000,0x00000000eed80000,0x00000000ef000000)
 ParOldGen       total 44032K, used 7218K [0x00000000c0000000, 0x00000000c2b00000, 0x00000000eab00000)
  object space 44032K, 16% used [0x00000000c0000000,0x00000000c070ca98,0x00000000c2b00000)
 Metaspace       used 6257K, capacity 7152K, committed 7296K, reserved 1056768K
  class space    used 594K, capacity 616K, committed 640K, reserved 1048576K
Event: 11.207 GC heap after
Heap after GC invocations=4 (full 0):
 PSYoungGen      total 68096K, used 2540K [0x00000000eab00000, 0x00000000ef000000, 0x0000000100000000)
  eden space 65536K, 0% used [0x00000000eab00000,0x00000000eab00000,0x00000000eeb00000)
  from space 2560K, 99% used [0x00000000eed80000,0x00000000eeffb080,0x00000000ef000000)
  to   space 2560K, 0% used [0x00000000eeb00000,0x00000000eeb00000,0x00000000eed80000)
 ParOldGen       total 44032K, used 13022K [0x00000000c0000000, 0x00000000c2b00000, 0x00000000eab00000)
  object space 44032K, 29% used [0x00000000c0000000,0x00000000c0cb7a20,0x00000000c2b00000)
 Metaspace       used 6257K, capacity 7152K, committed 7296K, reserved 1056768K
  class space    used 594K, capacity 616K, committed 640K, reserved 1048576K
}

Deoptimization events (10 events):
Event: 11.988 Thread 0x0000000016b3b800 Uncommon trap: reason=class_check action=maybe_recompile pc=0x0000000002efc854 method=com.android.dx.cf.code.Ropper.processBlock(Lcom/android/dx/cf/code/ByteBlock;Lcom/android/dx/cf/code/Frame;[I)V @ 711
Event: 11.988 Thread 0x0000000016b3b800 Uncommon trap: reason=class_check action=maybe_recompile pc=0x0000000002efc854 method=com.android.dx.cf.code.Ropper.processBlock(Lcom/android/dx/cf/code/ByteBlock;Lcom/android/dx/cf/code/Frame;[I)V @ 711
Event: 11.989 Thread 0x0000000016b3b800 Uncommon trap: reason=class_check action=maybe_recompile pc=0x0000000002efc854 method=com.android.dx.cf.code.Ropper.processBlock(Lcom/android/dx/cf/code/ByteBlock;Lcom/android/dx/cf/code/Frame;[I)V @ 711
Event: 13.216 Thread 0x0000000016b3c800 Uncommon trap: reason=bimorphic action=maybe_recompile pc=0x0000000002e589f4 method=java.util.HashMap.getNode(ILjava/lang/Object;)Ljava/util/HashMap$Node; @ 126
Event: 13.221 Thread 0x0000000016b3c800 Uncommon trap: reason=bimorphic action=maybe_recompile pc=0x0000000002e589f4 method=java.util.HashMap.getNode(ILjava/lang/Object;)Ljava/util/HashMap$Node; @ 126
Event: 13.239 Thread 0x0000000016b3a800 Uncommon trap: reason=bimorphic action=maybe_recompile pc=0x0000000002eb4500 method=com.android.dx.ssa.SCCP.simulatePhi(Lcom/android/dx/ssa/PhiInsn;)V @ 124
Event: 13.239 Thread 0x0000000016b3a800 Uncommon trap: reason=bimorphic action=maybe_recompile pc=0x0000000002e5d5f0 method=com.android.dx.ssa.LiteralOpUpgrader.tryReplacingWithConstant(Lcom/android/dx/ssa/NormalSsaInsn;)Z @ 62
Event: 13.244 Thread 0x0000000016b3a800 Uncommon trap: reason=bimorphic action=maybe_recompile pc=0x0000000002eb4500 method=com.android.dx.ssa.SCCP.simulatePhi(Lcom/android/dx/ssa/PhiInsn;)V @ 124
Event: 13.245 Thread 0x0000000016b3a800 Uncommon trap: reason=bimorphic action=maybe_recompile pc=0x0000000002e5d5f0 method=com.android.dx.ssa.LiteralOpUpgrader.tryReplacingWithConstant(Lcom/android/dx/ssa/NormalSsaInsn;)Z @ 62
Event: 13.428 Thread 0x000000000256d800 Uncommon trap: reason=unloaded action=reinterpret pc=0x0000000002e85194 method=com.android.dx.cf.cst.ConstantPoolParser.parse0(ILjava/util/BitSet;)Lcom/android/dx/rop/cst/Constant; @ 220

Internal exceptions (10 events):
Event: 2.641 Thread 0x0000000016b3c800 Exception <a 'java/security/PrivilegedActionException'> (0x00000000eab1e330) thrown at [D:\re\workspace\8-2-build-windows-amd64-cygwin\jdk8u25\1677\hotspot\src\share\vm\prims\jvm.cpp, line 1312]
Event: 2.662 Thread 0x0000000016b3c800 Exception <a 'java/security/PrivilegedActionException'> (0x00000000eab50340) thrown at [D:\re\workspace\8-2-build-windows-amd64-cygwin\jdk8u25\1677\hotspot\src\share\vm\prims\jvm.cpp, line 1312]
Event: 2.664 Thread 0x0000000016b3c800 Exception <a 'java/security/PrivilegedActionException'> (0x00000000ead82b60) thrown at [D:\re\workspace\8-2-build-windows-amd64-cygwin\jdk8u25\1677\hotspot\src\share\vm\prims\jvm.cpp, line 1312]
Event: 2.664 Thread 0x0000000016b3c800 Exception <a 'java/security/PrivilegedActionException'> (0x00000000ead882c8) thrown at [D:\re\workspace\8-2-build-windows-amd64-cygwin\jdk8u25\1677\hotspot\src\share\vm\prims\jvm.cpp, line 1312]
Event: 2.879 Thread 0x0000000016b3a800 Exception <a 'java/security/PrivilegedActionException'> (0x00000000eae5f838) thrown at [D:\re\workspace\8-2-build-windows-amd64-cygwin\jdk8u25\1677\hotspot\src\share\vm\prims\jvm.cpp, line 1312]
Event: 3.323 Thread 0x000000000256d800 Exception <a 'java/security/PrivilegedActionException'> (0x00000000eb226818) thrown at [D:\re\workspace\8-2-build-windows-amd64-cygwin\jdk8u25\1677\hotspot\src\share\vm\prims\jvm.cpp, line 1312]
Event: 3.370 Thread 0x0000000016b3c800 Exception <a 'java/security/PrivilegedActionException'> (0x00000000eb3526f8) thrown at [D:\re\workspace\8-2-build-windows-amd64-cygwin\jdk8u25\1677\hotspot\src\share\vm\prims\jvm.cpp, line 1312]
Event: 3.374 Thread 0x0000000016b01800 Exception <a 'java/security/PrivilegedActionException'> (0x00000000eb386660) thrown at [D:\re\workspace\8-2-build-windows-amd64-cygwin\jdk8u25\1677\hotspot\src\share\vm\prims\jvm.cpp, line 1312]
Event: 4.917 Thread 0x0000000016b3b800 Implicit null exception at 0x0000000002b3a3c2 to 0x0000000002b3c471
Event: 6.242 Thread 0x0000000016b01800 Implicit null exception at 0x0000000002b350a2 to 0x0000000002b35195

Events (10 events):
Event: 13.239 Thread 0x0000000016b3a800 DEOPT UNPACKING pc=0x00000000027b556a sp=0x000000001779e8c8 mode 2
Event: 13.244 Thread 0x0000000016b3a800 Uncommon trap: trap_request=0xffffffc6 fr.pc=0x0000000002eb4500
Event: 13.244 Thread 0x0000000016b3a800 DEOPT PACKING pc=0x0000000002eb4500 sp=0x000000001779e970
Event: 13.244 Thread 0x0000000016b3a800 DEOPT UNPACKING pc=0x00000000027b556a sp=0x000000001779e948 mode 2
Event: 13.245 Thread 0x0000000016b3a800 Uncommon trap: trap_request=0xffffffc6 fr.pc=0x0000000002e5d5f0
Event: 13.245 Thread 0x0000000016b3a800 DEOPT PACKING pc=0x0000000002e5d5f0 sp=0x000000001779e930
Event: 13.245 Thread 0x0000000016b3a800 DEOPT UNPACKING pc=0x00000000027b556a sp=0x000000001779e818 mode 2
Event: 13.428 Thread 0x000000000256d800 Uncommon trap: trap_request=0x000000d2 fr.pc=0x0000000002e85194
Event: 13.428 Thread 0x000000000256d800 DEOPT PACKING pc=0x0000000002e85194 sp=0x000000000266e5d0
Event: 13.428 Thread 0x000000000256d800 DEOPT UNPACKING pc=0x00000000027b556a sp=0x000000000266e5f0 mode 2


Dynamic libraries:
0x00007ff6d7c10000 - 0x00007ff6d7c44000 	C:\Program Files\Java\jdk1.8.0_25\bin\java.exe
0x00007fff4cae0000 - 0x00007fff4ccb1000 	C:\WINDOWS\SYSTEM32\ntdll.dll
0x00007fff4c580000 - 0x00007fff4c62b000 	C:\WINDOWS\System32\KERNEL32.DLL
0x00007fff49cb0000 - 0x00007fff49ecd000 	C:\WINDOWS\System32\KERNELBASE.dll
0x00007fff4bf30000 - 0x00007fff4bfd2000 	C:\WINDOWS\System32\ADVAPI32.dll
0x00007fff4be30000 - 0x00007fff4bece000 	C:\WINDOWS\System32\msvcrt.dll
0x00007fff4b720000 - 0x00007fff4b779000 	C:\WINDOWS\System32\sechost.dll
0x00007fff4c630000 - 0x00007fff4c751000 	C:\WINDOWS\System32\RPCRT4.dll
0x00007fff4b7f0000 - 0x00007fff4b955000 	C:\WINDOWS\System32\USER32.dll
0x00007fff49a50000 - 0x00007fff49a6e000 	C:\WINDOWS\System32\win32u.dll
0x00007fff4c7d0000 - 0x00007fff4c804000 	C:\WINDOWS\System32\GDI32.dll
0x00007fff49030000 - 0x00007fff491b2000 	C:\WINDOWS\System32\gdi32full.dll
0x00007fff41b70000 - 0x00007fff41dea000 	C:\WINDOWS\WinSxS\amd64_microsoft.windows.common-controls_6595b64144ccf1df_6.0.14393.351_none_4213128bc687e6d3\COMCTL32.dll
0x00007fff4c810000 - 0x00007fff4cad7000 	C:\WINDOWS\System32\combase.dll
0x00007fff491c0000 - 0x00007fff492b5000 	C:\WINDOWS\System32\ucrtbase.dll
0x00007fff49a70000 - 0x00007fff49ada000 	C:\WINDOWS\System32\bcryptPrimitives.dll
0x00007fff4b6f0000 - 0x00007fff4b71e000 	C:\WINDOWS\System32\IMM32.DLL
0x0000000071450000 - 0x0000000071522000 	C:\Program Files\Java\jdk1.8.0_25\jre\bin\msvcr100.dll
0x000000006f7f0000 - 0x000000007004a000 	C:\Program Files\Java\jdk1.8.0_25\jre\bin\server\jvm.dll
0x00007fff4b6e0000 - 0x00007fff4b6e8000 	C:\WINDOWS\System32\PSAPI.DLL
0x00007fff47380000 - 0x00007fff47389000 	C:\WINDOWS\SYSTEM32\WSOCK32.dll
0x00007fff4bc60000 - 0x00007fff4bcca000 	C:\WINDOWS\System32\WS2_32.dll
0x00007fff472b0000 - 0x00007fff472d3000 	C:\WINDOWS\SYSTEM32\WINMM.dll
0x00007fff47250000 - 0x00007fff4727b000 	C:\WINDOWS\SYSTEM32\WINMMBASE.dll
0x00007fff49f80000 - 0x00007fff49fc2000 	C:\WINDOWS\System32\cfgmgr32.dll
0x0000000071c50000 - 0x0000000071c5f000 	C:\Program Files\Java\jdk1.8.0_25\jre\bin\verify.dll
0x0000000071900000 - 0x0000000071928000 	C:\Program Files\Java\jdk1.8.0_25\jre\bin\java.dll
0x00000000718e0000 - 0x00000000718f6000 	C:\Program Files\Java\jdk1.8.0_25\jre\bin\zip.dll
0x00007fff4a1d0000 - 0x00007fff4b6d9000 	C:\WINDOWS\System32\SHELL32.dll
0x00007fff492c0000 - 0x00007fff4999a000 	C:\WINDOWS\System32\windows.storage.dll
0x00007fff48f60000 - 0x00007fff48fac000 	C:\WINDOWS\System32\powrprof.dll
0x00007fff4bed0000 - 0x00007fff4bf22000 	C:\WINDOWS\System32\shlwapi.dll
0x00007fff48fb0000 - 0x00007fff48fbf000 	C:\WINDOWS\System32\kernel.appcore.dll
0x00007fff499a0000 - 0x00007fff49a49000 	C:\WINDOWS\System32\shcore.dll
0x00007fff48f40000 - 0x00007fff48f54000 	C:\WINDOWS\System32\profapi.dll
0x00007fff39d40000 - 0x00007fff39ed2000 	C:\WINDOWS\SYSTEM32\dbghelp.dll

VM Arguments:
jvm_args: -Djava.awt.headless=true -Xmx1024M -Dfile.encoding=windows-1252 -Duser.country=FR -Duser.language=fr -Duser.variant 
java_command: com.android.dx.command.Main --dex --num-threads=4 --output C:\Users\Famille\AndroidStudioProjects\Niviel\app\build\intermediates\pre-dexed\debug\com.android.support-support-compat-24.2.1_141a5c51f61acba8cf4a1917202386ccd4d00d39.jar C:\Users\Famille\AndroidStudioProjects\Niviel\app\build\intermediates\exploded-aar\com.android.support\support-compat\24.2.1\jars\classes.jar
java_class_path (initial): C:\Users\Famille\AppData\Local\Android\sdk\build-tools\23.0.2\lib\dx.jar
Launcher Type: SUN_STANDARD

Environment Variables:
JAVA_HOME=C:\Program Files\Java\jdk1.8.0_25
PATH=C:\Program Files\Broadcom\Broadcom 802.11 Network Adapter;C:\Program Files\Broadcom\Broadcom 802.11;C:\ProgramData\Oracle\Java\javapath;C:\Program Files (x86)\Intel\iCLS Client\;C:\Program Files\Intel\iCLS Client\;C:\Windows\system32;C:\Windows;C:\Windows\System32\Wbem;C:\Windows\System32\WindowsPowerShell\v1.0\;C:\Program Files\Hewlett-Packard\SimplePass\;C:\wamp\bin\php\php5.5.12;C:\Python34;C:\Users\Famille\AppData\Roaming\npm\;C:\Program Files\nodejs\;C:\Program Files\Git\cmd;C:\Program Files (x86)\Brackets\command;C:\Program Files (x86)\Ant\bin;C:\Program Files (x86)\Maven\bin;C:\Program Files (x86)\Intel\Intel(R) Management Engine Components\DAL;C:\Program Files\Intel\Intel(R) Management Engine Components\DAL;C:\Program Files (x86)\Intel\Intel(R) Management Engine Components\IPT;C:\Program Files\Intel\Intel(R) Management Engine Components\IPT;C:\Users\Famille\AppData\Local\Android\sdk\platform-tools;C:\WINDOWS\system32;C:\WINDOWS;C:\WINDOWS\System32\Wbem;C:\WINDOWS\System32\WindowsPowerShell\v1.0\;C:\Users\Famille\AppData\Local\atom\bin;C:\Users\Famille\AppData\Roaming\npm;%USERPROFILE%\AppData\Local\Microsoft\WindowsApps;
USERNAME=de Lachaux
OS=Windows_NT
PROCESSOR_IDENTIFIER=Intel64 Family 6 Model 69 Stepping 1, GenuineIntel



---------------  S Y S T E M  ---------------

OS: Windows 8.1 , 64 bit Build 9600 

CPU:total 4 (2 cores per cpu, 2 threads per core) family 6 model 69 stepping 1, cmov, cx8, fxsr, mmx, sse, sse2, sse3, ssse3, sse4.1, sse4.2, popcnt, avx, avx2, aes, clmul, erms, lzcnt, ht, tsc, tscinvbit, bmi1, bmi2

Memory: 4k page, physical 4122776k(313740k free), swap 5555352k(5128k free)

vm_info: Java HotSpot(TM) 64-Bit Server VM (25.25-b02) for windows-amd64 JRE (1.8.0_25-b18), built on Oct  7 2014 14:25:37 by "java_re" with MS VC++ 10.0 (VS2010)

time: Tue Nov 08 18:44:44 2016
elapsed time: 13 seconds (0d 0h 0m 13s)

