#
# There is insufficient memory for the Java Runtime Environment to continue.
# Native memory allocation (malloc) failed to allocate 478928 bytes for Chunk::new
# Possible reasons:
#   The system is out of physical RAM or swap space
#   In 32 bit mode, the process size limit was hit
# Possible solutions:
#   Reduce memory load on the system
#   Increase physical memory or swap space
#   Check if swap backing store is full
#   Use 64 bit Java on a 64 bit OS
#   Decrease Java heap size (-Xmx/-Xms)
#   Decrease number of Java threads
#   Decrease Java thread stack sizes (-Xss)
#   Set larger code cache with -XX:ReservedCodeCacheSize=
# This output file may be truncated or incomplete.
#
#  Out of Memory Error (allocation.cpp:390), pid=62624, tid=62684
#
# JRE version: Java(TM) SE Runtime Environment (8.0_25-b18) (build 1.8.0_25-b18)
# Java VM: Java HotSpot(TM) 64-Bit Server VM (25.25-b02 mixed mode windows-amd64 compressed oops)
# Failed to write core dump. Minidumps are not enabled by default on client versions of Windows
#

---------------  T H R E A D  ---------------

Current thread (0x000000001574f000):  JavaThread "C2 CompilerThread1" daemon [_thread_in_native, id=62684, stack(0x0000000016d50000,0x0000000016e50000)]

Stack: [0x0000000016d50000,0x0000000016e50000]
Native frames: (J=compiled Java code, j=interpreted, Vv=VM code, C=native code)
V  [jvm.dll+0x31667a]


Current CompileTask:
C2:   7264 1807   !   4       com.android.dx.cf.code.BytecodeArray::parseInstruction (2764 bytes)


---------------  P R O C E S S  ---------------

Java Threads: ( => current thread )
  0x0000000017465800 JavaThread "pool-2-thread-4" [_thread_blocked, id=63888, stack(0x0000000018150000,0x0000000018250000)]
  0x0000000017465000 JavaThread "pool-2-thread-3" [_thread_blocked, id=64068, stack(0x0000000018050000,0x0000000018150000)]
  0x0000000017463000 JavaThread "pool-2-thread-2" [_thread_blocked, id=63160, stack(0x0000000017f50000,0x0000000018050000)]
  0x0000000017460000 JavaThread "pool-3-thread-1" [_thread_blocked, id=63576, stack(0x0000000017e50000,0x0000000017f50000)]
  0x0000000017485000 JavaThread "pool-2-thread-1" [_thread_in_Java, id=64436, stack(0x0000000017d50000,0x0000000017e50000)]
  0x0000000015753800 JavaThread "Service Thread" daemon [_thread_blocked, id=63780, stack(0x0000000016f50000,0x0000000017050000)]
  0x0000000015750000 JavaThread "C1 CompilerThread2" daemon [_thread_blocked, id=63712, stack(0x0000000016e50000,0x0000000016f50000)]
=>0x000000001574f000 JavaThread "C2 CompilerThread1" daemon [_thread_in_native, id=62684, stack(0x0000000016d50000,0x0000000016e50000)]
  0x00000000156fb800 JavaThread "C2 CompilerThread0" daemon [_thread_in_native, id=63828, stack(0x0000000016c50000,0x0000000016d50000)]
  0x00000000156fa800 JavaThread "Attach Listener" daemon [_thread_blocked, id=64492, stack(0x0000000016b50000,0x0000000016c50000)]
  0x00000000156f9000 JavaThread "Signal Dispatcher" daemon [_thread_blocked, id=64384, stack(0x0000000016a50000,0x0000000016b50000)]
  0x0000000002f5e800 JavaThread "Finalizer" daemon [_thread_blocked, id=64292, stack(0x0000000016950000,0x0000000016a50000)]
  0x0000000002f5d800 JavaThread "Reference Handler" daemon [_thread_blocked, id=63560, stack(0x0000000016850000,0x0000000016950000)]
  0x000000000302e000 JavaThread "main" [_thread_blocked, id=64268, stack(0x0000000002cf0000,0x0000000002df0000)]

Other Threads:
  0x00000000156c6800 VMThread [stack: 0x0000000016750000,0x0000000016850000] [id=63680]
  0x0000000015756000 WatcherThread [stack: 0x0000000017050000,0x0000000017150000] [id=64404]

VM state:not at safepoint (normal execution)

VM Mutex/Monitor currently owned by a thread: None

Heap:
 PSYoungGen      total 35328K, used 3903K [0x00000000eab00000, 0x00000000ef000000, 0x0000000100000000)
  eden space 32768K, 4% used [0x00000000eab00000,0x00000000eac52d10,0x00000000ecb00000)
  from space 2560K, 99% used [0x00000000ecd80000,0x00000000ecffcf88,0x00000000ed000000)
  to   space 2560K, 0% used [0x00000000ecb00000,0x00000000ecb00000,0x00000000ecd80000)
 ParOldGen       total 44032K, used 14877K [0x00000000c0000000, 0x00000000c2b00000, 0x00000000eab00000)
  object space 44032K, 33% used [0x00000000c0000000,0x00000000c0e877c8,0x00000000c2b00000)
 Metaspace       used 6221K, capacity 7088K, committed 7296K, reserved 1056768K
  class space    used 591K, capacity 616K, committed 640K, reserved 1048576K

Card table byte_map: [0x00000000123f0000,0x0000000012600000] byte_map_base: 0x0000000011df0000

Marking Bits: (ParMarkBitMap*) 0x000000007333d490
 Begin Bits: [0x0000000012b60000, 0x0000000013b60000)
 End Bits:   [0x0000000013b60000, 0x0000000014b60000)

Polling page: 0x00000000015a0000

CodeCache: size=245760Kb used=7300Kb max_used=7304Kb free=238459Kb
 bounds [0x0000000003030000, 0x0000000003760000, 0x0000000012030000]
 total_blobs=2060 nmethods=1796 adapters=178
 compilation: enabled

Compilation events (10 events):
Event: 6.776 Thread 0x0000000015750000 1838       2       com.android.dx.rop.code.PlainInsn::<init> (13 bytes)
Event: 6.777 Thread 0x0000000015750000 nmethod 1838 0x00000000037374d0 code [0x0000000003737680, 0x0000000003737ad8]
Event: 6.981 Thread 0x00000000156fb800 nmethod 1823 0x0000000003753b50 code [0x0000000003753e00, 0x0000000003756248]
Event: 6.982 Thread 0x00000000156fb800 1835   !   4       com.android.dx.cf.code.RopperMachine::run (1550 bytes)
Event: 7.246 Thread 0x0000000015750000 1841       2       com.android.dx.rop.code.CstInsn::contentEquals (31 bytes)
Event: 7.246 Thread 0x0000000015750000 nmethod 1841 0x0000000003737050 code [0x00000000037371c0, 0x00000000037373d8]
Event: 7.252 Thread 0x0000000015750000 1844       2       com.android.dx.rop.code.Rops::opMoveResultPseudo (23 bytes)
Event: 7.253 Thread 0x0000000015750000 nmethod 1844 0x0000000003744790 code [0x0000000003744900, 0x0000000003744b18]
Event: 7.254 Thread 0x0000000015750000 1845       2       com.android.dx.ssa.LocalVariableExtractor::processBlock (383 bytes)
Event: 7.257 Thread 0x0000000015750000 nmethod 1845 0x0000000003741490 code [0x00000000037417e0, 0x00000000037428f8]

GC Heap History (8 events):
Event: 3.549 GC heap before
{Heap before GC invocations=1 (full 0):
 PSYoungGen      total 18944K, used 16384K [0x00000000eab00000, 0x00000000ec000000, 0x0000000100000000)
  eden space 16384K, 100% used [0x00000000eab00000,0x00000000ebb00000,0x00000000ebb00000)
  from space 2560K, 0% used [0x00000000ebd80000,0x00000000ebd80000,0x00000000ec000000)
  to   space 2560K, 0% used [0x00000000ebb00000,0x00000000ebb00000,0x00000000ebd80000)
 ParOldGen       total 44032K, used 0K [0x00000000c0000000, 0x00000000c2b00000, 0x00000000eab00000)
  object space 44032K, 0% used [0x00000000c0000000,0x00000000c0000000,0x00000000c2b00000)
 Metaspace       used 5691K, capacity 6704K, committed 6784K, reserved 1056768K
  class space    used 584K, capacity 616K, committed 640K, reserved 1048576K
Event: 3.634 GC heap after
Heap after GC invocations=1 (full 0):
 PSYoungGen      total 18944K, used 2538K [0x00000000eab00000, 0x00000000ed000000, 0x0000000100000000)
  eden space 16384K, 0% used [0x00000000eab00000,0x00000000eab00000,0x00000000ebb00000)
  from space 2560K, 99% used [0x00000000ebb00000,0x00000000ebd7aaa8,0x00000000ebd80000)
  to   space 2560K, 0% used [0x00000000ecd80000,0x00000000ecd80000,0x00000000ed000000)
 ParOldGen       total 44032K, used 1573K [0x00000000c0000000, 0x00000000c2b00000, 0x00000000eab00000)
  object space 44032K, 3% used [0x00000000c0000000,0x00000000c01897a8,0x00000000c2b00000)
 Metaspace       used 5691K, capacity 6704K, committed 6784K, reserved 1056768K
  class space    used 584K, capacity 616K, committed 640K, reserved 1048576K
}
Event: 4.223 GC heap before
{Heap before GC invocations=2 (full 0):
 PSYoungGen      total 18944K, used 18922K [0x00000000eab00000, 0x00000000ed000000, 0x0000000100000000)
  eden space 16384K, 100% used [0x00000000eab00000,0x00000000ebb00000,0x00000000ebb00000)
  from space 2560K, 99% used [0x00000000ebb00000,0x00000000ebd7aaa8,0x00000000ebd80000)
  to   space 2560K, 0% used [0x00000000ecd80000,0x00000000ecd80000,0x00000000ed000000)
 ParOldGen       total 44032K, used 1573K [0x00000000c0000000, 0x00000000c2b00000, 0x00000000eab00000)
  object space 44032K, 3% used [0x00000000c0000000,0x00000000c01897a8,0x00000000c2b00000)
 Metaspace       used 5993K, capacity 6960K, committed 7040K, reserved 1056768K
  class space    used 588K, capacity 616K, committed 640K, reserved 1048576K
Event: 4.261 GC heap after
Heap after GC invocations=2 (full 0):
 PSYoungGen      total 35328K, used 2528K [0x00000000eab00000, 0x00000000ed000000, 0x0000000100000000)
  eden space 32768K, 0% used [0x00000000eab00000,0x00000000eab00000,0x00000000ecb00000)
  from space 2560K, 98% used [0x00000000ecd80000,0x00000000ecff8048,0x00000000ed000000)
  to   space 2560K, 0% used [0x00000000ecb00000,0x00000000ecb00000,0x00000000ecd80000)
 ParOldGen       total 44032K, used 3802K [0x00000000c0000000, 0x00000000c2b00000, 0x00000000eab00000)
  object space 44032K, 8% used [0x00000000c0000000,0x00000000c03b6b50,0x00000000c2b00000)
 Metaspace       used 5993K, capacity 6960K, committed 7040K, reserved 1056768K
  class space    used 588K, capacity 616K, committed 640K, reserved 1048576K
}
Event: 5.110 GC heap before
{Heap before GC invocations=3 (full 0):
 PSYoungGen      total 35328K, used 35296K [0x00000000eab00000, 0x00000000ed000000, 0x0000000100000000)
  eden space 32768K, 100% used [0x00000000eab00000,0x00000000ecb00000,0x00000000ecb00000)
  from space 2560K, 98% used [0x00000000ecd80000,0x00000000ecff8048,0x00000000ed000000)
  to   space 2560K, 0% used [0x00000000ecb00000,0x00000000ecb00000,0x00000000ecd80000)
 ParOldGen       total 44032K, used 3929K [0x00000000c0000000, 0x00000000c2b00000, 0x00000000eab00000)
  object space 44032K, 8% used [0x00000000c0000000,0x00000000c03d64b8,0x00000000c2b00000)
 Metaspace       used 6157K, capacity 7088K, committed 7296K, reserved 1056768K
  class space    used 588K, capacity 616K, committed 640K, reserved 1048576K
Event: 5.224 GC heap after
Heap after GC invocations=3 (full 0):
 PSYoungGen      total 35328K, used 2547K [0x00000000eab00000, 0x00000000ed000000, 0x0000000100000000)
  eden space 32768K, 0% used [0x00000000eab00000,0x00000000eab00000,0x00000000ecb00000)
  from space 2560K, 99% used [0x00000000ecb00000,0x00000000ecd7cf88,0x00000000ecd80000)
  to   space 2560K, 0% used [0x00000000ecd80000,0x00000000ecd80000,0x00000000ed000000)
 ParOldGen       total 44032K, used 8886K [0x00000000c0000000, 0x00000000c2b00000, 0x00000000eab00000)
  object space 44032K, 20% used [0x00000000c0000000,0x00000000c08ad858,0x00000000c2b00000)
 Metaspace       used 6157K, capacity 7088K, committed 7296K, reserved 1056768K
  class space    used 588K, capacity 616K, committed 640K, reserved 1048576K
}
Event: 6.784 GC heap before
{Heap before GC invocations=4 (full 0):
 PSYoungGen      total 35328K, used 35315K [0x00000000eab00000, 0x00000000ed000000, 0x0000000100000000)
  eden space 32768K, 100% used [0x00000000eab00000,0x00000000ecb00000,0x00000000ecb00000)
  from space 2560K, 99% used [0x00000000ecb00000,0x00000000ecd7cf88,0x00000000ecd80000)
  to   space 2560K, 0% used [0x00000000ecd80000,0x00000000ecd80000,0x00000000ed000000)
 ParOldGen       total 44032K, used 8895K [0x00000000c0000000, 0x00000000c2b00000, 0x00000000eab00000)
  object space 44032K, 20% used [0x00000000c0000000,0x00000000c08afd10,0x00000000c2b00000)
 Metaspace       used 6221K, capacity 7088K, committed 7296K, reserved 1056768K
  class space    used 591K, capacity 616K, committed 640K, reserved 1048576K
Event: 6.976 GC heap after
Heap after GC invocations=4 (full 0):
 PSYoungGen      total 35328K, used 2547K [0x00000000eab00000, 0x00000000ef000000, 0x0000000100000000)
  eden space 32768K, 0% used [0x00000000eab00000,0x00000000eab00000,0x00000000ecb00000)
  from space 2560K, 99% used [0x00000000ecd80000,0x00000000ecffcf88,0x00000000ed000000)
  to   space 2560K, 0% used [0x00000000ecb00000,0x00000000ecb00000,0x00000000ecd80000)
 ParOldGen       total 44032K, used 14877K [0x00000000c0000000, 0x00000000c2b00000, 0x00000000eab00000)
  object space 44032K, 33% used [0x00000000c0000000,0x00000000c0e877c8,0x00000000c2b00000)
 Metaspace       used 6221K, capacity 7088K, committed 7296K, reserved 1056768K
  class space    used 591K, capacity 616K, committed 640K, reserved 1048576K
}

Deoptimization events (10 events):
Event: 6.479 Thread 0x0000000017465800 Uncommon trap: reason=bimorphic action=maybe_recompile pc=0x000000000368852c method=com.android.dx.cf.code.BytecodeArray.parseInstruction(ILcom/android/dx/cf/code/BytecodeArray$Visitor;)I @ 2281
Event: 6.479 Thread 0x0000000017465800 Uncommon trap: reason=bimorphic action=maybe_recompile pc=0x000000000368852c method=com.android.dx.cf.code.BytecodeArray.parseInstruction(ILcom/android/dx/cf/code/BytecodeArray$Visitor;)I @ 2281
Event: 6.774 Thread 0x0000000017485000 Uncommon trap: reason=bimorphic action=maybe_recompile pc=0x000000000374973c method=com.android.dx.cf.code.RopperMachine.run(Lcom/android/dx/cf/code/Frame;II)V @ 310
Event: 6.774 Thread 0x0000000017485000 Uncommon trap: reason=bimorphic action=maybe_recompile pc=0x000000000374973c method=com.android.dx.cf.code.RopperMachine.run(Lcom/android/dx/cf/code/Frame;II)V @ 310
Event: 6.774 Thread 0x0000000017485000 Uncommon trap: reason=bimorphic action=maybe_recompile pc=0x000000000374973c method=com.android.dx.cf.code.RopperMachine.run(Lcom/android/dx/cf/code/Frame;II)V @ 310
Event: 6.774 Thread 0x0000000017485000 Uncommon trap: reason=bimorphic action=maybe_recompile pc=0x000000000374973c method=com.android.dx.cf.code.RopperMachine.run(Lcom/android/dx/cf/code/Frame;II)V @ 310
Event: 7.248 Thread 0x0000000017485000 Uncommon trap: reason=class_check action=maybe_recompile pc=0x00000000036e6e7c method=com.android.dx.rop.code.RegisterSpec.withSimpleType()Lcom/android/dx/rop/code/RegisterSpec; @ 21
Event: 7.248 Thread 0x0000000017485000 Uncommon trap: reason=class_check action=maybe_recompile pc=0x00000000036e6e7c method=com.android.dx.rop.code.RegisterSpec.withSimpleType()Lcom/android/dx/rop/code/RegisterSpec; @ 21
Event: 7.248 Thread 0x0000000017485000 Uncommon trap: reason=class_check action=maybe_recompile pc=0x00000000036e6e7c method=com.android.dx.rop.code.RegisterSpec.withSimpleType()Lcom/android/dx/rop/code/RegisterSpec; @ 21
Event: 7.248 Thread 0x0000000017485000 Uncommon trap: reason=class_check action=maybe_recompile pc=0x00000000036e6e7c method=com.android.dx.rop.code.RegisterSpec.withSimpleType()Lcom/android/dx/rop/code/RegisterSpec; @ 21

Internal exceptions (10 events):
Event: 3.243 Thread 0x0000000017465000 Exception <a 'java/security/PrivilegedActionException'> (0x00000000eb5b5fd0) thrown at [D:\re\workspace\8-2-build-windows-amd64-cygwin\jdk8u25\1677\hotspot\src\share\vm\prims\jvm.cpp, line 1312]
Event: 3.262 Thread 0x0000000017463000 Exception <a 'java/security/PrivilegedActionException'> (0x00000000eb7603b0) thrown at [D:\re\workspace\8-2-build-windows-amd64-cygwin\jdk8u25\1677\hotspot\src\share\vm\prims\jvm.cpp, line 1312]
Event: 3.753 Thread 0x000000000302e000 Exception <a 'java/security/PrivilegedActionException'> (0x00000000eaead318) thrown at [D:\re\workspace\8-2-build-windows-amd64-cygwin\jdk8u25\1677\hotspot\src\share\vm\prims\jvm.cpp, line 1312]
Event: 3.754 Thread 0x000000000302e000 Exception <a 'java/security/PrivilegedActionException'> (0x00000000eaeaf7c8) thrown at [D:\re\workspace\8-2-build-windows-amd64-cygwin\jdk8u25\1677\hotspot\src\share\vm\prims\jvm.cpp, line 1312]
Event: 3.756 Thread 0x000000000302e000 Exception <a 'java/security/PrivilegedActionException'> (0x00000000eaeb9a70) thrown at [D:\re\workspace\8-2-build-windows-amd64-cygwin\jdk8u25\1677\hotspot\src\share\vm\prims\jvm.cpp, line 1312]
Event: 3.757 Thread 0x000000000302e000 Exception <a 'java/security/PrivilegedActionException'> (0x00000000eaebc180) thrown at [D:\re\workspace\8-2-build-windows-amd64-cygwin\jdk8u25\1677\hotspot\src\share\vm\prims\jvm.cpp, line 1312]
Event: 4.136 Thread 0x000000000302e000 Exception <a 'java/security/PrivilegedActionException'> (0x00000000eb878318) thrown at [D:\re\workspace\8-2-build-windows-amd64-cygwin\jdk8u25\1677\hotspot\src\share\vm\prims\jvm.cpp, line 1312]
Event: 5.767 Thread 0x0000000017465000 Exception <a 'java/security/PrivilegedActionException'> (0x00000000eab909f0) thrown at [D:\re\workspace\8-2-build-windows-amd64-cygwin\jdk8u25\1677\hotspot\src\share\vm\prims\jvm.cpp, line 1312]
Event: 5.773 Thread 0x0000000017465800 Exception <a 'java/security/PrivilegedActionException'> (0x00000000eb142a38) thrown at [D:\re\workspace\8-2-build-windows-amd64-cygwin\jdk8u25\1677\hotspot\src\share\vm\prims\jvm.cpp, line 1312]
Event: 6.467 Thread 0x0000000017485000 Implicit null exception at 0x00000000036150ba to 0x00000000036169ed

Events (10 events):
Event: 7.248 Thread 0x0000000017485000 DEOPT UNPACKING pc=0x000000000307556a sp=0x0000000017e4eb38 mode 2
Event: 7.248 Thread 0x0000000017485000 Uncommon trap: trap_request=0xffffffde fr.pc=0x00000000036e6e7c
Event: 7.248 Thread 0x0000000017485000 DEOPT PACKING pc=0x00000000036e6e7c sp=0x0000000017e4ebc0
Event: 7.248 Thread 0x0000000017485000 DEOPT UNPACKING pc=0x000000000307556a sp=0x0000000017e4eb38 mode 2
Event: 7.248 Thread 0x0000000017485000 Uncommon trap: trap_request=0xffffffde fr.pc=0x00000000036e6e7c
Event: 7.248 Thread 0x0000000017485000 DEOPT PACKING pc=0x00000000036e6e7c sp=0x0000000017e4ebc0
Event: 7.248 Thread 0x0000000017485000 DEOPT UNPACKING pc=0x000000000307556a sp=0x0000000017e4eb38 mode 2
Event: 7.248 Thread 0x0000000017485000 Uncommon trap: trap_request=0xffffffde fr.pc=0x00000000036e6e7c
Event: 7.248 Thread 0x0000000017485000 DEOPT PACKING pc=0x00000000036e6e7c sp=0x0000000017e4ebc0
Event: 7.248 Thread 0x0000000017485000 DEOPT UNPACKING pc=0x000000000307556a sp=0x0000000017e4eb38 mode 2


Dynamic libraries:
0x00007ff690dd0000 - 0x00007ff690e04000 	C:\Program Files\Java\jdk1.8.0_25\bin\java.exe
0x00007fff80c20000 - 0x00007fff80de1000 	C:\WINDOWS\SYSTEM32\ntdll.dll
0x00007fff80400000 - 0x00007fff804ad000 	C:\WINDOWS\system32\KERNEL32.DLL
0x00007fff7d680000 - 0x00007fff7d868000 	C:\WINDOWS\system32\KERNELBASE.dll
0x00007fff80850000 - 0x00007fff808f7000 	C:\WINDOWS\system32\ADVAPI32.dll
0x00007fff801e0000 - 0x00007fff8027d000 	C:\WINDOWS\system32\msvcrt.dll
0x00007fff7ec20000 - 0x00007fff7ec7b000 	C:\WINDOWS\system32\sechost.dll
0x00007fff804b0000 - 0x00007fff805cc000 	C:\WINDOWS\system32\RPCRT4.dll
0x00007fff7e030000 - 0x00007fff7e186000 	C:\WINDOWS\system32\USER32.dll
0x00007fff7e450000 - 0x00007fff7e5d6000 	C:\WINDOWS\system32\GDI32.dll
0x00007fff76200000 - 0x00007fff76474000 	C:\WINDOWS\WinSxS\amd64_microsoft.windows.common-controls_6595b64144ccf1df_6.0.10586.494_none_a2d8b04ea53e3145\COMCTL32.dll
0x00007fff805d0000 - 0x00007fff8084d000 	C:\WINDOWS\system32\combase.dll
0x00007fff7d4f0000 - 0x00007fff7d55a000 	C:\WINDOWS\system32\bcryptPrimitives.dll
0x00007fff80be0000 - 0x00007fff80c1b000 	C:\WINDOWS\system32\IMM32.DLL
0x00000000726a0000 - 0x0000000072772000 	C:\Program Files\Java\jdk1.8.0_25\jre\bin\msvcr100.dll
0x0000000072b60000 - 0x00000000733ba000 	C:\Program Files\Java\jdk1.8.0_25\jre\bin\server\jvm.dll
0x00007fff7e190000 - 0x00007fff7e198000 	C:\WINDOWS\system32\PSAPI.DLL
0x00007fff65bb0000 - 0x00007fff65bb9000 	C:\WINDOWS\SYSTEM32\WSOCK32.dll
0x00007fff7ebb0000 - 0x00007fff7ec1b000 	C:\WINDOWS\system32\WS2_32.dll
0x00007fff7b560000 - 0x00007fff7b583000 	C:\WINDOWS\SYSTEM32\WINMM.dll
0x00007fff7b110000 - 0x00007fff7b13c000 	C:\WINDOWS\SYSTEM32\WINMMBASE.dll
0x00007fff7d4a0000 - 0x00007fff7d4e3000 	C:\WINDOWS\system32\cfgmgr32.dll
0x0000000072b50000 - 0x0000000072b5f000 	C:\Program Files\Java\jdk1.8.0_25\jre\bin\verify.dll
0x0000000072b20000 - 0x0000000072b48000 	C:\Program Files\Java\jdk1.8.0_25\jre\bin\java.dll
0x0000000072b00000 - 0x0000000072b16000 	C:\Program Files\Java\jdk1.8.0_25\jre\bin\zip.dll
0x00007fff7ec80000 - 0x00007fff801dc000 	C:\WINDOWS\system32\SHELL32.dll
0x00007fff7d870000 - 0x00007fff7deb5000 	C:\WINDOWS\system32\windows.storage.dll
0x00007fff80b80000 - 0x00007fff80bd2000 	C:\WINDOWS\system32\shlwapi.dll
0x00007fff7d2c0000 - 0x00007fff7d2cf000 	C:\WINDOWS\system32\kernel.appcore.dll
0x00007fff7d5c0000 - 0x00007fff7d675000 	C:\WINDOWS\system32\shcore.dll
0x00007fff7d270000 - 0x00007fff7d2bb000 	C:\WINDOWS\system32\powrprof.dll
0x00007fff7d240000 - 0x00007fff7d254000 	C:\WINDOWS\system32\profapi.dll
0x00007fff63a80000 - 0x00007fff63c0c000 	C:\WINDOWS\SYSTEM32\dbghelp.dll

VM Arguments:
jvm_args: -Djava.awt.headless=true -Xmx1024M -Dfile.encoding=windows-1252 -Duser.country=FR -Duser.language=fr -Duser.variant 
java_command: com.android.dx.command.Main --dex --force-jumbo --num-threads=4 --multi-dex --output C:\Users\Famille\AndroidStudioProjects\Niviel\app\build\intermediates\transforms\dex\debug\folders\1000\10\gson-2.5_5e8b5468139ba08580ff9ef35e6638782f5f99af C:\Users\Famille\.gradle\caches\modules-2\files-2.1\com.google.code.gson\gson\2.5\686c608d1805b6d4d425ec4459e88164ffc85870\gson-2.5.jar
java_class_path (initial): C:\Users\Famille\AppData\Local\Android\sdk\build-tools\23.0.2\lib\dx.jar
Launcher Type: SUN_STANDARD

Environment Variables:
JAVA_HOME=C:\Program Files\Java\jdk1.8.0_25
PATH=C:\Program Files\Broadcom\Broadcom 802.11 Network Adapter;;C:\Program Files\Broadcom\Broadcom 802.11;C:\ProgramData\Oracle\Java\javapath;C:\Program Files (x86)\Intel\iCLS Client\;C:\Program Files\Intel\iCLS Client\;C:\Windows\system32;C:\Windows;C:\Windows\System32\Wbem;C:\Windows\System32\WindowsPowerShell\v1.0\;C:\Program Files\Hewlett-Packard\SimplePass\;C:\wamp\bin\php\php5.5.12;C:\Python27;C:\Users\Famille\AppData\Roaming\npm\;C:\Program Files\nodejs\;C:\Program Files\Git\cmd;C:\Program Files (x86)\Brackets\command;C:\Program Files (x86)\Ant\bin;C:\Program Files (x86)\Maven\bin;C:\Program Files (x86)\Intel\Intel(R) Management Engine Components\DAL;C:\Program Files\Intel\Intel(R) Management Engine Components\DAL;C:\Program Files (x86)\Intel\Intel(R) Management Engine Components\IPT;C:\Program Files\Intel\Intel(R) Management Engine Components\IPT;C:\Users\Famille\AppData\Local\atom\bin;C:\Users\Famille\AppData\Roaming\npm
USERNAME=de Lachaux
OS=Windows_NT
PROCESSOR_IDENTIFIER=Intel64 Family 6 Model 69 Stepping 1, GenuineIntel



---------------  S Y S T E M  ---------------

OS: Windows 8.1 , 64 bit Build 9600 

CPU:total 4 (2 cores per cpu, 2 threads per core) family 6 model 69 stepping 1, cmov, cx8, fxsr, mmx, sse, sse2, sse3, ssse3, sse4.1, sse4.2, popcnt, avx, avx2, aes, clmul, erms, lzcnt, ht, tsc, tscinvbit, bmi1, bmi2

Memory: 4k page, physical 4122776k(233896k free), swap 5555352k(10152k free)

vm_info: Java HotSpot(TM) 64-Bit Server VM (25.25-b02) for windows-amd64 JRE (1.8.0_25-b18), built on Oct  7 2014 14:25:37 by "java_re" with MS VC++ 10.0 (VS2010)

time: Thu Aug 25 19:27:43 2016
elapsed time: 7 seconds (0d 0h 0m 7s)

