#
# There is insufficient memory for the Java Runtime Environment to continue.
# Native memory allocation (malloc) failed to allocate 32744 bytes for ChunkPool::allocate
# Possible reasons:
#   The system is out of physical RAM or swap space
#   In 32 bit mode, the process size limit was hit
# Possible solutions:
#   Reduce memory load on the system
#   Increase physical memory or swap space
#   Check if swap backing store is full
#   Use 64 bit Java on a 64 bit OS
#   Decrease Java heap size (-Xmx/-Xms)
#   Decrease number of Java threads
#   Decrease Java thread stack sizes (-Xss)
#   Set larger code cache with -XX:ReservedCodeCacheSize=
# This output file may be truncated or incomplete.
#
#  Out of Memory Error (allocation.cpp:273), pid=33444, tid=33724
#
# JRE version: Java(TM) SE Runtime Environment (8.0_25-b18) (build 1.8.0_25-b18)
# Java VM: Java HotSpot(TM) 64-Bit Server VM (25.25-b02 mixed mode windows-amd64 compressed oops)
# Failed to write core dump. Minidumps are not enabled by default on client versions of Windows
#

---------------  T H R E A D  ---------------

Current thread (0x0000000014ad5800):  JavaThread "C1 CompilerThread2" daemon [_thread_in_native, id=33724, stack(0x0000000016230000,0x0000000016330000)]

Stack: [0x0000000016230000,0x0000000016330000]
Native frames: (J=compiled Java code, j=interpreted, Vv=VM code, C=native code)
V  [jvm.dll+0x31667a]
V  [jvm.dll+0x267073]
V  [jvm.dll+0x267cb3]
V  [jvm.dll+0x25f5b5]
V  [jvm.dll+0xbeec1]
V  [jvm.dll+0xbf60c]
V  [jvm.dll+0x4053cf]
V  [jvm.dll+0x40a81a]
V  [jvm.dll+0x40c9ac]
V  [jvm.dll+0x40e2ad]
V  [jvm.dll+0x40e6f4]
V  [jvm.dll+0x3ed2c0]
V  [jvm.dll+0x3ed690]
V  [jvm.dll+0x3ed7c2]
V  [jvm.dll+0x3ed98e]
V  [jvm.dll+0x3edb8f]
V  [jvm.dll+0x98a02]
V  [jvm.dll+0x991f3]
V  [jvm.dll+0x22bde4]
V  [jvm.dll+0x2852fa]
C  [msvcr100.dll+0x21d9f]
C  [msvcr100.dll+0x21e3b]
C  [KERNEL32.DLL+0x18102]
C  [ntdll.dll+0x5c5b4]


Current CompileTask:
C1:    704  392   !   3      
[error occurred during error reporting (printing current compile task), id 0xe0000001]


---------------  P R O C E S S  ---------------

Java Threads: ( => current thread )
  0x000000001656b000 JavaThread "pool-2-thread-4" [_thread_blocked, id=32784, stack(0x0000000016d30000,0x0000000016e30000)]
  0x0000000016569800 JavaThread "pool-2-thread-3" [_thread_blocked, id=32776, stack(0x0000000016c30000,0x0000000016d30000)]
  0x000000001648a000 JavaThread "pool-2-thread-2" [_thread_in_vm, id=30572, stack(0x0000000016b30000,0x0000000016c30000)]
  0x0000000016487000 JavaThread "pool-3-thread-1" [_thread_blocked, id=30788, stack(0x0000000016a30000,0x0000000016b30000)]
  0x0000000016484000 JavaThread "pool-2-thread-1" [_thread_blocked, id=21620, stack(0x0000000016930000,0x0000000016a30000)]
  0x0000000016355000 JavaThread "Service Thread" daemon [_thread_blocked, id=33728, stack(0x0000000016730000,0x0000000016830000)]
=>0x0000000014ad5800 JavaThread "C1 CompilerThread2" daemon [_thread_in_native, id=33724, stack(0x0000000016230000,0x0000000016330000)]
  0x0000000014ad1800 JavaThread "C2 CompilerThread1" daemon [_thread_in_native, id=33720, stack(0x0000000016130000,0x0000000016230000)]
  0x0000000014acc000 JavaThread "C2 CompilerThread0" daemon [_thread_blocked, id=33716, stack(0x0000000016030000,0x0000000016130000)]
  0x0000000014aca800 JavaThread "Attach Listener" daemon [_thread_blocked, id=33712, stack(0x0000000015f30000,0x0000000016030000)]
  0x0000000014ac9800 JavaThread "Signal Dispatcher" daemon [_thread_blocked, id=33708, stack(0x0000000015e30000,0x0000000015f30000)]
  0x00000000023f0800 JavaThread "Finalizer" daemon [_thread_blocked, id=33680, stack(0x0000000015d30000,0x0000000015e30000)]
  0x00000000023ed000 JavaThread "Reference Handler" daemon [_thread_blocked, id=33676, stack(0x0000000015c30000,0x0000000015d30000)]
  0x00000000009de000 JavaThread "main" [_thread_in_vm, id=33600, stack(0x0000000002200000,0x0000000002300000)]

Other Threads:
  0x0000000014a96800 VMThread [stack: 0x0000000015b30000,0x0000000015c30000] [id=33656]
  0x0000000016358800 WatcherThread [stack: 0x0000000016830000,0x0000000016930000] [id=33732]

VM state:not at safepoint (normal execution)

VM Mutex/Monitor currently owned by a thread: None

Heap:
 PSYoungGen      total 18944K, used 9199K [0x00000000eab00000, 0x00000000ec000000, 0x0000000100000000)
  eden space 16384K, 56% used [0x00000000eab00000,0x00000000eb3fbec0,0x00000000ebb00000)
  from space 2560K, 0% used [0x00000000ebd80000,0x00000000ebd80000,0x00000000ec000000)
  to   space 2560K, 0% used [0x00000000ebb00000,0x00000000ebb00000,0x00000000ebd80000)
 ParOldGen       total 44032K, used 0K [0x00000000c0000000, 0x00000000c2b00000, 0x00000000eab00000)
  object space 44032K, 0% used [0x00000000c0000000,0x00000000c0000000,0x00000000c2b00000)
 Metaspace       used 4994K, capacity 6160K, committed 6272K, reserved 1056768K
  class space    used 549K, capacity 584K, committed 640K, reserved 1048576K

Card table byte_map: [0x00000000117c0000,0x00000000119d0000] byte_map_base: 0x00000000111c0000

Marking Bits: (ParMarkBitMap*) 0x0000000057b9d490
 Begin Bits: [0x0000000011f30000, 0x0000000012f30000)
 End Bits:   [0x0000000012f30000, 0x0000000013f30000)

Polling page: 0x0000000000960000

CodeCache: size=245760Kb used=1915Kb max_used=1926Kb free=243844Kb
 bounds [0x0000000002400000, 0x0000000002670000, 0x0000000011400000]
 total_blobs=653 nmethods=392 adapters=175
 compilation: enabled

Compilation events (10 events):
Event: 0.672 Thread 0x0000000014ad5800 nmethod 389 0x00000000025df010 code [0x00000000025df160, 0x00000000025df270]
Event: 0.672 Thread 0x0000000014ad5800  390       1       com.android.dx.ssa.NormalSsaInsn::getOriginalRopInsn (5 bytes)
Event: 0.672 Thread 0x0000000014ad5800 nmethod 390 0x00000000025df2d0 code [0x00000000025df420, 0x00000000025df530]
Event: 0.672 Thread 0x0000000014ad5800  388       1       com.android.dx.rop.code.RegisterSpec::getReg (5 bytes)
Event: 0.672 Thread 0x0000000014ad5800 nmethod 388 0x00000000025df590 code [0x00000000025df6e0, 0x00000000025df7f0]
Event: 0.673 Thread 0x0000000014ad5800  391       3       com.android.dx.cf.code.ByteOps::opInfo (6 bytes)
Event: 0.673 Thread 0x0000000014ad5800 nmethod 391 0x00000000025df850 code [0x00000000025df9a0, 0x00000000025dfaf0]
Event: 0.673 Thread 0x0000000014ad5800  392   !   3       com.android.dx.cf.code.BytecodeArray::parseInstruction (2764 bytes)
Event: 0.681 Thread 0x0000000014acc000  396       4       java.util.ArrayList::get (11 bytes)
Event: 0.682 Thread 0x0000000014acc000 nmethod 396 0x00000000025e2890 code [0x00000000025e29c0, 0x00000000025e2a78]

GC Heap History (0 events):
No events

Deoptimization events (0 events):
No events

Internal exceptions (10 events):
Event: 0.676 Thread 0x000000001648a000 Exception <a 'java/security/PrivilegedActionException'> (0x00000000eb2d6410) thrown at [D:\re\workspace\8-2-build-windows-amd64-cygwin\jdk8u25\1677\hotspot\src\share\vm\prims\jvm.cpp, line 1312]
Event: 0.678 Thread 0x000000001648a000 Exception <a 'java/security/PrivilegedActionException'> (0x00000000eb2d9668) thrown at [D:\re\workspace\8-2-build-windows-amd64-cygwin\jdk8u25\1677\hotspot\src\share\vm\prims\jvm.cpp, line 1312]
Event: 0.679 Thread 0x000000001648a000 Exception <a 'java/security/PrivilegedActionException'> (0x00000000eb2de660) thrown at [D:\re\workspace\8-2-build-windows-amd64-cygwin\jdk8u25\1677\hotspot\src\share\vm\prims\jvm.cpp, line 1312]
Event: 0.680 Thread 0x000000001648a000 Exception <a 'java/security/PrivilegedActionException'> (0x00000000eb2e7390) thrown at [D:\re\workspace\8-2-build-windows-amd64-cygwin\jdk8u25\1677\hotspot\src\share\vm\prims\jvm.cpp, line 1312]
Event: 0.681 Thread 0x000000001648a000 Exception <a 'java/security/PrivilegedActionException'> (0x00000000eb2ec808) thrown at [D:\re\workspace\8-2-build-windows-amd64-cygwin\jdk8u25\1677\hotspot\src\share\vm\prims\jvm.cpp, line 1312]
Event: 0.682 Thread 0x000000001648a000 Exception <a 'java/security/PrivilegedActionException'> (0x00000000eb2fe918) thrown at [D:\re\workspace\8-2-build-windows-amd64-cygwin\jdk8u25\1677\hotspot\src\share\vm\prims\jvm.cpp, line 1312]
Event: 0.683 Thread 0x000000001648a000 Exception <a 'java/security/PrivilegedActionException'> (0x00000000eb301c58) thrown at [D:\re\workspace\8-2-build-windows-amd64-cygwin\jdk8u25\1677\hotspot\src\share\vm\prims\jvm.cpp, line 1312]
Event: 0.683 Thread 0x000000001648a000 Exception <a 'java/security/PrivilegedActionException'> (0x00000000eb3acd30) thrown at [D:\re\workspace\8-2-build-windows-amd64-cygwin\jdk8u25\1677\hotspot\src\share\vm\prims\jvm.cpp, line 1312]
Event: 0.684 Thread 0x000000001656b000 Exception <a 'java/security/PrivilegedActionException'> (0x00000000eb360c18) thrown at [D:\re\workspace\8-2-build-windows-amd64-cygwin\jdk8u25\1677\hotspot\src\share\vm\prims\jvm.cpp, line 1312]
Event: 0.685 Thread 0x000000001656b000 Exception <a 'java/security/PrivilegedActionException'> (0x00000000eb363c48) thrown at [D:\re\workspace\8-2-build-windows-amd64-cygwin\jdk8u25\1677\hotspot\src\share\vm\prims\jvm.cpp, line 1312]

Events (10 events):
Event: 0.682 loading class com/android/dx/ssa/BasicRegisterMapper
Event: 0.682 loading class com/android/dx/ssa/BasicRegisterMapper done
Event: 0.683 loading class com/android/dx/ssa/back/LivenessAnalyzer
Event: 0.683 loading class com/android/dx/ssa/back/LivenessAnalyzer done
Event: 0.683 loading class com/android/dx/ssa/back/InterferenceGraph
Event: 0.683 loading class com/android/dx/ssa/back/InterferenceGraph done
Event: 0.684 loading class com/android/dx/ssa/back/LivenessAnalyzer$NextFunction
Event: 0.684 loading class com/android/dx/ssa/back/LivenessAnalyzer$NextFunction done
Event: 0.685 loading class com/android/dx/ssa/back/LivenessAnalyzer$1
Event: 0.685 loading class com/android/dx/ssa/back/LivenessAnalyzer$1 done


Dynamic libraries:
0x00007ff619710000 - 0x00007ff619744000 	C:\Program Files\Java\jdk1.8.0_25\bin\java.exe
0x00007ffdb2fd0000 - 0x00007ffdb3191000 	C:\WINDOWS\SYSTEM32\ntdll.dll
0x00007ffdb2650000 - 0x00007ffdb26fd000 	C:\WINDOWS\system32\KERNEL32.DLL
0x00007ffdafe10000 - 0x00007ffdafff8000 	C:\WINDOWS\system32\KERNELBASE.dll
0x00007ffdb0d80000 - 0x00007ffdb0e27000 	C:\WINDOWS\system32\ADVAPI32.dll
0x00007ffdb1050000 - 0x00007ffdb10ed000 	C:\WINDOWS\system32\msvcrt.dll
0x00007ffdb2f70000 - 0x00007ffdb2fcb000 	C:\WINDOWS\system32\sechost.dll
0x00007ffdb0780000 - 0x00007ffdb089c000 	C:\WINDOWS\system32\RPCRT4.dll
0x00007ffdb2cf0000 - 0x00007ffdb2e46000 	C:\WINDOWS\system32\USER32.dll
0x00007ffdb0520000 - 0x00007ffdb06a6000 	C:\WINDOWS\system32\GDI32.dll
0x00007ffda7820000 - 0x00007ffda7a94000 	C:\WINDOWS\WinSxS\amd64_microsoft.windows.common-controls_6595b64144ccf1df_6.0.10586.494_none_a2d8b04ea53e3145\COMCTL32.dll
0x00007ffdb08a0000 - 0x00007ffdb0b1d000 	C:\WINDOWS\system32\combase.dll
0x00007ffdafd80000 - 0x00007ffdafdea000 	C:\WINDOWS\system32\bcryptPrimitives.dll
0x00007ffdb03d0000 - 0x00007ffdb040b000 	C:\WINDOWS\system32\IMM32.DLL
0x0000000056f00000 - 0x0000000056fd2000 	C:\Program Files\Java\jdk1.8.0_25\jre\bin\msvcr100.dll
0x00000000573c0000 - 0x0000000057c1a000 	C:\Program Files\Java\jdk1.8.0_25\jre\bin\server\jvm.dll
0x00007ffdb0d00000 - 0x00007ffdb0d08000 	C:\WINDOWS\system32\PSAPI.DLL
0x00007ffd9d1c0000 - 0x00007ffd9d1c9000 	C:\WINDOWS\SYSTEM32\WSOCK32.dll
0x00007ffdb0d10000 - 0x00007ffdb0d7b000 	C:\WINDOWS\system32\WS2_32.dll
0x00007ffdad8c0000 - 0x00007ffdad8e3000 	C:\WINDOWS\SYSTEM32\WINMM.dll
0x00007ffdad030000 - 0x00007ffdad05c000 	C:\WINDOWS\SYSTEM32\WINMMBASE.dll
0x00007ffdb0000000 - 0x00007ffdb0043000 	C:\WINDOWS\system32\cfgmgr32.dll
0x00000000573b0000 - 0x00000000573bf000 	C:\Program Files\Java\jdk1.8.0_25\jre\bin\verify.dll
0x0000000057380000 - 0x00000000573a8000 	C:\Program Files\Java\jdk1.8.0_25\jre\bin\java.dll
0x0000000057360000 - 0x0000000057376000 	C:\Program Files\Java\jdk1.8.0_25\jre\bin\zip.dll
0x00007ffdb10f0000 - 0x00007ffdb264c000 	C:\WINDOWS\system32\SHELL32.dll
0x00007ffdaf730000 - 0x00007ffdafd75000 	C:\WINDOWS\system32\windows.storage.dll
0x00007ffdb2c90000 - 0x00007ffdb2ce2000 	C:\WINDOWS\system32\shlwapi.dll
0x00007ffdaf670000 - 0x00007ffdaf67f000 	C:\WINDOWS\system32\kernel.appcore.dll
0x00007ffdb0140000 - 0x00007ffdb01f5000 	C:\WINDOWS\system32\shcore.dll
0x00007ffdaf5f0000 - 0x00007ffdaf63b000 	C:\WINDOWS\system32\powrprof.dll
0x00007ffdaf640000 - 0x00007ffdaf654000 	C:\WINDOWS\system32\profapi.dll
0x00007ffd9aee0000 - 0x00007ffd9b06c000 	C:\WINDOWS\SYSTEM32\dbghelp.dll

VM Arguments:
jvm_args: -Djava.awt.headless=true -Xmx1024M -Dfile.encoding=windows-1252 -Duser.country=FR -Duser.language=fr -Duser.variant 
java_command: com.android.dx.command.Main --dex --force-jumbo --num-threads=4 --multi-dex --output C:\Users\Famille\AndroidStudioProjects\Niviel\app\build\intermediates\transforms\dex\debug\folders\1000\10\com.android.support-support-vector-drawable-24.2.0_f5032e749896bec2bacfdebdbb630e440d82c9dc C:\Users\Famille\AndroidStudioProjects\Niviel\app\build\intermediates\exploded-aar\com.android.support\support-vector-drawable\24.2.0\jars\classes.jar
java_class_path (initial): C:\Users\Famille\AppData\Local\Android\sdk\build-tools\23.0.2\lib\dx.jar
Launcher Type: SUN_STANDARD

Environment Variables:
JAVA_HOME=C:\Program Files\Java\jdk1.8.0_25
PATH=C:\Program Files\Broadcom\Broadcom 802.11 Network Adapter;;C:\Program Files\Broadcom\Broadcom 802.11;C:\ProgramData\Oracle\Java\javapath;C:\Program Files (x86)\Intel\iCLS Client\;C:\Program Files\Intel\iCLS Client\;C:\Windows\system32;C:\Windows;C:\Windows\System32\Wbem;C:\Windows\System32\WindowsPowerShell\v1.0\;C:\Program Files\Hewlett-Packard\SimplePass\;C:\wamp\bin\php\php5.5.12;C:\Python27;C:\Users\Famille\AppData\Roaming\npm\;C:\Program Files\nodejs\;C:\Program Files\Git\cmd;C:\Program Files (x86)\Brackets\command;C:\Program Files (x86)\Ant\bin;C:\Program Files (x86)\Maven\bin;C:\Program Files (x86)\Intel\Intel(R) Management Engine Components\DAL;C:\Program Files\Intel\Intel(R) Management Engine Components\DAL;C:\Program Files (x86)\Intel\Intel(R) Management Engine Components\IPT;C:\Program Files\Intel\Intel(R) Management Engine Components\IPT;C:\Users\Famille\AppData\Local\atom\bin;C:\Users\Famille\AppData\Roaming\npm
USERNAME=de Lachaux
OS=Windows_NT
PROCESSOR_IDENTIFIER=Intel64 Family 6 Model 69 Stepping 1, GenuineIntel



---------------  S Y S T E M  ---------------

OS: Windows 8.1 , 64 bit Build 9600 

CPU:total 4 (2 cores per cpu, 2 threads per core) family 6 model 69 stepping 1, cmov, cx8, fxsr, mmx, sse, sse2, sse3, ssse3, sse4.1, sse4.2, popcnt, avx, avx2, aes, clmul, erms, lzcnt, ht, tsc, tscinvbit, bmi1, bmi2

Memory: 4k page, physical 4122776k(406320k free), swap 5555352k(2548k free)

vm_info: Java HotSpot(TM) 64-Bit Server VM (25.25-b02) for windows-amd64 JRE (1.8.0_25-b18), built on Oct  7 2014 14:25:37 by "java_re" with MS VC++ 10.0 (VS2010)

time: Tue Aug 23 11:32:44 2016
elapsed time: 0 seconds (0d 0h 0m 0s)

