#
# There is insufficient memory for the Java Runtime Environment to continue.
# Native memory allocation (malloc) failed to allocate 32744 bytes for ChunkPool::allocate
# Possible reasons:
#   The system is out of physical RAM or swap space
#   In 32 bit mode, the process size limit was hit
# Possible solutions:
#   Reduce memory load on the system
#   Increase physical memory or swap space
#   Check if swap backing store is full
#   Use 64 bit Java on a 64 bit OS
#   Decrease Java heap size (-Xmx/-Xms)
#   Decrease number of Java threads
#   Decrease Java thread stack sizes (-Xss)
#   Set larger code cache with -XX:ReservedCodeCacheSize=
# This output file may be truncated or incomplete.
#
#  Out of Memory Error (allocation.cpp:273), pid=37836, tid=36380
#
# JRE version: Java(TM) SE Runtime Environment (8.0_25-b18) (build 1.8.0_25-b18)
# Java VM: Java HotSpot(TM) 64-Bit Server VM (25.25-b02 mixed mode windows-amd64 compressed oops)
# Failed to write core dump. Minidumps are not enabled by default on client versions of Windows
#

---------------  T H R E A D  ---------------

Current thread (0x0000000014a42000):  JavaThread "C2 CompilerThread1" daemon [_thread_in_native, id=36380, stack(0x00000000160a0000,0x00000000161a0000)]

Stack: [0x00000000160a0000,0x00000000161a0000]
Native frames: (J=compiled Java code, j=interpreted, Vv=VM code, C=native code)
V  [jvm.dll+0x31667a]


Current CompileTask:
C2:    791  568       4       java.util.ArrayList::add (29 bytes)


---------------  P R O C E S S  ---------------

Java Threads: ( => current thread )
  0x0000000016409800 JavaThread "pool-1-thread-4" [_thread_in_Java, id=41964, stack(0x0000000016ca0000,0x0000000016da0000)]
  0x0000000016408800 JavaThread "pool-1-thread-3" [_thread_in_native, id=34804, stack(0x0000000016ba0000,0x0000000016ca0000)]
  0x00000000163ff000 JavaThread "pool-2-thread-1" [_thread_blocked, id=40168, stack(0x00000000169a0000,0x0000000016aa0000)]
  0x00000000163fe800 JavaThread "pool-1-thread-1" [_thread_blocked, id=38272, stack(0x00000000168a0000,0x00000000169a0000)]
  0x00000000162b2800 JavaThread "Service Thread" daemon [_thread_blocked, id=37312, stack(0x00000000166a0000,0x00000000167a0000)]
  0x0000000014a94800 JavaThread "C1 CompilerThread2" daemon [_thread_in_native, id=14648, stack(0x00000000161a0000,0x00000000162a0000)]
=>0x0000000014a42000 JavaThread "C2 CompilerThread1" daemon [_thread_in_native, id=36380, stack(0x00000000160a0000,0x00000000161a0000)]
  0x0000000014a3d000 JavaThread "C2 CompilerThread0" daemon [_thread_in_native, id=37084, stack(0x0000000015fa0000,0x00000000160a0000)]
  0x0000000014a3b800 JavaThread "Attach Listener" daemon [_thread_blocked, id=1320, stack(0x0000000015ea0000,0x0000000015fa0000)]
  0x0000000014a3a800 JavaThread "Signal Dispatcher" daemon [_thread_blocked, id=6880, stack(0x0000000015da0000,0x0000000015ea0000)]
  0x000000000235f000 JavaThread "Finalizer" daemon [_thread_blocked, id=37156, stack(0x0000000015ca0000,0x0000000015da0000)]
  0x000000000235d800 JavaThread "Reference Handler" daemon [_thread_in_native, id=2120, stack(0x0000000015ba0000,0x0000000015ca0000)]
  0x000000000226d800 JavaThread "main" [_thread_blocked, id=40776, stack(0x00000000020e0000,0x00000000021e0000)]

Other Threads:
  0x0000000014a06800 VMThread [stack: 0x0000000015aa0000,0x0000000015ba0000] [id=36968]
  0x00000000162c1000 WatcherThread [stack: 0x00000000167a0000,0x00000000168a0000] [id=37164]

VM state:not at safepoint (normal execution)

VM Mutex/Monitor currently owned by a thread: None

Heap:
 PSYoungGen      total 18944K, used 3512K [0x00000000eab00000, 0x00000000ec000000, 0x0000000100000000)
  eden space 16384K, 5% used [0x00000000eab00000,0x00000000eabf2000,0x00000000ebb00000)
  from space 2560K, 99% used [0x00000000ebb00000,0x00000000ebd7c048,0x00000000ebd80000)
  to   space 2560K, 0% used [0x00000000ebd80000,0x00000000ebd80000,0x00000000ec000000)
 ParOldGen       total 44032K, used 1512K [0x00000000c0000000, 0x00000000c2b00000, 0x00000000eab00000)
  object space 44032K, 3% used [0x00000000c0000000,0x00000000c017a240,0x00000000c2b00000)
 Metaspace       used 5596K, capacity 6640K, committed 6784K, reserved 1058816K
  class space    used 584K, capacity 616K, committed 640K, reserved 1048576K

Card table byte_map: [0x0000000011730000,0x0000000011940000] byte_map_base: 0x0000000011130000

Marking Bits: (ParMarkBitMap*) 0x000000006ffcd490
 Begin Bits: [0x0000000011ea0000, 0x0000000012ea0000)
 End Bits:   [0x0000000012ea0000, 0x0000000013ea0000)

Polling page: 0x00000000020c0000

CodeCache: size=245760Kb used=2099Kb max_used=2111Kb free=243660Kb
 bounds [0x0000000002370000, 0x00000000025e0000, 0x0000000011370000]
 total_blobs=834 nmethods=571 adapters=177
 compilation: enabled

Compilation events (10 events):
Event: 0.677 Thread 0x0000000014a94800  576       3       com.android.dx.util.LabeledList::addLabelIndex (43 bytes)
Event: 0.678 Thread 0x0000000014a94800 nmethod 576 0x000000000257b990 code [0x000000000257bb20, 0x000000000257bf78]
Event: 0.678 Thread 0x0000000014a94800  574       3       com.android.dx.cf.code.ByteOps::opInfo (6 bytes)
Event: 0.678 Thread 0x0000000014a94800 nmethod 574 0x0000000002578090 code [0x00000000025781e0, 0x0000000002578330]
Event: 0.678 Thread 0x0000000014a94800  575   !   3       com.android.dx.cf.code.BytecodeArray::parseInstruction (2764 bytes)
Event: 0.679 Thread 0x0000000014a42000  572   !   4       com.android.dx.util.IntList::get (36 bytes)
Event: 0.680 Thread 0x0000000014a42000 nmethod 572 0x000000000257ed90 code [0x000000000257eec0, 0x000000000257ef58]
Event: 0.680 Thread 0x0000000014a42000  566       4       java.util.BitSet::nextSetBit (102 bytes)
Event: 0.683 Thread 0x0000000014a42000 nmethod 566 0x000000000257d4d0 code [0x000000000257d620, 0x000000000257d758]
Event: 0.684 Thread 0x0000000014a42000  568       4       java.util.ArrayList::add (29 bytes)

GC Heap History (0 events):
No events

Deoptimization events (0 events):
No events

Internal exceptions (10 events):
Event: 0.606 Thread 0x000000000226d800 Exception <a 'java/security/PrivilegedActionException'> (0x00000000eb4bad90) thrown at [D:\re\workspace\8-2-build-windows-amd64-cygwin\jdk8u25\1677\hotspot\src\share\vm\prims\jvm.cpp, line 1312]
Event: 0.607 Thread 0x000000000226d800 Exception <a 'java/security/PrivilegedActionException'> (0x00000000eb4c01b8) thrown at [D:\re\workspace\8-2-build-windows-amd64-cygwin\jdk8u25\1677\hotspot\src\share\vm\prims\jvm.cpp, line 1312]
Event: 0.607 Thread 0x000000000226d800 Exception <a 'java/security/PrivilegedActionException'> (0x00000000eb4c5a38) thrown at [D:\re\workspace\8-2-build-windows-amd64-cygwin\jdk8u25\1677\hotspot\src\share\vm\prims\jvm.cpp, line 1312]
Event: 0.609 Thread 0x000000000226d800 Exception <a 'java/security/PrivilegedActionException'> (0x00000000eb4c9730) thrown at [D:\re\workspace\8-2-build-windows-amd64-cygwin\jdk8u25\1677\hotspot\src\share\vm\prims\jvm.cpp, line 1312]
Event: 0.612 Thread 0x0000000016409800 Exception <a 'java/security/PrivilegedActionException'> (0x00000000eb2defe0) thrown at [D:\re\workspace\8-2-build-windows-amd64-cygwin\jdk8u25\1677\hotspot\src\share\vm\prims\jvm.cpp, line 1312]
Event: 0.613 Thread 0x0000000016408800 Exception <a 'java/security/PrivilegedActionException'> (0x00000000eb3cc058) thrown at [D:\re\workspace\8-2-build-windows-amd64-cygwin\jdk8u25\1677\hotspot\src\share\vm\prims\jvm.cpp, line 1312]
Event: 0.615 Thread 0x0000000016408800 Exception <a 'java/security/PrivilegedActionException'> (0x00000000eb3d0968) thrown at [D:\re\workspace\8-2-build-windows-amd64-cygwin\jdk8u25\1677\hotspot\src\share\vm\prims\jvm.cpp, line 1312]
Event: 0.638 Thread 0x0000000016409800 Exception <a 'java/security/PrivilegedActionException'> (0x00000000eb550b58) thrown at [D:\re\workspace\8-2-build-windows-amd64-cygwin\jdk8u25\1677\hotspot\src\share\vm\prims\jvm.cpp, line 1312]
Event: 0.652 Thread 0x0000000016409800 Exception <a 'java/security/PrivilegedActionException'> (0x00000000eb55c918) thrown at [D:\re\workspace\8-2-build-windows-amd64-cygwin\jdk8u25\1677\hotspot\src\share\vm\prims\jvm.cpp, line 1312]
Event: 0.656 Thread 0x0000000016409800 Exception <a 'java/security/PrivilegedActionException'> (0x00000000eb564d88) thrown at [D:\re\workspace\8-2-build-windows-amd64-cygwin\jdk8u25\1677\hotspot\src\share\vm\prims\jvm.cpp, line 1312]

Events (10 events):
Event: 0.638 loading class com/android/dx/cf/code/Ropper$ExceptionHandlerSetup
Event: 0.638 loading class com/android/dx/cf/code/Ropper$ExceptionHandlerSetup done
Event: 0.639 loading class java/util/HashMap$Values
Event: 0.641 loading class java/util/HashMap$Values done
Event: 0.641 loading class java/util/HashMap$ValueIterator
Event: 0.641 loading class java/util/HashMap$ValueIterator done
Event: 0.652 loading class com/android/dx/ssa/PhiInsn$Operand
Event: 0.652 loading class com/android/dx/ssa/PhiInsn$Operand done
Event: 0.656 loading class com/android/dx/ssa/back/FirstFitLocalCombiningAllocator$Multiset
Event: 0.656 loading class com/android/dx/ssa/back/FirstFitLocalCombiningAllocator$Multiset done


Dynamic libraries:
0x00007ff6d7c10000 - 0x00007ff6d7c44000 	C:\Program Files\Java\jdk1.8.0_25\bin\java.exe
0x00007fff4cae0000 - 0x00007fff4ccb1000 	C:\WINDOWS\SYSTEM32\ntdll.dll
0x00007fff4c580000 - 0x00007fff4c62b000 	C:\WINDOWS\System32\KERNEL32.DLL
0x00007fff49cb0000 - 0x00007fff49ecd000 	C:\WINDOWS\System32\KERNELBASE.dll
0x00007fff4bf30000 - 0x00007fff4bfd2000 	C:\WINDOWS\System32\ADVAPI32.dll
0x00007fff4be30000 - 0x00007fff4bece000 	C:\WINDOWS\System32\msvcrt.dll
0x00007fff4b720000 - 0x00007fff4b779000 	C:\WINDOWS\System32\sechost.dll
0x00007fff4c630000 - 0x00007fff4c751000 	C:\WINDOWS\System32\RPCRT4.dll
0x00007fff4b7f0000 - 0x00007fff4b955000 	C:\WINDOWS\System32\USER32.dll
0x00007fff49a50000 - 0x00007fff49a6e000 	C:\WINDOWS\System32\win32u.dll
0x00007fff4c7d0000 - 0x00007fff4c804000 	C:\WINDOWS\System32\GDI32.dll
0x00007fff49030000 - 0x00007fff491b2000 	C:\WINDOWS\System32\gdi32full.dll
0x00007fff41b70000 - 0x00007fff41dea000 	C:\WINDOWS\WinSxS\amd64_microsoft.windows.common-controls_6595b64144ccf1df_6.0.14393.351_none_4213128bc687e6d3\COMCTL32.dll
0x00007fff4c810000 - 0x00007fff4cad7000 	C:\WINDOWS\System32\combase.dll
0x00007fff491c0000 - 0x00007fff492b5000 	C:\WINDOWS\System32\ucrtbase.dll
0x00007fff49a70000 - 0x00007fff49ada000 	C:\WINDOWS\System32\bcryptPrimitives.dll
0x00007fff4b6f0000 - 0x00007fff4b71e000 	C:\WINDOWS\System32\IMM32.DLL
0x0000000071450000 - 0x0000000071522000 	C:\Program Files\Java\jdk1.8.0_25\jre\bin\msvcr100.dll
0x000000006f7f0000 - 0x000000007004a000 	C:\Program Files\Java\jdk1.8.0_25\jre\bin\server\jvm.dll
0x00007fff4b6e0000 - 0x00007fff4b6e8000 	C:\WINDOWS\System32\PSAPI.DLL
0x00007fff47380000 - 0x00007fff47389000 	C:\WINDOWS\SYSTEM32\WSOCK32.dll
0x00007fff4bc60000 - 0x00007fff4bcca000 	C:\WINDOWS\System32\WS2_32.dll
0x00007fff472b0000 - 0x00007fff472d3000 	C:\WINDOWS\SYSTEM32\WINMM.dll
0x00007fff47250000 - 0x00007fff4727b000 	C:\WINDOWS\SYSTEM32\WINMMBASE.dll
0x00007fff49f80000 - 0x00007fff49fc2000 	C:\WINDOWS\System32\cfgmgr32.dll
0x0000000071c50000 - 0x0000000071c5f000 	C:\Program Files\Java\jdk1.8.0_25\jre\bin\verify.dll
0x0000000071900000 - 0x0000000071928000 	C:\Program Files\Java\jdk1.8.0_25\jre\bin\java.dll
0x00000000718e0000 - 0x00000000718f6000 	C:\Program Files\Java\jdk1.8.0_25\jre\bin\zip.dll
0x00007fff4a1d0000 - 0x00007fff4b6d9000 	C:\WINDOWS\System32\SHELL32.dll
0x00007fff492c0000 - 0x00007fff4999a000 	C:\WINDOWS\System32\windows.storage.dll
0x00007fff48f60000 - 0x00007fff48fac000 	C:\WINDOWS\System32\powrprof.dll
0x00007fff4bed0000 - 0x00007fff4bf22000 	C:\WINDOWS\System32\shlwapi.dll
0x00007fff48fb0000 - 0x00007fff48fbf000 	C:\WINDOWS\System32\kernel.appcore.dll
0x00007fff499a0000 - 0x00007fff49a49000 	C:\WINDOWS\System32\shcore.dll
0x00007fff48f40000 - 0x00007fff48f54000 	C:\WINDOWS\System32\profapi.dll
0x00007fff39d40000 - 0x00007fff39ed2000 	C:\WINDOWS\SYSTEM32\dbghelp.dll

VM Arguments:
jvm_args: -Djava.awt.headless=true -Xmx1024M -Dfile.encoding=windows-1252 -Duser.country=FR -Duser.language=fr -Duser.variant 
java_command: com.android.dx.command.Main --dex --num-threads=4 --output C:\Users\Famille\AndroidStudioProjects\Niviel\app\build\intermediates\pre-dexed\debug\com.google.android.gms-play-services-tasks-9.8.0_1a615688696863c3867c5faa8a65bd41f9fc6b8f.jar C:\Users\Famille\AndroidStudioProjects\Niviel\app\build\intermediates\exploded-aar\com.google.android.gms\play-services-tasks\9.8.0\jars\classes.jar
java_class_path (initial): C:\Users\Famille\AppData\Local\Android\sdk\build-tools\23.0.2\lib\dx.jar
Launcher Type: SUN_STANDARD

Environment Variables:
JAVA_HOME=C:\Program Files\Java\jdk1.8.0_25
PATH=C:\Program Files\Broadcom\Broadcom 802.11 Network Adapter;C:\Program Files\Broadcom\Broadcom 802.11;C:\ProgramData\Oracle\Java\javapath;C:\Program Files (x86)\Intel\iCLS Client\;C:\Program Files\Intel\iCLS Client\;C:\Windows\system32;C:\Windows;C:\Windows\System32\Wbem;C:\Windows\System32\WindowsPowerShell\v1.0\;C:\Program Files\Hewlett-Packard\SimplePass\;C:\wamp\bin\php\php5.5.12;C:\Python34;C:\Users\Famille\AppData\Roaming\npm\;C:\Program Files\nodejs\;C:\Program Files\Git\cmd;C:\Program Files (x86)\Brackets\command;C:\Program Files (x86)\Ant\bin;C:\Program Files (x86)\Maven\bin;C:\Program Files (x86)\Intel\Intel(R) Management Engine Components\DAL;C:\Program Files\Intel\Intel(R) Management Engine Components\DAL;C:\Program Files (x86)\Intel\Intel(R) Management Engine Components\IPT;C:\Program Files\Intel\Intel(R) Management Engine Components\IPT;C:\Users\Famille\AppData\Local\Android\sdk\platform-tools;C:\WINDOWS\system32;C:\WINDOWS;C:\WINDOWS\System32\Wbem;C:\WINDOWS\System32\WindowsPowerShell\v1.0\;C:\Users\Famille\AppData\Local\atom\bin;C:\Users\Famille\AppData\Roaming\npm;%USERPROFILE%\AppData\Local\Microsoft\WindowsApps;
USERNAME=de Lachaux
OS=Windows_NT
PROCESSOR_IDENTIFIER=Intel64 Family 6 Model 69 Stepping 1, GenuineIntel



---------------  S Y S T E M  ---------------

OS: Windows 8.1 , 64 bit Build 9600 

CPU:total 4 (2 cores per cpu, 2 threads per core) family 6 model 69 stepping 1, cmov, cx8, fxsr, mmx, sse, sse2, sse3, ssse3, sse4.1, sse4.2, popcnt, avx, avx2, aes, clmul, erms, lzcnt, ht, tsc, tscinvbit, bmi1, bmi2

Memory: 4k page, physical 4122776k(330968k free), swap 5555352k(3756k free)

vm_info: Java HotSpot(TM) 64-Bit Server VM (25.25-b02) for windows-amd64 JRE (1.8.0_25-b18), built on Oct  7 2014 14:25:37 by "java_re" with MS VC++ 10.0 (VS2010)

time: Tue Nov 08 18:42:55 2016
elapsed time: 0 seconds (0d 0h 0m 0s)

