#
# There is insufficient memory for the Java Runtime Environment to continue.
# Native memory allocation (malloc) failed to allocate 32744 bytes for ChunkPool::allocate
# Possible reasons:
#   The system is out of physical RAM or swap space
#   In 32 bit mode, the process size limit was hit
# Possible solutions:
#   Reduce memory load on the system
#   Increase physical memory or swap space
#   Check if swap backing store is full
#   Use 64 bit Java on a 64 bit OS
#   Decrease Java heap size (-Xmx/-Xms)
#   Decrease number of Java threads
#   Decrease Java thread stack sizes (-Xss)
#   Set larger code cache with -XX:ReservedCodeCacheSize=
# This output file may be truncated or incomplete.
#
#  Out of Memory Error (allocation.cpp:273), pid=55788, tid=55884
#
# JRE version: Java(TM) SE Runtime Environment (8.0_25-b18) (build 1.8.0_25-b18)
# Java VM: Java HotSpot(TM) 64-Bit Server VM (25.25-b02 mixed mode windows-amd64 compressed oops)
# Failed to write core dump. Minidumps are not enabled by default on client versions of Windows
#

---------------  T H R E A D  ---------------

Current thread (0x00000000163c4000):  JavaThread "pool-2-thread-3" [_thread_in_vm, id=55884, stack(0x0000000016b30000,0x0000000016c30000)]

Stack: [0x0000000016b30000,0x0000000016c30000]
Native frames: (J=compiled Java code, j=interpreted, Vv=VM code, C=native code)
V  [jvm.dll+0x31667a]
V  [jvm.dll+0x267073]
V  [jvm.dll+0x267cb3]
V  [jvm.dll+0x25f5b5]
V  [jvm.dll+0xbeec1]
V  [jvm.dll+0xbf60c]
V  [jvm.dll+0x7f6c1]
V  [jvm.dll+0x101926]
V  [jvm.dll+0x104fb7]
V  [jvm.dll+0x105555]
V  [jvm.dll+0x4279b3]
C  0x000000000237db94

Java frames: (J=compiled Java code, j=interpreted, Vv=VM code)
v  ~RuntimeStub::fast_new_instance_init_check Runtime1 stub
J 773 C1 com.android.dx.ssa.MoveParamCombiner$1.visitNonMoveInsn(Lcom/android/dx/ssa/NormalSsaInsn;)V (213 bytes) @ 0x000000000261ab9b [0x0000000002619000+0x1b9b]
J 1060 C2 com.android.dx.ssa.SsaBasicBlock.forEachInsn(Lcom/android/dx/ssa/SsaInsn$Visitor;)V (37 bytes) @ 0x000000000275d18c [0x000000000275d0a0+0xec]
J 1167 C2 com.android.dx.ssa.SsaMethod.forEachInsn(Lcom/android/dx/ssa/SsaInsn$Visitor;)V (36 bytes) @ 0x000000000276b6b8 [0x000000000276b5e0+0xd8]
j  com.android.dx.ssa.MoveParamCombiner.run()V+33
j  com.android.dx.ssa.MoveParamCombiner.process(Lcom/android/dx/ssa/SsaMethod;)V+8
j  com.android.dx.ssa.Optimizer.runSsaFormSteps(Lcom/android/dx/ssa/SsaMethod;Ljava/util/EnumSet;)V+13
j  com.android.dx.ssa.Optimizer.optimize(Lcom/android/dx/rop/code/RopMethod;IZZLcom/android/dx/rop/code/TranslationAdvice;Ljava/util/EnumSet;)Lcom/android/dx/rop/code/RopMethod;+24
j  com.android.dx.ssa.Optimizer.optimize(Lcom/android/dx/rop/code/RopMethod;IZZLcom/android/dx/rop/code/TranslationAdvice;)Lcom/android/dx/rop/code/RopMethod;+12
j  com.android.dx.dex.cf.CfTranslator.processMethods(Lcom/android/dx/cf/direct/DirectClassFile;Lcom/android/dx/dex/cf/CfOptions;Lcom/android/dx/dex/DexOptions;Lcom/android/dx/dex/file/ClassDefItem;Lcom/android/dx/dex/file/DexFile;)V+265
j  com.android.dx.dex.cf.CfTranslator.translate0(Lcom/android/dx/cf/direct/DirectClassFile;[BLcom/android/dx/dex/cf/CfOptions;Lcom/android/dx/dex/DexOptions;Lcom/android/dx/dex/file/DexFile;)Lcom/android/dx/dex/file/ClassDefItem;+120
j  com.android.dx.dex.cf.CfTranslator.translate(Lcom/android/dx/cf/direct/DirectClassFile;[BLcom/android/dx/dex/cf/CfOptions;Lcom/android/dx/dex/DexOptions;Lcom/android/dx/dex/file/DexFile;)Lcom/android/dx/dex/file/ClassDefItem;+6
j  com.android.dx.command.dexer.Main.translateClass([BLcom/android/dx/cf/direct/DirectClassFile;)Lcom/android/dx/dex/file/ClassDefItem;+17
j  com.android.dx.command.dexer.Main.access$2700([BLcom/android/dx/cf/direct/DirectClassFile;)Lcom/android/dx/dex/file/ClassDefItem;+2
j  com.android.dx.command.dexer.Main$ClassTranslatorTask.call()Lcom/android/dx/dex/file/ClassDefItem;+8
j  com.android.dx.command.dexer.Main$ClassTranslatorTask.call()Ljava/lang/Object;+1
j  java.util.concurrent.FutureTask.run()V+42
j  java.util.concurrent.ThreadPoolExecutor.runWorker(Ljava/util/concurrent/ThreadPoolExecutor$Worker;)V+95
j  java.util.concurrent.ThreadPoolExecutor$Worker.run()V+5
j  java.lang.Thread.run()V+11
v  ~StubRoutines::call_stub

---------------  P R O C E S S  ---------------

Java Threads: ( => current thread )
  0x0000000016405800 JavaThread "pool-2-thread-4" [_thread_blocked, id=55476, stack(0x0000000016c30000,0x0000000016d30000)]
=>0x00000000163c4000 JavaThread "pool-2-thread-3" [_thread_in_vm, id=55884, stack(0x0000000016b30000,0x0000000016c30000)]
  0x00000000163c3000 JavaThread "pool-2-thread-2" [_thread_blocked, id=55968, stack(0x0000000016a30000,0x0000000016b30000)]
  0x00000000163c2000 JavaThread "pool-3-thread-1" [_thread_blocked, id=54528, stack(0x0000000016930000,0x0000000016a30000)]
  0x00000000163b7000 JavaThread "pool-2-thread-1" [_thread_blocked, id=54820, stack(0x0000000016830000,0x0000000016930000)]
  0x0000000016235000 JavaThread "Service Thread" daemon [_thread_blocked, id=53752, stack(0x0000000016630000,0x0000000016730000)]
  0x0000000014a28000 JavaThread "C1 CompilerThread2" daemon [_thread_blocked, id=54116, stack(0x0000000016130000,0x0000000016230000)]
  0x00000000149e1800 JavaThread "C2 CompilerThread1" daemon [_thread_blocked, id=52312, stack(0x0000000016030000,0x0000000016130000)]
  0x00000000149dc000 JavaThread "C2 CompilerThread0" daemon [_thread_blocked, id=51384, stack(0x0000000015f30000,0x0000000016030000)]
  0x00000000149da800 JavaThread "Attach Listener" daemon [_thread_blocked, id=31280, stack(0x0000000015e30000,0x0000000015f30000)]
  0x00000000149d9800 JavaThread "Signal Dispatcher" daemon [_thread_blocked, id=47940, stack(0x0000000015d30000,0x0000000015e30000)]
  0x0000000002300800 JavaThread "Finalizer" daemon [_thread_blocked, id=55688, stack(0x0000000015c30000,0x0000000015d30000)]
  0x00000000022fd000 JavaThread "Reference Handler" daemon [_thread_blocked, id=55780, stack(0x0000000015b30000,0x0000000015c30000)]
  0x00000000020ae000 JavaThread "main" [_thread_blocked, id=56092, stack(0x00000000020b0000,0x00000000021b0000)]

Other Threads:
  0x00000000149a6800 VMThread [stack: 0x0000000015a30000,0x0000000015b30000] [id=54604]
  0x0000000016237000 WatcherThread [stack: 0x0000000016730000,0x0000000016830000] [id=53736]

VM state:synchronizing (normal execution)

VM Mutex/Monitor currently owned by a thread:  ([mutex/lock_event])
[0x00000000020ad720] Threads_lock - owner thread: 0x00000000149a6800
[0x00000000020ad7a0] Heap_lock - owner thread: 0x00000000163b7000

Heap:
 PSYoungGen      total 18944K, used 18935K [0x00000000eab00000, 0x00000000ec000000, 0x0000000100000000)
  eden space 16384K, 100% used [0x00000000eab00000,0x00000000ebb00000,0x00000000ebb00000)
  from space 2560K, 99% used [0x00000000ebb00000,0x00000000ebd7dc78,0x00000000ebd80000)
  to   space 2560K, 0% used [0x00000000ebd80000,0x00000000ebd80000,0x00000000ec000000)
 ParOldGen       total 44032K, used 1674K [0x00000000c0000000, 0x00000000c2b00000, 0x00000000eab00000)
  object space 44032K, 3% used [0x00000000c0000000,0x00000000c01a29b8,0x00000000c2b00000)
 Metaspace       used 5963K, capacity 6960K, committed 7040K, reserved 1056768K
  class space    used 588K, capacity 616K, committed 640K, reserved 1048576K

Card table byte_map: [0x00000000116d0000,0x00000000118e0000] byte_map_base: 0x00000000110d0000

Marking Bits: (ParMarkBitMap*) 0x000000007333d490
 Begin Bits: [0x0000000011e40000, 0x0000000012e40000)
 End Bits:   [0x0000000012e40000, 0x0000000013e40000)

Polling page: 0x0000000002050000

CodeCache: size=245760Kb used=5043Kb max_used=5043Kb free=240716Kb
 bounds [0x0000000002310000, 0x0000000002810000, 0x0000000011310000]
 total_blobs=1545 nmethods=1281 adapters=178
 compilation: enabled

Compilation events (10 events):
Event: 4.400 Thread 0x0000000014a28000 nmethod 1284 0x00000000027fd990 code [0x00000000027fdb80, 0x00000000027fe7a8]
Event: 4.401 Thread 0x0000000014a28000 1286       3       com.android.dx.rop.annotation.Annotations::size (8 bytes)
Event: 4.401 Thread 0x0000000014a28000 nmethod 1286 0x00000000027e58d0 code [0x00000000027e5a20, 0x00000000027e5b90]
Event: 4.401 Thread 0x0000000014a28000 1285       3       com.android.dx.rop.cst.CstFieldRef::<init> (7 bytes)
Event: 4.401 Thread 0x0000000014a28000 nmethod 1285 0x00000000027feb10 code [0x00000000027fec80, 0x00000000027fee08]
Event: 4.401 Thread 0x0000000014a28000 1287       3       com.android.dx.rop.code.Insn::contentEquals (84 bytes)
Event: 4.402 Thread 0x0000000014a28000 nmethod 1287 0x00000000027fee90 code [0x00000000027ff080, 0x00000000027ffcb8]
Event: 4.402 Thread 0x0000000014a28000 1288       3       com.android.dx.util.Bits::isEmpty (26 bytes)
Event: 4.402 Thread 0x0000000014a28000 nmethod 1288 0x00000000027fff10 code [0x0000000002800080, 0x00000000028002d0]
Event: 4.404 Thread 0x0000000014a28000 1289       3       com.android.dx.ssa.PhiTypeResolver::equalsHandlesNulls (23 bytes)

GC Heap History (2 events):
Event: 3.446 GC heap before
{Heap before GC invocations=1 (full 0):
 PSYoungGen      total 18944K, used 16384K [0x00000000eab00000, 0x00000000ec000000, 0x0000000100000000)
  eden space 16384K, 100% used [0x00000000eab00000,0x00000000ebb00000,0x00000000ebb00000)
  from space 2560K, 0% used [0x00000000ebd80000,0x00000000ebd80000,0x00000000ec000000)
  to   space 2560K, 0% used [0x00000000ebb00000,0x00000000ebb00000,0x00000000ebd80000)
 ParOldGen       total 44032K, used 0K [0x00000000c0000000, 0x00000000c2b00000, 0x00000000eab00000)
  object space 44032K, 0% used [0x00000000c0000000,0x00000000c0000000,0x00000000c2b00000)
 Metaspace       used 5754K, capacity 6768K, committed 7040K, reserved 1056768K
  class space    used 588K, capacity 616K, committed 640K, reserved 1048576K
Event: 3.628 GC heap after
Heap after GC invocations=1 (full 0):
 PSYoungGen      total 18944K, used 2551K [0x00000000eab00000, 0x00000000ec000000, 0x0000000100000000)
  eden space 16384K, 0% used [0x00000000eab00000,0x00000000eab00000,0x00000000ebb00000)
  from space 2560K, 99% used [0x00000000ebb00000,0x00000000ebd7dc78,0x00000000ebd80000)
  to   space 2560K, 0% used [0x00000000ebd80000,0x00000000ebd80000,0x00000000ec000000)
 ParOldGen       total 44032K, used 1674K [0x00000000c0000000, 0x00000000c2b00000, 0x00000000eab00000)
  object space 44032K, 3% used [0x00000000c0000000,0x00000000c01a29b8,0x00000000c2b00000)
 Metaspace       used 5754K, capacity 6768K, committed 7040K, reserved 1056768K
  class space    used 588K, capacity 616K, committed 640K, reserved 1048576K
}

Deoptimization events (2 events):
Event: 3.679 Thread 0x00000000163c3000 Uncommon trap: reason=null_check action=make_not_entrant pc=0x00000000026997a4 method=com.android.dx.rop.type.Type.equals(Ljava/lang/Object;)Z @ 8
Event: 3.682 Thread 0x0000000016405800 Uncommon trap: reason=null_check action=make_not_entrant pc=0x0000000002665944 method=com.android.dx.ssa.SsaRenamer.getLocalForNewReg(I)Lcom/android/dx/rop/code/LocalItem; @ 19

Internal exceptions (10 events):
Event: 2.992 Thread 0x00000000163b7000 Exception <a 'java/security/PrivilegedActionException'> (0x00000000eb3a7240) thrown at [D:\re\workspace\8-2-build-windows-amd64-cygwin\jdk8u25\1677\hotspot\src\share\vm\prims\jvm.cpp, line 1312]
Event: 3.075 Thread 0x00000000020ae000 Exception <a 'java/security/PrivilegedActionException'> (0x00000000eb634d28) thrown at [D:\re\workspace\8-2-build-windows-amd64-cygwin\jdk8u25\1677\hotspot\src\share\vm\prims\jvm.cpp, line 1312]
Event: 3.102 Thread 0x0000000016405800 Exception <a 'java/security/PrivilegedActionException'> (0x00000000eb6db2f0) thrown at [D:\re\workspace\8-2-build-windows-amd64-cygwin\jdk8u25\1677\hotspot\src\share\vm\prims\jvm.cpp, line 1312]
Event: 3.135 Thread 0x00000000020ae000 Exception <a 'java/security/PrivilegedActionException'> (0x00000000eb73e348) thrown at [D:\re\workspace\8-2-build-windows-amd64-cygwin\jdk8u25\1677\hotspot\src\share\vm\prims\jvm.cpp, line 1312]
Event: 3.137 Thread 0x00000000020ae000 Exception <a 'java/security/PrivilegedActionException'> (0x00000000eb7484a8) thrown at [D:\re\workspace\8-2-build-windows-amd64-cygwin\jdk8u25\1677\hotspot\src\share\vm\prims\jvm.cpp, line 1312]
Event: 3.137 Thread 0x00000000020ae000 Exception <a 'java/security/PrivilegedActionException'> (0x00000000eb74aa80) thrown at [D:\re\workspace\8-2-build-windows-amd64-cygwin\jdk8u25\1677\hotspot\src\share\vm\prims\jvm.cpp, line 1312]
Event: 3.417 Thread 0x00000000020ae000 Exception <a 'java/security/PrivilegedActionException'> (0x00000000eb99a540) thrown at [D:\re\workspace\8-2-build-windows-amd64-cygwin\jdk8u25\1677\hotspot\src\share\vm\prims\jvm.cpp, line 1312]
Event: 3.420 Thread 0x00000000020ae000 Exception <a 'java/security/PrivilegedActionException'> (0x00000000eb99cd48) thrown at [D:\re\workspace\8-2-build-windows-amd64-cygwin\jdk8u25\1677\hotspot\src\share\vm\prims\jvm.cpp, line 1312]
Event: 3.679 Thread 0x00000000163c3000 Implicit null exception at 0x00000000026996a2 to 0x0000000002699795
Event: 3.682 Thread 0x0000000016405800 Implicit null exception at 0x0000000002663874 to 0x000000000266591d

Events (10 events):
Event: 3.682 Thread 0x0000000016405800 DEOPT PACKING pc=0x0000000002665944 sp=0x0000000016d2e720
Event: 3.682 Thread 0x0000000016405800 DEOPT UNPACKING pc=0x000000000235556a sp=0x0000000016d2e558 mode 2
Event: 3.703 loading class sun/misc/Cleaner
Event: 3.703 loading class sun/misc/Cleaner done
Event: 4.345 Thread 0x00000000163c3000 DEOPT PACKING pc=0x00000000025d32e2 sp=0x0000000016b2e840
Event: 4.345 Thread 0x00000000163c3000 DEOPT UNPACKING pc=0x00000000023575bf sp=0x0000000016b2e5a8 mode 0
Event: 4.377 Thread 0x00000000163c4000 DEOPT PACKING pc=0x0000000002633135 sp=0x0000000016c2ec40
Event: 4.377 Thread 0x00000000163c4000 DEOPT UNPACKING pc=0x00000000023575bf sp=0x0000000016c2ea20 mode 0
Event: 4.404 Executing VM operation: ForceSafepoint
Event: 4.582 Executing VM operation: ForceSafepoint done


Dynamic libraries:
0x00007ff643410000 - 0x00007ff643444000 	C:\Program Files\Java\jdk1.8.0_25\bin\java.exe
0x00007fff80c20000 - 0x00007fff80de1000 	C:\WINDOWS\SYSTEM32\ntdll.dll
0x00007fff80400000 - 0x00007fff804ad000 	C:\WINDOWS\system32\KERNEL32.DLL
0x00007fff7d680000 - 0x00007fff7d868000 	C:\WINDOWS\system32\KERNELBASE.dll
0x00007fff80850000 - 0x00007fff808f7000 	C:\WINDOWS\system32\ADVAPI32.dll
0x00007fff801e0000 - 0x00007fff8027d000 	C:\WINDOWS\system32\msvcrt.dll
0x00007fff7ec20000 - 0x00007fff7ec7b000 	C:\WINDOWS\system32\sechost.dll
0x00007fff804b0000 - 0x00007fff805cc000 	C:\WINDOWS\system32\RPCRT4.dll
0x00007fff7e030000 - 0x00007fff7e186000 	C:\WINDOWS\system32\USER32.dll
0x00007fff7e450000 - 0x00007fff7e5d6000 	C:\WINDOWS\system32\GDI32.dll
0x00007fff76200000 - 0x00007fff76474000 	C:\WINDOWS\WinSxS\amd64_microsoft.windows.common-controls_6595b64144ccf1df_6.0.10586.494_none_a2d8b04ea53e3145\COMCTL32.dll
0x00007fff805d0000 - 0x00007fff8084d000 	C:\WINDOWS\system32\combase.dll
0x00007fff7d4f0000 - 0x00007fff7d55a000 	C:\WINDOWS\system32\bcryptPrimitives.dll
0x00007fff80be0000 - 0x00007fff80c1b000 	C:\WINDOWS\system32\IMM32.DLL
0x00000000726a0000 - 0x0000000072772000 	C:\Program Files\Java\jdk1.8.0_25\jre\bin\msvcr100.dll
0x0000000072b60000 - 0x00000000733ba000 	C:\Program Files\Java\jdk1.8.0_25\jre\bin\server\jvm.dll
0x00007fff7e190000 - 0x00007fff7e198000 	C:\WINDOWS\system32\PSAPI.DLL
0x00007fff65bb0000 - 0x00007fff65bb9000 	C:\WINDOWS\SYSTEM32\WSOCK32.dll
0x00007fff7ebb0000 - 0x00007fff7ec1b000 	C:\WINDOWS\system32\WS2_32.dll
0x00007fff7b560000 - 0x00007fff7b583000 	C:\WINDOWS\SYSTEM32\WINMM.dll
0x00007fff7b110000 - 0x00007fff7b13c000 	C:\WINDOWS\SYSTEM32\WINMMBASE.dll
0x00007fff7d4a0000 - 0x00007fff7d4e3000 	C:\WINDOWS\system32\cfgmgr32.dll
0x0000000072b50000 - 0x0000000072b5f000 	C:\Program Files\Java\jdk1.8.0_25\jre\bin\verify.dll
0x0000000072b20000 - 0x0000000072b48000 	C:\Program Files\Java\jdk1.8.0_25\jre\bin\java.dll
0x0000000072b00000 - 0x0000000072b16000 	C:\Program Files\Java\jdk1.8.0_25\jre\bin\zip.dll
0x00007fff7ec80000 - 0x00007fff801dc000 	C:\WINDOWS\system32\SHELL32.dll
0x00007fff7d870000 - 0x00007fff7deb5000 	C:\WINDOWS\system32\windows.storage.dll
0x00007fff80b80000 - 0x00007fff80bd2000 	C:\WINDOWS\system32\shlwapi.dll
0x00007fff7d2c0000 - 0x00007fff7d2cf000 	C:\WINDOWS\system32\kernel.appcore.dll
0x00007fff7d5c0000 - 0x00007fff7d675000 	C:\WINDOWS\system32\shcore.dll
0x00007fff7d270000 - 0x00007fff7d2bb000 	C:\WINDOWS\system32\powrprof.dll
0x00007fff7d240000 - 0x00007fff7d254000 	C:\WINDOWS\system32\profapi.dll
0x00007fff63a80000 - 0x00007fff63c0c000 	C:\WINDOWS\SYSTEM32\dbghelp.dll

VM Arguments:
jvm_args: -Djava.awt.headless=true -Xmx1024M -Dfile.encoding=windows-1252 -Duser.country=FR -Duser.language=fr -Duser.variant 
java_command: com.android.dx.command.Main --dex --force-jumbo --num-threads=4 --multi-dex --output C:\Users\Famille\AndroidStudioProjects\Niviel\app\build\intermediates\transforms\dex\debug\folders\1000\10\picasso-2.5.2_56fb709d046e358ab2039dfa1476d769d7188c68 C:\Users\Famille\.gradle\caches\modules-2\files-2.1\com.squareup.picasso\picasso\2.5.2\7446d06ec8d4f7ffcc53f1da37c95f200dcb9387\picasso-2.5.2.jar
java_class_path (initial): C:\Users\Famille\AppData\Local\Android\sdk\build-tools\23.0.2\lib\dx.jar
Launcher Type: SUN_STANDARD

Environment Variables:
JAVA_HOME=C:\Program Files\Java\jdk1.8.0_25
PATH=C:\Program Files\Broadcom\Broadcom 802.11 Network Adapter;;C:\Program Files\Broadcom\Broadcom 802.11;C:\ProgramData\Oracle\Java\javapath;C:\Program Files (x86)\Intel\iCLS Client\;C:\Program Files\Intel\iCLS Client\;C:\Windows\system32;C:\Windows;C:\Windows\System32\Wbem;C:\Windows\System32\WindowsPowerShell\v1.0\;C:\Program Files\Hewlett-Packard\SimplePass\;C:\wamp\bin\php\php5.5.12;C:\Python27;C:\Users\Famille\AppData\Roaming\npm\;C:\Program Files\nodejs\;C:\Program Files\Git\cmd;C:\Program Files (x86)\Brackets\command;C:\Program Files (x86)\Ant\bin;C:\Program Files (x86)\Maven\bin;C:\Program Files (x86)\Intel\Intel(R) Management Engine Components\DAL;C:\Program Files\Intel\Intel(R) Management Engine Components\DAL;C:\Program Files (x86)\Intel\Intel(R) Management Engine Components\IPT;C:\Program Files\Intel\Intel(R) Management Engine Components\IPT;C:\Users\Famille\AppData\Local\atom\bin;C:\Users\Famille\AppData\Roaming\npm
USERNAME=de Lachaux
OS=Windows_NT
PROCESSOR_IDENTIFIER=Intel64 Family 6 Model 69 Stepping 1, GenuineIntel



---------------  S Y S T E M  ---------------

OS: Windows 8.1 , 64 bit Build 9600 

CPU:total 4 (2 cores per cpu, 2 threads per core) family 6 model 69 stepping 1, cmov, cx8, fxsr, mmx, sse, sse2, sse3, ssse3, sse4.1, sse4.2, popcnt, avx, avx2, aes, clmul, erms, lzcnt, ht, tsc, tscinvbit, bmi1, bmi2

Memory: 4k page, physical 4122776k(357168k free), swap 5555352k(449204k free)

vm_info: Java HotSpot(TM) 64-Bit Server VM (25.25-b02) for windows-amd64 JRE (1.8.0_25-b18), built on Oct  7 2014 14:25:37 by "java_re" with MS VC++ 10.0 (VS2010)

time: Thu Aug 25 11:47:49 2016
elapsed time: 5 seconds (0d 0h 0m 5s)

