#
# There is insufficient memory for the Java Runtime Environment to continue.
# Native memory allocation (malloc) failed to allocate 276736 bytes for Chunk::new
# Possible reasons:
#   The system is out of physical RAM or swap space
#   In 32 bit mode, the process size limit was hit
# Possible solutions:
#   Reduce memory load on the system
#   Increase physical memory or swap space
#   Check if swap backing store is full
#   Use 64 bit Java on a 64 bit OS
#   Decrease Java heap size (-Xmx/-Xms)
#   Decrease number of Java threads
#   Decrease Java thread stack sizes (-Xss)
#   Set larger code cache with -XX:ReservedCodeCacheSize=
# This output file may be truncated or incomplete.
#
#  Out of Memory Error (allocation.cpp:390), pid=55584, tid=10304
#
# JRE version: Java(TM) SE Runtime Environment (8.0_25-b18) (build 1.8.0_25-b18)
# Java VM: Java HotSpot(TM) 64-Bit Server VM (25.25-b02 mixed mode windows-amd64 compressed oops)
# Failed to write core dump. Minidumps are not enabled by default on client versions of Windows
#

---------------  T H R E A D  ---------------

Current thread (0x00000000152cc000):  JavaThread "C2 CompilerThread0" daemon [_thread_in_native, id=10304, stack(0x0000000016830000,0x0000000016930000)]

Stack: [0x0000000016830000,0x0000000016930000]
Native frames: (J=compiled Java code, j=interpreted, Vv=VM code, C=native code)
V  [jvm.dll+0x31667a]


Current CompileTask:
C2:   4559 1275 %     4       com.android.dx.ssa.SsaMethod::computeReachability @ 8 (131 bytes)


---------------  P R O C E S S  ---------------

Java Threads: ( => current thread )
  0x0000000016f91800 JavaThread "pool-2-thread-4" [_thread_blocked, id=53832, stack(0x0000000017530000,0x0000000017630000)]
  0x0000000016f90000 JavaThread "pool-2-thread-3" [_thread_in_Java, id=55444, stack(0x0000000017430000,0x0000000017530000)]
  0x0000000016f8e800 JavaThread "pool-2-thread-2" [_thread_blocked, id=56020, stack(0x0000000017330000,0x0000000017430000)]
  0x0000000016f83000 JavaThread "pool-3-thread-1" [_thread_blocked, id=56288, stack(0x0000000017230000,0x0000000017330000)]
  0x0000000016f80000 JavaThread "pool-2-thread-1" [_thread_blocked, id=56228, stack(0x0000000017130000,0x0000000017230000)]
  0x000000001532b000 JavaThread "Service Thread" daemon [_thread_blocked, id=52908, stack(0x0000000016b30000,0x0000000016c30000)]
  0x0000000015323800 JavaThread "C1 CompilerThread2" daemon [_thread_blocked, id=53732, stack(0x0000000016a30000,0x0000000016b30000)]
  0x0000000015317000 JavaThread "C2 CompilerThread1" daemon [_thread_in_native, id=55100, stack(0x0000000016930000,0x0000000016a30000)]
=>0x00000000152cc000 JavaThread "C2 CompilerThread0" daemon [_thread_in_native, id=10304, stack(0x0000000016830000,0x0000000016930000)]
  0x00000000152ca800 JavaThread "Attach Listener" daemon [_thread_blocked, id=48008, stack(0x0000000016730000,0x0000000016830000)]
  0x00000000152c9800 JavaThread "Signal Dispatcher" daemon [_thread_blocked, id=55524, stack(0x0000000016630000,0x0000000016730000)]
  0x0000000002bf0800 JavaThread "Finalizer" daemon [_thread_blocked, id=55640, stack(0x0000000016530000,0x0000000016630000)]
  0x0000000002bed000 JavaThread "Reference Handler" daemon [_thread_blocked, id=55988, stack(0x0000000016430000,0x0000000016530000)]
  0x0000000002afe000 JavaThread "main" [_thread_blocked, id=50228, stack(0x00000000029d0000,0x0000000002ad0000)]

Other Threads:
  0x0000000015296800 VMThread [stack: 0x0000000016330000,0x0000000016430000] [id=55344]
  0x000000001532d000 WatcherThread [stack: 0x0000000016c30000,0x0000000016d30000] [id=51216]

VM state:not at safepoint (normal execution)

VM Mutex/Monitor currently owned by a thread: None

Heap:
 PSYoungGen      total 35328K, used 4838K [0x00000000eab00000, 0x00000000ed000000, 0x0000000100000000)
  eden space 32768K, 7% used [0x00000000eab00000,0x00000000ead3f058,0x00000000ecb00000)
  from space 2560K, 99% used [0x00000000ecd80000,0x00000000ecffaab8,0x00000000ed000000)
  to   space 2560K, 0% used [0x00000000ecb00000,0x00000000ecb00000,0x00000000ecd80000)
 ParOldGen       total 44032K, used 3402K [0x00000000c0000000, 0x00000000c2b00000, 0x00000000eab00000)
  object space 44032K, 7% used [0x00000000c0000000,0x00000000c0352bb0,0x00000000c2b00000)
 Metaspace       used 5974K, capacity 6960K, committed 7040K, reserved 1056768K
  class space    used 587K, capacity 616K, committed 640K, reserved 1048576K

Card table byte_map: [0x0000000011fc0000,0x00000000121d0000] byte_map_base: 0x00000000119c0000

Marking Bits: (ParMarkBitMap*) 0x000000007333d490
 Begin Bits: [0x0000000012730000, 0x0000000013730000)
 End Bits:   [0x0000000013730000, 0x0000000014730000)

Polling page: 0x00000000011c0000

CodeCache: size=245760Kb used=5193Kb max_used=5193Kb free=240566Kb
 bounds [0x0000000002c00000, 0x0000000003120000, 0x0000000011c00000]
 total_blobs=1580 nmethods=1316 adapters=178
 compilation: enabled

Compilation events (10 events):
Event: 4.451 Thread 0x0000000015323800 nmethod 1289 0x00000000030ebe90 code [0x00000000030ec000, 0x00000000030ec448]
Event: 4.451 Thread 0x0000000015323800 1290       1       com.android.dx.cf.code.LocalVariableList$Item::getSignature (5 bytes)
Event: 4.451 Thread 0x0000000015323800 nmethod 1290 0x00000000030ebb50 code [0x00000000030ebca0, 0x00000000030ebdb0]
Event: 4.452 Thread 0x0000000015323800 1291       3       com.android.dx.util.FixedSizeList::shrinkToFit (103 bytes)
Event: 4.453 Thread 0x0000000015323800 nmethod 1291 0x00000000030f9bd0 code [0x00000000030f9d80, 0x00000000030fa5e8]
Event: 4.454 Thread 0x0000000015323800 1292       3       com.android.dx.rop.code.Rops::opGetField (97 bytes)
Event: 4.455 Thread 0x0000000015323800 nmethod 1292 0x00000000030fa910 code [0x00000000030fab40, 0x00000000030fb778]
Event: 4.455 Thread 0x0000000015323800 1293       3       com.android.dx.cf.code.OneLocalsArray::set (10 bytes)
Event: 4.455 Thread 0x0000000015323800 nmethod 1293 0x00000000030fbcd0 code [0x00000000030fbe40, 0x00000000030fc088]
Event: 4.455 Thread 0x0000000015323800 1297       3       com.android.dx.cf.code.Ropper::addExceptionSetupBlocks (203 bytes)

GC Heap History (2 events):
Event: 3.272 GC heap before
{Heap before GC invocations=1 (full 0):
 PSYoungGen      total 18944K, used 16384K [0x00000000eab00000, 0x00000000ec000000, 0x0000000100000000)
  eden space 16384K, 100% used [0x00000000eab00000,0x00000000ebb00000,0x00000000ebb00000)
  from space 2560K, 0% used [0x00000000ebd80000,0x00000000ebd80000,0x00000000ec000000)
  to   space 2560K, 0% used [0x00000000ebb00000,0x00000000ebb00000,0x00000000ebd80000)
 ParOldGen       total 44032K, used 0K [0x00000000c0000000, 0x00000000c2b00000, 0x00000000eab00000)
  object space 44032K, 0% used [0x00000000c0000000,0x00000000c0000000,0x00000000c2b00000)
 Metaspace       used 5724K, capacity 6768K, committed 7040K, reserved 1056768K
  class space    used 584K, capacity 616K, committed 640K, reserved 1048576K
Event: 3.450 GC heap after
Heap after GC invocations=1 (full 0):
 PSYoungGen      total 18944K, used 2538K [0x00000000eab00000, 0x00000000ed000000, 0x0000000100000000)
  eden space 16384K, 0% used [0x00000000eab00000,0x00000000eab00000,0x00000000ebb00000)
  from space 2560K, 99% used [0x00000000ebb00000,0x00000000ebd7aaa8,0x00000000ebd80000)
  to   space 2560K, 0% used [0x00000000ecd80000,0x00000000ecd80000,0x00000000ed000000)
 ParOldGen       total 44032K, used 1483K [0x00000000c0000000, 0x00000000c2b00000, 0x00000000eab00000)
  object space 44032K, 3% used [0x00000000c0000000,0x00000000c0172f78,0x00000000c2b00000)
 Metaspace       used 5724K, capacity 6768K, committed 7040K, reserved 1056768K
  class space    used 584K, capacity 616K, committed 640K, reserved 1048576K
}

Deoptimization events (9 events):
Event: 2.835 Thread 0x0000000002afe000 Uncommon trap: reason=class_check action=maybe_recompile pc=0x0000000002f37da0 method=com.android.dx.ssa.NormalSsaInsn.accept(Lcom/android/dx/ssa/SsaInsn$Visitor;)V @ 9
Event: 2.835 Thread 0x0000000002afe000 Uncommon trap: reason=class_check action=maybe_recompile pc=0x0000000002f30d00 method=com.android.dx.ssa.NormalSsaInsn.accept(Lcom/android/dx/ssa/SsaInsn$Visitor;)V @ 9
Event: 2.835 Thread 0x0000000002afe000 Uncommon trap: reason=class_check action=maybe_recompile pc=0x0000000002f30d00 method=com.android.dx.ssa.NormalSsaInsn.accept(Lcom/android/dx/ssa/SsaInsn$Visitor;)V @ 9
Event: 2.835 Thread 0x0000000002afe000 Uncommon trap: reason=class_check action=maybe_recompile pc=0x0000000002f30d00 method=com.android.dx.ssa.NormalSsaInsn.accept(Lcom/android/dx/ssa/SsaInsn$Visitor;)V @ 9
Event: 2.868 Thread 0x0000000016f91800 Uncommon trap: reason=class_check action=maybe_recompile pc=0x0000000002f37da0 method=com.android.dx.ssa.NormalSsaInsn.accept(Lcom/android/dx/ssa/SsaInsn$Visitor;)V @ 9
Event: 3.471 Thread 0x0000000016f90000 Uncommon trap: reason=unreached action=reinterpret pc=0x0000000002f75038 method=java.util.HashMap.putVal(ILjava/lang/Object;Ljava/lang/Object;ZZ)Ljava/lang/Object; @ 193
Event: 4.422 Thread 0x0000000002afe000 Uncommon trap: reason=unreached action=reinterpret pc=0x0000000002f5079c method=com.android.dx.rop.cst.Constant.compareTo(Lcom/android/dx/rop/cst/Constant;)I @ 12
Event: 4.458 Thread 0x0000000016f91800 Uncommon trap: reason=class_check action=maybe_recompile pc=0x0000000002f712fc method=com.android.dx.rop.type.Type.equals(Ljava/lang/Object;)Z @ 8
Event: 4.458 Thread 0x0000000016f91800 Uncommon trap: reason=class_check action=maybe_recompile pc=0x0000000002e68b34 method=com.android.dx.rop.type.Type.equals(Ljava/lang/Object;)Z @ 8

Internal exceptions (10 events):
Event: 2.301 Thread 0x0000000016f90000 Exception <a 'java/security/PrivilegedActionException'> (0x00000000eb2f6030) thrown at [D:\re\workspace\8-2-build-windows-amd64-cygwin\jdk8u25\1677\hotspot\src\share\vm\prims\jvm.cpp, line 1312]
Event: 2.302 Thread 0x0000000002afe000 Exception <a 'java/security/PrivilegedActionException'> (0x00000000eb518ff0) thrown at [D:\re\workspace\8-2-build-windows-amd64-cygwin\jdk8u25\1677\hotspot\src\share\vm\prims\jvm.cpp, line 1312]
Event: 2.303 Thread 0x0000000002afe000 Exception <a 'java/security/PrivilegedActionException'> (0x00000000eb51c318) thrown at [D:\re\workspace\8-2-build-windows-amd64-cygwin\jdk8u25\1677\hotspot\src\share\vm\prims\jvm.cpp, line 1312]
Event: 2.305 Thread 0x0000000016f80000 Exception <a 'java/security/PrivilegedActionException'> (0x00000000eb560250) thrown at [D:\re\workspace\8-2-build-windows-amd64-cygwin\jdk8u25\1677\hotspot\src\share\vm\prims\jvm.cpp, line 1312]
Event: 2.307 Thread 0x0000000016f8e800 Exception <a 'java/security/PrivilegedActionException'> (0x00000000eb284620) thrown at [D:\re\workspace\8-2-build-windows-amd64-cygwin\jdk8u25\1677\hotspot\src\share\vm\prims\jvm.cpp, line 1312]
Event: 2.325 Thread 0x0000000016f90000 Exception <a 'java/security/PrivilegedActionException'> (0x00000000eb6f6ce0) thrown at [D:\re\workspace\8-2-build-windows-amd64-cygwin\jdk8u25\1677\hotspot\src\share\vm\prims\jvm.cpp, line 1312]
Event: 2.342 Thread 0x0000000016f80000 Exception <a 'java/security/PrivilegedActionException'> (0x00000000eb590bf0) thrown at [D:\re\workspace\8-2-build-windows-amd64-cygwin\jdk8u25\1677\hotspot\src\share\vm\prims\jvm.cpp, line 1312]
Event: 2.349 Thread 0x0000000016f80000 Exception <a 'java/security/PrivilegedActionException'> (0x00000000eb7ea760) thrown at [D:\re\workspace\8-2-build-windows-amd64-cygwin\jdk8u25\1677\hotspot\src\share\vm\prims\jvm.cpp, line 1312]
Event: 3.566 Thread 0x0000000002afe000 Exception <a 'java/security/PrivilegedActionException'> (0x00000000eb114ed0) thrown at [D:\re\workspace\8-2-build-windows-amd64-cygwin\jdk8u25\1677\hotspot\src\share\vm\prims\jvm.cpp, line 1312]
Event: 3.989 Thread 0x0000000016f91800 Exception <a 'java/security/PrivilegedActionException'> (0x00000000eb0e00c8) thrown at [D:\re\workspace\8-2-build-windows-amd64-cygwin\jdk8u25\1677\hotspot\src\share\vm\prims\jvm.cpp, line 1312]

Events (10 events):
Event: 4.423 Thread 0x0000000016f80000 DEOPT UNPACKING pc=0x0000000002c475bf sp=0x000000001722eab0 mode 0
Event: 4.443 Thread 0x0000000002afe000 DEOPT PACKING pc=0x0000000002efe9dd sp=0x0000000002ace0c0
Event: 4.443 Thread 0x0000000002afe000 DEOPT UNPACKING pc=0x0000000002c475bf sp=0x0000000002acdea0 mode 0
Event: 4.457 Executing VM operation: EnableBiasedLocking
Event: 4.457 Executing VM operation: EnableBiasedLocking done
Event: 4.458 Thread 0x0000000016f91800 Uncommon trap: trap_request=0xffffffde fr.pc=0x0000000002f712fc
Event: 4.458 Thread 0x0000000016f91800 DEOPT PACKING pc=0x0000000002f712fc sp=0x000000001762dfe0
Event: 4.458 Thread 0x0000000016f91800 DEOPT UNPACKING pc=0x0000000002c4556a sp=0x000000001762de40 mode 2
Event: 4.458 Thread 0x0000000016f91800 Uncommon trap: trap_request=0xffffffde fr.pc=0x0000000002e68b34
Event: 4.458 Thread 0x0000000016f91800 DEOPT PACKING pc=0x0000000002e68b34 sp=0x000000001762df50


Dynamic libraries:
0x00007ff643410000 - 0x00007ff643444000 	C:\Program Files\Java\jdk1.8.0_25\bin\java.exe
0x00007fff80c20000 - 0x00007fff80de1000 	C:\WINDOWS\SYSTEM32\ntdll.dll
0x00007fff80400000 - 0x00007fff804ad000 	C:\WINDOWS\system32\KERNEL32.DLL
0x00007fff7d680000 - 0x00007fff7d868000 	C:\WINDOWS\system32\KERNELBASE.dll
0x00007fff80850000 - 0x00007fff808f7000 	C:\WINDOWS\system32\ADVAPI32.dll
0x00007fff801e0000 - 0x00007fff8027d000 	C:\WINDOWS\system32\msvcrt.dll
0x00007fff7ec20000 - 0x00007fff7ec7b000 	C:\WINDOWS\system32\sechost.dll
0x00007fff804b0000 - 0x00007fff805cc000 	C:\WINDOWS\system32\RPCRT4.dll
0x00007fff7e030000 - 0x00007fff7e186000 	C:\WINDOWS\system32\USER32.dll
0x00007fff7e450000 - 0x00007fff7e5d6000 	C:\WINDOWS\system32\GDI32.dll
0x00007fff76200000 - 0x00007fff76474000 	C:\WINDOWS\WinSxS\amd64_microsoft.windows.common-controls_6595b64144ccf1df_6.0.10586.494_none_a2d8b04ea53e3145\COMCTL32.dll
0x00007fff805d0000 - 0x00007fff8084d000 	C:\WINDOWS\system32\combase.dll
0x00007fff7d4f0000 - 0x00007fff7d55a000 	C:\WINDOWS\system32\bcryptPrimitives.dll
0x00007fff80be0000 - 0x00007fff80c1b000 	C:\WINDOWS\system32\IMM32.DLL
0x00000000726a0000 - 0x0000000072772000 	C:\Program Files\Java\jdk1.8.0_25\jre\bin\msvcr100.dll
0x0000000072b60000 - 0x00000000733ba000 	C:\Program Files\Java\jdk1.8.0_25\jre\bin\server\jvm.dll
0x00007fff7e190000 - 0x00007fff7e198000 	C:\WINDOWS\system32\PSAPI.DLL
0x00007fff65bb0000 - 0x00007fff65bb9000 	C:\WINDOWS\SYSTEM32\WSOCK32.dll
0x00007fff7ebb0000 - 0x00007fff7ec1b000 	C:\WINDOWS\system32\WS2_32.dll
0x00007fff7b560000 - 0x00007fff7b583000 	C:\WINDOWS\SYSTEM32\WINMM.dll
0x00007fff7b110000 - 0x00007fff7b13c000 	C:\WINDOWS\SYSTEM32\WINMMBASE.dll
0x00007fff7d4a0000 - 0x00007fff7d4e3000 	C:\WINDOWS\system32\cfgmgr32.dll
0x0000000072b50000 - 0x0000000072b5f000 	C:\Program Files\Java\jdk1.8.0_25\jre\bin\verify.dll
0x0000000072b20000 - 0x0000000072b48000 	C:\Program Files\Java\jdk1.8.0_25\jre\bin\java.dll
0x0000000072b00000 - 0x0000000072b16000 	C:\Program Files\Java\jdk1.8.0_25\jre\bin\zip.dll
0x00007fff7ec80000 - 0x00007fff801dc000 	C:\WINDOWS\system32\SHELL32.dll
0x00007fff7d870000 - 0x00007fff7deb5000 	C:\WINDOWS\system32\windows.storage.dll
0x00007fff80b80000 - 0x00007fff80bd2000 	C:\WINDOWS\system32\shlwapi.dll
0x00007fff7d2c0000 - 0x00007fff7d2cf000 	C:\WINDOWS\system32\kernel.appcore.dll
0x00007fff7d5c0000 - 0x00007fff7d675000 	C:\WINDOWS\system32\shcore.dll
0x00007fff7d270000 - 0x00007fff7d2bb000 	C:\WINDOWS\system32\powrprof.dll
0x00007fff7d240000 - 0x00007fff7d254000 	C:\WINDOWS\system32\profapi.dll

VM Arguments:
jvm_args: -Djava.awt.headless=true -Xmx1024M -Dfile.encoding=windows-1252 -Duser.country=FR -Duser.language=fr -Duser.variant 
java_command: com.android.dx.command.Main --dex --force-jumbo --num-threads=4 --multi-dex --output C:\Users\Famille\AndroidStudioProjects\Niviel\app\build\intermediates\transforms\dex\debug\folders\1000\10\com.android.support-recyclerview-v7-24.2.0_eb420716c5d28490ae4791adc3064b541522631e C:\Users\Famille\AndroidStudioProjects\Niviel\app\build\intermediates\exploded-aar\com.android.support\recyclerview-v7\24.2.0\jars\classes.jar
java_class_path (initial): C:\Users\Famille\AppData\Local\Android\sdk\build-tools\23.0.2\lib\dx.jar
Launcher Type: SUN_STANDARD

Environment Variables:
JAVA_HOME=C:\Program Files\Java\jdk1.8.0_25
PATH=C:\Program Files\Broadcom\Broadcom 802.11 Network Adapter;;C:\Program Files\Broadcom\Broadcom 802.11;C:\ProgramData\Oracle\Java\javapath;C:\Program Files (x86)\Intel\iCLS Client\;C:\Program Files\Intel\iCLS Client\;C:\Windows\system32;C:\Windows;C:\Windows\System32\Wbem;C:\Windows\System32\WindowsPowerShell\v1.0\;C:\Program Files\Hewlett-Packard\SimplePass\;C:\wamp\bin\php\php5.5.12;C:\Python27;C:\Users\Famille\AppData\Roaming\npm\;C:\Program Files\nodejs\;C:\Program Files\Git\cmd;C:\Program Files (x86)\Brackets\command;C:\Program Files (x86)\Ant\bin;C:\Program Files (x86)\Maven\bin;C:\Program Files (x86)\Intel\Intel(R) Management Engine Components\DAL;C:\Program Files\Intel\Intel(R) Management Engine Components\DAL;C:\Program Files (x86)\Intel\Intel(R) Management Engine Components\IPT;C:\Program Files\Intel\Intel(R) Management Engine Components\IPT;C:\Users\Famille\AppData\Local\atom\bin;C:\Users\Famille\AppData\Roaming\npm
USERNAME=de Lachaux
OS=Windows_NT
PROCESSOR_IDENTIFIER=Intel64 Family 6 Model 69 Stepping 1, GenuineIntel



---------------  S Y S T E M  ---------------

OS: Windows 8.1 , 64 bit Build 9600 

CPU:total 4 (2 cores per cpu, 2 threads per core) family 6 model 69 stepping 1, cmov, cx8, fxsr, mmx, sse, sse2, sse3, ssse3, sse4.1, sse4.2, popcnt, avx, avx2, aes, clmul, erms, lzcnt, ht, tsc, tscinvbit, bmi1, bmi2

Memory: 4k page, physical 4122776k(240200k free), swap 5555352k(3620k free)

vm_info: Java HotSpot(TM) 64-Bit Server VM (25.25-b02) for windows-amd64 JRE (1.8.0_25-b18), built on Oct  7 2014 14:25:37 by "java_re" with MS VC++ 10.0 (VS2010)

time: Thu Aug 25 11:47:48 2016
elapsed time: 4 seconds (0d 0h 0m 4s)

