#
# There is insufficient memory for the Java Runtime Environment to continue.
# Native memory allocation (malloc) failed to allocate 32744 bytes for ChunkPool::allocate
# Possible reasons:
#   The system is out of physical RAM or swap space
#   In 32 bit mode, the process size limit was hit
# Possible solutions:
#   Reduce memory load on the system
#   Increase physical memory or swap space
#   Check if swap backing store is full
#   Use 64 bit Java on a 64 bit OS
#   Decrease Java heap size (-Xmx/-Xms)
#   Decrease number of Java threads
#   Decrease Java thread stack sizes (-Xss)
#   Set larger code cache with -XX:ReservedCodeCacheSize=
# This output file may be truncated or incomplete.
#
#  Out of Memory Error (allocation.cpp:273), pid=49144, tid=40312
#
# JRE version: Java(TM) SE Runtime Environment (8.0_25-b18) (build 1.8.0_25-b18)
# Java VM: Java HotSpot(TM) 64-Bit Server VM (25.25-b02 mixed mode windows-amd64 compressed oops)
# Failed to write core dump. Minidumps are not enabled by default on client versions of Windows
#

---------------  T H R E A D  ---------------

Current thread (0x00000000155b0800):  JavaThread "C2 CompilerThread1" daemon [_thread_in_native, id=40312, stack(0x0000000016bd0000,0x0000000016cd0000)]

Stack: [0x0000000016bd0000,0x0000000016cd0000]
Native frames: (J=compiled Java code, j=interpreted, Vv=VM code, C=native code)
V  [jvm.dll+0x31667a]
V  [jvm.dll+0x267073]
V  [jvm.dll+0x267cb3]
V  [jvm.dll+0x25f5b5]
V  [jvm.dll+0xbeec1]
V  [jvm.dll+0xbf60c]
V  [jvm.dll+0x9ed63]
V  [jvm.dll+0x4349bd]
V  [jvm.dll+0x43565d]
V  [jvm.dll+0x435b9f]
V  [jvm.dll+0x4d6174]
V  [jvm.dll+0x451445]
V  [jvm.dll+0x4538f8]
V  [jvm.dll+0x437372]
V  [jvm.dll+0x98a02]
V  [jvm.dll+0x991f3]
V  [jvm.dll+0x22bde4]
V  [jvm.dll+0x2852fa]
C  [msvcr100.dll+0x21d9f]
C  [msvcr100.dll+0x21e3b]
C  [KERNEL32.DLL+0x8364]
C  [ntdll.dll+0x65e91]


Current CompileTask:
C2:   1453  562       4       java.util.BitSet::nextSetBit (102 bytes)


---------------  P R O C E S S  ---------------

Java Threads: ( => current thread )
  0x0000000017116800 JavaThread "pool-1-thread-4" [_thread_in_Java, id=39704, stack(0x00000000177d0000,0x00000000178d0000)]
  0x0000000017113000 JavaThread "pool-1-thread-3" [_thread_in_Java, id=49880, stack(0x00000000176d0000,0x00000000177d0000)]
  0x0000000017013000 JavaThread "pool-2-thread-1" [_thread_blocked, id=35848, stack(0x00000000174d0000,0x00000000175d0000)]
  0x000000001700d800 JavaThread "pool-1-thread-1" [_thread_in_Java, id=11556, stack(0x00000000173d0000,0x00000000174d0000)]
  0x00000000155bb800 JavaThread "Service Thread" daemon [_thread_blocked, id=49020, stack(0x0000000016dd0000,0x0000000016ed0000)]
  0x00000000155b4800 JavaThread "C1 CompilerThread2" daemon [_thread_in_native, id=41908, stack(0x0000000016cd0000,0x0000000016dd0000)]
=>0x00000000155b0800 JavaThread "C2 CompilerThread1" daemon [_thread_in_native, id=40312, stack(0x0000000016bd0000,0x0000000016cd0000)]
  0x000000001555d000 JavaThread "C2 CompilerThread0" daemon [_thread_in_native, id=47056, stack(0x0000000016ad0000,0x0000000016bd0000)]
  0x000000001555c000 JavaThread "Attach Listener" daemon [_thread_blocked, id=11208, stack(0x00000000169d0000,0x0000000016ad0000)]
  0x000000001555a800 JavaThread "Signal Dispatcher" daemon [_thread_blocked, id=47080, stack(0x00000000168d0000,0x00000000169d0000)]
  0x0000000002e86000 JavaThread "Finalizer" daemon [_thread_blocked, id=28360, stack(0x00000000167d0000,0x00000000168d0000)]
  0x0000000002e7c000 JavaThread "Reference Handler" daemon [_thread_blocked, id=43048, stack(0x00000000166d0000,0x00000000167d0000)]
  0x0000000002d8d800 JavaThread "main" [_thread_blocked, id=48964, stack(0x0000000002bf0000,0x0000000002cf0000)]

Other Threads:
  0x0000000015526800 VMThread [stack: 0x00000000165d0000,0x00000000166d0000] [id=2916]
  0x00000000155be800 WatcherThread [stack: 0x00000000172d0000,0x00000000173d0000] [id=42760]

VM state:not at safepoint (normal execution)

VM Mutex/Monitor currently owned by a thread: None

Heap:
 PSYoungGen      total 18944K, used 12520K [0x00000000eab00000, 0x00000000ec000000, 0x0000000100000000)
  eden space 16384K, 76% used [0x00000000eab00000,0x00000000eb73a000,0x00000000ebb00000)
  from space 2560K, 0% used [0x00000000ebd80000,0x00000000ebd80000,0x00000000ec000000)
  to   space 2560K, 0% used [0x00000000ebb00000,0x00000000ebb00000,0x00000000ebd80000)
 ParOldGen       total 44032K, used 0K [0x00000000c0000000, 0x00000000c2b00000, 0x00000000eab00000)
  object space 44032K, 0% used [0x00000000c0000000,0x00000000c0000000,0x00000000c2b00000)
 Metaspace       used 5489K, capacity 6576K, committed 6784K, reserved 1058816K
  class space    used 588K, capacity 616K, committed 640K, reserved 1048576K

Card table byte_map: [0x0000000012250000,0x0000000012460000] byte_map_base: 0x0000000011c50000

Marking Bits: (ParMarkBitMap*) 0x000000005c28d490
 Begin Bits: [0x00000000129c0000, 0x00000000139c0000)
 End Bits:   [0x00000000139c0000, 0x00000000149c0000)

Polling page: 0x0000000001380000

CodeCache: size=245760Kb used=2175Kb max_used=2186Kb free=243584Kb
 bounds [0x0000000002e90000, 0x0000000003100000, 0x0000000011e90000]
 total_blobs=821 nmethods=554 adapters=179
 compilation: enabled

Compilation events (10 events):
Event: 1.430 Thread 0x00000000155b4800  549       3       com.android.dx.util.LabeledList::addLabelIndex (43 bytes)
Event: 1.430 Thread 0x00000000155b0800  546       4       com.android.dx.util.Bits::set (19 bytes)
Event: 1.430 Thread 0x00000000155b4800 nmethod 549 0x00000000030ac210 code [0x00000000030ac3a0, 0x00000000030ac7f8]
Event: 1.430 Thread 0x00000000155b4800  550       3       com.android.dx.util.LabeledList::set (45 bytes)
Event: 1.431 Thread 0x000000001555d000 nmethod 536 0x00000000030ac990 code [0x00000000030acae0, 0x00000000030ace08]
Event: 1.431 Thread 0x00000000155b0800 nmethod 546 0x00000000030a92d0 code [0x00000000030a9400, 0x00000000030a9498]
Event: 1.431 Thread 0x00000000155b4800 nmethod 550 0x00000000030aabd0 code [0x00000000030aae00, 0x00000000030abb08]
Event: 1.431 Thread 0x00000000155b4800  547   !   3       com.android.dx.cf.code.BytecodeArray::parseInstruction (2764 bytes)
Event: 1.432 Thread 0x00000000155b0800  562       4       java.util.BitSet::nextSetBit (102 bytes)
Event: 1.432 Thread 0x000000001555d000  564       4       java.lang.String::<init> (62 bytes)

GC Heap History (0 events):
No events

Deoptimization events (0 events):
No events

Internal exceptions (10 events):
Event: 1.340 Thread 0x0000000017116800 Exception <a 'java/security/PrivilegedActionException'> (0x00000000eb44c6e0) thrown at [D:\re\workspace\8-2-build-windows-amd64-cygwin\jdk8u25\1677\hotspot\src\share\vm\prims\jvm.cpp, line 1312]
Event: 1.341 Thread 0x0000000017113000 Exception <a 'java/security/PrivilegedActionException'> (0x00000000eb330b48) thrown at [D:\re\workspace\8-2-build-windows-amd64-cygwin\jdk8u25\1677\hotspot\src\share\vm\prims\jvm.cpp, line 1312]
Event: 1.345 Thread 0x0000000017113000 Exception <a 'java/security/PrivilegedActionException'> (0x00000000eb33d9a8) thrown at [D:\re\workspace\8-2-build-windows-amd64-cygwin\jdk8u25\1677\hotspot\src\share\vm\prims\jvm.cpp, line 1312]
Event: 1.346 Thread 0x0000000017113000 Exception <a 'java/security/PrivilegedActionException'> (0x00000000eb343c10) thrown at [D:\re\workspace\8-2-build-windows-amd64-cygwin\jdk8u25\1677\hotspot\src\share\vm\prims\jvm.cpp, line 1312]
Event: 1.347 Thread 0x0000000017113000 Exception <a 'java/security/PrivilegedActionException'> (0x00000000eb348520) thrown at [D:\re\workspace\8-2-build-windows-amd64-cygwin\jdk8u25\1677\hotspot\src\share\vm\prims\jvm.cpp, line 1312]
Event: 1.348 Thread 0x0000000017113000 Exception <a 'java/security/PrivilegedActionException'> (0x00000000eb34e020) thrown at [D:\re\workspace\8-2-build-windows-amd64-cygwin\jdk8u25\1677\hotspot\src\share\vm\prims\jvm.cpp, line 1312]
Event: 1.349 Thread 0x0000000017113000 Exception <a 'java/security/PrivilegedActionException'> (0x00000000eb353a90) thrown at [D:\re\workspace\8-2-build-windows-amd64-cygwin\jdk8u25\1677\hotspot\src\share\vm\prims\jvm.cpp, line 1312]
Event: 1.350 Thread 0x0000000017113000 Exception <a 'java/security/PrivilegedActionException'> (0x00000000eb359278) thrown at [D:\re\workspace\8-2-build-windows-amd64-cygwin\jdk8u25\1677\hotspot\src\share\vm\prims\jvm.cpp, line 1312]
Event: 1.384 Thread 0x0000000017116800 Exception <a 'java/security/PrivilegedActionException'> (0x00000000eb503da0) thrown at [D:\re\workspace\8-2-build-windows-amd64-cygwin\jdk8u25\1677\hotspot\src\share\vm\prims\jvm.cpp, line 1312]
Event: 1.386 Thread 0x0000000017116800 Exception <a 'java/security/PrivilegedActionException'> (0x00000000eb50a898) thrown at [D:\re\workspace\8-2-build-windows-amd64-cygwin\jdk8u25\1677\hotspot\src\share\vm\prims\jvm.cpp, line 1312]

Events (10 events):
Event: 1.349 loading class com/android/dx/dex/file/UniformListItem
Event: 1.349 loading class com/android/dx/dex/file/UniformListItem done
Event: 1.350 loading class com/android/dx/dex/file/AnnotationSetRefItem
Event: 1.350 loading class com/android/dx/dex/file/AnnotationSetRefItem done
Event: 1.384 loading class com/android/dx/ssa/PhiInsn$Operand
Event: 1.384 loading class com/android/dx/ssa/PhiInsn$Operand done
Event: 1.386 loading class com/android/dx/ssa/back/FirstFitLocalCombiningAllocator$Multiset
Event: 1.386 loading class com/android/dx/ssa/back/FirstFitLocalCombiningAllocator$Multiset done
Event: 1.406 Executing VM operation: CollectForMetadataAllocation
Event: 1.406 Executing VM operation: CollectForMetadataAllocation done


Dynamic libraries:
0x00007ff6a1ad0000 - 0x00007ff6a1b04000 	C:\Program Files\Java\jdk1.8.0_25\bin\java.exe
0x00007ffb77dc0000 - 0x00007ffb77f91000 	C:\WINDOWS\SYSTEM32\ntdll.dll
0x00007ffb777e0000 - 0x00007ffb7788b000 	C:\WINDOWS\System32\KERNEL32.DLL
0x00007ffb74760000 - 0x00007ffb7497d000 	C:\WINDOWS\System32\KERNELBASE.dll
0x00007ffb76a50000 - 0x00007ffb76af2000 	C:\WINDOWS\System32\ADVAPI32.dll
0x00007ffb77ab0000 - 0x00007ffb77b4e000 	C:\WINDOWS\System32\msvcrt.dll
0x00007ffb76d90000 - 0x00007ffb76de9000 	C:\WINDOWS\System32\sechost.dll
0x00007ffb76c60000 - 0x00007ffb76d81000 	C:\WINDOWS\System32\RPCRT4.dll
0x00007ffb77b50000 - 0x00007ffb77cb5000 	C:\WINDOWS\System32\USER32.dll
0x00007ffb74310000 - 0x00007ffb7432e000 	C:\WINDOWS\System32\win32u.dll
0x00007ffb76910000 - 0x00007ffb76944000 	C:\WINDOWS\System32\GDI32.dll
0x00007ffb74980000 - 0x00007ffb74b02000 	C:\WINDOWS\System32\gdi32full.dll
0x00007ffb68940000 - 0x00007ffb68bba000 	C:\WINDOWS\WinSxS\amd64_microsoft.windows.common-controls_6595b64144ccf1df_6.0.14393.351_none_4213128bc687e6d3\COMCTL32.dll
0x00007ffb77510000 - 0x00007ffb777d7000 	C:\WINDOWS\System32\combase.dll
0x00007ffb74330000 - 0x00007ffb74425000 	C:\WINDOWS\System32\ucrtbase.dll
0x00007ffb746a0000 - 0x00007ffb7470a000 	C:\WINDOWS\System32\bcryptPrimitives.dll
0x00007ffb77d20000 - 0x00007ffb77d4e000 	C:\WINDOWS\System32\IMM32.DLL
0x000000005e0a0000 - 0x000000005e172000 	C:\Program Files\Java\jdk1.8.0_25\jre\bin\msvcr100.dll
0x000000005bab0000 - 0x000000005c30a000 	C:\Program Files\Java\jdk1.8.0_25\jre\bin\server\jvm.dll
0x00007ffb76900000 - 0x00007ffb76908000 	C:\WINDOWS\System32\PSAPI.DLL
0x00007ffb68180000 - 0x00007ffb68189000 	C:\WINDOWS\SYSTEM32\WSOCK32.dll
0x00007ffb77d50000 - 0x00007ffb77dba000 	C:\WINDOWS\System32\WS2_32.dll
0x00007ffb725d0000 - 0x00007ffb725f3000 	C:\WINDOWS\SYSTEM32\WINMM.dll
0x00007ffb72560000 - 0x00007ffb7258b000 	C:\WINDOWS\SYSTEM32\WINMMBASE.dll
0x00007ffb74710000 - 0x00007ffb74752000 	C:\WINDOWS\System32\cfgmgr32.dll
0x000000005e090000 - 0x000000005e09f000 	C:\Program Files\Java\jdk1.8.0_25\jre\bin\verify.dll
0x000000005e060000 - 0x000000005e088000 	C:\Program Files\Java\jdk1.8.0_25\jre\bin\java.dll
0x000000005e040000 - 0x000000005e056000 	C:\Program Files\Java\jdk1.8.0_25\jre\bin\zip.dll
0x00007ffb75350000 - 0x00007ffb76859000 	C:\WINDOWS\System32\SHELL32.dll
0x00007ffb74b10000 - 0x00007ffb751ea000 	C:\WINDOWS\System32\windows.storage.dll
0x00007ffb74260000 - 0x00007ffb742ac000 	C:\WINDOWS\System32\powrprof.dll
0x00007ffb77890000 - 0x00007ffb778e2000 	C:\WINDOWS\System32\shlwapi.dll
0x00007ffb74250000 - 0x00007ffb7425f000 	C:\WINDOWS\System32\kernel.appcore.dll
0x00007ffb751f0000 - 0x00007ffb75299000 	C:\WINDOWS\System32\shcore.dll
0x00007ffb74230000 - 0x00007ffb74244000 	C:\WINDOWS\System32\profapi.dll
0x00007ffb63ef0000 - 0x00007ffb64082000 	C:\WINDOWS\SYSTEM32\dbghelp.dll

VM Arguments:
jvm_args: -Djava.awt.headless=true -Xmx1024M -Dfile.encoding=windows-1252 -Duser.country=FR -Duser.language=fr -Duser.variant 
java_command: com.android.dx.command.Main --dex --num-threads=4 --output C:\Users\Famille\AndroidStudioProjects\Niviel\app\build\intermediates\pre-dexed\debug\com.bignerdranch.android-expandablerecyclerview-3.0.0-RC1_470dc658f99b0aa3a73a7acdb0d2f49c2d714c67.jar C:\Users\Famille\AndroidStudioProjects\Niviel\app\build\intermediates\exploded-aar\com.bignerdranch.android\expandablerecyclerview\3.0.0-RC1\jars\classes.jar
java_class_path (initial): C:\Users\Famille\AppData\Local\Android\sdk\build-tools\23.0.2\lib\dx.jar
Launcher Type: SUN_STANDARD

Environment Variables:
JAVA_HOME=C:\Program Files\Java\jdk1.8.0_25
PATH=C:\Program Files\Broadcom\Broadcom 802.11 Network Adapter;C:\Program Files\Broadcom\Broadcom 802.11;C:\ProgramData\Oracle\Java\javapath;C:\Program Files (x86)\Intel\iCLS Client\;C:\Program Files\Intel\iCLS Client\;C:\Windows\system32;C:\Windows;C:\Windows\System32\Wbem;C:\Windows\System32\WindowsPowerShell\v1.0\;C:\Program Files\Hewlett-Packard\SimplePass\;C:\wamp\bin\php\php5.5.12;C:\Python34;C:\Users\Famille\AppData\Roaming\npm\;C:\Program Files\nodejs\;C:\Program Files\Git\cmd;C:\Program Files (x86)\Brackets\command;C:\Program Files (x86)\Ant\bin;C:\Program Files (x86)\Maven\bin;C:\Program Files (x86)\Intel\Intel(R) Management Engine Components\DAL;C:\Program Files\Intel\Intel(R) Management Engine Components\DAL;C:\Program Files (x86)\Intel\Intel(R) Management Engine Components\IPT;C:\Program Files\Intel\Intel(R) Management Engine Components\IPT;C:\Users\Famille\AppData\Local\Android\sdk\platform-tools;C:\WINDOWS\system32;C:\WINDOWS;C:\WINDOWS\System32\Wbem;C:\WINDOWS\System32\WindowsPowerShell\v1.0\;C:\Users\Famille\AppData\Local\atom\bin;C:\Users\Famille\AppData\Roaming\npm;%USERPROFILE%\AppData\Local\Microsoft\WindowsApps;
USERNAME=de Lachaux
OS=Windows_NT
PROCESSOR_IDENTIFIER=Intel64 Family 6 Model 69 Stepping 1, GenuineIntel



---------------  S Y S T E M  ---------------

OS: Windows 8.1 , 64 bit Build 9600 

CPU:total 4 (2 cores per cpu, 2 threads per core) family 6 model 69 stepping 1, cmov, cx8, fxsr, mmx, sse, sse2, sse3, ssse3, sse4.1, sse4.2, popcnt, avx, avx2, aes, clmul, erms, lzcnt, ht, tsc, tscinvbit, bmi1, bmi2

Memory: 4k page, physical 4122776k(545332k free), swap 5555352k(142200k free)

vm_info: Java HotSpot(TM) 64-Bit Server VM (25.25-b02) for windows-amd64 JRE (1.8.0_25-b18), built on Oct  7 2014 14:25:37 by "java_re" with MS VC++ 10.0 (VS2010)

time: Sat Nov 05 19:14:49 2016
elapsed time: 1 seconds (0d 0h 0m 1s)

