#
# There is insufficient memory for the Java Runtime Environment to continue.
# Native memory allocation (malloc) failed to allocate 157776 bytes for Chunk::new
# Possible reasons:
#   The system is out of physical RAM or swap space
#   In 32 bit mode, the process size limit was hit
# Possible solutions:
#   Reduce memory load on the system
#   Increase physical memory or swap space
#   Check if swap backing store is full
#   Use 64 bit Java on a 64 bit OS
#   Decrease Java heap size (-Xmx/-Xms)
#   Decrease number of Java threads
#   Decrease Java thread stack sizes (-Xss)
#   Set larger code cache with -XX:ReservedCodeCacheSize=
# This output file may be truncated or incomplete.
#
#  Out of Memory Error (allocation.cpp:390), pid=35696, tid=35472
#
# JRE version: Java(TM) SE Runtime Environment (8.0_25-b18) (build 1.8.0_25-b18)
# Java VM: Java HotSpot(TM) 64-Bit Server VM (25.25-b02 mixed mode windows-amd64 compressed oops)
# Failed to write core dump. Minidumps are not enabled by default on client versions of Windows
#

---------------  T H R E A D  ---------------

Current thread (0x00000000153ac000):  JavaThread "C2 CompilerThread0" daemon [_thread_in_native, id=35472, stack(0x0000000016920000,0x0000000016a20000)]

Stack: [0x0000000016920000,0x0000000016a20000]
Native frames: (J=compiled Java code, j=interpreted, Vv=VM code, C=native code)
V  [jvm.dll+0x31667a]


Current CompileTask:
C2:   5845  930       4       com.android.dx.ssa.RegisterMapper::map (63 bytes)


---------------  P R O C E S S  ---------------

Java Threads: ( => current thread )
  0x000000001706b800 JavaThread "pool-2-thread-4" [_thread_blocked, id=34912, stack(0x0000000017620000,0x0000000017720000)]
  0x000000001709e000 JavaThread "pool-2-thread-3" [_thread_blocked, id=34116, stack(0x0000000017520000,0x0000000017620000)]
  0x000000001709d000 JavaThread "pool-2-thread-2" [_thread_blocked, id=33960, stack(0x0000000017420000,0x0000000017520000)]
  0x00000000170c9800 JavaThread "pool-3-thread-1" [_thread_blocked, id=34252, stack(0x0000000017320000,0x0000000017420000)]
  0x00000000170c2800 JavaThread "pool-2-thread-1" [_thread_blocked, id=34064, stack(0x0000000017220000,0x0000000017320000)]
  0x0000000015404800 JavaThread "Service Thread" daemon [_thread_blocked, id=35528, stack(0x0000000016c20000,0x0000000016d20000)]
  0x0000000015400000 JavaThread "C1 CompilerThread2" daemon [_thread_blocked, id=35524, stack(0x0000000016b20000,0x0000000016c20000)]
  0x00000000153b1800 JavaThread "C2 CompilerThread1" daemon [_thread_in_native, id=35476, stack(0x0000000016a20000,0x0000000016b20000)]
=>0x00000000153ac000 JavaThread "C2 CompilerThread0" daemon [_thread_in_native, id=35472, stack(0x0000000016920000,0x0000000016a20000)]
  0x00000000153aa800 JavaThread "Attach Listener" daemon [_thread_blocked, id=35468, stack(0x0000000016820000,0x0000000016920000)]
  0x00000000153a9800 JavaThread "Signal Dispatcher" daemon [_thread_blocked, id=35436, stack(0x0000000016720000,0x0000000016820000)]
  0x0000000002cd0800 JavaThread "Finalizer" daemon [_thread_blocked, id=35300, stack(0x0000000016620000,0x0000000016720000)]
  0x0000000002ccd000 JavaThread "Reference Handler" daemon [_thread_blocked, id=35284, stack(0x0000000016520000,0x0000000016620000)]
  0x00000000029de000 JavaThread "main" [_thread_in_Java, id=35292, stack(0x0000000002ae0000,0x0000000002be0000)]

Other Threads:
  0x0000000015376800 VMThread [stack: 0x0000000016420000,0x0000000016520000] [id=35280]
  0x0000000015407800 WatcherThread [stack: 0x0000000016d20000,0x0000000016e20000] [id=35532]

VM state:not at safepoint (normal execution)

VM Mutex/Monitor currently owned by a thread: None

Heap:
 PSYoungGen      total 18944K, used 2675K [0x00000000eab00000, 0x00000000ec000000, 0x0000000100000000)
  eden space 16384K, 0% used [0x00000000eab00000,0x00000000eab24a10,0x00000000ebb00000)
  from space 2560K, 98% used [0x00000000ebb00000,0x00000000ebd782d0,0x00000000ebd80000)
  to   space 2560K, 0% used [0x00000000ebd80000,0x00000000ebd80000,0x00000000ec000000)
 ParOldGen       total 44032K, used 5812K [0x00000000c0000000, 0x00000000c2b00000, 0x00000000eab00000)
  object space 44032K, 13% used [0x00000000c0000000,0x00000000c05ad3c0,0x00000000c2b00000)
 Metaspace       used 5968K, capacity 6896K, committed 7040K, reserved 1056768K
  class space    used 590K, capacity 616K, committed 640K, reserved 1048576K

Card table byte_map: [0x00000000120a0000,0x00000000122b0000] byte_map_base: 0x0000000011aa0000

Marking Bits: (ParMarkBitMap*) 0x000000005c36d490
 Begin Bits: [0x0000000012810000, 0x0000000013810000)
 End Bits:   [0x0000000013810000, 0x0000000014810000)

Polling page: 0x0000000002940000

CodeCache: size=245760Kb used=4585Kb max_used=4585Kb free=241174Kb
 bounds [0x0000000002ce0000, 0x0000000003160000, 0x0000000011ce0000]
 total_blobs=1518 nmethods=1254 adapters=178
 compilation: enabled

Compilation events (10 events):
Event: 5.495 Thread 0x0000000015400000  901       3       com.android.dx.ssa.back.LivenessAnalyzer::run (231 bytes)
Event: 5.495 Thread 0x00000000153ac000 nmethod 912 0x0000000003029990 code [0x0000000003029ac0, 0x0000000003029b38]
Event: 5.497 Thread 0x0000000015400000 nmethod 901 0x000000000305aad0 code [0x000000000305ade0, 0x000000000305c488]
Event: 5.497 Thread 0x0000000015400000  905   !   3       com.android.dx.cf.code.Ropper::processBlock (1101 bytes)
Event: 5.497 Thread 0x00000000153b1800  920       4       java.util.Collections$UnmodifiableCollection$1::hasNext (10 bytes)
Event: 5.497 Thread 0x00000000153ac000  927   !   4       com.android.dx.ssa.BasicRegisterMapper::map (44 bytes)
Event: 5.498 Thread 0x00000000153b1800 nmethod 920 0x000000000305a790 code [0x000000000305a8e0, 0x000000000305a9b8]
Event: 5.499 Thread 0x00000000153ac000 nmethod 927 0x000000000305a310 code [0x000000000305a460, 0x000000000305a588]
Event: 5.500 Thread 0x00000000153b1800  929       4       com.android.dx.ssa.NormalSsaInsn::mapSourceRegisters (48 bytes)
Event: 5.500 Thread 0x00000000153ac000  930       4       com.android.dx.ssa.RegisterMapper::map (63 bytes)

GC Heap History (2 events):
Event: 4.948 GC heap before
{Heap before GC invocations=1 (full 0):
 PSYoungGen      total 18944K, used 16384K [0x00000000eab00000, 0x00000000ec000000, 0x0000000100000000)
  eden space 16384K, 100% used [0x00000000eab00000,0x00000000ebb00000,0x00000000ebb00000)
  from space 2560K, 0% used [0x00000000ebd80000,0x00000000ebd80000,0x00000000ec000000)
  to   space 2560K, 0% used [0x00000000ebb00000,0x00000000ebb00000,0x00000000ebd80000)
 ParOldGen       total 44032K, used 0K [0x00000000c0000000, 0x00000000c2b00000, 0x00000000eab00000)
  object space 44032K, 0% used [0x00000000c0000000,0x00000000c0000000,0x00000000c2b00000)
 Metaspace       used 5608K, capacity 6640K, committed 6784K, reserved 1056768K
  class space    used 582K, capacity 616K, committed 640K, reserved 1048576K
Event: 5.290 GC heap after
Heap after GC invocations=1 (full 0):
 PSYoungGen      total 18944K, used 2537K [0x00000000eab00000, 0x00000000ec000000, 0x0000000100000000)
  eden space 16384K, 0% used [0x00000000eab00000,0x00000000eab00000,0x00000000ebb00000)
  from space 2560K, 99% used [0x00000000ebb00000,0x00000000ebd7a428,0x00000000ebd80000)
  to   space 2560K, 0% used [0x00000000ebd80000,0x00000000ebd80000,0x00000000ec000000)
 ParOldGen       total 44032K, used 1213K [0x00000000c0000000, 0x00000000c2b00000, 0x00000000eab00000)
  object space 44032K, 2% used [0x00000000c0000000,0x00000000c012f568,0x00000000c2b00000)
 Metaspace       used 5608K, capacity 6640K, committed 6784K, reserved 1056768K
  class space    used 582K, capacity 616K, committed 640K, reserved 1048576K
}

Deoptimization events (0 events):
No events

Internal exceptions (10 events):
Event: 4.368 Thread 0x00000000029de000 Exception <a 'java/security/PrivilegedActionException'> (0x00000000eb906958) thrown at [D:\re\workspace\8-2-build-windows-amd64-cygwin\jdk8u25\1677\hotspot\src\share\vm\prims\jvm.cpp, line 1312]
Event: 4.380 Thread 0x00000000029de000 Exception <a 'java/security/PrivilegedActionException'> (0x00000000eb912488) thrown at [D:\re\workspace\8-2-build-windows-amd64-cygwin\jdk8u25\1677\hotspot\src\share\vm\prims\jvm.cpp, line 1312]
Event: 5.323 Thread 0x00000000170c2800 Exception <a 'java/security/PrivilegedActionException'> (0x00000000eaca9130) thrown at [D:\re\workspace\8-2-build-windows-amd64-cygwin\jdk8u25\1677\hotspot\src\share\vm\prims\jvm.cpp, line 1312]
Event: 5.342 Thread 0x000000001709e000 Exception <a 'java/security/PrivilegedActionException'> (0x00000000ead511d8) thrown at [D:\re\workspace\8-2-build-windows-amd64-cygwin\jdk8u25\1677\hotspot\src\share\vm\prims\jvm.cpp, line 1312]
Event: 5.343 Thread 0x000000001709e000 Exception <a 'java/security/PrivilegedActionException'> (0x00000000ead56c48) thrown at [D:\re\workspace\8-2-build-windows-amd64-cygwin\jdk8u25\1677\hotspot\src\share\vm\prims\jvm.cpp, line 1312]
Event: 5.344 Thread 0x000000001709e000 Exception <a 'java/security/PrivilegedActionException'> (0x00000000ead5c470) thrown at [D:\re\workspace\8-2-build-windows-amd64-cygwin\jdk8u25\1677\hotspot\src\share\vm\prims\jvm.cpp, line 1312]
Event: 5.369 Thread 0x000000001709e000 Exception <a 'java/security/PrivilegedActionException'> (0x00000000eae646b8) thrown at [D:\re\workspace\8-2-build-windows-amd64-cygwin\jdk8u25\1677\hotspot\src\share\vm\prims\jvm.cpp, line 1312]
Event: 5.372 Thread 0x00000000029de000 Exception <a 'java/security/PrivilegedActionException'> (0x00000000eae92148) thrown at [D:\re\workspace\8-2-build-windows-amd64-cygwin\jdk8u25\1677\hotspot\src\share\vm\prims\jvm.cpp, line 1312]
Event: 5.399 Thread 0x00000000029de000 Exception <a 'java/security/PrivilegedActionException'> (0x00000000eaff4930) thrown at [D:\re\workspace\8-2-build-windows-amd64-cygwin\jdk8u25\1677\hotspot\src\share\vm\prims\jvm.cpp, line 1312]
Event: 5.400 Thread 0x00000000029de000 Exception <a 'java/security/PrivilegedActionException'> (0x00000000eaff7138) thrown at [D:\re\workspace\8-2-build-windows-amd64-cygwin\jdk8u25\1677\hotspot\src\share\vm\prims\jvm.cpp, line 1312]

Events (10 events):
Event: 5.369 loading class com/android/dx/dex/file/MethodAnnotationStruct
Event: 5.369 loading class com/android/dx/dex/file/MethodAnnotationStruct done
Event: 5.372 loading class com/android/dx/rop/code/RegOps
Event: 5.372 loading class com/android/dx/rop/code/RegOps done
Event: 5.394 loading class java/util/DualPivotQuicksort
Event: 5.394 loading class java/util/DualPivotQuicksort done
Event: 5.399 loading class com/android/dx/cf/attrib/AttDeprecated
Event: 5.399 loading class com/android/dx/cf/attrib/AttDeprecated done
Event: 5.400 loading class com/android/dx/cf/attrib/AttRuntimeVisibleAnnotations
Event: 5.400 loading class com/android/dx/cf/attrib/AttRuntimeVisibleAnnotations done


Dynamic libraries:
0x00007ff62bc50000 - 0x00007ff62bc84000 	C:\Program Files\Java\jdk1.8.0_25\bin\java.exe
0x00007ffd05500000 - 0x00007ffd056c1000 	C:\WINDOWS\SYSTEM32\ntdll.dll
0x00007ffd03280000 - 0x00007ffd0332d000 	C:\WINDOWS\system32\KERNEL32.DLL
0x00007ffd024b0000 - 0x00007ffd02698000 	C:\WINDOWS\system32\KERNELBASE.dll
0x00007ffd04cd0000 - 0x00007ffd04d77000 	C:\WINDOWS\system32\ADVAPI32.dll
0x00007ffd029d0000 - 0x00007ffd02a6d000 	C:\WINDOWS\system32\msvcrt.dll
0x00007ffd054a0000 - 0x00007ffd054fb000 	C:\WINDOWS\system32\sechost.dll
0x00007ffd04da0000 - 0x00007ffd04ebc000 	C:\WINDOWS\system32\RPCRT4.dll
0x00007ffd04f10000 - 0x00007ffd05066000 	C:\WINDOWS\system32\USER32.dll
0x00007ffd03390000 - 0x00007ffd03516000 	C:\WINDOWS\system32\GDI32.dll
0x00007ffcfab30000 - 0x00007ffcfada4000 	C:\WINDOWS\WinSxS\amd64_microsoft.windows.common-controls_6595b64144ccf1df_6.0.10586.494_none_a2d8b04ea53e3145\COMCTL32.dll
0x00007ffd02a70000 - 0x00007ffd02ced000 	C:\WINDOWS\system32\combase.dll
0x00007ffd02440000 - 0x00007ffd024aa000 	C:\WINDOWS\system32\bcryptPrimitives.dll
0x00007ffd04ed0000 - 0x00007ffd04f0b000 	C:\WINDOWS\system32\IMM32.DLL
0x000000005b6d0000 - 0x000000005b7a2000 	C:\Program Files\Java\jdk1.8.0_25\jre\bin\msvcr100.dll
0x000000005bb90000 - 0x000000005c3ea000 	C:\Program Files\Java\jdk1.8.0_25\jre\bin\server\jvm.dll
0x00007ffd04a80000 - 0x00007ffd04a88000 	C:\WINDOWS\system32\PSAPI.DLL
0x00007ffcee7b0000 - 0x00007ffcee7b9000 	C:\WINDOWS\SYSTEM32\WSOCK32.dll
0x00007ffd04a90000 - 0x00007ffd04afb000 	C:\WINDOWS\system32\WS2_32.dll
0x00007ffcffe00000 - 0x00007ffcffe23000 	C:\WINDOWS\SYSTEM32\WINMM.dll
0x00007ffcffbb0000 - 0x00007ffcffbdc000 	C:\WINDOWS\SYSTEM32\WINMMBASE.dll
0x00007ffd02220000 - 0x00007ffd02263000 	C:\WINDOWS\system32\cfgmgr32.dll
0x000000005bb80000 - 0x000000005bb8f000 	C:\Program Files\Java\jdk1.8.0_25\jre\bin\verify.dll
0x000000005bb50000 - 0x000000005bb78000 	C:\Program Files\Java\jdk1.8.0_25\jre\bin\java.dll
0x000000005bb30000 - 0x000000005bb46000 	C:\Program Files\Java\jdk1.8.0_25\jre\bin\zip.dll
0x00007ffd03520000 - 0x00007ffd04a7c000 	C:\WINDOWS\system32\SHELL32.dll
0x00007ffd01bb0000 - 0x00007ffd021f5000 	C:\WINDOWS\system32\windows.storage.dll
0x00007ffd03170000 - 0x00007ffd031c2000 	C:\WINDOWS\system32\shlwapi.dll
0x00007ffd01b40000 - 0x00007ffd01b4f000 	C:\WINDOWS\system32\kernel.appcore.dll
0x00007ffd026a0000 - 0x00007ffd02755000 	C:\WINDOWS\system32\shcore.dll
0x00007ffd01b60000 - 0x00007ffd01bab000 	C:\WINDOWS\system32\powrprof.dll
0x00007ffd01b20000 - 0x00007ffd01b34000 	C:\WINDOWS\system32\profapi.dll
0x00007ffcf0f70000 - 0x00007ffcf10fc000 	C:\WINDOWS\SYSTEM32\dbghelp.dll

VM Arguments:
jvm_args: -Djava.awt.headless=true -Xmx1024M -Dfile.encoding=windows-1252 -Duser.country=FR -Duser.language=fr -Duser.variant 
java_command: com.android.dx.command.Main --dex --force-jumbo --num-threads=4 --multi-dex --output C:\Users\Famille\AndroidStudioProjects\Niviel\app\build\intermediates\transforms\dex\debug\folders\1000\10\com.android.support-design-24.2.0_c56b473aaa304164fc97e3fd1b7664425a195050 C:\Users\Famille\AndroidStudioProjects\Niviel\app\build\intermediates\exploded-aar\com.android.support\design\24.2.0\jars\classes.jar
java_class_path (initial): C:\Users\Famille\AppData\Local\Android\sdk\build-tools\23.0.2\lib\dx.jar
Launcher Type: SUN_STANDARD

Environment Variables:
JAVA_HOME=C:\Program Files\Java\jdk1.8.0_25
PATH=C:\Program Files\Broadcom\Broadcom 802.11 Network Adapter;;C:\Program Files\Broadcom\Broadcom 802.11;C:\ProgramData\Oracle\Java\javapath;C:\Program Files (x86)\Intel\iCLS Client\;C:\Program Files\Intel\iCLS Client\;C:\Windows\system32;C:\Windows;C:\Windows\System32\Wbem;C:\Windows\System32\WindowsPowerShell\v1.0\;C:\Program Files\Hewlett-Packard\SimplePass\;C:\wamp\bin\php\php5.5.12;C:\Python27;C:\Users\Famille\AppData\Roaming\npm\;C:\Program Files\nodejs\;C:\Program Files\Git\cmd;C:\Program Files (x86)\Brackets\command;C:\Program Files (x86)\Ant\bin;C:\Program Files (x86)\Maven\bin;C:\Program Files (x86)\Intel\Intel(R) Management Engine Components\DAL;C:\Program Files\Intel\Intel(R) Management Engine Components\DAL;C:\Program Files (x86)\Intel\Intel(R) Management Engine Components\IPT;C:\Program Files\Intel\Intel(R) Management Engine Components\IPT;C:\Users\Famille\AppData\Local\atom\bin;C:\Users\Famille\AppData\Roaming\npm
USERNAME=de Lachaux
OS=Windows_NT
PROCESSOR_IDENTIFIER=Intel64 Family 6 Model 69 Stepping 1, GenuineIntel



---------------  S Y S T E M  ---------------

OS: Windows 8.1 , 64 bit Build 9600 

CPU:total 4 (2 cores per cpu, 2 threads per core) family 6 model 69 stepping 1, cmov, cx8, fxsr, mmx, sse, sse2, sse3, ssse3, sse4.1, sse4.2, popcnt, avx, avx2, aes, clmul, erms, lzcnt, ht, tsc, tscinvbit, bmi1, bmi2

Memory: 4k page, physical 4122776k(263140k free), swap 5555352k(1680k free)

vm_info: Java HotSpot(TM) 64-Bit Server VM (25.25-b02) for windows-amd64 JRE (1.8.0_25-b18), built on Oct  7 2014 14:25:37 by "java_re" with MS VC++ 10.0 (VS2010)

time: Fri Sep 09 20:47:55 2016
elapsed time: 5 seconds (0d 0h 0m 5s)

