#
# There is insufficient memory for the Java Runtime Environment to continue.
# Native memory allocation (malloc) failed to allocate 1052336 bytes for Chunk::new
# Possible reasons:
#   The system is out of physical RAM or swap space
#   In 32 bit mode, the process size limit was hit
# Possible solutions:
#   Reduce memory load on the system
#   Increase physical memory or swap space
#   Check if swap backing store is full
#   Use 64 bit Java on a 64 bit OS
#   Decrease Java heap size (-Xmx/-Xms)
#   Decrease number of Java threads
#   Decrease Java thread stack sizes (-Xss)
#   Set larger code cache with -XX:ReservedCodeCacheSize=
# This output file may be truncated or incomplete.
#
#  Out of Memory Error (allocation.cpp:390), pid=38680, tid=47016
#
# JRE version: Java(TM) SE Runtime Environment (8.0_25-b18) (build 1.8.0_25-b18)
# Java VM: Java HotSpot(TM) 64-Bit Server VM (25.25-b02 mixed mode windows-amd64 compressed oops)
# Failed to write core dump. Minidumps are not enabled by default on client versions of Windows
#

---------------  T H R E A D  ---------------

Current thread (0x0000000015341800):  JavaThread "C2 CompilerThread1" daemon [_thread_in_native, id=47016, stack(0x00000000169b0000,0x0000000016ab0000)]

Stack: [0x00000000169b0000,0x0000000016ab0000]
Native frames: (J=compiled Java code, j=interpreted, Vv=VM code, C=native code)
V  [jvm.dll+0x31667a]
V  [jvm.dll+0x267073]
V  [jvm.dll+0x267cb3]
V  [jvm.dll+0x25f5b5]
V  [jvm.dll+0xbf165]
V  [jvm.dll+0xbf60c]
V  [jvm.dll+0x45d672]
V  [jvm.dll+0x49e8ef]
V  [jvm.dll+0x452b41]
V  [jvm.dll+0x453864]
V  [jvm.dll+0x437372]
V  [jvm.dll+0x98a02]
V  [jvm.dll+0x991f3]
V  [jvm.dll+0x22bde4]
V  [jvm.dll+0x2852fa]
C  [msvcr100.dll+0x21d9f]
C  [msvcr100.dll+0x21e3b]
C  [KERNEL32.DLL+0x8364]
C  [ntdll.dll+0x65e91]


Current CompileTask:
C2:  14507 1593       4       com.android.dx.ssa.SCCP::simulatePhi (169 bytes)


---------------  P R O C E S S  ---------------

Java Threads: ( => current thread )
  0x0000000016e89000 JavaThread "pool-1-thread-4" [_thread_blocked, id=49904, stack(0x00000000175b0000,0x00000000176b0000)]
  0x0000000016e7d000 JavaThread "pool-1-thread-3" [_thread_in_Java, id=30612, stack(0x00000000174b0000,0x00000000175b0000)]
  0x0000000016e7c800 JavaThread "pool-1-thread-2" [_thread_blocked, id=41004, stack(0x00000000173b0000,0x00000000174b0000)]
  0x0000000016fa3800 JavaThread "pool-2-thread-1" [_thread_blocked, id=47716, stack(0x00000000172b0000,0x00000000173b0000)]
  0x0000000016fa2800 JavaThread "pool-1-thread-1" [_thread_blocked, id=44460, stack(0x00000000171b0000,0x00000000172b0000)]
  0x0000000016be5000 JavaThread "Service Thread" daemon [_thread_blocked, id=49080, stack(0x0000000016fb0000,0x00000000170b0000)]
  0x0000000015388000 JavaThread "C1 CompilerThread2" daemon [_thread_blocked, id=48324, stack(0x0000000016ab0000,0x0000000016bb0000)]
=>0x0000000015341800 JavaThread "C2 CompilerThread1" daemon [_thread_in_native, id=47016, stack(0x00000000169b0000,0x0000000016ab0000)]
  0x000000001533c000 JavaThread "C2 CompilerThread0" daemon [_thread_in_native, id=47072, stack(0x00000000168b0000,0x00000000169b0000)]
  0x000000001533a800 JavaThread "Attach Listener" daemon [_thread_blocked, id=44892, stack(0x00000000167b0000,0x00000000168b0000)]
  0x000000001533a000 JavaThread "Signal Dispatcher" daemon [_thread_blocked, id=42784, stack(0x00000000166b0000,0x00000000167b0000)]
  0x0000000002c5f000 JavaThread "Finalizer" daemon [_thread_blocked, id=36732, stack(0x00000000165b0000,0x00000000166b0000)]
  0x0000000002c5c000 JavaThread "Reference Handler" daemon [_thread_blocked, id=46364, stack(0x00000000164b0000,0x00000000165b0000)]
  0x0000000002b3d800 JavaThread "main" [_thread_in_Java, id=47180, stack(0x0000000002980000,0x0000000002a80000)]

Other Threads:
  0x0000000015306800 VMThread [stack: 0x00000000163b0000,0x00000000164b0000] [id=47820]
  0x0000000016be6800 WatcherThread [stack: 0x00000000170b0000,0x00000000171b0000] [id=38708]

VM state:not at safepoint (normal execution)

VM Mutex/Monitor currently owned by a thread: None

Heap:
 PSYoungGen      total 35328K, used 35294K [0x00000000eab00000, 0x00000000ef000000, 0x0000000100000000)
  eden space 32768K, 99% used [0x00000000eab00000,0x00000000ecaff198,0x00000000ecb00000)
  from space 2560K, 98% used [0x00000000ecb00000,0x00000000ecd786b8,0x00000000ecd80000)
  to   space 2560K, 0% used [0x00000000eed80000,0x00000000eed80000,0x00000000ef000000)
 ParOldGen       total 44032K, used 9404K [0x00000000c0000000, 0x00000000c2b00000, 0x00000000eab00000)
  object space 44032K, 21% used [0x00000000c0000000,0x00000000c092f2d0,0x00000000c2b00000)
 Metaspace       used 6250K, capacity 7030K, committed 7296K, reserved 1056768K
  class space    used 601K, capacity 622K, committed 640K, reserved 1048576K

Card table byte_map: [0x0000000012030000,0x0000000012240000] byte_map_base: 0x0000000011a30000

Marking Bits: (ParMarkBitMap*) 0x000000005c28d490
 Begin Bits: [0x00000000127a0000, 0x00000000137a0000)
 End Bits:   [0x00000000137a0000, 0x00000000147a0000)

Polling page: 0x0000000001210000

CodeCache: size=245760Kb used=6811Kb max_used=6811Kb free=238948Kb
 bounds [0x0000000002c70000, 0x0000000003320000, 0x0000000011c70000]
 total_blobs=1890 nmethods=1619 adapters=184
 compilation: enabled

Compilation events (10 events):
Event: 14.222 Thread 0x0000000015388000 1635       2       java.util.concurrent.locks.ReentrantLock$Sync::isHeldExclusively (16 bytes)
Event: 14.222 Thread 0x0000000015388000 nmethod 1635 0x0000000003315bd0 code [0x0000000003315d20, 0x0000000003315e90]
Event: 14.224 Thread 0x0000000015388000 1636       2       com.android.dx.cf.attrib.InnerClassList::get (9 bytes)
Event: 14.224 Thread 0x0000000015388000 nmethod 1636 0x0000000003315f10 code [0x0000000003316080, 0x0000000003316228]
Event: 14.225 Thread 0x0000000015388000 1637       1       com.android.dx.rop.cst.CstKnownNull::getType (4 bytes)
Event: 14.225 Thread 0x0000000015388000 nmethod 1637 0x00000000033162d0 code [0x0000000003316420, 0x0000000003316530]
Event: 14.225 Thread 0x0000000015388000 1638       2       com.android.dx.cf.code.LocalVariableList::get (9 bytes)
Event: 14.225 Thread 0x0000000015388000 nmethod 1638 0x0000000003316590 code [0x0000000003316700, 0x00000000033168a8]
Event: 14.225 Thread 0x0000000015388000 1639       2       com.android.dx.cf.code.LocalVariableList::set (21 bytes)
Event: 14.226 Thread 0x0000000015388000 nmethod 1639 0x0000000003316950 code [0x0000000003316b00, 0x0000000003316fb8]

GC Heap History (6 events):
Event: 8.026 GC heap before
{Heap before GC invocations=1 (full 0):
 PSYoungGen      total 18944K, used 16384K [0x00000000eab00000, 0x00000000ec000000, 0x0000000100000000)
  eden space 16384K, 100% used [0x00000000eab00000,0x00000000ebb00000,0x00000000ebb00000)
  from space 2560K, 0% used [0x00000000ebd80000,0x00000000ebd80000,0x00000000ec000000)
  to   space 2560K, 0% used [0x00000000ebb00000,0x00000000ebb00000,0x00000000ebd80000)
 ParOldGen       total 44032K, used 0K [0x00000000c0000000, 0x00000000c2b00000, 0x00000000eab00000)
  object space 44032K, 0% used [0x00000000c0000000,0x00000000c0000000,0x00000000c2b00000)
 Metaspace       used 5835K, capacity 6706K, committed 6784K, reserved 1056768K
  class space    used 595K, capacity 618K, committed 640K, reserved 1048576K
Event: 9.105 GC heap after
Heap after GC invocations=1 (full 0):
 PSYoungGen      total 18944K, used 2551K [0x00000000eab00000, 0x00000000ed000000, 0x0000000100000000)
  eden space 16384K, 0% used [0x00000000eab00000,0x00000000eab00000,0x00000000ebb00000)
  from space 2560K, 99% used [0x00000000ebb00000,0x00000000ebd7dc98,0x00000000ebd80000)
  to   space 2560K, 0% used [0x00000000ecd80000,0x00000000ecd80000,0x00000000ed000000)
 ParOldGen       total 44032K, used 1671K [0x00000000c0000000, 0x00000000c2b00000, 0x00000000eab00000)
  object space 44032K, 3% used [0x00000000c0000000,0x00000000c01a1cf8,0x00000000c2b00000)
 Metaspace       used 5835K, capacity 6706K, committed 6784K, reserved 1056768K
  class space    used 595K, capacity 618K, committed 640K, reserved 1048576K
}
Event: 11.463 GC heap before
{Heap before GC invocations=2 (full 0):
 PSYoungGen      total 18944K, used 18935K [0x00000000eab00000, 0x00000000ed000000, 0x0000000100000000)
  eden space 16384K, 100% used [0x00000000eab00000,0x00000000ebb00000,0x00000000ebb00000)
  from space 2560K, 99% used [0x00000000ebb00000,0x00000000ebd7dc98,0x00000000ebd80000)
  to   space 2560K, 0% used [0x00000000ecd80000,0x00000000ecd80000,0x00000000ed000000)
 ParOldGen       total 44032K, used 1671K [0x00000000c0000000, 0x00000000c2b00000, 0x00000000eab00000)
  object space 44032K, 3% used [0x00000000c0000000,0x00000000c01a1cf8,0x00000000c2b00000)
 Metaspace       used 6100K, capacity 6964K, committed 7040K, reserved 1056768K
  class space    used 598K, capacity 620K, committed 640K, reserved 1048576K
Event: 11.498 GC heap after
Heap after GC invocations=2 (full 0):
 PSYoungGen      total 35328K, used 2545K [0x00000000eab00000, 0x00000000ed000000, 0x0000000100000000)
  eden space 32768K, 0% used [0x00000000eab00000,0x00000000eab00000,0x00000000ecb00000)
  from space 2560K, 99% used [0x00000000ecd80000,0x00000000ecffc6a8,0x00000000ed000000)
  to   space 2560K, 0% used [0x00000000ecb00000,0x00000000ecb00000,0x00000000ecd80000)
 ParOldGen       total 44032K, used 4365K [0x00000000c0000000, 0x00000000c2b00000, 0x00000000eab00000)
  object space 44032K, 9% used [0x00000000c0000000,0x00000000c0443738,0x00000000c2b00000)
 Metaspace       used 6100K, capacity 6964K, committed 7040K, reserved 1056768K
  class space    used 598K, capacity 620K, committed 640K, reserved 1048576K
}
Event: 13.525 GC heap before
{Heap before GC invocations=3 (full 0):
 PSYoungGen      total 35328K, used 35313K [0x00000000eab00000, 0x00000000ed000000, 0x0000000100000000)
  eden space 32768K, 100% used [0x00000000eab00000,0x00000000ecb00000,0x00000000ecb00000)
  from space 2560K, 99% used [0x00000000ecd80000,0x00000000ecffc6a8,0x00000000ed000000)
  to   space 2560K, 0% used [0x00000000ecb00000,0x00000000ecb00000,0x00000000ecd80000)
 ParOldGen       total 44032K, used 4365K [0x00000000c0000000, 0x00000000c2b00000, 0x00000000eab00000)
  object space 44032K, 9% used [0x00000000c0000000,0x00000000c0443738,0x00000000c2b00000)
 Metaspace       used 6230K, capacity 7030K, committed 7296K, reserved 1056768K
  class space    used 601K, capacity 622K, committed 640K, reserved 1048576K
Event: 13.739 GC heap after
Heap after GC invocations=3 (full 0):
 PSYoungGen      total 35328K, used 2529K [0x00000000eab00000, 0x00000000ef000000, 0x0000000100000000)
  eden space 32768K, 0% used [0x00000000eab00000,0x00000000eab00000,0x00000000ecb00000)
  from space 2560K, 98% used [0x00000000ecb00000,0x00000000ecd786b8,0x00000000ecd80000)
  to   space 2560K, 0% used [0x00000000eed80000,0x00000000eed80000,0x00000000ef000000)
 ParOldGen       total 44032K, used 9404K [0x00000000c0000000, 0x00000000c2b00000, 0x00000000eab00000)
  object space 44032K, 21% used [0x00000000c0000000,0x00000000c092f2d0,0x00000000c2b00000)
 Metaspace       used 6230K, capacity 7030K, committed 7296K, reserved 1056768K
  class space    used 601K, capacity 622K, committed 640K, reserved 1048576K
}

Deoptimization events (9 events):
Event: 7.978 Thread 0x0000000016fa2800 Uncommon trap: reason=class_check action=maybe_recompile pc=0x0000000002fdd790 method=com.android.dx.ssa.NormalSsaInsn.accept(Lcom/android/dx/ssa/SsaInsn$Visitor;)V @ 9
Event: 7.978 Thread 0x0000000016fa2800 Uncommon trap: reason=class_check action=maybe_recompile pc=0x0000000002fdd790 method=com.android.dx.ssa.NormalSsaInsn.accept(Lcom/android/dx/ssa/SsaInsn$Visitor;)V @ 9
Event: 7.978 Thread 0x0000000016fa2800 Uncommon trap: reason=class_check action=maybe_recompile pc=0x0000000002fdd790 method=com.android.dx.ssa.NormalSsaInsn.accept(Lcom/android/dx/ssa/SsaInsn$Visitor;)V @ 9
Event: 9.143 Thread 0x0000000016fa2800 Uncommon trap: reason=class_check action=maybe_recompile pc=0x0000000002fdd790 method=com.android.dx.ssa.NormalSsaInsn.accept(Lcom/android/dx/ssa/SsaInsn$Visitor;)V @ 9
Event: 9.143 Thread 0x0000000016fa2800 Uncommon trap: reason=class_check action=maybe_recompile pc=0x0000000002ef0c30 method=com.android.dx.ssa.NormalSsaInsn.accept(Lcom/android/dx/ssa/SsaInsn$Visitor;)V @ 9
Event: 9.247 Thread 0x0000000016e7c800 Uncommon trap: reason=null_check action=make_not_entrant pc=0x0000000003028110 method=com.android.dx.ssa.SsaRenamer.getLocalForNewReg(I)Lcom/android/dx/rop/code/LocalItem; @ 19
Event: 9.968 Thread 0x0000000016e89000 Uncommon trap: reason=unreached action=reinterpret pc=0x0000000002ec235c method=com.android.dx.rop.cst.Constant.compareTo(Lcom/android/dx/rop/cst/Constant;)I @ 12
Event: 11.210 Thread 0x0000000016e7c800 Uncommon trap: reason=bimorphic action=maybe_recompile pc=0x0000000003170688 method=com.android.dx.cf.code.BytecodeArray.parseInstruction(ILcom/android/dx/cf/code/BytecodeArray$Visitor;)I @ 1501
Event: 11.244 Thread 0x0000000016e7c800 Uncommon trap: reason=bimorphic action=maybe_recompile pc=0x0000000003170688 method=com.android.dx.cf.code.BytecodeArray.parseInstruction(ILcom/android/dx/cf/code/BytecodeArray$Visitor;)I @ 1501

Internal exceptions (10 events):
Event: 6.947 Thread 0x0000000002b3d800 Exception <a 'java/security/PrivilegedActionException'> (0x00000000eb277bc8) thrown at [D:\re\workspace\8-2-build-windows-amd64-cygwin\jdk8u25\1677\hotspot\src\share\vm\prims\jvm.cpp, line 1312]
Event: 6.954 Thread 0x0000000002b3d800 Exception <a 'java/security/PrivilegedActionException'> (0x00000000eb27d878) thrown at [D:\re\workspace\8-2-build-windows-amd64-cygwin\jdk8u25\1677\hotspot\src\share\vm\prims\jvm.cpp, line 1312]
Event: 6.984 Thread 0x0000000016e7d000 Exception <a 'java/security/PrivilegedActionException'> (0x00000000eb7b5f98) thrown at [D:\re\workspace\8-2-build-windows-amd64-cygwin\jdk8u25\1677\hotspot\src\share\vm\prims\jvm.cpp, line 1312]
Event: 6.989 Thread 0x0000000016e7d000 Exception <a 'java/security/PrivilegedActionException'> (0x00000000eb874820) thrown at [D:\re\workspace\8-2-build-windows-amd64-cygwin\jdk8u25\1677\hotspot\src\share\vm\prims\jvm.cpp, line 1312]
Event: 7.954 Thread 0x0000000016fa2800 Exception <a 'java/security/PrivilegedActionException'> (0x00000000eb707f58) thrown at [D:\re\workspace\8-2-build-windows-amd64-cygwin\jdk8u25\1677\hotspot\src\share\vm\prims\jvm.cpp, line 1312]
Event: 7.971 Thread 0x0000000002b3d800 Exception <a 'java/security/PrivilegedActionException'> (0x00000000ebaf88e0) thrown at [D:\re\workspace\8-2-build-windows-amd64-cygwin\jdk8u25\1677\hotspot\src\share\vm\prims\jvm.cpp, line 1312]
Event: 9.157 Thread 0x0000000016fa2800 Exception <a 'java/security/PrivilegedActionException'> (0x00000000eac56118) thrown at [D:\re\workspace\8-2-build-windows-amd64-cygwin\jdk8u25\1677\hotspot\src\share\vm\prims\jvm.cpp, line 1312]
Event: 9.245 Thread 0x0000000016e7c800 Exception <a 'java/security/PrivilegedActionException'> (0x00000000eab7a8e0) thrown at [D:\re\workspace\8-2-build-windows-amd64-cygwin\jdk8u25\1677\hotspot\src\share\vm\prims\jvm.cpp, line 1312]
Event: 9.247 Thread 0x0000000016e7c800 Implicit null exception at 0x0000000003026b1a to 0x00000000030280f5
Event: 12.595 Thread 0x0000000016e7d000 Exception <a 'java/security/PrivilegedActionException'> (0x00000000ebb08478) thrown at [D:\re\workspace\8-2-build-windows-amd64-cygwin\jdk8u25\1677\hotspot\src\share\vm\prims\jvm.cpp, line 1312]

Events (10 events):
Event: 11.854 Executing VM operation: Deoptimize
Event: 11.854 Executing VM operation: Deoptimize done
Event: 11.875 Thread 0x0000000002b3d800 DEOPT PACKING pc=0x0000000002fbdf01 sp=0x0000000002a7e1d0
Event: 11.875 Thread 0x0000000002b3d800 DEOPT UNPACKING pc=0x0000000002cb75bf sp=0x0000000002a7df98 mode 0
Event: 12.050 Thread 0x0000000016fa2800 DEOPT PACKING pc=0x0000000002fbe1bc sp=0x00000000172ae720
Event: 12.050 Thread 0x0000000016fa2800 DEOPT UNPACKING pc=0x0000000002cb75bf sp=0x00000000172ae4e8 mode 0
Event: 12.595 loading class com/android/dx/cf/code/SwitchList
Event: 12.595 loading class com/android/dx/cf/code/SwitchList done
Event: 13.525 Executing VM operation: ParallelGCFailedAllocation
Event: 13.739 Executing VM operation: ParallelGCFailedAllocation done


Dynamic libraries:
0x00007ff6a1ad0000 - 0x00007ff6a1b04000 	C:\Program Files\Java\jdk1.8.0_25\bin\java.exe
0x00007ffb77dc0000 - 0x00007ffb77f91000 	C:\WINDOWS\SYSTEM32\ntdll.dll
0x00007ffb777e0000 - 0x00007ffb7788b000 	C:\WINDOWS\System32\KERNEL32.DLL
0x00007ffb74760000 - 0x00007ffb7497d000 	C:\WINDOWS\System32\KERNELBASE.dll
0x00007ffb76a50000 - 0x00007ffb76af2000 	C:\WINDOWS\System32\ADVAPI32.dll
0x00007ffb77ab0000 - 0x00007ffb77b4e000 	C:\WINDOWS\System32\msvcrt.dll
0x00007ffb76d90000 - 0x00007ffb76de9000 	C:\WINDOWS\System32\sechost.dll
0x00007ffb76c60000 - 0x00007ffb76d81000 	C:\WINDOWS\System32\RPCRT4.dll
0x00007ffb77b50000 - 0x00007ffb77cb5000 	C:\WINDOWS\System32\USER32.dll
0x00007ffb74310000 - 0x00007ffb7432e000 	C:\WINDOWS\System32\win32u.dll
0x00007ffb76910000 - 0x00007ffb76944000 	C:\WINDOWS\System32\GDI32.dll
0x00007ffb74980000 - 0x00007ffb74b02000 	C:\WINDOWS\System32\gdi32full.dll
0x00007ffb68940000 - 0x00007ffb68bba000 	C:\WINDOWS\WinSxS\amd64_microsoft.windows.common-controls_6595b64144ccf1df_6.0.14393.351_none_4213128bc687e6d3\COMCTL32.dll
0x00007ffb77510000 - 0x00007ffb777d7000 	C:\WINDOWS\System32\combase.dll
0x00007ffb74330000 - 0x00007ffb74425000 	C:\WINDOWS\System32\ucrtbase.dll
0x00007ffb746a0000 - 0x00007ffb7470a000 	C:\WINDOWS\System32\bcryptPrimitives.dll
0x00007ffb77d20000 - 0x00007ffb77d4e000 	C:\WINDOWS\System32\IMM32.DLL
0x000000005e0a0000 - 0x000000005e172000 	C:\Program Files\Java\jdk1.8.0_25\jre\bin\msvcr100.dll
0x000000005bab0000 - 0x000000005c30a000 	C:\Program Files\Java\jdk1.8.0_25\jre\bin\server\jvm.dll
0x00007ffb76900000 - 0x00007ffb76908000 	C:\WINDOWS\System32\PSAPI.DLL
0x00007ffb68180000 - 0x00007ffb68189000 	C:\WINDOWS\SYSTEM32\WSOCK32.dll
0x00007ffb77d50000 - 0x00007ffb77dba000 	C:\WINDOWS\System32\WS2_32.dll
0x00007ffb725d0000 - 0x00007ffb725f3000 	C:\WINDOWS\SYSTEM32\WINMM.dll
0x00007ffb72560000 - 0x00007ffb7258b000 	C:\WINDOWS\SYSTEM32\WINMMBASE.dll
0x00007ffb74710000 - 0x00007ffb74752000 	C:\WINDOWS\System32\cfgmgr32.dll
0x000000005e090000 - 0x000000005e09f000 	C:\Program Files\Java\jdk1.8.0_25\jre\bin\verify.dll
0x000000005e060000 - 0x000000005e088000 	C:\Program Files\Java\jdk1.8.0_25\jre\bin\java.dll
0x000000005e040000 - 0x000000005e056000 	C:\Program Files\Java\jdk1.8.0_25\jre\bin\zip.dll
0x00007ffb75350000 - 0x00007ffb76859000 	C:\WINDOWS\System32\SHELL32.dll
0x00007ffb74b10000 - 0x00007ffb751ea000 	C:\WINDOWS\System32\windows.storage.dll
0x00007ffb74260000 - 0x00007ffb742ac000 	C:\WINDOWS\System32\powrprof.dll
0x00007ffb77890000 - 0x00007ffb778e2000 	C:\WINDOWS\System32\shlwapi.dll
0x00007ffb74250000 - 0x00007ffb7425f000 	C:\WINDOWS\System32\kernel.appcore.dll
0x00007ffb751f0000 - 0x00007ffb75299000 	C:\WINDOWS\System32\shcore.dll
0x00007ffb74230000 - 0x00007ffb74244000 	C:\WINDOWS\System32\profapi.dll
0x000000005ddb0000 - 0x000000005ddca000 	C:\Program Files\Java\jdk1.8.0_25\jre\bin\net.dll
0x00007ffb73a50000 - 0x00007ffb73aac000 	C:\WINDOWS\system32\mswsock.dll
0x00007ffb737e0000 - 0x00007ffb73818000 	C:\WINDOWS\SYSTEM32\IPHLPAPI.DLL
0x00007ffb76e60000 - 0x00007ffb76e68000 	C:\WINDOWS\System32\NSI.dll
0x00007ffb70510000 - 0x00007ffb70526000 	C:\WINDOWS\SYSTEM32\dhcpcsvc6.DLL
0x00007ffb703f0000 - 0x00007ffb7040a000 	C:\WINDOWS\SYSTEM32\dhcpcsvc.DLL
0x00007ffb63ef0000 - 0x00007ffb64082000 	C:\WINDOWS\SYSTEM32\dbghelp.dll

VM Arguments:
jvm_args: -Djava.awt.headless=true -Xmx1024M -Dfile.encoding=windows-1252 -Duser.country=FR -Duser.language=fr -Duser.variant 
java_command: com.android.dx.command.Main --dex --num-threads=4 --output C:\Users\Famille\AndroidStudioProjects\Niviel\app\build\intermediates\pre-dexed\debug\jsoup-1.9.2_ecef94a6a7f4aa5a1465b1084b2edeb6df34e0f6.jar C:\Users\Famille\.gradle\caches\modules-2\files-2.1\org.jsoup\jsoup\1.9.2\5e3bda828a80c7a21dfbe2308d1755759c2fd7b4\jsoup-1.9.2.jar
java_class_path (initial): C:\Users\Famille\AppData\Local\Android\sdk\build-tools\23.0.2\lib\dx.jar
Launcher Type: SUN_STANDARD

Environment Variables:
JAVA_HOME=C:\Program Files\Java\jdk1.8.0_25
PATH=C:\Program Files\Broadcom\Broadcom 802.11 Network Adapter;C:\Program Files\Broadcom\Broadcom 802.11;C:\ProgramData\Oracle\Java\javapath;C:\Program Files (x86)\Intel\iCLS Client\;C:\Program Files\Intel\iCLS Client\;C:\Windows\system32;C:\Windows;C:\Windows\System32\Wbem;C:\Windows\System32\WindowsPowerShell\v1.0\;C:\Program Files\Hewlett-Packard\SimplePass\;C:\wamp\bin\php\php5.5.12;C:\Python34;C:\Users\Famille\AppData\Roaming\npm\;C:\Program Files\nodejs\;C:\Program Files\Git\cmd;C:\Program Files (x86)\Brackets\command;C:\Program Files (x86)\Ant\bin;C:\Program Files (x86)\Maven\bin;C:\Program Files (x86)\Intel\Intel(R) Management Engine Components\DAL;C:\Program Files\Intel\Intel(R) Management Engine Components\DAL;C:\Program Files (x86)\Intel\Intel(R) Management Engine Components\IPT;C:\Program Files\Intel\Intel(R) Management Engine Components\IPT;C:\Users\Famille\AppData\Local\Android\sdk\platform-tools;C:\WINDOWS\system32;C:\WINDOWS;C:\WINDOWS\System32\Wbem;C:\WINDOWS\System32\WindowsPowerShell\v1.0\;C:\Users\Famille\AppData\Local\atom\bin;C:\Users\Famille\AppData\Roaming\npm;%USERPROFILE%\AppData\Local\Microsoft\WindowsApps;
USERNAME=de Lachaux
OS=Windows_NT
PROCESSOR_IDENTIFIER=Intel64 Family 6 Model 69 Stepping 1, GenuineIntel



---------------  S Y S T E M  ---------------

OS: Windows 8.1 , 64 bit Build 9600 

CPU:total 4 (2 cores per cpu, 2 threads per core) family 6 model 69 stepping 1, cmov, cx8, fxsr, mmx, sse, sse2, sse3, ssse3, sse4.1, sse4.2, popcnt, avx, avx2, aes, clmul, erms, lzcnt, ht, tsc, tscinvbit, bmi1, bmi2

Memory: 4k page, physical 4122776k(175212k free), swap 5555352k(3292k free)

vm_info: Java HotSpot(TM) 64-Bit Server VM (25.25-b02) for windows-amd64 JRE (1.8.0_25-b18), built on Oct  7 2014 14:25:37 by "java_re" with MS VC++ 10.0 (VS2010)

time: Sat Nov 05 19:12:41 2016
elapsed time: 14 seconds (0d 0h 0m 14s)

