#
# There is insufficient memory for the Java Runtime Environment to continue.
# Native memory allocation (malloc) failed to allocate 262160 bytes for Chunk::new
# Possible reasons:
#   The system is out of physical RAM or swap space
#   In 32 bit mode, the process size limit was hit
# Possible solutions:
#   Reduce memory load on the system
#   Increase physical memory or swap space
#   Check if swap backing store is full
#   Use 64 bit Java on a 64 bit OS
#   Decrease Java heap size (-Xmx/-Xms)
#   Decrease number of Java threads
#   Decrease Java thread stack sizes (-Xss)
#   Set larger code cache with -XX:ReservedCodeCacheSize=
# This output file may be truncated or incomplete.
#
#  Out of Memory Error (allocation.cpp:390), pid=28724, tid=29344
#
# JRE version: Java(TM) SE Runtime Environment (8.0_25-b18) (build 1.8.0_25-b18)
# Java VM: Java HotSpot(TM) 64-Bit Server VM (25.25-b02 mixed mode windows-amd64 compressed oops)
# Failed to write core dump. Minidumps are not enabled by default on client versions of Windows
#

---------------  T H R E A D  ---------------

Current thread (0x0000000014d9f000):  JavaThread "C2 CompilerThread1" daemon [_thread_in_native, id=29344, stack(0x00000000163b0000,0x00000000164b0000)]

Stack: [0x00000000163b0000,0x00000000164b0000]
Native frames: (J=compiled Java code, j=interpreted, Vv=VM code, C=native code)
V  [jvm.dll+0x31667a]


Current CompileTask:
C2:  13523 2203       4       com.android.dx.dex.code.DalvCode::finishProcessingIfNecessary (69 bytes)


---------------  P R O C E S S  ---------------

Java Threads: ( => current thread )
  0x0000000014da3800 JavaThread "Service Thread" daemon [_thread_blocked, id=29132, stack(0x00000000165b0000,0x00000000166b0000)]
  0x0000000014da0000 JavaThread "C1 CompilerThread2" daemon [_thread_blocked, id=29476, stack(0x00000000164b0000,0x00000000165b0000)]
=>0x0000000014d9f000 JavaThread "C2 CompilerThread1" daemon [_thread_in_native, id=29344, stack(0x00000000163b0000,0x00000000164b0000)]
  0x0000000014d4c000 JavaThread "C2 CompilerThread0" daemon [_thread_blocked, id=29648, stack(0x00000000162b0000,0x00000000163b0000)]
  0x0000000014d4a800 JavaThread "Attach Listener" daemon [_thread_blocked, id=29412, stack(0x00000000161b0000,0x00000000162b0000)]
  0x0000000014d49800 JavaThread "Signal Dispatcher" daemon [_thread_blocked, id=29536, stack(0x00000000160b0000,0x00000000161b0000)]
  0x0000000002670800 JavaThread "Finalizer" daemon [_thread_blocked, id=29528, stack(0x0000000015fb0000,0x00000000160b0000)]
  0x000000000266d000 JavaThread "Reference Handler" daemon [_thread_blocked, id=29524, stack(0x0000000015eb0000,0x0000000015fb0000)]
  0x000000000257e000 JavaThread "main" [_thread_in_Java, id=29404, stack(0x0000000002410000,0x0000000002510000)]

Other Threads:
  0x0000000014d16800 VMThread [stack: 0x0000000015db0000,0x0000000015eb0000] [id=29616]
  0x0000000014da6800 WatcherThread [stack: 0x00000000166b0000,0x00000000167b0000] [id=29144]

VM state:not at safepoint (normal execution)

VM Mutex/Monitor currently owned by a thread: None

Heap:
 PSYoungGen      total 68096K, used 60565K [0x00000000eab00000, 0x00000000ef000000, 0x0000000100000000)
  eden space 65536K, 88% used [0x00000000eab00000,0x00000000ee3a9358,0x00000000eeb00000)
  from space 2560K, 99% used [0x00000000eed80000,0x00000000eeffc0c8,0x00000000ef000000)
  to   space 2560K, 0% used [0x00000000eeb00000,0x00000000eeb00000,0x00000000eed80000)
 ParOldGen       total 44032K, used 13519K [0x00000000c0000000, 0x00000000c2b00000, 0x00000000eab00000)
  object space 44032K, 30% used [0x00000000c0000000,0x00000000c0d33ed8,0x00000000c2b00000)
 Metaspace       used 6782K, capacity 7544K, committed 7680K, reserved 1056768K
  class space    used 632K, capacity 688K, committed 768K, reserved 1048576K

Card table byte_map: [0x0000000011a40000,0x0000000011c50000] byte_map_base: 0x0000000011440000

Marking Bits: (ParMarkBitMap*) 0x000000005836d490
 Begin Bits: [0x00000000121b0000, 0x00000000131b0000)
 End Bits:   [0x00000000131b0000, 0x00000000141b0000)

Polling page: 0x0000000000ab0000

CodeCache: size=245760Kb used=9075Kb max_used=9086Kb free=236684Kb
 bounds [0x0000000002680000, 0x0000000002f70000, 0x0000000011680000]
 total_blobs=2478 nmethods=2206 adapters=185
 compilation: enabled

Compilation events (10 events):
Event: 13.489 Thread 0x0000000014da0000 nmethod 2241 0x0000000002f459d0 code [0x0000000002f45b80, 0x0000000002f463b8]
Event: 13.489 Thread 0x0000000014da0000 2242       3       com.android.dx.dex.file.MethodIdItem::getMethodRef (8 bytes)
Event: 13.489 Thread 0x0000000014da0000 nmethod 2242 0x0000000002f4c010 code [0x0000000002f4c180, 0x0000000002f4c450]
Event: 13.490 Thread 0x0000000014da0000 2244       3       com.android.dx.dex.file.MethodIdItem::getTypoidIdx (17 bytes)
Event: 13.491 Thread 0x0000000014da0000 nmethod 2244 0x0000000002f54e90 code [0x0000000002f55020, 0x0000000002f555c8]
Event: 13.491 Thread 0x0000000014d4c000 nmethod 2243 0x0000000002f542d0 code [0x0000000002f54440, 0x0000000002f54918]
Event: 13.504 Thread 0x0000000014da0000 2245       3       com.android.dx.dex.file.ProtoIdsSection::indexOf (49 bytes)
Event: 13.504 Thread 0x0000000014d4c000 2246       4       com.android.dx.util.ByteArrayAnnotatedOutput::alignTo (69 bytes)
Event: 13.505 Thread 0x0000000014da0000 nmethod 2245 0x0000000002f662d0 code [0x0000000002f664c0, 0x0000000002f66da8]
Event: 13.506 Thread 0x0000000014d4c000 nmethod 2246 0x0000000002f44910 code [0x0000000002f44a60, 0x0000000002f44b58]

GC Heap History (8 events):
Event: 8.323 GC heap before
{Heap before GC invocations=1 (full 0):
 PSYoungGen      total 18944K, used 16384K [0x00000000eab00000, 0x00000000ec000000, 0x0000000100000000)
  eden space 16384K, 100% used [0x00000000eab00000,0x00000000ebb00000,0x00000000ebb00000)
  from space 2560K, 0% used [0x00000000ebd80000,0x00000000ebd80000,0x00000000ec000000)
  to   space 2560K, 0% used [0x00000000ebb00000,0x00000000ebb00000,0x00000000ebd80000)
 ParOldGen       total 44032K, used 0K [0x00000000c0000000, 0x00000000c2b00000, 0x00000000eab00000)
  object space 44032K, 0% used [0x00000000c0000000,0x00000000c0000000,0x00000000c2b00000)
 Metaspace       used 5863K, capacity 6768K, committed 7040K, reserved 1056768K
  class space    used 600K, capacity 616K, committed 640K, reserved 1048576K
Event: 8.426 GC heap after
Heap after GC invocations=1 (full 0):
 PSYoungGen      total 18944K, used 2538K [0x00000000eab00000, 0x00000000ed000000, 0x0000000100000000)
  eden space 16384K, 0% used [0x00000000eab00000,0x00000000eab00000,0x00000000ebb00000)
  from space 2560K, 99% used [0x00000000ebb00000,0x00000000ebd7aac8,0x00000000ebd80000)
  to   space 2560K, 0% used [0x00000000ecd80000,0x00000000ecd80000,0x00000000ed000000)
 ParOldGen       total 44032K, used 1210K [0x00000000c0000000, 0x00000000c2b00000, 0x00000000eab00000)
  object space 44032K, 2% used [0x00000000c0000000,0x00000000c012e9c0,0x00000000c2b00000)
 Metaspace       used 5863K, capacity 6768K, committed 7040K, reserved 1056768K
  class space    used 600K, capacity 616K, committed 640K, reserved 1048576K
}
Event: 9.737 GC heap before
{Heap before GC invocations=2 (full 0):
 PSYoungGen      total 18944K, used 18922K [0x00000000eab00000, 0x00000000ed000000, 0x0000000100000000)
  eden space 16384K, 100% used [0x00000000eab00000,0x00000000ebb00000,0x00000000ebb00000)
  from space 2560K, 99% used [0x00000000ebb00000,0x00000000ebd7aac8,0x00000000ebd80000)
  to   space 2560K, 0% used [0x00000000ecd80000,0x00000000ecd80000,0x00000000ed000000)
 ParOldGen       total 44032K, used 1210K [0x00000000c0000000, 0x00000000c2b00000, 0x00000000eab00000)
  object space 44032K, 2% used [0x00000000c0000000,0x00000000c012e9c0,0x00000000c2b00000)
 Metaspace       used 6167K, capacity 6964K, committed 7040K, reserved 1056768K
  class space    used 607K, capacity 620K, committed 640K, reserved 1048576K
Event: 9.810 GC heap after
Heap after GC invocations=2 (full 0):
 PSYoungGen      total 35328K, used 2544K [0x00000000eab00000, 0x00000000ed000000, 0x0000000100000000)
  eden space 32768K, 0% used [0x00000000eab00000,0x00000000eab00000,0x00000000ecb00000)
  from space 2560K, 99% used [0x00000000ecd80000,0x00000000ecffc038,0x00000000ed000000)
  to   space 2560K, 0% used [0x00000000ecb00000,0x00000000ecb00000,0x00000000ecd80000)
 ParOldGen       total 44032K, used 3248K [0x00000000c0000000, 0x00000000c2b00000, 0x00000000eab00000)
  object space 44032K, 7% used [0x00000000c0000000,0x00000000c032c108,0x00000000c2b00000)
 Metaspace       used 6167K, capacity 6964K, committed 7040K, reserved 1056768K
  class space    used 607K, capacity 620K, committed 640K, reserved 1048576K
}
Event: 10.784 GC heap before
{Heap before GC invocations=3 (full 0):
 PSYoungGen      total 35328K, used 35312K [0x00000000eab00000, 0x00000000ed000000, 0x0000000100000000)
  eden space 32768K, 100% used [0x00000000eab00000,0x00000000ecb00000,0x00000000ecb00000)
  from space 2560K, 99% used [0x00000000ecd80000,0x00000000ecffc038,0x00000000ed000000)
  to   space 2560K, 0% used [0x00000000ecb00000,0x00000000ecb00000,0x00000000ecd80000)
 ParOldGen       total 44032K, used 3248K [0x00000000c0000000, 0x00000000c2b00000, 0x00000000eab00000)
  object space 44032K, 7% used [0x00000000c0000000,0x00000000c032c108,0x00000000c2b00000)
 Metaspace       used 6314K, capacity 7094K, committed 7296K, reserved 1056768K
  class space    used 609K, capacity 622K, committed 640K, reserved 1048576K
Event: 10.806 GC heap after
Heap after GC invocations=3 (full 0):
 PSYoungGen      total 35328K, used 2543K [0x00000000eab00000, 0x00000000ef000000, 0x0000000100000000)
  eden space 32768K, 0% used [0x00000000eab00000,0x00000000eab00000,0x00000000ecb00000)
  from space 2560K, 99% used [0x00000000ecb00000,0x00000000ecd7bf98,0x00000000ecd80000)
  to   space 2560K, 0% used [0x00000000eed80000,0x00000000eed80000,0x00000000ef000000)
 ParOldGen       total 44032K, used 8505K [0x00000000c0000000, 0x00000000c2b00000, 0x00000000eab00000)
  object space 44032K, 19% used [0x00000000c0000000,0x00000000c084e4f8,0x00000000c2b00000)
 Metaspace       used 6314K, capacity 7094K, committed 7296K, reserved 1056768K
  class space    used 609K, capacity 622K, committed 640K, reserved 1048576K
}
Event: 11.023 GC heap before
{Heap before GC invocations=4 (full 0):
 PSYoungGen      total 35328K, used 35311K [0x00000000eab00000, 0x00000000ef000000, 0x0000000100000000)
  eden space 32768K, 100% used [0x00000000eab00000,0x00000000ecb00000,0x00000000ecb00000)
  from space 2560K, 99% used [0x00000000ecb00000,0x00000000ecd7bf98,0x00000000ecd80000)
  to   space 2560K, 0% used [0x00000000eed80000,0x00000000eed80000,0x00000000ef000000)
 ParOldGen       total 44032K, used 8505K [0x00000000c0000000, 0x00000000c2b00000, 0x00000000eab00000)
  object space 44032K, 19% used [0x00000000c0000000,0x00000000c084e4f8,0x00000000c2b00000)
 Metaspace       used 6343K, capacity 7158K, committed 7296K, reserved 1056768K
  class space    used 609K, capacity 622K, committed 640K, reserved 1048576K
Event: 11.053 GC heap after
Heap after GC invocations=4 (full 0):
 PSYoungGen      total 68096K, used 2544K [0x00000000eab00000, 0x00000000ef000000, 0x0000000100000000)
  eden space 65536K, 0% used [0x00000000eab00000,0x00000000eab00000,0x00000000eeb00000)
  from space 2560K, 99% used [0x00000000eed80000,0x00000000eeffc0c8,0x00000000ef000000)
  to   space 2560K, 0% used [0x00000000eeb00000,0x00000000eeb00000,0x00000000eed80000)
 ParOldGen       total 44032K, used 13519K [0x00000000c0000000, 0x00000000c2b00000, 0x00000000eab00000)
  object space 44032K, 30% used [0x00000000c0000000,0x00000000c0d33ed8,0x00000000c2b00000)
 Metaspace       used 6343K, capacity 7158K, committed 7296K, reserved 1056768K
  class space    used 609K, capacity 622K, committed 640K, reserved 1048576K
}

Deoptimization events (10 events):
Event: 10.956 Thread 0x0000000016a22000 Uncommon trap: reason=bimorphic action=maybe_recompile pc=0x0000000002c0936c method=com.android.dx.cf.code.BytecodeArray.parseInstruction(ILcom/android/dx/cf/code/BytecodeArray$Visitor;)I @ 1597
Event: 10.956 Thread 0x0000000016a22000 Uncommon trap: reason=bimorphic action=maybe_recompile pc=0x0000000002c09a94 method=com.android.dx.cf.code.BytecodeArray.parseInstruction(ILcom/android/dx/cf/code/BytecodeArray$Visitor;)I @ 955
Event: 11.199 Thread 0x0000000016a67800 Uncommon trap: reason=unreached action=reinterpret pc=0x0000000002d12454 method=com.android.dx.rop.code.LocalItem.compareHandlesNulls(Lcom/android/dx/rop/cst/CstString;Lcom/android/dx/rop/cst/CstString;)I @ 14
Event: 11.199 Thread 0x0000000016a67800 Uncommon trap: reason=unreached action=reinterpret pc=0x0000000002ca4aac method=com.android.dx.rop.code.LocalItem.compareHandlesNulls(Lcom/android/dx/rop/cst/CstString;Lcom/android/dx/rop/cst/CstString;)I @ 14
Event: 11.202 Thread 0x0000000016a67800 Uncommon trap: reason=unreached action=reinterpret pc=0x0000000002b842b0 method=com.android.dx.rop.code.LocalItem.compareHandlesNulls(Lcom/android/dx/rop/cst/CstString;Lcom/android/dx/rop/cst/CstString;)I @ 14
Event: 11.695 Thread 0x000000000257e000 Uncommon trap: reason=class_check action=maybe_recompile pc=0x0000000002b239a0 method=java.util.Arrays.hashCode([Ljava/lang/Object;)I @ 43
Event: 11.695 Thread 0x000000000257e000 Uncommon trap: reason=class_check action=maybe_recompile pc=0x0000000002b239a0 method=java.util.Arrays.hashCode([Ljava/lang/Object;)I @ 43
Event: 11.696 Thread 0x000000000257e000 Uncommon trap: reason=class_check action=maybe_recompile pc=0x0000000002b239a0 method=java.util.Arrays.hashCode([Ljava/lang/Object;)I @ 43
Event: 11.696 Thread 0x000000000257e000 Uncommon trap: reason=class_check action=maybe_recompile pc=0x0000000002b239a0 method=java.util.Arrays.hashCode([Ljava/lang/Object;)I @ 43
Event: 11.696 Thread 0x000000000257e000 Uncommon trap: reason=class_check action=maybe_recompile pc=0x0000000002b23400 method=java.util.Arrays.hashCode([Ljava/lang/Object;)I @ 43

Internal exceptions (10 events):
Event: 12.460 Thread 0x000000000257e000 Exception <a 'java/security/PrivilegedActionException'> (0x00000000edda5908) thrown at [D:\re\workspace\8-2-build-windows-amd64-cygwin\jdk8u25\1677\hotspot\src\share\vm\prims\jvm.cpp, line 1312]
Event: 12.618 Thread 0x000000000257e000 Exception <a 'java/security/PrivilegedActionException'> (0x00000000ede74b60) thrown at [D:\re\workspace\8-2-build-windows-amd64-cygwin\jdk8u25\1677\hotspot\src\share\vm\prims\jvm.cpp, line 1312]
Event: 12.619 Thread 0x000000000257e000 Exception <a 'java/security/PrivilegedActionException'> (0x00000000ede77c68) thrown at [D:\re\workspace\8-2-build-windows-amd64-cygwin\jdk8u25\1677\hotspot\src\share\vm\prims\jvm.cpp, line 1312]
Event: 12.619 Thread 0x000000000257e000 Exception <a 'java/security/PrivilegedActionException'> (0x00000000ede7aef0) thrown at [D:\re\workspace\8-2-build-windows-amd64-cygwin\jdk8u25\1677\hotspot\src\share\vm\prims\jvm.cpp, line 1312]
Event: 13.164 Thread 0x000000000257e000 Exception <a 'java/security/PrivilegedActionException'> (0x00000000ee0bdfc8) thrown at [D:\re\workspace\8-2-build-windows-amd64-cygwin\jdk8u25\1677\hotspot\src\share\vm\prims\jvm.cpp, line 1312]
Event: 13.168 Thread 0x000000000257e000 Exception <a 'java/security/PrivilegedActionException'> (0x00000000ee0c9de0) thrown at [D:\re\workspace\8-2-build-windows-amd64-cygwin\jdk8u25\1677\hotspot\src\share\vm\prims\jvm.cpp, line 1312]
Event: 13.168 Thread 0x000000000257e000 Exception <a 'java/security/PrivilegedActionException'> (0x00000000ee0ccb40) thrown at [D:\re\workspace\8-2-build-windows-amd64-cygwin\jdk8u25\1677\hotspot\src\share\vm\prims\jvm.cpp, line 1312]
Event: 13.455 Thread 0x000000000257e000 Exception <a 'java/security/PrivilegedActionException'> (0x00000000ee2dc668) thrown at [D:\re\workspace\8-2-build-windows-amd64-cygwin\jdk8u25\1677\hotspot\src\share\vm\prims\jvm.cpp, line 1312]
Event: 13.467 Thread 0x000000000257e000 Exception <a 'java/security/PrivilegedActionException'> (0x00000000ee35e440) thrown at [D:\re\workspace\8-2-build-windows-amd64-cygwin\jdk8u25\1677\hotspot\src\share\vm\prims\jvm.cpp, line 1312]
Event: 13.473 Thread 0x000000000257e000 Exception <a 'java/security/PrivilegedActionException'> (0x00000000ee364128) thrown at [D:\re\workspace\8-2-build-windows-amd64-cygwin\jdk8u25\1677\hotspot\src\share\vm\prims\jvm.cpp, line 1312]

Events (10 events):
Event: 13.168 loading class com/android/dx/dex/file/DebugInfoEncoder$1
Event: 13.168 loading class com/android/dx/dex/file/DebugInfoEncoder$1 done
Event: 13.168 loading class com/android/dx/dex/file/DebugInfoEncoder$2
Event: 13.168 loading class com/android/dx/dex/file/DebugInfoEncoder$2 done
Event: 13.455 loading class com/android/dex/EncodedValueCodec
Event: 13.455 loading class com/android/dex/EncodedValueCodec done
Event: 13.467 loading class com/android/dx/dex/file/MapItem
Event: 13.467 loading class com/android/dx/dex/file/MapItem done
Event: 13.473 loading class com/android/dex/DexFormat
Event: 13.473 loading class com/android/dex/DexFormat done


Dynamic libraries:
0x00007ff7d2f30000 - 0x00007ff7d2f64000 	C:\Program Files\Java\jdk1.8.0_25\bin\java.exe
0x00007ff8752c0000 - 0x00007ff875481000 	C:\WINDOWS\SYSTEM32\ntdll.dll
0x00007ff875210000 - 0x00007ff8752bd000 	C:\WINDOWS\system32\KERNEL32.DLL
0x00007ff871bc0000 - 0x00007ff871da8000 	C:\WINDOWS\system32\KERNELBASE.dll
0x00007ff874260000 - 0x00007ff874307000 	C:\WINDOWS\system32\ADVAPI32.dll
0x00007ff875170000 - 0x00007ff87520d000 	C:\WINDOWS\system32\msvcrt.dll
0x00007ff873e30000 - 0x00007ff873e8b000 	C:\WINDOWS\system32\sechost.dll
0x00007ff874450000 - 0x00007ff87456c000 	C:\WINDOWS\system32\RPCRT4.dll
0x00007ff873c20000 - 0x00007ff873d76000 	C:\WINDOWS\system32\USER32.dll
0x00007ff874580000 - 0x00007ff874706000 	C:\WINDOWS\system32\GDI32.dll
0x00007ff86cd80000 - 0x00007ff86cff4000 	C:\WINDOWS\WinSxS\amd64_microsoft.windows.common-controls_6595b64144ccf1df_6.0.10586.494_none_a2d8b04ea53e3145\COMCTL32.dll
0x00007ff873f00000 - 0x00007ff87417d000 	C:\WINDOWS\system32\combase.dll
0x00007ff871b50000 - 0x00007ff871bba000 	C:\WINDOWS\system32\bcryptPrimitives.dll
0x00007ff8750b0000 - 0x00007ff8750eb000 	C:\WINDOWS\system32\IMM32.DLL
0x00000000576d0000 - 0x00000000577a2000 	C:\Program Files\Java\jdk1.8.0_25\jre\bin\msvcr100.dll
0x0000000057b90000 - 0x00000000583ea000 	C:\Program Files\Java\jdk1.8.0_25\jre\bin\server\jvm.dll
0x00007ff874250000 - 0x00007ff874258000 	C:\WINDOWS\system32\PSAPI.DLL
0x00007ff85fa40000 - 0x00007ff85fa49000 	C:\WINDOWS\SYSTEM32\WSOCK32.dll
0x00007ff874380000 - 0x00007ff8743eb000 	C:\WINDOWS\system32\WS2_32.dll
0x00007ff86fe60000 - 0x00007ff86fe83000 	C:\WINDOWS\SYSTEM32\WINMM.dll
0x00007ff86fe00000 - 0x00007ff86fe2c000 	C:\WINDOWS\SYSTEM32\WINMMBASE.dll
0x00007ff871b00000 - 0x00007ff871b43000 	C:\WINDOWS\system32\cfgmgr32.dll
0x0000000057b80000 - 0x0000000057b8f000 	C:\Program Files\Java\jdk1.8.0_25\jre\bin\verify.dll
0x0000000057b50000 - 0x0000000057b78000 	C:\Program Files\Java\jdk1.8.0_25\jre\bin\java.dll
0x0000000057b30000 - 0x0000000057b46000 	C:\Program Files\Java\jdk1.8.0_25\jre\bin\zip.dll
0x00007ff8726c0000 - 0x00007ff873c1c000 	C:\WINDOWS\system32\SHELL32.dll
0x00007ff872070000 - 0x00007ff8726b5000 	C:\WINDOWS\system32\windows.storage.dll
0x00007ff8743f0000 - 0x00007ff874442000 	C:\WINDOWS\system32\shlwapi.dll
0x00007ff871910000 - 0x00007ff87191f000 	C:\WINDOWS\system32\kernel.appcore.dll
0x00007ff871970000 - 0x00007ff871a25000 	C:\WINDOWS\system32\shcore.dll
0x00007ff871920000 - 0x00007ff87196b000 	C:\WINDOWS\system32\powrprof.dll
0x00007ff8718f0000 - 0x00007ff871904000 	C:\WINDOWS\system32\profapi.dll
0x0000000057b10000 - 0x0000000057b2a000 	C:\Program Files\Java\jdk1.8.0_25\jre\bin\net.dll
0x00007ff8711b0000 - 0x00007ff87120c000 	C:\WINDOWS\system32\mswsock.dll
0x00007ff86ffb0000 - 0x00007ff86ffe8000 	C:\WINDOWS\SYSTEM32\IPHLPAPI.DLL
0x00007ff874370000 - 0x00007ff874378000 	C:\WINDOWS\system32\NSI.dll
0x00007ff86d360000 - 0x00007ff86d376000 	C:\WINDOWS\SYSTEM32\dhcpcsvc6.DLL
0x00007ff86d340000 - 0x00007ff86d35a000 	C:\WINDOWS\SYSTEM32\dhcpcsvc.DLL

VM Arguments:
jvm_args: -Djava.awt.headless=true -Xmx1024M -Dfile.encoding=windows-1252 -Duser.country=FR -Duser.language=fr -Duser.variant 
java_command: com.android.dx.command.Main --dex --num-threads=4 --output C:\Users\Famille\AndroidStudioProjects\Niviel\app\build\intermediates\pre-dexed\debug\com.android.support-design-24.1.0_cbb371e271079623552e601db4267a4c57141511.jar C:\Users\Famille\AndroidStudioProjects\Niviel\app\build\intermediates\exploded-aar\com.android.support\design\24.1.0\jars\classes.jar
java_class_path (initial): C:\Users\Famille\AppData\Local\Android\sdk\build-tools\23.0.2\lib\dx.jar
Launcher Type: SUN_STANDARD

Environment Variables:
JAVA_HOME=C:\Program Files\Java\jdk1.8.0_25
PATH=C:\Program Files\Broadcom\Broadcom 802.11 Network Adapter;;C:\Program Files\Broadcom\Broadcom 802.11;C:\ProgramData\Oracle\Java\javapath;C:\Program Files (x86)\Intel\iCLS Client\;C:\Program Files\Intel\iCLS Client\;C:\Windows\system32;C:\Windows;C:\Windows\System32\Wbem;C:\Windows\System32\WindowsPowerShell\v1.0\;C:\Program Files\Hewlett-Packard\SimplePass\;C:\wamp\bin\php\php5.5.12;C:\Python27;C:\Users\Famille\AppData\Roaming\npm\;C:\Program Files\nodejs\;C:\Program Files\Git\cmd;C:\Program Files (x86)\Brackets\command;C:\Program Files (x86)\Ant\bin;C:\Program Files (x86)\Maven\bin;C:\Program Files (x86)\Intel\Intel(R) Management Engine Components\DAL;C:\Program Files\Intel\Intel(R) Management Engine Components\DAL;C:\Program Files (x86)\Intel\Intel(R) Management Engine Components\IPT;C:\Program Files\Intel\Intel(R) Management Engine Components\IPT;C:\Users\Famille\AppData\Local\atom\bin;C:\Users\Famille\AppData\Roaming\npm
USERNAME=de Lachaux
OS=Windows_NT
PROCESSOR_IDENTIFIER=Intel64 Family 6 Model 69 Stepping 1, GenuineIntel



---------------  S Y S T E M  ---------------

OS: Windows 8.1 , 64 bit Build 9600 

CPU:total 4 (2 cores per cpu, 2 threads per core) family 6 model 69 stepping 1, cmov, cx8, fxsr, mmx, sse, sse2, sse3, ssse3, sse4.1, sse4.2, popcnt, avx, avx2, aes, clmul, erms, lzcnt, ht, tsc, tscinvbit, bmi1, bmi2

Memory: 4k page, physical 4122776k(249284k free), swap 5555352k(4600k free)

vm_info: Java HotSpot(TM) 64-Bit Server VM (25.25-b02) for windows-amd64 JRE (1.8.0_25-b18), built on Oct  7 2014 14:25:37 by "java_re" with MS VC++ 10.0 (VS2010)

time: Tue Jul 19 15:55:58 2016
elapsed time: 13 seconds (0d 0h 0m 13s)

