#
# There is insufficient memory for the Java Runtime Environment to continue.
# Native memory allocation (malloc) failed to allocate 8388624 bytes for Chunk::new
# Possible reasons:
#   The system is out of physical RAM or swap space
#   In 32 bit mode, the process size limit was hit
# Possible solutions:
#   Reduce memory load on the system
#   Increase physical memory or swap space
#   Check if swap backing store is full
#   Use 64 bit Java on a 64 bit OS
#   Decrease Java heap size (-Xmx/-Xms)
#   Decrease number of Java threads
#   Decrease Java thread stack sizes (-Xss)
#   Set larger code cache with -XX:ReservedCodeCacheSize=
# This output file may be truncated or incomplete.
#
#  Out of Memory Error (allocation.cpp:390), pid=42372, tid=42208
#
# JRE version: Java(TM) SE Runtime Environment (8.0_25-b18) (build 1.8.0_25-b18)
# Java VM: Java HotSpot(TM) 64-Bit Server VM (25.25-b02 mixed mode windows-amd64 compressed oops)
# Failed to write core dump. Minidumps are not enabled by default on client versions of Windows
#

---------------  T H R E A D  ---------------

Current thread (0x00000000153af000):  JavaThread "C2 CompilerThread1" daemon [_thread_in_native, id=42208, stack(0x00000000169c0000,0x0000000016ac0000)]

Stack: [0x00000000169c0000,0x0000000016ac0000]
Native frames: (J=compiled Java code, j=interpreted, Vv=VM code, C=native code)
V  [jvm.dll+0x31667a]
V  [jvm.dll+0x267073]
V  [jvm.dll+0x267cb3]
V  [jvm.dll+0x25f5b5]
V  [jvm.dll+0xbf165]
V  [jvm.dll+0xbf60c]
V  [jvm.dll+0x40c68]
V  [jvm.dll+0x45f0b0]
V  [jvm.dll+0x45f36a]
V  [jvm.dll+0x46024f]
V  [jvm.dll+0x462311]
V  [jvm.dll+0x464745]
V  [jvm.dll+0x4650cc]
V  [jvm.dll+0x465413]
V  [jvm.dll+0x4522c3]
V  [jvm.dll+0x453864]
V  [jvm.dll+0x437372]
V  [jvm.dll+0x98a02]
V  [jvm.dll+0x991f3]
V  [jvm.dll+0x22bde4]
V  [jvm.dll+0x2852fa]
C  [msvcr100.dll+0x21d9f]
C  [msvcr100.dll+0x21e3b]
C  [KERNEL32.DLL+0x18102]
C  [ntdll.dll+0x5c5b4]


Current CompileTask:
C2:  11189 1855   !   4       com.android.dx.cf.code.Ropper::processBlock (1101 bytes)


---------------  P R O C E S S  ---------------

Java Threads: ( => current thread )
  0x00000000170c6000 JavaThread "pool-1-thread-1" [_thread_in_vm, id=42736, stack(0x0000000019fc0000,0x000000001a0c0000)]
  0x00000000153bb000 JavaThread "Service Thread" daemon [_thread_blocked, id=42092, stack(0x0000000016bc0000,0x0000000016cc0000)]
  0x00000000153b3800 JavaThread "C1 CompilerThread2" daemon [_thread_blocked, id=42496, stack(0x0000000016ac0000,0x0000000016bc0000)]
=>0x00000000153af000 JavaThread "C2 CompilerThread1" daemon [_thread_in_native, id=42208, stack(0x00000000169c0000,0x0000000016ac0000)]
  0x000000001535c000 JavaThread "C2 CompilerThread0" daemon [_thread_in_native, id=42176, stack(0x00000000168c0000,0x00000000169c0000)]
  0x000000001535a800 JavaThread "Attach Listener" daemon [_thread_blocked, id=42172, stack(0x00000000167c0000,0x00000000168c0000)]
  0x0000000015359800 JavaThread "Signal Dispatcher" daemon [_thread_blocked, id=42168, stack(0x00000000166c0000,0x00000000167c0000)]
  0x0000000002c80800 JavaThread "Finalizer" daemon [_thread_blocked, id=42180, stack(0x00000000165c0000,0x00000000166c0000)]
  0x0000000002c7d000 JavaThread "Reference Handler" daemon [_thread_blocked, id=42192, stack(0x00000000164c0000,0x00000000165c0000)]
  0x0000000002a0e000 JavaThread "main" [_thread_blocked, id=42060, stack(0x0000000002a90000,0x0000000002b90000)]

Other Threads:
  0x0000000015326800 VMThread [stack: 0x00000000163c0000,0x00000000164c0000] [id=42440]
  0x00000000153bd000 WatcherThread [stack: 0x0000000016cc0000,0x0000000016dc0000] [id=42068]

VM state:not at safepoint (normal execution)

VM Mutex/Monitor currently owned by a thread: None

Heap:
 PSYoungGen      total 139776K, used 125083K [0x00000000eab00000, 0x00000000f4e00000, 0x0000000100000000)
  eden space 124928K, 88% used [0x00000000eab00000,0x00000000f16a7850,0x00000000f2500000)
  from space 14848K, 99% used [0x00000000f3780000,0x00000000f45ff4d8,0x00000000f4600000)
  to   space 18944K, 0% used [0x00000000f2500000,0x00000000f2500000,0x00000000f3780000)
 ParOldGen       total 44032K, used 25204K [0x00000000c0000000, 0x00000000c2b00000, 0x00000000eab00000)
  object space 44032K, 57% used [0x00000000c0000000,0x00000000c189d1f0,0x00000000c2b00000)
 Metaspace       used 6931K, capacity 7736K, committed 7936K, reserved 1056768K
  class space    used 635K, capacity 688K, committed 768K, reserved 1048576K

Card table byte_map: [0x0000000012050000,0x0000000012260000] byte_map_base: 0x0000000011a50000

Marking Bits: (ParMarkBitMap*) 0x000000006000d490
 Begin Bits: [0x00000000127c0000, 0x00000000137c0000)
 End Bits:   [0x00000000137c0000, 0x00000000147c0000)

Polling page: 0x0000000001190000

CodeCache: size=245760Kb used=10227Kb max_used=10235Kb free=235532Kb
 bounds [0x0000000002c90000, 0x00000000036a0000, 0x0000000011c90000]
 total_blobs=2815 nmethods=2549 adapters=179
 compilation: enabled

Compilation events (10 events):
Event: 8.805 Thread 0x00000000153b3800 2057       2       com.android.dx.rop.code.Rops::opAdd (29 bytes)
Event: 8.805 Thread 0x00000000153b3800 nmethod 2057 0x00000000034499d0 code [0x0000000003449b40, 0x0000000003449ce8]
Event: 9.286 Thread 0x000000001535c000 nmethod 2047% 0x00000000034b8190 code [0x00000000034b8680, 0x00000000034bd028]
Event: 9.286 Thread 0x000000001535c000 2046 %     4       com.android.dx.ssa.Dominators::run @ 403 (506 bytes)
Event: 9.296 Thread 0x000000001535c000 nmethod 2046% 0x00000000034685d0 code [0x0000000003468740, 0x0000000003468b78]
Event: 9.296 Thread 0x000000001535c000 2027 %     4       com.android.dx.ssa.SCCP::run @ 93 (298 bytes)
Event: 9.593 Thread 0x00000000153b3800 2058       2       java.util.concurrent.FutureTask::report (37 bytes)
Event: 9.593 Thread 0x00000000153b3800 nmethod 2058 0x0000000003449450 code [0x00000000034495c0, 0x0000000003449858]
Event: 9.593 Thread 0x00000000153b3800 2059       2       java.util.concurrent.FutureTask::get (23 bytes)
Event: 9.593 Thread 0x00000000153b3800 nmethod 2059 0x0000000003449050 code [0x00000000034491c0, 0x0000000003449378]

GC Heap History (10 events):
Event: 3.801 GC heap before
{Heap before GC invocations=4 (full 0):
 PSYoungGen      total 18944K, used 18937K [0x00000000eab00000, 0x00000000ed000000, 0x0000000100000000)
  eden space 16384K, 100% used [0x00000000eab00000,0x00000000ebb00000,0x00000000ebb00000)
  from space 2560K, 99% used [0x00000000ebb00000,0x00000000ebd7e610,0x00000000ebd80000)
  to   space 2560K, 0% used [0x00000000ecd80000,0x00000000ecd80000,0x00000000ed000000)
 ParOldGen       total 44032K, used 5279K [0x00000000c0000000, 0x00000000c2b00000, 0x00000000eab00000)
  object space 44032K, 11% used [0x00000000c0000000,0x00000000c0527cb8,0x00000000c2b00000)
 Metaspace       used 6136K, capacity 7088K, committed 7296K, reserved 1056768K
  class space    used 593K, capacity 616K, committed 640K, reserved 1048576K
Event: 3.820 GC heap after
Heap after GC invocations=4 (full 0):
 PSYoungGen      total 35328K, used 2539K [0x00000000eab00000, 0x00000000ed000000, 0x0000000100000000)
  eden space 32768K, 0% used [0x00000000eab00000,0x00000000eab00000,0x00000000ecb00000)
  from space 2560K, 99% used [0x00000000ecd80000,0x00000000ecffaf58,0x00000000ed000000)
  to   space 2560K, 0% used [0x00000000ecb00000,0x00000000ecb00000,0x00000000ecd80000)
 ParOldGen       total 44032K, used 7871K [0x00000000c0000000, 0x00000000c2b00000, 0x00000000eab00000)
  object space 44032K, 17% used [0x00000000c0000000,0x00000000c07aff18,0x00000000c2b00000)
 Metaspace       used 6136K, capacity 7088K, committed 7296K, reserved 1056768K
  class space    used 593K, capacity 616K, committed 640K, reserved 1048576K
}
Event: 4.342 GC heap before
{Heap before GC invocations=5 (full 0):
 PSYoungGen      total 35328K, used 35307K [0x00000000eab00000, 0x00000000ed000000, 0x0000000100000000)
  eden space 32768K, 100% used [0x00000000eab00000,0x00000000ecb00000,0x00000000ecb00000)
  from space 2560K, 99% used [0x00000000ecd80000,0x00000000ecffaf58,0x00000000ed000000)
  to   space 2560K, 0% used [0x00000000ecb00000,0x00000000ecb00000,0x00000000ecd80000)
 ParOldGen       total 44032K, used 7871K [0x00000000c0000000, 0x00000000c2b00000, 0x00000000eab00000)
  object space 44032K, 17% used [0x00000000c0000000,0x00000000c07aff18,0x00000000c2b00000)
 Metaspace       used 6204K, capacity 7152K, committed 7296K, reserved 1056768K
  class space    used 593K, capacity 616K, committed 640K, reserved 1048576K
Event: 4.469 GC heap after
Heap after GC invocations=5 (full 0):
 PSYoungGen      total 35328K, used 2538K [0x00000000eab00000, 0x00000000efb00000, 0x0000000100000000)
  eden space 32768K, 0% used [0x00000000eab00000,0x00000000eab00000,0x00000000ecb00000)
  from space 2560K, 99% used [0x00000000ecb00000,0x00000000ecd7a950,0x00000000ecd80000)
  to   space 8192K, 0% used [0x00000000ef300000,0x00000000ef300000,0x00000000efb00000)
 ParOldGen       total 44032K, used 12981K [0x00000000c0000000, 0x00000000c2b00000, 0x00000000eab00000)
  object space 44032K, 29% used [0x00000000c0000000,0x00000000c0cad5e8,0x00000000c2b00000)
 Metaspace       used 6204K, capacity 7152K, committed 7296K, reserved 1056768K
  class space    used 593K, capacity 616K, committed 640K, reserved 1048576K
}
Event: 4.722 GC heap before
{Heap before GC invocations=6 (full 0):
 PSYoungGen      total 35328K, used 35306K [0x00000000eab00000, 0x00000000efb00000, 0x0000000100000000)
  eden space 32768K, 100% used [0x00000000eab00000,0x00000000ecb00000,0x00000000ecb00000)
  from space 2560K, 99% used [0x00000000ecb00000,0x00000000ecd7a950,0x00000000ecd80000)
  to   space 8192K, 0% used [0x00000000ef300000,0x00000000ef300000,0x00000000efb00000)
 ParOldGen       total 44032K, used 12981K [0x00000000c0000000, 0x00000000c2b00000, 0x00000000eab00000)
  object space 44032K, 29% used [0x00000000c0000000,0x00000000c0cad5e8,0x00000000c2b00000)
 Metaspace       used 6231K, capacity 7152K, committed 7296K, reserved 1056768K
  class space    used 593K, capacity 616K, committed 640K, reserved 1048576K
Event: 4.746 GC heap after
Heap after GC invocations=6 (full 0):
 PSYoungGen      total 72704K, used 7985K [0x00000000eab00000, 0x00000000efd00000, 0x0000000100000000)
  eden space 64512K, 0% used [0x00000000eab00000,0x00000000eab00000,0x00000000eea00000)
  from space 8192K, 97% used [0x00000000ef300000,0x00000000efacc428,0x00000000efb00000)
  to   space 9216K, 0% used [0x00000000eea00000,0x00000000eea00000,0x00000000ef300000)
 ParOldGen       total 44032K, used 12981K [0x00000000c0000000, 0x00000000c2b00000, 0x00000000eab00000)
  object space 44032K, 29% used [0x00000000c0000000,0x00000000c0cad5e8,0x00000000c2b00000)
 Metaspace       used 6231K, capacity 7152K, committed 7296K, reserved 1056768K
  class space    used 593K, capacity 616K, committed 640K, reserved 1048576K
}
Event: 5.449 GC heap before
{Heap before GC invocations=7 (full 0):
 PSYoungGen      total 72704K, used 72497K [0x00000000eab00000, 0x00000000efd00000, 0x0000000100000000)
  eden space 64512K, 100% used [0x00000000eab00000,0x00000000eea00000,0x00000000eea00000)
  from space 8192K, 97% used [0x00000000ef300000,0x00000000efacc428,0x00000000efb00000)
  to   space 9216K, 0% used [0x00000000eea00000,0x00000000eea00000,0x00000000ef300000)
 ParOldGen       total 44032K, used 12981K [0x00000000c0000000, 0x00000000c2b00000, 0x00000000eab00000)
  object space 44032K, 29% used [0x00000000c0000000,0x00000000c0cad5e8,0x00000000c2b00000)
 Metaspace       used 6350K, capacity 7192K, committed 7424K, reserved 1056768K
  class space    used 613K, capacity 656K, committed 768K, reserved 1048576K
Event: 5.490 GC heap after
Heap after GC invocations=7 (full 0):
 PSYoungGen      total 73728K, used 9208K [0x00000000eab00000, 0x00000000f4600000, 0x0000000100000000)
  eden space 64512K, 0% used [0x00000000eab00000,0x00000000eab00000,0x00000000eea00000)
  from space 9216K, 99% used [0x00000000eea00000,0x00000000ef2fe0b0,0x00000000ef300000)
  to   space 14848K, 0% used [0x00000000f3780000,0x00000000f3780000,0x00000000f4600000)
 ParOldGen       total 44032K, used 20652K [0x00000000c0000000, 0x00000000c2b00000, 0x00000000eab00000)
  object space 44032K, 46% used [0x00000000c0000000,0x00000000c142b328,0x00000000c2b00000)
 Metaspace       used 6350K, capacity 7192K, committed 7424K, reserved 1056768K
  class space    used 613K, capacity 656K, committed 768K, reserved 1048576K
}
Event: 5.905 GC heap before
{Heap before GC invocations=8 (full 0):
 PSYoungGen      total 73728K, used 73720K [0x00000000eab00000, 0x00000000f4600000, 0x0000000100000000)
  eden space 64512K, 100% used [0x00000000eab00000,0x00000000eea00000,0x00000000eea00000)
  from space 9216K, 99% used [0x00000000eea00000,0x00000000ef2fe0b0,0x00000000ef300000)
  to   space 14848K, 0% used [0x00000000f3780000,0x00000000f3780000,0x00000000f4600000)
 ParOldGen       total 44032K, used 20652K [0x00000000c0000000, 0x00000000c2b00000, 0x00000000eab00000)
  object space 44032K, 46% used [0x00000000c0000000,0x00000000c142b328,0x00000000c2b00000)
 Metaspace       used 6418K, capacity 7256K, committed 7424K, reserved 1056768K
  class space    used 613K, capacity 656K, committed 768K, reserved 1048576K
Event: 5.969 GC heap after
Heap after GC invocations=8 (full 0):
 PSYoungGen      total 139776K, used 14845K [0x00000000eab00000, 0x00000000f4e00000, 0x0000000100000000)
  eden space 124928K, 0% used [0x00000000eab00000,0x00000000eab00000,0x00000000f2500000)
  from space 14848K, 99% used [0x00000000f3780000,0x00000000f45ff4d8,0x00000000f4600000)
  to   space 18944K, 0% used [0x00000000f2500000,0x00000000f2500000,0x00000000f3780000)
 ParOldGen       total 44032K, used 25204K [0x00000000c0000000, 0x00000000c2b00000, 0x00000000eab00000)
  object space 44032K, 57% used [0x00000000c0000000,0x00000000c189d1f0,0x00000000c2b00000)
 Metaspace       used 6418K, capacity 7256K, committed 7424K, reserved 1056768K
  class space    used 613K, capacity 656K, committed 768K, reserved 1048576K
}

Deoptimization events (10 events):
Event: 5.364 Thread 0x00000000170dc800 Uncommon trap: reason=bimorphic action=maybe_recompile pc=0x00000000031167f4 method=java.util.HashMap.putVal(ILjava/lang/Object;Ljava/lang/Object;ZZ)Ljava/lang/Object; @ 203
Event: 5.364 Thread 0x00000000170dc800 Uncommon trap: reason=bimorphic action=maybe_recompile pc=0x00000000031167f4 method=java.util.HashMap.putVal(ILjava/lang/Object;Ljava/lang/Object;ZZ)Ljava/lang/Object; @ 203
Event: 5.379 Thread 0x00000000170dc800 Uncommon trap: reason=unreached action=reinterpret pc=0x000000000315caf8 method=java.util.HashMap.getNode(ILjava/lang/Object;)Ljava/util/HashMap$Node; @ 84
Event: 5.379 Thread 0x00000000170dc800 Uncommon trap: reason=unreached action=reinterpret pc=0x0000000003363ba4 method=java.util.HashMap.getNode(ILjava/lang/Object;)Ljava/util/HashMap$Node; @ 84
Event: 5.380 Thread 0x00000000170dc800 Uncommon trap: reason=unreached action=reinterpret pc=0x0000000003367c1c method=java.util.HashMap.getNode(ILjava/lang/Object;)Ljava/util/HashMap$Node; @ 84
Event: 5.417 Thread 0x00000000170db000 Uncommon trap: reason=bimorphic action=maybe_recompile pc=0x00000000032b253c method=com.android.dx.ssa.LiteralOpUpgrader.tryReplacingWithConstant(Lcom/android/dx/ssa/NormalSsaInsn;)Z @ 62
Event: 5.576 Thread 0x0000000002a0e000 Uncommon trap: reason=bimorphic action=maybe_recompile pc=0x00000000032b253c method=com.android.dx.ssa.LiteralOpUpgrader.tryReplacingWithConstant(Lcom/android/dx/ssa/NormalSsaInsn;)Z @ 62
Event: 5.615 Thread 0x00000000170dc800 Uncommon trap: reason=unreached action=reinterpret pc=0x000000000311679c method=java.util.HashMap.putVal(ILjava/lang/Object;Ljava/lang/Object;ZZ)Ljava/lang/Object; @ 109
Event: 5.644 Thread 0x00000000170dc800 Uncommon trap: reason=unreached action=reinterpret pc=0x00000000032ea094 method=com.android.dx.ssa.MoveParamCombiner$1.visitNonMoveInsn(Lcom/android/dx/ssa/NormalSsaInsn;)V @ 27
Event: 5.745 Thread 0x00000000170db000 Uncommon trap: reason=unreached action=reinterpret pc=0x000000000336cad0 method=java.util.HashMap.resize()[Ljava/util/HashMap$Node; @ 206

Internal exceptions (10 events):
Event: 2.604 Thread 0x00000000170c5000 Exception <a 'java/security/PrivilegedActionException'> (0x00000000eafb2b88) thrown at [D:\re\workspace\8-2-build-windows-amd64-cygwin\jdk8u25\1677\hotspot\src\share\vm\prims\jvm.cpp, line 1312]
Event: 2.785 Thread 0x0000000002a0e000 Exception <a 'java/security/PrivilegedActionException'> (0x00000000eb18f9f0) thrown at [D:\re\workspace\8-2-build-windows-amd64-cygwin\jdk8u25\1677\hotspot\src\share\vm\prims\jvm.cpp, line 1312]
Event: 2.786 Thread 0x0000000002a0e000 Exception <a 'java/security/PrivilegedActionException'> (0x00000000eb273608) thrown at [D:\re\workspace\8-2-build-windows-amd64-cygwin\jdk8u25\1677\hotspot\src\share\vm\prims\jvm.cpp, line 1312]
Event: 2.957 Thread 0x00000000170db000 Exception <a 'java/security/PrivilegedActionException'> (0x00000000eb4c59f0) thrown at [D:\re\workspace\8-2-build-windows-amd64-cygwin\jdk8u25\1677\hotspot\src\share\vm\prims\jvm.cpp, line 1312]
Event: 3.481 Thread 0x0000000002a0e000 Exception <a 'java/security/PrivilegedActionException'> (0x00000000eb985318) thrown at [D:\re\workspace\8-2-build-windows-amd64-cygwin\jdk8u25\1677\hotspot\src\share\vm\prims\jvm.cpp, line 1312]
Event: 4.611 Thread 0x00000000170db000 Exception <a 'java/security/PrivilegedActionException'> (0x00000000ebba25a0) thrown at [D:\re\workspace\8-2-build-windows-amd64-cygwin\jdk8u25\1677\hotspot\src\share\vm\prims\jvm.cpp, line 1312]
Event: 5.370 Thread 0x00000000170dc800 Exception <a 'java/lang/ArrayIndexOutOfBoundsException': 18> (0x00000000edf1be80) thrown at [D:\re\workspace\8-2-build-windows-amd64-cygwin\jdk8u25\1677\hotspot\src\share\vm\interpreter\interpreterRuntime.cpp, line 366]
Event: 5.370 Thread 0x00000000170dc800 Exception <a 'java/lang/ArrayIndexOutOfBoundsException': 145> (0x00000000edf1d918) thrown at [D:\re\workspace\8-2-build-windows-amd64-cygwin\jdk8u25\1677\hotspot\src\share\vm\interpreter\interpreterRuntime.cpp, line 366]
Event: 5.371 Thread 0x00000000170dc800 Exception <a 'java/lang/ArrayIndexOutOfBoundsException'> (0x00000000edf1eb30) thrown at [D:\re\workspace\8-2-build-windows-amd64-cygwin\jdk8u25\1677\hotspot\src\share\vm\runtime\sharedRuntime.cpp, line 604]
Event: 9.593 Thread 0x0000000002a0e000 Exception <a 'java/security/PrivilegedActionException'> (0x00000000ef1e9358) thrown at [D:\re\workspace\8-2-build-windows-amd64-cygwin\jdk8u25\1677\hotspot\src\share\vm\prims\jvm.cpp, line 1312]

Events (10 events):
Event: 6.646 Thread 0x00000000170db000 Thread exited: 0x00000000170db000
Event: 6.646 Thread 0x00000000170dc800 Thread exited: 0x00000000170dc800
Event: 6.646 Thread 0x00000000170dc000 Thread exited: 0x00000000170dc000
Event: 8.802 Thread 0x00000000170c5000 DEOPT PACKING pc=0x00000000030dea01 sp=0x0000000017abe7c0
Event: 8.802 Thread 0x00000000170c5000 DEOPT UNPACKING pc=0x0000000002cd75bf sp=0x0000000017abe5f0 mode 0
Event: 9.593 Thread 0x00000000170c6000 Thread exited: 0x00000000170c6000
Event: 9.593 loading class com/android/dx/command/dexer/Main$DexWriter
Event: 9.593 loading class com/android/dx/command/dexer/Main$DexWriter done
Event: 9.594 Thread 0x00000000170c6000 Thread added: 0x00000000170c6000
Event: 9.594 Thread 0x00000000170c5000 Thread exited: 0x00000000170c5000


Dynamic libraries:
0x00007ff711a30000 - 0x00007ff711a64000 	C:\Program Files\Java\jdk1.8.0_25\bin\java.exe
0x00007ffce6240000 - 0x00007ffce6401000 	C:\WINDOWS\SYSTEM32\ntdll.dll
0x00007ffce5b30000 - 0x00007ffce5bdd000 	C:\WINDOWS\system32\KERNEL32.DLL
0x00007ffce28f0000 - 0x00007ffce2ad8000 	C:\WINDOWS\system32\KERNELBASE.dll
0x00007ffce43b0000 - 0x00007ffce4457000 	C:\WINDOWS\system32\ADVAPI32.dll
0x00007ffce5d70000 - 0x00007ffce5e0d000 	C:\WINDOWS\system32\msvcrt.dll
0x00007ffce3980000 - 0x00007ffce39db000 	C:\WINDOWS\system32\sechost.dll
0x00007ffce3800000 - 0x00007ffce391c000 	C:\WINDOWS\system32\RPCRT4.dll
0x00007ffce36a0000 - 0x00007ffce37f6000 	C:\WINDOWS\system32\USER32.dll
0x00007ffce5be0000 - 0x00007ffce5d66000 	C:\WINDOWS\system32\GDI32.dll
0x00007ffcdaa90000 - 0x00007ffcdad04000 	C:\WINDOWS\WinSxS\amd64_microsoft.windows.common-controls_6595b64144ccf1df_6.0.10586.494_none_a2d8b04ea53e3145\COMCTL32.dll
0x00007ffce4020000 - 0x00007ffce429d000 	C:\WINDOWS\system32\combase.dll
0x00007ffce2f80000 - 0x00007ffce2fea000 	C:\WINDOWS\system32\bcryptPrimitives.dll
0x00007ffce3650000 - 0x00007ffce368b000 	C:\WINDOWS\system32\IMM32.DLL
0x000000005f370000 - 0x000000005f442000 	C:\Program Files\Java\jdk1.8.0_25\jre\bin\msvcr100.dll
0x000000005f830000 - 0x000000006008a000 	C:\Program Files\Java\jdk1.8.0_25\jre\bin\server\jvm.dll
0x00007ffce4460000 - 0x00007ffce4468000 	C:\WINDOWS\system32\PSAPI.DLL
0x00007ffccd6a0000 - 0x00007ffccd6a9000 	C:\WINDOWS\SYSTEM32\WSOCK32.dll
0x00007ffce4470000 - 0x00007ffce44db000 	C:\WINDOWS\system32\WS2_32.dll
0x00007ffce0560000 - 0x00007ffce0583000 	C:\WINDOWS\SYSTEM32\WINMM.dll
0x00007ffce01a0000 - 0x00007ffce01cc000 	C:\WINDOWS\SYSTEM32\WINMMBASE.dll
0x00007ffce2ae0000 - 0x00007ffce2b23000 	C:\WINDOWS\system32\cfgmgr32.dll
0x000000005f820000 - 0x000000005f82f000 	C:\Program Files\Java\jdk1.8.0_25\jre\bin\verify.dll
0x000000005f7f0000 - 0x000000005f818000 	C:\Program Files\Java\jdk1.8.0_25\jre\bin\java.dll
0x000000005f7d0000 - 0x000000005f7e6000 	C:\Program Files\Java\jdk1.8.0_25\jre\bin\zip.dll
0x00007ffce45b0000 - 0x00007ffce5b0c000 	C:\WINDOWS\system32\SHELL32.dll
0x00007ffce2ff0000 - 0x00007ffce3635000 	C:\WINDOWS\system32\windows.storage.dll
0x00007ffce39e0000 - 0x00007ffce3a32000 	C:\WINDOWS\system32\shlwapi.dll
0x00007ffce2890000 - 0x00007ffce289f000 	C:\WINDOWS\system32\kernel.appcore.dll
0x00007ffce2ec0000 - 0x00007ffce2f75000 	C:\WINDOWS\system32\shcore.dll
0x00007ffce28a0000 - 0x00007ffce28eb000 	C:\WINDOWS\system32\powrprof.dll
0x00007ffce2870000 - 0x00007ffce2884000 	C:\WINDOWS\system32\profapi.dll
0x00007ffcc9e10000 - 0x00007ffcc9f9c000 	C:\WINDOWS\SYSTEM32\dbghelp.dll

VM Arguments:
jvm_args: -Djava.awt.headless=true -Xmx1024M -Dfile.encoding=windows-1252 -Duser.country=FR -Duser.language=fr -Duser.variant 
java_command: com.android.dx.command.Main --dex --force-jumbo --num-threads=4 --multi-dex --output C:\Users\Famille\AndroidStudioProjects\Niviel\app\build\intermediates\transforms\dex\debug\folders\1000\10\com.android.support-appcompat-v7-24.2.0_a90505fa36c560e57855edbc9a661c2fe1e4b7ac C:\Users\Famille\AndroidStudioProjects\Niviel\app\build\intermediates\exploded-aar\com.android.support\appcompat-v7\24.2.0\jars\classes.jar
java_class_path (initial): C:\Users\Famille\AppData\Local\Android\sdk\build-tools\23.0.2\lib\dx.jar
Launcher Type: SUN_STANDARD

Environment Variables:
JAVA_HOME=C:\Program Files\Java\jdk1.8.0_25
PATH=C:\Program Files\Broadcom\Broadcom 802.11 Network Adapter;;C:\Program Files\Broadcom\Broadcom 802.11;C:\ProgramData\Oracle\Java\javapath;C:\Program Files (x86)\Intel\iCLS Client\;C:\Program Files\Intel\iCLS Client\;C:\Windows\system32;C:\Windows;C:\Windows\System32\Wbem;C:\Windows\System32\WindowsPowerShell\v1.0\;C:\Program Files\Hewlett-Packard\SimplePass\;C:\wamp\bin\php\php5.5.12;C:\Python27;C:\Users\Famille\AppData\Roaming\npm\;C:\Program Files\nodejs\;C:\Program Files\Git\cmd;C:\Program Files (x86)\Brackets\command;C:\Program Files (x86)\Ant\bin;C:\Program Files (x86)\Maven\bin;C:\Program Files (x86)\Intel\Intel(R) Management Engine Components\DAL;C:\Program Files\Intel\Intel(R) Management Engine Components\DAL;C:\Program Files (x86)\Intel\Intel(R) Management Engine Components\IPT;C:\Program Files\Intel\Intel(R) Management Engine Components\IPT;C:\Users\Famille\AppData\Local\atom\bin;C:\Users\Famille\AppData\Roaming\npm
USERNAME=de Lachaux
OS=Windows_NT
PROCESSOR_IDENTIFIER=Intel64 Family 6 Model 69 Stepping 1, GenuineIntel



---------------  S Y S T E M  ---------------

OS: Windows 8.1 , 64 bit Build 9600 

CPU:total 4 (2 cores per cpu, 2 threads per core) family 6 model 69 stepping 1, cmov, cx8, fxsr, mmx, sse, sse2, sse3, ssse3, sse4.1, sse4.2, popcnt, avx, avx2, aes, clmul, erms, lzcnt, ht, tsc, tscinvbit, bmi1, bmi2

Memory: 4k page, physical 4122776k(264612k free), swap 5555352k(44884k free)

vm_info: Java HotSpot(TM) 64-Bit Server VM (25.25-b02) for windows-amd64 JRE (1.8.0_25-b18), built on Oct  7 2014 14:25:37 by "java_re" with MS VC++ 10.0 (VS2010)

time: Thu Sep 01 11:24:47 2016
elapsed time: 11 seconds (0d 0h 0m 11s)

