#
# There is insufficient memory for the Java Runtime Environment to continue.
# Native memory allocation (malloc) failed to allocate 210416 bytes for Chunk::new
# Possible reasons:
#   The system is out of physical RAM or swap space
#   In 32 bit mode, the process size limit was hit
# Possible solutions:
#   Reduce memory load on the system
#   Increase physical memory or swap space
#   Check if swap backing store is full
#   Use 64 bit Java on a 64 bit OS
#   Decrease Java heap size (-Xmx/-Xms)
#   Decrease number of Java threads
#   Decrease Java thread stack sizes (-Xss)
#   Set larger code cache with -XX:ReservedCodeCacheSize=
# This output file may be truncated or incomplete.
#
#  Out of Memory Error (allocation.cpp:390), pid=64152, tid=63188
#
# JRE version: Java(TM) SE Runtime Environment (8.0_25-b18) (build 1.8.0_25-b18)
# Java VM: Java HotSpot(TM) 64-Bit Server VM (25.25-b02 mixed mode windows-amd64 compressed oops)
# Failed to write core dump. Minidumps are not enabled by default on client versions of Windows
#

---------------  T H R E A D  ---------------

Current thread (0x00000000152ec000):  JavaThread "C2 CompilerThread0" daemon [_thread_in_native, id=63188, stack(0x0000000016840000,0x0000000016940000)]

Stack: [0x0000000016840000,0x0000000016940000]
Native frames: (J=compiled Java code, j=interpreted, Vv=VM code, C=native code)
V  [jvm.dll+0x31667a]
V  [jvm.dll+0x267073]
V  [jvm.dll+0x267cb3]
V  [jvm.dll+0x25f5b5]
V  [jvm.dll+0xbf165]
V  [jvm.dll+0xbf60c]
V  [jvm.dll+0x45d672]
V  [jvm.dll+0x49e8ef]
V  [jvm.dll+0x452275]
V  [jvm.dll+0x453864]
V  [jvm.dll+0x437372]
V  [jvm.dll+0x98a02]
V  [jvm.dll+0x991f3]
V  [jvm.dll+0x22bde4]
V  [jvm.dll+0x2852fa]
C  [msvcr100.dll+0x21d9f]
C  [msvcr100.dll+0x21e3b]
C  [KERNEL32.DLL+0x18102]
C  [ntdll.dll+0x5c5b4]


Current CompileTask:
C2:    415  157       4       java.util.regex.Pattern::compile (406 bytes)


---------------  P R O C E S S  ---------------

Java Threads: ( => current thread )
  0x000000001534c000 JavaThread "Service Thread" daemon [_thread_blocked, id=53472, stack(0x0000000016b40000,0x0000000016c40000)]
  0x0000000015339800 JavaThread "C1 CompilerThread2" daemon [_thread_blocked, id=64232, stack(0x0000000016a40000,0x0000000016b40000)]
  0x000000001530c800 JavaThread "C2 CompilerThread1" daemon [_thread_blocked, id=59684, stack(0x0000000016940000,0x0000000016a40000)]
=>0x00000000152ec000 JavaThread "C2 CompilerThread0" daemon [_thread_in_native, id=63188, stack(0x0000000016840000,0x0000000016940000)]
  0x00000000152ea800 JavaThread "Attach Listener" daemon [_thread_blocked, id=58412, stack(0x0000000016740000,0x0000000016840000)]
  0x00000000152e9800 JavaThread "Signal Dispatcher" daemon [_thread_blocked, id=59960, stack(0x0000000016640000,0x0000000016740000)]
  0x0000000002c10800 JavaThread "Finalizer" daemon [_thread_blocked, id=43912, stack(0x0000000016540000,0x0000000016640000)]
  0x0000000002c0d000 JavaThread "Reference Handler" daemon [_thread_blocked, id=56044, stack(0x0000000016440000,0x0000000016540000)]
  0x00000000011de000 JavaThread "main" [_thread_in_Java, id=64468, stack(0x0000000002a20000,0x0000000002b20000)]

Other Threads:
  0x00000000152b6800 VMThread [stack: 0x0000000016340000,0x0000000016440000] [id=58816]
  0x000000001534e800 WatcherThread [stack: 0x0000000016c40000,0x0000000016d40000] [id=43292]

VM state:not at safepoint (normal execution)

VM Mutex/Monitor currently owned by a thread: None

Heap:
 PSYoungGen      total 18944K, used 4920K [0x00000000eab00000, 0x00000000ec000000, 0x0000000100000000)
  eden space 16384K, 30% used [0x00000000eab00000,0x00000000eafce148,0x00000000ebb00000)
  from space 2560K, 0% used [0x00000000ebd80000,0x00000000ebd80000,0x00000000ec000000)
  to   space 2560K, 0% used [0x00000000ebb00000,0x00000000ebb00000,0x00000000ebd80000)
 ParOldGen       total 44032K, used 0K [0x00000000c0000000, 0x00000000c2b00000, 0x00000000eab00000)
  object space 44032K, 0% used [0x00000000c0000000,0x00000000c0000000,0x00000000c2b00000)
 Metaspace       used 3457K, capacity 4720K, committed 4864K, reserved 1056768K
  class space    used 374K, capacity 424K, committed 512K, reserved 1048576K

Card table byte_map: [0x0000000011fe0000,0x00000000121f0000] byte_map_base: 0x00000000119e0000

Marking Bits: (ParMarkBitMap*) 0x0000000069efd490
 Begin Bits: [0x0000000012750000, 0x0000000013750000)
 End Bits:   [0x0000000013750000, 0x0000000014750000)

Polling page: 0x00000000011c0000

CodeCache: size=245760Kb used=1398Kb max_used=1410Kb free=244361Kb
 bounds [0x0000000002c20000, 0x0000000002e90000, 0x0000000011c20000]
 total_blobs=402 nmethods=156 adapters=160
 compilation: enabled

Compilation events (10 events):
Event: 0.373 Thread 0x00000000152ec000 nmethod 147 0x0000000002d78fd0 code [0x0000000002d79120, 0x0000000002d79278]
Event: 0.374 Thread 0x0000000015339800  153       3       java.util.regex.Matcher::find (69 bytes)
Event: 0.374 Thread 0x0000000015339800 nmethod 153 0x0000000002d77c50 code [0x0000000002d77dc0, 0x0000000002d78168]
Event: 0.376 Thread 0x0000000015339800  154       3       com.android.dx.cf.direct.ClassPathOpener::compareClassNames (42 bytes)
Event: 0.376 Thread 0x0000000015339800 nmethod 154 0x0000000002d793d0 code [0x0000000002d79620, 0x0000000002d7a288]
Event: 0.377 Thread 0x00000000152ec000  155       4       java.util.regex.Pattern$BnM::optimize (179 bytes)
Event: 0.384 Thread 0x000000001530c800 nmethod 148 0x0000000002d77450 code [0x0000000002d775a0, 0x0000000002d77a18]
Event: 0.384 Thread 0x000000001530c800  156       4       java.util.regex.Matcher::search (109 bytes)
Event: 0.390 Thread 0x00000000152ec000 nmethod 155 0x0000000002d7fa50 code [0x0000000002d7fbc0, 0x0000000002d802b8]
Event: 0.390 Thread 0x00000000152ec000  157       4       java.util.regex.Pattern::compile (406 bytes)

GC Heap History (0 events):
No events

Deoptimization events (0 events):
No events

Internal exceptions (10 events):
Event: 0.314 Thread 0x00000000011de000 Exception <a 'java/security/PrivilegedActionException'> (0x00000000eacf9c08) thrown at [D:\re\workspace\8-2-build-windows-amd64-cygwin\jdk8u25\1677\hotspot\src\share\vm\prims\jvm.cpp, line 1312]
Event: 0.314 Thread 0x00000000011de000 Exception <a 'java/security/PrivilegedActionException'> (0x00000000eacfbe50) thrown at [D:\re\workspace\8-2-build-windows-amd64-cygwin\jdk8u25\1677\hotspot\src\share\vm\prims\jvm.cpp, line 1312]
Event: 0.315 Thread 0x00000000011de000 Exception <a 'java/security/PrivilegedActionException'> (0x00000000ead00ae0) thrown at [D:\re\workspace\8-2-build-windows-amd64-cygwin\jdk8u25\1677\hotspot\src\share\vm\prims\jvm.cpp, line 1312]
Event: 0.316 Thread 0x00000000011de000 Exception <a 'java/security/PrivilegedActionException'> (0x00000000ead05118) thrown at [D:\re\workspace\8-2-build-windows-amd64-cygwin\jdk8u25\1677\hotspot\src\share\vm\prims\jvm.cpp, line 1312]
Event: 0.317 Thread 0x00000000011de000 Exception <a 'java/security/PrivilegedActionException'> (0x00000000ead09e60) thrown at [D:\re\workspace\8-2-build-windows-amd64-cygwin\jdk8u25\1677\hotspot\src\share\vm\prims\jvm.cpp, line 1312]
Event: 0.317 Thread 0x00000000011de000 Exception <a 'java/security/PrivilegedActionException'> (0x00000000ead0e638) thrown at [D:\re\workspace\8-2-build-windows-amd64-cygwin\jdk8u25\1677\hotspot\src\share\vm\prims\jvm.cpp, line 1312]
Event: 0.320 Thread 0x00000000011de000 Exception <a 'java/security/PrivilegedActionException'> (0x00000000ead15e18) thrown at [D:\re\workspace\8-2-build-windows-amd64-cygwin\jdk8u25\1677\hotspot\src\share\vm\prims\jvm.cpp, line 1312]
Event: 0.321 Thread 0x00000000011de000 Exception <a 'java/security/PrivilegedActionException'> (0x00000000ead1b7f0) thrown at [D:\re\workspace\8-2-build-windows-amd64-cygwin\jdk8u25\1677\hotspot\src\share\vm\prims\jvm.cpp, line 1312]
Event: 0.322 Thread 0x00000000011de000 Exception <a 'java/security/PrivilegedActionException'> (0x00000000ead1db40) thrown at [D:\re\workspace\8-2-build-windows-amd64-cygwin\jdk8u25\1677\hotspot\src\share\vm\prims\jvm.cpp, line 1312]
Event: 0.345 Thread 0x00000000011de000 Exception <a 'java/security/PrivilegedActionException'> (0x00000000ead3f808) thrown at [D:\re\workspace\8-2-build-windows-amd64-cygwin\jdk8u25\1677\hotspot\src\share\vm\prims\jvm.cpp, line 1312]

Events (10 events):
Event: 0.374 Thread 0x00000000011de000 DEOPT PACKING pc=0x0000000002d4d625 sp=0x0000000002b1ec60
Event: 0.374 Thread 0x00000000011de000 DEOPT UNPACKING pc=0x0000000002c675bf sp=0x0000000002b1e988 mode 0
Event: 0.375 Thread 0x00000000011de000 DEOPT PACKING pc=0x0000000002d4d625 sp=0x0000000002b1ec60
Event: 0.375 Thread 0x00000000011de000 DEOPT UNPACKING pc=0x0000000002c675bf sp=0x0000000002b1e988 mode 0
Event: 0.381 Thread 0x00000000011de000 DEOPT PACKING pc=0x0000000002d4d625 sp=0x0000000002b1ec20
Event: 0.381 Thread 0x00000000011de000 DEOPT UNPACKING pc=0x0000000002c675bf sp=0x0000000002b1e930 mode 0
Event: 0.382 Thread 0x00000000011de000 DEOPT PACKING pc=0x0000000002d4d625 sp=0x0000000002b1ec20
Event: 0.382 Thread 0x00000000011de000 DEOPT UNPACKING pc=0x0000000002c675bf sp=0x0000000002b1e930 mode 0
Event: 0.382 Thread 0x00000000011de000 DEOPT PACKING pc=0x0000000002d4d625 sp=0x0000000002b1eb00
Event: 0.382 Thread 0x00000000011de000 DEOPT UNPACKING pc=0x0000000002c675bf sp=0x0000000002b1e810 mode 0


Dynamic libraries:
0x00007ff72ce00000 - 0x00007ff72ce34000 	C:\Program Files\Java\jdk1.8.0_25\bin\java.exe
0x00007ffcacc60000 - 0x00007ffcace21000 	C:\WINDOWS\SYSTEM32\ntdll.dll
0x00007ffcaca80000 - 0x00007ffcacb2d000 	C:\WINDOWS\system32\KERNEL32.DLL
0x00007ffca94f0000 - 0x00007ffca96d8000 	C:\WINDOWS\system32\KERNELBASE.dll
0x00007ffcac840000 - 0x00007ffcac8e7000 	C:\WINDOWS\system32\ADVAPI32.dll
0x00007ffcac900000 - 0x00007ffcac99d000 	C:\WINDOWS\system32\msvcrt.dll
0x00007ffcacb30000 - 0x00007ffcacb8b000 	C:\WINDOWS\system32\sechost.dll
0x00007ffcaa1c0000 - 0x00007ffcaa2dc000 	C:\WINDOWS\system32\RPCRT4.dll
0x00007ffcabd30000 - 0x00007ffcabe86000 	C:\WINDOWS\system32\USER32.dll
0x00007ffcab880000 - 0x00007ffcaba06000 	C:\WINDOWS\system32\GDI32.dll
0x00007ffca0310000 - 0x00007ffca0584000 	C:\WINDOWS\WinSxS\amd64_microsoft.windows.common-controls_6595b64144ccf1df_6.0.10586.494_none_a2d8b04ea53e3145\COMCTL32.dll
0x00007ffcac400000 - 0x00007ffcac67d000 	C:\WINDOWS\system32\combase.dll
0x00007ffca9310000 - 0x00007ffca937a000 	C:\WINDOWS\system32\bcryptPrimitives.dll
0x00007ffcab840000 - 0x00007ffcab87b000 	C:\WINDOWS\system32\IMM32.DLL
0x0000000069370000 - 0x0000000069442000 	C:\Program Files\Java\jdk1.8.0_25\jre\bin\msvcr100.dll
0x0000000069720000 - 0x0000000069f7a000 	C:\Program Files\Java\jdk1.8.0_25\jre\bin\server\jvm.dll
0x00007ffcaca00000 - 0x00007ffcaca08000 	C:\WINDOWS\system32\PSAPI.DLL
0x00007ffc95490000 - 0x00007ffc95499000 	C:\WINDOWS\SYSTEM32\WSOCK32.dll
0x00007ffcac7d0000 - 0x00007ffcac83b000 	C:\WINDOWS\system32\WS2_32.dll
0x00007ffca79b0000 - 0x00007ffca79d3000 	C:\WINDOWS\SYSTEM32\WINMM.dll
0x00007ffca7950000 - 0x00007ffca797c000 	C:\WINDOWS\SYSTEM32\WINMMBASE.dll
0x00007ffca96e0000 - 0x00007ffca9723000 	C:\WINDOWS\system32\cfgmgr32.dll
0x000000006a0a0000 - 0x000000006a0af000 	C:\Program Files\Java\jdk1.8.0_25\jre\bin\verify.dll
0x000000006a070000 - 0x000000006a098000 	C:\Program Files\Java\jdk1.8.0_25\jre\bin\java.dll
0x000000006a050000 - 0x000000006a066000 	C:\Program Files\Java\jdk1.8.0_25\jre\bin\zip.dll
0x00007ffcaa2e0000 - 0x00007ffcab83c000 	C:\WINDOWS\system32\SHELL32.dll
0x00007ffca9730000 - 0x00007ffca9d75000 	C:\WINDOWS\system32\windows.storage.dll
0x00007ffcabea0000 - 0x00007ffcabef2000 	C:\WINDOWS\system32\shlwapi.dll
0x00007ffca92b0000 - 0x00007ffca92bf000 	C:\WINDOWS\system32\kernel.appcore.dll
0x00007ffca9430000 - 0x00007ffca94e5000 	C:\WINDOWS\system32\shcore.dll
0x00007ffca92c0000 - 0x00007ffca930b000 	C:\WINDOWS\system32\powrprof.dll
0x00007ffca9290000 - 0x00007ffca92a4000 	C:\WINDOWS\system32\profapi.dll
0x00007ffc92eb0000 - 0x00007ffc9303c000 	C:\WINDOWS\SYSTEM32\dbghelp.dll

VM Arguments:
jvm_args: -Djava.awt.headless=true -Xmx1024M -Dfile.encoding=windows-1252 -Duser.country=FR -Duser.language=fr -Duser.variant 
java_command: com.android.dx.command.Main --dex --force-jumbo --num-threads=4 --multi-dex --output C:\Users\Famille\AndroidStudioProjects\Niviel\app\build\intermediates\transforms\dex\debug\folders\1000\10\com.android.support-design-24.2.0_c56b473aaa304164fc97e3fd1b7664425a195050 C:\Users\Famille\AndroidStudioProjects\Niviel\app\build\intermediates\exploded-aar\com.android.support\design\24.2.0\jars\classes.jar
java_class_path (initial): C:\Users\Famille\AppData\Local\Android\sdk\build-tools\23.0.2\lib\dx.jar
Launcher Type: SUN_STANDARD

Environment Variables:
JAVA_HOME=C:\Program Files\Java\jdk1.8.0_25
PATH=C:\Program Files\Broadcom\Broadcom 802.11 Network Adapter;;C:\Program Files\Broadcom\Broadcom 802.11;C:\ProgramData\Oracle\Java\javapath;C:\Program Files (x86)\Intel\iCLS Client\;C:\Program Files\Intel\iCLS Client\;C:\Windows\system32;C:\Windows;C:\Windows\System32\Wbem;C:\Windows\System32\WindowsPowerShell\v1.0\;C:\Program Files\Hewlett-Packard\SimplePass\;C:\wamp\bin\php\php5.5.12;C:\Python27;C:\Users\Famille\AppData\Roaming\npm\;C:\Program Files\nodejs\;C:\Program Files\Git\cmd;C:\Program Files (x86)\Brackets\command;C:\Program Files (x86)\Ant\bin;C:\Program Files (x86)\Maven\bin;C:\Program Files (x86)\Intel\Intel(R) Management Engine Components\DAL;C:\Program Files\Intel\Intel(R) Management Engine Components\DAL;C:\Program Files (x86)\Intel\Intel(R) Management Engine Components\IPT;C:\Program Files\Intel\Intel(R) Management Engine Components\IPT;C:\Users\Famille\AppData\Local\atom\bin;C:\Users\Famille\AppData\Roaming\npm
USERNAME=de Lachaux
OS=Windows_NT
PROCESSOR_IDENTIFIER=Intel64 Family 6 Model 69 Stepping 1, GenuineIntel



---------------  S Y S T E M  ---------------

OS: Windows 8.1 , 64 bit Build 9600 

CPU:total 4 (2 cores per cpu, 2 threads per core) family 6 model 69 stepping 1, cmov, cx8, fxsr, mmx, sse, sse2, sse3, ssse3, sse4.1, sse4.2, popcnt, avx, avx2, aes, clmul, erms, lzcnt, ht, tsc, tscinvbit, bmi1, bmi2

Memory: 4k page, physical 4122776k(465376k free), swap 5555352k(2068k free)

vm_info: Java HotSpot(TM) 64-Bit Server VM (25.25-b02) for windows-amd64 JRE (1.8.0_25-b18), built on Oct  7 2014 14:25:37 by "java_re" with MS VC++ 10.0 (VS2010)

time: Mon Aug 29 18:31:32 2016
elapsed time: 0 seconds (0d 0h 0m 0s)

