#
# There is insufficient memory for the Java Runtime Environment to continue.
# Native memory allocation (malloc) failed to allocate 64000 bytes for AllocateHeap
# Possible reasons:
#   The system is out of physical RAM or swap space
#   In 32 bit mode, the process size limit was hit
# Possible solutions:
#   Reduce memory load on the system
#   Increase physical memory or swap space
#   Check if swap backing store is full
#   Use 64 bit Java on a 64 bit OS
#   Decrease Java heap size (-Xmx/-Xms)
#   Decrease number of Java threads
#   Decrease Java thread stack sizes (-Xss)
#   Set larger code cache with -XX:ReservedCodeCacheSize=
# This output file may be truncated or incomplete.
#
#  Out of Memory Error (memory/allocation.inline.hpp:62), pid=13644, tid=13848
#
# JRE version: Java(TM) SE Runtime Environment (8.0_25-b18) (build 1.8.0_25-b18)
# Java VM: Java HotSpot(TM) 64-Bit Server VM (25.25-b02 mixed mode windows-amd64 compressed oops)
# Failed to write core dump. Minidumps are not enabled by default on client versions of Windows
#

---------------  T H R E A D  ---------------

Current thread (0x0000000014a76800):  VMThread [stack: 0x0000000015b10000,0x0000000015c10000] [id=13848]

Stack: [0x0000000015b10000,0x0000000015c10000]
Native frames: (J=compiled Java code, j=interpreted, Vv=VM code, C=native code)
V  [jvm.dll+0x31667a]

VM_Operation (0x0000000016c0e530): CollectForMetadataAllocation, mode: safepoint, requested by thread 0x00000000166b2800


---------------  P R O C E S S  ---------------

Java Threads: ( => current thread )
  0x0000000016791800 JavaThread "pool-2-thread-4" [_thread_blocked, id=14320, stack(0x0000000016d10000,0x0000000016e10000)]
  0x00000000166b4000 JavaThread "pool-2-thread-3" [_thread_blocked, id=14236, stack(0x0000000016c10000,0x0000000016d10000)]
  0x00000000166b2800 JavaThread "pool-2-thread-2" [_thread_blocked, id=14232, stack(0x0000000016b10000,0x0000000016c10000)]
  0x00000000166b2000 JavaThread "pool-3-thread-1" [_thread_blocked, id=14228, stack(0x0000000016a10000,0x0000000016b10000)]
  0x00000000166ad800 JavaThread "pool-2-thread-1" [_thread_blocked, id=14224, stack(0x0000000016910000,0x0000000016a10000)]
  0x0000000014b0b000 JavaThread "Service Thread" daemon [_thread_blocked, id=13948, stack(0x0000000016310000,0x0000000016410000)]
  0x0000000014b00000 JavaThread "C1 CompilerThread2" daemon [_thread_blocked, id=13920, stack(0x0000000016210000,0x0000000016310000)]
  0x0000000014ab1000 JavaThread "C2 CompilerThread1" daemon [_thread_blocked, id=13916, stack(0x0000000016110000,0x0000000016210000)]
  0x0000000014aac000 JavaThread "C2 CompilerThread0" daemon [_thread_blocked, id=13904, stack(0x0000000016010000,0x0000000016110000)]
  0x0000000014aaa800 JavaThread "Attach Listener" daemon [_thread_blocked, id=13900, stack(0x0000000015f10000,0x0000000016010000)]
  0x0000000014aa9800 JavaThread "Signal Dispatcher" daemon [_thread_blocked, id=13896, stack(0x0000000015e10000,0x0000000015f10000)]
  0x00000000023d0800 JavaThread "Finalizer" daemon [_thread_blocked, id=13864, stack(0x0000000015d10000,0x0000000015e10000)]
  0x00000000023cd000 JavaThread "Reference Handler" daemon [_thread_blocked, id=13856, stack(0x0000000015c10000,0x0000000015d10000)]
  0x00000000022de000 JavaThread "main" [_thread_blocked, id=13780, stack(0x0000000002190000,0x0000000002290000)]

Other Threads:
=>0x0000000014a76800 VMThread [stack: 0x0000000015b10000,0x0000000015c10000] [id=13848]
  0x0000000014b0d800 WatcherThread [stack: 0x0000000016410000,0x0000000016510000] [id=13960]

VM state:at safepoint (normal execution)

VM Mutex/Monitor currently owned by a thread:  ([mutex/lock_event])
[0x00000000022dce20] Threads_lock - owner thread: 0x0000000014a76800
[0x00000000022dcaa0] Heap_lock - owner thread: 0x00000000166b2800
[0x00000000022e1850] MethodData_lock - owner thread: 0x00000000166b2800

Heap:
 PSYoungGen      total 18944K, used 2549K [0x00000000eab00000, 0x00000000ec000000, 0x0000000100000000)
  eden space 16384K, 0% used [0x00000000eab00000,0x00000000eab00000,0x00000000ebb00000)
  from space 2560K, 99% used [0x00000000ebb00000,0x00000000ebd7d618,0x00000000ebd80000)
  to   space 2560K, 0% used [0x00000000ebd80000,0x00000000ebd80000,0x00000000ec000000)
 ParOldGen       total 44032K, used 826K [0x00000000c0000000, 0x00000000c2b00000, 0x00000000eab00000)
  object space 44032K, 1% used [0x00000000c0000000,0x00000000c00ce808,0x00000000c2b00000)
 Metaspace       used 5428K, capacity 6448K, committed 6528K, reserved 1060864K
  class space    used 580K, capacity 616K, committed 640K, reserved 1048576K

Card table byte_map: [0x00000000117a0000,0x00000000119b0000] byte_map_base: 0x00000000111a0000

Marking Bits: (ParMarkBitMap*) 0x0000000057b9d490
 Begin Bits: [0x0000000011f10000, 0x0000000012f10000)
 End Bits:   [0x0000000012f10000, 0x0000000013f10000)

Polling page: 0x00000000003f0000

CodeCache: size=245760Kb used=2323Kb max_used=2323Kb free=243436Kb
 bounds [0x00000000023e0000, 0x0000000002650000, 0x00000000113e0000]
 total_blobs=880 nmethods=616 adapters=178
 compilation: enabled

Compilation events (10 events):
Event: 1.610 Thread 0x0000000014b00000  624       3       com.android.dx.ssa.SsaMethod::bitSetFromLabelList (47 bytes)
Event: 1.610 Thread 0x0000000014aac000 nmethod 607 0x0000000002625750 code [0x0000000002625880, 0x0000000002625938]
Event: 1.610 Thread 0x0000000014b00000 nmethod 624 0x0000000002624b10 code [0x0000000002624cc0, 0x0000000002625438]
Event: 1.610 Thread 0x0000000014b00000  608       3       com.android.dx.rop.code.PlainInsn::<init> (73 bytes)
Event: 1.611 Thread 0x0000000014b00000 nmethod 608 0x00000000026272d0 code [0x0000000002627460, 0x00000000026278e8]
Event: 1.611 Thread 0x0000000014b00000  623       3       com.android.dx.rop.cst.CstBaseMethodRef::compareTo0 (29 bytes)
Event: 1.611 Thread 0x0000000014b00000 nmethod 623 0x0000000002626c50 code [0x0000000002626de0, 0x0000000002627178]
Event: 1.611 Thread 0x0000000014b00000  604       3       com.android.dx.util.LabeledList::set (45 bytes)
Event: 1.612 Thread 0x0000000014b00000 nmethod 604 0x0000000002623050 code [0x0000000002623280, 0x0000000002623f88]
Event: 1.612 Thread 0x0000000014b00000  625       3       java.util.HashSet::<init> (16 bytes)

GC Heap History (3 events):
Event: 1.683 GC heap before
{Heap before GC invocations=1 (full 0):
 PSYoungGen      total 18944K, used 12213K [0x00000000eab00000, 0x00000000ec000000, 0x0000000100000000)
  eden space 16384K, 74% used [0x00000000eab00000,0x00000000eb6ed448,0x00000000ebb00000)
  from space 2560K, 0% used [0x00000000ebd80000,0x00000000ebd80000,0x00000000ec000000)
  to   space 2560K, 0% used [0x00000000ebb00000,0x00000000ebb00000,0x00000000ebd80000)
 ParOldGen       total 44032K, used 0K [0x00000000c0000000, 0x00000000c2b00000, 0x00000000eab00000)
  object space 44032K, 0% used [0x00000000c0000000,0x00000000c0000000,0x00000000c2b00000)
 Metaspace       used 5428K, capacity 6448K, committed 6528K, reserved 1060864K
  class space    used 580K, capacity 616K, committed 640K, reserved 1048576K
Event: 1.689 GC heap after
Heap after GC invocations=1 (full 0):
 PSYoungGen      total 18944K, used 2549K [0x00000000eab00000, 0x00000000ec000000, 0x0000000100000000)
  eden space 16384K, 0% used [0x00000000eab00000,0x00000000eab00000,0x00000000ebb00000)
  from space 2560K, 99% used [0x00000000ebb00000,0x00000000ebd7d618,0x00000000ebd80000)
  to   space 2560K, 0% used [0x00000000ebd80000,0x00000000ebd80000,0x00000000ec000000)
 ParOldGen       total 44032K, used 826K [0x00000000c0000000, 0x00000000c2b00000, 0x00000000eab00000)
  object space 44032K, 1% used [0x00000000c0000000,0x00000000c00ce808,0x00000000c2b00000)
 Metaspace       used 5428K, capacity 6448K, committed 6528K, reserved 1060864K
  class space    used 580K, capacity 616K, committed 640K, reserved 1048576K
}
Event: 1.689 GC heap before
{Heap before GC invocations=2 (full 1):
 PSYoungGen      total 18944K, used 2549K [0x00000000eab00000, 0x00000000ec000000, 0x0000000100000000)
  eden space 16384K, 0% used [0x00000000eab00000,0x00000000eab00000,0x00000000ebb00000)
  from space 2560K, 99% used [0x00000000ebb00000,0x00000000ebd7d618,0x00000000ebd80000)
  to   space 2560K, 0% used [0x00000000ebd80000,0x00000000ebd80000,0x00000000ec000000)
 ParOldGen       total 44032K, used 826K [0x00000000c0000000, 0x00000000c2b00000, 0x00000000eab00000)
  object space 44032K, 1% used [0x00000000c0000000,0x00000000c00ce808,0x00000000c2b00000)
 Metaspace       used 5428K, capacity 6448K, committed 6528K, reserved 1060864K
  class space    used 580K, capacity 616K, committed 640K, reserved 1048576K

Deoptimization events (0 events):
No events

Internal exceptions (10 events):
Event: 1.550 Thread 0x0000000016791800 Exception <a 'java/security/PrivilegedActionException'> (0x00000000eb5ba528) thrown at [D:\re\workspace\8-2-build-windows-amd64-cygwin\jdk8u25\1677\hotspot\src\share\vm\prims\jvm.cpp, line 1312]
Event: 1.551 Thread 0x0000000016791800 Exception <a 'java/security/PrivilegedActionException'> (0x00000000eb5bebb0) thrown at [D:\re\workspace\8-2-build-windows-amd64-cygwin\jdk8u25\1677\hotspot\src\share\vm\prims\jvm.cpp, line 1312]
Event: 1.551 Thread 0x0000000016791800 Exception <a 'java/security/PrivilegedActionException'> (0x00000000eb5c18c8) thrown at [D:\re\workspace\8-2-build-windows-amd64-cygwin\jdk8u25\1677\hotspot\src\share\vm\prims\jvm.cpp, line 1312]
Event: 1.553 Thread 0x0000000016791800 Exception <a 'java/security/PrivilegedActionException'> (0x00000000eb5c69d0) thrown at [D:\re\workspace\8-2-build-windows-amd64-cygwin\jdk8u25\1677\hotspot\src\share\vm\prims\jvm.cpp, line 1312]
Event: 1.553 Thread 0x0000000016791800 Exception <a 'java/security/PrivilegedActionException'> (0x00000000eb5cbf30) thrown at [D:\re\workspace\8-2-build-windows-amd64-cygwin\jdk8u25\1677\hotspot\src\share\vm\prims\jvm.cpp, line 1312]
Event: 1.556 Thread 0x00000000166ad800 Exception <a 'java/security/PrivilegedActionException'> (0x00000000eb4b5ba0) thrown at [D:\re\workspace\8-2-build-windows-amd64-cygwin\jdk8u25\1677\hotspot\src\share\vm\prims\jvm.cpp, line 1312]
Event: 1.560 Thread 0x00000000166ad800 Exception <a 'java/security/PrivilegedActionException'> (0x00000000eb4c2b18) thrown at [D:\re\workspace\8-2-build-windows-amd64-cygwin\jdk8u25\1677\hotspot\src\share\vm\prims\jvm.cpp, line 1312]
Event: 1.561 Thread 0x00000000166ad800 Exception <a 'java/security/PrivilegedActionException'> (0x00000000eb4c8d80) thrown at [D:\re\workspace\8-2-build-windows-amd64-cygwin\jdk8u25\1677\hotspot\src\share\vm\prims\jvm.cpp, line 1312]
Event: 1.562 Thread 0x00000000166ad800 Exception <a 'java/security/PrivilegedActionException'> (0x00000000eb4cd690) thrown at [D:\re\workspace\8-2-build-windows-amd64-cygwin\jdk8u25\1677\hotspot\src\share\vm\prims\jvm.cpp, line 1312]
Event: 1.564 Thread 0x00000000166ad800 Exception <a 'java/security/PrivilegedActionException'> (0x00000000eb4d3538) thrown at [D:\re\workspace\8-2-build-windows-amd64-cygwin\jdk8u25\1677\hotspot\src\share\vm\prims\jvm.cpp, line 1312]

Events (10 events):
Event: 1.560 loading class com/android/dx/dex/code/StdCatchBuilder done
Event: 1.561 loading class com/android/dx/dex/code/DalvCode
Event: 1.561 loading class com/android/dx/dex/code/DalvCode done
Event: 1.562 loading class java/io/PrintWriter
Event: 1.562 loading class java/io/PrintWriter done
Event: 1.562 loading class com/android/dx/dex/file/DebugInfoItem
Event: 1.562 loading class com/android/dx/dex/file/DebugInfoItem done
Event: 1.564 loading class com/android/dx/dex/file/MethodAnnotationStruct
Event: 1.564 loading class com/android/dx/dex/file/MethodAnnotationStruct done
Event: 1.612 Executing VM operation: CollectForMetadataAllocation


Dynamic libraries:
0x00007ff620af0000 - 0x00007ff620b24000 	C:\Program Files\Java\jdk1.8.0_25\bin\java.exe
0x00007ffdb2fd0000 - 0x00007ffdb3191000 	C:\WINDOWS\SYSTEM32\ntdll.dll
0x00007ffdb2650000 - 0x00007ffdb26fd000 	C:\WINDOWS\system32\KERNEL32.DLL
0x00007ffdafe10000 - 0x00007ffdafff8000 	C:\WINDOWS\system32\KERNELBASE.dll
0x00007ffdb0d80000 - 0x00007ffdb0e27000 	C:\WINDOWS\system32\ADVAPI32.dll
0x00007ffdb1050000 - 0x00007ffdb10ed000 	C:\WINDOWS\system32\msvcrt.dll
0x00007ffdb2f70000 - 0x00007ffdb2fcb000 	C:\WINDOWS\system32\sechost.dll
0x00007ffdb0780000 - 0x00007ffdb089c000 	C:\WINDOWS\system32\RPCRT4.dll
0x00007ffdb2cf0000 - 0x00007ffdb2e46000 	C:\WINDOWS\system32\USER32.dll
0x00007ffdb0520000 - 0x00007ffdb06a6000 	C:\WINDOWS\system32\GDI32.dll
0x00007ffda7820000 - 0x00007ffda7a94000 	C:\WINDOWS\WinSxS\amd64_microsoft.windows.common-controls_6595b64144ccf1df_6.0.10586.494_none_a2d8b04ea53e3145\COMCTL32.dll
0x00007ffdb08a0000 - 0x00007ffdb0b1d000 	C:\WINDOWS\system32\combase.dll
0x00007ffdafd80000 - 0x00007ffdafdea000 	C:\WINDOWS\system32\bcryptPrimitives.dll
0x00007ffdb03d0000 - 0x00007ffdb040b000 	C:\WINDOWS\system32\IMM32.DLL
0x0000000056f00000 - 0x0000000056fd2000 	C:\Program Files\Java\jdk1.8.0_25\jre\bin\msvcr100.dll
0x00000000573c0000 - 0x0000000057c1a000 	C:\Program Files\Java\jdk1.8.0_25\jre\bin\server\jvm.dll
0x00007ffdb0d00000 - 0x00007ffdb0d08000 	C:\WINDOWS\system32\PSAPI.DLL
0x00007ffd9d1c0000 - 0x00007ffd9d1c9000 	C:\WINDOWS\SYSTEM32\WSOCK32.dll
0x00007ffdb0d10000 - 0x00007ffdb0d7b000 	C:\WINDOWS\system32\WS2_32.dll
0x00007ffdad8c0000 - 0x00007ffdad8e3000 	C:\WINDOWS\SYSTEM32\WINMM.dll
0x00007ffdad030000 - 0x00007ffdad05c000 	C:\WINDOWS\SYSTEM32\WINMMBASE.dll
0x00007ffdb0000000 - 0x00007ffdb0043000 	C:\WINDOWS\system32\cfgmgr32.dll
0x00000000573b0000 - 0x00000000573bf000 	C:\Program Files\Java\jdk1.8.0_25\jre\bin\verify.dll
0x0000000057380000 - 0x00000000573a8000 	C:\Program Files\Java\jdk1.8.0_25\jre\bin\java.dll
0x0000000057360000 - 0x0000000057376000 	C:\Program Files\Java\jdk1.8.0_25\jre\bin\zip.dll
0x00007ffdb10f0000 - 0x00007ffdb264c000 	C:\WINDOWS\system32\SHELL32.dll
0x00007ffdaf730000 - 0x00007ffdafd75000 	C:\WINDOWS\system32\windows.storage.dll
0x00007ffdb2c90000 - 0x00007ffdb2ce2000 	C:\WINDOWS\system32\shlwapi.dll
0x00007ffdaf670000 - 0x00007ffdaf67f000 	C:\WINDOWS\system32\kernel.appcore.dll
0x00007ffdb0140000 - 0x00007ffdb01f5000 	C:\WINDOWS\system32\shcore.dll
0x00007ffdaf5f0000 - 0x00007ffdaf63b000 	C:\WINDOWS\system32\powrprof.dll
0x00007ffdaf640000 - 0x00007ffdaf654000 	C:\WINDOWS\system32\profapi.dll

VM Arguments:
jvm_args: -Djava.awt.headless=true -Xmx1024M -Dfile.encoding=windows-1252 -Duser.country=FR -Duser.language=fr -Duser.variant 
java_command: com.android.dx.command.Main --dex --force-jumbo --num-threads=4 --multi-dex --output C:\Users\Famille\AndroidStudioProjects\Niviel\app\build\intermediates\transforms\dex\debug\folders\1000\10\picasso-2.5.2_56fb709d046e358ab2039dfa1476d769d7188c68 C:\Users\Famille\.gradle\caches\modules-2\files-2.1\com.squareup.picasso\picasso\2.5.2\7446d06ec8d4f7ffcc53f1da37c95f200dcb9387\picasso-2.5.2.jar
java_class_path (initial): C:\Users\Famille\AppData\Local\Android\sdk\build-tools\23.0.2\lib\dx.jar
Launcher Type: SUN_STANDARD

Environment Variables:
JAVA_HOME=C:\Program Files\Java\jdk1.8.0_25
PATH=C:\Program Files\Broadcom\Broadcom 802.11 Network Adapter;;C:\Program Files\Broadcom\Broadcom 802.11;C:\ProgramData\Oracle\Java\javapath;C:\Program Files (x86)\Intel\iCLS Client\;C:\Program Files\Intel\iCLS Client\;C:\Windows\system32;C:\Windows;C:\Windows\System32\Wbem;C:\Windows\System32\WindowsPowerShell\v1.0\;C:\Program Files\Hewlett-Packard\SimplePass\;C:\wamp\bin\php\php5.5.12;C:\Python27;C:\Users\Famille\AppData\Roaming\npm\;C:\Program Files\nodejs\;C:\Program Files\Git\cmd;C:\Program Files (x86)\Brackets\command;C:\Program Files (x86)\Ant\bin;C:\Program Files (x86)\Maven\bin;C:\Program Files (x86)\Intel\Intel(R) Management Engine Components\DAL;C:\Program Files\Intel\Intel(R) Management Engine Components\DAL;C:\Program Files (x86)\Intel\Intel(R) Management Engine Components\IPT;C:\Program Files\Intel\Intel(R) Management Engine Components\IPT;C:\Users\Famille\AppData\Local\atom\bin;C:\Users\Famille\AppData\Roaming\npm
USERNAME=de Lachaux
OS=Windows_NT
PROCESSOR_IDENTIFIER=Intel64 Family 6 Model 69 Stepping 1, GenuineIntel



---------------  S Y S T E M  ---------------

OS: Windows 8.1 , 64 bit Build 9600 

CPU:total 4 (2 cores per cpu, 2 threads per core) family 6 model 69 stepping 1, cmov, cx8, fxsr, mmx, sse, sse2, sse3, ssse3, sse4.1, sse4.2, popcnt, avx, avx2, aes, clmul, erms, lzcnt, ht, tsc, tscinvbit, bmi1, bmi2

Memory: 4k page, physical 4122776k(628432k free), swap 5555352k(180k free)

vm_info: Java HotSpot(TM) 64-Bit Server VM (25.25-b02) for windows-amd64 JRE (1.8.0_25-b18), built on Oct  7 2014 14:25:37 by "java_re" with MS VC++ 10.0 (VS2010)

time: Mon Aug 22 17:55:29 2016
elapsed time: 1 seconds (0d 0h 0m 1s)

