#
# There is insufficient memory for the Java Runtime Environment to continue.
# Native memory allocation (malloc) failed to allocate 1197264 bytes for Chunk::new
# Possible reasons:
#   The system is out of physical RAM or swap space
#   In 32 bit mode, the process size limit was hit
# Possible solutions:
#   Reduce memory load on the system
#   Increase physical memory or swap space
#   Check if swap backing store is full
#   Use 64 bit Java on a 64 bit OS
#   Decrease Java heap size (-Xmx/-Xms)
#   Decrease number of Java threads
#   Decrease Java thread stack sizes (-Xss)
#   Set larger code cache with -XX:ReservedCodeCacheSize=
# This output file may be truncated or incomplete.
#
#  Out of Memory Error (allocation.cpp:390), pid=61288, tid=63060
#
# JRE version: Java(TM) SE Runtime Environment (8.0_25-b18) (build 1.8.0_25-b18)
# Java VM: Java HotSpot(TM) 64-Bit Server VM (25.25-b02 mixed mode windows-amd64 compressed oops)
# Failed to write core dump. Minidumps are not enabled by default on client versions of Windows
#

---------------  T H R E A D  ---------------

Current thread (0x0000000014c61000):  JavaThread "C2 CompilerThread1" daemon [_thread_in_native, id=63060, stack(0x00000000162c0000,0x00000000163c0000)]

Stack: [0x00000000162c0000,0x00000000163c0000]
Native frames: (J=compiled Java code, j=interpreted, Vv=VM code, C=native code)
V  [jvm.dll+0x31667a]
V  [jvm.dll+0x267073]
V  [jvm.dll+0x267cb3]
V  [jvm.dll+0x25f5b5]
V  [jvm.dll+0xbf165]
V  [jvm.dll+0xbf60c]
V  [jvm.dll+0x44af32]
V  [jvm.dll+0x4c06e5]
V  [jvm.dll+0x4c131f]
V  [jvm.dll+0x451121]
V  [jvm.dll+0x4538f8]
V  [jvm.dll+0x437372]
V  [jvm.dll+0x98a02]
V  [jvm.dll+0x991f3]
V  [jvm.dll+0x22bde4]
V  [jvm.dll+0x2852fa]
C  [msvcr100.dll+0x21d9f]
C  [msvcr100.dll+0x21e3b]
C  [KERNEL32.DLL+0x18102]
C  [ntdll.dll+0x5c5b4]


Current CompileTask:
C2:   8399 1705   !   4       com.android.dx.cf.code.RopperMachine::run (1550 bytes)


---------------  P R O C E S S  ---------------

Java Threads: ( => current thread )
  0x000000001692a800 JavaThread "pool-2-thread-4" [_thread_blocked, id=61320, stack(0x0000000016ec0000,0x0000000016fc0000)]
  0x0000000016915800 JavaThread "pool-2-thread-3" [_thread_blocked, id=62360, stack(0x0000000016dc0000,0x0000000016ec0000)]
  0x0000000016915000 JavaThread "pool-2-thread-2" [_thread_blocked, id=60964, stack(0x0000000016cc0000,0x0000000016dc0000)]
  0x0000000016942800 JavaThread "pool-3-thread-1" [_thread_blocked, id=61256, stack(0x0000000016bc0000,0x0000000016cc0000)]
  0x0000000016942000 JavaThread "pool-2-thread-1" [_thread_blocked, id=60972, stack(0x0000000016ac0000,0x0000000016bc0000)]
  0x0000000014cbb000 JavaThread "Service Thread" daemon [_thread_blocked, id=62980, stack(0x00000000164c0000,0x00000000165c0000)]
  0x0000000014cb3000 JavaThread "C1 CompilerThread2" daemon [_thread_blocked, id=61252, stack(0x00000000163c0000,0x00000000164c0000)]
=>0x0000000014c61000 JavaThread "C2 CompilerThread1" daemon [_thread_in_native, id=63060, stack(0x00000000162c0000,0x00000000163c0000)]
  0x0000000014c5c000 JavaThread "C2 CompilerThread0" daemon [_thread_in_native, id=63024, stack(0x00000000161c0000,0x00000000162c0000)]
  0x0000000014c5a800 JavaThread "Attach Listener" daemon [_thread_blocked, id=63028, stack(0x00000000160c0000,0x00000000161c0000)]
  0x0000000014c59800 JavaThread "Signal Dispatcher" daemon [_thread_blocked, id=63064, stack(0x0000000015fc0000,0x00000000160c0000)]
  0x0000000002580800 JavaThread "Finalizer" daemon [_thread_blocked, id=63068, stack(0x0000000015ec0000,0x0000000015fc0000)]
  0x000000000257d000 JavaThread "Reference Handler" daemon [_thread_blocked, id=62928, stack(0x0000000015dc0000,0x0000000015ec0000)]
  0x0000000000bfe000 JavaThread "main" [_thread_in_Java, id=61652, stack(0x0000000002370000,0x0000000002470000)]

Other Threads:
  0x0000000014c26800 VMThread [stack: 0x0000000015cc0000,0x0000000015dc0000] [id=62932]
  0x0000000014cbd000 WatcherThread [stack: 0x00000000165c0000,0x00000000166c0000] [id=62976]

VM state:not at safepoint (normal execution)

VM Mutex/Monitor currently owned by a thread: None

Heap:
 PSYoungGen      total 35328K, used 4929K [0x00000000eab00000, 0x00000000ed000000, 0x0000000100000000)
  eden space 32768K, 7% used [0x00000000eab00000,0x00000000ead51088,0x00000000ecb00000)
  from space 2560K, 99% used [0x00000000ecb00000,0x00000000ecd7f660,0x00000000ecd80000)
  to   space 2560K, 0% used [0x00000000ecd80000,0x00000000ecd80000,0x00000000ed000000)
 ParOldGen       total 44032K, used 15385K [0x00000000c0000000, 0x00000000c2b00000, 0x00000000eab00000)
  object space 44032K, 34% used [0x00000000c0000000,0x00000000c0f066f0,0x00000000c2b00000)
 Metaspace       used 6114K, capacity 7024K, committed 7296K, reserved 1056768K
  class space    used 586K, capacity 616K, committed 640K, reserved 1048576K

Card table byte_map: [0x0000000011950000,0x0000000011b60000] byte_map_base: 0x0000000011350000

Marking Bits: (ParMarkBitMap*) 0x000000007333d490
 Begin Bits: [0x00000000120c0000, 0x00000000130c0000)
 End Bits:   [0x00000000130c0000, 0x00000000140c0000)

Polling page: 0x00000000009f0000

CodeCache: size=245760Kb used=7311Kb max_used=7311Kb free=238448Kb
 bounds [0x0000000002590000, 0x0000000002cc0000, 0x0000000011590000]
 total_blobs=1951 nmethods=1687 adapters=178
 compilation: enabled

Compilation events (10 events):
Event: 8.250 Thread 0x0000000014cb3000 1731   !   2       java.lang.ref.Finalizer::runFinalizer (62 bytes)
Event: 8.251 Thread 0x0000000014cb3000 nmethod 1731 0x0000000002cb7090 code [0x0000000002cb7220, 0x0000000002cb7678]
Event: 8.251 Thread 0x0000000014cb3000 1732       2       java.lang.ref.Finalizer::hasBeenFinalized (14 bytes)
Event: 8.251 Thread 0x0000000014cb3000 nmethod 1732 0x0000000002cb7850 code [0x0000000002cb79a0, 0x0000000002cb7b10]
Event: 8.251 Thread 0x0000000014cb3000 1733   !   2       java.lang.ref.Finalizer::remove (94 bytes)
Event: 8.251 Thread 0x0000000014cb3000 nmethod 1733 0x0000000002cb7b90 code [0x0000000002cb7d00, 0x0000000002cb80f0]
Event: 8.251 Thread 0x0000000014cb3000 1734       2       java.lang.System$2::invokeFinalize (5 bytes)
Event: 8.252 Thread 0x0000000014cb3000 nmethod 1734 0x0000000002cb8250 code [0x0000000002cb83c0, 0x0000000002cb8548]
Event: 8.252 Thread 0x0000000014cb3000 1735       2       java.lang.ref.Reference::clear (6 bytes)
Event: 8.252 Thread 0x0000000014cb3000 nmethod 1735 0x0000000002cb85d0 code [0x0000000002cb8720, 0x0000000002cb8890]

GC Heap History (10 events):
Event: 1.655 GC heap before
{Heap before GC invocations=1 (full 0):
 PSYoungGen      total 18944K, used 16384K [0x00000000eab00000, 0x00000000ec000000, 0x0000000100000000)
  eden space 16384K, 100% used [0x00000000eab00000,0x00000000ebb00000,0x00000000ebb00000)
  from space 2560K, 0% used [0x00000000ebd80000,0x00000000ebd80000,0x00000000ec000000)
  to   space 2560K, 0% used [0x00000000ebb00000,0x00000000ebb00000,0x00000000ebd80000)
 ParOldGen       total 44032K, used 0K [0x00000000c0000000, 0x00000000c2b00000, 0x00000000eab00000)
  object space 44032K, 0% used [0x00000000c0000000,0x00000000c0000000,0x00000000c2b00000)
 Metaspace       used 5661K, capacity 6640K, committed 6784K, reserved 1056768K
  class space    used 580K, capacity 616K, committed 640K, reserved 1048576K
Event: 1.665 GC heap after
Heap after GC invocations=1 (full 0):
 PSYoungGen      total 18944K, used 2535K [0x00000000eab00000, 0x00000000ec000000, 0x0000000100000000)
  eden space 16384K, 0% used [0x00000000eab00000,0x00000000eab00000,0x00000000ebb00000)
  from space 2560K, 99% used [0x00000000ebb00000,0x00000000ebd79c88,0x00000000ebd80000)
  to   space 2560K, 0% used [0x00000000ebd80000,0x00000000ebd80000,0x00000000ec000000)
 ParOldGen       total 44032K, used 1379K [0x00000000c0000000, 0x00000000c2b00000, 0x00000000eab00000)
  object space 44032K, 3% used [0x00000000c0000000,0x00000000c0158c60,0x00000000c2b00000)
 Metaspace       used 5661K, capacity 6640K, committed 6784K, reserved 1056768K
  class space    used 580K, capacity 616K, committed 640K, reserved 1048576K
}
Event: 2.669 GC heap before
{Heap before GC invocations=2 (full 0):
 PSYoungGen      total 18944K, used 18919K [0x00000000eab00000, 0x00000000ec000000, 0x0000000100000000)
  eden space 16384K, 100% used [0x00000000eab00000,0x00000000ebb00000,0x00000000ebb00000)
  from space 2560K, 99% used [0x00000000ebb00000,0x00000000ebd79c88,0x00000000ebd80000)
  to   space 2560K, 0% used [0x00000000ebd80000,0x00000000ebd80000,0x00000000ec000000)
 ParOldGen       total 44032K, used 1379K [0x00000000c0000000, 0x00000000c2b00000, 0x00000000eab00000)
  object space 44032K, 3% used [0x00000000c0000000,0x00000000c0158c60,0x00000000c2b00000)
 Metaspace       used 5917K, capacity 6896K, committed 7040K, reserved 1056768K
  class space    used 585K, capacity 616K, committed 640K, reserved 1048576K
Event: 2.948 GC heap after
Heap after GC invocations=2 (full 0):
 PSYoungGen      total 18944K, used 2544K [0x00000000eab00000, 0x00000000ed000000, 0x0000000100000000)
  eden space 16384K, 0% used [0x00000000eab00000,0x00000000eab00000,0x00000000ebb00000)
  from space 2560K, 99% used [0x00000000ebd80000,0x00000000ebffc038,0x00000000ec000000)
  to   space 2560K, 0% used [0x00000000ebb00000,0x00000000ebb00000,0x00000000ebd80000)
 ParOldGen       total 44032K, used 3915K [0x00000000c0000000, 0x00000000c2b00000, 0x00000000eab00000)
  object space 44032K, 8% used [0x00000000c0000000,0x00000000c03d2d28,0x00000000c2b00000)
 Metaspace       used 5917K, capacity 6896K, committed 7040K, reserved 1056768K
  class space    used 585K, capacity 616K, committed 640K, reserved 1048576K
}
Event: 5.047 GC heap before
{Heap before GC invocations=3 (full 0):
 PSYoungGen      total 18944K, used 18928K [0x00000000eab00000, 0x00000000ed000000, 0x0000000100000000)
  eden space 16384K, 100% used [0x00000000eab00000,0x00000000ebb00000,0x00000000ebb00000)
  from space 2560K, 99% used [0x00000000ebd80000,0x00000000ebffc038,0x00000000ec000000)
  to   space 2560K, 0% used [0x00000000ebb00000,0x00000000ebb00000,0x00000000ebd80000)
 ParOldGen       total 44032K, used 3915K [0x00000000c0000000, 0x00000000c2b00000, 0x00000000eab00000)
  object space 44032K, 8% used [0x00000000c0000000,0x00000000c03d2d28,0x00000000c2b00000)
 Metaspace       used 6073K, capacity 7024K, committed 7296K, reserved 1056768K
  class space    used 585K, capacity 616K, committed 640K, reserved 1048576K
Event: 5.155 GC heap after
Heap after GC invocations=3 (full 0):
 PSYoungGen      total 18944K, used 2544K [0x00000000eab00000, 0x00000000ed000000, 0x0000000100000000)
  eden space 16384K, 0% used [0x00000000eab00000,0x00000000eab00000,0x00000000ebb00000)
  from space 2560K, 99% used [0x00000000ebb00000,0x00000000ebd7c038,0x00000000ebd80000)
  to   space 2560K, 0% used [0x00000000ecd80000,0x00000000ecd80000,0x00000000ed000000)
 ParOldGen       total 44032K, used 6776K [0x00000000c0000000, 0x00000000c2b00000, 0x00000000eab00000)
  object space 44032K, 15% used [0x00000000c0000000,0x00000000c069e388,0x00000000c2b00000)
 Metaspace       used 6073K, capacity 7024K, committed 7296K, reserved 1056768K
  class space    used 585K, capacity 616K, committed 640K, reserved 1048576K
}
Event: 6.588 GC heap before
{Heap before GC invocations=4 (full 0):
 PSYoungGen      total 18944K, used 18928K [0x00000000eab00000, 0x00000000ed000000, 0x0000000100000000)
  eden space 16384K, 100% used [0x00000000eab00000,0x00000000ebb00000,0x00000000ebb00000)
  from space 2560K, 99% used [0x00000000ebb00000,0x00000000ebd7c038,0x00000000ebd80000)
  to   space 2560K, 0% used [0x00000000ecd80000,0x00000000ecd80000,0x00000000ed000000)
 ParOldGen       total 44032K, used 6776K [0x00000000c0000000, 0x00000000c2b00000, 0x00000000eab00000)
  object space 44032K, 15% used [0x00000000c0000000,0x00000000c069e388,0x00000000c2b00000)
 Metaspace       used 6098K, capacity 7024K, committed 7296K, reserved 1056768K
  class space    used 585K, capacity 616K, committed 640K, reserved 1048576K
Event: 6.690 GC heap after
Heap after GC invocations=4 (full 0):
 PSYoungGen      total 35328K, used 2529K [0x00000000eab00000, 0x00000000ed000000, 0x0000000100000000)
  eden space 32768K, 0% used [0x00000000eab00000,0x00000000eab00000,0x00000000ecb00000)
  from space 2560K, 98% used [0x00000000ecd80000,0x00000000ecff86c8,0x00000000ed000000)
  to   space 2560K, 0% used [0x00000000ecb00000,0x00000000ecb00000,0x00000000ecd80000)
 ParOldGen       total 44032K, used 9274K [0x00000000c0000000, 0x00000000c2b00000, 0x00000000eab00000)
  object space 44032K, 21% used [0x00000000c0000000,0x00000000c090e948,0x00000000c2b00000)
 Metaspace       used 6098K, capacity 7024K, committed 7296K, reserved 1056768K
  class space    used 585K, capacity 616K, committed 640K, reserved 1048576K
}
Event: 8.211 GC heap before
{Heap before GC invocations=5 (full 0):
 PSYoungGen      total 35328K, used 35297K [0x00000000eab00000, 0x00000000ed000000, 0x0000000100000000)
  eden space 32768K, 100% used [0x00000000eab00000,0x00000000ecb00000,0x00000000ecb00000)
  from space 2560K, 98% used [0x00000000ecd80000,0x00000000ecff86c8,0x00000000ed000000)
  to   space 2560K, 0% used [0x00000000ecb00000,0x00000000ecb00000,0x00000000ecd80000)
 ParOldGen       total 44032K, used 9274K [0x00000000c0000000, 0x00000000c2b00000, 0x00000000eab00000)
  object space 44032K, 21% used [0x00000000c0000000,0x00000000c090e948,0x00000000c2b00000)
 Metaspace       used 6114K, capacity 7024K, committed 7296K, reserved 1056768K
  class space    used 586K, capacity 616K, committed 640K, reserved 1048576K
Event: 8.243 GC heap after
Heap after GC invocations=5 (full 0):
 PSYoungGen      total 35328K, used 2557K [0x00000000eab00000, 0x00000000ed000000, 0x0000000100000000)
  eden space 32768K, 0% used [0x00000000eab00000,0x00000000eab00000,0x00000000ecb00000)
  from space 2560K, 99% used [0x00000000ecb00000,0x00000000ecd7f660,0x00000000ecd80000)
  to   space 2560K, 0% used [0x00000000ecd80000,0x00000000ecd80000,0x00000000ed000000)
 ParOldGen       total 44032K, used 15385K [0x00000000c0000000, 0x00000000c2b00000, 0x00000000eab00000)
  object space 44032K, 34% used [0x00000000c0000000,0x00000000c0f066f0,0x00000000c2b00000)
 Metaspace       used 6114K, capacity 7024K, committed 7296K, reserved 1056768K
  class space    used 586K, capacity 616K, committed 640K, reserved 1048576K
}

Deoptimization events (9 events):
Event: 1.714 Thread 0x000000001692a800 Uncommon trap: reason=class_check action=maybe_recompile pc=0x00000000028b84a0 method=com.android.dx.ssa.NormalSsaInsn.accept(Lcom/android/dx/ssa/SsaInsn$Visitor;)V @ 9
Event: 1.714 Thread 0x000000001692a800 Uncommon trap: reason=class_check action=maybe_recompile pc=0x00000000028b84a0 method=com.android.dx.ssa.NormalSsaInsn.accept(Lcom/android/dx/ssa/SsaInsn$Visitor;)V @ 9
Event: 1.714 Thread 0x000000001692a800 Uncommon trap: reason=class_check action=maybe_recompile pc=0x00000000028b84a0 method=com.android.dx.ssa.NormalSsaInsn.accept(Lcom/android/dx/ssa/SsaInsn$Visitor;)V @ 9
Event: 1.715 Thread 0x000000001692a800 Uncommon trap: reason=class_check action=maybe_recompile pc=0x00000000028b84a0 method=com.android.dx.ssa.NormalSsaInsn.accept(Lcom/android/dx/ssa/SsaInsn$Visitor;)V @ 9
Event: 1.716 Thread 0x000000001692a800 Uncommon trap: reason=class_check action=maybe_recompile pc=0x00000000027c6630 method=com.android.dx.ssa.NormalSsaInsn.accept(Lcom/android/dx/ssa/SsaInsn$Visitor;)V @ 9
Event: 1.831 Thread 0x0000000016942000 Uncommon trap: reason=null_check action=make_not_entrant pc=0x0000000002900c68 method=com.android.dx.ssa.SsaRenamer.getLocalForNewReg(I)Lcom/android/dx/rop/code/LocalItem; @ 19
Event: 1.831 Thread 0x0000000016942000 Uncommon trap: reason=null_check action=make_not_entrant pc=0x00000000028f6e94 method=com.android.dx.ssa.SsaRenamer.getLocalForNewReg(I)Lcom/android/dx/rop/code/LocalItem; @ 19
Event: 2.322 Thread 0x0000000016915800 Uncommon trap: reason=unreached action=reinterpret pc=0x00000000028e3f9c method=com.android.dx.rop.cst.Constant.compareTo(Lcom/android/dx/rop/cst/Constant;)I @ 12
Event: 7.395 Thread 0x0000000016942000 Uncommon trap: reason=null_assert action=make_not_entrant pc=0x0000000002baf6f8 method=com.android.dx.cf.code.RopperMachine.run(Lcom/android/dx/cf/code/Frame;II)V @ 1112

Internal exceptions (10 events):
Event: 1.068 Thread 0x0000000016942000 Exception <a 'java/security/PrivilegedActionException'> (0x00000000eb7a2a98) thrown at [D:\re\workspace\8-2-build-windows-amd64-cygwin\jdk8u25\1677\hotspot\src\share\vm\prims\jvm.cpp, line 1312]
Event: 1.084 Thread 0x0000000016942000 Exception <a 'java/security/PrivilegedActionException'> (0x00000000eb7bd500) thrown at [D:\re\workspace\8-2-build-windows-amd64-cygwin\jdk8u25\1677\hotspot\src\share\vm\prims\jvm.cpp, line 1312]
Event: 1.625 Thread 0x0000000000bfe000 Exception <a 'java/security/PrivilegedActionException'> (0x00000000eba159d8) thrown at [D:\re\workspace\8-2-build-windows-amd64-cygwin\jdk8u25\1677\hotspot\src\share\vm\prims\jvm.cpp, line 1312]
Event: 1.692 Thread 0x000000001692a800 Exception <a 'java/security/PrivilegedActionException'> (0x00000000eab0b418) thrown at [D:\re\workspace\8-2-build-windows-amd64-cygwin\jdk8u25\1677\hotspot\src\share\vm\prims\jvm.cpp, line 1312]
Event: 1.828 Thread 0x0000000016942000 Exception <a 'java/security/PrivilegedActionException'> (0x00000000ead7ade0) thrown at [D:\re\workspace\8-2-build-windows-amd64-cygwin\jdk8u25\1677\hotspot\src\share\vm\prims\jvm.cpp, line 1312]
Event: 1.831 Thread 0x0000000016942000 Implicit null exception at 0x00000000028ff659 to 0x0000000002900c4d
Event: 1.831 Thread 0x0000000016942000 Implicit null exception at 0x00000000028f594c to 0x00000000028f6e59
Event: 1.990 Thread 0x0000000016942000 Exception <a 'java/security/PrivilegedActionException'> (0x00000000eadfd8f8) thrown at [D:\re\workspace\8-2-build-windows-amd64-cygwin\jdk8u25\1677\hotspot\src\share\vm\prims\jvm.cpp, line 1312]
Event: 5.378 Thread 0x0000000016942000 Exception <a 'java/security/PrivilegedActionException'> (0x00000000eb129d48) thrown at [D:\re\workspace\8-2-build-windows-amd64-cygwin\jdk8u25\1677\hotspot\src\share\vm\prims\jvm.cpp, line 1312]
Event: 7.376 Thread 0x0000000016915800 Exception <a 'java/security/PrivilegedActionException'> (0x00000000eb2b0780) thrown at [D:\re\workspace\8-2-build-windows-amd64-cygwin\jdk8u25\1677\hotspot\src\share\vm\prims\jvm.cpp, line 1312]

Events (10 events):
Event: 7.395 Thread 0x0000000016942000 DEOPT PACKING pc=0x0000000002baf6f8 sp=0x0000000016bbe5f0
Event: 7.395 Thread 0x0000000016942000 DEOPT UNPACKING pc=0x00000000025d556a sp=0x0000000016bbe5b8 mode 2
Event: 8.004 Thread 0x0000000000bfe000 DEOPT PACKING pc=0x00000000029ff418 sp=0x000000000246e670
Event: 8.004 Thread 0x0000000000bfe000 DEOPT UNPACKING pc=0x00000000025d75bf sp=0x000000000246e4a0 mode 0
Event: 8.112 Thread 0x000000001692a800 DEOPT PACKING pc=0x00000000029d8635 sp=0x0000000016fbe850
Event: 8.112 Thread 0x000000001692a800 DEOPT UNPACKING pc=0x00000000025d75bf sp=0x0000000016fbe530 mode 0
Event: 8.187 Thread 0x0000000016915800 DEOPT PACKING pc=0x00000000029d8635 sp=0x0000000016ebea80
Event: 8.187 Thread 0x0000000016915800 DEOPT UNPACKING pc=0x00000000025d75bf sp=0x0000000016ebe760 mode 0
Event: 8.211 Executing VM operation: ParallelGCFailedAllocation
Event: 8.243 Executing VM operation: ParallelGCFailedAllocation done


Dynamic libraries:
0x00007ff690dd0000 - 0x00007ff690e04000 	C:\Program Files\Java\jdk1.8.0_25\bin\java.exe
0x00007fff80c20000 - 0x00007fff80de1000 	C:\WINDOWS\SYSTEM32\ntdll.dll
0x00007fff80400000 - 0x00007fff804ad000 	C:\WINDOWS\system32\KERNEL32.DLL
0x00007fff7d680000 - 0x00007fff7d868000 	C:\WINDOWS\system32\KERNELBASE.dll
0x00007fff80850000 - 0x00007fff808f7000 	C:\WINDOWS\system32\ADVAPI32.dll
0x00007fff801e0000 - 0x00007fff8027d000 	C:\WINDOWS\system32\msvcrt.dll
0x00007fff7ec20000 - 0x00007fff7ec7b000 	C:\WINDOWS\system32\sechost.dll
0x00007fff804b0000 - 0x00007fff805cc000 	C:\WINDOWS\system32\RPCRT4.dll
0x00007fff7e030000 - 0x00007fff7e186000 	C:\WINDOWS\system32\USER32.dll
0x00007fff7e450000 - 0x00007fff7e5d6000 	C:\WINDOWS\system32\GDI32.dll
0x00007fff76200000 - 0x00007fff76474000 	C:\WINDOWS\WinSxS\amd64_microsoft.windows.common-controls_6595b64144ccf1df_6.0.10586.494_none_a2d8b04ea53e3145\COMCTL32.dll
0x00007fff805d0000 - 0x00007fff8084d000 	C:\WINDOWS\system32\combase.dll
0x00007fff7d4f0000 - 0x00007fff7d55a000 	C:\WINDOWS\system32\bcryptPrimitives.dll
0x00007fff80be0000 - 0x00007fff80c1b000 	C:\WINDOWS\system32\IMM32.DLL
0x00000000726a0000 - 0x0000000072772000 	C:\Program Files\Java\jdk1.8.0_25\jre\bin\msvcr100.dll
0x0000000072b60000 - 0x00000000733ba000 	C:\Program Files\Java\jdk1.8.0_25\jre\bin\server\jvm.dll
0x00007fff7e190000 - 0x00007fff7e198000 	C:\WINDOWS\system32\PSAPI.DLL
0x00007fff65bb0000 - 0x00007fff65bb9000 	C:\WINDOWS\SYSTEM32\WSOCK32.dll
0x00007fff7ebb0000 - 0x00007fff7ec1b000 	C:\WINDOWS\system32\WS2_32.dll
0x00007fff7b560000 - 0x00007fff7b583000 	C:\WINDOWS\SYSTEM32\WINMM.dll
0x00007fff7b110000 - 0x00007fff7b13c000 	C:\WINDOWS\SYSTEM32\WINMMBASE.dll
0x00007fff7d4a0000 - 0x00007fff7d4e3000 	C:\WINDOWS\system32\cfgmgr32.dll
0x0000000072b50000 - 0x0000000072b5f000 	C:\Program Files\Java\jdk1.8.0_25\jre\bin\verify.dll
0x0000000072b20000 - 0x0000000072b48000 	C:\Program Files\Java\jdk1.8.0_25\jre\bin\java.dll
0x0000000072b00000 - 0x0000000072b16000 	C:\Program Files\Java\jdk1.8.0_25\jre\bin\zip.dll
0x00007fff7ec80000 - 0x00007fff801dc000 	C:\WINDOWS\system32\SHELL32.dll
0x00007fff7d870000 - 0x00007fff7deb5000 	C:\WINDOWS\system32\windows.storage.dll
0x00007fff80b80000 - 0x00007fff80bd2000 	C:\WINDOWS\system32\shlwapi.dll
0x00007fff7d2c0000 - 0x00007fff7d2cf000 	C:\WINDOWS\system32\kernel.appcore.dll
0x00007fff7d5c0000 - 0x00007fff7d675000 	C:\WINDOWS\system32\shcore.dll
0x00007fff7d270000 - 0x00007fff7d2bb000 	C:\WINDOWS\system32\powrprof.dll
0x00007fff7d240000 - 0x00007fff7d254000 	C:\WINDOWS\system32\profapi.dll
0x00007fff63a80000 - 0x00007fff63c0c000 	C:\WINDOWS\SYSTEM32\dbghelp.dll

VM Arguments:
jvm_args: -Djava.awt.headless=true -Xmx1024M -Dfile.encoding=windows-1252 -Duser.country=FR -Duser.language=fr -Duser.variant 
java_command: com.android.dx.command.Main --dex --force-jumbo --num-threads=4 --multi-dex --output C:\Users\Famille\AndroidStudioProjects\Niviel\app\build\intermediates\transforms\dex\debug\folders\1000\10\jsoup-1.9.2_ecef94a6a7f4aa5a1465b1084b2edeb6df34e0f6 C:\Users\Famille\.gradle\caches\modules-2\files-2.1\org.jsoup\jsoup\1.9.2\5e3bda828a80c7a21dfbe2308d1755759c2fd7b4\jsoup-1.9.2.jar
java_class_path (initial): C:\Users\Famille\AppData\Local\Android\sdk\build-tools\23.0.2\lib\dx.jar
Launcher Type: SUN_STANDARD

Environment Variables:
JAVA_HOME=C:\Program Files\Java\jdk1.8.0_25
PATH=C:\Program Files\Broadcom\Broadcom 802.11 Network Adapter;;C:\Program Files\Broadcom\Broadcom 802.11;C:\ProgramData\Oracle\Java\javapath;C:\Program Files (x86)\Intel\iCLS Client\;C:\Program Files\Intel\iCLS Client\;C:\Windows\system32;C:\Windows;C:\Windows\System32\Wbem;C:\Windows\System32\WindowsPowerShell\v1.0\;C:\Program Files\Hewlett-Packard\SimplePass\;C:\wamp\bin\php\php5.5.12;C:\Python27;C:\Users\Famille\AppData\Roaming\npm\;C:\Program Files\nodejs\;C:\Program Files\Git\cmd;C:\Program Files (x86)\Brackets\command;C:\Program Files (x86)\Ant\bin;C:\Program Files (x86)\Maven\bin;C:\Program Files (x86)\Intel\Intel(R) Management Engine Components\DAL;C:\Program Files\Intel\Intel(R) Management Engine Components\DAL;C:\Program Files (x86)\Intel\Intel(R) Management Engine Components\IPT;C:\Program Files\Intel\Intel(R) Management Engine Components\IPT;C:\Users\Famille\AppData\Local\atom\bin;C:\Users\Famille\AppData\Roaming\npm
USERNAME=de Lachaux
OS=Windows_NT
PROCESSOR_IDENTIFIER=Intel64 Family 6 Model 69 Stepping 1, GenuineIntel



---------------  S Y S T E M  ---------------

OS: Windows 8.1 , 64 bit Build 9600 

CPU:total 4 (2 cores per cpu, 2 threads per core) family 6 model 69 stepping 1, cmov, cx8, fxsr, mmx, sse, sse2, sse3, ssse3, sse4.1, sse4.2, popcnt, avx, avx2, aes, clmul, erms, lzcnt, ht, tsc, tscinvbit, bmi1, bmi2

Memory: 4k page, physical 4122776k(219216k free), swap 5555352k(5644k free)

vm_info: Java HotSpot(TM) 64-Bit Server VM (25.25-b02) for windows-amd64 JRE (1.8.0_25-b18), built on Oct  7 2014 14:25:37 by "java_re" with MS VC++ 10.0 (VS2010)

time: Thu Aug 25 19:22:40 2016
elapsed time: 8 seconds (0d 0h 0m 8s)

