#
# There is insufficient memory for the Java Runtime Environment to continue.
# Native memory allocation (malloc) failed to allocate 1156304 bytes for Chunk::new
# Possible reasons:
#   The system is out of physical RAM or swap space
#   In 32 bit mode, the process size limit was hit
# Possible solutions:
#   Reduce memory load on the system
#   Increase physical memory or swap space
#   Check if swap backing store is full
#   Use 64 bit Java on a 64 bit OS
#   Decrease Java heap size (-Xmx/-Xms)
#   Decrease number of Java threads
#   Decrease Java thread stack sizes (-Xss)
#   Set larger code cache with -XX:ReservedCodeCacheSize=
# This output file may be truncated or incomplete.
#
#  Out of Memory Error (allocation.cpp:390), pid=14224, tid=14308
#
# JRE version: Java(TM) SE Runtime Environment (8.0_25-b18) (build 1.8.0_25-b18)
# Java VM: Java HotSpot(TM) 64-Bit Server VM (25.25-b02 mixed mode windows-amd64 compressed oops)
# Failed to write core dump. Minidumps are not enabled by default on client versions of Windows
#

---------------  T H R E A D  ---------------

Current thread (0x000000001505b800):  JavaThread "C2 CompilerThread0" daemon [_thread_in_native, id=14308, stack(0x00000000165b0000,0x00000000166b0000)]

Stack: [0x00000000165b0000,0x00000000166b0000]
Native frames: (J=compiled Java code, j=interpreted, Vv=VM code, C=native code)
V  [jvm.dll+0x31667a]


Current CompileTask:
C2:   4569 1314   !   4       com.android.dx.cf.code.BytecodeArray::parseInstruction (2764 bytes)


---------------  P R O C E S S  ---------------

Java Threads: ( => current thread )
  0x0000000016bac000 JavaThread "pool-2-thread-4" [_thread_blocked, id=13588, stack(0x0000000017ab0000,0x0000000017bb0000)]
  0x0000000016be9000 JavaThread "pool-2-thread-3" [_thread_blocked, id=13628, stack(0x00000000179b0000,0x0000000017ab0000)]
  0x0000000016be7000 JavaThread "pool-2-thread-2" [_thread_blocked, id=13584, stack(0x00000000178b0000,0x00000000179b0000)]
  0x0000000016bc1000 JavaThread "pool-3-thread-1" [_thread_blocked, id=13664, stack(0x00000000177b0000,0x00000000178b0000)]
  0x0000000016bc6000 JavaThread "pool-2-thread-1" [_thread_blocked, id=13616, stack(0x00000000176b0000,0x00000000177b0000)]
  0x00000000168c3000 JavaThread "Service Thread" daemon [_thread_blocked, id=14180, stack(0x0000000016cb0000,0x0000000016db0000)]
  0x00000000150b0800 JavaThread "C1 CompilerThread2" daemon [_thread_blocked, id=14144, stack(0x00000000167b0000,0x00000000168b0000)]
  0x0000000015061000 JavaThread "C2 CompilerThread1" daemon [_thread_in_native, id=13596, stack(0x00000000166b0000,0x00000000167b0000)]
=>0x000000001505b800 JavaThread "C2 CompilerThread0" daemon [_thread_in_native, id=14308, stack(0x00000000165b0000,0x00000000166b0000)]
  0x000000001505a800 JavaThread "Attach Listener" daemon [_thread_blocked, id=14312, stack(0x00000000164b0000,0x00000000165b0000)]
  0x0000000015059000 JavaThread "Signal Dispatcher" daemon [_thread_blocked, id=14372, stack(0x00000000163b0000,0x00000000164b0000)]
  0x000000000297e800 JavaThread "Finalizer" daemon [_thread_blocked, id=13576, stack(0x00000000162b0000,0x00000000163b0000)]
  0x000000000297d800 JavaThread "Reference Handler" daemon [_thread_blocked, id=13712, stack(0x00000000161b0000,0x00000000162b0000)]
  0x000000000288e000 JavaThread "main" [_thread_blocked, id=13384, stack(0x0000000002720000,0x0000000002820000)]

Other Threads:
  0x0000000015026800 VMThread [stack: 0x00000000160b0000,0x00000000161b0000] [id=13456]
  0x00000000168c4000 WatcherThread [stack: 0x0000000016db0000,0x0000000016eb0000] [id=14092]

VM state:at safepoint (normal execution)

VM Mutex/Monitor currently owned by a thread:  ([mutex/lock_event])
[0x000000000288cc20] Threads_lock - owner thread: 0x0000000015026800
[0x000000000288d2a0] Heap_lock - owner thread: 0x00000000150b0800
[0x0000000002890950] MethodData_lock - owner thread: 0x00000000150b0800

Heap:
 PSYoungGen      total 18944K, used 2547K [0x00000000eab00000, 0x00000000ed000000, 0x0000000100000000)
  eden space 16384K, 0% used [0x00000000eab00000,0x00000000eab00000,0x00000000ebb00000)
  from space 2560K, 99% used [0x00000000ebb00000,0x00000000ebd7cf88,0x00000000ebd80000)
  to   space 2560K, 0% used [0x00000000ecd80000,0x00000000ecd80000,0x00000000ed000000)
 ParOldGen       total 44032K, used 6099K [0x00000000c0000000, 0x00000000c2b00000, 0x00000000eab00000)
  object space 44032K, 13% used [0x00000000c0000000,0x00000000c05f4f38,0x00000000c2b00000)
 Metaspace       used 6061K, capacity 6960K, committed 7040K, reserved 1060864K
  class space    used 588K, capacity 616K, committed 640K, reserved 1048576K

Card table byte_map: [0x0000000011d50000,0x0000000011f60000] byte_map_base: 0x0000000011750000

Marking Bits: (ParMarkBitMap*) 0x0000000057b9d490
 Begin Bits: [0x00000000124c0000, 0x00000000134c0000)
 End Bits:   [0x00000000134c0000, 0x00000000144c0000)

Polling page: 0x0000000000eb0000

CodeCache: size=245760Kb used=5665Kb max_used=5665Kb free=240094Kb
 bounds [0x0000000002990000, 0x0000000002f20000, 0x0000000011990000]
 total_blobs=1699 nmethods=1435 adapters=178
 compilation: enabled

Compilation events (10 events):
Event: 4.437 Thread 0x00000000150b0800 1360   !   3       com.android.dx.cf.code.ExecutionStack::merge (31 bytes)
Event: 4.437 Thread 0x00000000150b0800 nmethod 1360 0x0000000002ed11d0 code [0x0000000002ed1380, 0x0000000002ed1828]
Event: 4.437 Thread 0x00000000150b0800 1362       1       java.util.HashMap$Node::getValue (5 bytes)
Event: 4.437 Thread 0x00000000150b0800 nmethod 1362 0x0000000002ed1990 code [0x0000000002ed1ae0, 0x0000000002ed1bf0]
Event: 4.441 Thread 0x00000000150b0800 1365       3       com.android.dx.ssa.DomFront::<init> (60 bytes)
Event: 4.442 Thread 0x00000000150b0800 nmethod 1365 0x0000000002ed1c50 code [0x0000000002ed1de0, 0x0000000002ed2430]
Event: 4.448 Thread 0x00000000150b0800 1366       3       com.android.dx.rop.cst.CstMethodRef::<init> (7 bytes)
Event: 4.448 Thread 0x00000000150b0800 nmethod 1366 0x0000000002ed2710 code [0x0000000002ed28a0, 0x0000000002ed2cb8]
Event: 4.449 Thread 0x00000000150b0800 1367       3       com.android.dx.ssa.DomFront::buildDomTree (72 bytes)
Event: 4.450 Thread 0x00000000150b0800 nmethod 1367 0x0000000002ed2e50 code [0x0000000002ed30a0, 0x0000000002ed3ec8]

GC Heap History (4 events):
Event: 3.868 GC heap before
{Heap before GC invocations=1 (full 0):
 PSYoungGen      total 18944K, used 16384K [0x00000000eab00000, 0x00000000ec000000, 0x0000000100000000)
  eden space 16384K, 100% used [0x00000000eab00000,0x00000000ebb00000,0x00000000ebb00000)
  from space 2560K, 0% used [0x00000000ebd80000,0x00000000ebd80000,0x00000000ec000000)
  to   space 2560K, 0% used [0x00000000ebb00000,0x00000000ebb00000,0x00000000ebd80000)
 ParOldGen       total 44032K, used 0K [0x00000000c0000000, 0x00000000c2b00000, 0x00000000eab00000)
  object space 44032K, 0% used [0x00000000c0000000,0x00000000c0000000,0x00000000c2b00000)
 Metaspace       used 5725K, capacity 6704K, committed 6784K, reserved 1056768K
  class space    used 584K, capacity 616K, committed 640K, reserved 1048576K
Event: 3.902 GC heap after
Heap after GC invocations=1 (full 0):
 PSYoungGen      total 18944K, used 2551K [0x00000000eab00000, 0x00000000ec000000, 0x0000000100000000)
  eden space 16384K, 0% used [0x00000000eab00000,0x00000000eab00000,0x00000000ebb00000)
  from space 2560K, 99% used [0x00000000ebb00000,0x00000000ebd7dc78,0x00000000ebd80000)
  to   space 2560K, 0% used [0x00000000ebd80000,0x00000000ebd80000,0x00000000ec000000)
 ParOldGen       total 44032K, used 1482K [0x00000000c0000000, 0x00000000c2b00000, 0x00000000eab00000)
  object space 44032K, 3% used [0x00000000c0000000,0x00000000c0172ac8,0x00000000c2b00000)
 Metaspace       used 5725K, capacity 6704K, committed 6784K, reserved 1056768K
  class space    used 584K, capacity 616K, committed 640K, reserved 1048576K
}
Event: 4.366 GC heap before
{Heap before GC invocations=2 (full 0):
 PSYoungGen      total 18944K, used 18935K [0x00000000eab00000, 0x00000000ec000000, 0x0000000100000000)
  eden space 16384K, 100% used [0x00000000eab00000,0x00000000ebb00000,0x00000000ebb00000)
  from space 2560K, 99% used [0x00000000ebb00000,0x00000000ebd7dc78,0x00000000ebd80000)
  to   space 2560K, 0% used [0x00000000ebd80000,0x00000000ebd80000,0x00000000ec000000)
 ParOldGen       total 44032K, used 1482K [0x00000000c0000000, 0x00000000c2b00000, 0x00000000eab00000)
  object space 44032K, 3% used [0x00000000c0000000,0x00000000c0172ac8,0x00000000c2b00000)
 Metaspace       used 6010K, capacity 6960K, committed 7040K, reserved 1056768K
  class space    used 587K, capacity 616K, committed 640K, reserved 1048576K
Event: 4.405 GC heap after
Heap after GC invocations=2 (full 0):
 PSYoungGen      total 18944K, used 2544K [0x00000000eab00000, 0x00000000ed000000, 0x0000000100000000)
  eden space 16384K, 0% used [0x00000000eab00000,0x00000000eab00000,0x00000000ebb00000)
  from space 2560K, 99% used [0x00000000ebd80000,0x00000000ebffc038,0x00000000ec000000)
  to   space 2560K, 0% used [0x00000000ebb00000,0x00000000ebb00000,0x00000000ebd80000)
 ParOldGen       total 44032K, used 3575K [0x00000000c0000000, 0x00000000c2b00000, 0x00000000eab00000)
  object space 44032K, 8% used [0x00000000c0000000,0x00000000c037dd78,0x00000000c2b00000)
 Metaspace       used 6010K, capacity 6960K, committed 7040K, reserved 1056768K
  class space    used 587K, capacity 616K, committed 640K, reserved 1048576K
}

Deoptimization events (2 events):
Event: 4.175 Thread 0x0000000016be7000 Uncommon trap: reason=null_check action=make_not_entrant pc=0x0000000002cceda4 method=com.android.dx.rop.type.Type.equals(Ljava/lang/Object;)Z @ 8
Event: 4.215 Thread 0x0000000016bac000 Uncommon trap: reason=null_check action=make_not_entrant pc=0x0000000002c743c8 method=com.android.dx.ssa.SsaRenamer.getLocalForNewReg(I)Lcom/android/dx/rop/code/LocalItem; @ 19

Internal exceptions (10 events):
Event: 3.260 Thread 0x0000000016bac000 Exception <a 'java/security/PrivilegedActionException'> (0x00000000eb34acd0) thrown at [D:\re\workspace\8-2-build-windows-amd64-cygwin\jdk8u25\1677\hotspot\src\share\vm\prims\jvm.cpp, line 1312]
Event: 3.263 Thread 0x0000000016bac000 Exception <a 'java/security/PrivilegedActionException'> (0x00000000eb3568c0) thrown at [D:\re\workspace\8-2-build-windows-amd64-cygwin\jdk8u25\1677\hotspot\src\share\vm\prims\jvm.cpp, line 1312]
Event: 3.267 Thread 0x000000000288e000 Exception <a 'java/security/PrivilegedActionException'> (0x00000000eb6d7838) thrown at [D:\re\workspace\8-2-build-windows-amd64-cygwin\jdk8u25\1677\hotspot\src\share\vm\prims\jvm.cpp, line 1312]
Event: 3.335 Thread 0x0000000016bc6000 Exception <a 'java/security/PrivilegedActionException'> (0x00000000eb851138) thrown at [D:\re\workspace\8-2-build-windows-amd64-cygwin\jdk8u25\1677\hotspot\src\share\vm\prims\jvm.cpp, line 1312]
Event: 4.121 Thread 0x000000000288e000 Exception <a 'java/security/PrivilegedActionException'> (0x00000000eb169988) thrown at [D:\re\workspace\8-2-build-windows-amd64-cygwin\jdk8u25\1677\hotspot\src\share\vm\prims\jvm.cpp, line 1312]
Event: 4.122 Thread 0x000000000288e000 Exception <a 'java/security/PrivilegedActionException'> (0x00000000eb16be38) thrown at [D:\re\workspace\8-2-build-windows-amd64-cygwin\jdk8u25\1677\hotspot\src\share\vm\prims\jvm.cpp, line 1312]
Event: 4.125 Thread 0x000000000288e000 Exception <a 'java/security/PrivilegedActionException'> (0x00000000eb1760e0) thrown at [D:\re\workspace\8-2-build-windows-amd64-cygwin\jdk8u25\1677\hotspot\src\share\vm\prims\jvm.cpp, line 1312]
Event: 4.125 Thread 0x000000000288e000 Exception <a 'java/security/PrivilegedActionException'> (0x00000000eb1787f0) thrown at [D:\re\workspace\8-2-build-windows-amd64-cygwin\jdk8u25\1677\hotspot\src\share\vm\prims\jvm.cpp, line 1312]
Event: 4.175 Thread 0x0000000016be7000 Implicit null exception at 0x0000000002cceca2 to 0x0000000002cced95
Event: 4.215 Thread 0x0000000016bac000 Implicit null exception at 0x0000000002c71f1f to 0x0000000002c743a1

Events (10 events):
Event: 4.175 Thread 0x0000000016be7000 Uncommon trap: trap_request=0xfffffff4 fr.pc=0x0000000002cceda4
Event: 4.175 Thread 0x0000000016be7000 DEOPT PACKING pc=0x0000000002cceda4 sp=0x00000000179ae450
Event: 4.175 Thread 0x0000000016be7000 DEOPT UNPACKING pc=0x00000000029d556a sp=0x00000000179ae3e8 mode 2
Event: 4.215 Thread 0x0000000016bac000 Uncommon trap: trap_request=0xfffffff4 fr.pc=0x0000000002c743c8
Event: 4.215 Thread 0x0000000016bac000 DEOPT PACKING pc=0x0000000002c743c8 sp=0x0000000017baea90
Event: 4.215 Thread 0x0000000016bac000 DEOPT UNPACKING pc=0x00000000029d556a sp=0x0000000017bae8d8 mode 2
Event: 4.231 Executing VM operation: ForceSafepoint
Event: 4.232 Executing VM operation: ForceSafepoint done
Event: 4.361 Executing VM operation: ParallelGCFailedAllocation
Event: 4.405 Executing VM operation: ParallelGCFailedAllocation done


Dynamic libraries:
0x00007ff620af0000 - 0x00007ff620b24000 	C:\Program Files\Java\jdk1.8.0_25\bin\java.exe
0x00007ffdb2fd0000 - 0x00007ffdb3191000 	C:\WINDOWS\SYSTEM32\ntdll.dll
0x00007ffdb2650000 - 0x00007ffdb26fd000 	C:\WINDOWS\system32\KERNEL32.DLL
0x00007ffdafe10000 - 0x00007ffdafff8000 	C:\WINDOWS\system32\KERNELBASE.dll
0x00007ffdb0d80000 - 0x00007ffdb0e27000 	C:\WINDOWS\system32\ADVAPI32.dll
0x00007ffdb1050000 - 0x00007ffdb10ed000 	C:\WINDOWS\system32\msvcrt.dll
0x00007ffdb2f70000 - 0x00007ffdb2fcb000 	C:\WINDOWS\system32\sechost.dll
0x00007ffdb0780000 - 0x00007ffdb089c000 	C:\WINDOWS\system32\RPCRT4.dll
0x00007ffdb2cf0000 - 0x00007ffdb2e46000 	C:\WINDOWS\system32\USER32.dll
0x00007ffdb0520000 - 0x00007ffdb06a6000 	C:\WINDOWS\system32\GDI32.dll
0x00007ffda7820000 - 0x00007ffda7a94000 	C:\WINDOWS\WinSxS\amd64_microsoft.windows.common-controls_6595b64144ccf1df_6.0.10586.494_none_a2d8b04ea53e3145\COMCTL32.dll
0x00007ffdb08a0000 - 0x00007ffdb0b1d000 	C:\WINDOWS\system32\combase.dll
0x00007ffdafd80000 - 0x00007ffdafdea000 	C:\WINDOWS\system32\bcryptPrimitives.dll
0x00007ffdb03d0000 - 0x00007ffdb040b000 	C:\WINDOWS\system32\IMM32.DLL
0x0000000056f00000 - 0x0000000056fd2000 	C:\Program Files\Java\jdk1.8.0_25\jre\bin\msvcr100.dll
0x00000000573c0000 - 0x0000000057c1a000 	C:\Program Files\Java\jdk1.8.0_25\jre\bin\server\jvm.dll
0x00007ffdb0d00000 - 0x00007ffdb0d08000 	C:\WINDOWS\system32\PSAPI.DLL
0x00007ffd9d1c0000 - 0x00007ffd9d1c9000 	C:\WINDOWS\SYSTEM32\WSOCK32.dll
0x00007ffdb0d10000 - 0x00007ffdb0d7b000 	C:\WINDOWS\system32\WS2_32.dll
0x00007ffdad8c0000 - 0x00007ffdad8e3000 	C:\WINDOWS\SYSTEM32\WINMM.dll
0x00007ffdad030000 - 0x00007ffdad05c000 	C:\WINDOWS\SYSTEM32\WINMMBASE.dll
0x00007ffdb0000000 - 0x00007ffdb0043000 	C:\WINDOWS\system32\cfgmgr32.dll
0x00000000573b0000 - 0x00000000573bf000 	C:\Program Files\Java\jdk1.8.0_25\jre\bin\verify.dll
0x0000000057380000 - 0x00000000573a8000 	C:\Program Files\Java\jdk1.8.0_25\jre\bin\java.dll
0x0000000057360000 - 0x0000000057376000 	C:\Program Files\Java\jdk1.8.0_25\jre\bin\zip.dll
0x00007ffdb10f0000 - 0x00007ffdb264c000 	C:\WINDOWS\system32\SHELL32.dll
0x00007ffdaf730000 - 0x00007ffdafd75000 	C:\WINDOWS\system32\windows.storage.dll
0x00007ffdb2c90000 - 0x00007ffdb2ce2000 	C:\WINDOWS\system32\shlwapi.dll
0x00007ffdaf670000 - 0x00007ffdaf67f000 	C:\WINDOWS\system32\kernel.appcore.dll
0x00007ffdb0140000 - 0x00007ffdb01f5000 	C:\WINDOWS\system32\shcore.dll
0x00007ffdaf5f0000 - 0x00007ffdaf63b000 	C:\WINDOWS\system32\powrprof.dll
0x00007ffdaf640000 - 0x00007ffdaf654000 	C:\WINDOWS\system32\profapi.dll

VM Arguments:
jvm_args: -Djava.awt.headless=true -Xmx1024M -Dfile.encoding=windows-1252 -Duser.country=FR -Duser.language=fr -Duser.variant 
java_command: com.android.dx.command.Main --dex --force-jumbo --num-threads=4 --multi-dex --output C:\Users\Famille\AndroidStudioProjects\Niviel\app\build\intermediates\transforms\dex\debug\folders\1000\10\gson-2.5_5e8b5468139ba08580ff9ef35e6638782f5f99af C:\Users\Famille\.gradle\caches\modules-2\files-2.1\com.google.code.gson\gson\2.5\686c608d1805b6d4d425ec4459e88164ffc85870\gson-2.5.jar
java_class_path (initial): C:\Users\Famille\AppData\Local\Android\sdk\build-tools\23.0.2\lib\dx.jar
Launcher Type: SUN_STANDARD

Environment Variables:
JAVA_HOME=C:\Program Files\Java\jdk1.8.0_25
PATH=C:\Program Files\Broadcom\Broadcom 802.11 Network Adapter;;C:\Program Files\Broadcom\Broadcom 802.11;C:\ProgramData\Oracle\Java\javapath;C:\Program Files (x86)\Intel\iCLS Client\;C:\Program Files\Intel\iCLS Client\;C:\Windows\system32;C:\Windows;C:\Windows\System32\Wbem;C:\Windows\System32\WindowsPowerShell\v1.0\;C:\Program Files\Hewlett-Packard\SimplePass\;C:\wamp\bin\php\php5.5.12;C:\Python27;C:\Users\Famille\AppData\Roaming\npm\;C:\Program Files\nodejs\;C:\Program Files\Git\cmd;C:\Program Files (x86)\Brackets\command;C:\Program Files (x86)\Ant\bin;C:\Program Files (x86)\Maven\bin;C:\Program Files (x86)\Intel\Intel(R) Management Engine Components\DAL;C:\Program Files\Intel\Intel(R) Management Engine Components\DAL;C:\Program Files (x86)\Intel\Intel(R) Management Engine Components\IPT;C:\Program Files\Intel\Intel(R) Management Engine Components\IPT;C:\Users\Famille\AppData\Local\atom\bin;C:\Users\Famille\AppData\Roaming\npm
USERNAME=de Lachaux
OS=Windows_NT
PROCESSOR_IDENTIFIER=Intel64 Family 6 Model 69 Stepping 1, GenuineIntel



---------------  S Y S T E M  ---------------

OS: Windows 8.1 , 64 bit Build 9600 

CPU:total 4 (2 cores per cpu, 2 threads per core) family 6 model 69 stepping 1, cmov, cx8, fxsr, mmx, sse, sse2, sse3, ssse3, sse4.1, sse4.2, popcnt, avx, avx2, aes, clmul, erms, lzcnt, ht, tsc, tscinvbit, bmi1, bmi2

Memory: 4k page, physical 4122776k(395164k free), swap 5555352k(4160k free)

vm_info: Java HotSpot(TM) 64-Bit Server VM (25.25-b02) for windows-amd64 JRE (1.8.0_25-b18), built on Oct  7 2014 14:25:37 by "java_re" with MS VC++ 10.0 (VS2010)

time: Mon Aug 22 17:55:53 2016
elapsed time: 4 seconds (0d 0h 0m 4s)

