#
# There is insufficient memory for the Java Runtime Environment to continue.
# Native memory allocation (malloc) failed to allocate 40960 bytes for Chunk::new
# Possible reasons:
#   The system is out of physical RAM or swap space
#   In 32 bit mode, the process size limit was hit
# Possible solutions:
#   Reduce memory load on the system
#   Increase physical memory or swap space
#   Check if swap backing store is full
#   Use 64 bit Java on a 64 bit OS
#   Decrease Java heap size (-Xmx/-Xms)
#   Decrease number of Java threads
#   Decrease Java thread stack sizes (-Xss)
#   Set larger code cache with -XX:ReservedCodeCacheSize=
# This output file may be truncated or incomplete.
#
#  Out of Memory Error (allocation.cpp:390), pid=10628, tid=15128
#
# JRE version: Java(TM) SE Runtime Environment (8.0_25-b18) (build 1.8.0_25-b18)
# Java VM: Java HotSpot(TM) 64-Bit Server VM (25.25-b02 mixed mode windows-amd64 compressed oops)
# Failed to write core dump. Minidumps are not enabled by default on client versions of Windows
#

---------------  T H R E A D  ---------------

Current thread (0x00000000148ef000):  JavaThread "C2 CompilerThread1" daemon [_thread_in_native, id=15128, stack(0x0000000015f00000,0x0000000016000000)]

Stack: [0x0000000015f00000,0x0000000016000000]
Native frames: (J=compiled Java code, j=interpreted, Vv=VM code, C=native code)
V  [jvm.dll+0x31667a]
V  [jvm.dll+0x267073]
V  [jvm.dll+0x267cb3]
V  [jvm.dll+0x25f5b5]
V  [jvm.dll+0xbf165]
V  [jvm.dll+0xbf60c]
V  [jvm.dll+0x45dc1d]
V  [jvm.dll+0x49e8ef]
V  [jvm.dll+0x4524ef]
V  [jvm.dll+0x453864]
V  [jvm.dll+0x437372]
V  [jvm.dll+0x98a02]
V  [jvm.dll+0x991f3]
V  [jvm.dll+0x22bde4]
V  [jvm.dll+0x2852fa]
C  [msvcr100.dll+0x21d9f]
C  [msvcr100.dll+0x21e3b]
C  [KERNEL32.DLL+0x18102]
C  [ntdll.dll+0x5c5b4]


Current CompileTask:
C2:   1728 1069       4       com.android.dx.ssa.SsaInsn::mapRegisters (35 bytes)


---------------  P R O C E S S  ---------------

Java Threads: ( => current thread )
  0x0000000016535000 JavaThread "pool-2-thread-4" [_thread_blocked, id=14904, stack(0x0000000016b00000,0x0000000016c00000)]
  0x0000000016534000 JavaThread "pool-2-thread-3" [_thread_blocked, id=14744, stack(0x0000000016a00000,0x0000000016b00000)]
  0x0000000016529800 JavaThread "pool-2-thread-2" [_thread_in_Java, id=8540, stack(0x0000000016900000,0x0000000016a00000)]
  0x0000000016474000 JavaThread "pool-3-thread-1" [_thread_blocked, id=14264, stack(0x0000000016800000,0x0000000016900000)]
  0x000000001646f800 JavaThread "pool-2-thread-1" [_thread_in_Java, id=432, stack(0x0000000016700000,0x0000000016800000)]
  0x00000000148fb000 JavaThread "Service Thread" daemon [_thread_blocked, id=15148, stack(0x0000000016100000,0x0000000016200000)]
  0x00000000148f3800 JavaThread "C1 CompilerThread2" daemon [_thread_blocked, id=14796, stack(0x0000000016000000,0x0000000016100000)]
=>0x00000000148ef000 JavaThread "C2 CompilerThread1" daemon [_thread_in_native, id=15128, stack(0x0000000015f00000,0x0000000016000000)]
  0x000000001489c000 JavaThread "C2 CompilerThread0" daemon [_thread_in_native, id=15056, stack(0x0000000015e00000,0x0000000015f00000)]
  0x000000001489a800 JavaThread "Attach Listener" daemon [_thread_blocked, id=12164, stack(0x0000000015d00000,0x0000000015e00000)]
  0x0000000014899800 JavaThread "Signal Dispatcher" daemon [_thread_blocked, id=11396, stack(0x0000000015c00000,0x0000000015d00000)]
  0x0000000002110800 JavaThread "Finalizer" daemon [_thread_blocked, id=5860, stack(0x0000000015b00000,0x0000000015c00000)]
  0x000000000210d000 JavaThread "Reference Handler" daemon [_thread_blocked, id=14716, stack(0x0000000015a00000,0x0000000015b00000)]
  0x00000000021ce000 JavaThread "main" [_thread_blocked, id=14988, stack(0x0000000001ea0000,0x0000000001fa0000)]

Other Threads:
  0x0000000014866800 VMThread [stack: 0x0000000015900000,0x0000000015a00000] [id=13116]
  0x00000000148fd800 WatcherThread [stack: 0x0000000016200000,0x0000000016300000] [id=14276]

VM state:not at safepoint (normal execution)

VM Mutex/Monitor currently owned by a thread: None

Heap:
 PSYoungGen      total 18944K, used 15791K [0x00000000eab00000, 0x00000000ec000000, 0x0000000100000000)
  eden space 16384K, 80% used [0x00000000eab00000,0x00000000eb7ee160,0x00000000ebb00000)
  from space 2560K, 99% used [0x00000000ebb00000,0x00000000ebd7dab0,0x00000000ebd80000)
  to   space 2560K, 0% used [0x00000000ebd80000,0x00000000ebd80000,0x00000000ec000000)
 ParOldGen       total 44032K, used 1983K [0x00000000c0000000, 0x00000000c2b00000, 0x00000000eab00000)
  object space 44032K, 4% used [0x00000000c0000000,0x00000000c01eff10,0x00000000c2b00000)
 Metaspace       used 5833K, capacity 6896K, committed 7040K, reserved 1056768K
  class space    used 587K, capacity 616K, committed 640K, reserved 1048576K

Card table byte_map: [0x0000000011590000,0x00000000117a0000] byte_map_base: 0x0000000010f90000

Marking Bits: (ParMarkBitMap*) 0x0000000057b9d490
 Begin Bits: [0x0000000011d00000, 0x0000000012d00000)
 End Bits:   [0x0000000012d00000, 0x0000000013d00000)

Polling page: 0x0000000000550000

CodeCache: size=245760Kb used=4469Kb max_used=4469Kb free=241290Kb
 bounds [0x00000000021d0000, 0x0000000002640000, 0x00000000111d0000]
 total_blobs=1428 nmethods=1163 adapters=178
 compilation: enabled

Compilation events (10 events):
Event: 1.707 Thread 0x00000000148f3800 nmethod 1152 0x000000000261fbd0 code [0x000000000261fd40, 0x0000000002620068]
Event: 1.707 Thread 0x00000000148f3800 1153       3       com.android.dx.ssa.SsaRenamer::equalsHandlesNulls (23 bytes)
Event: 1.708 Thread 0x00000000148f3800 nmethod 1153 0x0000000002620190 code [0x0000000002620300, 0x00000000026205c8]
Event: 1.708 Thread 0x00000000148f3800 1150       3       com.android.dx.ssa.SsaBasicBlock::addPhiInsnForReg (18 bytes)
Event: 1.708 Thread 0x00000000148f3800 nmethod 1150 0x0000000002620690 code [0x0000000002620860, 0x0000000002620f68]
Event: 1.708 Thread 0x00000000148f3800 1151       3       com.android.dx.ssa.PhiInsn::<init> (29 bytes)
Event: 1.709 Thread 0x00000000148f3800 nmethod 1151 0x0000000002621410 code [0x00000000026215c0, 0x0000000002621bb8]
Event: 1.709 Thread 0x00000000148f3800 1154       3       com.android.dx.ssa.SsaRenamer::access$500 (6 bytes)
Event: 1.709 Thread 0x00000000148f3800 nmethod 1154 0x0000000002621ed0 code [0x0000000002622080, 0x00000000026225f8]
Event: 1.709 Thread 0x00000000148f3800 1155       3       com.android.dx.ssa.SsaRenamer$BlockRenamer::visitMoveInsn (271 bytes)

GC Heap History (2 events):
Event: 1.406 GC heap before
{Heap before GC invocations=1 (full 0):
 PSYoungGen      total 18944K, used 16384K [0x00000000eab00000, 0x00000000ec000000, 0x0000000100000000)
  eden space 16384K, 100% used [0x00000000eab00000,0x00000000ebb00000,0x00000000ebb00000)
  from space 2560K, 0% used [0x00000000ebd80000,0x00000000ebd80000,0x00000000ec000000)
  to   space 2560K, 0% used [0x00000000ebb00000,0x00000000ebb00000,0x00000000ebd80000)
 ParOldGen       total 44032K, used 0K [0x00000000c0000000, 0x00000000c2b00000, 0x00000000eab00000)
  object space 44032K, 0% used [0x00000000c0000000,0x00000000c0000000,0x00000000c2b00000)
 Metaspace       used 5648K, capacity 6768K, committed 7040K, reserved 1056768K
  class space    used 578K, capacity 616K, committed 640K, reserved 1048576K
Event: 1.413 GC heap after
Heap after GC invocations=1 (full 0):
 PSYoungGen      total 18944K, used 2550K [0x00000000eab00000, 0x00000000ec000000, 0x0000000100000000)
  eden space 16384K, 0% used [0x00000000eab00000,0x00000000eab00000,0x00000000ebb00000)
  from space 2560K, 99% used [0x00000000ebb00000,0x00000000ebd7dab0,0x00000000ebd80000)
  to   space 2560K, 0% used [0x00000000ebd80000,0x00000000ebd80000,0x00000000ec000000)
 ParOldGen       total 44032K, used 1983K [0x00000000c0000000, 0x00000000c2b00000, 0x00000000eab00000)
  object space 44032K, 4% used [0x00000000c0000000,0x00000000c01eff10,0x00000000c2b00000)
 Metaspace       used 5648K, capacity 6768K, committed 7040K, reserved 1056768K
  class space    used 578K, capacity 616K, committed 640K, reserved 1048576K
}

Deoptimization events (10 events):
Event: 1.079 Thread 0x0000000016535000 Uncommon trap: reason=speculate_class_check action=maybe_recompile pc=0x00000000023942a4 method=com.android.dx.rop.cst.Constant.compareTo(Lcom/android/dx/rop/cst/Constant;)I @ 29
Event: 1.238 Thread 0x0000000016535000 Uncommon trap: reason=class_check action=maybe_recompile pc=0x0000000002392ab0 method=com.android.dx.rop.cst.CstMemberRef.compareTo0(Lcom/android/dx/rop/cst/Constant;)I @ 1
Event: 1.239 Thread 0x0000000016529800 Uncommon trap: reason=class_check action=maybe_recompile pc=0x0000000002392ab0 method=com.android.dx.rop.cst.CstMemberRef.compareTo0(Lcom/android/dx/rop/cst/Constant;)I @ 1
Event: 1.239 Thread 0x0000000016529800 Uncommon trap: reason=class_check action=maybe_recompile pc=0x0000000002392ab0 method=com.android.dx.rop.cst.CstMemberRef.compareTo0(Lcom/android/dx/rop/cst/Constant;)I @ 1
Event: 1.239 Thread 0x00000000021ce000 Uncommon trap: reason=class_check action=maybe_recompile pc=0x0000000002392ab0 method=com.android.dx.rop.cst.CstMemberRef.compareTo0(Lcom/android/dx/rop/cst/Constant;)I @ 1
Event: 1.691 Thread 0x000000001646f800 Uncommon trap: reason=unreached action=reinterpret pc=0x0000000002533b54 method=com.android.dx.rop.code.RegisterSpec.equals(ILcom/android/dx/rop/type/TypeBearer;Lcom/android/dx/rop/code/LocalItem;)Z @ 24
Event: 1.692 Thread 0x000000001646f800 Uncommon trap: reason=unreached action=reinterpret pc=0x000000000246d730 method=com.android.dx.rop.code.RegisterSpec.equals(ILcom/android/dx/rop/type/TypeBearer;Lcom/android/dx/rop/code/LocalItem;)Z @ 24
Event: 1.694 Thread 0x000000001646f800 Uncommon trap: reason=unloaded action=reinterpret pc=0x00000000024fc890 method=com.android.dx.ssa.SsaRenamer$BlockRenamer.visitMoveInsn(Lcom/android/dx/ssa/NormalSsaInsn;)V @ 208
Event: 1.695 Thread 0x000000001646f800 Uncommon trap: reason=unloaded action=reinterpret pc=0x00000000024c8e60 method=com.android.dx.ssa.SsaRenamer$BlockRenamer.visitMoveInsn(Lcom/android/dx/ssa/NormalSsaInsn;)V @ 208
Event: 1.699 Thread 0x000000001646f800 Uncommon trap: reason=unreached action=reinterpret pc=0x000000000237ac9c method=com.android.dx.rop.cst.Constant.compareTo(Lcom/android/dx/rop/cst/Constant;)I @ 12

Internal exceptions (10 events):
Event: 1.680 Thread 0x00000000021ce000 Exception <a 'java/security/PrivilegedActionException'> (0x00000000eb4d1c80) thrown at [D:\re\workspace\8-2-build-windows-amd64-cygwin\jdk8u25\1677\hotspot\src\share\vm\prims\jvm.cpp, line 1312]
Event: 1.681 Thread 0x00000000021ce000 Exception <a 'java/security/PrivilegedActionException'> (0x00000000eb4d5950) thrown at [D:\re\workspace\8-2-build-windows-amd64-cygwin\jdk8u25\1677\hotspot\src\share\vm\prims\jvm.cpp, line 1312]
Event: 1.681 Thread 0x00000000021ce000 Exception <a 'java/security/PrivilegedActionException'> (0x00000000eb4d80b8) thrown at [D:\re\workspace\8-2-build-windows-amd64-cygwin\jdk8u25\1677\hotspot\src\share\vm\prims\jvm.cpp, line 1312]
Event: 1.682 Thread 0x00000000021ce000 Exception <a 'java/security/PrivilegedActionException'> (0x00000000eb4dbe98) thrown at [D:\re\workspace\8-2-build-windows-amd64-cygwin\jdk8u25\1677\hotspot\src\share\vm\prims\jvm.cpp, line 1312]
Event: 1.683 Thread 0x00000000021ce000 Exception <a 'java/security/PrivilegedActionException'> (0x00000000eb4e5c28) thrown at [D:\re\workspace\8-2-build-windows-amd64-cygwin\jdk8u25\1677\hotspot\src\share\vm\prims\jvm.cpp, line 1312]
Event: 1.685 Thread 0x00000000021ce000 Exception <a 'java/security/PrivilegedActionException'> (0x00000000eb4f1200) thrown at [D:\re\workspace\8-2-build-windows-amd64-cygwin\jdk8u25\1677\hotspot\src\share\vm\prims\jvm.cpp, line 1312]
Event: 1.688 Thread 0x00000000021ce000 Exception <a 'java/security/PrivilegedActionException'> (0x00000000eb4f89d0) thrown at [D:\re\workspace\8-2-build-windows-amd64-cygwin\jdk8u25\1677\hotspot\src\share\vm\prims\jvm.cpp, line 1312]
Event: 1.701 Thread 0x000000001646f800 Exception <a 'java/security/PrivilegedActionException'> (0x00000000eb58a1a8) thrown at [D:\re\workspace\8-2-build-windows-amd64-cygwin\jdk8u25\1677\hotspot\src\share\vm\prims\jvm.cpp, line 1312]
Event: 1.702 Thread 0x000000001646f800 Exception <a 'java/security/PrivilegedActionException'> (0x00000000eb58fc18) thrown at [D:\re\workspace\8-2-build-windows-amd64-cygwin\jdk8u25\1677\hotspot\src\share\vm\prims\jvm.cpp, line 1312]
Event: 1.703 Thread 0x000000001646f800 Exception <a 'java/security/PrivilegedActionException'> (0x00000000eb5c1538) thrown at [D:\re\workspace\8-2-build-windows-amd64-cygwin\jdk8u25\1677\hotspot\src\share\vm\prims\jvm.cpp, line 1312]

Events (10 events):
Event: 1.695 Thread 0x000000001646f800 DEOPT UNPACKING pc=0x000000000221556a sp=0x00000000167feac0 mode 2
Event: 1.699 Thread 0x000000001646f800 Uncommon trap: trap_request=0xffffffad fr.pc=0x000000000237ac9c
Event: 1.699 Thread 0x000000001646f800 DEOPT PACKING pc=0x000000000237ac9c sp=0x00000000167fe990
Event: 1.699 Thread 0x000000001646f800 DEOPT UNPACKING pc=0x000000000221556a sp=0x00000000167fe930 mode 2
Event: 1.701 loading class com/android/dx/dex/file/ParameterAnnotationStruct
Event: 1.701 loading class com/android/dx/dex/file/ParameterAnnotationStruct done
Event: 1.702 loading class com/android/dx/dex/file/UniformListItem
Event: 1.702 loading class com/android/dx/dex/file/UniformListItem done
Event: 1.703 loading class com/android/dx/dex/file/AnnotationSetRefItem
Event: 1.703 loading class com/android/dx/dex/file/AnnotationSetRefItem done


Dynamic libraries:
0x00007ff620af0000 - 0x00007ff620b24000 	C:\Program Files\Java\jdk1.8.0_25\bin\java.exe
0x00007ffdb2fd0000 - 0x00007ffdb3191000 	C:\WINDOWS\SYSTEM32\ntdll.dll
0x00007ffdb2650000 - 0x00007ffdb26fd000 	C:\WINDOWS\system32\KERNEL32.DLL
0x00007ffdafe10000 - 0x00007ffdafff8000 	C:\WINDOWS\system32\KERNELBASE.dll
0x00007ffdb0d80000 - 0x00007ffdb0e27000 	C:\WINDOWS\system32\ADVAPI32.dll
0x00007ffdb1050000 - 0x00007ffdb10ed000 	C:\WINDOWS\system32\msvcrt.dll
0x00007ffdb2f70000 - 0x00007ffdb2fcb000 	C:\WINDOWS\system32\sechost.dll
0x00007ffdb0780000 - 0x00007ffdb089c000 	C:\WINDOWS\system32\RPCRT4.dll
0x00007ffdb2cf0000 - 0x00007ffdb2e46000 	C:\WINDOWS\system32\USER32.dll
0x00007ffdb0520000 - 0x00007ffdb06a6000 	C:\WINDOWS\system32\GDI32.dll
0x00007ffda7820000 - 0x00007ffda7a94000 	C:\WINDOWS\WinSxS\amd64_microsoft.windows.common-controls_6595b64144ccf1df_6.0.10586.494_none_a2d8b04ea53e3145\COMCTL32.dll
0x00007ffdb08a0000 - 0x00007ffdb0b1d000 	C:\WINDOWS\system32\combase.dll
0x00007ffdafd80000 - 0x00007ffdafdea000 	C:\WINDOWS\system32\bcryptPrimitives.dll
0x00007ffdb03d0000 - 0x00007ffdb040b000 	C:\WINDOWS\system32\IMM32.DLL
0x0000000056f00000 - 0x0000000056fd2000 	C:\Program Files\Java\jdk1.8.0_25\jre\bin\msvcr100.dll
0x00000000573c0000 - 0x0000000057c1a000 	C:\Program Files\Java\jdk1.8.0_25\jre\bin\server\jvm.dll
0x00007ffdb0d00000 - 0x00007ffdb0d08000 	C:\WINDOWS\system32\PSAPI.DLL
0x00007ffd9d1c0000 - 0x00007ffd9d1c9000 	C:\WINDOWS\SYSTEM32\WSOCK32.dll
0x00007ffdb0d10000 - 0x00007ffdb0d7b000 	C:\WINDOWS\system32\WS2_32.dll
0x00007ffdad8c0000 - 0x00007ffdad8e3000 	C:\WINDOWS\SYSTEM32\WINMM.dll
0x00007ffdad030000 - 0x00007ffdad05c000 	C:\WINDOWS\SYSTEM32\WINMMBASE.dll
0x00007ffdb0000000 - 0x00007ffdb0043000 	C:\WINDOWS\system32\cfgmgr32.dll
0x00000000573b0000 - 0x00000000573bf000 	C:\Program Files\Java\jdk1.8.0_25\jre\bin\verify.dll
0x0000000057380000 - 0x00000000573a8000 	C:\Program Files\Java\jdk1.8.0_25\jre\bin\java.dll
0x0000000057360000 - 0x0000000057376000 	C:\Program Files\Java\jdk1.8.0_25\jre\bin\zip.dll
0x00007ffdb10f0000 - 0x00007ffdb264c000 	C:\WINDOWS\system32\SHELL32.dll
0x00007ffdaf730000 - 0x00007ffdafd75000 	C:\WINDOWS\system32\windows.storage.dll
0x00007ffdb2c90000 - 0x00007ffdb2ce2000 	C:\WINDOWS\system32\shlwapi.dll
0x00007ffdaf670000 - 0x00007ffdaf67f000 	C:\WINDOWS\system32\kernel.appcore.dll
0x00007ffdb0140000 - 0x00007ffdb01f5000 	C:\WINDOWS\system32\shcore.dll
0x00007ffdaf5f0000 - 0x00007ffdaf63b000 	C:\WINDOWS\system32\powrprof.dll
0x00007ffdaf640000 - 0x00007ffdaf654000 	C:\WINDOWS\system32\profapi.dll
0x00007ffd9aee0000 - 0x00007ffd9b06c000 	C:\WINDOWS\SYSTEM32\dbghelp.dll

VM Arguments:
jvm_args: -Djava.awt.headless=true -Xmx1024M -Dfile.encoding=windows-1252 -Duser.country=FR -Duser.language=fr -Duser.variant 
java_command: com.android.dx.command.Main --dex --force-jumbo --num-threads=4 --multi-dex --output C:\Users\Famille\AndroidStudioProjects\Niviel\app\build\intermediates\transforms\dex\debug\folders\1000\5\slice_0 C:\Users\Famille\AndroidStudioProjects\Niviel\app\build\intermediates\transforms\instantRunSlicer\debug\folders\1\5\slice_0
java_class_path (initial): C:\Users\Famille\AppData\Local\Android\sdk\build-tools\23.0.2\lib\dx.jar
Launcher Type: SUN_STANDARD

Environment Variables:
JAVA_HOME=C:\Program Files\Java\jdk1.8.0_25
PATH=C:\Program Files\Broadcom\Broadcom 802.11 Network Adapter;;C:\Program Files\Broadcom\Broadcom 802.11;C:\ProgramData\Oracle\Java\javapath;C:\Program Files (x86)\Intel\iCLS Client\;C:\Program Files\Intel\iCLS Client\;C:\Windows\system32;C:\Windows;C:\Windows\System32\Wbem;C:\Windows\System32\WindowsPowerShell\v1.0\;C:\Program Files\Hewlett-Packard\SimplePass\;C:\wamp\bin\php\php5.5.12;C:\Python27;C:\Users\Famille\AppData\Roaming\npm\;C:\Program Files\nodejs\;C:\Program Files\Git\cmd;C:\Program Files (x86)\Brackets\command;C:\Program Files (x86)\Ant\bin;C:\Program Files (x86)\Maven\bin;C:\Program Files (x86)\Intel\Intel(R) Management Engine Components\DAL;C:\Program Files\Intel\Intel(R) Management Engine Components\DAL;C:\Program Files (x86)\Intel\Intel(R) Management Engine Components\IPT;C:\Program Files\Intel\Intel(R) Management Engine Components\IPT;C:\Users\Famille\AppData\Local\atom\bin;C:\Users\Famille\AppData\Roaming\npm
USERNAME=de Lachaux
OS=Windows_NT
PROCESSOR_IDENTIFIER=Intel64 Family 6 Model 69 Stepping 1, GenuineIntel



---------------  S Y S T E M  ---------------

OS: Windows 8.1 , 64 bit Build 9600 

CPU:total 4 (2 cores per cpu, 2 threads per core) family 6 model 69 stepping 1, cmov, cx8, fxsr, mmx, sse, sse2, sse3, ssse3, sse4.1, sse4.2, popcnt, avx, avx2, aes, clmul, erms, lzcnt, ht, tsc, tscinvbit, bmi1, bmi2

Memory: 4k page, physical 4122776k(577400k free), swap 5555352k(4132k free)

vm_info: Java HotSpot(TM) 64-Bit Server VM (25.25-b02) for windows-amd64 JRE (1.8.0_25-b18), built on Oct  7 2014 14:25:37 by "java_re" with MS VC++ 10.0 (VS2010)

time: Mon Aug 22 17:55:47 2016
elapsed time: 1 seconds (0d 0h 0m 1s)

