#
# There is insufficient memory for the Java Runtime Environment to continue.
# Native memory allocation (malloc) failed to allocate 1084752 bytes for Chunk::new
# Possible reasons:
#   The system is out of physical RAM or swap space
#   In 32 bit mode, the process size limit was hit
# Possible solutions:
#   Reduce memory load on the system
#   Increase physical memory or swap space
#   Check if swap backing store is full
#   Use 64 bit Java on a 64 bit OS
#   Decrease Java heap size (-Xmx/-Xms)
#   Decrease number of Java threads
#   Decrease Java thread stack sizes (-Xss)
#   Set larger code cache with -XX:ReservedCodeCacheSize=
# This output file may be truncated or incomplete.
#
#  Out of Memory Error (allocation.cpp:390), pid=20888, tid=26796
#
# JRE version: Java(TM) SE Runtime Environment (8.0_25-b18) (build 1.8.0_25-b18)
# Java VM: Java HotSpot(TM) 64-Bit Server VM (25.25-b02 mixed mode windows-amd64 compressed oops)
# Failed to write core dump. Minidumps are not enabled by default on client versions of Windows
#

---------------  T H R E A D  ---------------

Current thread (0x0000000015554800):  JavaThread "C2 CompilerThread1" daemon [_thread_in_native, id=26796, stack(0x0000000016b90000,0x0000000016c90000)]

Stack: [0x0000000016b90000,0x0000000016c90000]
Native frames: (J=compiled Java code, j=interpreted, Vv=VM code, C=native code)
V  [jvm.dll+0x31667a]
V  [jvm.dll+0x267073]
V  [jvm.dll+0x267cb3]
V  [jvm.dll+0x25f5b5]
V  [jvm.dll+0xbf165]
V  [jvm.dll+0xbf60c]
V  [jvm.dll+0x44af32]
V  [jvm.dll+0x4c06e5]
V  [jvm.dll+0x4c131f]
V  [jvm.dll+0x451121]
V  [jvm.dll+0x4538f8]
V  [jvm.dll+0x437372]
V  [jvm.dll+0x98a02]
V  [jvm.dll+0x991f3]
V  [jvm.dll+0x22bde4]
V  [jvm.dll+0x2852fa]
C  [msvcr100.dll+0x21d9f]
C  [msvcr100.dll+0x21e3b]
C  [KERNEL32.DLL+0x18102]
C  [ntdll.dll+0x5c5b4]


Current CompileTask:
C2:  16404 1512       4       com.android.dx.dex.code.RopToDop::dopFor (792 bytes)


---------------  P R O C E S S  ---------------

Java Threads: ( => current thread )
  0x0000000002d4e000 JavaThread "DestroyJavaVM" [_thread_blocked, id=26632, stack(0x0000000002b80000,0x0000000002c80000)]
  0x000000001558e000 JavaThread "Service Thread" daemon [_thread_blocked, id=26324, stack(0x0000000017190000,0x0000000017290000)]
  0x0000000015584800 JavaThread "C1 CompilerThread2" daemon [_thread_blocked, id=27424, stack(0x0000000016c90000,0x0000000016d90000)]
=>0x0000000015554800 JavaThread "C2 CompilerThread1" daemon [_thread_in_native, id=26796, stack(0x0000000016b90000,0x0000000016c90000)]
  0x000000001552c000 JavaThread "C2 CompilerThread0" daemon [_thread_in_native, id=27232, stack(0x0000000016a90000,0x0000000016b90000)]
  0x000000001552a800 JavaThread "Attach Listener" daemon [_thread_blocked, id=27148, stack(0x0000000016990000,0x0000000016a90000)]
  0x0000000015529800 JavaThread "Signal Dispatcher" daemon [_thread_blocked, id=27172, stack(0x0000000016890000,0x0000000016990000)]
  0x0000000002e50800 JavaThread "Finalizer" daemon [_thread_blocked, id=27560, stack(0x0000000016790000,0x0000000016890000)]
  0x0000000002e4d000 JavaThread "Reference Handler" daemon [_thread_blocked, id=26320, stack(0x0000000016690000,0x0000000016790000)]

Other Threads:
  0x00000000154f6800 VMThread [stack: 0x0000000016590000,0x0000000016690000] [id=27176]
  0x0000000016d92000 WatcherThread [stack: 0x0000000017290000,0x0000000017390000] [id=27444]

VM state:not at safepoint (normal execution)

VM Mutex/Monitor currently owned by a thread: None

Heap:
 PSYoungGen      total 35328K, used 27495K [0x00000000eab00000, 0x00000000ed000000, 0x0000000100000000)
  eden space 32768K, 76% used [0x00000000eab00000,0x00000000ec35cfe8,0x00000000ecb00000)
  from space 2560K, 99% used [0x00000000ecb00000,0x00000000ecd7d000,0x00000000ecd80000)
  to   space 2560K, 0% used [0x00000000ecd80000,0x00000000ecd80000,0x00000000ed000000)
 ParOldGen       total 44032K, used 18915K [0x00000000c0000000, 0x00000000c2b00000, 0x00000000eab00000)
  object space 44032K, 42% used [0x00000000c0000000,0x00000000c1278e60,0x00000000c2b00000)
 Metaspace       used 6927K, capacity 7608K, committed 7936K, reserved 1056768K
  class space    used 647K, capacity 688K, committed 768K, reserved 1048576K

Card table byte_map: [0x0000000012220000,0x0000000012430000] byte_map_base: 0x0000000011c20000

Marking Bits: (ParMarkBitMap*) 0x0000000064a5d490
 Begin Bits: [0x0000000012990000, 0x0000000013990000)
 End Bits:   [0x0000000013990000, 0x0000000014990000)

Polling page: 0x00000000013d0000

CodeCache: size=245760Kb used=8218Kb max_used=8218Kb free=237541Kb
 bounds [0x0000000002e60000, 0x0000000003670000, 0x0000000011e60000]
 total_blobs=2428 nmethods=2155 adapters=186
 compilation: enabled

Compilation events (10 events):
Event: 12.552 Thread 0x0000000015584800 1575       3       com.android.dx.rop.code.RegisterSpec::equals (51 bytes)
Event: 12.553 Thread 0x0000000015584800 nmethod 1575 0x00000000034d4e50 code [0x00000000034d4fe0, 0x00000000034d5578]
Event: 12.554 Thread 0x0000000015584800 1576       3       com.android.dx.ssa.LiteralOpUpgrader$1::visitPhiInsn (1 bytes)
Event: 12.554 Thread 0x0000000015584800 nmethod 1576 0x00000000034d56d0 code [0x00000000034d5820, 0x00000000034d5970]
Event: 12.555 Thread 0x0000000015584800 1577       3       com.android.dx.ssa.back.FirstFitLocalCombiningAllocator$1::visitPhiInsn (6 bytes)
Event: 12.555 Thread 0x0000000015584800 nmethod 1577 0x00000000034d5a10 code [0x00000000034d5b80, 0x00000000034d5d08]
Event: 12.555 Thread 0x0000000015584800 1578       3       com.android.dx.ssa.back.FirstFitLocalCombiningAllocator$Multiset::<init> (24 bytes)
Event: 12.555 Thread 0x0000000015584800 nmethod 1578 0x00000000034d5d90 code [0x00000000034d5f00, 0x00000000034d61f0]
Event: 12.556 Thread 0x0000000015584800 1580       3       com.android.dx.ssa.back.SsaToRop$PhiVisitor::visitPhiInsn (67 bytes)
Event: 12.557 Thread 0x0000000015584800 nmethod 1580 0x00000000034d62d0 code [0x00000000034d6520, 0x00000000034d74e8]

GC Heap History (6 events):
Event: 10.062 GC heap before
{Heap before GC invocations=1 (full 0):
 PSYoungGen      total 18944K, used 16384K [0x00000000eab00000, 0x00000000ec000000, 0x0000000100000000)
  eden space 16384K, 100% used [0x00000000eab00000,0x00000000ebb00000,0x00000000ebb00000)
  from space 2560K, 0% used [0x00000000ebd80000,0x00000000ebd80000,0x00000000ec000000)
  to   space 2560K, 0% used [0x00000000ebb00000,0x00000000ebb00000,0x00000000ebd80000)
 ParOldGen       total 44032K, used 0K [0x00000000c0000000, 0x00000000c2b00000, 0x00000000eab00000)
  object space 44032K, 0% used [0x00000000c0000000,0x00000000c0000000,0x00000000c2b00000)
 Metaspace       used 5677K, capacity 6704K, committed 6784K, reserved 1056768K
  class space    used 584K, capacity 616K, committed 640K, reserved 1048576K
Event: 10.343 GC heap after
Heap after GC invocations=1 (full 0):
 PSYoungGen      total 18944K, used 2555K [0x00000000eab00000, 0x00000000ed000000, 0x0000000100000000)
  eden space 16384K, 0% used [0x00000000eab00000,0x00000000eab00000,0x00000000ebb00000)
  from space 2560K, 99% used [0x00000000ebb00000,0x00000000ebd7edd0,0x00000000ebd80000)
  to   space 2560K, 0% used [0x00000000ecd80000,0x00000000ecd80000,0x00000000ed000000)
 ParOldGen       total 44032K, used 1369K [0x00000000c0000000, 0x00000000c2b00000, 0x00000000eab00000)
  object space 44032K, 3% used [0x00000000c0000000,0x00000000c0156408,0x00000000c2b00000)
 Metaspace       used 5677K, capacity 6704K, committed 6784K, reserved 1056768K
  class space    used 584K, capacity 616K, committed 640K, reserved 1048576K
}
Event: 11.333 GC heap before
{Heap before GC invocations=2 (full 0):
 PSYoungGen      total 18944K, used 18939K [0x00000000eab00000, 0x00000000ed000000, 0x0000000100000000)
  eden space 16384K, 100% used [0x00000000eab00000,0x00000000ebb00000,0x00000000ebb00000)
  from space 2560K, 99% used [0x00000000ebb00000,0x00000000ebd7edd0,0x00000000ebd80000)
  to   space 2560K, 0% used [0x00000000ecd80000,0x00000000ecd80000,0x00000000ed000000)
 ParOldGen       total 44032K, used 1369K [0x00000000c0000000, 0x00000000c2b00000, 0x00000000eab00000)
  object space 44032K, 3% used [0x00000000c0000000,0x00000000c0156408,0x00000000c2b00000)
 Metaspace       used 6011K, capacity 6960K, committed 7040K, reserved 1056768K
  class space    used 590K, capacity 616K, committed 640K, reserved 1048576K
Event: 11.429 GC heap after
Heap after GC invocations=2 (full 0):
 PSYoungGen      total 35328K, used 2554K [0x00000000eab00000, 0x00000000ed000000, 0x0000000100000000)
  eden space 32768K, 0% used [0x00000000eab00000,0x00000000eab00000,0x00000000ecb00000)
  from space 2560K, 99% used [0x00000000ecd80000,0x00000000ecffea98,0x00000000ed000000)
  to   space 2560K, 0% used [0x00000000ecb00000,0x00000000ecb00000,0x00000000ecd80000)
 ParOldGen       total 44032K, used 3324K [0x00000000c0000000, 0x00000000c2b00000, 0x00000000eab00000)
  object space 44032K, 7% used [0x00000000c0000000,0x00000000c033f150,0x00000000c2b00000)
 Metaspace       used 6011K, capacity 6960K, committed 7040K, reserved 1056768K
  class space    used 590K, capacity 616K, committed 640K, reserved 1048576K
}
Event: 12.610 GC heap before
{Heap before GC invocations=3 (full 0):
 PSYoungGen      total 35328K, used 35322K [0x00000000eab00000, 0x00000000ed000000, 0x0000000100000000)
  eden space 32768K, 100% used [0x00000000eab00000,0x00000000ecb00000,0x00000000ecb00000)
  from space 2560K, 99% used [0x00000000ecd80000,0x00000000ecffea98,0x00000000ed000000)
  to   space 2560K, 0% used [0x00000000ecb00000,0x00000000ecb00000,0x00000000ecd80000)
 ParOldGen       total 44032K, used 3324K [0x00000000c0000000, 0x00000000c2b00000, 0x00000000eab00000)
  object space 44032K, 7% used [0x00000000c0000000,0x00000000c033f150,0x00000000c2b00000)
 Metaspace       used 6152K, capacity 7088K, committed 7296K, reserved 1056768K
  class space    used 592K, capacity 616K, committed 640K, reserved 1048576K
Event: 12.679 GC heap after
Heap after GC invocations=3 (full 0):
 PSYoungGen      total 35328K, used 2528K [0x00000000eab00000, 0x00000000ed000000, 0x0000000100000000)
  eden space 32768K, 0% used [0x00000000eab00000,0x00000000eab00000,0x00000000ecb00000)
  from space 2560K, 98% used [0x00000000ecb00000,0x00000000ecd78388,0x00000000ecd80000)
  to   space 2560K, 0% used [0x00000000ecd80000,0x00000000ecd80000,0x00000000ed000000)
 ParOldGen       total 44032K, used 8698K [0x00000000c0000000, 0x00000000c2b00000, 0x00000000eab00000)
  object space 44032K, 19% used [0x00000000c0000000,0x00000000c087eaf0,0x00000000c2b00000)
 Metaspace       used 6152K, capacity 7088K, committed 7296K, reserved 1056768K
  class space    used 592K, capacity 616K, committed 640K, reserved 1048576K
}

Deoptimization events (10 events):
Event: 12.511 Thread 0x000000001706a800 Uncommon trap: reason=unreached action=reinterpret pc=0x00000000032ea2ac method=com.android.dx.util.LabeledList.set(ILcom/android/dx/util/LabeledItem;)V @ 16
Event: 12.534 Thread 0x0000000002d4e000 Uncommon trap: reason=class_check action=maybe_recompile pc=0x00000000031a45cc method=com.android.dx.rop.type.Type.equals(Ljava/lang/Object;)Z @ 8
Event: 12.534 Thread 0x0000000002d4e000 Uncommon trap: reason=class_check action=maybe_recompile pc=0x00000000031a45cc method=com.android.dx.rop.type.Type.equals(Ljava/lang/Object;)Z @ 8
Event: 12.535 Thread 0x0000000002d4e000 Uncommon trap: reason=bimorphic action=maybe_recompile pc=0x000000000349e5f0 method=com.android.dx.ssa.LiteralOpUpgrader.tryReplacingWithConstant(Lcom/android/dx/ssa/NormalSsaInsn;)Z @ 52
Event: 12.535 Thread 0x0000000002d4e000 Uncommon trap: reason=bimorphic action=maybe_recompile pc=0x000000000349e5f0 method=com.android.dx.ssa.LiteralOpUpgrader.tryReplacingWithConstant(Lcom/android/dx/ssa/NormalSsaInsn;)Z @ 52
Event: 12.535 Thread 0x0000000002d4e000 Uncommon trap: reason=class_check action=maybe_recompile pc=0x00000000031a45cc method=com.android.dx.rop.type.Type.equals(Ljava/lang/Object;)Z @ 8
Event: 12.535 Thread 0x0000000002d4e000 Uncommon trap: reason=class_check action=maybe_recompile pc=0x00000000031a45cc method=com.android.dx.rop.type.Type.equals(Ljava/lang/Object;)Z @ 8
Event: 12.538 Thread 0x0000000002d4e000 Uncommon trap: reason=bimorphic action=maybe_recompile pc=0x000000000349e5f0 method=com.android.dx.ssa.LiteralOpUpgrader.tryReplacingWithConstant(Lcom/android/dx/ssa/NormalSsaInsn;)Z @ 52
Event: 12.539 Thread 0x0000000002d4e000 Uncommon trap: reason=class_check action=maybe_recompile pc=0x00000000030cd93c method=com.android.dx.rop.type.Type.equals(Ljava/lang/Object;)Z @ 8
Event: 12.554 Thread 0x000000001706a800 Uncommon trap: reason=class_check action=maybe_recompile pc=0x00000000031ed134 method=java.util.HashMap.putVal(ILjava/lang/Object;Ljava/lang/Object;ZZ)Ljava/lang/Object; @ 203

Internal exceptions (10 events):
Event: 9.866 Thread 0x000000001706a800 Exception <a 'java/security/PrivilegedActionException'> (0x00000000ebafa660) thrown at [D:\re\workspace\8-2-build-windows-amd64-cygwin\jdk8u25\1677\hotspot\src\share\vm\prims\jvm.cpp, line 1312]
Event: 10.354 Thread 0x0000000002d4e000 Exception <a 'java/security/PrivilegedActionException'> (0x00000000eab512a0) thrown at [D:\re\workspace\8-2-build-windows-amd64-cygwin\jdk8u25\1677\hotspot\src\share\vm\prims\jvm.cpp, line 1312]
Event: 10.365 Thread 0x000000001706a800 Exception <a 'java/security/PrivilegedActionException'> (0x00000000eabd5848) thrown at [D:\re\workspace\8-2-build-windows-amd64-cygwin\jdk8u25\1677\hotspot\src\share\vm\prims\jvm.cpp, line 1312]
Event: 10.366 Thread 0x000000001706a800 Exception <a 'java/security/PrivilegedActionException'> (0x00000000eabdb070) thrown at [D:\re\workspace\8-2-build-windows-amd64-cygwin\jdk8u25\1677\hotspot\src\share\vm\prims\jvm.cpp, line 1312]
Event: 10.379 Thread 0x000000001706a800 Exception <a 'java/security/PrivilegedActionException'> (0x00000000eac67588) thrown at [D:\re\workspace\8-2-build-windows-amd64-cygwin\jdk8u25\1677\hotspot\src\share\vm\prims\jvm.cpp, line 1312]
Event: 10.406 Thread 0x0000000002d4e000 Exception <a 'java/security/PrivilegedActionException'> (0x00000000eacf23a8) thrown at [D:\re\workspace\8-2-build-windows-amd64-cygwin\jdk8u25\1677\hotspot\src\share\vm\prims\jvm.cpp, line 1312]
Event: 10.416 Thread 0x0000000002d4e000 Exception <a 'java/security/PrivilegedActionException'> (0x00000000eacf4bb0) thrown at [D:\re\workspace\8-2-build-windows-amd64-cygwin\jdk8u25\1677\hotspot\src\share\vm\prims\jvm.cpp, line 1312]
Event: 11.218 Thread 0x0000000016ff2800 Implicit null exception at 0x000000000330c862 to 0x000000000330c955
Event: 11.637 Thread 0x0000000016ff1800 Implicit null exception at 0x0000000003224f36 to 0x0000000003227119
Event: 12.303 Thread 0x000000001706a800 Exception <a 'java/security/PrivilegedActionException'> (0x00000000ec12a068) thrown at [D:\re\workspace\8-2-build-windows-amd64-cygwin\jdk8u25\1677\hotspot\src\share\vm\prims\jvm.cpp, line 1312]

Events (10 events):
Event: 12.539 Thread 0x0000000002d4e000 DEOPT PACKING pc=0x000000000349e5f0 sp=0x0000000002c7e4c0
Event: 12.539 Thread 0x0000000002d4e000 DEOPT UNPACKING pc=0x0000000002ea556a sp=0x0000000002c7e460 mode 2
Event: 12.539 Thread 0x0000000002d4e000 Uncommon trap: trap_request=0xffffffde fr.pc=0x00000000030cd93c
Event: 12.539 Thread 0x0000000002d4e000 DEOPT PACKING pc=0x00000000030cd93c sp=0x0000000002c7e4a0
Event: 12.539 Thread 0x0000000002d4e000 DEOPT UNPACKING pc=0x0000000002ea556a sp=0x0000000002c7e280 mode 2
Event: 12.554 Thread 0x000000001706a800 Uncommon trap: trap_request=0xffffffde fr.pc=0x00000000031ed134
Event: 12.554 Thread 0x000000001706a800 DEOPT PACKING pc=0x00000000031ed134 sp=0x000000001748eb70
Event: 12.554 Thread 0x000000001706a800 DEOPT UNPACKING pc=0x0000000002ea556a sp=0x000000001748eae8 mode 2
Event: 12.562 Executing VM operation: ParallelGCFailedAllocation
Event: 12.679 Executing VM operation: ParallelGCFailedAllocation done


Dynamic libraries:
0x00007ff6ad6d0000 - 0x00007ff6ad704000 	C:\Program Files\Java\jdk1.8.0_25\bin\java.exe
0x00007ff967100000 - 0x00007ff9672c1000 	C:\WINDOWS\SYSTEM32\ntdll.dll
0x00007ff967050000 - 0x00007ff9670fd000 	C:\WINDOWS\system32\KERNEL32.DLL
0x00007ff963c30000 - 0x00007ff963e18000 	C:\WINDOWS\system32\KERNELBASE.dll
0x00007ff9648e0000 - 0x00007ff964987000 	C:\WINDOWS\system32\ADVAPI32.dll
0x00007ff964780000 - 0x00007ff96481d000 	C:\WINDOWS\system32\msvcrt.dll
0x00007ff964820000 - 0x00007ff96487b000 	C:\WINDOWS\system32\sechost.dll
0x00007ff965500000 - 0x00007ff96561c000 	C:\WINDOWS\system32\RPCRT4.dll
0x00007ff964ac0000 - 0x00007ff964c16000 	C:\WINDOWS\system32\USER32.dll
0x00007ff965370000 - 0x00007ff9654f6000 	C:\WINDOWS\system32\GDI32.dll
0x00007ff95eba0000 - 0x00007ff95ee14000 	C:\WINDOWS\WinSxS\amd64_microsoft.windows.common-controls_6595b64144ccf1df_6.0.10586.0_none_8c15ae12515e1c22\COMCTL32.dll
0x00007ff965620000 - 0x00007ff96589d000 	C:\WINDOWS\system32\combase.dll
0x00007ff963b60000 - 0x00007ff963bca000 	C:\WINDOWS\system32\bcryptPrimitives.dll
0x00007ff964c90000 - 0x00007ff964ccb000 	C:\WINDOWS\system32\IMM32.DLL
0x0000000063e30000 - 0x0000000063f02000 	C:\Program Files\Java\jdk1.8.0_25\jre\bin\msvcr100.dll
0x0000000064280000 - 0x0000000064ada000 	C:\Program Files\Java\jdk1.8.0_25\jre\bin\server\jvm.dll
0x00007ff964c80000 - 0x00007ff964c88000 	C:\WINDOWS\system32\PSAPI.DLL
0x00007ff954370000 - 0x00007ff954379000 	C:\WINDOWS\SYSTEM32\WSOCK32.dll
0x00007ff9658d0000 - 0x00007ff96593b000 	C:\WINDOWS\system32\WS2_32.dll
0x00007ff9613d0000 - 0x00007ff9613f3000 	C:\WINDOWS\SYSTEM32\WINMM.dll
0x00007ff961270000 - 0x00007ff96129c000 	C:\WINDOWS\SYSTEM32\WINMMBASE.dll
0x00007ff963a40000 - 0x00007ff963a83000 	C:\WINDOWS\system32\cfgmgr32.dll
0x0000000064bf0000 - 0x0000000064bff000 	C:\Program Files\Java\jdk1.8.0_25\jre\bin\verify.dll
0x0000000064250000 - 0x0000000064278000 	C:\Program Files\Java\jdk1.8.0_25\jre\bin\java.dll
0x0000000064bd0000 - 0x0000000064be6000 	C:\Program Files\Java\jdk1.8.0_25\jre\bin\zip.dll
0x00007ff965af0000 - 0x00007ff96704c000 	C:\WINDOWS\system32\SHELL32.dll
0x00007ff963eb0000 - 0x00007ff9644f4000 	C:\WINDOWS\system32\windows.storage.dll
0x00007ff964a60000 - 0x00007ff964ab2000 	C:\WINDOWS\system32\shlwapi.dll
0x00007ff963730000 - 0x00007ff96373f000 	C:\WINDOWS\system32\kernel.appcore.dll
0x00007ff9637b0000 - 0x00007ff963865000 	C:\WINDOWS\system32\shcore.dll
0x00007ff963760000 - 0x00007ff9637ab000 	C:\WINDOWS\system32\powrprof.dll
0x00007ff963740000 - 0x00007ff963754000 	C:\WINDOWS\system32\profapi.dll
0x00007ff952310000 - 0x00007ff95249c000 	C:\WINDOWS\SYSTEM32\dbghelp.dll

VM Arguments:
jvm_args: -Djava.awt.headless=true -Xmx1024M -Dfile.encoding=windows-1252 -Duser.country=FR -Duser.language=fr -Duser.variant 
java_command: com.android.dx.command.Main --dex --force-jumbo --num-threads=4 --multi-dex --output C:\Users\Famille\AndroidStudioProjects\Niviel\app\build\intermediates\transforms\dex\debug\folders\1000\10\com.android.support-design-24.0.0_b8924462df404139f7b836aefe13066a2ad135b5 C:\Users\Famille\AndroidStudioProjects\Niviel\app\build\intermediates\exploded-aar\com.android.support\design\24.0.0\jars\classes.jar
java_class_path (initial): C:\Users\Famille\AppData\Local\Android\sdk\build-tools\23.0.2\lib\dx.jar
Launcher Type: SUN_STANDARD

Environment Variables:
JAVA_HOME=C:\Program Files\Java\jdk1.8.0_25
PATH=C:\Program Files\Broadcom\Broadcom 802.11 Network Adapter;;C:\Program Files\Broadcom\Broadcom 802.11;C:\ProgramData\Oracle\Java\javapath;C:\Program Files (x86)\Intel\iCLS Client\;C:\Program Files\Intel\iCLS Client\;C:\Windows\system32;C:\Windows;C:\Windows\System32\Wbem;C:\Windows\System32\WindowsPowerShell\v1.0\;C:\Program Files\Hewlett-Packard\SimplePass\;C:\wamp\bin\php\php5.5.12;C:\Python27;C:\Users\Famille\AppData\Roaming\npm\;C:\Program Files\nodejs\;C:\Program Files\Git\cmd;C:\Program Files (x86)\Brackets\command;C:\Program Files (x86)\Ant\bin;C:\Program Files (x86)\Maven\bin;C:\Program Files (x86)\Intel\Intel(R) Management Engine Components\DAL;C:\Program Files\Intel\Intel(R) Management Engine Components\DAL;C:\Program Files (x86)\Intel\Intel(R) Management Engine Components\IPT;C:\Program Files\Intel\Intel(R) Management Engine Components\IPT;C:\Users\Famille\AppData\Local\atom\bin;C:\Users\Famille\AppData\Roaming\npm
USERNAME=de Lachaux
OS=Windows_NT
PROCESSOR_IDENTIFIER=Intel64 Family 6 Model 69 Stepping 1, GenuineIntel



---------------  S Y S T E M  ---------------

OS: Windows 8.1 , 64 bit Build 9600 

CPU:total 4 (2 cores per cpu, 2 threads per core) family 6 model 69 stepping 1, cmov, cx8, fxsr, mmx, sse, sse2, sse3, ssse3, sse4.1, sse4.2, popcnt, avx, avx2, aes, clmul, erms, lzcnt, ht, tsc, tscinvbit, bmi1, bmi2

Memory: 4k page, physical 4122776k(246788k free), swap 5555352k(273772k free)

vm_info: Java HotSpot(TM) 64-Bit Server VM (25.25-b02) for windows-amd64 JRE (1.8.0_25-b18), built on Oct  7 2014 14:25:37 by "java_re" with MS VC++ 10.0 (VS2010)

time: Mon Jun 20 18:55:01 2016
elapsed time: 16 seconds (0d 0h 0m 16s)

