#
# There is insufficient memory for the Java Runtime Environment to continue.
# Native memory allocation (malloc) failed to allocate 401456 bytes for Chunk::new
# Possible reasons:
#   The system is out of physical RAM or swap space
#   In 32 bit mode, the process size limit was hit
# Possible solutions:
#   Reduce memory load on the system
#   Increase physical memory or swap space
#   Check if swap backing store is full
#   Use 64 bit Java on a 64 bit OS
#   Decrease Java heap size (-Xmx/-Xms)
#   Decrease number of Java threads
#   Decrease Java thread stack sizes (-Xss)
#   Set larger code cache with -XX:ReservedCodeCacheSize=
# This output file may be truncated or incomplete.
#
#  Out of Memory Error (allocation.cpp:390), pid=58328, tid=50172
#
# JRE version: Java(TM) SE Runtime Environment (8.0_25-b18) (build 1.8.0_25-b18)
# Java VM: Java HotSpot(TM) 64-Bit Server VM (25.25-b02 mixed mode windows-amd64 compressed oops)
# Failed to write core dump. Minidumps are not enabled by default on client versions of Windows
#

---------------  T H R E A D  ---------------

Current thread (0x0000000014df1000):  JavaThread "C2 CompilerThread1" daemon [_thread_in_native, id=50172, stack(0x0000000016490000,0x0000000016590000)]

Stack: [0x0000000016490000,0x0000000016590000]
Native frames: (J=compiled Java code, j=interpreted, Vv=VM code, C=native code)
V  [jvm.dll+0x31667a]


Current CompileTask:
C2:   2560 1187       4       com.android.dx.ssa.SsaBasicBlock::forEachInsn (37 bytes)


---------------  P R O C E S S  ---------------

Java Threads: ( => current thread )
  0x000000001683d800 JavaThread "pool-2-thread-4" [_thread_in_vm, id=45260, stack(0x0000000017090000,0x0000000017190000)]
  0x000000001683c000 JavaThread "pool-2-thread-3" [_thread_blocked, id=58940, stack(0x0000000016f90000,0x0000000017090000)]
  0x00000000167eb000 JavaThread "pool-2-thread-2" [_thread_blocked, id=56196, stack(0x0000000016e90000,0x0000000016f90000)]
  0x00000000167e8000 JavaThread "pool-3-thread-1" [_thread_blocked, id=55476, stack(0x0000000016d90000,0x0000000016e90000)]
  0x00000000167dd800 JavaThread "pool-2-thread-1" [_thread_in_Java, id=57588, stack(0x0000000016c90000,0x0000000016d90000)]
  0x0000000014e4e800 JavaThread "Service Thread" daemon [_thread_blocked, id=60164, stack(0x0000000016a90000,0x0000000016b90000)]
  0x0000000014e42800 JavaThread "C1 CompilerThread2" daemon [_thread_blocked, id=50668, stack(0x0000000016590000,0x0000000016690000)]
=>0x0000000014df1000 JavaThread "C2 CompilerThread1" daemon [_thread_in_native, id=50172, stack(0x0000000016490000,0x0000000016590000)]
  0x0000000014dec000 JavaThread "C2 CompilerThread0" daemon [_thread_in_native, id=59580, stack(0x0000000016390000,0x0000000016490000)]
  0x0000000014dea800 JavaThread "Attach Listener" daemon [_thread_blocked, id=60136, stack(0x0000000016290000,0x0000000016390000)]
  0x0000000014de9800 JavaThread "Signal Dispatcher" daemon [_thread_blocked, id=54152, stack(0x0000000016190000,0x0000000016290000)]
  0x0000000002710800 JavaThread "Finalizer" daemon [_thread_blocked, id=53444, stack(0x0000000016080000,0x0000000016180000)]
  0x000000000270d000 JavaThread "Reference Handler" daemon [_thread_blocked, id=59200, stack(0x0000000015f80000,0x0000000016080000)]
  0x000000000251e000 JavaThread "main" [_thread_in_native, id=57056, stack(0x0000000002520000,0x0000000002620000)]

Other Threads:
  0x0000000014db6800 VMThread [stack: 0x0000000015e80000,0x0000000015f80000] [id=49224]
  0x0000000016696000 WatcherThread [stack: 0x0000000016b90000,0x0000000016c90000] [id=50356]

VM state:not at safepoint (normal execution)

VM Mutex/Monitor currently owned by a thread: None

Heap:
 PSYoungGen      total 18944K, used 15233K [0x00000000eab00000, 0x00000000ec000000, 0x0000000100000000)
  eden space 16384K, 77% used [0x00000000eab00000,0x00000000eb766810,0x00000000ebb00000)
  from space 2560K, 99% used [0x00000000ebb00000,0x00000000ebd79dd0,0x00000000ebd80000)
  to   space 2560K, 0% used [0x00000000ebd80000,0x00000000ebd80000,0x00000000ec000000)
 ParOldGen       total 44032K, used 1858K [0x00000000c0000000, 0x00000000c2b00000, 0x00000000eab00000)
  object space 44032K, 4% used [0x00000000c0000000,0x00000000c01d09e8,0x00000000c2b00000)
 Metaspace       used 5833K, capacity 6896K, committed 7040K, reserved 1056768K
  class space    used 586K, capacity 616K, committed 640K, reserved 1048576K

Card table byte_map: [0x0000000011ae0000,0x0000000011cf0000] byte_map_base: 0x00000000114e0000

Marking Bits: (ParMarkBitMap*) 0x000000007333d490
 Begin Bits: [0x0000000012250000, 0x0000000013250000)
 End Bits:   [0x0000000013250000, 0x0000000014250000)

Polling page: 0x00000000024c0000

CodeCache: size=245760Kb used=4657Kb max_used=4657Kb free=241102Kb
 bounds [0x0000000002720000, 0x0000000002bc0000, 0x0000000011720000]
 total_blobs=1474 nmethods=1210 adapters=178
 compilation: enabled

Compilation events (10 events):
Event: 2.439 Thread 0x0000000014e42800 nmethod 1185 0x0000000002b9f390 code [0x0000000002b9f540, 0x0000000002b9fa08]
Event: 2.443 Thread 0x0000000014df1000 nmethod 1177 0x0000000002b9e090 code [0x0000000002b9e220, 0x0000000002b9eae8]
Event: 2.443 Thread 0x0000000014df1000 1187       4       com.android.dx.ssa.SsaBasicBlock::forEachInsn (37 bytes)
Event: 2.445 Thread 0x0000000014dec000 nmethod 1182 0x0000000002ba4c90 code [0x0000000002ba4e00, 0x0000000002ba5378]
Event: 2.445 Thread 0x0000000014dec000 1183       4       com.android.dx.rop.code.BasicBlockList$RegCountVisitor::visitPlainInsn (6 bytes)
Event: 2.448 Thread 0x0000000014e42800 1189       3       com.android.dx.cf.code.RopperMachine::updateReturnOp (115 bytes)
Event: 2.449 Thread 0x0000000014e42800 nmethod 1189 0x0000000002ba3090 code [0x0000000002ba3320, 0x0000000002ba44f8]
Event: 2.450 Thread 0x0000000014dec000 nmethod 1183 0x0000000002ba7410 code [0x0000000002ba7560, 0x0000000002ba77d8]
Event: 2.450 Thread 0x0000000014dec000 1188       4       com.android.dx.util.BitIntSet::add (15 bytes)
Event: 2.455 Thread 0x0000000014dec000 nmethod 1188 0x0000000002ba7c50 code [0x0000000002ba7da0, 0x0000000002ba7fb8]

GC Heap History (2 events):
Event: 1.593 GC heap before
{Heap before GC invocations=1 (full 0):
 PSYoungGen      total 18944K, used 16384K [0x00000000eab00000, 0x00000000ec000000, 0x0000000100000000)
  eden space 16384K, 100% used [0x00000000eab00000,0x00000000ebb00000,0x00000000ebb00000)
  from space 2560K, 0% used [0x00000000ebd80000,0x00000000ebd80000,0x00000000ec000000)
  to   space 2560K, 0% used [0x00000000ebb00000,0x00000000ebb00000,0x00000000ebd80000)
 ParOldGen       total 44032K, used 0K [0x00000000c0000000, 0x00000000c2b00000, 0x00000000eab00000)
  object space 44032K, 0% used [0x00000000c0000000,0x00000000c0000000,0x00000000c2b00000)
 Metaspace       used 5673K, capacity 6768K, committed 7040K, reserved 1056768K
  class space    used 578K, capacity 616K, committed 640K, reserved 1048576K
Event: 1.732 GC heap after
Heap after GC invocations=1 (full 0):
 PSYoungGen      total 18944K, used 2535K [0x00000000eab00000, 0x00000000ec000000, 0x0000000100000000)
  eden space 16384K, 0% used [0x00000000eab00000,0x00000000eab00000,0x00000000ebb00000)
  from space 2560K, 99% used [0x00000000ebb00000,0x00000000ebd79dd0,0x00000000ebd80000)
  to   space 2560K, 0% used [0x00000000ebd80000,0x00000000ebd80000,0x00000000ec000000)
 ParOldGen       total 44032K, used 1858K [0x00000000c0000000, 0x00000000c2b00000, 0x00000000eab00000)
  object space 44032K, 4% used [0x00000000c0000000,0x00000000c01d09e8,0x00000000c2b00000)
 Metaspace       used 5673K, capacity 6768K, committed 7040K, reserved 1056768K
  class space    used 578K, capacity 616K, committed 640K, reserved 1048576K
}

Deoptimization events (10 events):
Event: 1.254 Thread 0x00000000167eb000 Uncommon trap: reason=class_check action=maybe_recompile pc=0x00000000028fcab0 method=com.android.dx.rop.cst.CstMemberRef.compareTo0(Lcom/android/dx/rop/cst/Constant;)I @ 1
Event: 1.261 Thread 0x000000001683d800 Uncommon trap: reason=class_check action=maybe_recompile pc=0x00000000028fcab0 method=com.android.dx.rop.cst.CstMemberRef.compareTo0(Lcom/android/dx/rop/cst/Constant;)I @ 1
Event: 1.261 Thread 0x000000001683d800 Uncommon trap: reason=class_check action=maybe_recompile pc=0x00000000028fcab0 method=com.android.dx.rop.cst.CstMemberRef.compareTo0(Lcom/android/dx/rop/cst/Constant;)I @ 1
Event: 1.262 Thread 0x00000000167dd800 Uncommon trap: reason=class_check action=maybe_recompile pc=0x00000000028fcab0 method=com.android.dx.rop.cst.CstMemberRef.compareTo0(Lcom/android/dx/rop/cst/Constant;)I @ 1
Event: 1.879 Thread 0x00000000167eb000 Uncommon trap: reason=unreached action=reinterpret pc=0x0000000002a55848 method=com.android.dx.rop.code.RegisterSpec.equals(ILcom/android/dx/rop/type/TypeBearer;Lcom/android/dx/rop/code/LocalItem;)Z @ 24
Event: 1.891 Thread 0x00000000167eb000 Uncommon trap: reason=unreached action=reinterpret pc=0x0000000002a07f30 method=com.android.dx.rop.code.RegisterSpec.equals(ILcom/android/dx/rop/type/TypeBearer;Lcom/android/dx/rop/code/LocalItem;)Z @ 24
Event: 2.034 Thread 0x000000001683d800 Uncommon trap: reason=unloaded action=reinterpret pc=0x0000000002a6d884 method=com.android.dx.ssa.SsaRenamer$BlockRenamer.visitMoveInsn(Lcom/android/dx/ssa/NormalSsaInsn;)V @ 208
Event: 2.053 Thread 0x000000001683d800 Uncommon trap: reason=class_check action=maybe_recompile pc=0x00000000029f5370 method=com.android.dx.rop.type.Type.equals(Ljava/lang/Object;)Z @ 8
Event: 2.060 Thread 0x000000001683d800 Uncommon trap: reason=class_check action=maybe_recompile pc=0x00000000029f5370 method=com.android.dx.rop.type.Type.equals(Ljava/lang/Object;)Z @ 8
Event: 2.065 Thread 0x000000001683d800 Uncommon trap: reason=unreached action=reinterpret pc=0x0000000002b45f34 method=com.android.dx.util.LabeledList.set(ILcom/android/dx/util/LabeledItem;)V @ 16

Internal exceptions (10 events):
Event: 1.254 Thread 0x00000000167eb000 Exception <a 'java/security/PrivilegedActionException'> (0x00000000eb5ce980) thrown at [D:\re\workspace\8-2-build-windows-amd64-cygwin\jdk8u25\1677\hotspot\src\share\vm\prims\jvm.cpp, line 1312]
Event: 1.280 Thread 0x000000000251e000 Exception <a 'java/security/PrivilegedActionException'> (0x00000000eb406ed0) thrown at [D:\re\workspace\8-2-build-windows-amd64-cygwin\jdk8u25\1677\hotspot\src\share\vm\prims\jvm.cpp, line 1312]
Event: 1.326 Thread 0x00000000167dd800 Exception <a 'java/security/PrivilegedActionException'> (0x00000000eb4f5af8) thrown at [D:\re\workspace\8-2-build-windows-amd64-cygwin\jdk8u25\1677\hotspot\src\share\vm\prims\jvm.cpp, line 1312]
Event: 1.867 Thread 0x000000000251e000 Exception <a 'java/security/PrivilegedActionException'> (0x00000000eadd2020) thrown at [D:\re\workspace\8-2-build-windows-amd64-cygwin\jdk8u25\1677\hotspot\src\share\vm\prims\jvm.cpp, line 1312]
Event: 1.868 Thread 0x000000000251e000 Exception <a 'java/security/PrivilegedActionException'> (0x00000000eadd6ce0) thrown at [D:\re\workspace\8-2-build-windows-amd64-cygwin\jdk8u25\1677\hotspot\src\share\vm\prims\jvm.cpp, line 1312]
Event: 2.027 Thread 0x000000001683d800 Exception <a 'java/security/PrivilegedActionException'> (0x00000000eaf333f8) thrown at [D:\re\workspace\8-2-build-windows-amd64-cygwin\jdk8u25\1677\hotspot\src\share\vm\prims\jvm.cpp, line 1312]
Event: 2.049 Thread 0x000000001683d800 Exception <a 'java/security/PrivilegedActionException'> (0x00000000eb1bef88) thrown at [D:\re\workspace\8-2-build-windows-amd64-cygwin\jdk8u25\1677\hotspot\src\share\vm\prims\jvm.cpp, line 1312]
Event: 2.052 Thread 0x000000001683d800 Exception <a 'java/security/PrivilegedActionException'> (0x00000000eb1cc0f8) thrown at [D:\re\workspace\8-2-build-windows-amd64-cygwin\jdk8u25\1677\hotspot\src\share\vm\prims\jvm.cpp, line 1312]
Event: 2.068 Thread 0x000000000251e000 Exception <a 'java/security/PrivilegedActionException'> (0x00000000eb18c678) thrown at [D:\re\workspace\8-2-build-windows-amd64-cygwin\jdk8u25\1677\hotspot\src\share\vm\prims\jvm.cpp, line 1312]
Event: 2.070 Thread 0x000000000251e000 Exception <a 'java/security/PrivilegedActionException'> (0x00000000eb192420) thrown at [D:\re\workspace\8-2-build-windows-amd64-cygwin\jdk8u25\1677\hotspot\src\share\vm\prims\jvm.cpp, line 1312]

Events (10 events):
Event: 2.060 Thread 0x000000001683d800 Uncommon trap: trap_request=0xffffffde fr.pc=0x00000000029f5370
Event: 2.060 Thread 0x000000001683d800 DEOPT PACKING pc=0x00000000029f5370 sp=0x000000001718e990
Event: 2.060 Thread 0x000000001683d800 DEOPT UNPACKING pc=0x000000000276556a sp=0x000000001718e928 mode 2
Event: 2.065 Thread 0x000000001683d800 Uncommon trap: trap_request=0xffffffad fr.pc=0x0000000002b45f34
Event: 2.065 Thread 0x000000001683d800 DEOPT PACKING pc=0x0000000002b45f34 sp=0x000000001718ed80
Event: 2.065 Thread 0x000000001683d800 DEOPT UNPACKING pc=0x000000000276556a sp=0x000000001718ed68 mode 2
Event: 2.068 loading class com/android/dx/cf/direct/DirectClassFile$DcfTypeList
Event: 2.068 loading class com/android/dx/cf/direct/DirectClassFile$DcfTypeList done
Event: 2.069 loading class com/android/dx/cf/attrib/AttEnclosingMethod
Event: 2.069 loading class com/android/dx/cf/attrib/AttEnclosingMethod done


Dynamic libraries:
0x00007ff690dd0000 - 0x00007ff690e04000 	C:\Program Files\Java\jdk1.8.0_25\bin\java.exe
0x00007fff80c20000 - 0x00007fff80de1000 	C:\WINDOWS\SYSTEM32\ntdll.dll
0x00007fff80400000 - 0x00007fff804ad000 	C:\WINDOWS\system32\KERNEL32.DLL
0x00007fff7d680000 - 0x00007fff7d868000 	C:\WINDOWS\system32\KERNELBASE.dll
0x00007fff80850000 - 0x00007fff808f7000 	C:\WINDOWS\system32\ADVAPI32.dll
0x00007fff801e0000 - 0x00007fff8027d000 	C:\WINDOWS\system32\msvcrt.dll
0x00007fff7ec20000 - 0x00007fff7ec7b000 	C:\WINDOWS\system32\sechost.dll
0x00007fff804b0000 - 0x00007fff805cc000 	C:\WINDOWS\system32\RPCRT4.dll
0x00007fff7e030000 - 0x00007fff7e186000 	C:\WINDOWS\system32\USER32.dll
0x00007fff7e450000 - 0x00007fff7e5d6000 	C:\WINDOWS\system32\GDI32.dll
0x00007fff76200000 - 0x00007fff76474000 	C:\WINDOWS\WinSxS\amd64_microsoft.windows.common-controls_6595b64144ccf1df_6.0.10586.494_none_a2d8b04ea53e3145\COMCTL32.dll
0x00007fff805d0000 - 0x00007fff8084d000 	C:\WINDOWS\system32\combase.dll
0x00007fff7d4f0000 - 0x00007fff7d55a000 	C:\WINDOWS\system32\bcryptPrimitives.dll
0x00007fff80be0000 - 0x00007fff80c1b000 	C:\WINDOWS\system32\IMM32.DLL
0x00000000726a0000 - 0x0000000072772000 	C:\Program Files\Java\jdk1.8.0_25\jre\bin\msvcr100.dll
0x0000000072b60000 - 0x00000000733ba000 	C:\Program Files\Java\jdk1.8.0_25\jre\bin\server\jvm.dll
0x00007fff7e190000 - 0x00007fff7e198000 	C:\WINDOWS\system32\PSAPI.DLL
0x00007fff65bb0000 - 0x00007fff65bb9000 	C:\WINDOWS\SYSTEM32\WSOCK32.dll
0x00007fff7ebb0000 - 0x00007fff7ec1b000 	C:\WINDOWS\system32\WS2_32.dll
0x00007fff7b560000 - 0x00007fff7b583000 	C:\WINDOWS\SYSTEM32\WINMM.dll
0x00007fff7b110000 - 0x00007fff7b13c000 	C:\WINDOWS\SYSTEM32\WINMMBASE.dll
0x00007fff7d4a0000 - 0x00007fff7d4e3000 	C:\WINDOWS\system32\cfgmgr32.dll
0x0000000072b50000 - 0x0000000072b5f000 	C:\Program Files\Java\jdk1.8.0_25\jre\bin\verify.dll
0x0000000072b20000 - 0x0000000072b48000 	C:\Program Files\Java\jdk1.8.0_25\jre\bin\java.dll
0x0000000072b00000 - 0x0000000072b16000 	C:\Program Files\Java\jdk1.8.0_25\jre\bin\zip.dll
0x00007fff7ec80000 - 0x00007fff801dc000 	C:\WINDOWS\system32\SHELL32.dll
0x00007fff7d870000 - 0x00007fff7deb5000 	C:\WINDOWS\system32\windows.storage.dll
0x00007fff80b80000 - 0x00007fff80bd2000 	C:\WINDOWS\system32\shlwapi.dll
0x00007fff7d2c0000 - 0x00007fff7d2cf000 	C:\WINDOWS\system32\kernel.appcore.dll
0x00007fff7d5c0000 - 0x00007fff7d675000 	C:\WINDOWS\system32\shcore.dll
0x00007fff7d270000 - 0x00007fff7d2bb000 	C:\WINDOWS\system32\powrprof.dll
0x00007fff7d240000 - 0x00007fff7d254000 	C:\WINDOWS\system32\profapi.dll

VM Arguments:
jvm_args: -Djava.awt.headless=true -Xmx1024M -Dfile.encoding=windows-1252 -Duser.country=FR -Duser.language=fr -Duser.variant 
java_command: com.android.dx.command.Main --dex --force-jumbo --num-threads=4 --multi-dex --output C:\Users\Famille\AndroidStudioProjects\Niviel\app\build\intermediates\transforms\dex\debug\folders\1000\5\slice_2 C:\Users\Famille\AndroidStudioProjects\Niviel\app\build\intermediates\transforms\instantRunSlicer\debug\folders\1\5\slice_2
java_class_path (initial): C:\Users\Famille\AppData\Local\Android\sdk\build-tools\23.0.2\lib\dx.jar
Launcher Type: SUN_STANDARD

Environment Variables:
JAVA_HOME=C:\Program Files\Java\jdk1.8.0_25
PATH=C:\Program Files\Broadcom\Broadcom 802.11 Network Adapter;;C:\Program Files\Broadcom\Broadcom 802.11;C:\ProgramData\Oracle\Java\javapath;C:\Program Files (x86)\Intel\iCLS Client\;C:\Program Files\Intel\iCLS Client\;C:\Windows\system32;C:\Windows;C:\Windows\System32\Wbem;C:\Windows\System32\WindowsPowerShell\v1.0\;C:\Program Files\Hewlett-Packard\SimplePass\;C:\wamp\bin\php\php5.5.12;C:\Python27;C:\Users\Famille\AppData\Roaming\npm\;C:\Program Files\nodejs\;C:\Program Files\Git\cmd;C:\Program Files (x86)\Brackets\command;C:\Program Files (x86)\Ant\bin;C:\Program Files (x86)\Maven\bin;C:\Program Files (x86)\Intel\Intel(R) Management Engine Components\DAL;C:\Program Files\Intel\Intel(R) Management Engine Components\DAL;C:\Program Files (x86)\Intel\Intel(R) Management Engine Components\IPT;C:\Program Files\Intel\Intel(R) Management Engine Components\IPT;C:\Users\Famille\AppData\Local\atom\bin;C:\Users\Famille\AppData\Roaming\npm
USERNAME=de Lachaux
OS=Windows_NT
PROCESSOR_IDENTIFIER=Intel64 Family 6 Model 69 Stepping 1, GenuineIntel



---------------  S Y S T E M  ---------------

OS: Windows 8.1 , 64 bit Build 9600 

CPU:total 4 (2 cores per cpu, 2 threads per core) family 6 model 69 stepping 1, cmov, cx8, fxsr, mmx, sse, sse2, sse3, ssse3, sse4.1, sse4.2, popcnt, avx, avx2, aes, clmul, erms, lzcnt, ht, tsc, tscinvbit, bmi1, bmi2

Memory: 4k page, physical 4122776k(354404k free), swap 5555352k(116k free)

vm_info: Java HotSpot(TM) 64-Bit Server VM (25.25-b02) for windows-amd64 JRE (1.8.0_25-b18), built on Oct  7 2014 14:25:37 by "java_re" with MS VC++ 10.0 (VS2010)

time: Thu Aug 25 18:25:12 2016
elapsed time: 2 seconds (0d 0h 0m 2s)

