#
# There is insufficient memory for the Java Runtime Environment to continue.
# Native memory allocation (malloc) failed to allocate 1383216 bytes for Chunk::new
# Possible reasons:
#   The system is out of physical RAM or swap space
#   In 32 bit mode, the process size limit was hit
# Possible solutions:
#   Reduce memory load on the system
#   Increase physical memory or swap space
#   Check if swap backing store is full
#   Use 64 bit Java on a 64 bit OS
#   Decrease Java heap size (-Xmx/-Xms)
#   Decrease number of Java threads
#   Decrease Java thread stack sizes (-Xss)
#   Set larger code cache with -XX:ReservedCodeCacheSize=
# This output file may be truncated or incomplete.
#
#  Out of Memory Error (allocation.cpp:390), pid=33676, tid=33416
#
# JRE version: Java(TM) SE Runtime Environment (8.0_25-b18) (build 1.8.0_25-b18)
# Java VM: Java HotSpot(TM) 64-Bit Server VM (25.25-b02 mixed mode windows-amd64 compressed oops)
# Failed to write core dump. Minidumps are not enabled by default on client versions of Windows
#

---------------  T H R E A D  ---------------

Current thread (0x0000000014d4c000):  JavaThread "C2 CompilerThread0" daemon [_thread_in_native, id=33416, stack(0x00000000162b0000,0x00000000163b0000)]

Stack: [0x00000000162b0000,0x00000000163b0000]
Native frames: (J=compiled Java code, j=interpreted, Vv=VM code, C=native code)
V  [jvm.dll+0x31667a]
V  [jvm.dll+0x267073]
V  [jvm.dll+0x267cb3]
V  [jvm.dll+0x25f5b5]
V  [jvm.dll+0xbf165]
V  [jvm.dll+0xbf60c]
V  [jvm.dll+0x45d672]
V  [jvm.dll+0x49e8ef]
V  [jvm.dll+0x4524ef]
V  [jvm.dll+0x453864]
V  [jvm.dll+0x437372]
V  [jvm.dll+0x98a02]
V  [jvm.dll+0x991f3]
V  [jvm.dll+0x22bde4]
V  [jvm.dll+0x2852fa]
C  [msvcr100.dll+0x21d9f]
C  [msvcr100.dll+0x21e3b]
C  [KERNEL32.DLL+0x18102]
C  [ntdll.dll+0x5c5b4]


Current CompileTask:
C2:   1542 1326   !   4       com.android.dx.cf.code.BytecodeArray::parseInstruction (2764 bytes)


---------------  P R O C E S S  ---------------

Java Threads: ( => current thread )
  0x000000001680c000 JavaThread "pool-2-thread-4" [_thread_blocked, id=32032, stack(0x0000000016fb0000,0x00000000170b0000)]
  0x0000000016850800 JavaThread "pool-2-thread-3" [_thread_blocked, id=30652, stack(0x0000000016eb0000,0x0000000016fb0000)]
  0x000000001684d800 JavaThread "pool-2-thread-2" [_thread_blocked, id=32216, stack(0x0000000016db0000,0x0000000016eb0000)]
  0x0000000016838000 JavaThread "pool-3-thread-1" [_thread_blocked, id=21568, stack(0x0000000016cb0000,0x0000000016db0000)]
  0x0000000016837800 JavaThread "pool-2-thread-1" [_thread_in_vm, id=32232, stack(0x0000000016bb0000,0x0000000016cb0000)]
  0x00000000165d5800 JavaThread "Service Thread" daemon [_thread_blocked, id=33752, stack(0x00000000169b0000,0x0000000016ab0000)]
  0x0000000014d56000 JavaThread "C1 CompilerThread2" daemon [_thread_in_native, id=31648, stack(0x00000000164b0000,0x00000000165b0000)]
  0x0000000014d51800 JavaThread "C2 CompilerThread1" daemon [_thread_in_native, id=33300, stack(0x00000000163b0000,0x00000000164b0000)]
=>0x0000000014d4c000 JavaThread "C2 CompilerThread0" daemon [_thread_in_native, id=33416, stack(0x00000000162b0000,0x00000000163b0000)]
  0x0000000014d4a800 JavaThread "Attach Listener" daemon [_thread_blocked, id=32072, stack(0x00000000161b0000,0x00000000162b0000)]
  0x0000000014d49800 JavaThread "Signal Dispatcher" daemon [_thread_blocked, id=33724, stack(0x00000000160b0000,0x00000000161b0000)]
  0x0000000002676000 JavaThread "Finalizer" daemon [_thread_blocked, id=31116, stack(0x0000000015fb0000,0x00000000160b0000)]
  0x000000000266d000 JavaThread "Reference Handler" daemon [_thread_blocked, id=32676, stack(0x0000000015eb0000,0x0000000015fb0000)]
  0x000000000247e000 JavaThread "main" [_thread_blocked, id=29080, stack(0x0000000002480000,0x0000000002580000)]

Other Threads:
  0x0000000014d16800 VMThread [stack: 0x0000000015db0000,0x0000000015eb0000] [id=33044]
  0x00000000165d7000 WatcherThread [stack: 0x0000000016ab0000,0x0000000016bb0000] [id=9056]

VM state:not at safepoint (normal execution)

VM Mutex/Monitor currently owned by a thread: None

Heap:
 PSYoungGen      total 18944K, used 6144K [0x00000000eab00000, 0x00000000ec000000, 0x0000000100000000)
  eden space 16384K, 22% used [0x00000000eab00000,0x00000000eae87958,0x00000000ebb00000)
  from space 2560K, 98% used [0x00000000ebd80000,0x00000000ebff86c8,0x00000000ec000000)
  to   space 2560K, 0% used [0x00000000ebb00000,0x00000000ebb00000,0x00000000ebd80000)
 ParOldGen       total 44032K, used 4182K [0x00000000c0000000, 0x00000000c2b00000, 0x00000000eab00000)
  object space 44032K, 9% used [0x00000000c0000000,0x00000000c04159b0,0x00000000c2b00000)
 Metaspace       used 6015K, capacity 6960K, committed 7040K, reserved 1056768K
  class space    used 585K, capacity 616K, committed 640K, reserved 1048576K

Card table byte_map: [0x0000000011a40000,0x0000000011c50000] byte_map_base: 0x0000000011440000

Marking Bits: (ParMarkBitMap*) 0x0000000057b9d490
 Begin Bits: [0x00000000121b0000, 0x00000000131b0000)
 End Bits:   [0x00000000131b0000, 0x00000000141b0000)

Polling page: 0x0000000000a60000

CodeCache: size=245760Kb used=5338Kb max_used=5338Kb free=240421Kb
 bounds [0x0000000002680000, 0x0000000002bc0000, 0x0000000011680000]
 total_blobs=1621 nmethods=1357 adapters=178
 compilation: enabled

Compilation events (10 events):
Event: 1.507 Thread 0x0000000014d51800 1334       4       com.android.dx.rop.code.RopMethod::labelToPredecessors (54 bytes)
Event: 1.508 Thread 0x0000000014d56000 nmethod 1336 0x0000000002ba9850 code [0x0000000002ba9ae0, 0x0000000002baac68]
Event: 1.510 Thread 0x0000000014d56000 1337       3       com.android.dx.cf.direct.MethodListParser::set (30 bytes)
Event: 1.511 Thread 0x0000000014d56000 nmethod 1337 0x0000000002ba60d0 code [0x0000000002ba62c0, 0x0000000002ba6cb8]
Event: 1.511 Thread 0x0000000014d56000 1338       3       com.android.dx.cf.iface.StdMember::getDescriptor (8 bytes)
Event: 1.511 Thread 0x0000000014d56000 nmethod 1338 0x0000000002ba5690 code [0x0000000002ba57e0, 0x0000000002ba59d0]
Event: 1.511 Thread 0x0000000014d56000 1339       3       com.android.dx.rop.type.Prototype::intern (31 bytes)
Event: 1.512 Thread 0x0000000014d56000 nmethod 1339 0x0000000002ba4290 code [0x0000000002ba4420, 0x0000000002ba47a8]
Event: 1.517 Thread 0x0000000014d56000 1340       3       com.android.dx.util.Bits::isEmpty (26 bytes)
Event: 1.517 Thread 0x0000000014d56000 nmethod 1340 0x0000000002ba0010 code [0x0000000002ba0180, 0x0000000002ba03d0]

GC Heap History (4 events):
Event: 0.591 GC heap before
{Heap before GC invocations=1 (full 0):
 PSYoungGen      total 18944K, used 16384K [0x00000000eab00000, 0x00000000ec000000, 0x0000000100000000)
  eden space 16384K, 100% used [0x00000000eab00000,0x00000000ebb00000,0x00000000ebb00000)
  from space 2560K, 0% used [0x00000000ebd80000,0x00000000ebd80000,0x00000000ec000000)
  to   space 2560K, 0% used [0x00000000ebb00000,0x00000000ebb00000,0x00000000ebd80000)
 ParOldGen       total 44032K, used 0K [0x00000000c0000000, 0x00000000c2b00000, 0x00000000eab00000)
  object space 44032K, 0% used [0x00000000c0000000,0x00000000c0000000,0x00000000c2b00000)
 Metaspace       used 5649K, capacity 6640K, committed 6784K, reserved 1056768K
  class space    used 581K, capacity 616K, committed 640K, reserved 1048576K
Event: 0.597 GC heap after
Heap after GC invocations=1 (full 0):
 PSYoungGen      total 18944K, used 2554K [0x00000000eab00000, 0x00000000ec000000, 0x0000000100000000)
  eden space 16384K, 0% used [0x00000000eab00000,0x00000000eab00000,0x00000000ebb00000)
  from space 2560K, 99% used [0x00000000ebb00000,0x00000000ebd7ea98,0x00000000ebd80000)
  to   space 2560K, 0% used [0x00000000ebd80000,0x00000000ebd80000,0x00000000ec000000)
 ParOldGen       total 44032K, used 1630K [0x00000000c0000000, 0x00000000c2b00000, 0x00000000eab00000)
  object space 44032K, 3% used [0x00000000c0000000,0x00000000c0197880,0x00000000c2b00000)
 Metaspace       used 5649K, capacity 6640K, committed 6784K, reserved 1056768K
  class space    used 581K, capacity 616K, committed 640K, reserved 1048576K
}
Event: 1.392 GC heap before
{Heap before GC invocations=2 (full 0):
 PSYoungGen      total 18944K, used 18938K [0x00000000eab00000, 0x00000000ec000000, 0x0000000100000000)
  eden space 16384K, 100% used [0x00000000eab00000,0x00000000ebb00000,0x00000000ebb00000)
  from space 2560K, 99% used [0x00000000ebb00000,0x00000000ebd7ea98,0x00000000ebd80000)
  to   space 2560K, 0% used [0x00000000ebd80000,0x00000000ebd80000,0x00000000ec000000)
 ParOldGen       total 44032K, used 1630K [0x00000000c0000000, 0x00000000c2b00000, 0x00000000eab00000)
  object space 44032K, 3% used [0x00000000c0000000,0x00000000c0197880,0x00000000c2b00000)
 Metaspace       used 5962K, capacity 6896K, committed 7040K, reserved 1056768K
  class space    used 585K, capacity 616K, committed 640K, reserved 1048576K
Event: 1.404 GC heap after
Heap after GC invocations=2 (full 0):
 PSYoungGen      total 18944K, used 2529K [0x00000000eab00000, 0x00000000ec000000, 0x0000000100000000)
  eden space 16384K, 0% used [0x00000000eab00000,0x00000000eab00000,0x00000000ebb00000)
  from space 2560K, 98% used [0x00000000ebd80000,0x00000000ebff86c8,0x00000000ec000000)
  to   space 2560K, 0% used [0x00000000ebb00000,0x00000000ebb00000,0x00000000ebd80000)
 ParOldGen       total 44032K, used 4182K [0x00000000c0000000, 0x00000000c2b00000, 0x00000000eab00000)
  object space 44032K, 9% used [0x00000000c0000000,0x00000000c04159b0,0x00000000c2b00000)
 Metaspace       used 5962K, capacity 6896K, committed 7040K, reserved 1056768K
  class space    used 585K, capacity 616K, committed 640K, reserved 1048576K
}

Deoptimization events (7 events):
Event: 0.621 Thread 0x0000000016837800 Uncommon trap: reason=class_check action=maybe_recompile pc=0x00000000028bac70 method=com.android.dx.ssa.NormalSsaInsn.accept(Lcom/android/dx/ssa/SsaInsn$Visitor;)V @ 9
Event: 0.621 Thread 0x0000000016837800 Uncommon trap: reason=class_check action=maybe_recompile pc=0x00000000028bac70 method=com.android.dx.ssa.NormalSsaInsn.accept(Lcom/android/dx/ssa/SsaInsn$Visitor;)V @ 9
Event: 0.621 Thread 0x0000000016837800 Uncommon trap: reason=class_check action=maybe_recompile pc=0x00000000028bac70 method=com.android.dx.ssa.NormalSsaInsn.accept(Lcom/android/dx/ssa/SsaInsn$Visitor;)V @ 9
Event: 0.622 Thread 0x0000000016837800 Uncommon trap: reason=class_check action=maybe_recompile pc=0x00000000028bac70 method=com.android.dx.ssa.NormalSsaInsn.accept(Lcom/android/dx/ssa/SsaInsn$Visitor;)V @ 9
Event: 0.672 Thread 0x0000000016837800 Uncommon trap: reason=null_check action=make_not_entrant pc=0x00000000029c097c method=com.android.dx.ssa.SsaRenamer.getLocalForNewReg(I)Lcom/android/dx/rop/code/LocalItem; @ 19
Event: 0.738 Thread 0x0000000016837800 Uncommon trap: reason=null_check action=make_not_entrant pc=0x00000000029f5340 method=com.android.dx.ssa.SsaRenamer.getLocalForNewReg(I)Lcom/android/dx/rop/code/LocalItem; @ 19
Event: 1.018 Thread 0x000000001684d800 Uncommon trap: reason=unreached action=reinterpret pc=0x000000000299be5c method=com.android.dx.rop.cst.Constant.compareTo(Lcom/android/dx/rop/cst/Constant;)I @ 12

Internal exceptions (10 events):
Event: 0.423 Thread 0x0000000016837800 Exception <a 'java/security/PrivilegedActionException'> (0x00000000eb63edd0) thrown at [D:\re\workspace\8-2-build-windows-amd64-cygwin\jdk8u25\1677\hotspot\src\share\vm\prims\jvm.cpp, line 1312]
Event: 0.427 Thread 0x0000000016837800 Exception <a 'java/security/PrivilegedActionException'> (0x00000000eb64b600) thrown at [D:\re\workspace\8-2-build-windows-amd64-cygwin\jdk8u25\1677\hotspot\src\share\vm\prims\jvm.cpp, line 1312]
Event: 0.428 Thread 0x0000000016837800 Exception <a 'java/security/PrivilegedActionException'> (0x00000000eb651868) thrown at [D:\re\workspace\8-2-build-windows-amd64-cygwin\jdk8u25\1677\hotspot\src\share\vm\prims\jvm.cpp, line 1312]
Event: 0.428 Thread 0x0000000016837800 Exception <a 'java/security/PrivilegedActionException'> (0x00000000eb655f68) thrown at [D:\re\workspace\8-2-build-windows-amd64-cygwin\jdk8u25\1677\hotspot\src\share\vm\prims\jvm.cpp, line 1312]
Event: 0.472 Thread 0x0000000016850800 Exception <a 'java/security/PrivilegedActionException'> (0x00000000eb6b08c8) thrown at [D:\re\workspace\8-2-build-windows-amd64-cygwin\jdk8u25\1677\hotspot\src\share\vm\prims\jvm.cpp, line 1312]
Event: 0.483 Thread 0x0000000016850800 Exception <a 'java/security/PrivilegedActionException'> (0x00000000eb6cb380) thrown at [D:\re\workspace\8-2-build-windows-amd64-cygwin\jdk8u25\1677\hotspot\src\share\vm\prims\jvm.cpp, line 1312]
Event: 0.545 Thread 0x0000000016837800 Exception <a 'java/security/PrivilegedActionException'> (0x00000000eba0dd68) thrown at [D:\re\workspace\8-2-build-windows-amd64-cygwin\jdk8u25\1677\hotspot\src\share\vm\prims\jvm.cpp, line 1312]
Event: 0.649 Thread 0x0000000016850800 Exception <a 'java/security/PrivilegedActionException'> (0x00000000ead25e80) thrown at [D:\re\workspace\8-2-build-windows-amd64-cygwin\jdk8u25\1677\hotspot\src\share\vm\prims\jvm.cpp, line 1312]
Event: 0.672 Thread 0x0000000016837800 Implicit null exception at 0x00000000029be4d0 to 0x00000000029c0955
Event: 0.738 Thread 0x0000000016837800 Implicit null exception at 0x00000000029f3d8b to 0x00000000029f5305

Events (10 events):
Event: 1.203 loading class java/util/TreeMap$EntrySet
Event: 1.203 loading class java/util/TreeMap$EntrySet done
Event: 1.203 loading class java/util/TreeMap$EntryIterator
Event: 1.203 loading class java/util/TreeMap$EntryIterator done
Event: 1.203 Executing VM operation: Deoptimize
Event: 1.210 Executing VM operation: Deoptimize done
Event: 1.287 Thread 0x0000000016850800 DEOPT PACKING pc=0x000000000291dddf sp=0x0000000016fae570
Event: 1.287 Thread 0x0000000016850800 DEOPT UNPACKING pc=0x00000000026c75bf sp=0x0000000016fae350 mode 0
Event: 1.348 Executing VM operation: ParallelGCFailedAllocation
Event: 1.404 Executing VM operation: ParallelGCFailedAllocation done


Dynamic libraries:
0x00007ff619710000 - 0x00007ff619744000 	C:\Program Files\Java\jdk1.8.0_25\bin\java.exe
0x00007ffdb2fd0000 - 0x00007ffdb3191000 	C:\WINDOWS\SYSTEM32\ntdll.dll
0x00007ffdb2650000 - 0x00007ffdb26fd000 	C:\WINDOWS\system32\KERNEL32.DLL
0x00007ffdafe10000 - 0x00007ffdafff8000 	C:\WINDOWS\system32\KERNELBASE.dll
0x00007ffdb0d80000 - 0x00007ffdb0e27000 	C:\WINDOWS\system32\ADVAPI32.dll
0x00007ffdb1050000 - 0x00007ffdb10ed000 	C:\WINDOWS\system32\msvcrt.dll
0x00007ffdb2f70000 - 0x00007ffdb2fcb000 	C:\WINDOWS\system32\sechost.dll
0x00007ffdb0780000 - 0x00007ffdb089c000 	C:\WINDOWS\system32\RPCRT4.dll
0x00007ffdb2cf0000 - 0x00007ffdb2e46000 	C:\WINDOWS\system32\USER32.dll
0x00007ffdb0520000 - 0x00007ffdb06a6000 	C:\WINDOWS\system32\GDI32.dll
0x00007ffda7820000 - 0x00007ffda7a94000 	C:\WINDOWS\WinSxS\amd64_microsoft.windows.common-controls_6595b64144ccf1df_6.0.10586.494_none_a2d8b04ea53e3145\COMCTL32.dll
0x00007ffdb08a0000 - 0x00007ffdb0b1d000 	C:\WINDOWS\system32\combase.dll
0x00007ffdafd80000 - 0x00007ffdafdea000 	C:\WINDOWS\system32\bcryptPrimitives.dll
0x00007ffdb03d0000 - 0x00007ffdb040b000 	C:\WINDOWS\system32\IMM32.DLL
0x0000000056f00000 - 0x0000000056fd2000 	C:\Program Files\Java\jdk1.8.0_25\jre\bin\msvcr100.dll
0x00000000573c0000 - 0x0000000057c1a000 	C:\Program Files\Java\jdk1.8.0_25\jre\bin\server\jvm.dll
0x00007ffdb0d00000 - 0x00007ffdb0d08000 	C:\WINDOWS\system32\PSAPI.DLL
0x00007ffd9d1c0000 - 0x00007ffd9d1c9000 	C:\WINDOWS\SYSTEM32\WSOCK32.dll
0x00007ffdb0d10000 - 0x00007ffdb0d7b000 	C:\WINDOWS\system32\WS2_32.dll
0x00007ffdad8c0000 - 0x00007ffdad8e3000 	C:\WINDOWS\SYSTEM32\WINMM.dll
0x00007ffdad030000 - 0x00007ffdad05c000 	C:\WINDOWS\SYSTEM32\WINMMBASE.dll
0x00007ffdb0000000 - 0x00007ffdb0043000 	C:\WINDOWS\system32\cfgmgr32.dll
0x00000000573b0000 - 0x00000000573bf000 	C:\Program Files\Java\jdk1.8.0_25\jre\bin\verify.dll
0x0000000057380000 - 0x00000000573a8000 	C:\Program Files\Java\jdk1.8.0_25\jre\bin\java.dll
0x0000000057360000 - 0x0000000057376000 	C:\Program Files\Java\jdk1.8.0_25\jre\bin\zip.dll
0x00007ffdb10f0000 - 0x00007ffdb264c000 	C:\WINDOWS\system32\SHELL32.dll
0x00007ffdaf730000 - 0x00007ffdafd75000 	C:\WINDOWS\system32\windows.storage.dll
0x00007ffdb2c90000 - 0x00007ffdb2ce2000 	C:\WINDOWS\system32\shlwapi.dll
0x00007ffdaf670000 - 0x00007ffdaf67f000 	C:\WINDOWS\system32\kernel.appcore.dll
0x00007ffdb0140000 - 0x00007ffdb01f5000 	C:\WINDOWS\system32\shcore.dll
0x00007ffdaf5f0000 - 0x00007ffdaf63b000 	C:\WINDOWS\system32\powrprof.dll
0x00007ffdaf640000 - 0x00007ffdaf654000 	C:\WINDOWS\system32\profapi.dll
0x00007ffd9aee0000 - 0x00007ffd9b06c000 	C:\WINDOWS\SYSTEM32\dbghelp.dll

VM Arguments:
jvm_args: -Djava.awt.headless=true -Xmx1024M -Dfile.encoding=windows-1252 -Duser.country=FR -Duser.language=fr -Duser.variant 
java_command: com.android.dx.command.Main --dex --force-jumbo --num-threads=4 --multi-dex --output C:\Users\Famille\AndroidStudioProjects\Niviel\app\build\intermediates\transforms\dex\debug\folders\1000\10\jsoup-1.9.2_ecef94a6a7f4aa5a1465b1084b2edeb6df34e0f6 C:\Users\Famille\.gradle\caches\modules-2\files-2.1\org.jsoup\jsoup\1.9.2\5e3bda828a80c7a21dfbe2308d1755759c2fd7b4\jsoup-1.9.2.jar
java_class_path (initial): C:\Users\Famille\AppData\Local\Android\sdk\build-tools\23.0.2\lib\dx.jar
Launcher Type: SUN_STANDARD

Environment Variables:
JAVA_HOME=C:\Program Files\Java\jdk1.8.0_25
PATH=C:\Program Files\Broadcom\Broadcom 802.11 Network Adapter;;C:\Program Files\Broadcom\Broadcom 802.11;C:\ProgramData\Oracle\Java\javapath;C:\Program Files (x86)\Intel\iCLS Client\;C:\Program Files\Intel\iCLS Client\;C:\Windows\system32;C:\Windows;C:\Windows\System32\Wbem;C:\Windows\System32\WindowsPowerShell\v1.0\;C:\Program Files\Hewlett-Packard\SimplePass\;C:\wamp\bin\php\php5.5.12;C:\Python27;C:\Users\Famille\AppData\Roaming\npm\;C:\Program Files\nodejs\;C:\Program Files\Git\cmd;C:\Program Files (x86)\Brackets\command;C:\Program Files (x86)\Ant\bin;C:\Program Files (x86)\Maven\bin;C:\Program Files (x86)\Intel\Intel(R) Management Engine Components\DAL;C:\Program Files\Intel\Intel(R) Management Engine Components\DAL;C:\Program Files (x86)\Intel\Intel(R) Management Engine Components\IPT;C:\Program Files\Intel\Intel(R) Management Engine Components\IPT;C:\Users\Famille\AppData\Local\atom\bin;C:\Users\Famille\AppData\Roaming\npm
USERNAME=de Lachaux
OS=Windows_NT
PROCESSOR_IDENTIFIER=Intel64 Family 6 Model 69 Stepping 1, GenuineIntel



---------------  S Y S T E M  ---------------

OS: Windows 8.1 , 64 bit Build 9600 

CPU:total 4 (2 cores per cpu, 2 threads per core) family 6 model 69 stepping 1, cmov, cx8, fxsr, mmx, sse, sse2, sse3, ssse3, sse4.1, sse4.2, popcnt, avx, avx2, aes, clmul, erms, lzcnt, ht, tsc, tscinvbit, bmi1, bmi2

Memory: 4k page, physical 4122776k(375188k free), swap 5555352k(5424k free)

vm_info: Java HotSpot(TM) 64-Bit Server VM (25.25-b02) for windows-amd64 JRE (1.8.0_25-b18), built on Oct  7 2014 14:25:37 by "java_re" with MS VC++ 10.0 (VS2010)

time: Tue Aug 23 11:33:20 2016
elapsed time: 1 seconds (0d 0h 0m 1s)

