#
# There is insufficient memory for the Java Runtime Environment to continue.
# Native memory allocation (malloc) failed to allocate 568576 bytes for Chunk::new
# Possible reasons:
#   The system is out of physical RAM or swap space
#   In 32 bit mode, the process size limit was hit
# Possible solutions:
#   Reduce memory load on the system
#   Increase physical memory or swap space
#   Check if swap backing store is full
#   Use 64 bit Java on a 64 bit OS
#   Decrease Java heap size (-Xmx/-Xms)
#   Decrease number of Java threads
#   Decrease Java thread stack sizes (-Xss)
#   Set larger code cache with -XX:ReservedCodeCacheSize=
# This output file may be truncated or incomplete.
#
#  Out of Memory Error (allocation.cpp:390), pid=31732, tid=35828
#
# JRE version: Java(TM) SE Runtime Environment (8.0_25-b18) (build 1.8.0_25-b18)
# Java VM: Java HotSpot(TM) 64-Bit Server VM (25.25-b02 mixed mode windows-amd64 compressed oops)
# Failed to write core dump. Minidumps are not enabled by default on client versions of Windows
#

---------------  T H R E A D  ---------------

Current thread (0x00000000156b1800):  JavaThread "C2 CompilerThread1" daemon [_thread_in_native, id=35828, stack(0x0000000017120000,0x0000000017220000)]

Stack: [0x0000000017120000,0x0000000017220000]
Native frames: (J=compiled Java code, j=interpreted, Vv=VM code, C=native code)
V  [jvm.dll+0x31667a]


Current CompileTask:
C2:   2958  711       4       com.android.dx.ssa.SsaBasicBlock::forEachInsn (37 bytes)


---------------  P R O C E S S  ---------------

Java Threads: ( => current thread )
  0x00000000175a6800 JavaThread "pool-1-thread-4" [_thread_in_Java, id=8036, stack(0x0000000017d20000,0x0000000017e20000)]
  0x0000000017574000 JavaThread "pool-1-thread-3" [_thread_in_Java, id=22352, stack(0x0000000017c20000,0x0000000017d20000)]
  0x0000000017573000 JavaThread "pool-1-thread-2" [_thread_in_Java, id=44620, stack(0x0000000017b20000,0x0000000017c20000)]
  0x0000000017572800 JavaThread "pool-2-thread-1" [_thread_in_Java, id=22392, stack(0x0000000017a20000,0x0000000017b20000)]
  0x000000001756d800 JavaThread "pool-1-thread-1" [_thread_in_Java, id=42780, stack(0x0000000017920000,0x0000000017a20000)]
  0x000000001570e000 JavaThread "Service Thread" daemon [_thread_blocked, id=34076, stack(0x0000000017720000,0x0000000017820000)]
  0x00000000156b6000 JavaThread "C1 CompilerThread2" daemon [_thread_in_native, id=36256, stack(0x0000000017220000,0x0000000017320000)]
=>0x00000000156b1800 JavaThread "C2 CompilerThread1" daemon [_thread_in_native, id=35828, stack(0x0000000017120000,0x0000000017220000)]
  0x00000000156ad800 JavaThread "C2 CompilerThread0" daemon [_thread_in_native, id=39140, stack(0x0000000017020000,0x0000000017120000)]
  0x00000000156aa800 JavaThread "Attach Listener" daemon [_thread_blocked, id=45788, stack(0x0000000016f20000,0x0000000017020000)]
  0x00000000156a9800 JavaThread "Signal Dispatcher" daemon [_thread_blocked, id=47852, stack(0x0000000016e20000,0x0000000016f20000)]
  0x0000000002fd5000 JavaThread "Finalizer" daemon [_thread_blocked, id=48972, stack(0x0000000016d20000,0x0000000016e20000)]
  0x0000000002fcc000 JavaThread "Reference Handler" daemon [_thread_blocked, id=41064, stack(0x0000000016c20000,0x0000000016d20000)]
  0x0000000002ddd800 JavaThread "main" [_thread_in_Java, id=39536, stack(0x0000000002de0000,0x0000000002ee0000)]

Other Threads:
  0x0000000015676800 VMThread [stack: 0x0000000016b20000,0x0000000016c20000] [id=9352]
  0x000000001734f000 WatcherThread [stack: 0x0000000017820000,0x0000000017920000] [id=30504]

VM state:not at safepoint (normal execution)

VM Mutex/Monitor currently owned by a thread: None

Heap:
 PSYoungGen      total 18944K, used 5685K [0x00000000eab00000, 0x00000000ec000000, 0x0000000100000000)
  eden space 16384K, 19% used [0x00000000eab00000,0x00000000eae0f900,0x00000000ebb00000)
  from space 2560K, 99% used [0x00000000ebb00000,0x00000000ebd7dc78,0x00000000ebd80000)
  to   space 2560K, 0% used [0x00000000ebd80000,0x00000000ebd80000,0x00000000ec000000)
 ParOldGen       total 44032K, used 1534K [0x00000000c0000000, 0x00000000c2b00000, 0x00000000eab00000)
  object space 44032K, 3% used [0x00000000c0000000,0x00000000c017fbd8,0x00000000c2b00000)
 Metaspace       used 5747K, capacity 5876K, committed 6016K, reserved 1062912K
  class space    used 583K, capacity 616K, committed 640K, reserved 1048576K

Card table byte_map: [0x00000000123a0000,0x00000000125b0000] byte_map_base: 0x0000000011da0000

Marking Bits: (ParMarkBitMap*) 0x000000005c28d490
 Begin Bits: [0x0000000012b10000, 0x0000000013b10000)
 End Bits:   [0x0000000013b10000, 0x0000000014b10000)

Polling page: 0x0000000002ce0000

CodeCache: size=245760Kb used=3012Kb max_used=3020Kb free=242747Kb
 bounds [0x0000000002fe0000, 0x00000000032e0000, 0x0000000011fe0000]
 total_blobs=1026 nmethods=762 adapters=178
 compilation: enabled

Compilation events (10 events):
Event: 2.893 Thread 0x00000000156b6000 nmethod 723 0x00000000032989d0 code [0x0000000003298b40, 0x0000000003298dc8]
Event: 2.893 Thread 0x00000000156b6000  738       3       com.android.dx.rop.cst.CstInteger::getType (4 bytes)
Event: 2.893 Thread 0x00000000156b6000 nmethod 738 0x0000000003298f10 code [0x0000000003299060, 0x00000000032991b0]
Event: 2.893 Thread 0x00000000156b6000  717       3       com.android.dx.ssa.Optimizer::getAdvice (4 bytes)
Event: 2.894 Thread 0x00000000156b6000 nmethod 717 0x0000000003299250 code [0x00000000032993a0, 0x00000000032994d0]
Event: 2.894 Thread 0x00000000156b6000  746       3       com.android.dx.cf.code.RopperMachine::getSources (264 bytes)
Event: 2.898 Thread 0x00000000156b6000 nmethod 746 0x0000000003299550 code [0x0000000003299b00, 0x000000000329e298]
Event: 2.898 Thread 0x00000000156b6000  751       3       com.android.dx.cf.code.LineNumberList::pcToLine (73 bytes)
Event: 2.898 Thread 0x00000000156b6000 nmethod 751 0x00000000032a12d0 code [0x00000000032a1460, 0x00000000032a1b28]
Event: 2.898 Thread 0x00000000156b6000  748   !   3       com.android.dx.cf.code.RopperMachine::run (1550 bytes)

GC Heap History (0 events):
No events

Deoptimization events (0 events):
No events

Internal exceptions (10 events):
Event: 2.772 Thread 0x000000001756d800 Exception <a 'java/security/PrivilegedActionException'> (0x00000000eb671110) thrown at [D:\re\workspace\8-2-build-windows-amd64-cygwin\jdk8u25\1677\hotspot\src\share\vm\prims\jvm.cpp, line 1312]
Event: 2.773 Thread 0x000000001756d800 Exception <a 'java/security/PrivilegedActionException'> (0x00000000eb673e28) thrown at [D:\re\workspace\8-2-build-windows-amd64-cygwin\jdk8u25\1677\hotspot\src\share\vm\prims\jvm.cpp, line 1312]
Event: 2.773 Thread 0x000000001756d800 Exception <a 'java/security/PrivilegedActionException'> (0x00000000eb678f30) thrown at [D:\re\workspace\8-2-build-windows-amd64-cygwin\jdk8u25\1677\hotspot\src\share\vm\prims\jvm.cpp, line 1312]
Event: 2.774 Thread 0x000000001756d800 Exception <a 'java/security/PrivilegedActionException'> (0x00000000eb67e490) thrown at [D:\re\workspace\8-2-build-windows-amd64-cygwin\jdk8u25\1677\hotspot\src\share\vm\prims\jvm.cpp, line 1312]
Event: 2.775 Thread 0x0000000002ddd800 Exception <a 'java/security/PrivilegedActionException'> (0x00000000eb494be0) thrown at [D:\re\workspace\8-2-build-windows-amd64-cygwin\jdk8u25\1677\hotspot\src\share\vm\prims\jvm.cpp, line 1312]
Event: 2.779 Thread 0x0000000002ddd800 Exception <a 'java/security/PrivilegedActionException'> (0x00000000eb6cdc20) thrown at [D:\re\workspace\8-2-build-windows-amd64-cygwin\jdk8u25\1677\hotspot\src\share\vm\prims\jvm.cpp, line 1312]
Event: 2.780 Thread 0x0000000017573000 Exception <a 'java/security/PrivilegedActionException'> (0x00000000eb507040) thrown at [D:\re\workspace\8-2-build-windows-amd64-cygwin\jdk8u25\1677\hotspot\src\share\vm\prims\jvm.cpp, line 1312]
Event: 2.781 Thread 0x0000000017574000 Exception <a 'java/security/PrivilegedActionException'> (0x00000000eb5853b0) thrown at [D:\re\workspace\8-2-build-windows-amd64-cygwin\jdk8u25\1677\hotspot\src\share\vm\prims\jvm.cpp, line 1312]
Event: 2.818 Thread 0x0000000017573000 Exception <a 'java/security/PrivilegedActionException'> (0x00000000eb81da30) thrown at [D:\re\workspace\8-2-build-windows-amd64-cygwin\jdk8u25\1677\hotspot\src\share\vm\prims\jvm.cpp, line 1312]
Event: 2.830 Thread 0x0000000017573000 Exception <a 'java/security/PrivilegedActionException'> (0x00000000eb8385d8) thrown at [D:\re\workspace\8-2-build-windows-amd64-cygwin\jdk8u25\1677\hotspot\src\share\vm\prims\jvm.cpp, line 1312]

Events (10 events):
Event: 2.782 loading class java/io/PrintWriter
Event: 2.782 loading class java/io/PrintWriter done
Event: 2.818 loading class com/android/dx/ssa/PhiInsn$Operand
Event: 2.818 loading class com/android/dx/ssa/PhiInsn$Operand done
Event: 2.830 loading class com/android/dx/ssa/back/FirstFitLocalCombiningAllocator$Multiset
Event: 2.830 loading class com/android/dx/ssa/back/FirstFitLocalCombiningAllocator$Multiset done
Event: 2.840 loading class java/util/DualPivotQuicksort
Event: 2.840 loading class java/util/DualPivotQuicksort done
Event: 2.881 loading class java/util/ArrayList$1
Event: 2.881 loading class java/util/ArrayList$1 done


Dynamic libraries:
0x00007ff6a1ad0000 - 0x00007ff6a1b04000 	C:\Program Files\Java\jdk1.8.0_25\bin\java.exe
0x00007ffb77dc0000 - 0x00007ffb77f91000 	C:\WINDOWS\SYSTEM32\ntdll.dll
0x00007ffb777e0000 - 0x00007ffb7788b000 	C:\WINDOWS\System32\KERNEL32.DLL
0x00007ffb74760000 - 0x00007ffb7497d000 	C:\WINDOWS\System32\KERNELBASE.dll
0x00007ffb76a50000 - 0x00007ffb76af2000 	C:\WINDOWS\System32\ADVAPI32.dll
0x00007ffb77ab0000 - 0x00007ffb77b4e000 	C:\WINDOWS\System32\msvcrt.dll
0x00007ffb76d90000 - 0x00007ffb76de9000 	C:\WINDOWS\System32\sechost.dll
0x00007ffb76c60000 - 0x00007ffb76d81000 	C:\WINDOWS\System32\RPCRT4.dll
0x00007ffb77b50000 - 0x00007ffb77cb5000 	C:\WINDOWS\System32\USER32.dll
0x00007ffb74310000 - 0x00007ffb7432e000 	C:\WINDOWS\System32\win32u.dll
0x00007ffb76910000 - 0x00007ffb76944000 	C:\WINDOWS\System32\GDI32.dll
0x00007ffb74980000 - 0x00007ffb74b02000 	C:\WINDOWS\System32\gdi32full.dll
0x00007ffb68940000 - 0x00007ffb68bba000 	C:\WINDOWS\WinSxS\amd64_microsoft.windows.common-controls_6595b64144ccf1df_6.0.14393.351_none_4213128bc687e6d3\COMCTL32.dll
0x00007ffb77510000 - 0x00007ffb777d7000 	C:\WINDOWS\System32\combase.dll
0x00007ffb74330000 - 0x00007ffb74425000 	C:\WINDOWS\System32\ucrtbase.dll
0x00007ffb746a0000 - 0x00007ffb7470a000 	C:\WINDOWS\System32\bcryptPrimitives.dll
0x00007ffb77d20000 - 0x00007ffb77d4e000 	C:\WINDOWS\System32\IMM32.DLL
0x000000005e0a0000 - 0x000000005e172000 	C:\Program Files\Java\jdk1.8.0_25\jre\bin\msvcr100.dll
0x000000005bab0000 - 0x000000005c30a000 	C:\Program Files\Java\jdk1.8.0_25\jre\bin\server\jvm.dll
0x00007ffb76900000 - 0x00007ffb76908000 	C:\WINDOWS\System32\PSAPI.DLL
0x00007ffb68180000 - 0x00007ffb68189000 	C:\WINDOWS\SYSTEM32\WSOCK32.dll
0x00007ffb77d50000 - 0x00007ffb77dba000 	C:\WINDOWS\System32\WS2_32.dll
0x00007ffb725d0000 - 0x00007ffb725f3000 	C:\WINDOWS\SYSTEM32\WINMM.dll
0x00007ffb72560000 - 0x00007ffb7258b000 	C:\WINDOWS\SYSTEM32\WINMMBASE.dll
0x00007ffb74710000 - 0x00007ffb74752000 	C:\WINDOWS\System32\cfgmgr32.dll
0x000000005e090000 - 0x000000005e09f000 	C:\Program Files\Java\jdk1.8.0_25\jre\bin\verify.dll
0x000000005e060000 - 0x000000005e088000 	C:\Program Files\Java\jdk1.8.0_25\jre\bin\java.dll
0x000000005e040000 - 0x000000005e056000 	C:\Program Files\Java\jdk1.8.0_25\jre\bin\zip.dll
0x00007ffb75350000 - 0x00007ffb76859000 	C:\WINDOWS\System32\SHELL32.dll
0x00007ffb74b10000 - 0x00007ffb751ea000 	C:\WINDOWS\System32\windows.storage.dll
0x00007ffb74260000 - 0x00007ffb742ac000 	C:\WINDOWS\System32\powrprof.dll
0x00007ffb77890000 - 0x00007ffb778e2000 	C:\WINDOWS\System32\shlwapi.dll
0x00007ffb74250000 - 0x00007ffb7425f000 	C:\WINDOWS\System32\kernel.appcore.dll
0x00007ffb751f0000 - 0x00007ffb75299000 	C:\WINDOWS\System32\shcore.dll
0x00007ffb74230000 - 0x00007ffb74244000 	C:\WINDOWS\System32\profapi.dll

VM Arguments:
jvm_args: -Djava.awt.headless=true -Xmx1024M -Dfile.encoding=windows-1252 -Duser.country=FR -Duser.language=fr -Duser.variant 
java_command: com.android.dx.command.Main --dex --num-threads=4 --output C:\Users\Famille\AndroidStudioProjects\Niviel\app\build\intermediates\pre-dexed\debug\jsoup-1.9.2_ecef94a6a7f4aa5a1465b1084b2edeb6df34e0f6.jar C:\Users\Famille\.gradle\caches\modules-2\files-2.1\org.jsoup\jsoup\1.9.2\5e3bda828a80c7a21dfbe2308d1755759c2fd7b4\jsoup-1.9.2.jar
java_class_path (initial): C:\Users\Famille\AppData\Local\Android\sdk\build-tools\23.0.2\lib\dx.jar
Launcher Type: SUN_STANDARD

Environment Variables:
JAVA_HOME=C:\Program Files\Java\jdk1.8.0_25
PATH=C:\Program Files\Broadcom\Broadcom 802.11 Network Adapter;C:\Program Files\Broadcom\Broadcom 802.11;C:\ProgramData\Oracle\Java\javapath;C:\Program Files (x86)\Intel\iCLS Client\;C:\Program Files\Intel\iCLS Client\;C:\Windows\system32;C:\Windows;C:\Windows\System32\Wbem;C:\Windows\System32\WindowsPowerShell\v1.0\;C:\Program Files\Hewlett-Packard\SimplePass\;C:\wamp\bin\php\php5.5.12;C:\Python34;C:\Users\Famille\AppData\Roaming\npm\;C:\Program Files\nodejs\;C:\Program Files\Git\cmd;C:\Program Files (x86)\Brackets\command;C:\Program Files (x86)\Ant\bin;C:\Program Files (x86)\Maven\bin;C:\Program Files (x86)\Intel\Intel(R) Management Engine Components\DAL;C:\Program Files\Intel\Intel(R) Management Engine Components\DAL;C:\Program Files (x86)\Intel\Intel(R) Management Engine Components\IPT;C:\Program Files\Intel\Intel(R) Management Engine Components\IPT;C:\Users\Famille\AppData\Local\Android\sdk\platform-tools;C:\WINDOWS\system32;C:\WINDOWS;C:\WINDOWS\System32\Wbem;C:\WINDOWS\System32\WindowsPowerShell\v1.0\;C:\Users\Famille\AppData\Local\atom\bin;C:\Users\Famille\AppData\Roaming\npm;%USERPROFILE%\AppData\Local\Microsoft\WindowsApps;
USERNAME=de Lachaux
OS=Windows_NT
PROCESSOR_IDENTIFIER=Intel64 Family 6 Model 69 Stepping 1, GenuineIntel



---------------  S Y S T E M  ---------------

OS: Windows 8.1 , 64 bit Build 9600 

CPU:total 4 (2 cores per cpu, 2 threads per core) family 6 model 69 stepping 1, cmov, cx8, fxsr, mmx, sse, sse2, sse3, ssse3, sse4.1, sse4.2, popcnt, avx, avx2, aes, clmul, erms, lzcnt, ht, tsc, tscinvbit, bmi1, bmi2

Memory: 4k page, physical 4122776k(433536k free), swap 5555352k(4284k free)

vm_info: Java HotSpot(TM) 64-Bit Server VM (25.25-b02) for windows-amd64 JRE (1.8.0_25-b18), built on Oct  7 2014 14:25:37 by "java_re" with MS VC++ 10.0 (VS2010)

time: Sat Nov 05 19:38:38 2016
elapsed time: 2 seconds (0d 0h 0m 2s)

