#
# A fatal error has been detected by the Java Runtime Environment:
#
#  EXCEPTION_STACK_OVERFLOW (0xc00000fd) at pc=0x00000000575bac07, pid=33552, tid=32908
#
# JRE version: Java(TM) SE Runtime Environment (8.0_25-b18) (build 1.8.0_25-b18)
# Java VM: Java HotSpot(TM) 64-Bit Server VM (25.25-b02 mixed mode windows-amd64 compressed oops)
# Problematic frame:
# V  [jvm.dll+0x1fac07]
#
# Failed to write core dump. Minidumps are not enabled by default on client versions of Windows
#
# If you would like to submit a bug report, please visit:
#   http://bugreport.sun.com/bugreport/crash.jsp
#

---------------  T H R E A D  ---------------

Current thread (0x0000000016439000):  JavaThread "pool-2-thread-3" [_thread_in_vm, id=32908, stack(0x0000000017230000,0x0000000017330000)]

siginfo: ExceptionCode=0xc00000fd, ExceptionInformation=0x0000000000000001 0x000000001732c650 

Registers:
RAX=0x000000001732c650, RBX=0x0000000000000004, RCX=0x0000000000003000, RDX=0x0000000000000006
RSP=0x000000001732f650, RBP=0x0000000000000000, RSI=0x000000001732f650, RDI=0x0000000000000004
R8 =0x0000000000000006, R9 =0x00000000164b9eb0, R10=0x0000000013f6bfe8, R11=0x000000001723a148
R12=0x00000000164b9eb0, R13=0x0000000016439000, R14=0x000000001732f718, R15=0x0000000013f6bfe8
RIP=0x00000000575bac07, EFLAGS=0x0000000000010206

Top of Stack: (sp=0x000000001732f650)
0x000000001732f650:   00000000149103c0 0000000056f54e7e
0x000000001732f660:   0000000016439000 00000000164b9eb0
0x000000001732f670:   00000000ffffffff 00000000575bbb37
0x000000001732f680:   000000001732f780 0000000013f6bfe8
0x000000001732f690:   0000000016439000 00000000574720d3
0x000000001732f6a0:   000000001732f6e0 0000000016439000
0x000000001732f6b0:   000000001732f770 0000000016439000
0x000000001732f6c0:   0000000013f6bfe8 0000000016439000
0x000000001732f6d0:   0000000002220e20 0000000016439000
0x000000001732f6e0:   0000000013f6bfe8 0000000016439000
0x000000001732f6f0:   0000000013f6bfe8 0000000016439000
0x000000001732f700:   0000000000000001 0000000013f6bfe8
0x000000001732f710:   0000000016439000 0000000016157080
0x000000001732f720:   0000000016439000 00000000574735bd
0x000000001732f730:   000000001732fa38 0000000100006448
0x000000001732f740:   0000000100006448 0000000000000000 

Instructions: (pc=0x00000000575bac07)
0x00000000575babe7:   48 89 6c 24 30 33 ed 66 90 e8 eb 5c 08 00 ff c3
0x00000000575babf7:   48 63 c8 48 8b c6 48 0f af cf 48 ff c7 48 2b c1
0x00000000575bac07:   89 28 48 63 c3 48 3b 05 ed 73 57 00 7e db 48 8b
0x00000000575bac17:   6c 24 30 48 8b 5c 24 38 48 8b 74 24 40 48 83 c4 


Register to memory mapping:

RAX=0x000000001732c650 is pointing into the stack for thread: 0x0000000016439000
RBX=0x0000000000000004 is an unknown value
RCX=0x0000000000003000 is an unknown value
RDX=0x0000000000000006 is an unknown value
RSP=0x000000001732f650 is pointing into the stack for thread: 0x0000000016439000
RBP=0x0000000000000000 is an unknown value
RSI=0x000000001732f650 is pointing into the stack for thread: 0x0000000016439000
RDI=0x0000000000000004 is an unknown value
R8 =0x0000000000000006 is an unknown value
R9 =0x00000000164b9eb0 is an unknown value
R10={method} {0x0000000013f6bff0} 'run' '()V' in 'java/lang/Thread'
R11=0x000000001723a148 is pointing into the stack for thread: 0x0000000016439000
R12=0x00000000164b9eb0 is an unknown value
R13=0x0000000016439000 is a thread
R14=0x000000001732f718 is pointing into the stack for thread: 0x0000000016439000
R15={method} {0x0000000013f6bff0} 'run' '()V' in 'java/lang/Thread'


Stack: [0x0000000017230000,0x0000000017330000],  sp=0x000000001732f650,  free space=1021k
Native frames: (J=compiled Java code, j=interpreted, Vv=VM code, C=native code)


---------------  P R O C E S S  ---------------

Java Threads: ( => current thread )
  0x000000001643a000 JavaThread "pool-2-thread-4" [_thread_in_vm, id=32912, stack(0x0000000017330000,0x0000000017430000)]
=>0x0000000016439000 JavaThread "pool-2-thread-3" [_thread_in_vm, id=32908, stack(0x0000000017230000,0x0000000017330000)]
  0x0000000016437800 JavaThread "pool-2-thread-2" [_thread_blocked, id=32896, stack(0x0000000017130000,0x0000000017230000)]
  0x0000000016433000 JavaThread "pool-3-thread-1" [_thread_blocked, id=32892, stack(0x0000000017030000,0x0000000017130000)]
  0x0000000016400800 JavaThread "pool-2-thread-1" [_thread_in_Java, id=32292, stack(0x0000000016f30000,0x0000000017030000)]
  0x0000000016154800 JavaThread "Service Thread" daemon [_thread_blocked, id=30400, stack(0x0000000016530000,0x0000000016630000)]
  0x0000000014907000 JavaThread "C1 CompilerThread2" daemon [_thread_blocked, id=30748, stack(0x0000000016030000,0x0000000016130000)]
  0x00000000148df000 JavaThread "C2 CompilerThread1" daemon [_thread_blocked, id=33788, stack(0x0000000015f30000,0x0000000016030000)]
  0x00000000148da000 JavaThread "C2 CompilerThread0" daemon [_thread_blocked, id=33784, stack(0x0000000015e30000,0x0000000015f30000)]
  0x00000000148d8800 JavaThread "Attach Listener" daemon [_thread_blocked, id=33780, stack(0x0000000015d30000,0x0000000015e30000)]
  0x00000000148d7800 JavaThread "Signal Dispatcher" daemon [_thread_blocked, id=33776, stack(0x0000000015c30000,0x0000000015d30000)]
  0x00000000148b7000 JavaThread "Finalizer" daemon [_thread_blocked, id=33700, stack(0x0000000015b30000,0x0000000015c30000)]
  0x00000000148b3800 JavaThread "Reference Handler" daemon [_thread_blocked, id=33696, stack(0x0000000015a30000,0x0000000015b30000)]
  0x0000000001ffe000 JavaThread "main" [_thread_blocked, id=33596, stack(0x0000000002000000,0x0000000002100000)]

Other Threads:
  0x00000000148ad800 VMThread [stack: 0x0000000015930000,0x0000000015a30000] [id=33684]
  0x0000000016156800 WatcherThread [stack: 0x0000000016630000,0x0000000016730000] [id=28596]

VM state:not at safepoint (normal execution)

VM Mutex/Monitor currently owned by a thread: None

Heap:
 PSYoungGen      total 18944K, used 13115K [0x00000000eab00000, 0x00000000ec000000, 0x0000000100000000)
  eden space 16384K, 80% used [0x00000000eab00000,0x00000000eb7cef90,0x00000000ebb00000)
  from space 2560K, 0% used [0x00000000ebd80000,0x00000000ebd80000,0x00000000ec000000)
  to   space 2560K, 0% used [0x00000000ebb00000,0x00000000ebb00000,0x00000000ebd80000)
 ParOldGen       total 44032K, used 0K [0x00000000c0000000, 0x00000000c2b00000, 0x00000000eab00000)
  object space 44032K, 0% used [0x00000000c0000000,0x00000000c0000000,0x00000000c2b00000)
 Metaspace       used 4149K, capacity 5296K, committed 5376K, reserved 1056768K
  class space    used 459K, capacity 488K, committed 512K, reserved 1048576K

Card table byte_map: [0x00000000115d0000,0x00000000117e0000] byte_map_base: 0x0000000010fd0000

Marking Bits: (ParMarkBitMap*) 0x0000000057b9d490
 Begin Bits: [0x0000000011d40000, 0x0000000012d40000)
 End Bits:   [0x0000000012d40000, 0x0000000013d40000)

Polling page: 0x00000000007e0000

CodeCache: size=245760Kb used=1911Kb max_used=1911Kb free=243848Kb
 bounds [0x0000000002210000, 0x0000000002480000, 0x0000000011210000]
 total_blobs=568 nmethods=314 adapters=168
 compilation: enabled

Compilation events (10 events):
Event: 0.731 Thread 0x0000000014907000  303       3       java.util.Date::getCalendarSystem (25 bytes)
Event: 0.731 Thread 0x0000000014907000 nmethod 303 0x00000000023dd550 code [0x00000000023dd6c0, 0x00000000023dd930]
Event: 0.731 Thread 0x0000000014907000  304       3       java.util.Date::getCalendarSystem (31 bytes)
Event: 0.731 Thread 0x00000000148df000  307       4       com.android.dx.util.ByteArray::getUnsignedByte0 (16 bytes)
Event: 0.731 Thread 0x0000000014907000 nmethod 304 0x00000000023dd9d0 code [0x00000000023ddb80, 0x00000000023de2a8]
Event: 0.731 Thread 0x0000000014907000  305       1       com.android.dx.rop.type.Type::getDescriptor (5 bytes)
Event: 0.732 Thread 0x0000000014907000 nmethod 305 0x00000000023de4d0 code [0x00000000023de620, 0x00000000023de730]
Event: 0.732 Thread 0x0000000014907000  308       3       java.util.jar.Attributes::getValue (9 bytes)
Event: 0.732 Thread 0x0000000014907000 nmethod 308 0x00000000023e1410 code [0x00000000023e1580, 0x00000000023e18e8]
Event: 0.732 Thread 0x00000000148df000 nmethod 307 0x00000000023e1a10 code [0x00000000023e1b40, 0x00000000023e1bd8]

GC Heap History (0 events):
No events

Deoptimization events (0 events):
No events

Internal exceptions (10 events):
Event: 0.728 Thread 0x0000000001ffe000 Exception <a 'java/security/PrivilegedActionException'> (0x00000000eb605c38) thrown at [D:\re\workspace\8-2-build-windows-amd64-cygwin\jdk8u25\1677\hotspot\src\share\vm\prims\jvm.cpp, line 1312]
Event: 0.729 Thread 0x0000000016400800 Exception <a 'java/security/PrivilegedActionException'> (0x00000000eb641400) thrown at [D:\re\workspace\8-2-build-windows-amd64-cygwin\jdk8u25\1677\hotspot\src\share\vm\prims\jvm.cpp, line 1312]
Event: 0.730 Thread 0x0000000001ffe000 Exception <a 'java/security/PrivilegedActionException'> (0x00000000eb613290) thrown at [D:\re\workspace\8-2-build-windows-amd64-cygwin\jdk8u25\1677\hotspot\src\share\vm\prims\jvm.cpp, line 1312]
Event: 0.730 Thread 0x0000000016400800 Exception <a 'java/security/PrivilegedActionException'> (0x00000000eb643588) thrown at [D:\re\workspace\8-2-build-windows-amd64-cygwin\jdk8u25\1677\hotspot\src\share\vm\prims\jvm.cpp, line 1312]
Event: 0.730 Thread 0x0000000016400800 Exception <a 'java/security/PrivilegedActionException'> (0x00000000eb6458b0) thrown at [D:\re\workspace\8-2-build-windows-amd64-cygwin\jdk8u25\1677\hotspot\src\share\vm\prims\jvm.cpp, line 1312]
Event: 0.731 Thread 0x0000000016400800 Exception <a 'java/security/PrivilegedActionException'> (0x00000000eb64a6b8) thrown at [D:\re\workspace\8-2-build-windows-amd64-cygwin\jdk8u25\1677\hotspot\src\share\vm\prims\jvm.cpp, line 1312]
Event: 0.731 Thread 0x0000000001ffe000 Exception <a 'java/security/PrivilegedActionException'> (0x00000000eb61ffc8) thrown at [D:\re\workspace\8-2-build-windows-amd64-cygwin\jdk8u25\1677\hotspot\src\share\vm\prims\jvm.cpp, line 1312]
Event: 0.732 Thread 0x0000000016400800 Exception <a 'java/security/PrivilegedActionException'> (0x00000000eb654360) thrown at [D:\re\workspace\8-2-build-windows-amd64-cygwin\jdk8u25\1677\hotspot\src\share\vm\prims\jvm.cpp, line 1312]
Event: 0.732 Thread 0x0000000001ffe000 Exception <a 'java/security/PrivilegedActionException'> (0x00000000eb622740) thrown at [D:\re\workspace\8-2-build-windows-amd64-cygwin\jdk8u25\1677\hotspot\src\share\vm\prims\jvm.cpp, line 1312]
Event: 0.732 Thread 0x0000000016400800 Exception <a 'java/security/PrivilegedActionException'> (0x00000000eb6592a0) thrown at [D:\re\workspace\8-2-build-windows-amd64-cygwin\jdk8u25\1677\hotspot\src\share\vm\prims\jvm.cpp, line 1312]

Events (10 events):
Event: 0.731 loading class com/android/dx/dex/file/ClassDefItem
Event: 0.731 loading class com/android/dx/dex/file/ClassDefItem done
Event: 0.731 loading class com/android/dx/cf/attrib/AttLocalVariableTypeTable
Event: 0.731 loading class com/android/dx/cf/attrib/AttLocalVariableTypeTable done
Event: 0.732 loading class com/android/dx/dex/file/OffsettedItem
Event: 0.732 loading class com/android/dx/dex/file/OffsettedItem done
Event: 0.732 loading class com/android/dx/cf/attrib/AttSignature
Event: 0.732 loading class com/android/dx/cf/attrib/AttSignature done
Event: 0.732 loading class com/android/dx/dex/file/TypeListItem
Event: 0.732 loading class com/android/dx/dex/file/TypeListItem done


Dynamic libraries:
0x00007ff619710000 - 0x00007ff619744000 	C:\Program Files\Java\jdk1.8.0_25\bin\java.exe
0x00007ffdb2fd0000 - 0x00007ffdb3191000 	C:\WINDOWS\SYSTEM32\ntdll.dll
0x00007ffdb2650000 - 0x00007ffdb26fd000 	C:\WINDOWS\system32\KERNEL32.DLL
0x00007ffdafe10000 - 0x00007ffdafff8000 	C:\WINDOWS\system32\KERNELBASE.dll
0x00007ffdb0d80000 - 0x00007ffdb0e27000 	C:\WINDOWS\system32\ADVAPI32.dll
0x00007ffdb1050000 - 0x00007ffdb10ed000 	C:\WINDOWS\system32\msvcrt.dll
0x00007ffdb2f70000 - 0x00007ffdb2fcb000 	C:\WINDOWS\system32\sechost.dll
0x00007ffdb0780000 - 0x00007ffdb089c000 	C:\WINDOWS\system32\RPCRT4.dll
0x00007ffdb2cf0000 - 0x00007ffdb2e46000 	C:\WINDOWS\system32\USER32.dll
0x00007ffdb0520000 - 0x00007ffdb06a6000 	C:\WINDOWS\system32\GDI32.dll
0x00007ffda7820000 - 0x00007ffda7a94000 	C:\WINDOWS\WinSxS\amd64_microsoft.windows.common-controls_6595b64144ccf1df_6.0.10586.494_none_a2d8b04ea53e3145\COMCTL32.dll
0x00007ffdb08a0000 - 0x00007ffdb0b1d000 	C:\WINDOWS\system32\combase.dll
0x00007ffdafd80000 - 0x00007ffdafdea000 	C:\WINDOWS\system32\bcryptPrimitives.dll
0x00007ffdb03d0000 - 0x00007ffdb040b000 	C:\WINDOWS\system32\IMM32.DLL
0x0000000056f00000 - 0x0000000056fd2000 	C:\Program Files\Java\jdk1.8.0_25\jre\bin\msvcr100.dll
0x00000000573c0000 - 0x0000000057c1a000 	C:\Program Files\Java\jdk1.8.0_25\jre\bin\server\jvm.dll
0x00007ffdb0d00000 - 0x00007ffdb0d08000 	C:\WINDOWS\system32\PSAPI.DLL
0x00007ffd9d1c0000 - 0x00007ffd9d1c9000 	C:\WINDOWS\SYSTEM32\WSOCK32.dll
0x00007ffdb0d10000 - 0x00007ffdb0d7b000 	C:\WINDOWS\system32\WS2_32.dll
0x00007ffdad8c0000 - 0x00007ffdad8e3000 	C:\WINDOWS\SYSTEM32\WINMM.dll
0x00007ffdad030000 - 0x00007ffdad05c000 	C:\WINDOWS\SYSTEM32\WINMMBASE.dll
0x00007ffdb0000000 - 0x00007ffdb0043000 	C:\WINDOWS\system32\cfgmgr32.dll
0x00000000573b0000 - 0x00000000573bf000 	C:\Program Files\Java\jdk1.8.0_25\jre\bin\verify.dll
0x0000000057380000 - 0x00000000573a8000 	C:\Program Files\Java\jdk1.8.0_25\jre\bin\java.dll
0x0000000057360000 - 0x0000000057376000 	C:\Program Files\Java\jdk1.8.0_25\jre\bin\zip.dll
0x00007ffdb10f0000 - 0x00007ffdb264c000 	C:\WINDOWS\system32\SHELL32.dll
0x00007ffdaf730000 - 0x00007ffdafd75000 	C:\WINDOWS\system32\windows.storage.dll
0x00007ffdb2c90000 - 0x00007ffdb2ce2000 	C:\WINDOWS\system32\shlwapi.dll
0x00007ffdaf670000 - 0x00007ffdaf67f000 	C:\WINDOWS\system32\kernel.appcore.dll
0x00007ffdb0140000 - 0x00007ffdb01f5000 	C:\WINDOWS\system32\shcore.dll
0x00007ffdaf5f0000 - 0x00007ffdaf63b000 	C:\WINDOWS\system32\powrprof.dll
0x00007ffdaf640000 - 0x00007ffdaf654000 	C:\WINDOWS\system32\profapi.dll
0x00007ffd9aee0000 - 0x00007ffd9b06c000 	C:\WINDOWS\SYSTEM32\dbghelp.dll

VM Arguments:
jvm_args: -Djava.awt.headless=true -Xmx1024M -Dfile.encoding=windows-1252 -Duser.country=FR -Duser.language=fr -Duser.variant 
java_command: com.android.dx.command.Main --dex --force-jumbo --num-threads=4 --multi-dex --output C:\Users\Famille\AndroidStudioProjects\Niviel\app\build\intermediates\transforms\dex\debug\folders\1000\10\com.android.support-support-compat-24.2.0_f99683d0edba2f7f687df152822ca8592fe0dc75 C:\Users\Famille\AndroidStudioProjects\Niviel\app\build\intermediates\exploded-aar\com.android.support\support-compat\24.2.0\jars\classes.jar
java_class_path (initial): C:\Users\Famille\AppData\Local\Android\sdk\build-tools\23.0.2\lib\dx.jar
Launcher Type: SUN_STANDARD

Environment Variables:
JAVA_HOME=C:\Program Files\Java\jdk1.8.0_25
PATH=C:\Program Files\Broadcom\Broadcom 802.11 Network Adapter;;C:\Program Files\Broadcom\Broadcom 802.11;C:\ProgramData\Oracle\Java\javapath;C:\Program Files (x86)\Intel\iCLS Client\;C:\Program Files\Intel\iCLS Client\;C:\Windows\system32;C:\Windows;C:\Windows\System32\Wbem;C:\Windows\System32\WindowsPowerShell\v1.0\;C:\Program Files\Hewlett-Packard\SimplePass\;C:\wamp\bin\php\php5.5.12;C:\Python27;C:\Users\Famille\AppData\Roaming\npm\;C:\Program Files\nodejs\;C:\Program Files\Git\cmd;C:\Program Files (x86)\Brackets\command;C:\Program Files (x86)\Ant\bin;C:\Program Files (x86)\Maven\bin;C:\Program Files (x86)\Intel\Intel(R) Management Engine Components\DAL;C:\Program Files\Intel\Intel(R) Management Engine Components\DAL;C:\Program Files (x86)\Intel\Intel(R) Management Engine Components\IPT;C:\Program Files\Intel\Intel(R) Management Engine Components\IPT;C:\Users\Famille\AppData\Local\atom\bin;C:\Users\Famille\AppData\Roaming\npm
USERNAME=de Lachaux
OS=Windows_NT
PROCESSOR_IDENTIFIER=Intel64 Family 6 Model 69 Stepping 1, GenuineIntel



---------------  S Y S T E M  ---------------

OS: Windows 8.1 , 64 bit Build 9600 

CPU:total 4 (2 cores per cpu, 2 threads per core) family 6 model 69 stepping 1, cmov, cx8, fxsr, mmx, sse, sse2, sse3, ssse3, sse4.1, sse4.2, popcnt, avx, avx2, aes, clmul, erms, lzcnt, ht, tsc, tscinvbit, bmi1, bmi2

Memory: 4k page, physical 4122776k(402112k free), swap 5555352k(548k free)

vm_info: Java HotSpot(TM) 64-Bit Server VM (25.25-b02) for windows-amd64 JRE (1.8.0_25-b18), built on Oct  7 2014 14:25:37 by "java_re" with MS VC++ 10.0 (VS2010)

time: Tue Aug 23 11:32:44 2016
elapsed time: 0 seconds (0d 0h 0m 0s)

