#
# There is insufficient memory for the Java Runtime Environment to continue.
# Native memory allocation (malloc) failed to allocate 342096 bytes for Chunk::new
# Possible reasons:
#   The system is out of physical RAM or swap space
#   In 32 bit mode, the process size limit was hit
# Possible solutions:
#   Reduce memory load on the system
#   Increase physical memory or swap space
#   Check if swap backing store is full
#   Use 64 bit Java on a 64 bit OS
#   Decrease Java heap size (-Xmx/-Xms)
#   Decrease number of Java threads
#   Decrease Java thread stack sizes (-Xss)
#   Set larger code cache with -XX:ReservedCodeCacheSize=
# This output file may be truncated or incomplete.
#
#  Out of Memory Error (allocation.cpp:390), pid=44476, tid=10724
#
# JRE version: Java(TM) SE Runtime Environment (8.0_25-b18) (build 1.8.0_25-b18)
# Java VM: Java HotSpot(TM) 64-Bit Server VM (25.25-b02 mixed mode windows-amd64 compressed oops)
# Failed to write core dump. Minidumps are not enabled by default on client versions of Windows
#

---------------  T H R E A D  ---------------

Current thread (0x0000000014e77800):  JavaThread "C2 CompilerThread1" daemon [_thread_in_native, id=10724, stack(0x0000000016480000,0x0000000016580000)]

Stack: [0x0000000016480000,0x0000000016580000]
Native frames: (J=compiled Java code, j=interpreted, Vv=VM code, C=native code)
V  [jvm.dll+0x31667a]


Current CompileTask:
C2:   1292  846   !   4       com.android.dx.rop.code.RegisterSpec::intern (70 bytes)


---------------  P R O C E S S  ---------------

Java Threads: ( => current thread )
  0x00000000169f6000 JavaThread "pool-1-thread-4" [_thread_blocked, id=33292, stack(0x0000000017080000,0x0000000017180000)]
  0x00000000169f5000 JavaThread "pool-1-thread-3" [_thread_in_Java, id=30164, stack(0x0000000016f80000,0x0000000017080000)]
  0x00000000169e1000 JavaThread "pool-1-thread-2" [_thread_blocked, id=42092, stack(0x0000000016e80000,0x0000000016f80000)]
  0x00000000169da800 JavaThread "pool-2-thread-1" [_thread_blocked, id=40156, stack(0x0000000016d80000,0x0000000016e80000)]
  0x00000000169d9800 JavaThread "pool-1-thread-1" [_thread_blocked, id=8036, stack(0x0000000016c80000,0x0000000016d80000)]
  0x0000000014e8b800 JavaThread "Service Thread" daemon [_thread_blocked, id=46968, stack(0x0000000016680000,0x0000000016780000)]
  0x0000000014e83800 JavaThread "C1 CompilerThread2" daemon [_thread_in_native, id=35412, stack(0x0000000016580000,0x0000000016680000)]
=>0x0000000014e77800 JavaThread "C2 CompilerThread1" daemon [_thread_in_native, id=10724, stack(0x0000000016480000,0x0000000016580000)]
  0x0000000014e2c000 JavaThread "C2 CompilerThread0" daemon [_thread_in_native, id=36424, stack(0x0000000016380000,0x0000000016480000)]
  0x0000000014e2a800 JavaThread "Attach Listener" daemon [_thread_blocked, id=24880, stack(0x0000000016280000,0x0000000016380000)]
  0x0000000014e29800 JavaThread "Signal Dispatcher" daemon [_thread_blocked, id=43360, stack(0x0000000016180000,0x0000000016280000)]
  0x0000000002734800 JavaThread "Finalizer" daemon [_thread_blocked, id=45168, stack(0x0000000016080000,0x0000000016180000)]
  0x000000000272c000 JavaThread "Reference Handler" daemon [_thread_blocked, id=34076, stack(0x0000000015f80000,0x0000000016080000)]
  0x000000000263d800 JavaThread "main" [_thread_in_Java, id=49452, stack(0x0000000002520000,0x0000000002620000)]

Other Threads:
  0x0000000014df6800 VMThread [stack: 0x0000000015e80000,0x0000000015f80000] [id=47144]
  0x0000000014e8e800 WatcherThread [stack: 0x0000000016b80000,0x0000000016c80000] [id=41092]

VM state:not at safepoint (normal execution)

VM Mutex/Monitor currently owned by a thread: None

Heap:
 PSYoungGen      total 18944K, used 4915K [0x00000000eab00000, 0x00000000ec000000, 0x0000000100000000)
  eden space 16384K, 14% used [0x00000000eab00000,0x00000000ead52408,0x00000000ebb00000)
  from space 2560K, 99% used [0x00000000ebb00000,0x00000000ebd7abb8,0x00000000ebd80000)
  to   space 2560K, 0% used [0x00000000ebd80000,0x00000000ebd80000,0x00000000ec000000)
 ParOldGen       total 44032K, used 1467K [0x00000000c0000000, 0x00000000c2b00000, 0x00000000eab00000)
  object space 44032K, 3% used [0x00000000c0000000,0x00000000c016ef40,0x00000000c2b00000)
 Metaspace       used 5727K, capacity 6704K, committed 6784K, reserved 1056768K
  class space    used 586K, capacity 616K, committed 640K, reserved 1048576K

Card table byte_map: [0x0000000011b00000,0x0000000011d10000] byte_map_base: 0x0000000011500000

Marking Bits: (ParMarkBitMap*) 0x000000005c28d490
 Begin Bits: [0x0000000012270000, 0x0000000013270000)
 End Bits:   [0x0000000013270000, 0x0000000014270000)

Polling page: 0x00000000024d0000

CodeCache: size=245760Kb used=3053Kb max_used=3065Kb free=242706Kb
 bounds [0x0000000002740000, 0x0000000002a50000, 0x0000000011740000]
 total_blobs=1090 nmethods=826 adapters=178
 compilation: enabled

Compilation events (10 events):
Event: 1.271 Thread 0x0000000014e83800 nmethod 832 0x0000000002a3bdd0 code [0x0000000002a3c140, 0x0000000002a3e048]
Event: 1.272 Thread 0x0000000014e83800  838       1       com.android.dx.util.Bits::makeBitSet (11 bytes)
Event: 1.272 Thread 0x0000000014e83800 nmethod 838 0x0000000002a30650 code [0x0000000002a307a0, 0x0000000002a30910]
Event: 1.272 Thread 0x0000000014e83800  818   !   3       com.android.dx.cf.code.RopperMachine::run (1550 bytes)
Event: 1.273 Thread 0x0000000014e2c000 nmethod 837 0x0000000002a3ac50 code [0x0000000002a3adc0, 0x0000000002a3b318]
Event: 1.275 Thread 0x0000000014e77800  846   !   4       com.android.dx.rop.code.RegisterSpec::intern (70 bytes)
Event: 1.281 Thread 0x0000000014e2c000  849       4       java.util.ArrayList::<init> (12 bytes)
Event: 1.282 Thread 0x0000000014e2c000 nmethod 849 0x0000000002a05690 code [0x0000000002a057c0, 0x0000000002a05838]
Event: 1.285 Thread 0x0000000014e2c000  851       4       com.android.dx.util.LabeledList::indexOfLabel (22 bytes)
Event: 1.286 Thread 0x0000000014e2c000 nmethod 851 0x0000000002a3fb50 code [0x0000000002a3fc80, 0x0000000002a3fd38]

GC Heap History (2 events):
Event: 1.222 GC heap before
{Heap before GC invocations=1 (full 0):
 PSYoungGen      total 18944K, used 16384K [0x00000000eab00000, 0x00000000ec000000, 0x0000000100000000)
  eden space 16384K, 100% used [0x00000000eab00000,0x00000000ebb00000,0x00000000ebb00000)
  from space 2560K, 0% used [0x00000000ebd80000,0x00000000ebd80000,0x00000000ec000000)
  to   space 2560K, 0% used [0x00000000ebb00000,0x00000000ebb00000,0x00000000ebd80000)
 ParOldGen       total 44032K, used 0K [0x00000000c0000000, 0x00000000c2b00000, 0x00000000eab00000)
  object space 44032K, 0% used [0x00000000c0000000,0x00000000c0000000,0x00000000c2b00000)
 Metaspace       used 5688K, capacity 6704K, committed 6784K, reserved 1056768K
  class space    used 585K, capacity 616K, committed 640K, reserved 1048576K
Event: 1.265 GC heap after
Heap after GC invocations=1 (full 0):
 PSYoungGen      total 18944K, used 2538K [0x00000000eab00000, 0x00000000ec000000, 0x0000000100000000)
  eden space 16384K, 0% used [0x00000000eab00000,0x00000000eab00000,0x00000000ebb00000)
  from space 2560K, 99% used [0x00000000ebb00000,0x00000000ebd7abb8,0x00000000ebd80000)
  to   space 2560K, 0% used [0x00000000ebd80000,0x00000000ebd80000,0x00000000ec000000)
 ParOldGen       total 44032K, used 1467K [0x00000000c0000000, 0x00000000c2b00000, 0x00000000eab00000)
  object space 44032K, 3% used [0x00000000c0000000,0x00000000c016ef40,0x00000000c2b00000)
 Metaspace       used 5688K, capacity 6704K, committed 6784K, reserved 1056768K
  class space    used 585K, capacity 616K, committed 640K, reserved 1048576K
}

Deoptimization events (4 events):
Event: 1.051 Thread 0x00000000169e1000 Uncommon trap: reason=class_check action=maybe_recompile pc=0x0000000002988b30 method=com.android.dx.ssa.NormalSsaInsn.accept(Lcom/android/dx/ssa/SsaInsn$Visitor;)V @ 9
Event: 1.051 Thread 0x00000000169e1000 Uncommon trap: reason=class_check action=maybe_recompile pc=0x0000000002988b30 method=com.android.dx.ssa.NormalSsaInsn.accept(Lcom/android/dx/ssa/SsaInsn$Visitor;)V @ 9
Event: 1.051 Thread 0x00000000169e1000 Uncommon trap: reason=class_check action=maybe_recompile pc=0x0000000002988b30 method=com.android.dx.ssa.NormalSsaInsn.accept(Lcom/android/dx/ssa/SsaInsn$Visitor;)V @ 9
Event: 1.051 Thread 0x00000000169e1000 Uncommon trap: reason=class_check action=maybe_recompile pc=0x0000000002988b30 method=com.android.dx.ssa.NormalSsaInsn.accept(Lcom/android/dx/ssa/SsaInsn$Visitor;)V @ 9

Internal exceptions (10 events):
Event: 0.979 Thread 0x00000000169d9800 Exception <a 'java/security/PrivilegedActionException'> (0x00000000eb69c848) thrown at [D:\re\workspace\8-2-build-windows-amd64-cygwin\jdk8u25\1677\hotspot\src\share\vm\prims\jvm.cpp, line 1312]
Event: 0.980 Thread 0x00000000169d9800 Exception <a 'java/security/PrivilegedActionException'> (0x00000000eb6a1da8) thrown at [D:\re\workspace\8-2-build-windows-amd64-cygwin\jdk8u25\1677\hotspot\src\share\vm\prims\jvm.cpp, line 1312]
Event: 0.981 Thread 0x00000000169d9800 Exception <a 'java/security/PrivilegedActionException'> (0x00000000eb6a5848) thrown at [D:\re\workspace\8-2-build-windows-amd64-cygwin\jdk8u25\1677\hotspot\src\share\vm\prims\jvm.cpp, line 1312]
Event: 0.985 Thread 0x00000000169d9800 Exception <a 'java/security/PrivilegedActionException'> (0x00000000eb6b22d8) thrown at [D:\re\workspace\8-2-build-windows-amd64-cygwin\jdk8u25\1677\hotspot\src\share\vm\prims\jvm.cpp, line 1312]
Event: 0.986 Thread 0x00000000169e1000 Exception <a 'java/security/PrivilegedActionException'> (0x00000000eb5cf8a8) thrown at [D:\re\workspace\8-2-build-windows-amd64-cygwin\jdk8u25\1677\hotspot\src\share\vm\prims\jvm.cpp, line 1312]
Event: 0.987 Thread 0x00000000169d9800 Exception <a 'java/security/PrivilegedActionException'> (0x00000000eb6b8930) thrown at [D:\re\workspace\8-2-build-windows-amd64-cygwin\jdk8u25\1677\hotspot\src\share\vm\prims\jvm.cpp, line 1312]
Event: 1.011 Thread 0x00000000169f6000 Exception <a 'java/security/PrivilegedActionException'> (0x00000000eb620e10) thrown at [D:\re\workspace\8-2-build-windows-amd64-cygwin\jdk8u25\1677\hotspot\src\share\vm\prims\jvm.cpp, line 1312]
Event: 1.013 Thread 0x000000000263d800 Exception <a 'java/security/PrivilegedActionException'> (0x00000000eb733e60) thrown at [D:\re\workspace\8-2-build-windows-amd64-cygwin\jdk8u25\1677\hotspot\src\share\vm\prims\jvm.cpp, line 1312]
Event: 1.030 Thread 0x00000000169d9800 Exception <a 'java/security/PrivilegedActionException'> (0x00000000eb6f2e88) thrown at [D:\re\workspace\8-2-build-windows-amd64-cygwin\jdk8u25\1677\hotspot\src\share\vm\prims\jvm.cpp, line 1312]
Event: 1.043 Thread 0x00000000169e1000 Exception <a 'java/security/PrivilegedActionException'> (0x00000000eb7c1360) thrown at [D:\re\workspace\8-2-build-windows-amd64-cygwin\jdk8u25\1677\hotspot\src\share\vm\prims\jvm.cpp, line 1312]

Events (10 events):
Event: 1.051 Thread 0x00000000169e1000 DEOPT UNPACKING pc=0x000000000278556a sp=0x0000000016f7e770 mode 2
Event: 1.051 Thread 0x00000000169e1000 Uncommon trap: trap_request=0xffffffde fr.pc=0x0000000002988b30
Event: 1.051 Thread 0x00000000169e1000 DEOPT PACKING pc=0x0000000002988b30 sp=0x0000000016f7e7e0
Event: 1.051 Thread 0x00000000169e1000 DEOPT UNPACKING pc=0x000000000278556a sp=0x0000000016f7e770 mode 2
Event: 1.063 loading class java/util/ArrayList$1
Event: 1.063 loading class java/util/ArrayList$1 done
Event: 1.221 Executing VM operation: ParallelGCFailedAllocation
Event: 1.265 Executing VM operation: ParallelGCFailedAllocation done
Event: 1.266 loading class sun/misc/Cleaner
Event: 1.266 loading class sun/misc/Cleaner done


Dynamic libraries:
0x00007ff6a1ad0000 - 0x00007ff6a1b04000 	C:\Program Files\Java\jdk1.8.0_25\bin\java.exe
0x00007ffb77dc0000 - 0x00007ffb77f91000 	C:\WINDOWS\SYSTEM32\ntdll.dll
0x00007ffb777e0000 - 0x00007ffb7788b000 	C:\WINDOWS\System32\KERNEL32.DLL
0x00007ffb74760000 - 0x00007ffb7497d000 	C:\WINDOWS\System32\KERNELBASE.dll
0x00007ffb76a50000 - 0x00007ffb76af2000 	C:\WINDOWS\System32\ADVAPI32.dll
0x00007ffb77ab0000 - 0x00007ffb77b4e000 	C:\WINDOWS\System32\msvcrt.dll
0x00007ffb76d90000 - 0x00007ffb76de9000 	C:\WINDOWS\System32\sechost.dll
0x00007ffb76c60000 - 0x00007ffb76d81000 	C:\WINDOWS\System32\RPCRT4.dll
0x00007ffb77b50000 - 0x00007ffb77cb5000 	C:\WINDOWS\System32\USER32.dll
0x00007ffb74310000 - 0x00007ffb7432e000 	C:\WINDOWS\System32\win32u.dll
0x00007ffb76910000 - 0x00007ffb76944000 	C:\WINDOWS\System32\GDI32.dll
0x00007ffb74980000 - 0x00007ffb74b02000 	C:\WINDOWS\System32\gdi32full.dll
0x00007ffb68940000 - 0x00007ffb68bba000 	C:\WINDOWS\WinSxS\amd64_microsoft.windows.common-controls_6595b64144ccf1df_6.0.14393.351_none_4213128bc687e6d3\COMCTL32.dll
0x00007ffb77510000 - 0x00007ffb777d7000 	C:\WINDOWS\System32\combase.dll
0x00007ffb74330000 - 0x00007ffb74425000 	C:\WINDOWS\System32\ucrtbase.dll
0x00007ffb746a0000 - 0x00007ffb7470a000 	C:\WINDOWS\System32\bcryptPrimitives.dll
0x00007ffb77d20000 - 0x00007ffb77d4e000 	C:\WINDOWS\System32\IMM32.DLL
0x000000005e0a0000 - 0x000000005e172000 	C:\Program Files\Java\jdk1.8.0_25\jre\bin\msvcr100.dll
0x000000005bab0000 - 0x000000005c30a000 	C:\Program Files\Java\jdk1.8.0_25\jre\bin\server\jvm.dll
0x00007ffb76900000 - 0x00007ffb76908000 	C:\WINDOWS\System32\PSAPI.DLL
0x00007ffb68180000 - 0x00007ffb68189000 	C:\WINDOWS\SYSTEM32\WSOCK32.dll
0x00007ffb77d50000 - 0x00007ffb77dba000 	C:\WINDOWS\System32\WS2_32.dll
0x00007ffb725d0000 - 0x00007ffb725f3000 	C:\WINDOWS\SYSTEM32\WINMM.dll
0x00007ffb72560000 - 0x00007ffb7258b000 	C:\WINDOWS\SYSTEM32\WINMMBASE.dll
0x00007ffb74710000 - 0x00007ffb74752000 	C:\WINDOWS\System32\cfgmgr32.dll
0x000000005e090000 - 0x000000005e09f000 	C:\Program Files\Java\jdk1.8.0_25\jre\bin\verify.dll
0x000000005e060000 - 0x000000005e088000 	C:\Program Files\Java\jdk1.8.0_25\jre\bin\java.dll
0x000000005e040000 - 0x000000005e056000 	C:\Program Files\Java\jdk1.8.0_25\jre\bin\zip.dll
0x00007ffb75350000 - 0x00007ffb76859000 	C:\WINDOWS\System32\SHELL32.dll
0x00007ffb74b10000 - 0x00007ffb751ea000 	C:\WINDOWS\System32\windows.storage.dll
0x00007ffb74260000 - 0x00007ffb742ac000 	C:\WINDOWS\System32\powrprof.dll
0x00007ffb77890000 - 0x00007ffb778e2000 	C:\WINDOWS\System32\shlwapi.dll
0x00007ffb74250000 - 0x00007ffb7425f000 	C:\WINDOWS\System32\kernel.appcore.dll
0x00007ffb751f0000 - 0x00007ffb75299000 	C:\WINDOWS\System32\shcore.dll
0x00007ffb74230000 - 0x00007ffb74244000 	C:\WINDOWS\System32\profapi.dll

VM Arguments:
jvm_args: -Djava.awt.headless=true -Xmx1024M -Dfile.encoding=windows-1252 -Duser.country=FR -Duser.language=fr -Duser.variant 
java_command: com.android.dx.command.Main --dex --num-threads=4 --output C:\Users\Famille\AndroidStudioProjects\Niviel\app\build\intermediates\pre-dexed\debug\gson-2.5_5e8b5468139ba08580ff9ef35e6638782f5f99af.jar C:\Users\Famille\.gradle\caches\modules-2\files-2.1\com.google.code.gson\gson\2.5\686c608d1805b6d4d425ec4459e88164ffc85870\gson-2.5.jar
java_class_path (initial): C:\Users\Famille\AppData\Local\Android\sdk\build-tools\23.0.2\lib\dx.jar
Launcher Type: SUN_STANDARD

Environment Variables:
JAVA_HOME=C:\Program Files\Java\jdk1.8.0_25
PATH=C:\Program Files\Broadcom\Broadcom 802.11 Network Adapter;C:\Program Files\Broadcom\Broadcom 802.11;C:\ProgramData\Oracle\Java\javapath;C:\Program Files (x86)\Intel\iCLS Client\;C:\Program Files\Intel\iCLS Client\;C:\Windows\system32;C:\Windows;C:\Windows\System32\Wbem;C:\Windows\System32\WindowsPowerShell\v1.0\;C:\Program Files\Hewlett-Packard\SimplePass\;C:\wamp\bin\php\php5.5.12;C:\Python34;C:\Users\Famille\AppData\Roaming\npm\;C:\Program Files\nodejs\;C:\Program Files\Git\cmd;C:\Program Files (x86)\Brackets\command;C:\Program Files (x86)\Ant\bin;C:\Program Files (x86)\Maven\bin;C:\Program Files (x86)\Intel\Intel(R) Management Engine Components\DAL;C:\Program Files\Intel\Intel(R) Management Engine Components\DAL;C:\Program Files (x86)\Intel\Intel(R) Management Engine Components\IPT;C:\Program Files\Intel\Intel(R) Management Engine Components\IPT;C:\Users\Famille\AppData\Local\Android\sdk\platform-tools;C:\WINDOWS\system32;C:\WINDOWS;C:\WINDOWS\System32\Wbem;C:\WINDOWS\System32\WindowsPowerShell\v1.0\;C:\Users\Famille\AppData\Local\atom\bin;C:\Users\Famille\AppData\Roaming\npm;%USERPROFILE%\AppData\Local\Microsoft\WindowsApps;
USERNAME=de Lachaux
OS=Windows_NT
PROCESSOR_IDENTIFIER=Intel64 Family 6 Model 69 Stepping 1, GenuineIntel



---------------  S Y S T E M  ---------------

OS: Windows 8.1 , 64 bit Build 9600 

CPU:total 4 (2 cores per cpu, 2 threads per core) family 6 model 69 stepping 1, cmov, cx8, fxsr, mmx, sse, sse2, sse3, ssse3, sse4.1, sse4.2, popcnt, avx, avx2, aes, clmul, erms, lzcnt, ht, tsc, tscinvbit, bmi1, bmi2

Memory: 4k page, physical 4122776k(515384k free), swap 5555352k(5124k free)

vm_info: Java HotSpot(TM) 64-Bit Server VM (25.25-b02) for windows-amd64 JRE (1.8.0_25-b18), built on Oct  7 2014 14:25:37 by "java_re" with MS VC++ 10.0 (VS2010)

time: Sat Nov 05 19:14:48 2016
elapsed time: 1 seconds (0d 0h 0m 1s)

