#
# There is insufficient memory for the Java Runtime Environment to continue.
# Native memory allocation (malloc) failed to allocate 514256 bytes for Chunk::new
# Possible reasons:
#   The system is out of physical RAM or swap space
#   In 32 bit mode, the process size limit was hit
# Possible solutions:
#   Reduce memory load on the system
#   Increase physical memory or swap space
#   Check if swap backing store is full
#   Use 64 bit Java on a 64 bit OS
#   Decrease Java heap size (-Xmx/-Xms)
#   Decrease number of Java threads
#   Decrease Java thread stack sizes (-Xss)
#   Set larger code cache with -XX:ReservedCodeCacheSize=
# This output file may be truncated or incomplete.
#
#  Out of Memory Error (allocation.cpp:390), pid=30204, tid=30284
#
# JRE version: Java(TM) SE Runtime Environment (8.0_25-b18) (build 1.8.0_25-b18)
# Java VM: Java HotSpot(TM) 64-Bit Server VM (25.25-b02 mixed mode windows-amd64 compressed oops)
# Failed to write core dump. Minidumps are not enabled by default on client versions of Windows
#

---------------  T H R E A D  ---------------

Current thread (0x0000000014a2c000):  JavaThread "C2 CompilerThread0" daemon [_thread_in_native, id=30284, stack(0x0000000015f90000,0x0000000016090000)]

Stack: [0x0000000015f90000,0x0000000016090000]
Native frames: (J=compiled Java code, j=interpreted, Vv=VM code, C=native code)
V  [jvm.dll+0x31667a]
V  [jvm.dll+0x267073]
V  [jvm.dll+0x267cb3]
V  [jvm.dll+0x25f5b5]
V  [jvm.dll+0xbf165]
V  [jvm.dll+0xbf60c]
V  [jvm.dll+0x44af32]
V  [jvm.dll+0x4be4f0]
V  [jvm.dll+0x4c112c]
V  [jvm.dll+0x451121]
V  [jvm.dll+0x4538f8]
V  [jvm.dll+0x437372]
V  [jvm.dll+0x98a02]
V  [jvm.dll+0x991f3]
V  [jvm.dll+0x22bde4]
V  [jvm.dll+0x2852fa]
C  [msvcr100.dll+0x21d9f]
C  [msvcr100.dll+0x21e3b]
C  [KERNEL32.DLL+0x18102]
C  [ntdll.dll+0x5c5b4]


Current CompileTask:
C2:   7426 1563       4       com.android.dx.ssa.SsaRenamer$BlockRenamer::process (191 bytes)


---------------  P R O C E S S  ---------------

Java Threads: ( => current thread )
  0x00000000168c6000 JavaThread "pool-1-thread-4" [_thread_blocked, id=29208, stack(0x0000000017490000,0x0000000017590000)]
  0x00000000168c3000 JavaThread "pool-1-thread-3" [_thread_blocked, id=28588, stack(0x0000000017390000,0x0000000017490000)]
  0x00000000168c2800 JavaThread "pool-1-thread-2" [_thread_blocked, id=28968, stack(0x0000000017290000,0x0000000017390000)]
  0x00000000165f0800 JavaThread "pool-2-thread-1" [_thread_blocked, id=29552, stack(0x0000000017190000,0x0000000017290000)]
  0x0000000016bb2800 JavaThread "pool-1-thread-1" [_thread_blocked, id=29740, stack(0x0000000017090000,0x0000000017190000)]
  0x0000000016293800 JavaThread "Service Thread" daemon [_thread_blocked, id=29920, stack(0x0000000016690000,0x0000000016790000)]
  0x0000000014a8a800 JavaThread "C1 CompilerThread2" daemon [_thread_blocked, id=28980, stack(0x0000000016190000,0x0000000016290000)]
  0x0000000014a31000 JavaThread "C2 CompilerThread1" daemon [_thread_in_native, id=23156, stack(0x0000000016090000,0x0000000016190000)]
=>0x0000000014a2c000 JavaThread "C2 CompilerThread0" daemon [_thread_in_native, id=30284, stack(0x0000000015f90000,0x0000000016090000)]
  0x0000000014a2a800 JavaThread "Attach Listener" daemon [_thread_blocked, id=27140, stack(0x0000000015e90000,0x0000000015f90000)]
  0x0000000014a29800 JavaThread "Signal Dispatcher" daemon [_thread_blocked, id=13416, stack(0x0000000015d90000,0x0000000015e90000)]
  0x0000000002350800 JavaThread "Finalizer" daemon [_thread_blocked, id=30512, stack(0x0000000015c90000,0x0000000015d90000)]
  0x000000000234d000 JavaThread "Reference Handler" daemon [_thread_blocked, id=30488, stack(0x0000000015b90000,0x0000000015c90000)]
  0x000000000224e000 JavaThread "main" [_thread_blocked, id=30300, stack(0x0000000002080000,0x0000000002180000)]

Other Threads:
  0x00000000149f6800 VMThread [stack: 0x0000000015a90000,0x0000000015b90000] [id=30332]
  0x0000000016296000 WatcherThread [stack: 0x0000000016790000,0x0000000016890000] [id=29784]

VM state:at safepoint (normal execution)

VM Mutex/Monitor currently owned by a thread:  ([mutex/lock_event])
[0x000000000224d420] Threads_lock - owner thread: 0x00000000149f6800
[0x000000000224d520] Heap_lock - owner thread: 0x00000000168c3000

Heap:
 PSYoungGen      total 122368K, used 16151K [0x00000000eab00000, 0x00000000f5980000, 0x0000000100000000)
  eden space 100352K, 0% used [0x00000000eab00000,0x00000000eab00000,0x00000000f0d00000)
  from space 22016K, 73% used [0x00000000f4400000,0x00000000f53c5e48,0x00000000f5980000)
  to   space 20480K, 0% used [0x00000000f0d00000,0x00000000f0d00000,0x00000000f2100000)
 ParOldGen       total 76288K, used 68204K [0x00000000c0000000, 0x00000000c4a80000, 0x00000000eab00000)
  object space 76288K, 89% used [0x00000000c0000000,0x00000000c429b3f8,0x00000000c4a80000)
 Metaspace       used 6486K, capacity 7256K, committed 7424K, reserved 1056768K
  class space    used 613K, capacity 656K, committed 768K, reserved 1048576K

Card table byte_map: [0x0000000011720000,0x0000000011930000] byte_map_base: 0x0000000011120000

Marking Bits: (ParMarkBitMap*) 0x000000005836d490
 Begin Bits: [0x0000000011e90000, 0x0000000012e90000)
 End Bits:   [0x0000000012e90000, 0x0000000013e90000)

Polling page: 0x0000000000830000

CodeCache: size=245760Kb used=7526Kb max_used=7526Kb free=238233Kb
 bounds [0x0000000002360000, 0x0000000002ac0000, 0x0000000011360000]
 total_blobs=2204 nmethods=1939 adapters=178
 compilation: enabled

Compilation events (10 events):
Event: 4.258 Thread 0x0000000014a8a800 nmethod 1588 0x00000000029bd710 code [0x00000000029bd8c0, 0x00000000029bdd78]
Event: 4.263 Thread 0x0000000014a8a800 1589       3       com.android.dx.cf.attrib.RawAttribute::byteLength (11 bytes)
Event: 4.263 Thread 0x0000000014a8a800 nmethod 1589 0x00000000029bded0 code [0x00000000029be020, 0x00000000029be210]
Event: 4.266 Thread 0x0000000014a8a800 1590       1       com.android.dx.dex.file.OffsettedItem::getAlignment (5 bytes)
Event: 4.266 Thread 0x0000000014a8a800 nmethod 1590 0x000000000296e6d0 code [0x000000000296e820, 0x000000000296e930]
Event: 4.266 Thread 0x0000000014a8a800 1591       3       com.android.dx.cf.direct.AnnotationParser::requireLength (22 bytes)
Event: 4.266 Thread 0x0000000014a8a800 nmethod 1591 0x00000000029be2d0 code [0x00000000029be460, 0x00000000029be858]
Event: 4.267 Thread 0x0000000014a8a800 1592   !   3       com.android.dx.cf.cst.ConstantPoolParser::determineOffsets (285 bytes)
Event: 4.269 Thread 0x0000000014a8a800 nmethod 1592 0x00000000029be9d0 code [0x00000000029bed40, 0x00000000029c0778]
Event: 4.269 Thread 0x0000000014a8a800 1593       3       com.android.dx.cf.cst.ConstantPoolParser::parse (365 bytes)

GC Heap History (5 events):
Event: 0.946 GC heap before
{Heap before GC invocations=1 (full 0):
 PSYoungGen      total 18944K, used 16384K [0x00000000eab00000, 0x00000000ec000000, 0x0000000100000000)
  eden space 16384K, 100% used [0x00000000eab00000,0x00000000ebb00000,0x00000000ebb00000)
  from space 2560K, 0% used [0x00000000ebd80000,0x00000000ebd80000,0x00000000ec000000)
  to   space 2560K, 0% used [0x00000000ebb00000,0x00000000ebb00000,0x00000000ebd80000)
 ParOldGen       total 44032K, used 0K [0x00000000c0000000, 0x00000000c2b00000, 0x00000000eab00000)
  object space 44032K, 0% used [0x00000000c0000000,0x00000000c0000000,0x00000000c2b00000)
 Metaspace       used 3512K, capacity 4720K, committed 4864K, reserved 1056768K
  class space    used 375K, capacity 424K, committed 512K, reserved 1048576K
Event: 1.001 GC heap after
Heap after GC invocations=1 (full 0):
 PSYoungGen      total 18944K, used 1261K [0x00000000eab00000, 0x00000000ed000000, 0x0000000100000000)
  eden space 16384K, 0% used [0x00000000eab00000,0x00000000eab00000,0x00000000ebb00000)
  from space 2560K, 49% used [0x00000000ebb00000,0x00000000ebc3b678,0x00000000ebd80000)
  to   space 2560K, 0% used [0x00000000ecd80000,0x00000000ecd80000,0x00000000ed000000)
 ParOldGen       total 44032K, used 8K [0x00000000c0000000, 0x00000000c2b00000, 0x00000000eab00000)
  object space 44032K, 0% used [0x00000000c0000000,0x00000000c0002000,0x00000000c2b00000)
 Metaspace       used 3512K, capacity 4720K, committed 4864K, reserved 1056768K
  class space    used 375K, capacity 424K, committed 512K, reserved 1048576K
}
Event: 1.764 GC heap before
{Heap before GC invocations=2 (full 0):
 PSYoungGen      total 18944K, used 17645K [0x00000000eab00000, 0x00000000ed000000, 0x0000000100000000)
  eden space 16384K, 100% used [0x00000000eab00000,0x00000000ebb00000,0x00000000ebb00000)
  from space 2560K, 49% used [0x00000000ebb00000,0x00000000ebc3b678,0x00000000ebd80000)
  to   space 2560K, 0% used [0x00000000ecd80000,0x00000000ecd80000,0x00000000ed000000)
 ParOldGen       total 44032K, used 8K [0x00000000c0000000, 0x00000000c2b00000, 0x00000000eab00000)
  object space 44032K, 0% used [0x00000000c0000000,0x00000000c0002000,0x00000000c2b00000)
 Metaspace       used 5755K, capacity 6704K, committed 6784K, reserved 1056768K
  class space    used 593K, capacity 616K, committed 640K, reserved 1048576K
Event: 1.775 GC heap after
Heap after GC invocations=2 (full 0):
 PSYoungGen      total 35328K, used 2538K [0x00000000eab00000, 0x00000000ed000000, 0x0000000100000000)
  eden space 32768K, 0% used [0x00000000eab00000,0x00000000eab00000,0x00000000ecb00000)
  from space 2560K, 99% used [0x00000000ecd80000,0x00000000ecffaab0,0x00000000ed000000)
  to   space 2560K, 0% used [0x00000000ecb00000,0x00000000ecb00000,0x00000000ecd80000)
 ParOldGen       total 44032K, used 1670K [0x00000000c0000000, 0x00000000c2b00000, 0x00000000eab00000)
  object space 44032K, 3% used [0x00000000c0000000,0x00000000c01a1950,0x00000000c2b00000)
 Metaspace       used 5755K, capacity 6704K, committed 6784K, reserved 1056768K
  class space    used 593K, capacity 616K, committed 640K, reserved 1048576K
}
Event: 4.271 GC heap before
{Heap before GC invocations=3 (full 0):
 PSYoungGen      total 35328K, used 35306K [0x00000000eab00000, 0x00000000ed000000, 0x0000000100000000)
  eden space 32768K, 100% used [0x00000000eab00000,0x00000000ecb00000,0x00000000ecb00000)
  from space 2560K, 99% used [0x00000000ecd80000,0x00000000ecffaab0,0x00000000ed000000)
  to   space 2560K, 0% used [0x00000000ecb00000,0x00000000ecb00000,0x00000000ecd80000)
 ParOldGen       total 44032K, used 1670K [0x00000000c0000000, 0x00000000c2b00000, 0x00000000eab00000)
  object space 44032K, 3% used [0x00000000c0000000,0x00000000c01a1950,0x00000000c2b00000)
 Metaspace       used 6194K, capacity 7088K, committed 7296K, reserved 1056768K
  class space    used 594K, capacity 616K, committed 640K, reserved 1048576K

Deoptimization events (5 events):
Event: 2.979 Thread 0x0000000016bb2800 Uncommon trap: reason=bimorphic action=maybe_recompile pc=0x00000000025f3200 method=java.util.HashMap.getNode(ILjava/lang/Object;)Ljava/util/HashMap$Node; @ 126
Event: 2.979 Thread 0x0000000016bb2800 Uncommon trap: reason=class_check action=maybe_recompile pc=0x0000000002864774 method=java.util.HashMap.putVal(ILjava/lang/Object;Ljava/lang/Object;ZZ)Ljava/lang/Object; @ 203
Event: 2.979 Thread 0x0000000016bb2800 Uncommon trap: reason=bimorphic action=maybe_recompile pc=0x00000000025f3200 method=java.util.HashMap.getNode(ILjava/lang/Object;)Ljava/util/HashMap$Node; @ 126
Event: 2.979 Thread 0x0000000016bb2800 Uncommon trap: reason=class_check action=maybe_recompile pc=0x0000000002864774 method=java.util.HashMap.putVal(ILjava/lang/Object;Ljava/lang/Object;ZZ)Ljava/lang/Object; @ 203
Event: 3.045 Thread 0x0000000016bb2800 Uncommon trap: reason=unreached action=reinterpret pc=0x00000000028603ec method=com.android.dx.util.LabeledList.set(ILcom/android/dx/util/LabeledItem;)V @ 16

Internal exceptions (10 events):
Event: 1.569 Thread 0x000000000224e000 Exception <a 'java/security/PrivilegedActionException'> (0x00000000eb467ce8) thrown at [D:\re\workspace\8-2-build-windows-amd64-cygwin\jdk8u25\1677\hotspot\src\share\vm\prims\jvm.cpp, line 1312]
Event: 1.570 Thread 0x000000000224e000 Exception <a 'java/security/PrivilegedActionException'> (0x00000000eb46c918) thrown at [D:\re\workspace\8-2-build-windows-amd64-cygwin\jdk8u25\1677\hotspot\src\share\vm\prims\jvm.cpp, line 1312]
Event: 1.576 Thread 0x00000000168c2800 Exception <a 'java/security/PrivilegedActionException'> (0x00000000eb364db8) thrown at [D:\re\workspace\8-2-build-windows-amd64-cygwin\jdk8u25\1677\hotspot\src\share\vm\prims\jvm.cpp, line 1312]
Event: 1.581 Thread 0x00000000168c3000 Exception <a 'java/security/PrivilegedActionException'> (0x00000000eb6649f8) thrown at [D:\re\workspace\8-2-build-windows-amd64-cygwin\jdk8u25\1677\hotspot\src\share\vm\prims\jvm.cpp, line 1312]
Event: 1.591 Thread 0x000000000224e000 Exception <a 'java/security/PrivilegedActionException'> (0x00000000eb714548) thrown at [D:\re\workspace\8-2-build-windows-amd64-cygwin\jdk8u25\1677\hotspot\src\share\vm\prims\jvm.cpp, line 1312]
Event: 1.601 Thread 0x00000000168c2800 Exception <a 'java/security/PrivilegedActionException'> (0x00000000eb75d508) thrown at [D:\re\workspace\8-2-build-windows-amd64-cygwin\jdk8u25\1677\hotspot\src\share\vm\prims\jvm.cpp, line 1312]
Event: 1.601 Thread 0x0000000016bb2800 Exception <a 'java/security/PrivilegedActionException'> (0x00000000eb62d1c8) thrown at [D:\re\workspace\8-2-build-windows-amd64-cygwin\jdk8u25\1677\hotspot\src\share\vm\prims\jvm.cpp, line 1312]
Event: 1.602 Thread 0x00000000168c2800 Exception <a 'java/security/PrivilegedActionException'> (0x00000000eb762f78) thrown at [D:\re\workspace\8-2-build-windows-amd64-cygwin\jdk8u25\1677\hotspot\src\share\vm\prims\jvm.cpp, line 1312]
Event: 1.602 Thread 0x00000000168c2800 Exception <a 'java/security/PrivilegedActionException'> (0x00000000eb768760) thrown at [D:\re\workspace\8-2-build-windows-amd64-cygwin\jdk8u25\1677\hotspot\src\share\vm\prims\jvm.cpp, line 1312]
Event: 3.144 Thread 0x000000000224e000 Exception <a 'java/security/PrivilegedActionException'> (0x00000000ebb7c318) thrown at [D:\re\workspace\8-2-build-windows-amd64-cygwin\jdk8u25\1677\hotspot\src\share\vm\prims\jvm.cpp, line 1312]

Events (10 events):
Event: 2.979 Thread 0x0000000016bb2800 DEOPT UNPACKING pc=0x00000000023a556a sp=0x000000001718e7f0 mode 2
Event: 2.979 Thread 0x0000000016bb2800 Uncommon trap: trap_request=0xffffffde fr.pc=0x0000000002864774
Event: 2.979 Thread 0x0000000016bb2800 DEOPT PACKING pc=0x0000000002864774 sp=0x000000001718e850
Event: 2.979 Thread 0x0000000016bb2800 DEOPT UNPACKING pc=0x00000000023a556a sp=0x000000001718e7c8 mode 2
Event: 3.045 Thread 0x0000000016bb2800 Uncommon trap: trap_request=0xffffffad fr.pc=0x00000000028603ec
Event: 3.045 Thread 0x0000000016bb2800 DEOPT PACKING pc=0x00000000028603ec sp=0x000000001718e7f0
Event: 3.045 Thread 0x0000000016bb2800 DEOPT UNPACKING pc=0x00000000023a556a sp=0x000000001718e7d8 mode 2
Event: 3.144 loading class com/android/dx/cf/attrib/AttExceptions
Event: 3.144 loading class com/android/dx/cf/attrib/AttExceptions done
Event: 4.270 Executing VM operation: ParallelGCFailedAllocation


Dynamic libraries:
0x00007ff7d2f30000 - 0x00007ff7d2f64000 	C:\Program Files\Java\jdk1.8.0_25\bin\java.exe
0x00007ff8752c0000 - 0x00007ff875481000 	C:\WINDOWS\SYSTEM32\ntdll.dll
0x00007ff875210000 - 0x00007ff8752bd000 	C:\WINDOWS\system32\KERNEL32.DLL
0x00007ff871bc0000 - 0x00007ff871da8000 	C:\WINDOWS\system32\KERNELBASE.dll
0x00007ff874260000 - 0x00007ff874307000 	C:\WINDOWS\system32\ADVAPI32.dll
0x00007ff875170000 - 0x00007ff87520d000 	C:\WINDOWS\system32\msvcrt.dll
0x00007ff873e30000 - 0x00007ff873e8b000 	C:\WINDOWS\system32\sechost.dll
0x00007ff874450000 - 0x00007ff87456c000 	C:\WINDOWS\system32\RPCRT4.dll
0x00007ff873c20000 - 0x00007ff873d76000 	C:\WINDOWS\system32\USER32.dll
0x00007ff874580000 - 0x00007ff874706000 	C:\WINDOWS\system32\GDI32.dll
0x00007ff86cd80000 - 0x00007ff86cff4000 	C:\WINDOWS\WinSxS\amd64_microsoft.windows.common-controls_6595b64144ccf1df_6.0.10586.494_none_a2d8b04ea53e3145\COMCTL32.dll
0x00007ff873f00000 - 0x00007ff87417d000 	C:\WINDOWS\system32\combase.dll
0x00007ff871b50000 - 0x00007ff871bba000 	C:\WINDOWS\system32\bcryptPrimitives.dll
0x00007ff8750b0000 - 0x00007ff8750eb000 	C:\WINDOWS\system32\IMM32.DLL
0x00000000576d0000 - 0x00000000577a2000 	C:\Program Files\Java\jdk1.8.0_25\jre\bin\msvcr100.dll
0x0000000057b90000 - 0x00000000583ea000 	C:\Program Files\Java\jdk1.8.0_25\jre\bin\server\jvm.dll
0x00007ff874250000 - 0x00007ff874258000 	C:\WINDOWS\system32\PSAPI.DLL
0x00007ff85fa40000 - 0x00007ff85fa49000 	C:\WINDOWS\SYSTEM32\WSOCK32.dll
0x00007ff874380000 - 0x00007ff8743eb000 	C:\WINDOWS\system32\WS2_32.dll
0x00007ff86fe60000 - 0x00007ff86fe83000 	C:\WINDOWS\SYSTEM32\WINMM.dll
0x00007ff86fe00000 - 0x00007ff86fe2c000 	C:\WINDOWS\SYSTEM32\WINMMBASE.dll
0x00007ff871b00000 - 0x00007ff871b43000 	C:\WINDOWS\system32\cfgmgr32.dll
0x0000000057b80000 - 0x0000000057b8f000 	C:\Program Files\Java\jdk1.8.0_25\jre\bin\verify.dll
0x0000000057b50000 - 0x0000000057b78000 	C:\Program Files\Java\jdk1.8.0_25\jre\bin\java.dll
0x0000000057b30000 - 0x0000000057b46000 	C:\Program Files\Java\jdk1.8.0_25\jre\bin\zip.dll
0x00007ff8726c0000 - 0x00007ff873c1c000 	C:\WINDOWS\system32\SHELL32.dll
0x00007ff872070000 - 0x00007ff8726b5000 	C:\WINDOWS\system32\windows.storage.dll
0x00007ff8743f0000 - 0x00007ff874442000 	C:\WINDOWS\system32\shlwapi.dll
0x00007ff871910000 - 0x00007ff87191f000 	C:\WINDOWS\system32\kernel.appcore.dll
0x00007ff871970000 - 0x00007ff871a25000 	C:\WINDOWS\system32\shcore.dll
0x00007ff871920000 - 0x00007ff87196b000 	C:\WINDOWS\system32\powrprof.dll
0x00007ff8718f0000 - 0x00007ff871904000 	C:\WINDOWS\system32\profapi.dll
0x00007ff85cae0000 - 0x00007ff85cc6c000 	C:\WINDOWS\SYSTEM32\dbghelp.dll

VM Arguments:
jvm_args: -Djava.awt.headless=true -Xmx1024M -Dfile.encoding=windows-1252 -Duser.country=FR -Duser.language=fr -Duser.variant 
java_command: com.android.dx.command.Main --dex --num-threads=4 --output C:\Users\Famille\AndroidStudioProjects\Niviel\app\build\intermediates\pre-dexed\debug\guava-18.0_a06b747c502c53e01d4c15c7d03661dd67deb020.jar C:\Users\Famille\.gradle\caches\modules-2\files-2.1\com.google.guava\guava\18.0\cce0823396aa693798f8882e64213b1772032b09\guava-18.0.jar
java_class_path (initial): C:\Users\Famille\AppData\Local\Android\sdk\build-tools\23.0.2\lib\dx.jar
Launcher Type: SUN_STANDARD

Environment Variables:
JAVA_HOME=C:\Program Files\Java\jdk1.8.0_25
PATH=C:\Program Files\Broadcom\Broadcom 802.11 Network Adapter;;C:\Program Files\Broadcom\Broadcom 802.11;C:\ProgramData\Oracle\Java\javapath;C:\Program Files (x86)\Intel\iCLS Client\;C:\Program Files\Intel\iCLS Client\;C:\Windows\system32;C:\Windows;C:\Windows\System32\Wbem;C:\Windows\System32\WindowsPowerShell\v1.0\;C:\Program Files\Hewlett-Packard\SimplePass\;C:\wamp\bin\php\php5.5.12;C:\Python27;C:\Users\Famille\AppData\Roaming\npm\;C:\Program Files\nodejs\;C:\Program Files\Git\cmd;C:\Program Files (x86)\Brackets\command;C:\Program Files (x86)\Ant\bin;C:\Program Files (x86)\Maven\bin;C:\Program Files (x86)\Intel\Intel(R) Management Engine Components\DAL;C:\Program Files\Intel\Intel(R) Management Engine Components\DAL;C:\Program Files (x86)\Intel\Intel(R) Management Engine Components\IPT;C:\Program Files\Intel\Intel(R) Management Engine Components\IPT;C:\Users\Famille\AppData\Local\atom\bin;C:\Users\Famille\AppData\Roaming\npm
USERNAME=de Lachaux
OS=Windows_NT
PROCESSOR_IDENTIFIER=Intel64 Family 6 Model 69 Stepping 1, GenuineIntel



---------------  S Y S T E M  ---------------

OS: Windows 8.1 , 64 bit Build 9600 

CPU:total 4 (2 cores per cpu, 2 threads per core) family 6 model 69 stepping 1, cmov, cx8, fxsr, mmx, sse, sse2, sse3, ssse3, sse4.1, sse4.2, popcnt, avx, avx2, aes, clmul, erms, lzcnt, ht, tsc, tscinvbit, bmi1, bmi2

Memory: 4k page, physical 4122776k(228632k free), swap 5555352k(7748k free)

vm_info: Java HotSpot(TM) 64-Bit Server VM (25.25-b02) for windows-amd64 JRE (1.8.0_25-b18), built on Oct  7 2014 14:25:37 by "java_re" with MS VC++ 10.0 (VS2010)

time: Tue Jul 19 16:00:13 2016
elapsed time: 7 seconds (0d 0h 0m 7s)

