#
# There is insufficient memory for the Java Runtime Environment to continue.
# Native memory allocation (malloc) failed to allocate 67108880 bytes for Chunk::new
# Possible reasons:
#   The system is out of physical RAM or swap space
#   In 32 bit mode, the process size limit was hit
# Possible solutions:
#   Reduce memory load on the system
#   Increase physical memory or swap space
#   Check if swap backing store is full
#   Use 64 bit Java on a 64 bit OS
#   Decrease Java heap size (-Xmx/-Xms)
#   Decrease number of Java threads
#   Decrease Java thread stack sizes (-Xss)
#   Set larger code cache with -XX:ReservedCodeCacheSize=
# This output file may be truncated or incomplete.
#
#  Out of Memory Error (allocation.cpp:390), pid=5468, tid=13532
#
# JRE version: Java(TM) SE Runtime Environment (8.0_25-b18) (build 1.8.0_25-b18)
# Java VM: Java HotSpot(TM) 64-Bit Server VM (25.25-b02 mixed mode windows-amd64 compressed oops)
# Failed to write core dump. Minidumps are not enabled by default on client versions of Windows
#

---------------  T H R E A D  ---------------

Current thread (0x0000000015711800):  JavaThread "C2 CompilerThread1" daemon [_thread_in_native, id=13532, stack(0x0000000016d60000,0x0000000016e60000)]

Stack: [0x0000000016d60000,0x0000000016e60000]
Native frames: (J=compiled Java code, j=interpreted, Vv=VM code, C=native code)
V  [jvm.dll+0x31667a]
V  [jvm.dll+0x267073]
V  [jvm.dll+0x267cb3]
V  [jvm.dll+0x25f5b5]
V  [jvm.dll+0xbf165]
V  [jvm.dll+0xbf60c]
V  [jvm.dll+0x40c68]
V  [jvm.dll+0x45f0b0]
V  [jvm.dll+0x45f36a]
V  [jvm.dll+0x46024f]
V  [jvm.dll+0x462311]
V  [jvm.dll+0x464745]
V  [jvm.dll+0x4650cc]
V  [jvm.dll+0x465413]
V  [jvm.dll+0x4522c3]
V  [jvm.dll+0x453864]
V  [jvm.dll+0x437372]
V  [jvm.dll+0x98a02]
V  [jvm.dll+0x991f3]
V  [jvm.dll+0x22bde4]
V  [jvm.dll+0x2852fa]
C  [msvcr100.dll+0x21d9f]
C  [msvcr100.dll+0x21e3b]
C  [KERNEL32.DLL+0x18102]
C  [ntdll.dll+0x5c5b4]


Current CompileTask:
C2:  16059 1898   !   4       com.android.dx.cf.code.Ropper::processBlock (1101 bytes)


---------------  P R O C E S S  ---------------

Java Threads: ( => current thread )
  0x000000001740b800 JavaThread "pool-1-thread-1" [_thread_in_Java, id=8156, stack(0x000000001a200000,0x000000001a300000)]
  0x000000001576b000 JavaThread "Service Thread" daemon [_thread_blocked, id=14092, stack(0x0000000016f60000,0x0000000017060000)]
  0x0000000015763800 JavaThread "C1 CompilerThread2" daemon [_thread_blocked, id=6772, stack(0x0000000016e60000,0x0000000016f60000)]
=>0x0000000015711800 JavaThread "C2 CompilerThread1" daemon [_thread_in_native, id=13532, stack(0x0000000016d60000,0x0000000016e60000)]
  0x000000001570c000 JavaThread "C2 CompilerThread0" daemon [_thread_in_native, id=15148, stack(0x0000000016c60000,0x0000000016d60000)]
  0x000000001570a800 JavaThread "Attach Listener" daemon [_thread_blocked, id=6988, stack(0x0000000016b60000,0x0000000016c60000)]
  0x0000000015709800 JavaThread "Signal Dispatcher" daemon [_thread_blocked, id=6968, stack(0x0000000016a60000,0x0000000016b60000)]
  0x0000000002f60800 JavaThread "Finalizer" daemon [_thread_blocked, id=14484, stack(0x0000000016960000,0x0000000016a60000)]
  0x0000000002f5d000 JavaThread "Reference Handler" daemon [_thread_blocked, id=13052, stack(0x0000000016860000,0x0000000016960000)]
  0x000000000303e000 JavaThread "main" [_thread_blocked, id=15168, stack(0x00000000015c0000,0x00000000016c0000)]

Other Threads:
  0x00000000156d6800 VMThread [stack: 0x0000000016760000,0x0000000016860000] [id=2548]
  0x000000001576d000 WatcherThread [stack: 0x0000000017060000,0x0000000017160000] [id=3388]

VM state:not at safepoint (normal execution)

VM Mutex/Monitor currently owned by a thread: None

Heap:
 PSYoungGen      total 139264K, used 127324K [0x00000000eab00000, 0x00000000f4d00000, 0x0000000100000000)
  eden space 124928K, 90% used [0x00000000eab00000,0x00000000f195a4c8,0x00000000f2500000)
  from space 14336K, 99% used [0x00000000f3700000,0x00000000f44fcd00,0x00000000f4500000)
  to   space 18432K, 0% used [0x00000000f2500000,0x00000000f2500000,0x00000000f3700000)
 ParOldGen       total 44032K, used 24362K [0x00000000c0000000, 0x00000000c2b00000, 0x00000000eab00000)
  object space 44032K, 55% used [0x00000000c0000000,0x00000000c17caab0,0x00000000c2b00000)
 Metaspace       used 6918K, capacity 7672K, committed 7936K, reserved 1056768K
  class space    used 635K, capacity 688K, committed 768K, reserved 1048576K

Card table byte_map: [0x0000000012400000,0x0000000012610000] byte_map_base: 0x0000000011e00000

Marking Bits: (ParMarkBitMap*) 0x0000000057b9d490
 Begin Bits: [0x0000000012b70000, 0x0000000013b70000)
 End Bits:   [0x0000000013b70000, 0x0000000014b70000)

Polling page: 0x0000000001450000

CodeCache: size=245760Kb used=10878Kb max_used=10878Kb free=234881Kb
 bounds [0x0000000003040000, 0x0000000003af0000, 0x0000000012040000]
 total_blobs=2869 nmethods=2603 adapters=179
 compilation: enabled

Compilation events (10 events):
Event: 14.140 Thread 0x000000001570c000 nmethod 2366 0x00000000039b8550 code [0x00000000039b86a0, 0x00000000039b87b8]
Event: 14.140 Thread 0x0000000015763800 2369       3       com.android.dx.rop.code.RegisterSpecList::subset (85 bytes)
Event: 14.141 Thread 0x0000000015763800 nmethod 2369 0x00000000039cbe50 code [0x00000000039cc0c0, 0x00000000039cd1a8]
Event: 14.141 Thread 0x0000000015763800 2368       3       com.android.dx.dex.code.DalvInsn::expandedPrefix (64 bytes)
Event: 14.142 Thread 0x0000000015763800 nmethod 2368 0x00000000039c9350 code [0x00000000039c9580, 0x00000000039ca1c8]
Event: 14.145 Thread 0x000000001570c000 2370 %     4       com.android.dx.dex.code.OutputFinisher::assignAddresses @ 12 (51 bytes)
Event: 14.148 Thread 0x000000001570c000 nmethod 2370% 0x00000000039b9e10 code [0x00000000039b9f60, 0x00000000039ba1b8]
Event: 14.148 Thread 0x000000001570c000 2372 %     4       com.android.dx.dex.code.DalvInsnList::makeImmutable @ 18 (51 bytes)
Event: 14.162 Thread 0x000000001570c000 nmethod 2372% 0x00000000039d0650 code [0x00000000039d07a0, 0x00000000039d0cd8]
Event: 14.162 Thread 0x000000001570c000 2373 %     4       com.android.dx.dex.code.LocalList::make @ 16 (102 bytes)

GC Heap History (10 events):
Event: 3.396 GC heap before
{Heap before GC invocations=4 (full 0):
 PSYoungGen      total 18944K, used 18921K [0x00000000eab00000, 0x00000000ed000000, 0x0000000100000000)
  eden space 16384K, 100% used [0x00000000eab00000,0x00000000ebb00000,0x00000000ebb00000)
  from space 2560K, 99% used [0x00000000ebb00000,0x00000000ebd7a620,0x00000000ebd80000)
  to   space 2560K, 0% used [0x00000000ecd80000,0x00000000ecd80000,0x00000000ed000000)
 ParOldGen       total 44032K, used 5794K [0x00000000c0000000, 0x00000000c2b00000, 0x00000000eab00000)
  object space 44032K, 13% used [0x00000000c0000000,0x00000000c05a8a18,0x00000000c2b00000)
 Metaspace       used 6150K, capacity 7088K, committed 7296K, reserved 1056768K
  class space    used 593K, capacity 616K, committed 640K, reserved 1048576K
Event: 3.408 GC heap after
Heap after GC invocations=4 (full 0):
 PSYoungGen      total 35328K, used 2553K [0x00000000eab00000, 0x00000000ed000000, 0x0000000100000000)
  eden space 32768K, 0% used [0x00000000eab00000,0x00000000eab00000,0x00000000ecb00000)
  from space 2560K, 99% used [0x00000000ecd80000,0x00000000ecffe610,0x00000000ed000000)
  to   space 2560K, 0% used [0x00000000ecb00000,0x00000000ecb00000,0x00000000ecd80000)
 ParOldGen       total 44032K, used 8259K [0x00000000c0000000, 0x00000000c2b00000, 0x00000000eab00000)
  object space 44032K, 18% used [0x00000000c0000000,0x00000000c0810ee8,0x00000000c2b00000)
 Metaspace       used 6150K, capacity 7088K, committed 7296K, reserved 1056768K
  class space    used 593K, capacity 616K, committed 640K, reserved 1048576K
}
Event: 3.671 GC heap before
{Heap before GC invocations=5 (full 0):
 PSYoungGen      total 35328K, used 35321K [0x00000000eab00000, 0x00000000ed000000, 0x0000000100000000)
  eden space 32768K, 100% used [0x00000000eab00000,0x00000000ecb00000,0x00000000ecb00000)
  from space 2560K, 99% used [0x00000000ecd80000,0x00000000ecffe610,0x00000000ed000000)
  to   space 2560K, 0% used [0x00000000ecb00000,0x00000000ecb00000,0x00000000ecd80000)
 ParOldGen       total 44032K, used 8259K [0x00000000c0000000, 0x00000000c2b00000, 0x00000000eab00000)
  object space 44032K, 18% used [0x00000000c0000000,0x00000000c0810ee8,0x00000000c2b00000)
 Metaspace       used 6191K, capacity 7088K, committed 7296K, reserved 1056768K
  class space    used 593K, capacity 616K, committed 640K, reserved 1048576K
Event: 3.688 GC heap after
Heap after GC invocations=5 (full 0):
 PSYoungGen      total 35328K, used 2538K [0x00000000eab00000, 0x00000000efb00000, 0x0000000100000000)
  eden space 32768K, 0% used [0x00000000eab00000,0x00000000eab00000,0x00000000ecb00000)
  from space 2560K, 99% used [0x00000000ecb00000,0x00000000ecd7a950,0x00000000ecd80000)
  to   space 8192K, 0% used [0x00000000ef300000,0x00000000ef300000,0x00000000efb00000)
 ParOldGen       total 44032K, used 13125K [0x00000000c0000000, 0x00000000c2b00000, 0x00000000eab00000)
  object space 44032K, 29% used [0x00000000c0000000,0x00000000c0cd1650,0x00000000c2b00000)
 Metaspace       used 6191K, capacity 7088K, committed 7296K, reserved 1056768K
  class space    used 593K, capacity 616K, committed 640K, reserved 1048576K
}
Event: 3.912 GC heap before
{Heap before GC invocations=6 (full 0):
 PSYoungGen      total 35328K, used 35306K [0x00000000eab00000, 0x00000000efb00000, 0x0000000100000000)
  eden space 32768K, 100% used [0x00000000eab00000,0x00000000ecb00000,0x00000000ecb00000)
  from space 2560K, 99% used [0x00000000ecb00000,0x00000000ecd7a950,0x00000000ecd80000)
  to   space 8192K, 0% used [0x00000000ef300000,0x00000000ef300000,0x00000000efb00000)
 ParOldGen       total 44032K, used 13125K [0x00000000c0000000, 0x00000000c2b00000, 0x00000000eab00000)
  object space 44032K, 29% used [0x00000000c0000000,0x00000000c0cd1650,0x00000000c2b00000)
 Metaspace       used 6229K, capacity 7152K, committed 7296K, reserved 1056768K
  class space    used 593K, capacity 616K, committed 640K, reserved 1048576K
Event: 3.940 GC heap after
Heap after GC invocations=6 (full 0):
 PSYoungGen      total 72704K, used 7951K [0x00000000eab00000, 0x00000000efd00000, 0x0000000100000000)
  eden space 64512K, 0% used [0x00000000eab00000,0x00000000eab00000,0x00000000eea00000)
  from space 8192K, 97% used [0x00000000ef300000,0x00000000efac3e38,0x00000000efb00000)
  to   space 9216K, 0% used [0x00000000eea00000,0x00000000eea00000,0x00000000ef300000)
 ParOldGen       total 44032K, used 13125K [0x00000000c0000000, 0x00000000c2b00000, 0x00000000eab00000)
  object space 44032K, 29% used [0x00000000c0000000,0x00000000c0cd1650,0x00000000c2b00000)
 Metaspace       used 6229K, capacity 7152K, committed 7296K, reserved 1056768K
  class space    used 593K, capacity 616K, committed 640K, reserved 1048576K
}
Event: 4.745 GC heap before
{Heap before GC invocations=7 (full 0):
 PSYoungGen      total 72704K, used 72463K [0x00000000eab00000, 0x00000000efd00000, 0x0000000100000000)
  eden space 64512K, 100% used [0x00000000eab00000,0x00000000eea00000,0x00000000eea00000)
  from space 8192K, 97% used [0x00000000ef300000,0x00000000efac3e38,0x00000000efb00000)
  to   space 9216K, 0% used [0x00000000eea00000,0x00000000eea00000,0x00000000ef300000)
 ParOldGen       total 44032K, used 13125K [0x00000000c0000000, 0x00000000c2b00000, 0x00000000eab00000)
  object space 44032K, 29% used [0x00000000c0000000,0x00000000c0cd1650,0x00000000c2b00000)
 Metaspace       used 6350K, capacity 7192K, committed 7424K, reserved 1056768K
  class space    used 613K, capacity 656K, committed 768K, reserved 1048576K
Event: 4.818 GC heap after
Heap after GC invocations=7 (full 0):
 PSYoungGen      total 73728K, used 9195K [0x00000000eab00000, 0x00000000f4500000, 0x0000000100000000)
  eden space 64512K, 0% used [0x00000000eab00000,0x00000000eab00000,0x00000000eea00000)
  from space 9216K, 99% used [0x00000000eea00000,0x00000000ef2fac10,0x00000000ef300000)
  to   space 14336K, 0% used [0x00000000f3700000,0x00000000f3700000,0x00000000f4500000)
 ParOldGen       total 44032K, used 20456K [0x00000000c0000000, 0x00000000c2b00000, 0x00000000eab00000)
  object space 44032K, 46% used [0x00000000c0000000,0x00000000c13fa0b8,0x00000000c2b00000)
 Metaspace       used 6350K, capacity 7192K, committed 7424K, reserved 1056768K
  class space    used 613K, capacity 656K, committed 768K, reserved 1048576K
}
Event: 6.066 GC heap before
{Heap before GC invocations=8 (full 0):
 PSYoungGen      total 73728K, used 73707K [0x00000000eab00000, 0x00000000f4500000, 0x0000000100000000)
  eden space 64512K, 100% used [0x00000000eab00000,0x00000000eea00000,0x00000000eea00000)
  from space 9216K, 99% used [0x00000000eea00000,0x00000000ef2fac10,0x00000000ef300000)
  to   space 14336K, 0% used [0x00000000f3700000,0x00000000f3700000,0x00000000f4500000)
 ParOldGen       total 44032K, used 20456K [0x00000000c0000000, 0x00000000c2b00000, 0x00000000eab00000)
  object space 44032K, 46% used [0x00000000c0000000,0x00000000c13fa0b8,0x00000000c2b00000)
 Metaspace       used 6413K, capacity 7256K, committed 7424K, reserved 1056768K
  class space    used 613K, capacity 656K, committed 768K, reserved 1048576K
Event: 6.122 GC heap after
Heap after GC invocations=8 (full 0):
 PSYoungGen      total 139264K, used 14323K [0x00000000eab00000, 0x00000000f4d00000, 0x0000000100000000)
  eden space 124928K, 0% used [0x00000000eab00000,0x00000000eab00000,0x00000000f2500000)
  from space 14336K, 99% used [0x00000000f3700000,0x00000000f44fcd00,0x00000000f4500000)
  to   space 18432K, 0% used [0x00000000f2500000,0x00000000f2500000,0x00000000f3700000)
 ParOldGen       total 44032K, used 24362K [0x00000000c0000000, 0x00000000c2b00000, 0x00000000eab00000)
  object space 44032K, 55% used [0x00000000c0000000,0x00000000c17caab0,0x00000000c2b00000)
 Metaspace       used 6413K, capacity 7256K, committed 7424K, reserved 1056768K
  class space    used 613K, capacity 656K, committed 768K, reserved 1048576K
}

Deoptimization events (10 events):
Event: 7.780 Thread 0x000000001740b800 Uncommon trap: reason=class_check action=maybe_recompile pc=0x0000000003523660 method=java.util.Arrays.hashCode([Ljava/lang/Object;)I @ 43
Event: 7.780 Thread 0x000000001740b800 Uncommon trap: reason=class_check action=maybe_recompile pc=0x0000000003523660 method=java.util.Arrays.hashCode([Ljava/lang/Object;)I @ 43
Event: 7.780 Thread 0x000000001740b800 Uncommon trap: reason=class_check action=maybe_recompile pc=0x0000000003523660 method=java.util.Arrays.hashCode([Ljava/lang/Object;)I @ 43
Event: 7.780 Thread 0x000000001740b800 Uncommon trap: reason=class_check action=maybe_recompile pc=0x0000000003523660 method=java.util.Arrays.hashCode([Ljava/lang/Object;)I @ 43
Event: 7.794 Thread 0x000000001740b800 Uncommon trap: reason=class_check action=maybe_recompile pc=0x0000000003507e00 method=java.util.Arrays.hashCode([Ljava/lang/Object;)I @ 43
Event: 11.982 Thread 0x000000001740b800 Uncommon trap: reason=speculate_class_check action=maybe_recompile pc=0x000000000335a354 method=com.android.dx.util.FixedSizeList.equals(Ljava/lang/Object;)Z @ 25
Event: 12.261 Thread 0x000000001740b800 Uncommon trap: reason=speculate_class_check action=maybe_recompile pc=0x000000000335a354 method=com.android.dx.util.FixedSizeList.equals(Ljava/lang/Object;)Z @ 25
Event: 12.261 Thread 0x000000001740b800 Uncommon trap: reason=speculate_class_check action=maybe_recompile pc=0x000000000335a354 method=com.android.dx.util.FixedSizeList.equals(Ljava/lang/Object;)Z @ 25
Event: 12.261 Thread 0x000000001740b800 Uncommon trap: reason=speculate_class_check action=maybe_recompile pc=0x000000000335a354 method=com.android.dx.util.FixedSizeList.equals(Ljava/lang/Object;)Z @ 25
Event: 12.332 Thread 0x000000001740b800 Uncommon trap: reason=unreached action=reinterpret pc=0x00000000039616f8 method=com.android.dx.dex.code.OutputFinisher.findOpcodeForInsn(Lcom/android/dx/dex/code/DalvInsn;Lcom/android/dx/dex/code/Dop;)Lcom/android/dx/dex/code/Dop; @ 1

Internal exceptions (10 events):
Event: 11.967 Thread 0x000000001740b800 Exception <a 'java/security/PrivilegedActionException'> (0x00000000f08c65f8) thrown at [D:\re\workspace\8-2-build-windows-amd64-cygwin\jdk8u25\1677\hotspot\src\share\vm\prims\jvm.cpp, line 1312]
Event: 11.968 Thread 0x000000001740b800 Exception <a 'java/security/PrivilegedActionException'> (0x00000000f08cb8b8) thrown at [D:\re\workspace\8-2-build-windows-amd64-cygwin\jdk8u25\1677\hotspot\src\share\vm\prims\jvm.cpp, line 1312]
Event: 11.969 Thread 0x000000001740b800 Exception <a 'java/security/PrivilegedActionException'> (0x00000000f08d1f40) thrown at [D:\re\workspace\8-2-build-windows-amd64-cygwin\jdk8u25\1677\hotspot\src\share\vm\prims\jvm.cpp, line 1312]
Event: 11.969 Thread 0x000000001740b800 Exception <a 'java/security/PrivilegedActionException'> (0x00000000f08d4f80) thrown at [D:\re\workspace\8-2-build-windows-amd64-cygwin\jdk8u25\1677\hotspot\src\share\vm\prims\jvm.cpp, line 1312]
Event: 11.972 Thread 0x000000001740b800 Exception <a 'java/security/PrivilegedActionException'> (0x00000000f08d9ed0) thrown at [D:\re\workspace\8-2-build-windows-amd64-cygwin\jdk8u25\1677\hotspot\src\share\vm\prims\jvm.cpp, line 1312]
Event: 11.973 Thread 0x000000001740b800 Exception <a 'java/security/PrivilegedActionException'> (0x00000000f08de6a8) thrown at [D:\re\workspace\8-2-build-windows-amd64-cygwin\jdk8u25\1677\hotspot\src\share\vm\prims\jvm.cpp, line 1312]
Event: 11.981 Thread 0x000000001740b800 Exception <a 'java/security/PrivilegedActionException'> (0x00000000f08f2a48) thrown at [D:\re\workspace\8-2-build-windows-amd64-cygwin\jdk8u25\1677\hotspot\src\share\vm\prims\jvm.cpp, line 1312]
Event: 11.982 Thread 0x000000001740b800 Exception <a 'java/security/PrivilegedActionException'> (0x00000000f08f5af0) thrown at [D:\re\workspace\8-2-build-windows-amd64-cygwin\jdk8u25\1677\hotspot\src\share\vm\prims\jvm.cpp, line 1312]
Event: 11.982 Thread 0x000000001740b800 Exception <a 'java/security/PrivilegedActionException'> (0x00000000f08f8d78) thrown at [D:\re\workspace\8-2-build-windows-amd64-cygwin\jdk8u25\1677\hotspot\src\share\vm\prims\jvm.cpp, line 1312]
Event: 12.333 Thread 0x000000001740b800 Exception <a 'java/security/PrivilegedActionException'> (0x00000000f093f538) thrown at [D:\re\workspace\8-2-build-windows-amd64-cygwin\jdk8u25\1677\hotspot\src\share\vm\prims\jvm.cpp, line 1312]

Events (10 events):
Event: 14.087 Thread 0x000000001740b800 DEOPT PACKING pc=0x0000000003958cf3 sp=0x000000001a2feb50
Event: 14.087 Thread 0x000000001740b800 DEOPT UNPACKING pc=0x00000000030875bf sp=0x000000001a2fe8a0 mode 0
Event: 14.098 Thread 0x000000001740b800 DEOPT PACKING pc=0x0000000003958cf3 sp=0x000000001a2feb50
Event: 14.098 Thread 0x000000001740b800 DEOPT UNPACKING pc=0x00000000030875bf sp=0x000000001a2fe8a0 mode 0
Event: 14.103 Thread 0x000000001740b800 DEOPT PACKING pc=0x0000000003946a56 sp=0x000000001a2fea90
Event: 14.103 Thread 0x000000001740b800 DEOPT UNPACKING pc=0x00000000030875bf sp=0x000000001a2fe7e8 mode 0
Event: 14.106 Thread 0x000000001740b800 DEOPT PACKING pc=0x0000000003958cf3 sp=0x000000001a2feb50
Event: 14.106 Thread 0x000000001740b800 DEOPT UNPACKING pc=0x00000000030875bf sp=0x000000001a2fe8a0 mode 0
Event: 14.138 Thread 0x000000001740b800 DEOPT PACKING pc=0x0000000003946a56 sp=0x000000001a2fea90
Event: 14.138 Thread 0x000000001740b800 DEOPT UNPACKING pc=0x00000000030875bf sp=0x000000001a2fe7e8 mode 0


Dynamic libraries:
0x00007ff620af0000 - 0x00007ff620b24000 	C:\Program Files\Java\jdk1.8.0_25\bin\java.exe
0x00007ffdb2fd0000 - 0x00007ffdb3191000 	C:\WINDOWS\SYSTEM32\ntdll.dll
0x00007ffdb2650000 - 0x00007ffdb26fd000 	C:\WINDOWS\system32\KERNEL32.DLL
0x00007ffdafe10000 - 0x00007ffdafff8000 	C:\WINDOWS\system32\KERNELBASE.dll
0x00007ffdb0d80000 - 0x00007ffdb0e27000 	C:\WINDOWS\system32\ADVAPI32.dll
0x00007ffdb1050000 - 0x00007ffdb10ed000 	C:\WINDOWS\system32\msvcrt.dll
0x00007ffdb2f70000 - 0x00007ffdb2fcb000 	C:\WINDOWS\system32\sechost.dll
0x00007ffdb0780000 - 0x00007ffdb089c000 	C:\WINDOWS\system32\RPCRT4.dll
0x00007ffdb2cf0000 - 0x00007ffdb2e46000 	C:\WINDOWS\system32\USER32.dll
0x00007ffdb0520000 - 0x00007ffdb06a6000 	C:\WINDOWS\system32\GDI32.dll
0x00007ffda7820000 - 0x00007ffda7a94000 	C:\WINDOWS\WinSxS\amd64_microsoft.windows.common-controls_6595b64144ccf1df_6.0.10586.494_none_a2d8b04ea53e3145\COMCTL32.dll
0x00007ffdb08a0000 - 0x00007ffdb0b1d000 	C:\WINDOWS\system32\combase.dll
0x00007ffdafd80000 - 0x00007ffdafdea000 	C:\WINDOWS\system32\bcryptPrimitives.dll
0x00007ffdb03d0000 - 0x00007ffdb040b000 	C:\WINDOWS\system32\IMM32.DLL
0x0000000056f00000 - 0x0000000056fd2000 	C:\Program Files\Java\jdk1.8.0_25\jre\bin\msvcr100.dll
0x00000000573c0000 - 0x0000000057c1a000 	C:\Program Files\Java\jdk1.8.0_25\jre\bin\server\jvm.dll
0x00007ffdb0d00000 - 0x00007ffdb0d08000 	C:\WINDOWS\system32\PSAPI.DLL
0x00007ffd9d1c0000 - 0x00007ffd9d1c9000 	C:\WINDOWS\SYSTEM32\WSOCK32.dll
0x00007ffdb0d10000 - 0x00007ffdb0d7b000 	C:\WINDOWS\system32\WS2_32.dll
0x00007ffdad8c0000 - 0x00007ffdad8e3000 	C:\WINDOWS\SYSTEM32\WINMM.dll
0x00007ffdad030000 - 0x00007ffdad05c000 	C:\WINDOWS\SYSTEM32\WINMMBASE.dll
0x00007ffdb0000000 - 0x00007ffdb0043000 	C:\WINDOWS\system32\cfgmgr32.dll
0x00000000573b0000 - 0x00000000573bf000 	C:\Program Files\Java\jdk1.8.0_25\jre\bin\verify.dll
0x0000000057380000 - 0x00000000573a8000 	C:\Program Files\Java\jdk1.8.0_25\jre\bin\java.dll
0x0000000057360000 - 0x0000000057376000 	C:\Program Files\Java\jdk1.8.0_25\jre\bin\zip.dll
0x00007ffdb10f0000 - 0x00007ffdb264c000 	C:\WINDOWS\system32\SHELL32.dll
0x00007ffdaf730000 - 0x00007ffdafd75000 	C:\WINDOWS\system32\windows.storage.dll
0x00007ffdb2c90000 - 0x00007ffdb2ce2000 	C:\WINDOWS\system32\shlwapi.dll
0x00007ffdaf670000 - 0x00007ffdaf67f000 	C:\WINDOWS\system32\kernel.appcore.dll
0x00007ffdb0140000 - 0x00007ffdb01f5000 	C:\WINDOWS\system32\shcore.dll
0x00007ffdaf5f0000 - 0x00007ffdaf63b000 	C:\WINDOWS\system32\powrprof.dll
0x00007ffdaf640000 - 0x00007ffdaf654000 	C:\WINDOWS\system32\profapi.dll
0x00007ffd9aee0000 - 0x00007ffd9b06c000 	C:\WINDOWS\SYSTEM32\dbghelp.dll

VM Arguments:
jvm_args: -Djava.awt.headless=true -Xmx1024M -Dfile.encoding=windows-1252 -Duser.country=FR -Duser.language=fr -Duser.variant 
java_command: com.android.dx.command.Main --dex --force-jumbo --num-threads=4 --multi-dex --output C:\Users\Famille\AndroidStudioProjects\Niviel\app\build\intermediates\transforms\dex\debug\folders\1000\10\com.android.support-appcompat-v7-24.2.0_a90505fa36c560e57855edbc9a661c2fe1e4b7ac C:\Users\Famille\AndroidStudioProjects\Niviel\app\build\intermediates\exploded-aar\com.android.support\appcompat-v7\24.2.0\jars\classes.jar
java_class_path (initial): C:\Users\Famille\AppData\Local\Android\sdk\build-tools\23.0.2\lib\dx.jar
Launcher Type: SUN_STANDARD

Environment Variables:
JAVA_HOME=C:\Program Files\Java\jdk1.8.0_25
PATH=C:\Program Files\Broadcom\Broadcom 802.11 Network Adapter;;C:\Program Files\Broadcom\Broadcom 802.11;C:\ProgramData\Oracle\Java\javapath;C:\Program Files (x86)\Intel\iCLS Client\;C:\Program Files\Intel\iCLS Client\;C:\Windows\system32;C:\Windows;C:\Windows\System32\Wbem;C:\Windows\System32\WindowsPowerShell\v1.0\;C:\Program Files\Hewlett-Packard\SimplePass\;C:\wamp\bin\php\php5.5.12;C:\Python27;C:\Users\Famille\AppData\Roaming\npm\;C:\Program Files\nodejs\;C:\Program Files\Git\cmd;C:\Program Files (x86)\Brackets\command;C:\Program Files (x86)\Ant\bin;C:\Program Files (x86)\Maven\bin;C:\Program Files (x86)\Intel\Intel(R) Management Engine Components\DAL;C:\Program Files\Intel\Intel(R) Management Engine Components\DAL;C:\Program Files (x86)\Intel\Intel(R) Management Engine Components\IPT;C:\Program Files\Intel\Intel(R) Management Engine Components\IPT;C:\Users\Famille\AppData\Local\atom\bin;C:\Users\Famille\AppData\Roaming\npm
USERNAME=de Lachaux
OS=Windows_NT
PROCESSOR_IDENTIFIER=Intel64 Family 6 Model 69 Stepping 1, GenuineIntel



---------------  S Y S T E M  ---------------

OS: Windows 8.1 , 64 bit Build 9600 

CPU:total 4 (2 cores per cpu, 2 threads per core) family 6 model 69 stepping 1, cmov, cx8, fxsr, mmx, sse, sse2, sse3, ssse3, sse4.1, sse4.2, popcnt, avx, avx2, aes, clmul, erms, lzcnt, ht, tsc, tscinvbit, bmi1, bmi2

Memory: 4k page, physical 4122776k(174096k free), swap 5555352k(19236k free)

vm_info: Java HotSpot(TM) 64-Bit Server VM (25.25-b02) for windows-amd64 JRE (1.8.0_25-b18), built on Oct  7 2014 14:25:37 by "java_re" with MS VC++ 10.0 (VS2010)

time: Mon Aug 22 17:59:09 2016
elapsed time: 16 seconds (0d 0h 0m 16s)

