#
# There is insufficient memory for the Java Runtime Environment to continue.
# Native memory allocation (malloc) failed to allocate 90640 bytes for Chunk::new
# Possible reasons:
#   The system is out of physical RAM or swap space
#   In 32 bit mode, the process size limit was hit
# Possible solutions:
#   Reduce memory load on the system
#   Increase physical memory or swap space
#   Check if swap backing store is full
#   Use 64 bit Java on a 64 bit OS
#   Decrease Java heap size (-Xmx/-Xms)
#   Decrease number of Java threads
#   Decrease Java thread stack sizes (-Xss)
#   Set larger code cache with -XX:ReservedCodeCacheSize=
# This output file may be truncated or incomplete.
#
#  Out of Memory Error (allocation.cpp:390), pid=13620, tid=13956
#
# JRE version: Java(TM) SE Runtime Environment (8.0_25-b18) (build 1.8.0_25-b18)
# Java VM: Java HotSpot(TM) 64-Bit Server VM (25.25-b02 mixed mode windows-amd64 compressed oops)
# Failed to write core dump. Minidumps are not enabled by default on client versions of Windows
#

---------------  T H R E A D  ---------------

Current thread (0x0000000014ab1000):  JavaThread "C2 CompilerThread1" daemon [_thread_in_native, id=13956, stack(0x0000000016120000,0x0000000016220000)]

Stack: [0x0000000016120000,0x0000000016220000]
Native frames: (J=compiled Java code, j=interpreted, Vv=VM code, C=native code)
V  [jvm.dll+0x31667a]


Current CompileTask:
C2:   1777  603       4       java.util.HashMap::get (23 bytes)


---------------  P R O C E S S  ---------------

Java Threads: ( => current thread )
  0x000000001662b000 JavaThread "pool-2-thread-4" [_thread_blocked, id=14304, stack(0x0000000017520000,0x0000000017620000)]
  0x0000000016626000 JavaThread "pool-2-thread-3" [_thread_blocked, id=14192, stack(0x0000000017420000,0x0000000017520000)]
  0x00000000165b9000 JavaThread "pool-2-thread-2" [_thread_in_Java, id=14196, stack(0x0000000017320000,0x0000000017420000)]
  0x00000000165b8800 JavaThread "pool-3-thread-1" [_thread_blocked, id=14184, stack(0x0000000017220000,0x0000000017320000)]
  0x00000000165bd000 JavaThread "pool-2-thread-1" [_thread_blocked, id=14188, stack(0x0000000017120000,0x0000000017220000)]
  0x0000000016332800 JavaThread "Service Thread" daemon [_thread_blocked, id=14052, stack(0x0000000016720000,0x0000000016820000)]
  0x0000000014b05000 JavaThread "C1 CompilerThread2" daemon [_thread_in_native, id=13964, stack(0x0000000016220000,0x0000000016320000)]
=>0x0000000014ab1000 JavaThread "C2 CompilerThread1" daemon [_thread_in_native, id=13956, stack(0x0000000016120000,0x0000000016220000)]
  0x0000000014aac000 JavaThread "C2 CompilerThread0" daemon [_thread_in_native, id=13940, stack(0x0000000016020000,0x0000000016120000)]
  0x0000000014aaa800 JavaThread "Attach Listener" daemon [_thread_blocked, id=13936, stack(0x0000000015f20000,0x0000000016020000)]
  0x0000000014aa9800 JavaThread "Signal Dispatcher" daemon [_thread_blocked, id=13932, stack(0x0000000015e20000,0x0000000015f20000)]
  0x00000000023d0800 JavaThread "Finalizer" daemon [_thread_blocked, id=13880, stack(0x0000000015d20000,0x0000000015e20000)]
  0x00000000023cd000 JavaThread "Reference Handler" daemon [_thread_blocked, id=13884, stack(0x0000000015c20000,0x0000000015d20000)]
  0x000000000087e000 JavaThread "main" [_thread_in_vm, id=13788, stack(0x00000000021e0000,0x00000000022e0000)]

Other Threads:
  0x0000000014a76800 VMThread [stack: 0x0000000015b20000,0x0000000015c20000] [id=13860]
  0x0000000016337800 WatcherThread [stack: 0x0000000016820000,0x0000000016920000] [id=14128]

VM state:not at safepoint (normal execution)

VM Mutex/Monitor currently owned by a thread: None

Heap:
 PSYoungGen      total 18944K, used 15459K [0x00000000eab00000, 0x00000000ec000000, 0x0000000100000000)
  eden space 16384K, 94% used [0x00000000eab00000,0x00000000eba18e08,0x00000000ebb00000)
  from space 2560K, 0% used [0x00000000ebd80000,0x00000000ebd80000,0x00000000ec000000)
  to   space 2560K, 0% used [0x00000000ebb00000,0x00000000ebb00000,0x00000000ebd80000)
 ParOldGen       total 44032K, used 0K [0x00000000c0000000, 0x00000000c2b00000, 0x00000000eab00000)
  object space 44032K, 0% used [0x00000000c0000000,0x00000000c0000000,0x00000000c2b00000)
 Metaspace       used 5580K, capacity 6576K, committed 6784K, reserved 1058816K
  class space    used 579K, capacity 616K, committed 640K, reserved 1048576K

Card table byte_map: [0x00000000117a0000,0x00000000119b0000] byte_map_base: 0x00000000111a0000

Marking Bits: (ParMarkBitMap*) 0x0000000057b9d490
 Begin Bits: [0x0000000011f10000, 0x0000000012f10000)
 End Bits:   [0x0000000012f10000, 0x0000000013f10000)

Polling page: 0x0000000000850000

CodeCache: size=245760Kb used=2304Kb max_used=2315Kb free=243455Kb
 bounds [0x00000000023e0000, 0x0000000002650000, 0x00000000113e0000]
 total_blobs=877 nmethods=613 adapters=178
 compilation: enabled

Compilation events (10 events):
Event: 1.677 Thread 0x0000000014b05000 nmethod 608 0x0000000002619d50 code [0x0000000002619ec0, 0x000000000261a028]
Event: 1.677 Thread 0x0000000014b05000  538       1       com.android.dx.cf.code.RopperMachine::getPrimarySuccessorIndex (5 bytes)
Event: 1.678 Thread 0x0000000014b05000 nmethod 538 0x000000000261a0d0 code [0x000000000261a220, 0x000000000261a330]
Event: 1.678 Thread 0x0000000014b05000  539       1       com.android.dx.cf.code.RopperMachine::wereCatchesUsed (5 bytes)
Event: 1.678 Thread 0x0000000014b05000 nmethod 539 0x000000000261a390 code [0x000000000261a4e0, 0x000000000261a5f0]
Event: 1.678 Thread 0x0000000014b05000  542       1       com.android.dx.cf.iface.StdMember::getNat (5 bytes)
Event: 1.678 Thread 0x0000000014b05000 nmethod 542 0x000000000261a650 code [0x000000000261a7a0, 0x000000000261a8b0]
Event: 1.678 Thread 0x0000000014b05000  610       3       com.android.dx.rop.code.InsnList::<init> (6 bytes)
Event: 1.678 Thread 0x0000000014b05000 nmethod 610 0x000000000261a910 code [0x000000000261aa80, 0x000000000261ac08]
Event: 1.678 Thread 0x0000000014b05000  611   !   3       com.android.dx.rop.code.BasicBlock::<init> (273 bytes)

GC Heap History (0 events):
No events

Deoptimization events (0 events):
No events

Internal exceptions (10 events):
Event: 1.626 Thread 0x0000000016626000 Exception <a 'java/security/PrivilegedActionException'> (0x00000000eb603470) thrown at [D:\re\workspace\8-2-build-windows-amd64-cygwin\jdk8u25\1677\hotspot\src\share\vm\prims\jvm.cpp, line 1312]
Event: 1.626 Thread 0x0000000016626000 Exception <a 'java/security/PrivilegedActionException'> (0x00000000eb606188) thrown at [D:\re\workspace\8-2-build-windows-amd64-cygwin\jdk8u25\1677\hotspot\src\share\vm\prims\jvm.cpp, line 1312]
Event: 1.627 Thread 0x0000000016626000 Exception <a 'java/security/PrivilegedActionException'> (0x00000000eb60b6c8) thrown at [D:\re\workspace\8-2-build-windows-amd64-cygwin\jdk8u25\1677\hotspot\src\share\vm\prims\jvm.cpp, line 1312]
Event: 1.627 Thread 0x0000000016626000 Exception <a 'java/security/PrivilegedActionException'> (0x00000000eb6107a8) thrown at [D:\re\workspace\8-2-build-windows-amd64-cygwin\jdk8u25\1677\hotspot\src\share\vm\prims\jvm.cpp, line 1312]
Event: 1.628 Thread 0x0000000016626000 Exception <a 'java/security/PrivilegedActionException'> (0x00000000eb614e50) thrown at [D:\re\workspace\8-2-build-windows-amd64-cygwin\jdk8u25\1677\hotspot\src\share\vm\prims\jvm.cpp, line 1312]
Event: 1.629 Thread 0x0000000016626000 Exception <a 'java/security/PrivilegedActionException'> (0x00000000eb618670) thrown at [D:\re\workspace\8-2-build-windows-amd64-cygwin\jdk8u25\1677\hotspot\src\share\vm\prims\jvm.cpp, line 1312]
Event: 1.633 Thread 0x0000000016626000 Exception <a 'java/security/PrivilegedActionException'> (0x00000000eb624ea0) thrown at [D:\re\workspace\8-2-build-windows-amd64-cygwin\jdk8u25\1677\hotspot\src\share\vm\prims\jvm.cpp, line 1312]
Event: 1.634 Thread 0x0000000016626000 Exception <a 'java/security/PrivilegedActionException'> (0x00000000eb62b108) thrown at [D:\re\workspace\8-2-build-windows-amd64-cygwin\jdk8u25\1677\hotspot\src\share\vm\prims\jvm.cpp, line 1312]
Event: 1.634 Thread 0x0000000016626000 Exception <a 'java/security/PrivilegedActionException'> (0x00000000eb62f808) thrown at [D:\re\workspace\8-2-build-windows-amd64-cygwin\jdk8u25\1677\hotspot\src\share\vm\prims\jvm.cpp, line 1312]
Event: 1.658 Thread 0x000000000087e000 Exception <a 'java/security/PrivilegedActionException'> (0x00000000eb751d00) thrown at [D:\re\workspace\8-2-build-windows-amd64-cygwin\jdk8u25\1677\hotspot\src\share\vm\prims\jvm.cpp, line 1312]

Events (10 events):
Event: 1.633 loading class com/android/dx/dex/code/StdCatchBuilder
Event: 1.633 loading class com/android/dx/dex/code/StdCatchBuilder done
Event: 1.634 loading class com/android/dx/dex/code/DalvCode
Event: 1.634 loading class com/android/dx/dex/code/DalvCode done
Event: 1.634 loading class com/android/dx/dex/file/DebugInfoItem
Event: 1.634 loading class com/android/dx/dex/file/DebugInfoItem done
Event: 1.635 loading class java/io/PrintWriter
Event: 1.635 loading class java/io/PrintWriter done
Event: 1.658 loading class com/android/dx/ssa/PhiInsn$Operand
Event: 1.658 loading class com/android/dx/ssa/PhiInsn$Operand done


Dynamic libraries:
0x00007ff620af0000 - 0x00007ff620b24000 	C:\Program Files\Java\jdk1.8.0_25\bin\java.exe
0x00007ffdb2fd0000 - 0x00007ffdb3191000 	C:\WINDOWS\SYSTEM32\ntdll.dll
0x00007ffdb2650000 - 0x00007ffdb26fd000 	C:\WINDOWS\system32\KERNEL32.DLL
0x00007ffdafe10000 - 0x00007ffdafff8000 	C:\WINDOWS\system32\KERNELBASE.dll
0x00007ffdb0d80000 - 0x00007ffdb0e27000 	C:\WINDOWS\system32\ADVAPI32.dll
0x00007ffdb1050000 - 0x00007ffdb10ed000 	C:\WINDOWS\system32\msvcrt.dll
0x00007ffdb2f70000 - 0x00007ffdb2fcb000 	C:\WINDOWS\system32\sechost.dll
0x00007ffdb0780000 - 0x00007ffdb089c000 	C:\WINDOWS\system32\RPCRT4.dll
0x00007ffdb2cf0000 - 0x00007ffdb2e46000 	C:\WINDOWS\system32\USER32.dll
0x00007ffdb0520000 - 0x00007ffdb06a6000 	C:\WINDOWS\system32\GDI32.dll
0x00007ffda7820000 - 0x00007ffda7a94000 	C:\WINDOWS\WinSxS\amd64_microsoft.windows.common-controls_6595b64144ccf1df_6.0.10586.494_none_a2d8b04ea53e3145\COMCTL32.dll
0x00007ffdb08a0000 - 0x00007ffdb0b1d000 	C:\WINDOWS\system32\combase.dll
0x00007ffdafd80000 - 0x00007ffdafdea000 	C:\WINDOWS\system32\bcryptPrimitives.dll
0x00007ffdb03d0000 - 0x00007ffdb040b000 	C:\WINDOWS\system32\IMM32.DLL
0x0000000056f00000 - 0x0000000056fd2000 	C:\Program Files\Java\jdk1.8.0_25\jre\bin\msvcr100.dll
0x00000000573c0000 - 0x0000000057c1a000 	C:\Program Files\Java\jdk1.8.0_25\jre\bin\server\jvm.dll
0x00007ffdb0d00000 - 0x00007ffdb0d08000 	C:\WINDOWS\system32\PSAPI.DLL
0x00007ffd9d1c0000 - 0x00007ffd9d1c9000 	C:\WINDOWS\SYSTEM32\WSOCK32.dll
0x00007ffdb0d10000 - 0x00007ffdb0d7b000 	C:\WINDOWS\system32\WS2_32.dll
0x00007ffdad8c0000 - 0x00007ffdad8e3000 	C:\WINDOWS\SYSTEM32\WINMM.dll
0x00007ffdad030000 - 0x00007ffdad05c000 	C:\WINDOWS\SYSTEM32\WINMMBASE.dll
0x00007ffdb0000000 - 0x00007ffdb0043000 	C:\WINDOWS\system32\cfgmgr32.dll
0x00000000573b0000 - 0x00000000573bf000 	C:\Program Files\Java\jdk1.8.0_25\jre\bin\verify.dll
0x0000000057380000 - 0x00000000573a8000 	C:\Program Files\Java\jdk1.8.0_25\jre\bin\java.dll
0x0000000057360000 - 0x0000000057376000 	C:\Program Files\Java\jdk1.8.0_25\jre\bin\zip.dll
0x00007ffdb10f0000 - 0x00007ffdb264c000 	C:\WINDOWS\system32\SHELL32.dll
0x00007ffdaf730000 - 0x00007ffdafd75000 	C:\WINDOWS\system32\windows.storage.dll
0x00007ffdb2c90000 - 0x00007ffdb2ce2000 	C:\WINDOWS\system32\shlwapi.dll
0x00007ffdaf670000 - 0x00007ffdaf67f000 	C:\WINDOWS\system32\kernel.appcore.dll
0x00007ffdb0140000 - 0x00007ffdb01f5000 	C:\WINDOWS\system32\shcore.dll
0x00007ffdaf5f0000 - 0x00007ffdaf63b000 	C:\WINDOWS\system32\powrprof.dll
0x00007ffdaf640000 - 0x00007ffdaf654000 	C:\WINDOWS\system32\profapi.dll

VM Arguments:
jvm_args: -Djava.awt.headless=true -Xmx1024M -Dfile.encoding=windows-1252 -Duser.country=FR -Duser.language=fr -Duser.variant 
java_command: com.android.dx.command.Main --dex --force-jumbo --num-threads=4 --multi-dex --output C:\Users\Famille\AndroidStudioProjects\Niviel\app\build\intermediates\transforms\dex\debug\folders\1000\10\jsoup-1.9.2_ecef94a6a7f4aa5a1465b1084b2edeb6df34e0f6 C:\Users\Famille\.gradle\caches\modules-2\files-2.1\org.jsoup\jsoup\1.9.2\5e3bda828a80c7a21dfbe2308d1755759c2fd7b4\jsoup-1.9.2.jar
java_class_path (initial): C:\Users\Famille\AppData\Local\Android\sdk\build-tools\23.0.2\lib\dx.jar
Launcher Type: SUN_STANDARD

Environment Variables:
JAVA_HOME=C:\Program Files\Java\jdk1.8.0_25
PATH=C:\Program Files\Broadcom\Broadcom 802.11 Network Adapter;;C:\Program Files\Broadcom\Broadcom 802.11;C:\ProgramData\Oracle\Java\javapath;C:\Program Files (x86)\Intel\iCLS Client\;C:\Program Files\Intel\iCLS Client\;C:\Windows\system32;C:\Windows;C:\Windows\System32\Wbem;C:\Windows\System32\WindowsPowerShell\v1.0\;C:\Program Files\Hewlett-Packard\SimplePass\;C:\wamp\bin\php\php5.5.12;C:\Python27;C:\Users\Famille\AppData\Roaming\npm\;C:\Program Files\nodejs\;C:\Program Files\Git\cmd;C:\Program Files (x86)\Brackets\command;C:\Program Files (x86)\Ant\bin;C:\Program Files (x86)\Maven\bin;C:\Program Files (x86)\Intel\Intel(R) Management Engine Components\DAL;C:\Program Files\Intel\Intel(R) Management Engine Components\DAL;C:\Program Files (x86)\Intel\Intel(R) Management Engine Components\IPT;C:\Program Files\Intel\Intel(R) Management Engine Components\IPT;C:\Users\Famille\AppData\Local\atom\bin;C:\Users\Famille\AppData\Roaming\npm
USERNAME=de Lachaux
OS=Windows_NT
PROCESSOR_IDENTIFIER=Intel64 Family 6 Model 69 Stepping 1, GenuineIntel



---------------  S Y S T E M  ---------------

OS: Windows 8.1 , 64 bit Build 9600 

CPU:total 4 (2 cores per cpu, 2 threads per core) family 6 model 69 stepping 1, cmov, cx8, fxsr, mmx, sse, sse2, sse3, ssse3, sse4.1, sse4.2, popcnt, avx, avx2, aes, clmul, erms, lzcnt, ht, tsc, tscinvbit, bmi1, bmi2

Memory: 4k page, physical 4122776k(628432k free), swap 5555352k(180k free)

vm_info: Java HotSpot(TM) 64-Bit Server VM (25.25-b02) for windows-amd64 JRE (1.8.0_25-b18), built on Oct  7 2014 14:25:37 by "java_re" with MS VC++ 10.0 (VS2010)

time: Mon Aug 22 17:55:29 2016
elapsed time: 1 seconds (0d 0h 0m 1s)

