#
# There is insufficient memory for the Java Runtime Environment to continue.
# Native memory allocation (malloc) failed to allocate 1633456 bytes for Chunk::new
# Possible reasons:
#   The system is out of physical RAM or swap space
#   In 32 bit mode, the process size limit was hit
# Possible solutions:
#   Reduce memory load on the system
#   Increase physical memory or swap space
#   Check if swap backing store is full
#   Use 64 bit Java on a 64 bit OS
#   Decrease Java heap size (-Xmx/-Xms)
#   Decrease number of Java threads
#   Decrease Java thread stack sizes (-Xss)
#   Set larger code cache with -XX:ReservedCodeCacheSize=
# This output file may be truncated or incomplete.
#
#  Out of Memory Error (allocation.cpp:390), pid=19368, tid=19116
#
# JRE version: Java(TM) SE Runtime Environment (8.0_25-b18) (build 1.8.0_25-b18)
# Java VM: Java HotSpot(TM) 64-Bit Server VM (25.25-b02 mixed mode windows-amd64 compressed oops)
# Failed to write core dump. Minidumps are not enabled by default on client versions of Windows
#

---------------  T H R E A D  ---------------

Current thread (0x00000000151fd000):  JavaThread "C2 CompilerThread0" daemon [_thread_in_native, id=19116, stack(0x0000000016750000,0x0000000016850000)]

Stack: [0x0000000016750000,0x0000000016850000]
Native frames: (J=compiled Java code, j=interpreted, Vv=VM code, C=native code)
V  [jvm.dll+0x31667a]


Current CompileTask:
C2:   1206  908   !   4       com.android.dx.cf.code.BytecodeArray::parseInstruction (2764 bytes)


---------------  P R O C E S S  ---------------

Java Threads: ( => current thread )
  0x0000000016cb4000 JavaThread "pool-2-thread-4" [_thread_in_Java, id=18728, stack(0x0000000017450000,0x0000000017550000)]
  0x0000000016cb3000 JavaThread "pool-2-thread-3" [_thread_in_Java, id=19240, stack(0x0000000017350000,0x0000000017450000)]
  0x0000000016cb0800 JavaThread "pool-2-thread-2" [_thread_in_vm, id=18624, stack(0x0000000017250000,0x0000000017350000)]
  0x0000000016bed000 JavaThread "pool-3-thread-1" [_thread_blocked, id=18944, stack(0x0000000017150000,0x0000000017250000)]
  0x0000000016b8a000 JavaThread "pool-2-thread-1" [_thread_in_Java, id=18952, stack(0x0000000017050000,0x0000000017150000)]
  0x0000000016a62800 JavaThread "Service Thread" daemon [_thread_blocked, id=18860, stack(0x0000000016e50000,0x0000000016f50000)]
  0x0000000015206800 JavaThread "C1 CompilerThread2" daemon [_thread_in_native, id=18816, stack(0x0000000016950000,0x0000000016a50000)]
  0x0000000015202800 JavaThread "C2 CompilerThread1" daemon [_thread_in_vm, id=18800, stack(0x0000000016850000,0x0000000016950000)]
=>0x00000000151fd000 JavaThread "C2 CompilerThread0" daemon [_thread_in_native, id=19116, stack(0x0000000016750000,0x0000000016850000)]
  0x00000000151fb800 JavaThread "Attach Listener" daemon [_thread_blocked, id=17468, stack(0x0000000016650000,0x0000000016750000)]
  0x00000000151fa800 JavaThread "Signal Dispatcher" daemon [_thread_blocked, id=764, stack(0x0000000016550000,0x0000000016650000)]
  0x0000000002b26000 JavaThread "Finalizer" daemon [_thread_blocked, id=18964, stack(0x0000000016450000,0x0000000016550000)]
  0x0000000002b1d000 JavaThread "Reference Handler" daemon [_thread_blocked, id=17540, stack(0x0000000016350000,0x0000000016450000)]
  0x000000000112e000 JavaThread "main" [_thread_blocked, id=19164, stack(0x0000000002870000,0x0000000002970000)]

Other Threads:
  0x00000000151c6800 VMThread [stack: 0x0000000016250000,0x0000000016350000] [id=18884]
  0x000000001525e800 WatcherThread [stack: 0x0000000016f50000,0x0000000017050000] [id=19156]

VM state:not at safepoint (normal execution)

VM Mutex/Monitor currently owned by a thread: None

Heap:
 PSYoungGen      total 18944K, used 12274K [0x00000000eab00000, 0x00000000ec000000, 0x0000000100000000)
  eden space 16384K, 59% used [0x00000000eab00000,0x00000000eb47d178,0x00000000ebb00000)
  from space 2560K, 99% used [0x00000000ebb00000,0x00000000ebd7fa28,0x00000000ebd80000)
  to   space 2560K, 0% used [0x00000000ebd80000,0x00000000ebd80000,0x00000000ec000000)
 ParOldGen       total 44032K, used 1759K [0x00000000c0000000, 0x00000000c2b00000, 0x00000000eab00000)
  object space 44032K, 3% used [0x00000000c0000000,0x00000000c01b7fd0,0x00000000c2b00000)
 Metaspace       used 5811K, capacity 6896K, committed 7040K, reserved 1056768K
  class space    used 590K, capacity 616K, committed 640K, reserved 1048576K

Card table byte_map: [0x0000000011ef0000,0x0000000012100000] byte_map_base: 0x00000000118f0000

Marking Bits: (ParMarkBitMap*) 0x000000007333d490
 Begin Bits: [0x0000000012660000, 0x0000000013660000)
 End Bits:   [0x0000000013660000, 0x0000000014660000)

Polling page: 0x00000000010a0000

CodeCache: size=245760Kb used=3851Kb max_used=3863Kb free=241908Kb
 bounds [0x0000000002b30000, 0x0000000002f00000, 0x0000000011b30000]
 total_blobs=1241 nmethods=977 adapters=178
 compilation: enabled

Compilation events (10 events):
Event: 1.198 Thread 0x0000000015206800 nmethod 993 0x0000000002eec410 code [0x0000000002eec5a0, 0x0000000002eec928]
Event: 1.199 Thread 0x0000000015206800  994       2       java.util.BitSet::checkRange (104 bytes)
Event: 1.199 Thread 0x0000000015206800 nmethod 994 0x0000000002ef1990 code [0x0000000002ef1bc0, 0x0000000002ef24b8]
Event: 1.199 Thread 0x0000000015206800  998       2       com.android.dx.util.Bits::or (24 bytes)
Event: 1.199 Thread 0x0000000015202800 nmethod 971 0x0000000002eebd90 code [0x0000000002eebee0, 0x0000000002eec078]
Event: 1.199 Thread 0x0000000015202800  876       4       java.util.ArrayList::<init> (12 bytes)
Event: 1.200 Thread 0x0000000015206800 nmethod 998 0x0000000002ef1510 code [0x0000000002ef1680, 0x0000000002ef1850]
Event: 1.200 Thread 0x0000000015206800  997       2       java.util.HashMap::resize (359 bytes)
Event: 1.200 Thread 0x0000000015202800 nmethod 876 0x0000000002e5b910 code [0x0000000002e5ba40, 0x0000000002e5bab8]
Event: 1.200 Thread 0x0000000015202800  873  s    4       java.util.Vector::elementAt (48 bytes)

GC Heap History (2 events):
Event: 0.956 GC heap before
{Heap before GC invocations=1 (full 0):
 PSYoungGen      total 18944K, used 16384K [0x00000000eab00000, 0x00000000ec000000, 0x0000000100000000)
  eden space 16384K, 100% used [0x00000000eab00000,0x00000000ebb00000,0x00000000ebb00000)
  from space 2560K, 0% used [0x00000000ebd80000,0x00000000ebd80000,0x00000000ec000000)
  to   space 2560K, 0% used [0x00000000ebb00000,0x00000000ebb00000,0x00000000ebd80000)
 ParOldGen       total 44032K, used 0K [0x00000000c0000000, 0x00000000c2b00000, 0x00000000eab00000)
  object space 44032K, 0% used [0x00000000c0000000,0x00000000c0000000,0x00000000c2b00000)
 Metaspace       used 5691K, capacity 6768K, committed 7040K, reserved 1056768K
  class space    used 588K, capacity 616K, committed 640K, reserved 1048576K
Event: 0.987 GC heap after
Heap after GC invocations=1 (full 0):
 PSYoungGen      total 18944K, used 2558K [0x00000000eab00000, 0x00000000ec000000, 0x0000000100000000)
  eden space 16384K, 0% used [0x00000000eab00000,0x00000000eab00000,0x00000000ebb00000)
  from space 2560K, 99% used [0x00000000ebb00000,0x00000000ebd7fa28,0x00000000ebd80000)
  to   space 2560K, 0% used [0x00000000ebd80000,0x00000000ebd80000,0x00000000ec000000)
 ParOldGen       total 44032K, used 1759K [0x00000000c0000000, 0x00000000c2b00000, 0x00000000eab00000)
  object space 44032K, 3% used [0x00000000c0000000,0x00000000c01b7fd0,0x00000000c2b00000)
 Metaspace       used 5691K, capacity 6768K, committed 7040K, reserved 1056768K
  class space    used 588K, capacity 616K, committed 640K, reserved 1048576K
}

Deoptimization events (2 events):
Event: 0.995 Thread 0x0000000016b8a000 Uncommon trap: reason=null_check action=make_not_entrant pc=0x0000000002e297cc method=com.android.dx.ssa.SsaRenamer.getLocalForNewReg(I)Lcom/android/dx/rop/code/LocalItem; @ 19
Event: 1.068 Thread 0x0000000016cb4000 Uncommon trap: reason=null_check action=make_not_entrant pc=0x0000000002e63544 method=com.android.dx.ssa.SsaRenamer.getLocalForNewReg(I)Lcom/android/dx/rop/code/LocalItem; @ 19

Internal exceptions (10 events):
Event: 0.803 Thread 0x000000000112e000 Exception <a 'java/security/PrivilegedActionException'> (0x00000000eb3f6a08) thrown at [D:\re\workspace\8-2-build-windows-amd64-cygwin\jdk8u25\1677\hotspot\src\share\vm\prims\jvm.cpp, line 1312]
Event: 0.804 Thread 0x000000000112e000 Exception <a 'java/security/PrivilegedActionException'> (0x00000000eb3fb638) thrown at [D:\re\workspace\8-2-build-windows-amd64-cygwin\jdk8u25\1677\hotspot\src\share\vm\prims\jvm.cpp, line 1312]
Event: 0.805 Thread 0x0000000016cb4000 Exception <a 'java/security/PrivilegedActionException'> (0x00000000eb4ae4e0) thrown at [D:\re\workspace\8-2-build-windows-amd64-cygwin\jdk8u25\1677\hotspot\src\share\vm\prims\jvm.cpp, line 1312]
Event: 0.813 Thread 0x0000000016b8a000 Exception <a 'java/security/PrivilegedActionException'> (0x00000000eb68c638) thrown at [D:\re\workspace\8-2-build-windows-amd64-cygwin\jdk8u25\1677\hotspot\src\share\vm\prims\jvm.cpp, line 1312]
Event: 0.825 Thread 0x000000000112e000 Exception <a 'java/security/PrivilegedActionException'> (0x00000000eb67afc8) thrown at [D:\re\workspace\8-2-build-windows-amd64-cygwin\jdk8u25\1677\hotspot\src\share\vm\prims\jvm.cpp, line 1312]
Event: 0.826 Thread 0x000000000112e000 Exception <a 'java/security/PrivilegedActionException'> (0x00000000eb680d58) thrown at [D:\re\workspace\8-2-build-windows-amd64-cygwin\jdk8u25\1677\hotspot\src\share\vm\prims\jvm.cpp, line 1312]
Event: 0.827 Thread 0x000000000112e000 Exception <a 'java/security/PrivilegedActionException'> (0x00000000eb72b400) thrown at [D:\re\workspace\8-2-build-windows-amd64-cygwin\jdk8u25\1677\hotspot\src\share\vm\prims\jvm.cpp, line 1312]
Event: 0.950 Thread 0x000000000112e000 Exception <a 'java/security/PrivilegedActionException'> (0x00000000eba80730) thrown at [D:\re\workspace\8-2-build-windows-amd64-cygwin\jdk8u25\1677\hotspot\src\share\vm\prims\jvm.cpp, line 1312]
Event: 0.995 Thread 0x0000000016b8a000 Implicit null exception at 0x0000000002e27307 to 0x0000000002e297a9
Event: 1.068 Thread 0x0000000016cb4000 Implicit null exception at 0x0000000002e61eff to 0x0000000002e63529

Events (10 events):
Event: 1.067 loading class java/util/HashMap$KeyIterator done
Event: 1.068 Thread 0x0000000016cb4000 Uncommon trap: trap_request=0xfffffff4 fr.pc=0x0000000002e63544
Event: 1.068 Thread 0x0000000016cb4000 DEOPT PACKING pc=0x0000000002e63544 sp=0x000000001754e990
Event: 1.068 Thread 0x0000000016cb4000 DEOPT UNPACKING pc=0x0000000002b7556a sp=0x000000001754e798 mode 2
Event: 1.184 Thread 0x0000000016cb3000 DEOPT PACKING pc=0x0000000002d94262 sp=0x000000001744eb30
Event: 1.184 Thread 0x0000000016cb3000 DEOPT UNPACKING pc=0x0000000002b775bf sp=0x000000001744e898 mode 0
Event: 1.185 Thread 0x0000000016cb3000 DEOPT PACKING pc=0x0000000002d94262 sp=0x000000001744eb30
Event: 1.185 Thread 0x0000000016cb3000 DEOPT UNPACKING pc=0x0000000002b775bf sp=0x000000001744e898 mode 0
Event: 1.186 Thread 0x0000000016cb3000 DEOPT PACKING pc=0x0000000002d94262 sp=0x000000001744eb30
Event: 1.186 Thread 0x0000000016cb3000 DEOPT UNPACKING pc=0x0000000002b775bf sp=0x000000001744e898 mode 0


Dynamic libraries:
0x00007ff7f70c0000 - 0x00007ff7f70f4000 	C:\Program Files\Java\jdk1.8.0_25\bin\java.exe
0x00007fff80c20000 - 0x00007fff80de1000 	C:\WINDOWS\SYSTEM32\ntdll.dll
0x00007fff80400000 - 0x00007fff804ad000 	C:\WINDOWS\system32\KERNEL32.DLL
0x00007fff7d680000 - 0x00007fff7d868000 	C:\WINDOWS\system32\KERNELBASE.dll
0x00007fff80850000 - 0x00007fff808f7000 	C:\WINDOWS\system32\ADVAPI32.dll
0x00007fff801e0000 - 0x00007fff8027d000 	C:\WINDOWS\system32\msvcrt.dll
0x00007fff7ec20000 - 0x00007fff7ec7b000 	C:\WINDOWS\system32\sechost.dll
0x00007fff804b0000 - 0x00007fff805cc000 	C:\WINDOWS\system32\RPCRT4.dll
0x00007fff7e030000 - 0x00007fff7e186000 	C:\WINDOWS\system32\USER32.dll
0x00007fff7e450000 - 0x00007fff7e5d6000 	C:\WINDOWS\system32\GDI32.dll
0x00007fff76200000 - 0x00007fff76474000 	C:\WINDOWS\WinSxS\amd64_microsoft.windows.common-controls_6595b64144ccf1df_6.0.10586.494_none_a2d8b04ea53e3145\COMCTL32.dll
0x00007fff805d0000 - 0x00007fff8084d000 	C:\WINDOWS\system32\combase.dll
0x00007fff7d4f0000 - 0x00007fff7d55a000 	C:\WINDOWS\system32\bcryptPrimitives.dll
0x00007fff80be0000 - 0x00007fff80c1b000 	C:\WINDOWS\system32\IMM32.DLL
0x00000000726a0000 - 0x0000000072772000 	C:\Program Files\Java\jdk1.8.0_25\jre\bin\msvcr100.dll
0x0000000072b60000 - 0x00000000733ba000 	C:\Program Files\Java\jdk1.8.0_25\jre\bin\server\jvm.dll
0x00007fff7e190000 - 0x00007fff7e198000 	C:\WINDOWS\system32\PSAPI.DLL
0x00007fff65bb0000 - 0x00007fff65bb9000 	C:\WINDOWS\SYSTEM32\WSOCK32.dll
0x00007fff7ebb0000 - 0x00007fff7ec1b000 	C:\WINDOWS\system32\WS2_32.dll
0x00007fff7b560000 - 0x00007fff7b583000 	C:\WINDOWS\SYSTEM32\WINMM.dll
0x00007fff7b110000 - 0x00007fff7b13c000 	C:\WINDOWS\SYSTEM32\WINMMBASE.dll
0x00007fff7d4a0000 - 0x00007fff7d4e3000 	C:\WINDOWS\system32\cfgmgr32.dll
0x0000000072b50000 - 0x0000000072b5f000 	C:\Program Files\Java\jdk1.8.0_25\jre\bin\verify.dll
0x0000000072b20000 - 0x0000000072b48000 	C:\Program Files\Java\jdk1.8.0_25\jre\bin\java.dll
0x0000000072b00000 - 0x0000000072b16000 	C:\Program Files\Java\jdk1.8.0_25\jre\bin\zip.dll
0x00007fff7ec80000 - 0x00007fff801dc000 	C:\WINDOWS\system32\SHELL32.dll
0x00007fff7d870000 - 0x00007fff7deb5000 	C:\WINDOWS\system32\windows.storage.dll
0x00007fff80b80000 - 0x00007fff80bd2000 	C:\WINDOWS\system32\shlwapi.dll
0x00007fff7d2c0000 - 0x00007fff7d2cf000 	C:\WINDOWS\system32\kernel.appcore.dll
0x00007fff7d5c0000 - 0x00007fff7d675000 	C:\WINDOWS\system32\shcore.dll
0x00007fff7d270000 - 0x00007fff7d2bb000 	C:\WINDOWS\system32\powrprof.dll
0x00007fff7d240000 - 0x00007fff7d254000 	C:\WINDOWS\system32\profapi.dll
0x00007fff63a80000 - 0x00007fff63c0c000 	C:\WINDOWS\SYSTEM32\dbghelp.dll

VM Arguments:
jvm_args: -Djava.awt.headless=true -Xmx1024M -Dfile.encoding=windows-1252 -Duser.country=FR -Duser.language=fr -Duser.variant 
java_command: com.android.dx.command.Main --dex --force-jumbo --num-threads=4 --multi-dex --output C:\Users\Famille\AndroidStudioProjects\Niviel\app\build\intermediates\transforms\dex\debug\folders\1000\5\slice_1 C:\Users\Famille\AndroidStudioProjects\Niviel\app\build\intermediates\transforms\instantRunSlicer\debug\folders\1\5\slice_1
java_class_path (initial): C:\Users\Famille\AppData\Local\Android\sdk\build-tools\23.0.2\lib\dx.jar
Launcher Type: SUN_STANDARD

Environment Variables:
JAVA_HOME=C:\Program Files\Java\jdk1.8.0_25
PATH=C:\Program Files\Broadcom\Broadcom 802.11 Network Adapter;;C:\Program Files\Broadcom\Broadcom 802.11;C:\ProgramData\Oracle\Java\javapath;C:\Program Files (x86)\Intel\iCLS Client\;C:\Program Files\Intel\iCLS Client\;C:\Windows\system32;C:\Windows;C:\Windows\System32\Wbem;C:\Windows\System32\WindowsPowerShell\v1.0\;C:\Program Files\Hewlett-Packard\SimplePass\;C:\wamp\bin\php\php5.5.12;C:\Python27;C:\Users\Famille\AppData\Roaming\npm\;C:\Program Files\nodejs\;C:\Program Files\Git\cmd;C:\Program Files (x86)\Brackets\command;C:\Program Files (x86)\Ant\bin;C:\Program Files (x86)\Maven\bin;C:\Program Files (x86)\Intel\Intel(R) Management Engine Components\DAL;C:\Program Files\Intel\Intel(R) Management Engine Components\DAL;C:\Program Files (x86)\Intel\Intel(R) Management Engine Components\IPT;C:\Program Files\Intel\Intel(R) Management Engine Components\IPT;C:\Users\Famille\AppData\Local\atom\bin;C:\Users\Famille\AppData\Roaming\npm
USERNAME=de Lachaux
OS=Windows_NT
PROCESSOR_IDENTIFIER=Intel64 Family 6 Model 69 Stepping 1, GenuineIntel



---------------  S Y S T E M  ---------------

OS: Windows 8.1 , 64 bit Build 9600 

CPU:total 4 (2 cores per cpu, 2 threads per core) family 6 model 69 stepping 1, cmov, cx8, fxsr, mmx, sse, sse2, sse3, ssse3, sse4.1, sse4.2, popcnt, avx, avx2, aes, clmul, erms, lzcnt, ht, tsc, tscinvbit, bmi1, bmi2

Memory: 4k page, physical 4122776k(298792k free), swap 5555352k(5136k free)

vm_info: Java HotSpot(TM) 64-Bit Server VM (25.25-b02) for windows-amd64 JRE (1.8.0_25-b18), built on Oct  7 2014 14:25:37 by "java_re" with MS VC++ 10.0 (VS2010)

time: Tue Aug 23 20:15:12 2016
elapsed time: 1 seconds (0d 0h 0m 1s)

