#
# There is insufficient memory for the Java Runtime Environment to continue.
# Native memory allocation (malloc) failed to allocate 592096 bytes for Chunk::new
# Possible reasons:
#   The system is out of physical RAM or swap space
#   In 32 bit mode, the process size limit was hit
# Possible solutions:
#   Reduce memory load on the system
#   Increase physical memory or swap space
#   Check if swap backing store is full
#   Use 64 bit Java on a 64 bit OS
#   Decrease Java heap size (-Xmx/-Xms)
#   Decrease number of Java threads
#   Decrease Java thread stack sizes (-Xss)
#   Set larger code cache with -XX:ReservedCodeCacheSize=
# This output file may be truncated or incomplete.
#
#  Out of Memory Error (allocation.cpp:390), pid=55976, tid=59364
#
# JRE version: Java(TM) SE Runtime Environment (8.0_25-b18) (build 1.8.0_25-b18)
# Java VM: Java HotSpot(TM) 64-Bit Server VM (25.25-b02 mixed mode windows-amd64 compressed oops)
# Failed to write core dump. Minidumps are not enabled by default on client versions of Windows
#

---------------  T H R E A D  ---------------

Current thread (0x000000001508b000):  JavaThread "C2 CompilerThread1" daemon [_thread_in_native, id=59364, stack(0x00000000166a0000,0x00000000167a0000)]

Stack: [0x00000000166a0000,0x00000000167a0000]
Native frames: (J=compiled Java code, j=interpreted, Vv=VM code, C=native code)
V  [jvm.dll+0x31667a]


Current CompileTask:
C2:   1400  637       4       com.android.dx.ssa.NormalSsaInsn::accept (25 bytes)


---------------  P R O C E S S  ---------------

Java Threads: ( => current thread )
  0x0000000016c61000 JavaThread "pool-2-thread-4" [_thread_in_Java, id=57736, stack(0x00000000172a0000,0x00000000173a0000)]
  0x0000000016c5a000 JavaThread "pool-2-thread-3" [_thread_blocked, id=60492, stack(0x00000000171a0000,0x00000000172a0000)]
  0x0000000016c58800 JavaThread "pool-2-thread-2" [_thread_in_Java, id=64008, stack(0x00000000170a0000,0x00000000171a0000)]
  0x0000000016c3f000 JavaThread "pool-3-thread-1" [_thread_blocked, id=63688, stack(0x0000000016fa0000,0x00000000170a0000)]
  0x0000000016c3e000 JavaThread "pool-2-thread-1" [_thread_blocked, id=63812, stack(0x0000000016ea0000,0x0000000016fa0000)]
  0x000000001509b000 JavaThread "Service Thread" daemon [_thread_blocked, id=64060, stack(0x00000000168a0000,0x00000000169a0000)]
  0x0000000015093800 JavaThread "C1 CompilerThread2" daemon [_thread_in_native, id=59984, stack(0x00000000167a0000,0x00000000168a0000)]
=>0x000000001508b000 JavaThread "C2 CompilerThread1" daemon [_thread_in_native, id=59364, stack(0x00000000166a0000,0x00000000167a0000)]
  0x000000001503c800 JavaThread "C2 CompilerThread0" daemon [_thread_blocked, id=58792, stack(0x00000000165a0000,0x00000000166a0000)]
  0x000000001503b800 JavaThread "Attach Listener" daemon [_thread_blocked, id=64312, stack(0x00000000164a0000,0x00000000165a0000)]
  0x000000001503a800 JavaThread "Signal Dispatcher" daemon [_thread_blocked, id=64468, stack(0x00000000163a0000,0x00000000164a0000)]
  0x0000000002960000 JavaThread "Finalizer" daemon [_thread_blocked, id=61136, stack(0x00000000162a0000,0x00000000163a0000)]
  0x0000000015008000 JavaThread "Reference Handler" daemon [_thread_blocked, id=62572, stack(0x00000000161a0000,0x00000000162a0000)]
  0x000000000279e000 JavaThread "main" [_thread_in_Java, id=42564, stack(0x0000000002670000,0x0000000002770000)]

Other Threads:
  0x0000000015006800 VMThread [stack: 0x00000000160a0000,0x00000000161a0000] [id=59684]
  0x000000001509d000 WatcherThread [stack: 0x0000000016da0000,0x0000000016ea0000] [id=60472]

VM state:not at safepoint (normal execution)

VM Mutex/Monitor currently owned by a thread: None

Heap:
 PSYoungGen      total 18944K, used 12509K [0x00000000eab00000, 0x00000000ec000000, 0x0000000100000000)
  eden space 16384K, 76% used [0x00000000eab00000,0x00000000eb7377f8,0x00000000ebb00000)
  from space 2560K, 0% used [0x00000000ebd80000,0x00000000ebd80000,0x00000000ec000000)
  to   space 2560K, 0% used [0x00000000ebb00000,0x00000000ebb00000,0x00000000ebd80000)
 ParOldGen       total 44032K, used 0K [0x00000000c0000000, 0x00000000c2b00000, 0x00000000eab00000)
  object space 44032K, 0% used [0x00000000c0000000,0x00000000c0000000,0x00000000c2b00000)
 Metaspace       used 5561K, capacity 6640K, committed 6784K, reserved 1056768K
  class space    used 587K, capacity 616K, committed 640K, reserved 1048576K

Card table byte_map: [0x0000000011d30000,0x0000000011f40000] byte_map_base: 0x0000000011730000

Marking Bits: (ParMarkBitMap*) 0x0000000069efd490
 Begin Bits: [0x00000000124a0000, 0x00000000134a0000)
 End Bits:   [0x00000000134a0000, 0x00000000144a0000)

Polling page: 0x0000000000ec0000

CodeCache: size=245760Kb used=2597Kb max_used=2597Kb free=243162Kb
 bounds [0x0000000002970000, 0x0000000002c00000, 0x0000000011970000]
 total_blobs=919 nmethods=655 adapters=178
 compilation: enabled

Compilation events (10 events):
Event: 1.386 Thread 0x0000000015093800 nmethod 652 0x0000000002bda2d0 code [0x0000000002bda420, 0x0000000002bda610]
Event: 1.386 Thread 0x0000000015093800  654   !   3       com.android.dx.rop.code.BasicBlock::<init> (273 bytes)
Event: 1.389 Thread 0x0000000015093800 nmethod 654 0x0000000002be8ed0 code [0x0000000002be9300, 0x0000000002bebe18]
Event: 1.389 Thread 0x0000000015093800  662       3       com.android.dx.ssa.SCCP::simulateBranch (666 bytes)
Event: 1.393 Thread 0x0000000015093800 nmethod 662 0x0000000002bed210 code [0x0000000002bed6c0, 0x0000000002bf1218]
Event: 1.393 Thread 0x0000000015093800  667       1       com.android.dx.ssa.Optimizer::getPreserveLocals (4 bytes)
Event: 1.393 Thread 0x0000000015093800 nmethod 667 0x0000000002bd9f90 code [0x0000000002bda0e0, 0x0000000002bda1d0]
Event: 1.393 Thread 0x0000000015093800  665       3       com.android.dx.ssa.SsaBasicBlock::forEachPhiInsn (54 bytes)
Event: 1.394 Thread 0x0000000015093800 nmethod 665 0x0000000002be0fd0 code [0x0000000002be11a0, 0x0000000002be1a28]
Event: 1.394 Thread 0x0000000015093800  656       3       com.android.dx.cf.code.RopperMachine::getSources (264 bytes)

GC Heap History (0 events):
No events

Deoptimization events (0 events):
No events

Internal exceptions (10 events):
Event: 1.358 Thread 0x0000000016c3e000 Exception <a 'java/security/PrivilegedActionException'> (0x00000000eb2b2508) thrown at [D:\re\workspace\8-2-build-windows-amd64-cygwin\jdk8u25\1677\hotspot\src\share\vm\prims\jvm.cpp, line 1312]
Event: 1.359 Thread 0x0000000016c3e000 Exception <a 'java/security/PrivilegedActionException'> (0x00000000eb2b6bf0) thrown at [D:\re\workspace\8-2-build-windows-amd64-cygwin\jdk8u25\1677\hotspot\src\share\vm\prims\jvm.cpp, line 1312]
Event: 1.359 Thread 0x0000000016c3e000 Exception <a 'java/security/PrivilegedActionException'> (0x00000000eb2bc628) thrown at [D:\re\workspace\8-2-build-windows-amd64-cygwin\jdk8u25\1677\hotspot\src\share\vm\prims\jvm.cpp, line 1312]
Event: 1.361 Thread 0x0000000016c3e000 Exception <a 'java/security/PrivilegedActionException'> (0x00000000eb5a2510) thrown at [D:\re\workspace\8-2-build-windows-amd64-cygwin\jdk8u25\1677\hotspot\src\share\vm\prims\jvm.cpp, line 1312]
Event: 1.369 Thread 0x0000000016c5a000 Exception <a 'java/security/PrivilegedActionException'> (0x00000000eb485d88) thrown at [D:\re\workspace\8-2-build-windows-amd64-cygwin\jdk8u25\1677\hotspot\src\share\vm\prims\jvm.cpp, line 1312]
Event: 1.379 Thread 0x0000000016c3e000 Exception <a 'java/security/PrivilegedActionException'> (0x00000000eb65ac48) thrown at [D:\re\workspace\8-2-build-windows-amd64-cygwin\jdk8u25\1677\hotspot\src\share\vm\prims\jvm.cpp, line 1312]
Event: 1.381 Thread 0x000000000279e000 Exception <a 'java/security/PrivilegedActionException'> (0x00000000eb620530) thrown at [D:\re\workspace\8-2-build-windows-amd64-cygwin\jdk8u25\1677\hotspot\src\share\vm\prims\jvm.cpp, line 1312]
Event: 1.382 Thread 0x000000000279e000 Exception <a 'java/security/PrivilegedActionException'> (0x00000000eb6262c0) thrown at [D:\re\workspace\8-2-build-windows-amd64-cygwin\jdk8u25\1677\hotspot\src\share\vm\prims\jvm.cpp, line 1312]
Event: 1.383 Thread 0x000000000279e000 Exception <a 'java/security/PrivilegedActionException'> (0x00000000eb62be08) thrown at [D:\re\workspace\8-2-build-windows-amd64-cygwin\jdk8u25\1677\hotspot\src\share\vm\prims\jvm.cpp, line 1312]
Event: 1.390 Thread 0x0000000016c61000 Exception <a 'java/security/PrivilegedActionException'> (0x00000000eb694ca8) thrown at [D:\re\workspace\8-2-build-windows-amd64-cygwin\jdk8u25\1677\hotspot\src\share\vm\prims\jvm.cpp, line 1312]

Events (10 events):
Event: 1.382 loading class com/android/dx/dex/file/UniformListItem
Event: 1.382 loading class com/android/dx/dex/file/UniformListItem done
Event: 1.383 loading class com/android/dx/dex/file/AnnotationSetRefItem
Event: 1.383 loading class com/android/dx/dex/file/AnnotationSetRefItem done
Event: 1.387 loading class java/util/HashMap$Values
Event: 1.387 loading class java/util/HashMap$Values done
Event: 1.387 loading class java/util/HashMap$ValueIterator
Event: 1.387 loading class java/util/HashMap$ValueIterator done
Event: 1.390 loading class com/android/dx/cf/code/SwitchList
Event: 1.390 loading class com/android/dx/cf/code/SwitchList done


Dynamic libraries:
0x00007ff72ce00000 - 0x00007ff72ce34000 	C:\Program Files\Java\jdk1.8.0_25\bin\java.exe
0x00007ffcacc60000 - 0x00007ffcace21000 	C:\WINDOWS\SYSTEM32\ntdll.dll
0x00007ffcaca80000 - 0x00007ffcacb2d000 	C:\WINDOWS\system32\KERNEL32.DLL
0x00007ffca94f0000 - 0x00007ffca96d8000 	C:\WINDOWS\system32\KERNELBASE.dll
0x00007ffcac840000 - 0x00007ffcac8e7000 	C:\WINDOWS\system32\ADVAPI32.dll
0x00007ffcac900000 - 0x00007ffcac99d000 	C:\WINDOWS\system32\msvcrt.dll
0x00007ffcacb30000 - 0x00007ffcacb8b000 	C:\WINDOWS\system32\sechost.dll
0x00007ffcaa1c0000 - 0x00007ffcaa2dc000 	C:\WINDOWS\system32\RPCRT4.dll
0x00007ffcabd30000 - 0x00007ffcabe86000 	C:\WINDOWS\system32\USER32.dll
0x00007ffcab880000 - 0x00007ffcaba06000 	C:\WINDOWS\system32\GDI32.dll
0x00007ffca0310000 - 0x00007ffca0584000 	C:\WINDOWS\WinSxS\amd64_microsoft.windows.common-controls_6595b64144ccf1df_6.0.10586.494_none_a2d8b04ea53e3145\COMCTL32.dll
0x00007ffcac400000 - 0x00007ffcac67d000 	C:\WINDOWS\system32\combase.dll
0x00007ffca9310000 - 0x00007ffca937a000 	C:\WINDOWS\system32\bcryptPrimitives.dll
0x00007ffcab840000 - 0x00007ffcab87b000 	C:\WINDOWS\system32\IMM32.DLL
0x0000000069370000 - 0x0000000069442000 	C:\Program Files\Java\jdk1.8.0_25\jre\bin\msvcr100.dll
0x0000000069720000 - 0x0000000069f7a000 	C:\Program Files\Java\jdk1.8.0_25\jre\bin\server\jvm.dll
0x00007ffcaca00000 - 0x00007ffcaca08000 	C:\WINDOWS\system32\PSAPI.DLL
0x00007ffc95490000 - 0x00007ffc95499000 	C:\WINDOWS\SYSTEM32\WSOCK32.dll
0x00007ffcac7d0000 - 0x00007ffcac83b000 	C:\WINDOWS\system32\WS2_32.dll
0x00007ffca79b0000 - 0x00007ffca79d3000 	C:\WINDOWS\SYSTEM32\WINMM.dll
0x00007ffca7950000 - 0x00007ffca797c000 	C:\WINDOWS\SYSTEM32\WINMMBASE.dll
0x00007ffca96e0000 - 0x00007ffca9723000 	C:\WINDOWS\system32\cfgmgr32.dll
0x000000006a0a0000 - 0x000000006a0af000 	C:\Program Files\Java\jdk1.8.0_25\jre\bin\verify.dll
0x000000006a070000 - 0x000000006a098000 	C:\Program Files\Java\jdk1.8.0_25\jre\bin\java.dll
0x000000006a050000 - 0x000000006a066000 	C:\Program Files\Java\jdk1.8.0_25\jre\bin\zip.dll
0x00007ffcaa2e0000 - 0x00007ffcab83c000 	C:\WINDOWS\system32\SHELL32.dll
0x00007ffca9730000 - 0x00007ffca9d75000 	C:\WINDOWS\system32\windows.storage.dll
0x00007ffcabea0000 - 0x00007ffcabef2000 	C:\WINDOWS\system32\shlwapi.dll
0x00007ffca92b0000 - 0x00007ffca92bf000 	C:\WINDOWS\system32\kernel.appcore.dll
0x00007ffca9430000 - 0x00007ffca94e5000 	C:\WINDOWS\system32\shcore.dll
0x00007ffca92c0000 - 0x00007ffca930b000 	C:\WINDOWS\system32\powrprof.dll
0x00007ffca9290000 - 0x00007ffca92a4000 	C:\WINDOWS\system32\profapi.dll

VM Arguments:
jvm_args: -Djava.awt.headless=true -Xmx1024M -Dfile.encoding=windows-1252 -Duser.country=FR -Duser.language=fr -Duser.variant 
java_command: com.android.dx.command.Main --dex --force-jumbo --num-threads=4 --multi-dex --output C:\Users\Famille\AndroidStudioProjects\Niviel\app\build\intermediates\transforms\dex\debug\folders\1000\5\slice_1 C:\Users\Famille\AndroidStudioProjects\Niviel\app\build\intermediates\transforms\instantRunSlicer\debug\folders\1\5\slice_1
java_class_path (initial): C:\Users\Famille\AppData\Local\Android\sdk\build-tools\23.0.2\lib\dx.jar
Launcher Type: SUN_STANDARD

Environment Variables:
JAVA_HOME=C:\Program Files\Java\jdk1.8.0_25
PATH=C:\Program Files\Broadcom\Broadcom 802.11 Network Adapter;;C:\Program Files\Broadcom\Broadcom 802.11;C:\ProgramData\Oracle\Java\javapath;C:\Program Files (x86)\Intel\iCLS Client\;C:\Program Files\Intel\iCLS Client\;C:\Windows\system32;C:\Windows;C:\Windows\System32\Wbem;C:\Windows\System32\WindowsPowerShell\v1.0\;C:\Program Files\Hewlett-Packard\SimplePass\;C:\wamp\bin\php\php5.5.12;C:\Python27;C:\Users\Famille\AppData\Roaming\npm\;C:\Program Files\nodejs\;C:\Program Files\Git\cmd;C:\Program Files (x86)\Brackets\command;C:\Program Files (x86)\Ant\bin;C:\Program Files (x86)\Maven\bin;C:\Program Files (x86)\Intel\Intel(R) Management Engine Components\DAL;C:\Program Files\Intel\Intel(R) Management Engine Components\DAL;C:\Program Files (x86)\Intel\Intel(R) Management Engine Components\IPT;C:\Program Files\Intel\Intel(R) Management Engine Components\IPT;C:\Users\Famille\AppData\Local\atom\bin;C:\Users\Famille\AppData\Roaming\npm
USERNAME=de Lachaux
OS=Windows_NT
PROCESSOR_IDENTIFIER=Intel64 Family 6 Model 69 Stepping 1, GenuineIntel



---------------  S Y S T E M  ---------------

OS: Windows 8.1 , 64 bit Build 9600 

CPU:total 4 (2 cores per cpu, 2 threads per core) family 6 model 69 stepping 1, cmov, cx8, fxsr, mmx, sse, sse2, sse3, ssse3, sse4.1, sse4.2, popcnt, avx, avx2, aes, clmul, erms, lzcnt, ht, tsc, tscinvbit, bmi1, bmi2

Memory: 4k page, physical 4122776k(477404k free), swap 5555352k(1164k free)

vm_info: Java HotSpot(TM) 64-Bit Server VM (25.25-b02) for windows-amd64 JRE (1.8.0_25-b18), built on Oct  7 2014 14:25:37 by "java_re" with MS VC++ 10.0 (VS2010)

time: Mon Aug 29 18:31:13 2016
elapsed time: 1 seconds (0d 0h 0m 1s)

