#
# There is insufficient memory for the Java Runtime Environment to continue.
# Native memory allocation (malloc) failed to allocate 67108880 bytes for Chunk::new
# Possible reasons:
#   The system is out of physical RAM or swap space
#   In 32 bit mode, the process size limit was hit
# Possible solutions:
#   Reduce memory load on the system
#   Increase physical memory or swap space
#   Check if swap backing store is full
#   Use 64 bit Java on a 64 bit OS
#   Decrease Java heap size (-Xmx/-Xms)
#   Decrease number of Java threads
#   Decrease Java thread stack sizes (-Xss)
#   Set larger code cache with -XX:ReservedCodeCacheSize=
# This output file may be truncated or incomplete.
#
#  Out of Memory Error (allocation.cpp:390), pid=17568, tid=3328
#
# JRE version: Java(TM) SE Runtime Environment (8.0_25-b18) (build 1.8.0_25-b18)
# Java VM: Java HotSpot(TM) 64-Bit Server VM (25.25-b02 mixed mode windows-amd64 compressed oops)
# Failed to write core dump. Minidumps are not enabled by default on client versions of Windows
#

---------------  T H R E A D  ---------------

Current thread (0x0000000014eb1000):  JavaThread "C2 CompilerThread1" daemon [_thread_in_native, id=3328, stack(0x0000000016510000,0x0000000016610000)]

Stack: [0x0000000016510000,0x0000000016610000]
Native frames: (J=compiled Java code, j=interpreted, Vv=VM code, C=native code)
V  [jvm.dll+0x31667a]
V  [jvm.dll+0x267073]
V  [jvm.dll+0x267cb3]
V  [jvm.dll+0x25f5b5]
V  [jvm.dll+0xbf165]
V  [jvm.dll+0xbf60c]
V  [jvm.dll+0x40c68]
V  [jvm.dll+0x45f0b0]
V  [jvm.dll+0x45f36a]
V  [jvm.dll+0x46024f]
V  [jvm.dll+0x462311]
V  [jvm.dll+0x464745]
V  [jvm.dll+0x4650cc]
V  [jvm.dll+0x465413]
V  [jvm.dll+0x4522c3]
V  [jvm.dll+0x453864]
V  [jvm.dll+0x437372]
V  [jvm.dll+0x98a02]
V  [jvm.dll+0x991f3]
V  [jvm.dll+0x22bde4]
V  [jvm.dll+0x2852fa]
C  [msvcr100.dll+0x21d9f]
C  [msvcr100.dll+0x21e3b]
C  [KERNEL32.DLL+0x18102]
C  [ntdll.dll+0x5c5b4]


Current CompileTask:
C2:  18814 1821   !   4       com.android.dx.cf.code.Ropper::processBlock (1101 bytes)


---------------  P R O C E S S  ---------------

Java Threads: ( => current thread )
  0x0000000016c8f800 JavaThread "pool-2-thread-4" [_thread_blocked, id=19292, stack(0x0000000017910000,0x0000000017a10000)]
  0x0000000016c8e800 JavaThread "pool-2-thread-3" [_thread_blocked, id=19304, stack(0x0000000017810000,0x0000000017910000)]
  0x0000000016c8d800 JavaThread "pool-2-thread-2" [_thread_blocked, id=19388, stack(0x0000000017710000,0x0000000017810000)]
  0x0000000016c88000 JavaThread "pool-3-thread-1" [_thread_blocked, id=16984, stack(0x0000000017610000,0x0000000017710000)]
  0x0000000016d0c000 JavaThread "pool-2-thread-1" [_thread_blocked, id=13824, stack(0x0000000017510000,0x0000000017610000)]
  0x0000000014f0b000 JavaThread "Service Thread" daemon [_thread_blocked, id=19392, stack(0x0000000016710000,0x0000000016810000)]
  0x0000000014f03000 JavaThread "C1 CompilerThread2" daemon [_thread_blocked, id=18492, stack(0x0000000016610000,0x0000000016710000)]
=>0x0000000014eb1000 JavaThread "C2 CompilerThread1" daemon [_thread_in_native, id=3328, stack(0x0000000016510000,0x0000000016610000)]
  0x0000000014eac000 JavaThread "C2 CompilerThread0" daemon [_thread_blocked, id=19272, stack(0x0000000016410000,0x0000000016510000)]
  0x0000000014eaa800 JavaThread "Attach Listener" daemon [_thread_blocked, id=19356, stack(0x0000000016310000,0x0000000016410000)]
  0x0000000014ea9800 JavaThread "Signal Dispatcher" daemon [_thread_blocked, id=19408, stack(0x0000000016210000,0x0000000016310000)]
  0x00000000027d0800 JavaThread "Finalizer" daemon [_thread_blocked, id=14440, stack(0x0000000016110000,0x0000000016210000)]
  0x00000000027cd000 JavaThread "Reference Handler" daemon [_thread_blocked, id=13244, stack(0x0000000016010000,0x0000000016110000)]
  0x00000000026de000 JavaThread "main" [_thread_blocked, id=19448, stack(0x0000000002570000,0x0000000002670000)]

Other Threads:
  0x0000000014e76800 VMThread [stack: 0x0000000015f10000,0x0000000016010000] [id=19444]
  0x0000000014f0d800 WatcherThread [stack: 0x0000000016810000,0x0000000016910000] [id=19396]

VM state:at safepoint (normal execution)

VM Mutex/Monitor currently owned by a thread:  ([mutex/lock_event])
[0x00000000026dce20] Threads_lock - owner thread: 0x0000000014e76800
[0x00000000026dd7a0] Heap_lock - owner thread: 0x0000000016c8e800

Heap:
 PSYoungGen      total 146432K, used 17402K [0x00000000eab00000, 0x00000000f4d00000, 0x0000000100000000)
  eden space 129024K, 0% used [0x00000000eab00000,0x00000000eab00000,0x00000000f2900000)
  from space 17408K, 99% used [0x00000000f2900000,0x00000000f39feae0,0x00000000f3a00000)
  to   space 15360K, 0% used [0x00000000f3a00000,0x00000000f3a00000,0x00000000f4900000)
 ParOldGen       total 44032K, used 39143K [0x00000000c0000000, 0x00000000c2b00000, 0x00000000eab00000)
  object space 44032K, 88% used [0x00000000c0000000,0x00000000c2639d30,0x00000000c2b00000)
 Metaspace       used 6477K, capacity 7256K, committed 7424K, reserved 1056768K
  class space    used 613K, capacity 656K, committed 768K, reserved 1048576K

Card table byte_map: [0x0000000011ba0000,0x0000000011db0000] byte_map_base: 0x00000000115a0000

Marking Bits: (ParMarkBitMap*) 0x0000000064a2d490
 Begin Bits: [0x0000000012310000, 0x0000000013310000)
 End Bits:   [0x0000000013310000, 0x0000000014310000)

Polling page: 0x0000000002510000

CodeCache: size=245760Kb used=9861Kb max_used=9886Kb free=235898Kb
 bounds [0x00000000027e0000, 0x0000000003190000, 0x00000000117e0000]
 total_blobs=2419 nmethods=2154 adapters=178
 compilation: enabled

Compilation events (10 events):
Event: 17.351 Thread 0x0000000014f03000 2284       2       java.io.DataInputStream::readUnsignedByte (22 bytes)
Event: 17.351 Thread 0x0000000014f03000 nmethod 2284 0x00000000031699d0 code [0x0000000003169b40, 0x0000000003169d18]
Event: 17.365 Thread 0x0000000014f03000 2292       2       java.util.Arrays::sort (19 bytes)
Event: 17.366 Thread 0x0000000014f03000 nmethod 2292 0x0000000003160dd0 code [0x0000000003160f40, 0x00000000031610f8]
Event: 17.366 Thread 0x0000000014f03000 2293       2       java.util.DualPivotQuicksort::sort (1195 bytes)
Event: 17.369 Thread 0x0000000014f03000 nmethod 2293 0x000000000317e150 code [0x000000000317e440, 0x000000000317f928]
Event: 17.410 Thread 0x0000000014f03000 2295   !   2       java.util.concurrent.locks.AbstractQueuedSynchronizer::doAcquireInterruptibly (97 bytes)
Event: 17.411 Thread 0x0000000014f03000 nmethod 2295 0x0000000003162dd0 code [0x0000000003162fc0, 0x0000000003163558]
Event: 17.421 Thread 0x0000000014eac000 nmethod 2260 0x00000000031869d0 code [0x0000000003186f60, 0x000000000318a588]
Event: 17.422 Thread 0x0000000014eac000 2285       4       com.android.dx.ssa.back.IdenticalBlockCombiner::process (323 bytes)

GC Heap History (10 events):
Event: 3.396 GC heap before
{Heap before GC invocations=2 (full 0):
 PSYoungGen      total 18944K, used 17421K [0x00000000eab00000, 0x00000000ed000000, 0x0000000100000000)
  eden space 16384K, 100% used [0x00000000eab00000,0x00000000ebb00000,0x00000000ebb00000)
  from space 2560K, 40% used [0x00000000ebb00000,0x00000000ebc03678,0x00000000ebd80000)
  to   space 2560K, 0% used [0x00000000ecd80000,0x00000000ecd80000,0x00000000ed000000)
 ParOldGen       total 44032K, used 8K [0x00000000c0000000, 0x00000000c2b00000, 0x00000000eab00000)
  object space 44032K, 0% used [0x00000000c0000000,0x00000000c0002000,0x00000000c2b00000)
 Metaspace       used 5848K, capacity 6832K, committed 7040K, reserved 1056768K
  class space    used 590K, capacity 616K, committed 640K, reserved 1048576K
Event: 3.439 GC heap after
Heap after GC invocations=2 (full 0):
 PSYoungGen      total 35328K, used 2538K [0x00000000eab00000, 0x00000000ed000000, 0x0000000100000000)
  eden space 32768K, 0% used [0x00000000eab00000,0x00000000eab00000,0x00000000ecb00000)
  from space 2560K, 99% used [0x00000000ecd80000,0x00000000ecffaa20,0x00000000ed000000)
  to   space 2560K, 0% used [0x00000000ecb00000,0x00000000ecb00000,0x00000000ecd80000)
 ParOldGen       total 44032K, used 2260K [0x00000000c0000000, 0x00000000c2b00000, 0x00000000eab00000)
  object space 44032K, 5% used [0x00000000c0000000,0x00000000c02350f0,0x00000000c2b00000)
 Metaspace       used 5848K, capacity 6832K, committed 7040K, reserved 1056768K
  class space    used 590K, capacity 616K, committed 640K, reserved 1048576K
}
Event: 5.593 GC heap before
{Heap before GC invocations=3 (full 0):
 PSYoungGen      total 35328K, used 35306K [0x00000000eab00000, 0x00000000ed000000, 0x0000000100000000)
  eden space 32768K, 100% used [0x00000000eab00000,0x00000000ecb00000,0x00000000ecb00000)
  from space 2560K, 99% used [0x00000000ecd80000,0x00000000ecffaa20,0x00000000ed000000)
  to   space 2560K, 0% used [0x00000000ecb00000,0x00000000ecb00000,0x00000000ecd80000)
 ParOldGen       total 44032K, used 2260K [0x00000000c0000000, 0x00000000c2b00000, 0x00000000eab00000)
  object space 44032K, 5% used [0x00000000c0000000,0x00000000c02350f0,0x00000000c2b00000)
 Metaspace       used 6173K, capacity 7088K, committed 7296K, reserved 1056768K
  class space    used 591K, capacity 616K, committed 640K, reserved 1048576K
Event: 5.682 GC heap after
Heap after GC invocations=3 (full 0):
 PSYoungGen      total 35328K, used 2536K [0x00000000eab00000, 0x00000000ef000000, 0x0000000100000000)
  eden space 32768K, 0% used [0x00000000eab00000,0x00000000eab00000,0x00000000ecb00000)
  from space 2560K, 99% used [0x00000000ecb00000,0x00000000ecd7a2a8,0x00000000ecd80000)
  to   space 2560K, 0% used [0x00000000eed80000,0x00000000eed80000,0x00000000ef000000)
 ParOldGen       total 44032K, used 7737K [0x00000000c0000000, 0x00000000c2b00000, 0x00000000eab00000)
  object space 44032K, 17% used [0x00000000c0000000,0x00000000c078e550,0x00000000c2b00000)
 Metaspace       used 6173K, capacity 7088K, committed 7296K, reserved 1056768K
  class space    used 591K, capacity 616K, committed 640K, reserved 1048576K
}
Event: 6.475 GC heap before
{Heap before GC invocations=4 (full 0):
 PSYoungGen      total 35328K, used 35304K [0x00000000eab00000, 0x00000000ef000000, 0x0000000100000000)
  eden space 32768K, 100% used [0x00000000eab00000,0x00000000ecb00000,0x00000000ecb00000)
  from space 2560K, 99% used [0x00000000ecb00000,0x00000000ecd7a2a8,0x00000000ecd80000)
  to   space 2560K, 0% used [0x00000000eed80000,0x00000000eed80000,0x00000000ef000000)
 ParOldGen       total 44032K, used 7737K [0x00000000c0000000, 0x00000000c2b00000, 0x00000000eab00000)
  object space 44032K, 17% used [0x00000000c0000000,0x00000000c078e550,0x00000000c2b00000)
 Metaspace       used 6193K, capacity 7088K, committed 7296K, reserved 1056768K
  class space    used 591K, capacity 616K, committed 640K, reserved 1048576K
Event: 6.534 GC heap after
Heap after GC invocations=4 (full 0):
 PSYoungGen      total 68096K, used 2546K [0x00000000eab00000, 0x00000000ef000000, 0x0000000100000000)
  eden space 65536K, 0% used [0x00000000eab00000,0x00000000eab00000,0x00000000eeb00000)
  from space 2560K, 99% used [0x00000000eed80000,0x00000000eeffc8d8,0x00000000ef000000)
  to   space 2560K, 0% used [0x00000000eeb00000,0x00000000eeb00000,0x00000000eed80000)
 ParOldGen       total 44032K, used 13102K [0x00000000c0000000, 0x00000000c2b00000, 0x00000000eab00000)
  object space 44032K, 29% used [0x00000000c0000000,0x00000000c0ccb8e0,0x00000000c2b00000)
 Metaspace       used 6193K, capacity 7088K, committed 7296K, reserved 1056768K
  class space    used 591K, capacity 616K, committed 640K, reserved 1048576K
}
Event: 9.239 GC heap before
{Heap before GC invocations=5 (full 0):
 PSYoungGen      total 68096K, used 68082K [0x00000000eab00000, 0x00000000ef000000, 0x0000000100000000)
  eden space 65536K, 100% used [0x00000000eab00000,0x00000000eeb00000,0x00000000eeb00000)
  from space 2560K, 99% used [0x00000000eed80000,0x00000000eeffc8d8,0x00000000ef000000)
  to   space 2560K, 0% used [0x00000000eeb00000,0x00000000eeb00000,0x00000000eed80000)
 ParOldGen       total 44032K, used 13102K [0x00000000c0000000, 0x00000000c2b00000, 0x00000000eab00000)
  object space 44032K, 29% used [0x00000000c0000000,0x00000000c0ccb8e0,0x00000000c2b00000)
 Metaspace       used 6248K, capacity 7152K, committed 7296K, reserved 1056768K
  class space    used 592K, capacity 616K, committed 640K, reserved 1048576K
Event: 9.595 GC heap after
Heap after GC invocations=5 (full 0):
 PSYoungGen      total 68096K, used 2552K [0x00000000eab00000, 0x00000000f4900000, 0x0000000100000000)
  eden space 65536K, 0% used [0x00000000eab00000,0x00000000eab00000,0x00000000eeb00000)
  from space 2560K, 99% used [0x00000000eeb00000,0x00000000eed7e2b8,0x00000000eed80000)
  to   space 15360K, 0% used [0x00000000f3a00000,0x00000000f3a00000,0x00000000f4900000)
 ParOldGen       total 44032K, used 23425K [0x00000000c0000000, 0x00000000c2b00000, 0x00000000eab00000)
  object space 44032K, 53% used [0x00000000c0000000,0x00000000c16e05e0,0x00000000c2b00000)
 Metaspace       used 6248K, capacity 7152K, committed 7296K, reserved 1056768K
  class space    used 592K, capacity 616K, committed 640K, reserved 1048576K
}
Event: 12.401 GC heap before
{Heap before GC invocations=6 (full 0):
 PSYoungGen      total 68096K, used 68088K [0x00000000eab00000, 0x00000000f4900000, 0x0000000100000000)
  eden space 65536K, 100% used [0x00000000eab00000,0x00000000eeb00000,0x00000000eeb00000)
  from space 2560K, 99% used [0x00000000eeb00000,0x00000000eed7e2b8,0x00000000eed80000)
  to   space 15360K, 0% used [0x00000000f3a00000,0x00000000f3a00000,0x00000000f4900000)
 ParOldGen       total 44032K, used 23425K [0x00000000c0000000, 0x00000000c2b00000, 0x00000000eab00000)
  object space 44032K, 53% used [0x00000000c0000000,0x00000000c16e05e0,0x00000000c2b00000)
 Metaspace       used 6355K, capacity 7216K, committed 7296K, reserved 1056768K
  class space    used 592K, capacity 616K, committed 640K, reserved 1048576K
Event: 12.532 GC heap after
Heap after GC invocations=6 (full 0):
 PSYoungGen      total 144384K, used 13260K [0x00000000eab00000, 0x00000000f4d00000, 0x0000000100000000)
  eden space 129024K, 0% used [0x00000000eab00000,0x00000000eab00000,0x00000000f2900000)
  from space 15360K, 86% used [0x00000000f3a00000,0x00000000f46f3010,0x00000000f4900000)
  to   space 17408K, 0% used [0x00000000f2900000,0x00000000f2900000,0x00000000f3a00000)
 ParOldGen       total 44032K, used 23433K [0x00000000c0000000, 0x00000000c2b00000, 0x00000000eab00000)
  object space 44032K, 53% used [0x00000000c0000000,0x00000000c16e25e0,0x00000000c2b00000)
 Metaspace       used 6355K, capacity 7216K, committed 7296K, reserved 1056768K
  class space    used 592K, capacity 616K, committed 640K, reserved 1048576K
}

Deoptimization events (10 events):
Event: 11.141 Thread 0x0000000016c8e800 Uncommon trap: reason=bimorphic action=maybe_recompile pc=0x0000000002e86dac method=com.android.dx.rop.code.RegisterSpec.withSimpleType()Lcom/android/dx/rop/code/RegisterSpec; @ 21
Event: 11.586 Thread 0x0000000016c8e800 Uncommon trap: reason=uninitialized action=reinterpret pc=0x0000000002fcbb0c method=com.android.dx.cf.code.BytecodeArray.parseInstruction(ILcom/android/dx/cf/code/BytecodeArray$Visitor;)I @ 1079
Event: 12.642 Thread 0x0000000016c8e800 Uncommon trap: reason=unreached action=reinterpret pc=0x0000000002d7c54c method=com.android.dx.rop.code.LocalItem.compareHandlesNulls(Lcom/android/dx/rop/cst/CstString;Lcom/android/dx/rop/cst/CstString;)I @ 14
Event: 13.374 Thread 0x0000000016d0c000 Uncommon trap: reason=unreached action=reinterpret pc=0x0000000002b19a70 method=java.util.HashMap.getNode(ILjava/lang/Object;)Ljava/util/HashMap$Node; @ 84
Event: 13.382 Thread 0x0000000016d0c000 Uncommon trap: reason=unreached action=reinterpret pc=0x0000000002e7e8ac method=java.util.HashMap.getNode(ILjava/lang/Object;)Ljava/util/HashMap$Node; @ 84
Event: 14.188 Thread 0x00000000026de000 Uncommon trap: reason=unreached action=reinterpret pc=0x000000000309d53c method=java.util.HashMap.putVal(ILjava/lang/Object;Ljava/lang/Object;ZZ)Ljava/lang/Object; @ 109
Event: 14.844 Thread 0x0000000016d0c000 Uncommon trap: reason=bimorphic action=maybe_recompile pc=0x0000000002d9797c method=com.android.dx.ssa.LiteralOpUpgrader.tryReplacingWithConstant(Lcom/android/dx/ssa/NormalSsaInsn;)Z @ 62
Event: 14.849 Thread 0x0000000016d0c000 Uncommon trap: reason=bimorphic action=maybe_recompile pc=0x0000000002d9797c method=com.android.dx.ssa.LiteralOpUpgrader.tryReplacingWithConstant(Lcom/android/dx/ssa/NormalSsaInsn;)Z @ 62
Event: 15.098 Thread 0x00000000026de000 Uncommon trap: reason=unreached action=reinterpret pc=0x0000000002f89040 method=com.android.dx.ssa.back.SsaToRop.convertBasicBlock(Lcom/android/dx/ssa/SsaBasicBlock;)Lcom/android/dx/rop/code/BasicBlock; @ 21
Event: 16.273 Thread 0x0000000016c8d800 Uncommon trap: reason=unreached action=reinterpret pc=0x0000000002d46ecc method=com.android.dx.ssa.MoveParamCombiner$1.visitNonMoveInsn(Lcom/android/dx/ssa/NormalSsaInsn;)V @ 27

Internal exceptions (10 events):
Event: 3.288 Thread 0x0000000016c8f800 Exception <a 'java/security/PrivilegedActionException'> (0x00000000eb83e6c0) thrown at [D:\re\workspace\8-2-build-windows-amd64-cygwin\jdk8u25\1677\hotspot\src\share\vm\prims\jvm.cpp, line 1312]
Event: 3.463 Thread 0x0000000016c8d800 Implicit null exception at 0x0000000002b03962 to 0x0000000002b03a65
Event: 3.751 Thread 0x0000000016c8e800 Exception <a 'java/security/PrivilegedActionException'> (0x00000000eb266d60) thrown at [D:\re\workspace\8-2-build-windows-amd64-cygwin\jdk8u25\1677\hotspot\src\share\vm\prims\jvm.cpp, line 1312]
Event: 6.544 Thread 0x0000000016c8d800 Exception <a 'java/security/PrivilegedActionException'> (0x00000000eac449b0) thrown at [D:\re\workspace\8-2-build-windows-amd64-cygwin\jdk8u25\1677\hotspot\src\share\vm\prims\jvm.cpp, line 1312]
Event: 10.530 Thread 0x0000000016c8d800 Exception <a 'java/security/PrivilegedActionException'> (0x00000000eb1e37d0) thrown at [D:\re\workspace\8-2-build-windows-amd64-cygwin\jdk8u25\1677\hotspot\src\share\vm\prims\jvm.cpp, line 1312]
Event: 12.642 Thread 0x0000000016c8e800 Implicit null exception at 0x0000000002d7b0da to 0x0000000002d7c529
Event: 13.372 Thread 0x0000000016d0c000 Exception <a 'java/lang/ArrayIndexOutOfBoundsException': 18> (0x00000000edaa3910) thrown at [D:\re\workspace\8-2-build-windows-amd64-cygwin\jdk8u25\1677\hotspot\src\share\vm\interpreter\interpreterRuntime.cpp, line 366]
Event: 13.372 Thread 0x0000000016d0c000 Exception <a 'java/lang/ArrayIndexOutOfBoundsException'> (0x00000000edaa53a8) thrown at [D:\re\workspace\8-2-build-windows-amd64-cygwin\jdk8u25\1677\hotspot\src\share\vm\runtime\sharedRuntime.cpp, line 604]
Event: 13.373 Thread 0x0000000016d0c000 Exception <a 'java/lang/ArrayIndexOutOfBoundsException'> (0x00000000edaa65c0) thrown at [D:\re\workspace\8-2-build-windows-amd64-cygwin\jdk8u25\1677\hotspot\src\share\vm\runtime\sharedRuntime.cpp, line 604]
Event: 16.738 Thread 0x00000000026de000 Exception <a 'java/security/PrivilegedActionException'> (0x00000000f14dcdb0) thrown at [D:\re\workspace\8-2-build-windows-amd64-cygwin\jdk8u25\1677\hotspot\src\share\vm\prims\jvm.cpp, line 1312]

Events (10 events):
Event: 15.098 Thread 0x00000000026de000 DEOPT PACKING pc=0x0000000002f89040 sp=0x000000000266e4b0
Event: 15.098 Thread 0x00000000026de000 DEOPT UNPACKING pc=0x000000000282556a sp=0x000000000266e490 mode 2
Event: 16.273 Thread 0x0000000016c8d800 Uncommon trap: trap_request=0xffffffad fr.pc=0x0000000002d46ecc
Event: 16.273 Thread 0x0000000016c8d800 DEOPT PACKING pc=0x0000000002d46ecc sp=0x000000001780ed70
Event: 16.273 Thread 0x0000000016c8d800 DEOPT UNPACKING pc=0x000000000282556a sp=0x000000001780ecc8 mode 2
Event: 16.738 loading class com/android/dx/cf/iface/ParseObserver
Event: 16.738 loading class com/android/dx/cf/iface/ParseObserver done
Event: 17.355 Thread 0x0000000016c8d800 DEOPT PACKING pc=0x0000000002ca1ca8 sp=0x000000001780ee40
Event: 17.355 Thread 0x0000000016c8d800 DEOPT UNPACKING pc=0x00000000028275bf sp=0x000000001780eba0 mode 0
Event: 17.486 Executing VM operation: ParallelGCFailedAllocation


Dynamic libraries:
0x00007ff6e16e0000 - 0x00007ff6e1714000 	C:\Program Files\Java\jdk1.8.0_25\bin\java.exe
0x00007ffb51f40000 - 0x00007ffb52101000 	C:\WINDOWS\SYSTEM32\ntdll.dll
0x00007ffb4f840000 - 0x00007ffb4f8ed000 	C:\WINDOWS\system32\KERNEL32.DLL
0x00007ffb4e610000 - 0x00007ffb4e7f8000 	C:\WINDOWS\system32\KERNELBASE.dll
0x00007ffb50750000 - 0x00007ffb507f7000 	C:\WINDOWS\system32\ADVAPI32.dll
0x00007ffb50930000 - 0x00007ffb509cd000 	C:\WINDOWS\system32\msvcrt.dll
0x00007ffb4fa80000 - 0x00007ffb4fadb000 	C:\WINDOWS\system32\sechost.dll
0x00007ffb501f0000 - 0x00007ffb5030c000 	C:\WINDOWS\system32\RPCRT4.dll
0x00007ffb4fec0000 - 0x00007ffb50016000 	C:\WINDOWS\system32\USER32.dll
0x00007ffb4f8f0000 - 0x00007ffb4fa76000 	C:\WINDOWS\system32\GDI32.dll
0x00007ffb48c60000 - 0x00007ffb48ed4000 	C:\WINDOWS\WinSxS\amd64_microsoft.windows.common-controls_6595b64144ccf1df_6.0.10586.0_none_8c15ae12515e1c22\COMCTL32.dll
0x00007ffb4f3a0000 - 0x00007ffb4f61d000 	C:\WINDOWS\system32\combase.dll
0x00007ffb4eb40000 - 0x00007ffb4ebaa000 	C:\WINDOWS\system32\bcryptPrimitives.dll
0x00007ffb4fbb0000 - 0x00007ffb4fbeb000 	C:\WINDOWS\system32\IMM32.DLL
0x0000000063d90000 - 0x0000000063e62000 	C:\Program Files\Java\jdk1.8.0_25\jre\bin\msvcr100.dll
0x0000000064250000 - 0x0000000064aaa000 	C:\Program Files\Java\jdk1.8.0_25\jre\bin\server\jvm.dll
0x00007ffb51f30000 - 0x00007ffb51f38000 	C:\WINDOWS\system32\PSAPI.DLL
0x00007ffb3e7d0000 - 0x00007ffb3e7d9000 	C:\WINDOWS\SYSTEM32\WSOCK32.dll
0x00007ffb4fca0000 - 0x00007ffb4fd0b000 	C:\WINDOWS\system32\WS2_32.dll
0x00007ffb4cb80000 - 0x00007ffb4cba3000 	C:\WINDOWS\SYSTEM32\WINMM.dll
0x00007ffb4c0a0000 - 0x00007ffb4c0cc000 	C:\WINDOWS\SYSTEM32\WINMMBASE.dll
0x00007ffb4ebb0000 - 0x00007ffb4ebf3000 	C:\WINDOWS\system32\cfgmgr32.dll
0x0000000064240000 - 0x000000006424f000 	C:\Program Files\Java\jdk1.8.0_25\jre\bin\verify.dll
0x0000000064210000 - 0x0000000064238000 	C:\Program Files\Java\jdk1.8.0_25\jre\bin\java.dll
0x00000000641f0000 - 0x0000000064206000 	C:\Program Files\Java\jdk1.8.0_25\jre\bin\zip.dll
0x00007ffb509d0000 - 0x00007ffb51f2c000 	C:\WINDOWS\system32\SHELL32.dll
0x00007ffb4ec00000 - 0x00007ffb4f244000 	C:\WINDOWS\system32\windows.storage.dll
0x00007ffb50190000 - 0x00007ffb501e2000 	C:\WINDOWS\system32\shlwapi.dll
0x00007ffb4e560000 - 0x00007ffb4e56f000 	C:\WINDOWS\system32\kernel.appcore.dll
0x00007ffb4ea80000 - 0x00007ffb4eb35000 	C:\WINDOWS\system32\shcore.dll
0x00007ffb4e570000 - 0x00007ffb4e5bb000 	C:\WINDOWS\system32\powrprof.dll
0x00007ffb4e5d0000 - 0x00007ffb4e5e4000 	C:\WINDOWS\system32\profapi.dll
0x00007ffb3a4f0000 - 0x00007ffb3a67c000 	C:\WINDOWS\SYSTEM32\dbghelp.dll

VM Arguments:
jvm_args: -Djava.awt.headless=true -Xmx1024M -Dfile.encoding=windows-1252 -Duser.country=FR -Duser.language=fr -Duser.variant 
java_command: com.android.dx.command.Main --dex --force-jumbo --num-threads=4 --multi-dex --output C:\Users\Famille\AndroidStudioProjects\Niviel\app\build\intermediates\transforms\dex\debug\folders\1000\10\com.android.support-support-v4-24.0.0_56c594c056d7d0e1bbdfe7ac0bccb7015f28172f C:\Users\Famille\AndroidStudioProjects\Niviel\app\build\intermediates\exploded-aar\com.android.support\support-v4\24.0.0\jars\classes.jar
java_class_path (initial): C:\Users\Famille\AppData\Local\Android\sdk\build-tools\23.0.2\lib\dx.jar
Launcher Type: SUN_STANDARD

Environment Variables:
JAVA_HOME=C:\Program Files\Java\jdk1.8.0_25
PATH=C:\Program Files\Broadcom\Broadcom 802.11 Network Adapter;;C:\Program Files\Broadcom\Broadcom 802.11;C:\ProgramData\Oracle\Java\javapath;C:\Program Files (x86)\Intel\iCLS Client\;C:\Program Files\Intel\iCLS Client\;C:\Windows\system32;C:\Windows;C:\Windows\System32\Wbem;C:\Windows\System32\WindowsPowerShell\v1.0\;C:\Program Files\Hewlett-Packard\SimplePass\;C:\wamp\bin\php\php5.5.12;C:\Python27;C:\Users\Famille\AppData\Roaming\npm\;C:\Program Files\nodejs\;C:\Program Files\Git\cmd;C:\Program Files (x86)\Brackets\command;C:\Program Files (x86)\Ant\bin;C:\Program Files (x86)\Maven\bin;C:\Program Files (x86)\Intel\Intel(R) Management Engine Components\DAL;C:\Program Files\Intel\Intel(R) Management Engine Components\DAL;C:\Program Files (x86)\Intel\Intel(R) Management Engine Components\IPT;C:\Program Files\Intel\Intel(R) Management Engine Components\IPT;C:\Users\Famille\AppData\Local\atom\bin;C:\Users\Famille\AppData\Roaming\npm
USERNAME=de Lachaux
OS=Windows_NT
PROCESSOR_IDENTIFIER=Intel64 Family 6 Model 69 Stepping 1, GenuineIntel



---------------  S Y S T E M  ---------------

OS: Windows 8.1 , 64 bit Build 9600 

CPU:total 4 (2 cores per cpu, 2 threads per core) family 6 model 69 stepping 1, cmov, cx8, fxsr, mmx, sse, sse2, sse3, ssse3, sse4.1, sse4.2, popcnt, avx, avx2, aes, clmul, erms, lzcnt, ht, tsc, tscinvbit, bmi1, bmi2

Memory: 4k page, physical 4122776k(227540k free), swap 5555352k(22560k free)

vm_info: Java HotSpot(TM) 64-Bit Server VM (25.25-b02) for windows-amd64 JRE (1.8.0_25-b18), built on Oct  7 2014 14:25:37 by "java_re" with MS VC++ 10.0 (VS2010)

time: Sat Jul 02 17:55:18 2016
elapsed time: 18 seconds (0d 0h 0m 18s)

