#
# There is insufficient memory for the Java Runtime Environment to continue.
# Native memory allocation (malloc) failed to allocate 32744 bytes for ChunkPool::allocate
# Possible reasons:
#   The system is out of physical RAM or swap space
#   In 32 bit mode, the process size limit was hit
# Possible solutions:
#   Reduce memory load on the system
#   Increase physical memory or swap space
#   Check if swap backing store is full
#   Use 64 bit Java on a 64 bit OS
#   Decrease Java heap size (-Xmx/-Xms)
#   Decrease number of Java threads
#   Decrease Java thread stack sizes (-Xss)
#   Set larger code cache with -XX:ReservedCodeCacheSize=
# This output file may be truncated or incomplete.
#
#  Out of Memory Error (allocation.cpp:273), pid=29248, tid=29488
#
# JRE version: Java(TM) SE Runtime Environment (8.0_25-b18) (build 1.8.0_25-b18)
# Java VM: Java HotSpot(TM) 64-Bit Server VM (25.25-b02 mixed mode windows-amd64 compressed oops)
# Failed to write core dump. Minidumps are not enabled by default on client versions of Windows
#

---------------  T H R E A D  ---------------

Current thread (0x0000000014d35800):  JavaThread "C2 CompilerThread1" daemon [_thread_in_native, id=29488, stack(0x0000000016350000,0x0000000016450000)]

Stack: [0x0000000016350000,0x0000000016450000]
Native frames: (J=compiled Java code, j=interpreted, Vv=VM code, C=native code)
V  [jvm.dll+0x31667a]


Current CompileTask:
C2:  11797 1901   !   4       com.android.dx.cf.cst.ConstantPoolParser::parse0 (731 bytes)


---------------  P R O C E S S  ---------------

Java Threads: ( => current thread )
  0x0000000016798800 JavaThread "pool-2-thread-4" [_thread_in_Java, id=29604, stack(0x0000000016f50000,0x0000000017050000)]
  0x0000000016798000 JavaThread "pool-2-thread-3" [_thread_in_Java, id=29600, stack(0x0000000016e50000,0x0000000016f50000)]
  0x0000000016790000 JavaThread "pool-2-thread-2" [_thread_in_Java, id=29596, stack(0x0000000016d50000,0x0000000016e50000)]
  0x00000000167d9000 JavaThread "pool-3-thread-1" [_thread_blocked, id=29592, stack(0x0000000016c50000,0x0000000016d50000)]
  0x0000000016554800 JavaThread "Service Thread" daemon [_thread_blocked, id=29532, stack(0x0000000016950000,0x0000000016a50000)]
  0x0000000014d4b800 JavaThread "C1 CompilerThread2" daemon [_thread_blocked, id=29508, stack(0x0000000016450000,0x0000000016550000)]
=>0x0000000014d35800 JavaThread "C2 CompilerThread1" daemon [_thread_in_native, id=29488, stack(0x0000000016350000,0x0000000016450000)]
  0x0000000014cec000 JavaThread "C2 CompilerThread0" daemon [_thread_in_native, id=29476, stack(0x0000000016250000,0x0000000016350000)]
  0x0000000014cea800 JavaThread "Attach Listener" daemon [_thread_blocked, id=29472, stack(0x0000000016150000,0x0000000016250000)]
  0x0000000014ce9800 JavaThread "Signal Dispatcher" daemon [_thread_blocked, id=29468, stack(0x0000000016050000,0x0000000016150000)]
  0x0000000002610800 JavaThread "Finalizer" daemon [_thread_blocked, id=29420, stack(0x0000000015f50000,0x0000000016050000)]
  0x000000000260d000 JavaThread "Reference Handler" daemon [_thread_blocked, id=29416, stack(0x0000000015e50000,0x0000000015f50000)]
  0x000000000241e000 JavaThread "main" [_thread_blocked, id=29316, stack(0x0000000002420000,0x0000000002520000)]

Other Threads:
  0x0000000014cb6800 VMThread [stack: 0x0000000015d50000,0x0000000015e50000] [id=29396]
  0x0000000016557800 WatcherThread [stack: 0x0000000016a50000,0x0000000016b50000] [id=29536]

VM state:not at safepoint (normal execution)

VM Mutex/Monitor currently owned by a thread: None

Heap:
 PSYoungGen      total 68096K, used 26840K [0x00000000eab00000, 0x00000000f4400000, 0x0000000100000000)
  eden space 65536K, 37% used [0x00000000eab00000,0x00000000ec2b7248,0x00000000eeb00000)
  from space 2560K, 99% used [0x00000000eeb00000,0x00000000eed7ef20,0x00000000eed80000)
  to   space 12800K, 0% used [0x00000000f3780000,0x00000000f3780000,0x00000000f4400000)
 ParOldGen       total 44032K, used 23626K [0x00000000c0000000, 0x00000000c2b00000, 0x00000000eab00000)
  object space 44032K, 53% used [0x00000000c0000000,0x00000000c17128a8,0x00000000c2b00000)
 Metaspace       used 6316K, capacity 7192K, committed 7424K, reserved 1056768K
  class space    used 613K, capacity 656K, committed 768K, reserved 1048576K

Card table byte_map: [0x00000000119e0000,0x0000000011bf0000] byte_map_base: 0x00000000113e0000

Marking Bits: (ParMarkBitMap*) 0x000000005e08d490
 Begin Bits: [0x0000000012150000, 0x0000000013150000)
 End Bits:   [0x0000000013150000, 0x0000000014150000)

Polling page: 0x00000000022d0000

CodeCache: size=245760Kb used=8035Kb max_used=8051Kb free=237724Kb
 bounds [0x0000000002620000, 0x0000000002e10000, 0x0000000011620000]
 total_blobs=2062 nmethods=1797 adapters=178
 compilation: enabled

Compilation events (10 events):
Event: 11.367 Thread 0x0000000014cec000 nmethod 1839 0x0000000002d53550 code [0x0000000002d53680, 0x0000000002d536f8]
Event: 11.367 Thread 0x0000000014cec000 1836       4       java.util.ArrayList$SubList::removeRange (47 bytes)
Event: 11.372 Thread 0x0000000014cec000 nmethod 1836 0x0000000002df14d0 code [0x0000000002df1620, 0x0000000002df1878]
Event: 11.372 Thread 0x0000000014cec000 1837       4       com.android.dx.ssa.SsaBasicBlock::scheduleMovesFromPhis (108 bytes)
Event: 11.375 Thread 0x0000000014cec000 nmethod 1837 0x0000000002df0e50 code [0x0000000002df0fe0, 0x0000000002df11e0]
Event: 11.375 Thread 0x0000000014cec000 1841       4       com.android.dx.ssa.SsaConverter::needsNewSuccessor (53 bytes)
Event: 11.378 Thread 0x0000000014cec000 nmethod 1841 0x0000000002def2d0 code [0x0000000002def420, 0x0000000002def5f8]
Event: 11.379 Thread 0x0000000014cec000 1887       4       com.android.dx.rop.code.RegisterSpec::intersect (169 bytes)
Event: 11.385 Thread 0x0000000014cec000 nmethod 1887 0x0000000002dee610 code [0x0000000002dee780, 0x0000000002deecd8]
Event: 11.385 Thread 0x0000000014cec000 1840       4       com.android.dx.rop.code.Rops::ropFor (771 bytes)

GC Heap History (10 events):
Event: 1.420 GC heap before
{Heap before GC invocations=1 (full 0):
 PSYoungGen      total 18944K, used 16384K [0x00000000eab00000, 0x00000000ec000000, 0x0000000100000000)
  eden space 16384K, 100% used [0x00000000eab00000,0x00000000ebb00000,0x00000000ebb00000)
  from space 2560K, 0% used [0x00000000ebd80000,0x00000000ebd80000,0x00000000ec000000)
  to   space 2560K, 0% used [0x00000000ebb00000,0x00000000ebb00000,0x00000000ebd80000)
 ParOldGen       total 44032K, used 0K [0x00000000c0000000, 0x00000000c2b00000, 0x00000000eab00000)
  object space 44032K, 0% used [0x00000000c0000000,0x00000000c0000000,0x00000000c2b00000)
 Metaspace       used 5677K, capacity 6704K, committed 6784K, reserved 1056768K
  class space    used 586K, capacity 616K, committed 640K, reserved 1048576K
Event: 1.647 GC heap after
Heap after GC invocations=1 (full 0):
 PSYoungGen      total 18944K, used 2538K [0x00000000eab00000, 0x00000000ed000000, 0x0000000100000000)
  eden space 16384K, 0% used [0x00000000eab00000,0x00000000eab00000,0x00000000ebb00000)
  from space 2560K, 99% used [0x00000000ebb00000,0x00000000ebd7aac8,0x00000000ebd80000)
  to   space 2560K, 0% used [0x00000000ecd80000,0x00000000ecd80000,0x00000000ed000000)
 ParOldGen       total 44032K, used 1473K [0x00000000c0000000, 0x00000000c2b00000, 0x00000000eab00000)
  object space 44032K, 3% used [0x00000000c0000000,0x00000000c01705c0,0x00000000c2b00000)
 Metaspace       used 5677K, capacity 6704K, committed 6784K, reserved 1056768K
  class space    used 586K, capacity 616K, committed 640K, reserved 1048576K
}
Event: 2.279 GC heap before
{Heap before GC invocations=2 (full 0):
 PSYoungGen      total 18944K, used 18922K [0x00000000eab00000, 0x00000000ed000000, 0x0000000100000000)
  eden space 16384K, 100% used [0x00000000eab00000,0x00000000ebb00000,0x00000000ebb00000)
  from space 2560K, 99% used [0x00000000ebb00000,0x00000000ebd7aac8,0x00000000ebd80000)
  to   space 2560K, 0% used [0x00000000ecd80000,0x00000000ecd80000,0x00000000ed000000)
 ParOldGen       total 44032K, used 1473K [0x00000000c0000000, 0x00000000c2b00000, 0x00000000eab00000)
  object space 44032K, 3% used [0x00000000c0000000,0x00000000c01705c0,0x00000000c2b00000)
 Metaspace       used 5904K, capacity 6896K, committed 7040K, reserved 1056768K
  class space    used 589K, capacity 616K, committed 640K, reserved 1048576K
Event: 2.390 GC heap after
Heap after GC invocations=2 (full 0):
 PSYoungGen      total 35328K, used 2536K [0x00000000eab00000, 0x00000000ed000000, 0x0000000100000000)
  eden space 32768K, 0% used [0x00000000eab00000,0x00000000eab00000,0x00000000ecb00000)
  from space 2560K, 99% used [0x00000000ecd80000,0x00000000ecffa008,0x00000000ed000000)
  to   space 2560K, 0% used [0x00000000ecb00000,0x00000000ecb00000,0x00000000ecd80000)
 ParOldGen       total 44032K, used 3898K [0x00000000c0000000, 0x00000000c2b00000, 0x00000000eab00000)
  object space 44032K, 8% used [0x00000000c0000000,0x00000000c03ce900,0x00000000c2b00000)
 Metaspace       used 5904K, capacity 6896K, committed 7040K, reserved 1056768K
  class space    used 589K, capacity 616K, committed 640K, reserved 1048576K
}
Event: 4.079 GC heap before
{Heap before GC invocations=3 (full 0):
 PSYoungGen      total 35328K, used 35304K [0x00000000eab00000, 0x00000000ed000000, 0x0000000100000000)
  eden space 32768K, 100% used [0x00000000eab00000,0x00000000ecb00000,0x00000000ecb00000)
  from space 2560K, 99% used [0x00000000ecd80000,0x00000000ecffa008,0x00000000ed000000)
  to   space 2560K, 0% used [0x00000000ecb00000,0x00000000ecb00000,0x00000000ecd80000)
 ParOldGen       total 44032K, used 3898K [0x00000000c0000000, 0x00000000c2b00000, 0x00000000eab00000)
  object space 44032K, 8% used [0x00000000c0000000,0x00000000c03ce900,0x00000000c2b00000)
 Metaspace       used 6074K, capacity 7024K, committed 7296K, reserved 1056768K
  class space    used 592K, capacity 616K, committed 640K, reserved 1048576K
Event: 4.324 GC heap after
Heap after GC invocations=3 (full 0):
 PSYoungGen      total 35328K, used 2541K [0x00000000eab00000, 0x00000000ef000000, 0x0000000100000000)
  eden space 32768K, 0% used [0x00000000eab00000,0x00000000eab00000,0x00000000ecb00000)
  from space 2560K, 99% used [0x00000000ecb00000,0x00000000ecd7b7c0,0x00000000ecd80000)
  to   space 2560K, 0% used [0x00000000eed80000,0x00000000eed80000,0x00000000ef000000)
 ParOldGen       total 44032K, used 9302K [0x00000000c0000000, 0x00000000c2b00000, 0x00000000eab00000)
  object space 44032K, 21% used [0x00000000c0000000,0x00000000c0915b40,0x00000000c2b00000)
 Metaspace       used 6074K, capacity 7024K, committed 7296K, reserved 1056768K
  class space    used 592K, capacity 616K, committed 640K, reserved 1048576K
}
Event: 6.385 GC heap before
{Heap before GC invocations=4 (full 0):
 PSYoungGen      total 35328K, used 35309K [0x00000000eab00000, 0x00000000ef000000, 0x0000000100000000)
  eden space 32768K, 100% used [0x00000000eab00000,0x00000000ecb00000,0x00000000ecb00000)
  from space 2560K, 99% used [0x00000000ecb00000,0x00000000ecd7b7c0,0x00000000ecd80000)
  to   space 2560K, 0% used [0x00000000eed80000,0x00000000eed80000,0x00000000ef000000)
 ParOldGen       total 44032K, used 9302K [0x00000000c0000000, 0x00000000c2b00000, 0x00000000eab00000)
  object space 44032K, 21% used [0x00000000c0000000,0x00000000c0915b40,0x00000000c2b00000)
 Metaspace       used 6254K, capacity 7128K, committed 7424K, reserved 1056768K
  class space    used 612K, capacity 656K, committed 768K, reserved 1048576K
Event: 6.686 GC heap after
Heap after GC invocations=4 (full 0):
 PSYoungGen      total 68096K, used 2556K [0x00000000eab00000, 0x00000000ef000000, 0x0000000100000000)
  eden space 65536K, 0% used [0x00000000eab00000,0x00000000eab00000,0x00000000eeb00000)
  from space 2560K, 99% used [0x00000000eed80000,0x00000000eefff260,0x00000000ef000000)
  to   space 2560K, 0% used [0x00000000eeb00000,0x00000000eeb00000,0x00000000eed80000)
 ParOldGen       total 44032K, used 13834K [0x00000000c0000000, 0x00000000c2b00000, 0x00000000eab00000)
  object space 44032K, 31% used [0x00000000c0000000,0x00000000c0d82b30,0x00000000c2b00000)
 Metaspace       used 6254K, capacity 7128K, committed 7424K, reserved 1056768K
  class space    used 612K, capacity 656K, committed 768K, reserved 1048576K
}
Event: 10.763 GC heap before
{Heap before GC invocations=5 (full 0):
 PSYoungGen      total 68096K, used 68092K [0x00000000eab00000, 0x00000000ef000000, 0x0000000100000000)
  eden space 65536K, 100% used [0x00000000eab00000,0x00000000eeb00000,0x00000000eeb00000)
  from space 2560K, 99% used [0x00000000eed80000,0x00000000eefff260,0x00000000ef000000)
  to   space 2560K, 0% used [0x00000000eeb00000,0x00000000eeb00000,0x00000000eed80000)
 ParOldGen       total 44032K, used 13834K [0x00000000c0000000, 0x00000000c2b00000, 0x00000000eab00000)
  object space 44032K, 31% used [0x00000000c0000000,0x00000000c0d82b30,0x00000000c2b00000)
 Metaspace       used 6297K, capacity 7192K, committed 7424K, reserved 1056768K
  class space    used 612K, capacity 656K, committed 768K, reserved 1048576K
Event: 10.932 GC heap after
Heap after GC invocations=5 (full 0):
 PSYoungGen      total 68096K, used 2555K [0x00000000eab00000, 0x00000000f4400000, 0x0000000100000000)
  eden space 65536K, 0% used [0x00000000eab00000,0x00000000eab00000,0x00000000eeb00000)
  from space 2560K, 99% used [0x00000000eeb00000,0x00000000eed7ef20,0x00000000eed80000)
  to   space 12800K, 0% used [0x00000000f3780000,0x00000000f3780000,0x00000000f4400000)
 ParOldGen       total 44032K, used 23626K [0x00000000c0000000, 0x00000000c2b00000, 0x00000000eab00000)
  object space 44032K, 53% used [0x00000000c0000000,0x00000000c17128a8,0x00000000c2b00000)
 Metaspace       used 6297K, capacity 7192K, committed 7424K, reserved 1056768K
  class space    used 612K, capacity 656K, committed 768K, reserved 1048576K
}

Deoptimization events (10 events):
Event: 10.179 Thread 0x0000000016798800 Uncommon trap: reason=bimorphic action=maybe_recompile pc=0x0000000002c9cf78 method=com.android.dx.rop.code.Rops.opMoveResultPseudo(Lcom/android/dx/rop/type/TypeBearer;)Lcom/android/dx/rop/code/Rop; @ 7
Event: 10.227 Thread 0x0000000016790000 Uncommon trap: reason=class_check action=maybe_recompile pc=0x0000000002c08828 method=com.android.dx.rop.code.RegisterSpec.withSimpleType()Lcom/android/dx/rop/code/RegisterSpec; @ 21
Event: 10.227 Thread 0x0000000016790000 Uncommon trap: reason=class_check action=maybe_recompile pc=0x0000000002c08828 method=com.android.dx.rop.code.RegisterSpec.withSimpleType()Lcom/android/dx/rop/code/RegisterSpec; @ 21
Event: 10.287 Thread 0x0000000016798000 Uncommon trap: reason=bimorphic action=maybe_recompile pc=0x0000000002cd3ab0 method=com.android.dx.cf.code.BytecodeArray.parseInstruction(ILcom/android/dx/cf/code/BytecodeArray$Visitor;)I @ 2484
Event: 10.287 Thread 0x0000000016798000 Uncommon trap: reason=bimorphic action=maybe_recompile pc=0x0000000002cd3ab0 method=com.android.dx.cf.code.BytecodeArray.parseInstruction(ILcom/android/dx/cf/code/BytecodeArray$Visitor;)I @ 2484
Event: 10.348 Thread 0x00000000167d6000 Uncommon trap: reason=bimorphic action=maybe_recompile pc=0x0000000002c9cf78 method=com.android.dx.rop.code.Rops.opMoveResultPseudo(Lcom/android/dx/rop/type/TypeBearer;)Lcom/android/dx/rop/code/Rop; @ 7
Event: 11.142 Thread 0x0000000016798000 Uncommon trap: reason=unreached action=reinterpret pc=0x0000000002c08804 method=com.android.dx.ssa.LocalVariableExtractor.processBlock(I)V @ 251
Event: 11.188 Thread 0x0000000016798000 Uncommon trap: reason=class_check action=maybe_recompile pc=0x0000000002d4c38c method=com.android.dx.ssa.back.FirstFitLocalCombiningAllocator.findNextUnreservedRopReg(IILcom/android/dx/ssa/back/FirstFitLocalCombiningAllocator$Alignment;)I @ 60
Event: 11.202 Thread 0x0000000016798000 Uncommon trap: reason=class_check action=maybe_recompile pc=0x0000000002d4c38c method=com.android.dx.ssa.back.FirstFitLocalCombiningAllocator.findNextUnreservedRopReg(IILcom/android/dx/ssa/back/FirstFitLocalCombiningAllocator$Alignment;)I @ 60
Event: 11.218 Thread 0x0000000016798000 Uncommon trap: reason=class_check action=maybe_recompile pc=0x0000000002d4c38c method=com.android.dx.ssa.back.FirstFitLocalCombiningAllocator.findNextUnreservedRopReg(IILcom/android/dx/ssa/back/FirstFitLocalCombiningAllocator$Alignment;)I @ 60

Internal exceptions (10 events):
Event: 2.053 Thread 0x000000000241e000 Exception <a 'java/security/PrivilegedActionException'> (0x00000000eb20b1c8) thrown at [D:\re\workspace\8-2-build-windows-amd64-cygwin\jdk8u25\1677\hotspot\src\share\vm\prims\jvm.cpp, line 1312]
Event: 3.148 Thread 0x000000000241e000 Exception <a 'java/security/PrivilegedActionException'> (0x00000000ec07ef38) thrown at [D:\re\workspace\8-2-build-windows-amd64-cygwin\jdk8u25\1677\hotspot\src\share\vm\prims\jvm.cpp, line 1312]
Event: 3.149 Thread 0x000000000241e000 Exception <a 'java/security/PrivilegedActionException'> (0x00000000ec081740) thrown at [D:\re\workspace\8-2-build-windows-amd64-cygwin\jdk8u25\1677\hotspot\src\share\vm\prims\jvm.cpp, line 1312]
Event: 3.522 Thread 0x000000000241e000 Exception <a 'java/security/PrivilegedActionException'> (0x00000000ec10abb0) thrown at [D:\re\workspace\8-2-build-windows-amd64-cygwin\jdk8u25\1677\hotspot\src\share\vm\prims\jvm.cpp, line 1312]
Event: 3.523 Thread 0x000000000241e000 Exception <a 'java/security/PrivilegedActionException'> (0x00000000ec110940) thrown at [D:\re\workspace\8-2-build-windows-amd64-cygwin\jdk8u25\1677\hotspot\src\share\vm\prims\jvm.cpp, line 1312]
Event: 3.524 Thread 0x000000000241e000 Exception <a 'java/security/PrivilegedActionException'> (0x00000000ec1163c8) thrown at [D:\re\workspace\8-2-build-windows-amd64-cygwin\jdk8u25\1677\hotspot\src\share\vm\prims\jvm.cpp, line 1312]
Event: 4.357 Thread 0x0000000016798000 Implicit null exception at 0x00000000029398a3 to 0x000000000293ba95
Event: 5.256 Thread 0x000000000241e000 Exception <a 'java/lang/ArrayIndexOutOfBoundsException': 18> (0x00000000eb921e90) thrown at [D:\re\workspace\8-2-build-windows-amd64-cygwin\jdk8u25\1677\hotspot\src\share\vm\interpreter\interpreterRuntime.cpp, line 366]
Event: 5.257 Thread 0x000000000241e000 Exception <a 'java/lang/ArrayIndexOutOfBoundsException'> (0x00000000eb923928) thrown at [D:\re\workspace\8-2-build-windows-amd64-cygwin\jdk8u25\1677\hotspot\src\share\vm\runtime\sharedRuntime.cpp, line 604]
Event: 5.258 Thread 0x000000000241e000 Exception <a 'java/lang/ArrayIndexOutOfBoundsException'> (0x00000000eb924b40) thrown at [D:\re\workspace\8-2-build-windows-amd64-cygwin\jdk8u25\1677\hotspot\src\share\vm\runtime\sharedRuntime.cpp, line 604]

Events (10 events):
Event: 11.218 Thread 0x0000000016798000 Uncommon trap: trap_request=0xffffffde fr.pc=0x0000000002d4c38c
Event: 11.218 Thread 0x0000000016798000 DEOPT PACKING pc=0x0000000002d4c38c sp=0x0000000016f4eb20
Event: 11.218 Thread 0x0000000016798000 DEOPT UNPACKING pc=0x000000000266556a sp=0x0000000016f4eac8 mode 2
Event: 11.243 loading class java/util/HashMap$KeySet
Event: 11.243 loading class java/util/HashMap$KeySet done
Event: 11.243 loading class java/util/HashMap$KeyIterator
Event: 11.244 loading class java/util/HashMap$KeyIterator done
Event: 11.257 Thread 0x00000000167d6000 DEOPT PACKING pc=0x0000000002dbb955 sp=0x0000000016c4e700
Event: 11.257 Thread 0x00000000167d6000 DEOPT UNPACKING pc=0x00000000026675bf sp=0x0000000016c4e4d8 mode 0
Event: 11.275 Thread 0x00000000167d6000 Thread exited: 0x00000000167d6000


Dynamic libraries:
0x00007ff63d500000 - 0x00007ff63d534000 	C:\Program Files\Java\jdk1.8.0_25\bin\java.exe
0x00007ffd31b90000 - 0x00007ffd31d51000 	C:\WINDOWS\SYSTEM32\ntdll.dll
0x00007ffd30ea0000 - 0x00007ffd30f4d000 	C:\WINDOWS\system32\KERNEL32.DLL
0x00007ffd2ed80000 - 0x00007ffd2ef68000 	C:\WINDOWS\system32\KERNELBASE.dll
0x00007ffd31390000 - 0x00007ffd31437000 	C:\WINDOWS\system32\ADVAPI32.dll
0x00007ffd30e00000 - 0x00007ffd30e9d000 	C:\WINDOWS\system32\msvcrt.dll
0x00007ffd31210000 - 0x00007ffd3126b000 	C:\WINDOWS\system32\sechost.dll
0x00007ffd31270000 - 0x00007ffd3138c000 	C:\WINDOWS\system32\RPCRT4.dll
0x00007ffd31980000 - 0x00007ffd31ad6000 	C:\WINDOWS\system32\USER32.dll
0x00007ffd2f0d0000 - 0x00007ffd2f256000 	C:\WINDOWS\system32\GDI32.dll
0x00007ffd268a0000 - 0x00007ffd26b14000 	C:\WINDOWS\WinSxS\amd64_microsoft.windows.common-controls_6595b64144ccf1df_6.0.10586.494_none_a2d8b04ea53e3145\COMCTL32.dll
0x00007ffd31520000 - 0x00007ffd3179d000 	C:\WINDOWS\system32\combase.dll
0x00007ffd2e4f0000 - 0x00007ffd2e55a000 	C:\WINDOWS\system32\bcryptPrimitives.dll
0x00007ffd30dc0000 - 0x00007ffd30dfb000 	C:\WINDOWS\system32\IMM32.DLL
0x000000005d3f0000 - 0x000000005d4c2000 	C:\Program Files\Java\jdk1.8.0_25\jre\bin\msvcr100.dll
0x000000005d8b0000 - 0x000000005e10a000 	C:\Program Files\Java\jdk1.8.0_25\jre\bin\server\jvm.dll
0x00007ffd2f260000 - 0x00007ffd2f268000 	C:\WINDOWS\system32\PSAPI.DLL
0x00007ffd1b6e0000 - 0x00007ffd1b6e9000 	C:\WINDOWS\SYSTEM32\WSOCK32.dll
0x00007ffd314b0000 - 0x00007ffd3151b000 	C:\WINDOWS\system32\WS2_32.dll
0x00007ffd2c0d0000 - 0x00007ffd2c0f3000 	C:\WINDOWS\SYSTEM32\WINMM.dll
0x00007ffd2bff0000 - 0x00007ffd2c01c000 	C:\WINDOWS\SYSTEM32\WINMMBASE.dll
0x00007ffd2e240000 - 0x00007ffd2e283000 	C:\WINDOWS\system32\cfgmgr32.dll
0x000000005d8a0000 - 0x000000005d8af000 	C:\Program Files\Java\jdk1.8.0_25\jre\bin\verify.dll
0x000000005d870000 - 0x000000005d898000 	C:\Program Files\Java\jdk1.8.0_25\jre\bin\java.dll
0x000000005d850000 - 0x000000005d866000 	C:\Program Files\Java\jdk1.8.0_25\jre\bin\zip.dll
0x00007ffd2f2d0000 - 0x00007ffd3082c000 	C:\WINDOWS\system32\SHELL32.dll
0x00007ffd2e560000 - 0x00007ffd2eba5000 	C:\WINDOWS\system32\windows.storage.dll
0x00007ffd2ef90000 - 0x00007ffd2efe2000 	C:\WINDOWS\system32\shlwapi.dll
0x00007ffd2e1d0000 - 0x00007ffd2e1df000 	C:\WINDOWS\system32\kernel.appcore.dll
0x00007ffd2ebb0000 - 0x00007ffd2ec65000 	C:\WINDOWS\system32\shcore.dll
0x00007ffd2e1e0000 - 0x00007ffd2e22b000 	C:\WINDOWS\system32\powrprof.dll
0x00007ffd2e1b0000 - 0x00007ffd2e1c4000 	C:\WINDOWS\system32\profapi.dll

VM Arguments:
jvm_args: -Djava.awt.headless=true -Xmx1024M -Dfile.encoding=windows-1252 -Duser.country=FR -Duser.language=fr -Duser.variant 
java_command: com.android.dx.command.Main --dex --force-jumbo --num-threads=4 --multi-dex --output C:\Users\Famille\AndroidStudioProjects\Niviel\app\build\intermediates\transforms\dex\debug\folders\1000\10\com.android.support-recyclerview-v7-24.1.0_f88c8a02634e37cfa8817043a67a79a5ee0dac80 C:\Users\Famille\AndroidStudioProjects\Niviel\app\build\intermediates\exploded-aar\com.android.support\recyclerview-v7\24.1.0\jars\classes.jar
java_class_path (initial): C:\Users\Famille\AppData\Local\Android\sdk\build-tools\23.0.2\lib\dx.jar
Launcher Type: SUN_STANDARD

Environment Variables:
JAVA_HOME=C:\Program Files\Java\jdk1.8.0_25
PATH=C:\Program Files\Broadcom\Broadcom 802.11 Network Adapter;;C:\Program Files\Broadcom\Broadcom 802.11;C:\ProgramData\Oracle\Java\javapath;C:\Program Files (x86)\Intel\iCLS Client\;C:\Program Files\Intel\iCLS Client\;C:\Windows\system32;C:\Windows;C:\Windows\System32\Wbem;C:\Windows\System32\WindowsPowerShell\v1.0\;C:\Program Files\Hewlett-Packard\SimplePass\;C:\wamp\bin\php\php5.5.12;C:\Python27;C:\Users\Famille\AppData\Roaming\npm\;C:\Program Files\nodejs\;C:\Program Files\Git\cmd;C:\Program Files (x86)\Brackets\command;C:\Program Files (x86)\Ant\bin;C:\Program Files (x86)\Maven\bin;C:\Program Files (x86)\Intel\Intel(R) Management Engine Components\DAL;C:\Program Files\Intel\Intel(R) Management Engine Components\DAL;C:\Program Files (x86)\Intel\Intel(R) Management Engine Components\IPT;C:\Program Files\Intel\Intel(R) Management Engine Components\IPT;C:\Users\Famille\AppData\Local\atom\bin;C:\Users\Famille\AppData\Roaming\npm
USERNAME=de Lachaux
OS=Windows_NT
PROCESSOR_IDENTIFIER=Intel64 Family 6 Model 69 Stepping 1, GenuineIntel



---------------  S Y S T E M  ---------------

OS: Windows 8.1 , 64 bit Build 9600 

CPU:total 4 (2 cores per cpu, 2 threads per core) family 6 model 69 stepping 1, cmov, cx8, fxsr, mmx, sse, sse2, sse3, ssse3, sse4.1, sse4.2, popcnt, avx, avx2, aes, clmul, erms, lzcnt, ht, tsc, tscinvbit, bmi1, bmi2

Memory: 4k page, physical 4122776k(316896k free), swap 5555352k(4140k free)

vm_info: Java HotSpot(TM) 64-Bit Server VM (25.25-b02) for windows-amd64 JRE (1.8.0_25-b18), built on Oct  7 2014 14:25:37 by "java_re" with MS VC++ 10.0 (VS2010)

time: Sun Aug 21 12:15:25 2016
elapsed time: 11 seconds (0d 0h 0m 11s)

