#
# There is insufficient memory for the Java Runtime Environment to continue.
# Native memory allocation (malloc) failed to allocate 32744 bytes for ChunkPool::allocate
# Possible reasons:
#   The system is out of physical RAM or swap space
#   In 32 bit mode, the process size limit was hit
# Possible solutions:
#   Reduce memory load on the system
#   Increase physical memory or swap space
#   Check if swap backing store is full
#   Use 64 bit Java on a 64 bit OS
#   Decrease Java heap size (-Xmx/-Xms)
#   Decrease number of Java threads
#   Decrease Java thread stack sizes (-Xss)
#   Set larger code cache with -XX:ReservedCodeCacheSize=
# This output file may be truncated or incomplete.
#
#  Out of Memory Error (allocation.cpp:273), pid=55732, tid=55464
#
# JRE version: Java(TM) SE Runtime Environment (8.0_25-b18) (build 1.8.0_25-b18)
# Java VM: Java HotSpot(TM) 64-Bit Server VM (25.25-b02 mixed mode windows-amd64 compressed oops)
# Failed to write core dump. Minidumps are not enabled by default on client versions of Windows
#

---------------  T H R E A D  ---------------

Current thread (0x0000000014dc3800):  JavaThread "C1 CompilerThread2" daemon [_thread_in_native, id=55464, stack(0x00000000164d0000,0x00000000165d0000)]

Stack: [0x00000000164d0000,0x00000000165d0000]
Native frames: (J=compiled Java code, j=interpreted, Vv=VM code, C=native code)
V  [jvm.dll+0x31667a]
V  [jvm.dll+0x267073]
V  [jvm.dll+0x267cb3]
V  [jvm.dll+0x25f5b5]
V  [jvm.dll+0xbeec1]
V  [jvm.dll+0xbf60c]
V  [jvm.dll+0x25e727]
V  [jvm.dll+0x25e8f5]
V  [jvm.dll+0x40965c]
V  [jvm.dll+0x40e6d6]
V  [jvm.dll+0x3ed2c0]
V  [jvm.dll+0x3ed690]
V  [jvm.dll+0x3ed7c2]
V  [jvm.dll+0x3ed98e]
V  [jvm.dll+0x3edb8f]
V  [jvm.dll+0x98a02]
V  [jvm.dll+0x991f3]
V  [jvm.dll+0x22bde4]
V  [jvm.dll+0x2852fa]
C  [msvcr100.dll+0x21d9f]
C  [msvcr100.dll+0x21e3b]
C  [KERNEL32.DLL+0x18102]
C  [ntdll.dll+0x5c5b4]


Current CompileTask:
C1:   3030  549   !   3       com.android.dx.cf.code.BytecodeArray::parseInstruction (2764 bytes)


---------------  P R O C E S S  ---------------

Java Threads: ( => current thread )
  0x00000000169ff800 JavaThread "pool-2-thread-4" [_thread_in_native, id=55488, stack(0x0000000016fd0000,0x00000000170d0000)]
  0x00000000169fe000 JavaThread "pool-2-thread-3" [_thread_blocked, id=41376, stack(0x0000000016ed0000,0x0000000016fd0000)]
  0x00000000169f9800 JavaThread "pool-2-thread-2" [_thread_blocked, id=54256, stack(0x0000000016dd0000,0x0000000016ed0000)]
  0x0000000016911800 JavaThread "pool-3-thread-1" [_thread_blocked, id=53732, stack(0x0000000016cd0000,0x0000000016dd0000)]
  0x0000000016910800 JavaThread "pool-2-thread-1" [_thread_blocked, id=56212, stack(0x0000000016bd0000,0x0000000016cd0000)]
  0x0000000014dcb000 JavaThread "Service Thread" daemon [_thread_blocked, id=53804, stack(0x00000000165d0000,0x00000000166d0000)]
=>0x0000000014dc3800 JavaThread "C1 CompilerThread2" daemon [_thread_in_native, id=55464, stack(0x00000000164d0000,0x00000000165d0000)]
  0x0000000014dc2800 JavaThread "C2 CompilerThread1" daemon [_thread_in_native, id=56148, stack(0x00000000163d0000,0x00000000164d0000)]
  0x0000000014d6c000 JavaThread "C2 CompilerThread0" daemon [_thread_in_native, id=55328, stack(0x00000000162d0000,0x00000000163d0000)]
  0x0000000014d6a800 JavaThread "Attach Listener" daemon [_thread_blocked, id=55624, stack(0x00000000161d0000,0x00000000162d0000)]
  0x0000000014d69800 JavaThread "Signal Dispatcher" daemon [_thread_blocked, id=52292, stack(0x00000000160d0000,0x00000000161d0000)]
  0x0000000002690800 JavaThread "Finalizer" daemon [_thread_blocked, id=46896, stack(0x0000000015fd0000,0x00000000160d0000)]
  0x000000000268d000 JavaThread "Reference Handler" daemon [_thread_blocked, id=55016, stack(0x0000000015ed0000,0x0000000015fd0000)]
  0x000000000259e000 JavaThread "main" [_thread_in_vm, id=54708, stack(0x00000000023d0000,0x00000000024d0000)]

Other Threads:
  0x0000000014d36800 VMThread [stack: 0x0000000015dd0000,0x0000000015ed0000] [id=55884]
  0x0000000014dcd000 WatcherThread [stack: 0x00000000166d0000,0x00000000167d0000] [id=55704]

VM state:not at safepoint (normal execution)

VM Mutex/Monitor currently owned by a thread: None

Heap:
 PSYoungGen      total 18944K, used 9895K [0x00000000eab00000, 0x00000000ec000000, 0x0000000100000000)
  eden space 16384K, 60% used [0x00000000eab00000,0x00000000eb4a9d08,0x00000000ebb00000)
  from space 2560K, 0% used [0x00000000ebd80000,0x00000000ebd80000,0x00000000ec000000)
  to   space 2560K, 0% used [0x00000000ebb00000,0x00000000ebb00000,0x00000000ebd80000)
 ParOldGen       total 44032K, used 0K [0x00000000c0000000, 0x00000000c2b00000, 0x00000000eab00000)
  object space 44032K, 0% used [0x00000000c0000000,0x00000000c0000000,0x00000000c2b00000)
 Metaspace       used 5051K, capacity 6160K, committed 6272K, reserved 1056768K
  class space    used 548K, capacity 584K, committed 640K, reserved 1048576K

Card table byte_map: [0x0000000011a60000,0x0000000011c70000] byte_map_base: 0x0000000011460000

Marking Bits: (ParMarkBitMap*) 0x000000007333d490
 Begin Bits: [0x00000000121d0000, 0x00000000131d0000)
 End Bits:   [0x00000000131d0000, 0x00000000141d0000)

Polling page: 0x0000000000bf0000

CodeCache: size=245760Kb used=2255Kb max_used=2266Kb free=243504Kb
 bounds [0x00000000026a0000, 0x0000000002910000, 0x00000000116a0000]
 total_blobs=811 nmethods=549 adapters=176
 compilation: enabled

Compilation events (10 events):
Event: 2.984 Thread 0x0000000014dc3800  545       3       java.util.TreeMap::rotateRight (96 bytes)
Event: 2.984 Thread 0x0000000014dc3800 nmethod 545 0x00000000028d0150 code [0x00000000028d02c0, 0x00000000028d0610]
Event: 2.984 Thread 0x0000000014dc3800  546       3       com.android.dx.dex.cf.CfTranslator::coerceConstant (144 bytes)
Event: 2.986 Thread 0x0000000014d6c000  553       4       java.util.HashMap::getNode (148 bytes)
Event: 2.986 Thread 0x0000000014dc3800 nmethod 546 0x00000000028d3710 code [0x00000000028d3a20, 0x00000000028d5768]
Event: 2.986 Thread 0x0000000014dc3800  550       1       com.android.dx.util.ByteArray::getByte0 (12 bytes)
Event: 2.986 Thread 0x0000000014dc3800 nmethod 550 0x00000000028cfe10 code [0x00000000028cff60, 0x00000000028d0090]
Event: 2.986 Thread 0x0000000014dc3800  549   !   3       com.android.dx.cf.code.BytecodeArray::parseInstruction (2764 bytes)
Event: 2.991 Thread 0x0000000014d6c000 nmethod 553 0x00000000028d7bd0 code [0x00000000028d7d40, 0x00000000028d80e8]
Event: 2.995 Thread 0x0000000014dc2800  557       4       sun.misc.MetaIndex::mayContain (51 bytes)

GC Heap History (0 events):
No events

Deoptimization events (8 events):
Event: 2.311 Thread 0x00000000169f9800 Uncommon trap: reason=class_check action=maybe_recompile pc=0x0000000002872688 method=com.android.dx.rop.cst.Constant.compareTo(Ljava/lang/Object;)I @ 2
Event: 2.311 Thread 0x00000000169f9800 Uncommon trap: reason=class_check action=maybe_recompile pc=0x0000000002872688 method=com.android.dx.rop.cst.Constant.compareTo(Ljava/lang/Object;)I @ 2
Event: 2.311 Thread 0x00000000169f9800 Uncommon trap: reason=class_check action=maybe_recompile pc=0x0000000002872688 method=com.android.dx.rop.cst.Constant.compareTo(Ljava/lang/Object;)I @ 2
Event: 2.311 Thread 0x00000000169f9800 Uncommon trap: reason=class_check action=maybe_recompile pc=0x0000000002872688 method=com.android.dx.rop.cst.Constant.compareTo(Ljava/lang/Object;)I @ 2
Event: 2.533 Thread 0x00000000169fe000 Uncommon trap: reason=speculate_class_check action=maybe_recompile pc=0x000000000288a0e4 method=com.android.dx.rop.cst.Constant.compareTo(Lcom/android/dx/rop/cst/Constant;)I @ 29
Event: 2.534 Thread 0x00000000169fe000 Uncommon trap: reason=speculate_class_check action=maybe_recompile pc=0x000000000288a0e4 method=com.android.dx.rop.cst.Constant.compareTo(Lcom/android/dx/rop/cst/Constant;)I @ 29
Event: 2.534 Thread 0x00000000169fe000 Uncommon trap: reason=speculate_class_check action=maybe_recompile pc=0x000000000288a0e4 method=com.android.dx.rop.cst.Constant.compareTo(Lcom/android/dx/rop/cst/Constant;)I @ 29
Event: 2.534 Thread 0x00000000169fe000 Uncommon trap: reason=speculate_class_check action=maybe_recompile pc=0x000000000288a0e4 method=com.android.dx.rop.cst.Constant.compareTo(Lcom/android/dx/rop/cst/Constant;)I @ 29

Internal exceptions (10 events):
Event: 2.490 Thread 0x000000000259e000 Exception <a 'java/security/PrivilegedActionException'> (0x00000000eb36c290) thrown at [D:\re\workspace\8-2-build-windows-amd64-cygwin\jdk8u25\1677\hotspot\src\share\vm\prims\jvm.cpp, line 1312]
Event: 2.491 Thread 0x000000000259e000 Exception <a 'java/security/PrivilegedActionException'> (0x00000000eb376150) thrown at [D:\re\workspace\8-2-build-windows-amd64-cygwin\jdk8u25\1677\hotspot\src\share\vm\prims\jvm.cpp, line 1312]
Event: 2.492 Thread 0x000000000259e000 Exception <a 'java/security/PrivilegedActionException'> (0x00000000eb380408) thrown at [D:\re\workspace\8-2-build-windows-amd64-cygwin\jdk8u25\1677\hotspot\src\share\vm\prims\jvm.cpp, line 1312]
Event: 2.492 Thread 0x000000000259e000 Exception <a 'java/security/PrivilegedActionException'> (0x00000000eb384228) thrown at [D:\re\workspace\8-2-build-windows-amd64-cygwin\jdk8u25\1677\hotspot\src\share\vm\prims\jvm.cpp, line 1312]
Event: 2.493 Thread 0x000000000259e000 Exception <a 'java/security/PrivilegedActionException'> (0x00000000eb386470) thrown at [D:\re\workspace\8-2-build-windows-amd64-cygwin\jdk8u25\1677\hotspot\src\share\vm\prims\jvm.cpp, line 1312]
Event: 2.494 Thread 0x000000000259e000 Exception <a 'java/security/PrivilegedActionException'> (0x00000000eb38eca8) thrown at [D:\re\workspace\8-2-build-windows-amd64-cygwin\jdk8u25\1677\hotspot\src\share\vm\prims\jvm.cpp, line 1312]
Event: 2.494 Thread 0x000000000259e000 Exception <a 'java/security/PrivilegedActionException'> (0x00000000eb3919e0) thrown at [D:\re\workspace\8-2-build-windows-amd64-cygwin\jdk8u25\1677\hotspot\src\share\vm\prims\jvm.cpp, line 1312]
Event: 2.494 Thread 0x000000000259e000 Exception <a 'java/security/PrivilegedActionException'> (0x00000000eb394b40) thrown at [D:\re\workspace\8-2-build-windows-amd64-cygwin\jdk8u25\1677\hotspot\src\share\vm\prims\jvm.cpp, line 1312]
Event: 2.983 Thread 0x000000000259e000 Exception <a 'java/security/PrivilegedActionException'> (0x00000000eb398550) thrown at [D:\re\workspace\8-2-build-windows-amd64-cygwin\jdk8u25\1677\hotspot\src\share\vm\prims\jvm.cpp, line 1312]
Event: 2.996 Thread 0x000000000259e000 Exception <a 'java/security/PrivilegedActionException'> (0x00000000eb39bd00) thrown at [D:\re\workspace\8-2-build-windows-amd64-cygwin\jdk8u25\1677\hotspot\src\share\vm\prims\jvm.cpp, line 1312]

Events (10 events):
Event: 2.534 Thread 0x00000000169fe000 DEOPT UNPACKING pc=0x00000000026e556a sp=0x0000000016fcec90 mode 2
Event: 2.534 Thread 0x00000000169fe000 Uncommon trap: trap_request=0xffffff76 fr.pc=0x000000000288a0e4
Event: 2.534 Thread 0x00000000169fe000 DEOPT PACKING pc=0x000000000288a0e4 sp=0x0000000016fced00
Event: 2.534 Thread 0x00000000169fe000 DEOPT UNPACKING pc=0x00000000026e556a sp=0x0000000016fcec30 mode 2
Event: 2.983 loading class com/android/dx/dex/code/TargetInsn
Event: 2.983 loading class com/android/dx/dex/code/TargetInsn done
Event: 2.995 loading class com/android/dx/dex/code/FixedSizeInsn
Event: 2.995 loading class com/android/dx/dex/code/FixedSizeInsn done
Event: 2.997 loading class com/android/dx/dex/code/BlockAddresses
Event: 2.997 loading class com/android/dx/dex/code/BlockAddresses done


Dynamic libraries:
0x00007ff643410000 - 0x00007ff643444000 	C:\Program Files\Java\jdk1.8.0_25\bin\java.exe
0x00007fff80c20000 - 0x00007fff80de1000 	C:\WINDOWS\SYSTEM32\ntdll.dll
0x00007fff80400000 - 0x00007fff804ad000 	C:\WINDOWS\system32\KERNEL32.DLL
0x00007fff7d680000 - 0x00007fff7d868000 	C:\WINDOWS\system32\KERNELBASE.dll
0x00007fff80850000 - 0x00007fff808f7000 	C:\WINDOWS\system32\ADVAPI32.dll
0x00007fff801e0000 - 0x00007fff8027d000 	C:\WINDOWS\system32\msvcrt.dll
0x00007fff7ec20000 - 0x00007fff7ec7b000 	C:\WINDOWS\system32\sechost.dll
0x00007fff804b0000 - 0x00007fff805cc000 	C:\WINDOWS\system32\RPCRT4.dll
0x00007fff7e030000 - 0x00007fff7e186000 	C:\WINDOWS\system32\USER32.dll
0x00007fff7e450000 - 0x00007fff7e5d6000 	C:\WINDOWS\system32\GDI32.dll
0x00007fff76200000 - 0x00007fff76474000 	C:\WINDOWS\WinSxS\amd64_microsoft.windows.common-controls_6595b64144ccf1df_6.0.10586.494_none_a2d8b04ea53e3145\COMCTL32.dll
0x00007fff805d0000 - 0x00007fff8084d000 	C:\WINDOWS\system32\combase.dll
0x00007fff7d4f0000 - 0x00007fff7d55a000 	C:\WINDOWS\system32\bcryptPrimitives.dll
0x00007fff80be0000 - 0x00007fff80c1b000 	C:\WINDOWS\system32\IMM32.DLL
0x00000000726a0000 - 0x0000000072772000 	C:\Program Files\Java\jdk1.8.0_25\jre\bin\msvcr100.dll
0x0000000072b60000 - 0x00000000733ba000 	C:\Program Files\Java\jdk1.8.0_25\jre\bin\server\jvm.dll
0x00007fff7e190000 - 0x00007fff7e198000 	C:\WINDOWS\system32\PSAPI.DLL
0x00007fff65bb0000 - 0x00007fff65bb9000 	C:\WINDOWS\SYSTEM32\WSOCK32.dll
0x00007fff7ebb0000 - 0x00007fff7ec1b000 	C:\WINDOWS\system32\WS2_32.dll
0x00007fff7b560000 - 0x00007fff7b583000 	C:\WINDOWS\SYSTEM32\WINMM.dll
0x00007fff7b110000 - 0x00007fff7b13c000 	C:\WINDOWS\SYSTEM32\WINMMBASE.dll
0x00007fff7d4a0000 - 0x00007fff7d4e3000 	C:\WINDOWS\system32\cfgmgr32.dll
0x0000000072b50000 - 0x0000000072b5f000 	C:\Program Files\Java\jdk1.8.0_25\jre\bin\verify.dll
0x0000000072b20000 - 0x0000000072b48000 	C:\Program Files\Java\jdk1.8.0_25\jre\bin\java.dll
0x0000000072b00000 - 0x0000000072b16000 	C:\Program Files\Java\jdk1.8.0_25\jre\bin\zip.dll
0x00007fff7ec80000 - 0x00007fff801dc000 	C:\WINDOWS\system32\SHELL32.dll
0x00007fff7d870000 - 0x00007fff7deb5000 	C:\WINDOWS\system32\windows.storage.dll
0x00007fff80b80000 - 0x00007fff80bd2000 	C:\WINDOWS\system32\shlwapi.dll
0x00007fff7d2c0000 - 0x00007fff7d2cf000 	C:\WINDOWS\system32\kernel.appcore.dll
0x00007fff7d5c0000 - 0x00007fff7d675000 	C:\WINDOWS\system32\shcore.dll
0x00007fff7d270000 - 0x00007fff7d2bb000 	C:\WINDOWS\system32\powrprof.dll
0x00007fff7d240000 - 0x00007fff7d254000 	C:\WINDOWS\system32\profapi.dll
0x00007fff63a80000 - 0x00007fff63c0c000 	C:\WINDOWS\SYSTEM32\dbghelp.dll

VM Arguments:
jvm_args: -Djava.awt.headless=true -Xmx1024M -Dfile.encoding=windows-1252 -Duser.country=FR -Duser.language=fr -Duser.variant 
java_command: com.android.dx.command.Main --dex --force-jumbo --num-threads=4 --multi-dex --output C:\Users\Famille\AndroidStudioProjects\Niviel\app\build\intermediates\transforms\dex\debug\folders\1000\5\slice_0 C:\Users\Famille\AndroidStudioProjects\Niviel\app\build\intermediates\transforms\instantRunSlicer\debug\folders\1\5\slice_0
java_class_path (initial): C:\Users\Famille\AppData\Local\Android\sdk\build-tools\23.0.2\lib\dx.jar
Launcher Type: SUN_STANDARD

Environment Variables:
JAVA_HOME=C:\Program Files\Java\jdk1.8.0_25
PATH=C:\Program Files\Broadcom\Broadcom 802.11 Network Adapter;;C:\Program Files\Broadcom\Broadcom 802.11;C:\ProgramData\Oracle\Java\javapath;C:\Program Files (x86)\Intel\iCLS Client\;C:\Program Files\Intel\iCLS Client\;C:\Windows\system32;C:\Windows;C:\Windows\System32\Wbem;C:\Windows\System32\WindowsPowerShell\v1.0\;C:\Program Files\Hewlett-Packard\SimplePass\;C:\wamp\bin\php\php5.5.12;C:\Python27;C:\Users\Famille\AppData\Roaming\npm\;C:\Program Files\nodejs\;C:\Program Files\Git\cmd;C:\Program Files (x86)\Brackets\command;C:\Program Files (x86)\Ant\bin;C:\Program Files (x86)\Maven\bin;C:\Program Files (x86)\Intel\Intel(R) Management Engine Components\DAL;C:\Program Files\Intel\Intel(R) Management Engine Components\DAL;C:\Program Files (x86)\Intel\Intel(R) Management Engine Components\IPT;C:\Program Files\Intel\Intel(R) Management Engine Components\IPT;C:\Users\Famille\AppData\Local\atom\bin;C:\Users\Famille\AppData\Roaming\npm
USERNAME=de Lachaux
OS=Windows_NT
PROCESSOR_IDENTIFIER=Intel64 Family 6 Model 69 Stepping 1, GenuineIntel



---------------  S Y S T E M  ---------------

OS: Windows 8.1 , 64 bit Build 9600 

CPU:total 4 (2 cores per cpu, 2 threads per core) family 6 model 69 stepping 1, cmov, cx8, fxsr, mmx, sse, sse2, sse3, ssse3, sse4.1, sse4.2, popcnt, avx, avx2, aes, clmul, erms, lzcnt, ht, tsc, tscinvbit, bmi1, bmi2

Memory: 4k page, physical 4122776k(315196k free), swap 5555352k(4164k free)

vm_info: Java HotSpot(TM) 64-Bit Server VM (25.25-b02) for windows-amd64 JRE (1.8.0_25-b18), built on Oct  7 2014 14:25:37 by "java_re" with MS VC++ 10.0 (VS2010)

time: Thu Aug 25 11:48:31 2016
elapsed time: 3 seconds (0d 0h 0m 3s)

