#
# There is insufficient memory for the Java Runtime Environment to continue.
# Native memory allocation (malloc) failed to allocate 32744 bytes for ChunkPool::allocate
# Possible reasons:
#   The system is out of physical RAM or swap space
#   In 32 bit mode, the process size limit was hit
# Possible solutions:
#   Reduce memory load on the system
#   Increase physical memory or swap space
#   Check if swap backing store is full
#   Use 64 bit Java on a 64 bit OS
#   Decrease Java heap size (-Xmx/-Xms)
#   Decrease number of Java threads
#   Decrease Java thread stack sizes (-Xss)
#   Set larger code cache with -XX:ReservedCodeCacheSize=
# This output file may be truncated or incomplete.
#
#  Out of Memory Error (allocation.cpp:273), pid=52500, tid=52712
#
# JRE version: Java(TM) SE Runtime Environment (8.0_25-b18) (build 1.8.0_25-b18)
# Java VM: Java HotSpot(TM) 64-Bit Server VM (25.25-b02 mixed mode windows-amd64 compressed oops)
# Failed to write core dump. Minidumps are not enabled by default on client versions of Windows
#

---------------  T H R E A D  ---------------

Current thread (0x0000000016bb8800):  JavaThread "C1 CompilerThread2" daemon [_thread_in_native, id=52712, stack(0x0000000016fb0000,0x00000000170b0000)]

Stack: [0x0000000016fb0000,0x00000000170b0000]
Native frames: (J=compiled Java code, j=interpreted, Vv=VM code, C=native code)
V  [jvm.dll+0x31667a]


Current CompileTask:
C1:    801  268   !   3       com.android.dx.cf.cst.ConstantPoolParser::parse0 (731 bytes)


---------------  P R O C E S S  ---------------

Java Threads: ( => current thread )
  0x0000000016ed7000 JavaThread "pool-2-thread-4" [_thread_in_vm, id=52852, stack(0x00000000176b0000,0x00000000177b0000)]
  0x0000000016ee0800 JavaThread "pool-2-thread-3" [_thread_blocked, id=52844, stack(0x00000000175b0000,0x00000000176b0000)]
  0x0000000016e92800 JavaThread "pool-2-thread-2" [_thread_blocked, id=52840, stack(0x00000000174b0000,0x00000000175b0000)]
  0x0000000016d01800 JavaThread "pool-3-thread-1" [_thread_blocked, id=52824, stack(0x00000000173b0000,0x00000000174b0000)]
  0x0000000016cfc800 JavaThread "pool-2-thread-1" [_thread_in_native, id=52820, stack(0x00000000172b0000,0x00000000173b0000)]
  0x0000000016bbc000 JavaThread "Service Thread" daemon [_thread_blocked, id=52728, stack(0x00000000170b0000,0x00000000171b0000)]
=>0x0000000016bb8800 JavaThread "C1 CompilerThread2" daemon [_thread_in_native, id=52712, stack(0x0000000016fb0000,0x00000000170b0000)]
  0x0000000015462000 JavaThread "C2 CompilerThread1" daemon [_thread_blocked, id=52704, stack(0x0000000016ab0000,0x0000000016bb0000)]
  0x000000001545d000 JavaThread "C2 CompilerThread0" daemon [_thread_blocked, id=52696, stack(0x00000000169b0000,0x0000000016ab0000)]
  0x000000001545b800 JavaThread "Attach Listener" daemon [_thread_blocked, id=52680, stack(0x00000000168b0000,0x00000000169b0000)]
  0x000000001545a800 JavaThread "Signal Dispatcher" daemon [_thread_blocked, id=52676, stack(0x00000000167b0000,0x00000000168b0000)]
  0x0000000002d80800 JavaThread "Finalizer" daemon [_thread_blocked, id=52664, stack(0x00000000166b0000,0x00000000167b0000)]
  0x0000000002d7d000 JavaThread "Reference Handler" daemon [_thread_blocked, id=52656, stack(0x00000000165b0000,0x00000000166b0000)]
  0x00000000012be000 JavaThread "main" [_thread_in_native, id=52580, stack(0x0000000002b40000,0x0000000002c40000)]

Other Threads:
  0x0000000015426800 VMThread [stack: 0x00000000164b0000,0x00000000165b0000] [id=52652]
  0x0000000016bbe800 WatcherThread [stack: 0x00000000171b0000,0x00000000172b0000] [id=52732]

VM state:not at safepoint (normal execution)

VM Mutex/Monitor currently owned by a thread:  ([mutex/lock_event])
[0x00000000012bd220] AdapterHandlerLibrary_lock - owner thread: 0x0000000000000000

Heap:
 PSYoungGen      total 18944K, used 9216K [0x00000000eab00000, 0x00000000ec000000, 0x0000000100000000)
  eden space 16384K, 56% used [0x00000000eab00000,0x00000000eb4002e8,0x00000000ebb00000)
  from space 2560K, 0% used [0x00000000ebd80000,0x00000000ebd80000,0x00000000ec000000)
  to   space 2560K, 0% used [0x00000000ebb00000,0x00000000ebb00000,0x00000000ebd80000)
 ParOldGen       total 44032K, used 0K [0x00000000c0000000, 0x00000000c2b00000, 0x00000000eab00000)
  object space 44032K, 0% used [0x00000000c0000000,0x00000000c0000000,0x00000000c2b00000)
 Metaspace       used 5128K, capacity 6320K, committed 6528K, reserved 1056768K
  class space    used 574K, capacity 616K, committed 640K, reserved 1048576K

Card table byte_map: [0x0000000012150000,0x0000000012360000] byte_map_base: 0x0000000011b50000

Marking Bits: (ParMarkBitMap*) 0x000000007333d490
 Begin Bits: [0x00000000128c0000, 0x00000000138c0000)
 End Bits:   [0x00000000138c0000, 0x00000000148c0000)

Polling page: 0x00000000011e0000

CodeCache: size=245760Kb used=1559Kb max_used=1571Kb free=244200Kb
 bounds [0x0000000002d90000, 0x0000000003000000, 0x0000000011d90000]
 total_blobs=536 nmethods=274 adapters=176
 compilation: enabled

Compilation events (10 events):
Event: 0.698 Thread 0x0000000016bb8800  263       3       com.android.dx.rop.type.Type::hashCode (8 bytes)
Event: 0.698 Thread 0x0000000016bb8800 nmethod 263 0x0000000002f12b50 code [0x0000000002f12cc0, 0x0000000002f12ec8]
Event: 0.698 Thread 0x0000000016bb8800  264       3       com.android.dx.rop.code.RegisterSpec::hashCodeOf (30 bytes)
Event: 0.698 Thread 0x0000000016bb8800 nmethod 264 0x0000000002f12f90 code [0x0000000002f13100, 0x0000000002f133b8]
Event: 0.698 Thread 0x0000000016bb8800  265       3       java.util.ArrayList$Itr::hasNext (20 bytes)
Event: 0.699 Thread 0x0000000016bb8800 nmethod 265 0x0000000002f134d0 code [0x0000000002f13640, 0x0000000002f13810]
Event: 0.699 Thread 0x0000000015462000  266       4       java.lang.String::replace (127 bytes)
Event: 0.700 Thread 0x000000001545d000  267       4       java.lang.Math::min (11 bytes)
Event: 0.700 Thread 0x000000001545d000 nmethod 267 0x0000000002f16510 code [0x0000000002f16640, 0x0000000002f16698]
Event: 0.704 Thread 0x0000000016bb8800  268   !   3       com.android.dx.cf.cst.ConstantPoolParser::parse0 (731 bytes)

GC Heap History (0 events):
No events

Deoptimization events (0 events):
No events

Internal exceptions (10 events):
Event: 0.684 Thread 0x0000000016cfc800 Exception <a 'java/security/PrivilegedActionException'> (0x00000000eb106e90) thrown at [D:\re\workspace\8-2-build-windows-amd64-cygwin\jdk8u25\1677\hotspot\src\share\vm\prims\jvm.cpp, line 1312]
Event: 0.685 Thread 0x0000000016cfc800 Exception <a 'java/security/PrivilegedActionException'> (0x00000000eb10f8a0) thrown at [D:\re\workspace\8-2-build-windows-amd64-cygwin\jdk8u25\1677\hotspot\src\share\vm\prims\jvm.cpp, line 1312]
Event: 0.686 Thread 0x0000000016cfc800 Exception <a 'java/security/PrivilegedActionException'> (0x00000000eb112730) thrown at [D:\re\workspace\8-2-build-windows-amd64-cygwin\jdk8u25\1677\hotspot\src\share\vm\prims\jvm.cpp, line 1312]
Event: 0.686 Thread 0x0000000016cfc800 Exception <a 'java/security/PrivilegedActionException'> (0x00000000eb115508) thrown at [D:\re\workspace\8-2-build-windows-amd64-cygwin\jdk8u25\1677\hotspot\src\share\vm\prims\jvm.cpp, line 1312]
Event: 0.687 Thread 0x0000000016cfc800 Exception <a 'java/security/PrivilegedActionException'> (0x00000000eb117460) thrown at [D:\re\workspace\8-2-build-windows-amd64-cygwin\jdk8u25\1677\hotspot\src\share\vm\prims\jvm.cpp, line 1312]
Event: 0.692 Thread 0x0000000016cfc800 Exception <a 'java/security/PrivilegedActionException'> (0x00000000eb11bc38) thrown at [D:\re\workspace\8-2-build-windows-amd64-cygwin\jdk8u25\1677\hotspot\src\share\vm\prims\jvm.cpp, line 1312]
Event: 0.699 Thread 0x0000000016cfc800 Exception <a 'java/security/PrivilegedActionException'> (0x00000000eb11fba0) thrown at [D:\re\workspace\8-2-build-windows-amd64-cygwin\jdk8u25\1677\hotspot\src\share\vm\prims\jvm.cpp, line 1312]
Event: 0.700 Thread 0x0000000016cfc800 Exception <a 'java/security/PrivilegedActionException'> (0x00000000eb122e98) thrown at [D:\re\workspace\8-2-build-windows-amd64-cygwin\jdk8u25\1677\hotspot\src\share\vm\prims\jvm.cpp, line 1312]
Event: 0.704 Thread 0x0000000016cfc800 Exception <a 'java/security/PrivilegedActionException'> (0x00000000eb1276b0) thrown at [D:\re\workspace\8-2-build-windows-amd64-cygwin\jdk8u25\1677\hotspot\src\share\vm\prims\jvm.cpp, line 1312]
Event: 0.705 Thread 0x00000000012be000 Exception <a 'java/security/PrivilegedActionException'> (0x00000000eae76ea0) thrown at [D:\re\workspace\8-2-build-windows-amd64-cygwin\jdk8u25\1677\hotspot\src\share\vm\prims\jvm.cpp, line 1312]

Events (10 events):
Event: 0.692 loading class com/android/dx/ssa/PhiInsn$Operand
Event: 0.692 loading class com/android/dx/ssa/PhiInsn$Operand done
Event: 0.699 loading class com/android/dx/ssa/MoveParamCombiner
Event: 0.699 loading class com/android/dx/ssa/MoveParamCombiner done
Event: 0.700 loading class com/android/dx/ssa/MoveParamCombiner$1
Event: 0.700 loading class com/android/dx/ssa/MoveParamCombiner$1 done
Event: 0.704 loading class com/android/dx/ssa/MoveParamCombiner$1$1
Event: 0.704 loading class com/android/dx/ssa/MoveParamCombiner$1$1 done
Event: 0.705 loading class com/android/dx/cf/direct/AnnotationParser
Event: 0.705 loading class com/android/dx/cf/direct/AnnotationParser done


Dynamic libraries:
0x00007ff761820000 - 0x00007ff761854000 	C:\Program Files\Java\jdk1.8.0_25\bin\java.exe
0x00007fff80c20000 - 0x00007fff80de1000 	C:\WINDOWS\SYSTEM32\ntdll.dll
0x00007fff80400000 - 0x00007fff804ad000 	C:\WINDOWS\system32\KERNEL32.DLL
0x00007fff7d680000 - 0x00007fff7d868000 	C:\WINDOWS\system32\KERNELBASE.dll
0x00007fff80850000 - 0x00007fff808f7000 	C:\WINDOWS\system32\ADVAPI32.dll
0x00007fff801e0000 - 0x00007fff8027d000 	C:\WINDOWS\system32\msvcrt.dll
0x00007fff7ec20000 - 0x00007fff7ec7b000 	C:\WINDOWS\system32\sechost.dll
0x00007fff804b0000 - 0x00007fff805cc000 	C:\WINDOWS\system32\RPCRT4.dll
0x00007fff7e030000 - 0x00007fff7e186000 	C:\WINDOWS\system32\USER32.dll
0x00007fff7e450000 - 0x00007fff7e5d6000 	C:\WINDOWS\system32\GDI32.dll
0x00007fff76200000 - 0x00007fff76474000 	C:\WINDOWS\WinSxS\amd64_microsoft.windows.common-controls_6595b64144ccf1df_6.0.10586.494_none_a2d8b04ea53e3145\COMCTL32.dll
0x00007fff805d0000 - 0x00007fff8084d000 	C:\WINDOWS\system32\combase.dll
0x00007fff7d4f0000 - 0x00007fff7d55a000 	C:\WINDOWS\system32\bcryptPrimitives.dll
0x00007fff80be0000 - 0x00007fff80c1b000 	C:\WINDOWS\system32\IMM32.DLL
0x00000000726a0000 - 0x0000000072772000 	C:\Program Files\Java\jdk1.8.0_25\jre\bin\msvcr100.dll
0x0000000072b60000 - 0x00000000733ba000 	C:\Program Files\Java\jdk1.8.0_25\jre\bin\server\jvm.dll
0x00007fff7e190000 - 0x00007fff7e198000 	C:\WINDOWS\system32\PSAPI.DLL
0x00007fff65bb0000 - 0x00007fff65bb9000 	C:\WINDOWS\SYSTEM32\WSOCK32.dll
0x00007fff7ebb0000 - 0x00007fff7ec1b000 	C:\WINDOWS\system32\WS2_32.dll
0x00007fff7b560000 - 0x00007fff7b583000 	C:\WINDOWS\SYSTEM32\WINMM.dll
0x00007fff7b110000 - 0x00007fff7b13c000 	C:\WINDOWS\SYSTEM32\WINMMBASE.dll
0x00007fff7d4a0000 - 0x00007fff7d4e3000 	C:\WINDOWS\system32\cfgmgr32.dll
0x0000000072b50000 - 0x0000000072b5f000 	C:\Program Files\Java\jdk1.8.0_25\jre\bin\verify.dll
0x0000000072b20000 - 0x0000000072b48000 	C:\Program Files\Java\jdk1.8.0_25\jre\bin\java.dll
0x0000000072b00000 - 0x0000000072b16000 	C:\Program Files\Java\jdk1.8.0_25\jre\bin\zip.dll
0x00007fff7ec80000 - 0x00007fff801dc000 	C:\WINDOWS\system32\SHELL32.dll
0x00007fff7d870000 - 0x00007fff7deb5000 	C:\WINDOWS\system32\windows.storage.dll
0x00007fff80b80000 - 0x00007fff80bd2000 	C:\WINDOWS\system32\shlwapi.dll
0x00007fff7d2c0000 - 0x00007fff7d2cf000 	C:\WINDOWS\system32\kernel.appcore.dll
0x00007fff7d5c0000 - 0x00007fff7d675000 	C:\WINDOWS\system32\shcore.dll
0x00007fff7d270000 - 0x00007fff7d2bb000 	C:\WINDOWS\system32\powrprof.dll
0x00007fff7d240000 - 0x00007fff7d254000 	C:\WINDOWS\system32\profapi.dll
0x00007fff63a80000 - 0x00007fff63c0c000 	C:\WINDOWS\SYSTEM32\dbghelp.dll

VM Arguments:
jvm_args: -Djava.awt.headless=true -Xmx1024M -Dfile.encoding=windows-1252 -Duser.country=FR -Duser.language=fr -Duser.variant 
java_command: com.android.dx.command.Main --dex --force-jumbo --num-threads=4 --multi-dex --output C:\Users\Famille\AndroidStudioProjects\Niviel\app\build\intermediates\transforms\dex\debug\folders\1000\5\slice_8 C:\Users\Famille\AndroidStudioProjects\Niviel\app\build\intermediates\transforms\instantRunSlicer\debug\folders\1\5\slice_8
java_class_path (initial): C:\Users\Famille\AppData\Local\Android\sdk\build-tools\23.0.2\lib\dx.jar
Launcher Type: SUN_STANDARD

Environment Variables:
JAVA_HOME=C:\Program Files\Java\jdk1.8.0_25
PATH=C:\Program Files\Broadcom\Broadcom 802.11 Network Adapter;;C:\Program Files\Broadcom\Broadcom 802.11;C:\ProgramData\Oracle\Java\javapath;C:\Program Files (x86)\Intel\iCLS Client\;C:\Program Files\Intel\iCLS Client\;C:\Windows\system32;C:\Windows;C:\Windows\System32\Wbem;C:\Windows\System32\WindowsPowerShell\v1.0\;C:\Program Files\Hewlett-Packard\SimplePass\;C:\wamp\bin\php\php5.5.12;C:\Python27;C:\Users\Famille\AppData\Roaming\npm\;C:\Program Files\nodejs\;C:\Program Files\Git\cmd;C:\Program Files (x86)\Brackets\command;C:\Program Files (x86)\Ant\bin;C:\Program Files (x86)\Maven\bin;C:\Program Files (x86)\Intel\Intel(R) Management Engine Components\DAL;C:\Program Files\Intel\Intel(R) Management Engine Components\DAL;C:\Program Files (x86)\Intel\Intel(R) Management Engine Components\IPT;C:\Program Files\Intel\Intel(R) Management Engine Components\IPT;C:\Users\Famille\AppData\Local\atom\bin;C:\Users\Famille\AppData\Roaming\npm
USERNAME=de Lachaux
OS=Windows_NT
PROCESSOR_IDENTIFIER=Intel64 Family 6 Model 69 Stepping 1, GenuineIntel



---------------  S Y S T E M  ---------------

OS: Windows 8.1 , 64 bit Build 9600 

CPU:total 4 (2 cores per cpu, 2 threads per core) family 6 model 69 stepping 1, cmov, cx8, fxsr, mmx, sse, sse2, sse3, ssse3, sse4.1, sse4.2, popcnt, avx, avx2, aes, clmul, erms, lzcnt, ht, tsc, tscinvbit, bmi1, bmi2

Memory: 4k page, physical 4122776k(285132k free), swap 5555352k(8276k free)

vm_info: Java HotSpot(TM) 64-Bit Server VM (25.25-b02) for windows-amd64 JRE (1.8.0_25-b18), built on Oct  7 2014 14:25:37 by "java_re" with MS VC++ 10.0 (VS2010)

time: Thu Aug 25 10:43:40 2016
elapsed time: 0 seconds (0d 0h 0m 0s)

