#
# There is insufficient memory for the Java Runtime Environment to continue.
# Native memory allocation (malloc) failed to allocate 33554448 bytes for Chunk::new
# Possible reasons:
#   The system is out of physical RAM or swap space
#   In 32 bit mode, the process size limit was hit
# Possible solutions:
#   Reduce memory load on the system
#   Increase physical memory or swap space
#   Check if swap backing store is full
#   Use 64 bit Java on a 64 bit OS
#   Decrease Java heap size (-Xmx/-Xms)
#   Decrease number of Java threads
#   Decrease Java thread stack sizes (-Xss)
#   Set larger code cache with -XX:ReservedCodeCacheSize=
# This output file may be truncated or incomplete.
#
#  Out of Memory Error (allocation.cpp:390), pid=65540, tid=66640
#
# JRE version: Java(TM) SE Runtime Environment (8.0_25-b18) (build 1.8.0_25-b18)
# Java VM: Java HotSpot(TM) 64-Bit Server VM (25.25-b02 mixed mode windows-amd64 compressed oops)
# Failed to write core dump. Minidumps are not enabled by default on client versions of Windows
#

---------------  T H R E A D  ---------------

Current thread (0x0000000015231000):  JavaThread "C2 CompilerThread1" daemon [_thread_in_native, id=66640, stack(0x00000000168a0000,0x00000000169a0000)]

Stack: [0x00000000168a0000,0x00000000169a0000]
Native frames: (J=compiled Java code, j=interpreted, Vv=VM code, C=native code)
V  [jvm.dll+0x31667a]
V  [jvm.dll+0x267073]
V  [jvm.dll+0x267cb3]
V  [jvm.dll+0x25f5b5]
V  [jvm.dll+0xbf165]
V  [jvm.dll+0xbf60c]
V  [jvm.dll+0x40c68]
V  [jvm.dll+0x45f0b0]
V  [jvm.dll+0x45f36a]
V  [jvm.dll+0x46024f]
V  [jvm.dll+0x4625fa]
V  [jvm.dll+0x464745]
V  [jvm.dll+0x4650cc]
V  [jvm.dll+0x465413]
V  [jvm.dll+0x4522c3]
V  [jvm.dll+0x453864]
V  [jvm.dll+0x437372]
V  [jvm.dll+0x98a02]
V  [jvm.dll+0x991f3]
V  [jvm.dll+0x22bde4]
V  [jvm.dll+0x2852fa]
C  [msvcr100.dll+0x21d9f]
C  [msvcr100.dll+0x21e3b]
C  [KERNEL32.DLL+0x18102]
C  [ntdll.dll+0x5c5b4]


Current CompileTask:
C2:  10683 1924   !   4       com.android.dx.cf.code.Ropper::processBlock (1101 bytes)


---------------  P R O C E S S  ---------------

Java Threads: ( => current thread )
  0x0000000017fd2800 JavaThread "pool-1-thread-1" [_thread_blocked, id=67084, stack(0x0000000019e60000,0x0000000019f60000)]
  0x0000000015284800 JavaThread "Service Thread" daemon [_thread_blocked, id=66644, stack(0x0000000016aa0000,0x0000000016ba0000)]
  0x0000000015280000 JavaThread "C1 CompilerThread2" daemon [_thread_blocked, id=66656, stack(0x00000000169a0000,0x0000000016aa0000)]
=>0x0000000015231000 JavaThread "C2 CompilerThread1" daemon [_thread_in_native, id=66640, stack(0x00000000168a0000,0x00000000169a0000)]
  0x000000001522c000 JavaThread "C2 CompilerThread0" daemon [_thread_blocked, id=66652, stack(0x00000000167a0000,0x00000000168a0000)]
  0x000000001522a800 JavaThread "Attach Listener" daemon [_thread_blocked, id=66704, stack(0x00000000166a0000,0x00000000167a0000)]
  0x0000000015229800 JavaThread "Signal Dispatcher" daemon [_thread_blocked, id=66672, stack(0x00000000165a0000,0x00000000166a0000)]
  0x0000000002af0800 JavaThread "Finalizer" daemon [_thread_blocked, id=65876, stack(0x00000000164a0000,0x00000000165a0000)]
  0x0000000002aed000 JavaThread "Reference Handler" daemon [_thread_blocked, id=62836, stack(0x00000000163a0000,0x00000000164a0000)]
  0x0000000002b5e000 JavaThread "main" [_thread_blocked, id=60120, stack(0x00000000028a0000,0x00000000029a0000)]

Other Threads:
  0x00000000151f6800 VMThread [stack: 0x00000000162a0000,0x00000000163a0000] [id=66252]
  0x0000000015287800 WatcherThread [stack: 0x0000000016ba0000,0x0000000016ca0000] [id=66660]

VM state:at safepoint (normal execution)

VM Mutex/Monitor currently owned by a thread:  ([mutex/lock_event])
[0x0000000002b5d320] Threads_lock - owner thread: 0x00000000151f6800
[0x0000000002b5d1a0] Heap_lock - owner thread: 0x0000000017fd2800

Heap:
 PSYoungGen      total 144384K, used 15330K [0x00000000eab00000, 0x00000000fd700000, 0x0000000100000000)
  eden space 129024K, 0% used [0x00000000eab00000,0x00000000eab00000,0x00000000f2900000)
  from space 15360K, 99% used [0x00000000f2900000,0x00000000f37f8890,0x00000000f3800000)
  to   space 24576K, 0% used [0x00000000fbf00000,0x00000000fbf00000,0x00000000fd700000)
 ParOldGen       total 44032K, used 36086K [0x00000000c0000000, 0x00000000c2b00000, 0x00000000eab00000)
  object space 44032K, 81% used [0x00000000c0000000,0x00000000c233d988,0x00000000c2b00000)
 Metaspace       used 6525K, capacity 7320K, committed 7680K, reserved 1056768K
  class space    used 619K, capacity 656K, committed 768K, reserved 1048576K

Card table byte_map: [0x0000000011f20000,0x0000000012130000] byte_map_base: 0x0000000011920000

Marking Bits: (ParMarkBitMap*) 0x000000007333d490
 Begin Bits: [0x0000000012690000, 0x0000000013690000)
 End Bits:   [0x0000000013690000, 0x0000000014690000)

Polling page: 0x0000000001160000

CodeCache: size=245760Kb used=8262Kb max_used=8271Kb free=237497Kb
 bounds [0x0000000002b60000, 0x0000000003380000, 0x0000000011b60000]
 total_blobs=2285 nmethods=2020 adapters=178
 compilation: enabled

Compilation events (10 events):
Event: 6.226 Thread 0x000000001522c000 nmethod 1717 0x0000000003373850 code [0x00000000033739a0, 0x0000000003373ad8]
Event: 6.226 Thread 0x000000001522c000 2056       4       com.android.dx.dex.code.OutputFinisher::addConstants (93 bytes)
Event: 6.238 Thread 0x000000001522c000 nmethod 2056 0x0000000003372a10 code [0x0000000003372be0, 0x00000000033730c0]
Event: 6.238 Thread 0x000000001522c000 2061       4       java.util.HashMap$HashIterator::hasNext (13 bytes)
Event: 6.238 Thread 0x000000001522c000 nmethod 2061 0x000000000315abd0 code [0x000000000315ad00, 0x000000000315ad78]
Event: 6.238 Thread 0x000000001522c000 1405       4       com.android.dx.rop.type.Type::equals (31 bytes)
Event: 6.239 Thread 0x000000001522c000 nmethod 1405 0x0000000003372690 code [0x00000000033727e0, 0x0000000003372958]
Event: 6.239 Thread 0x000000001522c000 2063       4       java.util.HashMap::resize (359 bytes)
Event: 6.249 Thread 0x000000001522c000 nmethod 2063 0x0000000003371450 code [0x00000000033715e0, 0x0000000003371b08]
Event: 6.249 Thread 0x000000001522c000 1721       4       com.android.dx.ssa.SsaRenamer$BlockRenamer$RenamingMapper::map (28 bytes)

GC Heap History (10 events):
Event: 3.103 GC heap after
Heap after GC invocations=3 (full 0):
 PSYoungGen      total 35328K, used 2554K [0x00000000eab00000, 0x00000000ef000000, 0x0000000100000000)
  eden space 32768K, 0% used [0x00000000eab00000,0x00000000eab00000,0x00000000ecb00000)
  from space 2560K, 99% used [0x00000000ecb00000,0x00000000ecd7e818,0x00000000ecd80000)
  to   space 2560K, 0% used [0x00000000eed80000,0x00000000eed80000,0x00000000ef000000)
 ParOldGen       total 44032K, used 8148K [0x00000000c0000000, 0x00000000c2b00000, 0x00000000eab00000)
  object space 44032K, 18% used [0x00000000c0000000,0x00000000c07f5338,0x00000000c2b00000)
 Metaspace       used 6156K, capacity 7088K, committed 7296K, reserved 1056768K
  class space    used 592K, capacity 616K, committed 640K, reserved 1048576K
}
Event: 3.373 GC heap before
{Heap before GC invocations=4 (full 0):
 PSYoungGen      total 35328K, used 35322K [0x00000000eab00000, 0x00000000ef000000, 0x0000000100000000)
  eden space 32768K, 100% used [0x00000000eab00000,0x00000000ecb00000,0x00000000ecb00000)
  from space 2560K, 99% used [0x00000000ecb00000,0x00000000ecd7e818,0x00000000ecd80000)
  to   space 2560K, 0% used [0x00000000eed80000,0x00000000eed80000,0x00000000ef000000)
 ParOldGen       total 44032K, used 8148K [0x00000000c0000000, 0x00000000c2b00000, 0x00000000eab00000)
  object space 44032K, 18% used [0x00000000c0000000,0x00000000c07f5338,0x00000000c2b00000)
 Metaspace       used 6203K, capacity 7088K, committed 7296K, reserved 1056768K
  class space    used 592K, capacity 616K, committed 640K, reserved 1048576K
Event: 3.395 GC heap after
Heap after GC invocations=4 (full 0):
 PSYoungGen      total 68096K, used 2534K [0x00000000eab00000, 0x00000000ef000000, 0x0000000100000000)
  eden space 65536K, 0% used [0x00000000eab00000,0x00000000eab00000,0x00000000eeb00000)
  from space 2560K, 98% used [0x00000000eed80000,0x00000000eeff98c8,0x00000000ef000000)
  to   space 2560K, 0% used [0x00000000eeb00000,0x00000000eeb00000,0x00000000eed80000)
 ParOldGen       total 44032K, used 12787K [0x00000000c0000000, 0x00000000c2b00000, 0x00000000eab00000)
  object space 44032K, 29% used [0x00000000c0000000,0x00000000c0c7cf98,0x00000000c2b00000)
 Metaspace       used 6203K, capacity 7088K, committed 7296K, reserved 1056768K
  class space    used 592K, capacity 616K, committed 640K, reserved 1048576K
}
Event: 3.984 GC heap before
{Heap before GC invocations=5 (full 0):
 PSYoungGen      total 68096K, used 68070K [0x00000000eab00000, 0x00000000ef000000, 0x0000000100000000)
  eden space 65536K, 100% used [0x00000000eab00000,0x00000000eeb00000,0x00000000eeb00000)
  from space 2560K, 98% used [0x00000000eed80000,0x00000000eeff98c8,0x00000000ef000000)
  to   space 2560K, 0% used [0x00000000eeb00000,0x00000000eeb00000,0x00000000eed80000)
 ParOldGen       total 44032K, used 12787K [0x00000000c0000000, 0x00000000c2b00000, 0x00000000eab00000)
  object space 44032K, 29% used [0x00000000c0000000,0x00000000c0c7cf98,0x00000000c2b00000)
 Metaspace       used 6254K, capacity 7152K, committed 7296K, reserved 1056768K
  class space    used 593K, capacity 616K, committed 640K, reserved 1048576K
Event: 4.028 GC heap after
Heap after GC invocations=5 (full 0):
 PSYoungGen      total 68096K, used 2548K [0x00000000eab00000, 0x00000000f4500000, 0x0000000100000000)
  eden space 65536K, 0% used [0x00000000eab00000,0x00000000eab00000,0x00000000eeb00000)
  from space 2560K, 99% used [0x00000000eeb00000,0x00000000eed7d128,0x00000000eed80000)
  to   space 13312K, 0% used [0x00000000f3800000,0x00000000f3800000,0x00000000f4500000)
 ParOldGen       total 44032K, used 22841K [0x00000000c0000000, 0x00000000c2b00000, 0x00000000eab00000)
  object space 44032K, 51% used [0x00000000c0000000,0x00000000c164e7d8,0x00000000c2b00000)
 Metaspace       used 6254K, capacity 7152K, committed 7296K, reserved 1056768K
  class space    used 593K, capacity 616K, committed 640K, reserved 1048576K
}
Event: 4.430 GC heap before
{Heap before GC invocations=6 (full 0):
 PSYoungGen      total 68096K, used 68084K [0x00000000eab00000, 0x00000000f4500000, 0x0000000100000000)
  eden space 65536K, 100% used [0x00000000eab00000,0x00000000eeb00000,0x00000000eeb00000)
  from space 2560K, 99% used [0x00000000eeb00000,0x00000000eed7d128,0x00000000eed80000)
  to   space 13312K, 0% used [0x00000000f3800000,0x00000000f3800000,0x00000000f4500000)
 ParOldGen       total 44032K, used 22841K [0x00000000c0000000, 0x00000000c2b00000, 0x00000000eab00000)
  object space 44032K, 51% used [0x00000000c0000000,0x00000000c164e7d8,0x00000000c2b00000)
 Metaspace       used 6381K, capacity 7192K, committed 7424K, reserved 1056768K
  class space    used 613K, capacity 656K, committed 768K, reserved 1048576K
Event: 4.466 GC heap after
Heap after GC invocations=6 (full 0):
 PSYoungGen      total 142336K, used 11854K [0x00000000eab00000, 0x00000000f4900000, 0x0000000100000000)
  eden space 129024K, 0% used [0x00000000eab00000,0x00000000eab00000,0x00000000f2900000)
  from space 13312K, 89% used [0x00000000f3800000,0x00000000f4393b48,0x00000000f4500000)
  to   space 15360K, 0% used [0x00000000f2900000,0x00000000f2900000,0x00000000f3800000)
 ParOldGen       total 44032K, used 22841K [0x00000000c0000000, 0x00000000c2b00000, 0x00000000eab00000)
  object space 44032K, 51% used [0x00000000c0000000,0x00000000c164e7d8,0x00000000c2b00000)
 Metaspace       used 6381K, capacity 7192K, committed 7424K, reserved 1056768K
  class space    used 613K, capacity 656K, committed 768K, reserved 1048576K
}
Event: 6.252 GC heap before
{Heap before GC invocations=7 (full 0):
 PSYoungGen      total 142336K, used 140878K [0x00000000eab00000, 0x00000000f4900000, 0x0000000100000000)
  eden space 129024K, 100% used [0x00000000eab00000,0x00000000f2900000,0x00000000f2900000)
  from space 13312K, 89% used [0x00000000f3800000,0x00000000f4393b48,0x00000000f4500000)
  to   space 15360K, 0% used [0x00000000f2900000,0x00000000f2900000,0x00000000f3800000)
 ParOldGen       total 44032K, used 22841K [0x00000000c0000000, 0x00000000c2b00000, 0x00000000eab00000)
  object space 44032K, 51% used [0x00000000c0000000,0x00000000c164e7d8,0x00000000c2b00000)
 Metaspace       used 6525K, capacity 7320K, committed 7680K, reserved 1056768K
  class space    used 619K, capacity 656K, committed 768K, reserved 1048576K
Event: 6.545 GC heap after
Heap after GC invocations=7 (full 0):
 PSYoungGen      total 144384K, used 15330K [0x00000000eab00000, 0x00000000fd700000, 0x0000000100000000)
  eden space 129024K, 0% used [0x00000000eab00000,0x00000000eab00000,0x00000000f2900000)
  from space 15360K, 99% used [0x00000000f2900000,0x00000000f37f8890,0x00000000f3800000)
  to   space 24576K, 0% used [0x00000000fbf00000,0x00000000fbf00000,0x00000000fd700000)
 ParOldGen       total 44032K, used 36086K [0x00000000c0000000, 0x00000000c2b00000, 0x00000000eab00000)
  object space 44032K, 81% used [0x00000000c0000000,0x00000000c233d988,0x00000000c2b00000)
 Metaspace       used 6525K, capacity 7320K, committed 7680K, reserved 1056768K
  class space    used 619K, capacity 656K, committed 768K, reserved 1048576K
}
Event: 6.545 GC heap before
{Heap before GC invocations=8 (full 1):
 PSYoungGen      total 144384K, used 15330K [0x00000000eab00000, 0x00000000fd700000, 0x0000000100000000)
  eden space 129024K, 0% used [0x00000000eab00000,0x00000000eab00000,0x00000000f2900000)
  from space 15360K, 99% used [0x00000000f2900000,0x00000000f37f8890,0x00000000f3800000)
  to   space 24576K, 0% used [0x00000000fbf00000,0x00000000fbf00000,0x00000000fd700000)
 ParOldGen       total 44032K, used 36086K [0x00000000c0000000, 0x00000000c2b00000, 0x00000000eab00000)
  object space 44032K, 81% used [0x00000000c0000000,0x00000000c233d988,0x00000000c2b00000)
 Metaspace       used 6525K, capacity 7320K, committed 7680K, reserved 1056768K
  class space    used 619K, capacity 656K, committed 768K, reserved 1048576K

Deoptimization events (10 events):
Event: 4.530 Thread 0x0000000016f58800 Uncommon trap: reason=unreached action=reinterpret pc=0x00000000031fe0d0 method=java.util.HashMap.resize()[Ljava/util/HashMap$Node; @ 206
Event: 4.536 Thread 0x0000000016f55000 Uncommon trap: reason=unreached action=reinterpret pc=0x0000000003090a0c method=com.android.dx.ssa.MoveParamCombiner$1.visitNonMoveInsn(Lcom/android/dx/ssa/NormalSsaInsn;)V @ 27
Event: 5.224 Thread 0x0000000016f55000 Uncommon trap: reason=unreached action=reinterpret pc=0x00000000032b3954 method=com.android.dx.rop.code.LocalItem.hashCode()I @ 25
Event: 5.403 Thread 0x0000000016f55000 Uncommon trap: reason=unreached action=reinterpret pc=0x0000000003301f44 method=com.android.dx.rop.code.LocalItem.hashCode()I @ 25
Event: 5.428 Thread 0x0000000016f58800 Uncommon trap: reason=unreached action=reinterpret pc=0x00000000032da200 method=com.android.dx.rop.code.LocalItem.hashCode()I @ 25
Event: 5.987 Thread 0x0000000017fd2800 Uncommon trap: reason=class_check action=maybe_recompile pc=0x0000000003084ba4 method=java.util.Arrays.hashCode([Ljava/lang/Object;)I @ 43
Event: 5.987 Thread 0x0000000017fd2800 Uncommon trap: reason=class_check action=maybe_recompile pc=0x0000000003084ba4 method=java.util.Arrays.hashCode([Ljava/lang/Object;)I @ 43
Event: 5.987 Thread 0x0000000017fd2800 Uncommon trap: reason=class_check action=maybe_recompile pc=0x0000000003084ba4 method=java.util.Arrays.hashCode([Ljava/lang/Object;)I @ 43
Event: 5.987 Thread 0x0000000017fd2800 Uncommon trap: reason=class_check action=maybe_recompile pc=0x0000000003084ba4 method=java.util.Arrays.hashCode([Ljava/lang/Object;)I @ 43
Event: 5.987 Thread 0x0000000017fd2800 Uncommon trap: reason=class_check action=maybe_recompile pc=0x0000000003075608 method=java.util.Arrays.hashCode([Ljava/lang/Object;)I @ 43

Internal exceptions (10 events):
Event: 2.211 Thread 0x0000000002b5e000 Exception <a 'java/security/PrivilegedActionException'> (0x00000000eafd1098) thrown at [D:\re\workspace\8-2-build-windows-amd64-cygwin\jdk8u25\1677\hotspot\src\share\vm\prims\jvm.cpp, line 1312]
Event: 2.833 Thread 0x0000000016f58800 Implicit null exception at 0x0000000002e89403 to 0x0000000002e8b8dd
Event: 2.943 Thread 0x0000000002b5e000 Exception <a 'java/security/PrivilegedActionException'> (0x00000000ebd3dc28) thrown at [D:\re\workspace\8-2-build-windows-amd64-cygwin\jdk8u25\1677\hotspot\src\share\vm\prims\jvm.cpp, line 1312]
Event: 3.568 Thread 0x0000000016f58800 Exception <a 'java/security/PrivilegedActionException'> (0x00000000ec220468) thrown at [D:\re\workspace\8-2-build-windows-amd64-cygwin\jdk8u25\1677\hotspot\src\share\vm\prims\jvm.cpp, line 1312]
Event: 4.178 Thread 0x0000000016f55000 Exception <a 'java/lang/ArrayIndexOutOfBoundsException': 18> (0x00000000ec5a3cb0) thrown at [D:\re\workspace\8-2-build-windows-amd64-cygwin\jdk8u25\1677\hotspot\src\share\vm\interpreter\interpreterRuntime.cpp, line 366]
Event: 4.179 Thread 0x0000000016f55000 Exception <a 'java/lang/ArrayIndexOutOfBoundsException': 145> (0x00000000ec5a5748) thrown at [D:\re\workspace\8-2-build-windows-amd64-cygwin\jdk8u25\1677\hotspot\src\share\vm\interpreter\interpreterRuntime.cpp, line 366]
Event: 4.180 Thread 0x0000000016f55000 Exception <a 'java/lang/ArrayIndexOutOfBoundsException'> (0x00000000ec5a6960) thrown at [D:\re\workspace\8-2-build-windows-amd64-cygwin\jdk8u25\1677\hotspot\src\share\vm\runtime\sharedRuntime.cpp, line 604]
Event: 5.892 Thread 0x0000000002b5e000 Exception <a 'java/security/PrivilegedActionException'> (0x00000000f0854710) thrown at [D:\re\workspace\8-2-build-windows-amd64-cygwin\jdk8u25\1677\hotspot\src\share\vm\prims\jvm.cpp, line 1312]
Event: 5.989 Thread 0x0000000017fd2800 Exception <a 'java/security/PrivilegedActionException'> (0x00000000f2672468) thrown at [D:\re\workspace\8-2-build-windows-amd64-cygwin\jdk8u25\1677\hotspot\src\share\vm\prims\jvm.cpp, line 1312]
Event: 6.016 Thread 0x0000000017fd2800 Exception <a 'java/security/PrivilegedActionException'> (0x00000000f26c9fb8) thrown at [D:\re\workspace\8-2-build-windows-amd64-cygwin\jdk8u25\1677\hotspot\src\share\vm\prims\jvm.cpp, line 1312]

Events (10 events):
Event: 5.989 loading class com/android/dx/rop/cst/Zeroes done
Event: 6.015 loading class com/android/dx/dex/file/CatchStructs
Event: 6.015 loading class com/android/dx/dex/file/CatchStructs done
Event: 6.053 Thread 0x0000000017fd2800 DEOPT PACKING pc=0x0000000003354598 sp=0x0000000019f5ea30
Event: 6.053 Thread 0x0000000017fd2800 DEOPT UNPACKING pc=0x0000000002ba75bf sp=0x0000000019f5e7d8 mode 0
Event: 6.061 Thread 0x0000000017fd2800 DEOPT PACKING pc=0x00000000033561d4 sp=0x0000000019f5eb10
Event: 6.061 Thread 0x0000000017fd2800 DEOPT UNPACKING pc=0x0000000002ba75bf sp=0x0000000019f5e8a0 mode 0
Event: 6.132 Thread 0x0000000017fd2800 DEOPT PACKING pc=0x0000000003356c04 sp=0x0000000019f5eb40
Event: 6.132 Thread 0x0000000017fd2800 DEOPT UNPACKING pc=0x0000000002ba75bf sp=0x0000000019f5e890 mode 0
Event: 6.252 Executing VM operation: ParallelGCFailedAllocation


Dynamic libraries:
0x00007ff690dd0000 - 0x00007ff690e04000 	C:\Program Files\Java\jdk1.8.0_25\bin\java.exe
0x00007fff80c20000 - 0x00007fff80de1000 	C:\WINDOWS\SYSTEM32\ntdll.dll
0x00007fff80400000 - 0x00007fff804ad000 	C:\WINDOWS\system32\KERNEL32.DLL
0x00007fff7d680000 - 0x00007fff7d868000 	C:\WINDOWS\system32\KERNELBASE.dll
0x00007fff80850000 - 0x00007fff808f7000 	C:\WINDOWS\system32\ADVAPI32.dll
0x00007fff801e0000 - 0x00007fff8027d000 	C:\WINDOWS\system32\msvcrt.dll
0x00007fff7ec20000 - 0x00007fff7ec7b000 	C:\WINDOWS\system32\sechost.dll
0x00007fff804b0000 - 0x00007fff805cc000 	C:\WINDOWS\system32\RPCRT4.dll
0x00007fff7e030000 - 0x00007fff7e186000 	C:\WINDOWS\system32\USER32.dll
0x00007fff7e450000 - 0x00007fff7e5d6000 	C:\WINDOWS\system32\GDI32.dll
0x00007fff76200000 - 0x00007fff76474000 	C:\WINDOWS\WinSxS\amd64_microsoft.windows.common-controls_6595b64144ccf1df_6.0.10586.494_none_a2d8b04ea53e3145\COMCTL32.dll
0x00007fff805d0000 - 0x00007fff8084d000 	C:\WINDOWS\system32\combase.dll
0x00007fff7d4f0000 - 0x00007fff7d55a000 	C:\WINDOWS\system32\bcryptPrimitives.dll
0x00007fff80be0000 - 0x00007fff80c1b000 	C:\WINDOWS\system32\IMM32.DLL
0x00000000726a0000 - 0x0000000072772000 	C:\Program Files\Java\jdk1.8.0_25\jre\bin\msvcr100.dll
0x0000000072b60000 - 0x00000000733ba000 	C:\Program Files\Java\jdk1.8.0_25\jre\bin\server\jvm.dll
0x00007fff7e190000 - 0x00007fff7e198000 	C:\WINDOWS\system32\PSAPI.DLL
0x00007fff65bb0000 - 0x00007fff65bb9000 	C:\WINDOWS\SYSTEM32\WSOCK32.dll
0x00007fff7ebb0000 - 0x00007fff7ec1b000 	C:\WINDOWS\system32\WS2_32.dll
0x00007fff7b560000 - 0x00007fff7b583000 	C:\WINDOWS\SYSTEM32\WINMM.dll
0x00007fff7b110000 - 0x00007fff7b13c000 	C:\WINDOWS\SYSTEM32\WINMMBASE.dll
0x00007fff7d4a0000 - 0x00007fff7d4e3000 	C:\WINDOWS\system32\cfgmgr32.dll
0x0000000072b50000 - 0x0000000072b5f000 	C:\Program Files\Java\jdk1.8.0_25\jre\bin\verify.dll
0x0000000072b20000 - 0x0000000072b48000 	C:\Program Files\Java\jdk1.8.0_25\jre\bin\java.dll
0x0000000072b00000 - 0x0000000072b16000 	C:\Program Files\Java\jdk1.8.0_25\jre\bin\zip.dll
0x00007fff7ec80000 - 0x00007fff801dc000 	C:\WINDOWS\system32\SHELL32.dll
0x00007fff7d870000 - 0x00007fff7deb5000 	C:\WINDOWS\system32\windows.storage.dll
0x00007fff80b80000 - 0x00007fff80bd2000 	C:\WINDOWS\system32\shlwapi.dll
0x00007fff7d2c0000 - 0x00007fff7d2cf000 	C:\WINDOWS\system32\kernel.appcore.dll
0x00007fff7d5c0000 - 0x00007fff7d675000 	C:\WINDOWS\system32\shcore.dll
0x00007fff7d270000 - 0x00007fff7d2bb000 	C:\WINDOWS\system32\powrprof.dll
0x00007fff7d240000 - 0x00007fff7d254000 	C:\WINDOWS\system32\profapi.dll
0x00007fff63a80000 - 0x00007fff63c0c000 	C:\WINDOWS\SYSTEM32\dbghelp.dll

VM Arguments:
jvm_args: -Djava.awt.headless=true -Xmx1024M -Dfile.encoding=windows-1252 -Duser.country=FR -Duser.language=fr -Duser.variant 
java_command: com.android.dx.command.Main --dex --force-jumbo --num-threads=4 --multi-dex --output C:\Users\Famille\AndroidStudioProjects\Niviel\app\build\intermediates\transforms\dex\debug\folders\1000\10\com.android.support-appcompat-v7-24.2.0_a90505fa36c560e57855edbc9a661c2fe1e4b7ac C:\Users\Famille\AndroidStudioProjects\Niviel\app\build\intermediates\exploded-aar\com.android.support\appcompat-v7\24.2.0\jars\classes.jar
java_class_path (initial): C:\Users\Famille\AppData\Local\Android\sdk\build-tools\23.0.2\lib\dx.jar
Launcher Type: SUN_STANDARD

Environment Variables:
JAVA_HOME=C:\Program Files\Java\jdk1.8.0_25
PATH=C:\Program Files\Broadcom\Broadcom 802.11 Network Adapter;;C:\Program Files\Broadcom\Broadcom 802.11;C:\ProgramData\Oracle\Java\javapath;C:\Program Files (x86)\Intel\iCLS Client\;C:\Program Files\Intel\iCLS Client\;C:\Windows\system32;C:\Windows;C:\Windows\System32\Wbem;C:\Windows\System32\WindowsPowerShell\v1.0\;C:\Program Files\Hewlett-Packard\SimplePass\;C:\wamp\bin\php\php5.5.12;C:\Python27;C:\Users\Famille\AppData\Roaming\npm\;C:\Program Files\nodejs\;C:\Program Files\Git\cmd;C:\Program Files (x86)\Brackets\command;C:\Program Files (x86)\Ant\bin;C:\Program Files (x86)\Maven\bin;C:\Program Files (x86)\Intel\Intel(R) Management Engine Components\DAL;C:\Program Files\Intel\Intel(R) Management Engine Components\DAL;C:\Program Files (x86)\Intel\Intel(R) Management Engine Components\IPT;C:\Program Files\Intel\Intel(R) Management Engine Components\IPT;C:\Users\Famille\AppData\Local\atom\bin;C:\Users\Famille\AppData\Roaming\npm
USERNAME=de Lachaux
OS=Windows_NT
PROCESSOR_IDENTIFIER=Intel64 Family 6 Model 69 Stepping 1, GenuineIntel



---------------  S Y S T E M  ---------------

OS: Windows 8.1 , 64 bit Build 9600 

CPU:total 4 (2 cores per cpu, 2 threads per core) family 6 model 69 stepping 1, cmov, cx8, fxsr, mmx, sse, sse2, sse3, ssse3, sse4.1, sse4.2, popcnt, avx, avx2, aes, clmul, erms, lzcnt, ht, tsc, tscinvbit, bmi1, bmi2

Memory: 4k page, physical 4122776k(335616k free), swap 5555352k(33680k free)

vm_info: Java HotSpot(TM) 64-Bit Server VM (25.25-b02) for windows-amd64 JRE (1.8.0_25-b18), built on Oct  7 2014 14:25:37 by "java_re" with MS VC++ 10.0 (VS2010)

time: Thu Aug 25 19:37:47 2016
elapsed time: 10 seconds (0d 0h 0m 10s)

