#
# There is insufficient memory for the Java Runtime Environment to continue.
# Native memory allocation (malloc) failed to allocate 32744 bytes for ChunkPool::allocate
# Possible reasons:
#   The system is out of physical RAM or swap space
#   In 32 bit mode, the process size limit was hit
# Possible solutions:
#   Reduce memory load on the system
#   Increase physical memory or swap space
#   Check if swap backing store is full
#   Use 64 bit Java on a 64 bit OS
#   Decrease Java heap size (-Xmx/-Xms)
#   Decrease number of Java threads
#   Decrease Java thread stack sizes (-Xss)
#   Set larger code cache with -XX:ReservedCodeCacheSize=
# This output file may be truncated or incomplete.
#
#  Out of Memory Error (allocation.cpp:273), pid=63556, tid=62572
#
# JRE version: Java(TM) SE Runtime Environment (8.0_25-b18) (build 1.8.0_25-b18)
# Java VM: Java HotSpot(TM) 64-Bit Server VM (25.25-b02 mixed mode windows-amd64 compressed oops)
# Failed to write core dump. Minidumps are not enabled by default on client versions of Windows
#

---------------  T H R E A D  ---------------

Current thread (0x0000000014b6c800):  JavaThread "C2 CompilerThread0" daemon [_thread_in_native, id=62572, stack(0x00000000160e0000,0x00000000161e0000)]

Stack: [0x00000000160e0000,0x00000000161e0000]
Native frames: (J=compiled Java code, j=interpreted, Vv=VM code, C=native code)
V  [jvm.dll+0x31667a]
V  [jvm.dll+0x267073]
V  [jvm.dll+0x267cb3]
V  [jvm.dll+0x25f5b5]
V  [jvm.dll+0xbeec1]
V  [jvm.dll+0xbf60c]
V  [jvm.dll+0xbf8b4]
V  [jvm.dll+0x4e6020]
V  [jvm.dll+0x49b1ea]
V  [jvm.dll+0x49b493]
V  [jvm.dll+0x49cd39]
V  [jvm.dll+0x49ec1f]
V  [jvm.dll+0x452b41]
V  [jvm.dll+0x453864]
V  [jvm.dll+0x437372]
V  [jvm.dll+0x98a02]
V  [jvm.dll+0x991f3]
V  [jvm.dll+0x22bde4]
V  [jvm.dll+0x2852fa]
C  [msvcr100.dll+0x21d9f]
C  [msvcr100.dll+0x21e3b]
C  [KERNEL32.DLL+0x18102]
C  [ntdll.dll+0x5c5b4]


Current CompileTask:
C2:    638  654       4       java.util.HashSet::contains (9 bytes)


---------------  P R O C E S S  ---------------

Java Threads: ( => current thread )
  0x0000000016587800 JavaThread "pool-2-thread-4" [_thread_in_Java, id=64628, stack(0x0000000016de0000,0x0000000016ee0000)]
  0x0000000016568000 JavaThread "pool-2-thread-3" [_thread_in_Java, id=64616, stack(0x0000000016ce0000,0x0000000016de0000)]
  0x0000000016563800 JavaThread "pool-2-thread-2" [_thread_in_Java, id=64608, stack(0x0000000016be0000,0x0000000016ce0000)]
  0x0000000016562800 JavaThread "pool-3-thread-1" [_thread_blocked, id=64604, stack(0x0000000016ae0000,0x0000000016be0000)]
  0x0000000016559800 JavaThread "pool-2-thread-1" [_thread_in_Java, id=64600, stack(0x00000000169e0000,0x0000000016ae0000)]
  0x00000000163e3800 JavaThread "Service Thread" daemon [_thread_blocked, id=59960, stack(0x00000000167e0000,0x00000000168e0000)]
  0x0000000014bc3000 JavaThread "C1 CompilerThread2" daemon [_thread_in_native, id=62200, stack(0x00000000162e0000,0x00000000163e0000)]
  0x0000000014bba000 JavaThread "C2 CompilerThread1" daemon [_thread_in_native, id=64468, stack(0x00000000161e0000,0x00000000162e0000)]
=>0x0000000014b6c800 JavaThread "C2 CompilerThread0" daemon [_thread_in_native, id=62572, stack(0x00000000160e0000,0x00000000161e0000)]
  0x0000000014b6b000 JavaThread "Attach Listener" daemon [_thread_blocked, id=61136, stack(0x0000000015fe0000,0x00000000160e0000)]
  0x0000000014b6a000 JavaThread "Signal Dispatcher" daemon [_thread_blocked, id=62540, stack(0x0000000015ee0000,0x0000000015fe0000)]
  0x000000000248f800 JavaThread "Finalizer" daemon [_thread_blocked, id=64060, stack(0x0000000015de0000,0x0000000015ee0000)]
  0x000000000248c000 JavaThread "Reference Handler" daemon [_thread_blocked, id=60492, stack(0x0000000015ce0000,0x0000000015de0000)]
  0x000000000229e000 JavaThread "main" [_thread_in_Java, id=63812, stack(0x00000000022a0000,0x00000000023a0000)]

Other Threads:
  0x0000000014b37000 VMThread [stack: 0x0000000015be0000,0x0000000015ce0000] [id=63432]
  0x00000000163e6000 WatcherThread [stack: 0x00000000168e0000,0x00000000169e0000] [id=58928]

VM state:not at safepoint (normal execution)

VM Mutex/Monitor currently owned by a thread: None

Heap:
 PSYoungGen      total 18944K, used 14182K [0x00000000eab00000, 0x00000000ec000000, 0x0000000100000000)
  eden space 16384K, 86% used [0x00000000eab00000,0x00000000eb8d9bb8,0x00000000ebb00000)
  from space 2560K, 0% used [0x00000000ebd80000,0x00000000ebd80000,0x00000000ec000000)
  to   space 2560K, 0% used [0x00000000ebb00000,0x00000000ebb00000,0x00000000ebd80000)
 ParOldGen       total 44032K, used 0K [0x00000000c0000000, 0x00000000c2b00000, 0x00000000eab00000)
  object space 44032K, 0% used [0x00000000c0000000,0x00000000c0000000,0x00000000c2b00000)
 Metaspace       used 5553K, capacity 6640K, committed 6784K, reserved 1056768K
  class space    used 584K, capacity 616K, committed 640K, reserved 1048576K

Card table byte_map: [0x0000000011860000,0x0000000011a70000] byte_map_base: 0x0000000011260000

Marking Bits: (ParMarkBitMap*) 0x0000000069efd490
 Begin Bits: [0x0000000011fd0000, 0x0000000012fd0000)
 End Bits:   [0x0000000012fd0000, 0x0000000013fd0000)

Polling page: 0x0000000000c80000

CodeCache: size=245760Kb used=2306Kb max_used=2317Kb free=243453Kb
 bounds [0x00000000024a0000, 0x0000000002710000, 0x00000000114a0000]
 total_blobs=899 nmethods=635 adapters=178
 compilation: enabled

Compilation events (10 events):
Event: 0.613 Thread 0x0000000014bc3000 nmethod 606 0x00000000026dfdd0 code [0x00000000026dff80, 0x00000000026e0578]
Event: 0.613 Thread 0x0000000014bc3000  644   !   3       com.android.dx.cf.code.BytecodeArray::parseInstruction (2764 bytes)
Event: 0.614 Thread 0x0000000014bba000 nmethod 646 0x00000000026dfa50 code [0x00000000026dfba0, 0x00000000026dfca8]
Event: 0.614 Thread 0x0000000014bba000  651       4       java.util.AbstractList::<init> (10 bytes)
Event: 0.614 Thread 0x0000000014b6c800 nmethod 647 0x00000000026e3650 code [0x00000000026e37a0, 0x00000000026e3888]
Event: 0.614 Thread 0x0000000014bba000 nmethod 651 0x00000000026e3450 code [0x00000000026e3580, 0x00000000026e35d8]
Event: 0.615 Thread 0x0000000014b6c800  654       4       java.util.HashSet::contains (9 bytes)
Event: 0.616 Thread 0x0000000014bba000  655       4       com.android.dx.rop.code.BasicBlockList::get (9 bytes)
Event: 0.617 Thread 0x0000000014bba000 nmethod 655 0x00000000026e30d0 code [0x00000000026e3220, 0x00000000026e32f8]
Event: 0.619 Thread 0x0000000014bba000  657   !   4       com.android.dx.rop.code.RegisterSpecSet::put (104 bytes)

GC Heap History (0 events):
No events

Deoptimization events (0 events):
No events

Internal exceptions (10 events):
Event: 0.537 Thread 0x0000000016563800 Exception <a 'java/security/PrivilegedActionException'> (0x00000000eb2de208) thrown at [D:\re\workspace\8-2-build-windows-amd64-cygwin\jdk8u25\1677\hotspot\src\share\vm\prims\jvm.cpp, line 1312]
Event: 0.541 Thread 0x0000000016559800 Exception <a 'java/security/PrivilegedActionException'> (0x00000000eb3bc898) thrown at [D:\re\workspace\8-2-build-windows-amd64-cygwin\jdk8u25\1677\hotspot\src\share\vm\prims\jvm.cpp, line 1312]
Event: 0.542 Thread 0x0000000016563800 Exception <a 'java/security/PrivilegedActionException'> (0x00000000eb2eab88) thrown at [D:\re\workspace\8-2-build-windows-amd64-cygwin\jdk8u25\1677\hotspot\src\share\vm\prims\jvm.cpp, line 1312]
Event: 0.543 Thread 0x0000000016559800 Exception <a 'java/security/PrivilegedActionException'> (0x00000000eb4b5ed0) thrown at [D:\re\workspace\8-2-build-windows-amd64-cygwin\jdk8u25\1677\hotspot\src\share\vm\prims\jvm.cpp, line 1312]
Event: 0.544 Thread 0x000000000229e000 Exception <a 'java/security/PrivilegedActionException'> (0x00000000eb470190) thrown at [D:\re\workspace\8-2-build-windows-amd64-cygwin\jdk8u25\1677\hotspot\src\share\vm\prims\jvm.cpp, line 1312]
Event: 0.545 Thread 0x000000000229e000 Exception <a 'java/security/PrivilegedActionException'> (0x00000000eb5083d8) thrown at [D:\re\workspace\8-2-build-windows-amd64-cygwin\jdk8u25\1677\hotspot\src\share\vm\prims\jvm.cpp, line 1312]
Event: 0.549 Thread 0x000000000229e000 Exception <a 'java/security/PrivilegedActionException'> (0x00000000eb511950) thrown at [D:\re\workspace\8-2-build-windows-amd64-cygwin\jdk8u25\1677\hotspot\src\share\vm\prims\jvm.cpp, line 1312]
Event: 0.551 Thread 0x000000000229e000 Exception <a 'java/security/PrivilegedActionException'> (0x00000000eb518310) thrown at [D:\re\workspace\8-2-build-windows-amd64-cygwin\jdk8u25\1677\hotspot\src\share\vm\prims\jvm.cpp, line 1312]
Event: 0.576 Thread 0x0000000016559800 Exception <a 'java/security/PrivilegedActionException'> (0x00000000eb4eeab8) thrown at [D:\re\workspace\8-2-build-windows-amd64-cygwin\jdk8u25\1677\hotspot\src\share\vm\prims\jvm.cpp, line 1312]
Event: 0.602 Thread 0x0000000016559800 Exception <a 'java/security/PrivilegedActionException'> (0x00000000eb68a470) thrown at [D:\re\workspace\8-2-build-windows-amd64-cygwin\jdk8u25\1677\hotspot\src\share\vm\prims\jvm.cpp, line 1312]

Events (10 events):
Event: 0.550 loading class com/android/dx/ssa/back/FirstFitLocalCombiningAllocator$Multiset
Event: 0.550 loading class com/android/dx/ssa/back/FirstFitLocalCombiningAllocator$Multiset done
Event: 0.558 loading class java/util/TreeMap$EntrySet
Event: 0.559 loading class java/util/TreeMap$EntrySet done
Event: 0.559 loading class java/util/TreeMap$EntryIterator
Event: 0.559 loading class java/util/TreeMap$EntryIterator done
Event: 0.576 loading class com/android/dx/cf/code/BytecodeArray$ConstantParserVisitor
Event: 0.576 loading class com/android/dx/cf/code/BytecodeArray$ConstantParserVisitor done
Event: 0.602 loading class com/android/dx/dex/file/FieldAnnotationStruct
Event: 0.602 loading class com/android/dx/dex/file/FieldAnnotationStruct done


Dynamic libraries:
0x00007ff72ce00000 - 0x00007ff72ce34000 	C:\Program Files\Java\jdk1.8.0_25\bin\java.exe
0x00007ffcacc60000 - 0x00007ffcace21000 	C:\WINDOWS\SYSTEM32\ntdll.dll
0x00007ffcaca80000 - 0x00007ffcacb2d000 	C:\WINDOWS\system32\KERNEL32.DLL
0x00007ffca94f0000 - 0x00007ffca96d8000 	C:\WINDOWS\system32\KERNELBASE.dll
0x00007ffcac840000 - 0x00007ffcac8e7000 	C:\WINDOWS\system32\ADVAPI32.dll
0x00007ffcac900000 - 0x00007ffcac99d000 	C:\WINDOWS\system32\msvcrt.dll
0x00007ffcacb30000 - 0x00007ffcacb8b000 	C:\WINDOWS\system32\sechost.dll
0x00007ffcaa1c0000 - 0x00007ffcaa2dc000 	C:\WINDOWS\system32\RPCRT4.dll
0x00007ffcabd30000 - 0x00007ffcabe86000 	C:\WINDOWS\system32\USER32.dll
0x00007ffcab880000 - 0x00007ffcaba06000 	C:\WINDOWS\system32\GDI32.dll
0x00007ffca0310000 - 0x00007ffca0584000 	C:\WINDOWS\WinSxS\amd64_microsoft.windows.common-controls_6595b64144ccf1df_6.0.10586.494_none_a2d8b04ea53e3145\COMCTL32.dll
0x00007ffcac400000 - 0x00007ffcac67d000 	C:\WINDOWS\system32\combase.dll
0x00007ffca9310000 - 0x00007ffca937a000 	C:\WINDOWS\system32\bcryptPrimitives.dll
0x00007ffcab840000 - 0x00007ffcab87b000 	C:\WINDOWS\system32\IMM32.DLL
0x0000000069370000 - 0x0000000069442000 	C:\Program Files\Java\jdk1.8.0_25\jre\bin\msvcr100.dll
0x0000000069720000 - 0x0000000069f7a000 	C:\Program Files\Java\jdk1.8.0_25\jre\bin\server\jvm.dll
0x00007ffcaca00000 - 0x00007ffcaca08000 	C:\WINDOWS\system32\PSAPI.DLL
0x00007ffc95490000 - 0x00007ffc95499000 	C:\WINDOWS\SYSTEM32\WSOCK32.dll
0x00007ffcac7d0000 - 0x00007ffcac83b000 	C:\WINDOWS\system32\WS2_32.dll
0x00007ffca79b0000 - 0x00007ffca79d3000 	C:\WINDOWS\SYSTEM32\WINMM.dll
0x00007ffca7950000 - 0x00007ffca797c000 	C:\WINDOWS\SYSTEM32\WINMMBASE.dll
0x00007ffca96e0000 - 0x00007ffca9723000 	C:\WINDOWS\system32\cfgmgr32.dll
0x000000006a0a0000 - 0x000000006a0af000 	C:\Program Files\Java\jdk1.8.0_25\jre\bin\verify.dll
0x000000006a070000 - 0x000000006a098000 	C:\Program Files\Java\jdk1.8.0_25\jre\bin\java.dll
0x000000006a050000 - 0x000000006a066000 	C:\Program Files\Java\jdk1.8.0_25\jre\bin\zip.dll
0x00007ffcaa2e0000 - 0x00007ffcab83c000 	C:\WINDOWS\system32\SHELL32.dll
0x00007ffca9730000 - 0x00007ffca9d75000 	C:\WINDOWS\system32\windows.storage.dll
0x00007ffcabea0000 - 0x00007ffcabef2000 	C:\WINDOWS\system32\shlwapi.dll
0x00007ffca92b0000 - 0x00007ffca92bf000 	C:\WINDOWS\system32\kernel.appcore.dll
0x00007ffca9430000 - 0x00007ffca94e5000 	C:\WINDOWS\system32\shcore.dll
0x00007ffca92c0000 - 0x00007ffca930b000 	C:\WINDOWS\system32\powrprof.dll
0x00007ffca9290000 - 0x00007ffca92a4000 	C:\WINDOWS\system32\profapi.dll
0x00007ffc92eb0000 - 0x00007ffc9303c000 	C:\WINDOWS\SYSTEM32\dbghelp.dll

VM Arguments:
jvm_args: -Djava.awt.headless=true -Xmx1024M -Dfile.encoding=windows-1252 -Duser.country=FR -Duser.language=fr -Duser.variant 
java_command: com.android.dx.command.Main --dex --force-jumbo --num-threads=4 --multi-dex --output C:\Users\Famille\AndroidStudioProjects\Niviel\app\build\intermediates\transforms\dex\debug\folders\1000\10\instant-run_e0d1d4ecf2120b122b2970ccda2f8f38abc2e867 C:\Users\Famille\AndroidStudioProjects\Niviel\app\build\intermediates\incremental-runtime-classes\debug\instant-run.jar
java_class_path (initial): C:\Users\Famille\AppData\Local\Android\sdk\build-tools\23.0.2\lib\dx.jar
Launcher Type: SUN_STANDARD

Environment Variables:
JAVA_HOME=C:\Program Files\Java\jdk1.8.0_25
PATH=C:\Program Files\Broadcom\Broadcom 802.11 Network Adapter;;C:\Program Files\Broadcom\Broadcom 802.11;C:\ProgramData\Oracle\Java\javapath;C:\Program Files (x86)\Intel\iCLS Client\;C:\Program Files\Intel\iCLS Client\;C:\Windows\system32;C:\Windows;C:\Windows\System32\Wbem;C:\Windows\System32\WindowsPowerShell\v1.0\;C:\Program Files\Hewlett-Packard\SimplePass\;C:\wamp\bin\php\php5.5.12;C:\Python27;C:\Users\Famille\AppData\Roaming\npm\;C:\Program Files\nodejs\;C:\Program Files\Git\cmd;C:\Program Files (x86)\Brackets\command;C:\Program Files (x86)\Ant\bin;C:\Program Files (x86)\Maven\bin;C:\Program Files (x86)\Intel\Intel(R) Management Engine Components\DAL;C:\Program Files\Intel\Intel(R) Management Engine Components\DAL;C:\Program Files (x86)\Intel\Intel(R) Management Engine Components\IPT;C:\Program Files\Intel\Intel(R) Management Engine Components\IPT;C:\Users\Famille\AppData\Local\atom\bin;C:\Users\Famille\AppData\Roaming\npm
USERNAME=de Lachaux
OS=Windows_NT
PROCESSOR_IDENTIFIER=Intel64 Family 6 Model 69 Stepping 1, GenuineIntel



---------------  S Y S T E M  ---------------

OS: Windows 8.1 , 64 bit Build 9600 

CPU:total 4 (2 cores per cpu, 2 threads per core) family 6 model 69 stepping 1, cmov, cx8, fxsr, mmx, sse, sse2, sse3, ssse3, sse4.1, sse4.2, popcnt, avx, avx2, aes, clmul, erms, lzcnt, ht, tsc, tscinvbit, bmi1, bmi2

Memory: 4k page, physical 4122776k(451284k free), swap 5555352k(3316k free)

vm_info: Java HotSpot(TM) 64-Bit Server VM (25.25-b02) for windows-amd64 JRE (1.8.0_25-b18), built on Oct  7 2014 14:25:37 by "java_re" with MS VC++ 10.0 (VS2010)

time: Mon Aug 29 18:31:33 2016
elapsed time: 0 seconds (0d 0h 0m 0s)

