#
# There is insufficient memory for the Java Runtime Environment to continue.
# Native memory allocation (malloc) failed to allocate 32744 bytes for ChunkPool::allocate
# Possible reasons:
#   The system is out of physical RAM or swap space
#   In 32 bit mode, the process size limit was hit
# Possible solutions:
#   Reduce memory load on the system
#   Increase physical memory or swap space
#   Check if swap backing store is full
#   Use 64 bit Java on a 64 bit OS
#   Decrease Java heap size (-Xmx/-Xms)
#   Decrease number of Java threads
#   Decrease Java thread stack sizes (-Xss)
#   Set larger code cache with -XX:ReservedCodeCacheSize=
# This output file may be truncated or incomplete.
#
#  Out of Memory Error (allocation.cpp:273), pid=59032, tid=61064
#
# JRE version: Java(TM) SE Runtime Environment (8.0_25-b18) (build 1.8.0_25-b18)
# Java VM: Java HotSpot(TM) 64-Bit Server VM (25.25-b02 mixed mode windows-amd64 compressed oops)
# Failed to write core dump. Minidumps are not enabled by default on client versions of Windows
#

---------------  T H R E A D  ---------------

Current thread (0x0000000015743800):  JavaThread "C1 CompilerThread2" daemon [_thread_in_native, id=61064, stack(0x0000000016e40000,0x0000000016f40000)]

Stack: [0x0000000016e40000,0x0000000016f40000]
Native frames: (J=compiled Java code, j=interpreted, Vv=VM code, C=native code)
V  [jvm.dll+0x31667a]


Current CompileTask:
C1:   1255  402       3       com.android.dx.dex.cf.CfTranslator::coerceConstant (144 bytes)


---------------  P R O C E S S  ---------------

Java Threads: ( => current thread )
  0x000000001739c000 JavaThread "pool-2-thread-4" [_thread_blocked, id=59444, stack(0x0000000017940000,0x0000000017a40000)]
  0x000000001739b800 JavaThread "pool-2-thread-3" [_thread_blocked, id=57972, stack(0x0000000017840000,0x0000000017940000)]
  0x000000001739a000 JavaThread "pool-2-thread-2" [_thread_blocked, id=60540, stack(0x0000000017740000,0x0000000017840000)]
  0x000000001728f800 JavaThread "pool-3-thread-1" [_thread_blocked, id=56968, stack(0x0000000017640000,0x0000000017740000)]
  0x000000001728b000 JavaThread "pool-2-thread-1" [_thread_in_vm, id=43872, stack(0x0000000017540000,0x0000000017640000)]
  0x000000001574b000 JavaThread "Service Thread" daemon [_thread_blocked, id=60460, stack(0x0000000016f40000,0x0000000017040000)]
=>0x0000000015743800 JavaThread "C1 CompilerThread2" daemon [_thread_in_native, id=61064, stack(0x0000000016e40000,0x0000000016f40000)]
  0x000000001573a800 JavaThread "C2 CompilerThread1" daemon [_thread_blocked, id=63620, stack(0x0000000016d40000,0x0000000016e40000)]
  0x00000000156ec000 JavaThread "C2 CompilerThread0" daemon [_thread_in_native, id=64204, stack(0x0000000016c40000,0x0000000016d40000)]
  0x00000000156ea800 JavaThread "Attach Listener" daemon [_thread_blocked, id=64136, stack(0x0000000016b40000,0x0000000016c40000)]
  0x00000000156e9800 JavaThread "Signal Dispatcher" daemon [_thread_blocked, id=60032, stack(0x0000000016a40000,0x0000000016b40000)]
  0x0000000003010800 JavaThread "Finalizer" daemon [_thread_blocked, id=59252, stack(0x0000000016940000,0x0000000016a40000)]
  0x000000000300d000 JavaThread "Reference Handler" daemon [_thread_blocked, id=61384, stack(0x0000000016840000,0x0000000016940000)]
  0x0000000002f1e000 JavaThread "main" [_thread_blocked, id=64248, stack(0x0000000002de0000,0x0000000002ee0000)]

Other Threads:
  0x00000000156b6800 VMThread [stack: 0x0000000016740000,0x0000000016840000] [id=60152]
  0x000000001574d800 WatcherThread [stack: 0x0000000017040000,0x0000000017140000] [id=63860]

VM state:synchronizing (normal execution)

VM Mutex/Monitor currently owned by a thread:  ([mutex/lock_event])
[0x0000000002f1cf20] Threads_lock - owner thread: 0x00000000156b6800
[0x0000000002f1c920] Heap_lock - owner thread: 0x000000001739a000

Heap:
 PSYoungGen      total 18944K, used 8890K [0x00000000eab00000, 0x00000000ec000000, 0x0000000100000000)
  eden space 16384K, 54% used [0x00000000eab00000,0x00000000eb3ae900,0x00000000ebb00000)
  from space 2560K, 0% used [0x00000000ebd80000,0x00000000ebd80000,0x00000000ec000000)
  to   space 2560K, 0% used [0x00000000ebb00000,0x00000000ebb00000,0x00000000ebd80000)
 ParOldGen       total 44032K, used 0K [0x00000000c0000000, 0x00000000c2b00000, 0x00000000eab00000)
  object space 44032K, 0% used [0x00000000c0000000,0x00000000c0000000,0x00000000c2b00000)
 Metaspace       used 4724K, capacity 5872K, committed 6016K, reserved 1058816K
  class space    used 514K, capacity 552K, committed 640K, reserved 1048576K

Card table byte_map: [0x00000000123e0000,0x00000000125f0000] byte_map_base: 0x0000000011de0000

Marking Bits: (ParMarkBitMap*) 0x0000000069efd490
 Begin Bits: [0x0000000012b50000, 0x0000000013b50000)
 End Bits:   [0x0000000013b50000, 0x0000000014b50000)

Polling page: 0x00000000015a0000

CodeCache: size=245760Kb used=1968Kb max_used=1979Kb free=243791Kb
 bounds [0x0000000003020000, 0x0000000003290000, 0x0000000012020000]
 total_blobs=663 nmethods=404 adapters=173
 compilation: enabled

Compilation events (10 events):
Event: 1.227 Thread 0x0000000015743800 nmethod 394 0x0000000003208ed0 code [0x0000000003209060, 0x0000000003209518]
Event: 1.228 Thread 0x0000000015743800  395  s    3       com.android.dx.dex.file.FieldIdsSection::intern (55 bytes)
Event: 1.228 Thread 0x0000000015743800 nmethod 395 0x00000000032096d0 code [0x00000000032098e0, 0x000000000320a5a8]
Event: 1.228 Thread 0x0000000015743800  397       3       com.android.dx.dex.file.MemberIdItem::<init> (14 bytes)
Event: 1.229 Thread 0x0000000015743800 nmethod 397 0x000000000320ac10 code [0x000000000320ada0, 0x000000000320b228]
Event: 1.229 Thread 0x0000000015743800  398       3       com.android.dx.rop.cst.CstFieldRef::getType (8 bytes)
Event: 1.229 Thread 0x0000000015743800 nmethod 398 0x000000000320b410 code [0x000000000320b580, 0x000000000320b928]
Event: 1.229 Thread 0x0000000015743800  399       3       com.android.dx.rop.cst.CstNat::getFieldType (11 bytes)
Event: 1.229 Thread 0x0000000015743800 nmethod 399 0x000000000320ba50 code [0x000000000320bbc0, 0x000000000320bde8]
Event: 1.229 Thread 0x0000000015743800  402       3       com.android.dx.dex.cf.CfTranslator::coerceConstant (144 bytes)

GC Heap History (0 events):
No events

Deoptimization events (4 events):
Event: 1.194 Thread 0x0000000002f1e000 Uncommon trap: reason=class_check action=maybe_recompile pc=0x00000000031e1188 method=com.android.dx.rop.cst.Constant.compareTo(Ljava/lang/Object;)I @ 2
Event: 1.194 Thread 0x0000000002f1e000 Uncommon trap: reason=class_check action=maybe_recompile pc=0x00000000031e1188 method=com.android.dx.rop.cst.Constant.compareTo(Ljava/lang/Object;)I @ 2
Event: 1.194 Thread 0x0000000002f1e000 Uncommon trap: reason=class_check action=maybe_recompile pc=0x00000000031e1188 method=com.android.dx.rop.cst.Constant.compareTo(Ljava/lang/Object;)I @ 2
Event: 1.194 Thread 0x0000000002f1e000 Uncommon trap: reason=class_check action=maybe_recompile pc=0x00000000031e1188 method=com.android.dx.rop.cst.Constant.compareTo(Ljava/lang/Object;)I @ 2

Internal exceptions (10 events):
Event: 1.208 Thread 0x000000001728b000 Exception <a 'java/security/PrivilegedActionException'> (0x00000000eb30e8f8) thrown at [D:\re\workspace\8-2-build-windows-amd64-cygwin\jdk8u25\1677\hotspot\src\share\vm\prims\jvm.cpp, line 1312]
Event: 1.212 Thread 0x000000001728b000 Exception <a 'java/security/PrivilegedActionException'> (0x00000000eb311168) thrown at [D:\re\workspace\8-2-build-windows-amd64-cygwin\jdk8u25\1677\hotspot\src\share\vm\prims\jvm.cpp, line 1312]
Event: 1.215 Thread 0x000000001728b000 Exception <a 'java/security/PrivilegedActionException'> (0x00000000eb31a798) thrown at [D:\re\workspace\8-2-build-windows-amd64-cygwin\jdk8u25\1677\hotspot\src\share\vm\prims\jvm.cpp, line 1312]
Event: 1.218 Thread 0x000000001739a000 Exception <a 'java/security/PrivilegedActionException'> (0x00000000eb1d6378) thrown at [D:\re\workspace\8-2-build-windows-amd64-cygwin\jdk8u25\1677\hotspot\src\share\vm\prims\jvm.cpp, line 1312]
Event: 1.219 Thread 0x000000001739a000 Exception <a 'java/security/PrivilegedActionException'> (0x00000000eb1d8868) thrown at [D:\re\workspace\8-2-build-windows-amd64-cygwin\jdk8u25\1677\hotspot\src\share\vm\prims\jvm.cpp, line 1312]
Event: 1.219 Thread 0x000000001739a000 Exception <a 'java/security/PrivilegedActionException'> (0x00000000eb1e1278) thrown at [D:\re\workspace\8-2-build-windows-amd64-cygwin\jdk8u25\1677\hotspot\src\share\vm\prims\jvm.cpp, line 1312]
Event: 1.220 Thread 0x000000001739a000 Exception <a 'java/security/PrivilegedActionException'> (0x00000000eb1e3098) thrown at [D:\re\workspace\8-2-build-windows-amd64-cygwin\jdk8u25\1677\hotspot\src\share\vm\prims\jvm.cpp, line 1312]
Event: 1.221 Thread 0x000000001739a000 Exception <a 'java/security/PrivilegedActionException'> (0x00000000eb1e5f28) thrown at [D:\re\workspace\8-2-build-windows-amd64-cygwin\jdk8u25\1677\hotspot\src\share\vm\prims\jvm.cpp, line 1312]
Event: 1.222 Thread 0x000000001739a000 Exception <a 'java/security/PrivilegedActionException'> (0x00000000eb1e8e38) thrown at [D:\re\workspace\8-2-build-windows-amd64-cygwin\jdk8u25\1677\hotspot\src\share\vm\prims\jvm.cpp, line 1312]
Event: 1.227 Thread 0x000000001739a000 Exception <a 'java/security/PrivilegedActionException'> (0x00000000eb1ed5f0) thrown at [D:\re\workspace\8-2-build-windows-amd64-cygwin\jdk8u25\1677\hotspot\src\share\vm\prims\jvm.cpp, line 1312]

Events (10 events):
Event: 1.219 loading class com/android/dx/ssa/PhiInsn$Visitor
Event: 1.219 loading class com/android/dx/ssa/PhiInsn$Visitor done
Event: 1.220 loading class com/android/dx/ssa/RegisterMapper
Event: 1.220 loading class com/android/dx/ssa/RegisterMapper done
Event: 1.221 loading class com/android/dx/ssa/SsaRenamer$BlockRenamer$RenamingMapper
Event: 1.221 loading class com/android/dx/ssa/SsaRenamer$BlockRenamer$RenamingMapper done
Event: 1.222 loading class com/android/dx/ssa/SsaRenamer$BlockRenamer$1
Event: 1.222 loading class com/android/dx/ssa/SsaRenamer$BlockRenamer$1 done
Event: 1.227 loading class com/android/dx/ssa/PhiInsn$Operand
Event: 1.227 loading class com/android/dx/ssa/PhiInsn$Operand done


Dynamic libraries:
0x00007ff72ce00000 - 0x00007ff72ce34000 	C:\Program Files\Java\jdk1.8.0_25\bin\java.exe
0x00007ffcacc60000 - 0x00007ffcace21000 	C:\WINDOWS\SYSTEM32\ntdll.dll
0x00007ffcaca80000 - 0x00007ffcacb2d000 	C:\WINDOWS\system32\KERNEL32.DLL
0x00007ffca94f0000 - 0x00007ffca96d8000 	C:\WINDOWS\system32\KERNELBASE.dll
0x00007ffcac840000 - 0x00007ffcac8e7000 	C:\WINDOWS\system32\ADVAPI32.dll
0x00007ffcac900000 - 0x00007ffcac99d000 	C:\WINDOWS\system32\msvcrt.dll
0x00007ffcacb30000 - 0x00007ffcacb8b000 	C:\WINDOWS\system32\sechost.dll
0x00007ffcaa1c0000 - 0x00007ffcaa2dc000 	C:\WINDOWS\system32\RPCRT4.dll
0x00007ffcabd30000 - 0x00007ffcabe86000 	C:\WINDOWS\system32\USER32.dll
0x00007ffcab880000 - 0x00007ffcaba06000 	C:\WINDOWS\system32\GDI32.dll
0x00007ffca0310000 - 0x00007ffca0584000 	C:\WINDOWS\WinSxS\amd64_microsoft.windows.common-controls_6595b64144ccf1df_6.0.10586.494_none_a2d8b04ea53e3145\COMCTL32.dll
0x00007ffcac400000 - 0x00007ffcac67d000 	C:\WINDOWS\system32\combase.dll
0x00007ffca9310000 - 0x00007ffca937a000 	C:\WINDOWS\system32\bcryptPrimitives.dll
0x00007ffcab840000 - 0x00007ffcab87b000 	C:\WINDOWS\system32\IMM32.DLL
0x0000000069370000 - 0x0000000069442000 	C:\Program Files\Java\jdk1.8.0_25\jre\bin\msvcr100.dll
0x0000000069720000 - 0x0000000069f7a000 	C:\Program Files\Java\jdk1.8.0_25\jre\bin\server\jvm.dll
0x00007ffcaca00000 - 0x00007ffcaca08000 	C:\WINDOWS\system32\PSAPI.DLL
0x00007ffc95490000 - 0x00007ffc95499000 	C:\WINDOWS\SYSTEM32\WSOCK32.dll
0x00007ffcac7d0000 - 0x00007ffcac83b000 	C:\WINDOWS\system32\WS2_32.dll
0x00007ffca79b0000 - 0x00007ffca79d3000 	C:\WINDOWS\SYSTEM32\WINMM.dll
0x00007ffca7950000 - 0x00007ffca797c000 	C:\WINDOWS\SYSTEM32\WINMMBASE.dll
0x00007ffca96e0000 - 0x00007ffca9723000 	C:\WINDOWS\system32\cfgmgr32.dll
0x000000006a0a0000 - 0x000000006a0af000 	C:\Program Files\Java\jdk1.8.0_25\jre\bin\verify.dll
0x000000006a070000 - 0x000000006a098000 	C:\Program Files\Java\jdk1.8.0_25\jre\bin\java.dll
0x000000006a050000 - 0x000000006a066000 	C:\Program Files\Java\jdk1.8.0_25\jre\bin\zip.dll
0x00007ffcaa2e0000 - 0x00007ffcab83c000 	C:\WINDOWS\system32\SHELL32.dll
0x00007ffca9730000 - 0x00007ffca9d75000 	C:\WINDOWS\system32\windows.storage.dll
0x00007ffcabea0000 - 0x00007ffcabef2000 	C:\WINDOWS\system32\shlwapi.dll
0x00007ffca92b0000 - 0x00007ffca92bf000 	C:\WINDOWS\system32\kernel.appcore.dll
0x00007ffca9430000 - 0x00007ffca94e5000 	C:\WINDOWS\system32\shcore.dll
0x00007ffca92c0000 - 0x00007ffca930b000 	C:\WINDOWS\system32\powrprof.dll
0x00007ffca9290000 - 0x00007ffca92a4000 	C:\WINDOWS\system32\profapi.dll
0x00007ffc92eb0000 - 0x00007ffc9303c000 	C:\WINDOWS\SYSTEM32\dbghelp.dll

VM Arguments:
jvm_args: -Djava.awt.headless=true -Xmx1024M -Dfile.encoding=windows-1252 -Duser.country=FR -Duser.language=fr -Duser.variant 
java_command: com.android.dx.command.Main --dex --force-jumbo --num-threads=4 --multi-dex --output C:\Users\Famille\AndroidStudioProjects\Niviel\app\build\intermediates\transforms\dex\debug\folders\1000\5\slice_0 C:\Users\Famille\AndroidStudioProjects\Niviel\app\build\intermediates\transforms\instantRunSlicer\debug\folders\1\5\slice_0
java_class_path (initial): C:\Users\Famille\AppData\Local\Android\sdk\build-tools\23.0.2\lib\dx.jar
Launcher Type: SUN_STANDARD

Environment Variables:
JAVA_HOME=C:\Program Files\Java\jdk1.8.0_25
PATH=C:\Program Files\Broadcom\Broadcom 802.11 Network Adapter;;C:\Program Files\Broadcom\Broadcom 802.11;C:\ProgramData\Oracle\Java\javapath;C:\Program Files (x86)\Intel\iCLS Client\;C:\Program Files\Intel\iCLS Client\;C:\Windows\system32;C:\Windows;C:\Windows\System32\Wbem;C:\Windows\System32\WindowsPowerShell\v1.0\;C:\Program Files\Hewlett-Packard\SimplePass\;C:\wamp\bin\php\php5.5.12;C:\Python27;C:\Users\Famille\AppData\Roaming\npm\;C:\Program Files\nodejs\;C:\Program Files\Git\cmd;C:\Program Files (x86)\Brackets\command;C:\Program Files (x86)\Ant\bin;C:\Program Files (x86)\Maven\bin;C:\Program Files (x86)\Intel\Intel(R) Management Engine Components\DAL;C:\Program Files\Intel\Intel(R) Management Engine Components\DAL;C:\Program Files (x86)\Intel\Intel(R) Management Engine Components\IPT;C:\Program Files\Intel\Intel(R) Management Engine Components\IPT;C:\Users\Famille\AppData\Local\atom\bin;C:\Users\Famille\AppData\Roaming\npm
USERNAME=de Lachaux
OS=Windows_NT
PROCESSOR_IDENTIFIER=Intel64 Family 6 Model 69 Stepping 1, GenuineIntel



---------------  S Y S T E M  ---------------

OS: Windows 8.1 , 64 bit Build 9600 

CPU:total 4 (2 cores per cpu, 2 threads per core) family 6 model 69 stepping 1, cmov, cx8, fxsr, mmx, sse, sse2, sse3, ssse3, sse4.1, sse4.2, popcnt, avx, avx2, aes, clmul, erms, lzcnt, ht, tsc, tscinvbit, bmi1, bmi2

Memory: 4k page, physical 4122776k(489172k free), swap 5555352k(5124k free)

vm_info: Java HotSpot(TM) 64-Bit Server VM (25.25-b02) for windows-amd64 JRE (1.8.0_25-b18), built on Oct  7 2014 14:25:37 by "java_re" with MS VC++ 10.0 (VS2010)

time: Mon Aug 29 18:31:13 2016
elapsed time: 1 seconds (0d 0h 0m 1s)

