#
# There is insufficient memory for the Java Runtime Environment to continue.
# Native memory allocation (malloc) failed to allocate 155376 bytes for Chunk::new
# Possible reasons:
#   The system is out of physical RAM or swap space
#   In 32 bit mode, the process size limit was hit
# Possible solutions:
#   Reduce memory load on the system
#   Increase physical memory or swap space
#   Check if swap backing store is full
#   Use 64 bit Java on a 64 bit OS
#   Decrease Java heap size (-Xmx/-Xms)
#   Decrease number of Java threads
#   Decrease Java thread stack sizes (-Xss)
#   Set larger code cache with -XX:ReservedCodeCacheSize=
# This output file may be truncated or incomplete.
#
#  Out of Memory Error (allocation.cpp:390), pid=19372, tid=18476
#
# JRE version: Java(TM) SE Runtime Environment (8.0_25-b18) (build 1.8.0_25-b18)
# Java VM: Java HotSpot(TM) 64-Bit Server VM (25.25-b02 mixed mode windows-amd64 compressed oops)
# Failed to write core dump. Minidumps are not enabled by default on client versions of Windows
#

---------------  T H R E A D  ---------------

Current thread (0x000000001496c000):  JavaThread "C2 CompilerThread0" daemon [_thread_in_native, id=18476, stack(0x0000000015ee0000,0x0000000015fe0000)]

Stack: [0x0000000015ee0000,0x0000000015fe0000]
Native frames: (J=compiled Java code, j=interpreted, Vv=VM code, C=native code)
V  [jvm.dll+0x31667a]
V  [jvm.dll+0x267073]
V  [jvm.dll+0x267cb3]
V  [jvm.dll+0x25f5b5]
V  [jvm.dll+0xbf165]
V  [jvm.dll+0xbf60c]
V  [jvm.dll+0x478fbc]
V  [jvm.dll+0x4463eb]
V  [jvm.dll+0x45130e]
V  [jvm.dll+0x4538f8]
V  [jvm.dll+0x437372]
V  [jvm.dll+0x98a02]
V  [jvm.dll+0x991f3]
V  [jvm.dll+0x22bde4]
V  [jvm.dll+0x2852fa]
C  [msvcr100.dll+0x21d9f]
C  [msvcr100.dll+0x21e3b]
C  [KERNEL32.DLL+0x18102]
C  [ntdll.dll+0x5c5b4]


Current CompileTask:
C2:  20080 2486       4       com.android.dx.dex.code.StdCatchBuilder::build (262 bytes)


---------------  P R O C E S S  ---------------

Java Threads: ( => current thread )
  0x000000001668c800 JavaThread "pool-1-thread-1" [_thread_in_Java, id=20200, stack(0x0000000019c50000,0x0000000019d50000)]
  0x00000000149c3800 JavaThread "Service Thread" daemon [_thread_blocked, id=20356, stack(0x00000000161e0000,0x00000000162e0000)]
  0x00000000149c0000 JavaThread "C1 CompilerThread2" daemon [_thread_blocked, id=20424, stack(0x00000000160e0000,0x00000000161e0000)]
  0x00000000149bf000 JavaThread "C2 CompilerThread1" daemon [_thread_in_native, id=17196, stack(0x0000000015fe0000,0x00000000160e0000)]
=>0x000000001496c000 JavaThread "C2 CompilerThread0" daemon [_thread_in_native, id=18476, stack(0x0000000015ee0000,0x0000000015fe0000)]
  0x000000001496a800 JavaThread "Attach Listener" daemon [_thread_blocked, id=19820, stack(0x0000000015de0000,0x0000000015ee0000)]
  0x0000000014969800 JavaThread "Signal Dispatcher" daemon [_thread_blocked, id=19720, stack(0x0000000015ce0000,0x0000000015de0000)]
  0x0000000002290800 JavaThread "Finalizer" daemon [_thread_blocked, id=19524, stack(0x0000000015be0000,0x0000000015ce0000)]
  0x000000000228d000 JavaThread "Reference Handler" daemon [_thread_blocked, id=19404, stack(0x0000000015ae0000,0x0000000015be0000)]
  0x000000000202e000 JavaThread "main" [_thread_blocked, id=20364, stack(0x00000000020a0000,0x00000000021a0000)]

Other Threads:
  0x0000000014936800 VMThread [stack: 0x00000000159e0000,0x0000000015ae0000] [id=19444]
  0x00000000149c6800 WatcherThread [stack: 0x00000000162e0000,0x00000000163e0000] [id=19692]

VM state:not at safepoint (normal execution)

VM Mutex/Monitor currently owned by a thread: None

Heap:
 PSYoungGen      total 144384K, used 847K [0x00000000eab00000, 0x00000000fd700000, 0x0000000100000000)
  eden space 129024K, 0% used [0x00000000eab00000,0x00000000eabd3fe8,0x00000000f2900000)
  from space 15360K, 0% used [0x00000000f2900000,0x00000000f2900000,0x00000000f3800000)
  to   space 24576K, 0% used [0x00000000fbf00000,0x00000000fbf00000,0x00000000fd700000)
 ParOldGen       total 44032K, used 38468K [0x00000000c0000000, 0x00000000c2b00000, 0x00000000eab00000)
  object space 44032K, 87% used [0x00000000c0000000,0x00000000c25912b8,0x00000000c2b00000)
 Metaspace       used 6746K, capacity 7544K, committed 7680K, reserved 1056768K
  class space    used 631K, capacity 688K, committed 768K, reserved 1048576K

Card table byte_map: [0x0000000011660000,0x0000000011870000] byte_map_base: 0x0000000011060000

Marking Bits: (ParMarkBitMap*) 0x0000000057e2d490
 Begin Bits: [0x0000000011dd0000, 0x0000000012dd0000)
 End Bits:   [0x0000000012dd0000, 0x0000000013dd0000)

Polling page: 0x0000000001f70000

CodeCache: size=245760Kb used=9463Kb max_used=9463Kb free=236296Kb
 bounds [0x00000000022a0000, 0x0000000002bf0000, 0x00000000112a0000]
 total_blobs=2614 nmethods=2349 adapters=178
 compilation: enabled

Compilation events (10 events):
Event: 14.554 Thread 0x000000001496c000 nmethod 2484 0x0000000002bd4450 code [0x0000000002bd45c0, 0x0000000002bd48d8]
Event: 14.554 Thread 0x000000001496c000 2485       4       com.android.dx.dex.code.form.Form22c::isCompatible (99 bytes)
Event: 14.555 Thread 0x00000000149c0000 2487       1       com.android.dx.dex.code.form.Form10t::codeSize (2 bytes)
Event: 14.555 Thread 0x00000000149c0000 nmethod 2487 0x0000000002bd4190 code [0x0000000002bd42e0, 0x0000000002bd43f0]
Event: 14.557 Thread 0x000000001496c000 nmethod 2485 0x0000000002bd3b10 code [0x0000000002bd3c80, 0x0000000002bd3e58]
Event: 14.557 Thread 0x000000001496c000 2486       4       com.android.dx.dex.code.StdCatchBuilder::build (262 bytes)
Event: 14.561 Thread 0x00000000149c0000 2488       3       com.android.dx.dex.code.form.Form22b::isCompatible (103 bytes)
Event: 14.562 Thread 0x00000000149c0000 nmethod 2488 0x0000000002bd1410 code [0x0000000002bd1640, 0x0000000002bd2938]
Event: 14.562 Thread 0x00000000149c0000 2489       1       com.android.dx.dex.code.form.Form21c::codeSize (2 bytes)
Event: 14.562 Thread 0x00000000149c0000 nmethod 2489 0x0000000002bd1150 code [0x0000000002bd12a0, 0x0000000002bd13b0]

GC Heap History (10 events):
Event: 2.797 GC heap before
{Heap before GC invocations=4 (full 0):
 PSYoungGen      total 35328K, used 35321K [0x00000000eab00000, 0x00000000ef000000, 0x0000000100000000)
  eden space 32768K, 100% used [0x00000000eab00000,0x00000000ecb00000,0x00000000ecb00000)
  from space 2560K, 99% used [0x00000000ecb00000,0x00000000ecd7e590,0x00000000ecd80000)
  to   space 2560K, 0% used [0x00000000eed80000,0x00000000eed80000,0x00000000ef000000)
 ParOldGen       total 44032K, used 7999K [0x00000000c0000000, 0x00000000c2b00000, 0x00000000eab00000)
  object space 44032K, 18% used [0x00000000c0000000,0x00000000c07cfc30,0x00000000c2b00000)
 Metaspace       used 6209K, capacity 7152K, committed 7296K, reserved 1056768K
  class space    used 592K, capacity 616K, committed 640K, reserved 1048576K
Event: 2.815 GC heap after
Heap after GC invocations=4 (full 0):
 PSYoungGen      total 68096K, used 2551K [0x00000000eab00000, 0x00000000ef000000, 0x0000000100000000)
  eden space 65536K, 0% used [0x00000000eab00000,0x00000000eab00000,0x00000000eeb00000)
  from space 2560K, 99% used [0x00000000eed80000,0x00000000eeffdf88,0x00000000ef000000)
  to   space 2560K, 0% used [0x00000000eeb00000,0x00000000eeb00000,0x00000000eed80000)
 ParOldGen       total 44032K, used 12728K [0x00000000c0000000, 0x00000000c2b00000, 0x00000000eab00000)
  object space 44032K, 28% used [0x00000000c0000000,0x00000000c0c6e1e0,0x00000000c2b00000)
 Metaspace       used 6209K, capacity 7152K, committed 7296K, reserved 1056768K
  class space    used 592K, capacity 616K, committed 640K, reserved 1048576K
}
Event: 4.146 GC heap before
{Heap before GC invocations=5 (full 0):
 PSYoungGen      total 68096K, used 68087K [0x00000000eab00000, 0x00000000ef000000, 0x0000000100000000)
  eden space 65536K, 100% used [0x00000000eab00000,0x00000000eeb00000,0x00000000eeb00000)
  from space 2560K, 99% used [0x00000000eed80000,0x00000000eeffdf88,0x00000000ef000000)
  to   space 2560K, 0% used [0x00000000eeb00000,0x00000000eeb00000,0x00000000eed80000)
 ParOldGen       total 44032K, used 12728K [0x00000000c0000000, 0x00000000c2b00000, 0x00000000eab00000)
  object space 44032K, 28% used [0x00000000c0000000,0x00000000c0c6e1e0,0x00000000c2b00000)
 Metaspace       used 6262K, capacity 7152K, committed 7296K, reserved 1056768K
  class space    used 592K, capacity 616K, committed 640K, reserved 1048576K
Event: 4.185 GC heap after
Heap after GC invocations=5 (full 0):
 PSYoungGen      total 68096K, used 2549K [0x00000000eab00000, 0x00000000f4500000, 0x0000000100000000)
  eden space 65536K, 0% used [0x00000000eab00000,0x00000000eab00000,0x00000000eeb00000)
  from space 2560K, 99% used [0x00000000eeb00000,0x00000000eed7d650,0x00000000eed80000)
  to   space 13312K, 0% used [0x00000000f3800000,0x00000000f3800000,0x00000000f4500000)
 ParOldGen       total 44032K, used 22775K [0x00000000c0000000, 0x00000000c2b00000, 0x00000000eab00000)
  object space 44032K, 51% used [0x00000000c0000000,0x00000000c163dea8,0x00000000c2b00000)
 Metaspace       used 6262K, capacity 7152K, committed 7296K, reserved 1056768K
  class space    used 592K, capacity 616K, committed 640K, reserved 1048576K
}
Event: 6.266 GC heap before
{Heap before GC invocations=6 (full 0):
 PSYoungGen      total 68096K, used 68085K [0x00000000eab00000, 0x00000000f4500000, 0x0000000100000000)
  eden space 65536K, 100% used [0x00000000eab00000,0x00000000eeb00000,0x00000000eeb00000)
  from space 2560K, 99% used [0x00000000eeb00000,0x00000000eed7d650,0x00000000eed80000)
  to   space 13312K, 0% used [0x00000000f3800000,0x00000000f3800000,0x00000000f4500000)
 ParOldGen       total 44032K, used 22775K [0x00000000c0000000, 0x00000000c2b00000, 0x00000000eab00000)
  object space 44032K, 51% used [0x00000000c0000000,0x00000000c163dea8,0x00000000c2b00000)
 Metaspace       used 6377K, capacity 7192K, committed 7424K, reserved 1056768K
  class space    used 612K, capacity 656K, committed 768K, reserved 1048576K
Event: 6.350 GC heap after
Heap after GC invocations=6 (full 0):
 PSYoungGen      total 142336K, used 11910K [0x00000000eab00000, 0x00000000f4900000, 0x0000000100000000)
  eden space 129024K, 0% used [0x00000000eab00000,0x00000000eab00000,0x00000000f2900000)
  from space 13312K, 89% used [0x00000000f3800000,0x00000000f43a18e8,0x00000000f4500000)
  to   space 15360K, 0% used [0x00000000f2900000,0x00000000f2900000,0x00000000f3800000)
 ParOldGen       total 44032K, used 22775K [0x00000000c0000000, 0x00000000c2b00000, 0x00000000eab00000)
  object space 44032K, 51% used [0x00000000c0000000,0x00000000c163dea8,0x00000000c2b00000)
 Metaspace       used 6377K, capacity 7192K, committed 7424K, reserved 1056768K
  class space    used 612K, capacity 656K, committed 768K, reserved 1048576K
}
Event: 14.565 GC heap before
{Heap before GC invocations=7 (full 0):
 PSYoungGen      total 142336K, used 140934K [0x00000000eab00000, 0x00000000f4900000, 0x0000000100000000)
  eden space 129024K, 100% used [0x00000000eab00000,0x00000000f2900000,0x00000000f2900000)
  from space 13312K, 89% used [0x00000000f3800000,0x00000000f43a18e8,0x00000000f4500000)
  to   space 15360K, 0% used [0x00000000f2900000,0x00000000f2900000,0x00000000f3800000)
 ParOldGen       total 44032K, used 22775K [0x00000000c0000000, 0x00000000c2b00000, 0x00000000eab00000)
  object space 44032K, 51% used [0x00000000c0000000,0x00000000c163dea8,0x00000000c2b00000)
 Metaspace       used 6743K, capacity 7544K, committed 7680K, reserved 1056768K
  class space    used 631K, capacity 688K, committed 768K, reserved 1048576K
Event: 14.847 GC heap after
Heap after GC invocations=7 (full 0):
 PSYoungGen      total 144384K, used 15333K [0x00000000eab00000, 0x00000000fd700000, 0x0000000100000000)
  eden space 129024K, 0% used [0x00000000eab00000,0x00000000eab00000,0x00000000f2900000)
  from space 15360K, 99% used [0x00000000f2900000,0x00000000f37f96e8,0x00000000f3800000)
  to   space 24576K, 0% used [0x00000000fbf00000,0x00000000fbf00000,0x00000000fd700000)
 ParOldGen       total 44032K, used 36532K [0x00000000c0000000, 0x00000000c2b00000, 0x00000000eab00000)
  object space 44032K, 82% used [0x00000000c0000000,0x00000000c23ad3f0,0x00000000c2b00000)
 Metaspace       used 6743K, capacity 7544K, committed 7680K, reserved 1056768K
  class space    used 631K, capacity 688K, committed 768K, reserved 1048576K
}
Event: 14.847 GC heap before
{Heap before GC invocations=8 (full 1):
 PSYoungGen      total 144384K, used 15333K [0x00000000eab00000, 0x00000000fd700000, 0x0000000100000000)
  eden space 129024K, 0% used [0x00000000eab00000,0x00000000eab00000,0x00000000f2900000)
  from space 15360K, 99% used [0x00000000f2900000,0x00000000f37f96e8,0x00000000f3800000)
  to   space 24576K, 0% used [0x00000000fbf00000,0x00000000fbf00000,0x00000000fd700000)
 ParOldGen       total 44032K, used 36532K [0x00000000c0000000, 0x00000000c2b00000, 0x00000000eab00000)
  object space 44032K, 82% used [0x00000000c0000000,0x00000000c23ad3f0,0x00000000c2b00000)
 Metaspace       used 6743K, capacity 7544K, committed 7680K, reserved 1056768K
  class space    used 631K, capacity 688K, committed 768K, reserved 1048576K
Event: 20.015 GC heap after
Heap after GC invocations=8 (full 1):
 PSYoungGen      total 144384K, used 0K [0x00000000eab00000, 0x00000000fd700000, 0x0000000100000000)
  eden space 129024K, 0% used [0x00000000eab00000,0x00000000eab00000,0x00000000f2900000)
  from space 15360K, 0% used [0x00000000f2900000,0x00000000f2900000,0x00000000f3800000)
  to   space 24576K, 0% used [0x00000000fbf00000,0x00000000fbf00000,0x00000000fd700000)
 ParOldGen       total 44032K, used 38468K [0x00000000c0000000, 0x00000000c2b00000, 0x00000000eab00000)
  object space 44032K, 87% used [0x00000000c0000000,0x00000000c25912b8,0x00000000c2b00000)
 Metaspace       used 6743K, capacity 7544K, committed 7680K, reserved 1056768K
  class space    used 631K, capacity 688K, committed 768K, reserved 1048576K
}

Deoptimization events (10 events):
Event: 9.580 Thread 0x000000001668c800 Uncommon trap: reason=class_check action=maybe_recompile pc=0x000000000278b280 method=java.util.Arrays.hashCode([Ljava/lang/Object;)I @ 43
Event: 10.511 Thread 0x000000001668c800 Uncommon trap: reason=unreached action=reinterpret pc=0x0000000002af862c method=com.android.dx.dex.file.DexFile.internIfAppropriate(Lcom/android/dx/rop/cst/Constant;)V @ 92
Event: 11.370 Thread 0x000000001668c800 Uncommon trap: reason=speculate_class_check action=maybe_recompile pc=0x000000000263de58 method=com.android.dx.util.FixedSizeList.equals(Ljava/lang/Object;)Z @ 25
Event: 11.753 Thread 0x000000001668c800 Uncommon trap: reason=speculate_class_check action=maybe_recompile pc=0x000000000263de58 method=com.android.dx.util.FixedSizeList.equals(Ljava/lang/Object;)Z @ 25
Event: 11.753 Thread 0x000000001668c800 Uncommon trap: reason=class_check action=maybe_recompile pc=0x0000000002624e7c method=java.util.Arrays.equals([Ljava/lang/Object;[Ljava/lang/Object;)Z @ 62
Event: 11.753 Thread 0x000000001668c800 Uncommon trap: reason=speculate_class_check action=maybe_recompile pc=0x000000000263de58 method=com.android.dx.util.FixedSizeList.equals(Ljava/lang/Object;)Z @ 25
Event: 11.753 Thread 0x000000001668c800 Uncommon trap: reason=class_check action=maybe_recompile pc=0x0000000002624e7c method=java.util.Arrays.equals([Ljava/lang/Object;[Ljava/lang/Object;)Z @ 62
Event: 11.753 Thread 0x000000001668c800 Uncommon trap: reason=speculate_class_check action=maybe_recompile pc=0x000000000263de58 method=com.android.dx.util.FixedSizeList.equals(Ljava/lang/Object;)Z @ 25
Event: 11.753 Thread 0x000000001668c800 Uncommon trap: reason=class_check action=maybe_recompile pc=0x0000000002624e7c method=java.util.Arrays.equals([Ljava/lang/Object;[Ljava/lang/Object;)Z @ 62
Event: 11.753 Thread 0x000000001668c800 Uncommon trap: reason=class_check action=maybe_recompile pc=0x0000000002624e7c method=java.util.Arrays.equals([Ljava/lang/Object;[Ljava/lang/Object;)Z @ 62

Internal exceptions (10 events):
Event: 11.194 Thread 0x000000001668c800 Exception <a 'java/security/PrivilegedActionException'> (0x00000000f23dbd48) thrown at [D:\re\workspace\8-2-build-windows-amd64-cygwin\jdk8u25\1677\hotspot\src\share\vm\prims\jvm.cpp, line 1312]
Event: 11.195 Thread 0x000000001668c800 Exception <a 'java/security/PrivilegedActionException'> (0x00000000f23e1008) thrown at [D:\re\workspace\8-2-build-windows-amd64-cygwin\jdk8u25\1677\hotspot\src\share\vm\prims\jvm.cpp, line 1312]
Event: 11.352 Thread 0x000000001668c800 Exception <a 'java/security/PrivilegedActionException'> (0x00000000f23e7690) thrown at [D:\re\workspace\8-2-build-windows-amd64-cygwin\jdk8u25\1677\hotspot\src\share\vm\prims\jvm.cpp, line 1312]
Event: 11.356 Thread 0x000000001668c800 Exception <a 'java/security/PrivilegedActionException'> (0x00000000f23ea6d0) thrown at [D:\re\workspace\8-2-build-windows-amd64-cygwin\jdk8u25\1677\hotspot\src\share\vm\prims\jvm.cpp, line 1312]
Event: 11.357 Thread 0x000000001668c800 Exception <a 'java/security/PrivilegedActionException'> (0x00000000f23ef620) thrown at [D:\re\workspace\8-2-build-windows-amd64-cygwin\jdk8u25\1677\hotspot\src\share\vm\prims\jvm.cpp, line 1312]
Event: 11.358 Thread 0x000000001668c800 Exception <a 'java/security/PrivilegedActionException'> (0x00000000f23f3df8) thrown at [D:\re\workspace\8-2-build-windows-amd64-cygwin\jdk8u25\1677\hotspot\src\share\vm\prims\jvm.cpp, line 1312]
Event: 11.370 Thread 0x000000001668c800 Exception <a 'java/security/PrivilegedActionException'> (0x00000000f2407d58) thrown at [D:\re\workspace\8-2-build-windows-amd64-cygwin\jdk8u25\1677\hotspot\src\share\vm\prims\jvm.cpp, line 1312]
Event: 11.371 Thread 0x000000001668c800 Exception <a 'java/security/PrivilegedActionException'> (0x00000000f240ae00) thrown at [D:\re\workspace\8-2-build-windows-amd64-cygwin\jdk8u25\1677\hotspot\src\share\vm\prims\jvm.cpp, line 1312]
Event: 11.371 Thread 0x000000001668c800 Exception <a 'java/security/PrivilegedActionException'> (0x00000000f240e088) thrown at [D:\re\workspace\8-2-build-windows-amd64-cygwin\jdk8u25\1677\hotspot\src\share\vm\prims\jvm.cpp, line 1312]
Event: 11.395 Thread 0x000000001668c800 Exception <a 'java/security/PrivilegedActionException'> (0x00000000f241f098) thrown at [D:\re\workspace\8-2-build-windows-amd64-cygwin\jdk8u25\1677\hotspot\src\share\vm\prims\jvm.cpp, line 1312]

Events (10 events):
Event: 13.484 Thread 0x000000001668c800 DEOPT PACKING pc=0x0000000002b5dbc1 sp=0x0000000019d4ed90
Event: 13.484 Thread 0x000000001668c800 DEOPT UNPACKING pc=0x00000000022e75bf sp=0x0000000019d4eae0 mode 0
Event: 13.492 Thread 0x000000001668c800 DEOPT PACKING pc=0x0000000002b5bf42 sp=0x0000000019d4ecd0
Event: 13.492 Thread 0x000000001668c800 DEOPT UNPACKING pc=0x00000000022e75bf sp=0x0000000019d4ea88 mode 0
Event: 13.492 Thread 0x000000001668c800 DEOPT PACKING pc=0x0000000002b5dbc1 sp=0x0000000019d4ed90
Event: 13.492 Thread 0x000000001668c800 DEOPT UNPACKING pc=0x00000000022e75bf sp=0x0000000019d4eae0 mode 0
Event: 13.497 Thread 0x000000001668c800 DEOPT PACKING pc=0x0000000002b5dbc1 sp=0x0000000019d4ec10
Event: 13.497 Thread 0x000000001668c800 DEOPT UNPACKING pc=0x00000000022e75bf sp=0x0000000019d4e960 mode 0
Event: 14.565 Executing VM operation: ParallelGCFailedAllocation
Event: 20.015 Executing VM operation: ParallelGCFailedAllocation done


Dynamic libraries:
0x00007ff62aac0000 - 0x00007ff62aaf4000 	C:\Program Files\Java\jdk1.8.0_25\bin\java.exe
0x00007ffa827f0000 - 0x00007ffa829b1000 	C:\WINDOWS\SYSTEM32\ntdll.dll
0x00007ffa82340000 - 0x00007ffa823ed000 	C:\WINDOWS\system32\KERNEL32.DLL
0x00007ffa7eea0000 - 0x00007ffa7f088000 	C:\WINDOWS\system32\KERNELBASE.dll
0x00007ffa820c0000 - 0x00007ffa82167000 	C:\WINDOWS\system32\ADVAPI32.dll
0x00007ffa82020000 - 0x00007ffa820bd000 	C:\WINDOWS\system32\msvcrt.dll
0x00007ffa81c30000 - 0x00007ffa81c8b000 	C:\WINDOWS\system32\sechost.dll
0x00007ffa81c90000 - 0x00007ffa81dac000 	C:\WINDOWS\system32\RPCRT4.dll
0x00007ffa81db0000 - 0x00007ffa81f06000 	C:\WINDOWS\system32\USER32.dll
0x00007ffa82580000 - 0x00007ffa82706000 	C:\WINDOWS\system32\GDI32.dll
0x00007ffa79220000 - 0x00007ffa79494000 	C:\WINDOWS\WinSxS\amd64_microsoft.windows.common-controls_6595b64144ccf1df_6.0.10586.0_none_8c15ae12515e1c22\COMCTL32.dll
0x00007ffa813c0000 - 0x00007ffa8163d000 	C:\WINDOWS\system32\combase.dll
0x00007ffa7f090000 - 0x00007ffa7f0fa000 	C:\WINDOWS\system32\bcryptPrimitives.dll
0x00007ffa82710000 - 0x00007ffa8274b000 	C:\WINDOWS\system32\IMM32.DLL
0x0000000057190000 - 0x0000000057262000 	C:\Program Files\Java\jdk1.8.0_25\jre\bin\msvcr100.dll
0x0000000057650000 - 0x0000000057eaa000 	C:\Program Files\Java\jdk1.8.0_25\jre\bin\server\jvm.dll
0x00007ffa81640000 - 0x00007ffa81648000 	C:\WINDOWS\system32\PSAPI.DLL
0x00007ffa6e5f0000 - 0x00007ffa6e5f9000 	C:\WINDOWS\SYSTEM32\WSOCK32.dll
0x00007ffa82750000 - 0x00007ffa827bb000 	C:\WINDOWS\system32\WS2_32.dll
0x00007ffa7cc00000 - 0x00007ffa7cc23000 	C:\WINDOWS\SYSTEM32\WINMM.dll
0x00007ffa7cab0000 - 0x00007ffa7cadc000 	C:\WINDOWS\SYSTEM32\WINMMBASE.dll
0x00007ffa7f2d0000 - 0x00007ffa7f313000 	C:\WINDOWS\system32\cfgmgr32.dll
0x0000000057640000 - 0x000000005764f000 	C:\Program Files\Java\jdk1.8.0_25\jre\bin\verify.dll
0x0000000057610000 - 0x0000000057638000 	C:\Program Files\Java\jdk1.8.0_25\jre\bin\java.dll
0x00000000575f0000 - 0x0000000057606000 	C:\Program Files\Java\jdk1.8.0_25\jre\bin\zip.dll
0x00007ffa7fdb0000 - 0x00007ffa8130c000 	C:\WINDOWS\system32\SHELL32.dll
0x00007ffa7f5a0000 - 0x00007ffa7fbe4000 	C:\WINDOWS\system32\windows.storage.dll
0x00007ffa82520000 - 0x00007ffa82572000 	C:\WINDOWS\system32\shlwapi.dll
0x00007ffa7ee80000 - 0x00007ffa7ee8f000 	C:\WINDOWS\system32\kernel.appcore.dll
0x00007ffa7f3a0000 - 0x00007ffa7f455000 	C:\WINDOWS\system32\shcore.dll
0x00007ffa7ee10000 - 0x00007ffa7ee5b000 	C:\WINDOWS\system32\powrprof.dll
0x00007ffa7ee60000 - 0x00007ffa7ee74000 	C:\WINDOWS\system32\profapi.dll
0x00007ffa6af10000 - 0x00007ffa6b09c000 	C:\WINDOWS\SYSTEM32\dbghelp.dll

VM Arguments:
jvm_args: -Djava.awt.headless=true -Xmx1024M -Dfile.encoding=windows-1252 -Duser.country=FR -Duser.language=fr -Duser.variant 
java_command: com.android.dx.command.Main --dex --force-jumbo --num-threads=4 --multi-dex --output C:\Users\Famille\AndroidStudioProjects\Niviel\app\build\intermediates\transforms\dex\debug\folders\1000\10\com.android.support-appcompat-v7-24.0.0_d749c888684847997bd0c4748dd6be454c98469d C:\Users\Famille\AndroidStudioProjects\Niviel\app\build\intermediates\exploded-aar\com.android.support\appcompat-v7\24.0.0\jars\classes.jar
java_class_path (initial): C:\Users\Famille\AppData\Local\Android\sdk\build-tools\23.0.2\lib\dx.jar
Launcher Type: SUN_STANDARD

Environment Variables:
JAVA_HOME=C:\Program Files\Java\jdk1.8.0_25
PATH=C:\Program Files\Broadcom\Broadcom 802.11 Network Adapter;;C:\Program Files\Broadcom\Broadcom 802.11;C:\ProgramData\Oracle\Java\javapath;C:\Program Files (x86)\Intel\iCLS Client\;C:\Program Files\Intel\iCLS Client\;C:\Windows\system32;C:\Windows;C:\Windows\System32\Wbem;C:\Windows\System32\WindowsPowerShell\v1.0\;C:\Program Files\Hewlett-Packard\SimplePass\;C:\wamp\bin\php\php5.5.12;C:\Python27;C:\Users\Famille\AppData\Roaming\npm\;C:\Program Files\nodejs\;C:\Program Files\Git\cmd;C:\Program Files (x86)\Brackets\command;C:\Program Files (x86)\Ant\bin;C:\Program Files (x86)\Maven\bin;C:\Program Files (x86)\Intel\Intel(R) Management Engine Components\DAL;C:\Program Files\Intel\Intel(R) Management Engine Components\DAL;C:\Program Files (x86)\Intel\Intel(R) Management Engine Components\IPT;C:\Program Files\Intel\Intel(R) Management Engine Components\IPT;C:\Users\Famille\AppData\Local\atom\bin;C:\Users\Famille\AppData\Roaming\npm
USERNAME=de Lachaux
OS=Windows_NT
PROCESSOR_IDENTIFIER=Intel64 Family 6 Model 69 Stepping 1, GenuineIntel



---------------  S Y S T E M  ---------------

OS: Windows 8.1 , 64 bit Build 9600 

CPU:total 4 (2 cores per cpu, 2 threads per core) family 6 model 69 stepping 1, cmov, cx8, fxsr, mmx, sse, sse2, sse3, ssse3, sse4.1, sse4.2, popcnt, avx, avx2, aes, clmul, erms, lzcnt, ht, tsc, tscinvbit, bmi1, bmi2

Memory: 4k page, physical 4122776k(263660k free), swap 5555352k(248k free)

vm_info: Java HotSpot(TM) 64-Bit Server VM (25.25-b02) for windows-amd64 JRE (1.8.0_25-b18), built on Oct  7 2014 14:25:37 by "java_re" with MS VC++ 10.0 (VS2010)

time: Sat Jun 25 18:30:33 2016
elapsed time: 20 seconds (0d 0h 0m 20s)

