#
# There is insufficient memory for the Java Runtime Environment to continue.
# Native memory allocation (malloc) failed to allocate 227936 bytes for Chunk::new
# Possible reasons:
#   The system is out of physical RAM or swap space
#   In 32 bit mode, the process size limit was hit
# Possible solutions:
#   Reduce memory load on the system
#   Increase physical memory or swap space
#   Check if swap backing store is full
#   Use 64 bit Java on a 64 bit OS
#   Decrease Java heap size (-Xmx/-Xms)
#   Decrease number of Java threads
#   Decrease Java thread stack sizes (-Xss)
#   Set larger code cache with -XX:ReservedCodeCacheSize=
# This output file may be truncated or incomplete.
#
#  Out of Memory Error (allocation.cpp:390), pid=55308, tid=56104
#
# JRE version: Java(TM) SE Runtime Environment (8.0_25-b18) (build 1.8.0_25-b18)
# Java VM: Java HotSpot(TM) 64-Bit Server VM (25.25-b02 mixed mode windows-amd64 compressed oops)
# Failed to write core dump. Minidumps are not enabled by default on client versions of Windows
#

---------------  T H R E A D  ---------------

Current thread (0x0000000014921000):  JavaThread "C2 CompilerThread1" daemon [_thread_in_native, id=56104, stack(0x0000000015f90000,0x0000000016090000)]

Stack: [0x0000000015f90000,0x0000000016090000]
Native frames: (J=compiled Java code, j=interpreted, Vv=VM code, C=native code)
V  [jvm.dll+0x31667a]


Current CompileTask:
C2:   4565 1178       4       com.android.dx.ssa.SsaMethod::deleteInsns (239 bytes)


---------------  P R O C E S S  ---------------

Java Threads: ( => current thread )
  0x0000000016676000 JavaThread "pool-2-thread-4" [_thread_in_Java, id=55412, stack(0x0000000016b90000,0x0000000016c90000)]
  0x0000000016674000 JavaThread "pool-2-thread-3" [_thread_in_Java, id=55644, stack(0x0000000016a90000,0x0000000016b90000)]
  0x0000000016664000 JavaThread "pool-2-thread-2" [_thread_blocked, id=56208, stack(0x0000000016990000,0x0000000016a90000)]
  0x0000000016663800 JavaThread "pool-3-thread-1" [_thread_blocked, id=54964, stack(0x0000000016890000,0x0000000016990000)]
  0x0000000016662800 JavaThread "pool-2-thread-1" [_thread_in_Java, id=40636, stack(0x0000000016790000,0x0000000016890000)]
  0x0000000014973800 JavaThread "Service Thread" daemon [_thread_blocked, id=55468, stack(0x0000000016190000,0x0000000016290000)]
  0x0000000014970000 JavaThread "C1 CompilerThread2" daemon [_thread_blocked, id=55376, stack(0x0000000016090000,0x0000000016190000)]
=>0x0000000014921000 JavaThread "C2 CompilerThread1" daemon [_thread_in_native, id=56104, stack(0x0000000015f90000,0x0000000016090000)]
  0x000000001491c000 JavaThread "C2 CompilerThread0" daemon [_thread_blocked, id=56012, stack(0x0000000015e90000,0x0000000015f90000)]
  0x000000001491a800 JavaThread "Attach Listener" daemon [_thread_blocked, id=55748, stack(0x0000000015d90000,0x0000000015e90000)]
  0x0000000014919800 JavaThread "Signal Dispatcher" daemon [_thread_blocked, id=56108, stack(0x0000000015c90000,0x0000000015d90000)]
  0x0000000002240800 JavaThread "Finalizer" daemon [_thread_blocked, id=52576, stack(0x0000000015b90000,0x0000000015c90000)]
  0x000000000223d000 JavaThread "Reference Handler" daemon [_thread_blocked, id=55816, stack(0x0000000015a90000,0x0000000015b90000)]
  0x000000000073e000 JavaThread "main" [_thread_in_Java, id=45532, stack(0x0000000001fb0000,0x00000000020b0000)]

Other Threads:
  0x00000000148e6800 VMThread [stack: 0x0000000015990000,0x0000000015a90000] [id=55384]
  0x0000000014976800 WatcherThread [stack: 0x0000000016290000,0x0000000016390000] [id=52492]

VM state:not at safepoint (normal execution)

VM Mutex/Monitor currently owned by a thread: None

Heap:
 PSYoungGen      total 18944K, used 15485K [0x00000000eab00000, 0x00000000ec000000, 0x0000000100000000)
  eden space 16384K, 79% used [0x00000000eab00000,0x00000000eb7a58f0,0x00000000ebb00000)
  from space 2560K, 99% used [0x00000000ebb00000,0x00000000ebd79c88,0x00000000ebd80000)
  to   space 2560K, 0% used [0x00000000ebd80000,0x00000000ebd80000,0x00000000ec000000)
 ParOldGen       total 44032K, used 1263K [0x00000000c0000000, 0x00000000c2b00000, 0x00000000eab00000)
  object space 44032K, 2% used [0x00000000c0000000,0x00000000c013be18,0x00000000c2b00000)
 Metaspace       used 5931K, capacity 6896K, committed 7040K, reserved 1056768K
  class space    used 585K, capacity 616K, committed 640K, reserved 1048576K

Card table byte_map: [0x0000000011610000,0x0000000011820000] byte_map_base: 0x0000000011010000

Marking Bits: (ParMarkBitMap*) 0x000000007333d490
 Begin Bits: [0x0000000011d80000, 0x0000000012d80000)
 End Bits:   [0x0000000012d80000, 0x0000000013d80000)

Polling page: 0x0000000000700000

CodeCache: size=245760Kb used=4961Kb max_used=4972Kb free=240798Kb
 bounds [0x0000000002250000, 0x0000000002730000, 0x0000000011250000]
 total_blobs=1491 nmethods=1226 adapters=178
 compilation: disabled (not enough contiguous free space left)

Compilation events (10 events):
Event: 4.503 Thread 0x0000000014970000 1183       3       com.android.dx.cf.code.BasicBlocker::getBlockList (208 bytes)
Event: 4.504 Thread 0x0000000014970000 nmethod 1183 0x00000000026e6790 code [0x00000000026e6a00, 0x00000000026e7c28]
Event: 4.507 Thread 0x000000001491c000 nmethod 1175 0x00000000026eb810 code [0x00000000026eb960, 0x00000000026ebe78]
Event: 4.507 Thread 0x000000001491c000 1179       4       java.util.HashMap::putVal (300 bytes)
Event: 4.507 Thread 0x0000000014970000 1184       3       com.android.dx.cf.code.ConcreteMethod::getMaxLocals (8 bytes)
Event: 4.507 Thread 0x0000000014970000 nmethod 1184 0x00000000026eb410 code [0x00000000026eb560, 0x00000000026eb750]
Event: 4.507 Thread 0x0000000014970000 1185       1       com.android.dx.cf.code.Simulator::access$000 (5 bytes)
Event: 4.507 Thread 0x0000000014970000 nmethod 1185 0x00000000026eb150 code [0x00000000026eb2a0, 0x00000000026eb390]
Event: 4.507 Thread 0x0000000014970000 1186       1       com.android.dx.cf.code.Ropper::access$700 (5 bytes)
Event: 4.508 Thread 0x0000000014970000 nmethod 1186 0x00000000026eae90 code [0x00000000026eafe0, 0x00000000026eb0d0]

GC Heap History (2 events):
Event: 3.613 GC heap before
{Heap before GC invocations=1 (full 0):
 PSYoungGen      total 18944K, used 16384K [0x00000000eab00000, 0x00000000ec000000, 0x0000000100000000)
  eden space 16384K, 100% used [0x00000000eab00000,0x00000000ebb00000,0x00000000ebb00000)
  from space 2560K, 0% used [0x00000000ebd80000,0x00000000ebd80000,0x00000000ec000000)
  to   space 2560K, 0% used [0x00000000ebb00000,0x00000000ebb00000,0x00000000ebd80000)
 ParOldGen       total 44032K, used 0K [0x00000000c0000000, 0x00000000c2b00000, 0x00000000eab00000)
  object space 44032K, 0% used [0x00000000c0000000,0x00000000c0000000,0x00000000c2b00000)
 Metaspace       used 5704K, capacity 6704K, committed 6784K, reserved 1056768K
  class space    used 579K, capacity 616K, committed 640K, reserved 1048576K
Event: 4.006 GC heap after
Heap after GC invocations=1 (full 0):
 PSYoungGen      total 18944K, used 2535K [0x00000000eab00000, 0x00000000ec000000, 0x0000000100000000)
  eden space 16384K, 0% used [0x00000000eab00000,0x00000000eab00000,0x00000000ebb00000)
  from space 2560K, 99% used [0x00000000ebb00000,0x00000000ebd79c88,0x00000000ebd80000)
  to   space 2560K, 0% used [0x00000000ebd80000,0x00000000ebd80000,0x00000000ec000000)
 ParOldGen       total 44032K, used 1263K [0x00000000c0000000, 0x00000000c2b00000, 0x00000000eab00000)
  object space 44032K, 2% used [0x00000000c0000000,0x00000000c013be18,0x00000000c2b00000)
 Metaspace       used 5704K, capacity 6704K, committed 6784K, reserved 1056768K
  class space    used 579K, capacity 616K, committed 640K, reserved 1048576K
}

Deoptimization events (5 events):
Event: 4.106 Thread 0x0000000016664000 Uncommon trap: reason=class_check action=maybe_recompile pc=0x00000000025af518 method=com.android.dx.ssa.NormalSsaInsn.accept(Lcom/android/dx/ssa/SsaInsn$Visitor;)V @ 9
Event: 4.106 Thread 0x0000000016664000 Uncommon trap: reason=class_check action=maybe_recompile pc=0x00000000025af518 method=com.android.dx.ssa.NormalSsaInsn.accept(Lcom/android/dx/ssa/SsaInsn$Visitor;)V @ 9
Event: 4.107 Thread 0x0000000016664000 Uncommon trap: reason=class_check action=maybe_recompile pc=0x00000000025af518 method=com.android.dx.ssa.NormalSsaInsn.accept(Lcom/android/dx/ssa/SsaInsn$Visitor;)V @ 9
Event: 4.107 Thread 0x0000000016664000 Uncommon trap: reason=class_check action=maybe_recompile pc=0x00000000025af518 method=com.android.dx.ssa.NormalSsaInsn.accept(Lcom/android/dx/ssa/SsaInsn$Visitor;)V @ 9
Event: 4.108 Thread 0x0000000016664000 Uncommon trap: reason=class_check action=maybe_recompile pc=0x00000000024f8170 method=com.android.dx.ssa.NormalSsaInsn.accept(Lcom/android/dx/ssa/SsaInsn$Visitor;)V @ 9

Internal exceptions (10 events):
Event: 2.302 Thread 0x000000000073e000 Exception <a 'java/security/PrivilegedActionException'> (0x00000000eb6cef78) thrown at [D:\re\workspace\8-2-build-windows-amd64-cygwin\jdk8u25\1677\hotspot\src\share\vm\prims\jvm.cpp, line 1312]
Event: 2.307 Thread 0x000000000073e000 Exception <a 'java/security/PrivilegedActionException'> (0x00000000eb6dbcd8) thrown at [D:\re\workspace\8-2-build-windows-amd64-cygwin\jdk8u25\1677\hotspot\src\share\vm\prims\jvm.cpp, line 1312]
Event: 2.380 Thread 0x0000000016676000 Exception <a 'java/security/PrivilegedActionException'> (0x00000000eb4bcfc8) thrown at [D:\re\workspace\8-2-build-windows-amd64-cygwin\jdk8u25\1677\hotspot\src\share\vm\prims\jvm.cpp, line 1312]
Event: 2.381 Thread 0x0000000016676000 Exception <a 'java/security/PrivilegedActionException'> (0x00000000eb4c16c8) thrown at [D:\re\workspace\8-2-build-windows-amd64-cygwin\jdk8u25\1677\hotspot\src\share\vm\prims\jvm.cpp, line 1312]
Event: 2.544 Thread 0x000000000073e000 Exception <a 'java/security/PrivilegedActionException'> (0x00000000eb7f7cb8) thrown at [D:\re\workspace\8-2-build-windows-amd64-cygwin\jdk8u25\1677\hotspot\src\share\vm\prims\jvm.cpp, line 1312]
Event: 2.906 Thread 0x0000000016676000 Exception <a 'java/security/PrivilegedActionException'> (0x00000000eb861b10) thrown at [D:\re\workspace\8-2-build-windows-amd64-cygwin\jdk8u25\1677\hotspot\src\share\vm\prims\jvm.cpp, line 1312]
Event: 4.049 Thread 0x000000000073e000 Exception <a 'java/security/PrivilegedActionException'> (0x00000000eab03450) thrown at [D:\re\workspace\8-2-build-windows-amd64-cygwin\jdk8u25\1677\hotspot\src\share\vm\prims\jvm.cpp, line 1312]
Event: 4.064 Thread 0x0000000016664000 Exception <a 'java/security/PrivilegedActionException'> (0x00000000eab82768) thrown at [D:\re\workspace\8-2-build-windows-amd64-cygwin\jdk8u25\1677\hotspot\src\share\vm\prims\jvm.cpp, line 1312]
Event: 4.153 Thread 0x0000000016664000 Exception <a 'java/security/PrivilegedActionException'> (0x00000000ead36b50) thrown at [D:\re\workspace\8-2-build-windows-amd64-cygwin\jdk8u25\1677\hotspot\src\share\vm\prims\jvm.cpp, line 1312]
Event: 4.174 Thread 0x0000000016662800 Exception <a 'java/security/PrivilegedActionException'> (0x00000000eac350e8) thrown at [D:\re\workspace\8-2-build-windows-amd64-cygwin\jdk8u25\1677\hotspot\src\share\vm\prims\jvm.cpp, line 1312]

Events (10 events):
Event: 4.158 loading class java/util/HashMap$ValueIterator
Event: 4.158 loading class java/util/HashMap$ValueIterator done
Event: 4.174 loading class com/android/dx/dex/file/FieldAnnotationStruct
Event: 4.174 loading class com/android/dx/dex/file/FieldAnnotationStruct done
Event: 4.267 loading class java/util/TreeMap$EntrySet
Event: 4.267 loading class java/util/TreeMap$EntrySet done
Event: 4.267 loading class java/util/TreeMap$EntryIterator
Event: 4.268 loading class java/util/TreeMap$EntryIterator done
Event: 4.268 Executing VM operation: Deoptimize
Event: 4.475 Executing VM operation: Deoptimize done


Dynamic libraries:
0x00007ff643410000 - 0x00007ff643444000 	C:\Program Files\Java\jdk1.8.0_25\bin\java.exe
0x00007fff80c20000 - 0x00007fff80de1000 	C:\WINDOWS\SYSTEM32\ntdll.dll
0x00007fff80400000 - 0x00007fff804ad000 	C:\WINDOWS\system32\KERNEL32.DLL
0x00007fff7d680000 - 0x00007fff7d868000 	C:\WINDOWS\system32\KERNELBASE.dll
0x00007fff80850000 - 0x00007fff808f7000 	C:\WINDOWS\system32\ADVAPI32.dll
0x00007fff801e0000 - 0x00007fff8027d000 	C:\WINDOWS\system32\msvcrt.dll
0x00007fff7ec20000 - 0x00007fff7ec7b000 	C:\WINDOWS\system32\sechost.dll
0x00007fff804b0000 - 0x00007fff805cc000 	C:\WINDOWS\system32\RPCRT4.dll
0x00007fff7e030000 - 0x00007fff7e186000 	C:\WINDOWS\system32\USER32.dll
0x00007fff7e450000 - 0x00007fff7e5d6000 	C:\WINDOWS\system32\GDI32.dll
0x00007fff76200000 - 0x00007fff76474000 	C:\WINDOWS\WinSxS\amd64_microsoft.windows.common-controls_6595b64144ccf1df_6.0.10586.494_none_a2d8b04ea53e3145\COMCTL32.dll
0x00007fff805d0000 - 0x00007fff8084d000 	C:\WINDOWS\system32\combase.dll
0x00007fff7d4f0000 - 0x00007fff7d55a000 	C:\WINDOWS\system32\bcryptPrimitives.dll
0x00007fff80be0000 - 0x00007fff80c1b000 	C:\WINDOWS\system32\IMM32.DLL
0x00000000726a0000 - 0x0000000072772000 	C:\Program Files\Java\jdk1.8.0_25\jre\bin\msvcr100.dll
0x0000000072b60000 - 0x00000000733ba000 	C:\Program Files\Java\jdk1.8.0_25\jre\bin\server\jvm.dll
0x00007fff7e190000 - 0x00007fff7e198000 	C:\WINDOWS\system32\PSAPI.DLL
0x00007fff65bb0000 - 0x00007fff65bb9000 	C:\WINDOWS\SYSTEM32\WSOCK32.dll
0x00007fff7ebb0000 - 0x00007fff7ec1b000 	C:\WINDOWS\system32\WS2_32.dll
0x00007fff7b560000 - 0x00007fff7b583000 	C:\WINDOWS\SYSTEM32\WINMM.dll
0x00007fff7b110000 - 0x00007fff7b13c000 	C:\WINDOWS\SYSTEM32\WINMMBASE.dll
0x00007fff7d4a0000 - 0x00007fff7d4e3000 	C:\WINDOWS\system32\cfgmgr32.dll
0x0000000072b50000 - 0x0000000072b5f000 	C:\Program Files\Java\jdk1.8.0_25\jre\bin\verify.dll
0x0000000072b20000 - 0x0000000072b48000 	C:\Program Files\Java\jdk1.8.0_25\jre\bin\java.dll
0x0000000072b00000 - 0x0000000072b16000 	C:\Program Files\Java\jdk1.8.0_25\jre\bin\zip.dll
0x00007fff7ec80000 - 0x00007fff801dc000 	C:\WINDOWS\system32\SHELL32.dll
0x00007fff7d870000 - 0x00007fff7deb5000 	C:\WINDOWS\system32\windows.storage.dll
0x00007fff80b80000 - 0x00007fff80bd2000 	C:\WINDOWS\system32\shlwapi.dll
0x00007fff7d2c0000 - 0x00007fff7d2cf000 	C:\WINDOWS\system32\kernel.appcore.dll
0x00007fff7d5c0000 - 0x00007fff7d675000 	C:\WINDOWS\system32\shcore.dll
0x00007fff7d270000 - 0x00007fff7d2bb000 	C:\WINDOWS\system32\powrprof.dll
0x00007fff7d240000 - 0x00007fff7d254000 	C:\WINDOWS\system32\profapi.dll

VM Arguments:
jvm_args: -Djava.awt.headless=true -Xmx1024M -Dfile.encoding=windows-1252 -Duser.country=FR -Duser.language=fr -Duser.variant 
java_command: com.android.dx.command.Main --dex --force-jumbo --num-threads=4 --multi-dex --output C:\Users\Famille\AndroidStudioProjects\Niviel\app\build\intermediates\transforms\dex\debug\folders\1000\10\jsoup-1.9.2_ecef94a6a7f4aa5a1465b1084b2edeb6df34e0f6 C:\Users\Famille\.gradle\caches\modules-2\files-2.1\org.jsoup\jsoup\1.9.2\5e3bda828a80c7a21dfbe2308d1755759c2fd7b4\jsoup-1.9.2.jar
java_class_path (initial): C:\Users\Famille\AppData\Local\Android\sdk\build-tools\23.0.2\lib\dx.jar
Launcher Type: SUN_STANDARD

Environment Variables:
JAVA_HOME=C:\Program Files\Java\jdk1.8.0_25
PATH=C:\Program Files\Broadcom\Broadcom 802.11 Network Adapter;;C:\Program Files\Broadcom\Broadcom 802.11;C:\ProgramData\Oracle\Java\javapath;C:\Program Files (x86)\Intel\iCLS Client\;C:\Program Files\Intel\iCLS Client\;C:\Windows\system32;C:\Windows;C:\Windows\System32\Wbem;C:\Windows\System32\WindowsPowerShell\v1.0\;C:\Program Files\Hewlett-Packard\SimplePass\;C:\wamp\bin\php\php5.5.12;C:\Python27;C:\Users\Famille\AppData\Roaming\npm\;C:\Program Files\nodejs\;C:\Program Files\Git\cmd;C:\Program Files (x86)\Brackets\command;C:\Program Files (x86)\Ant\bin;C:\Program Files (x86)\Maven\bin;C:\Program Files (x86)\Intel\Intel(R) Management Engine Components\DAL;C:\Program Files\Intel\Intel(R) Management Engine Components\DAL;C:\Program Files (x86)\Intel\Intel(R) Management Engine Components\IPT;C:\Program Files\Intel\Intel(R) Management Engine Components\IPT;C:\Users\Famille\AppData\Local\atom\bin;C:\Users\Famille\AppData\Roaming\npm
USERNAME=de Lachaux
OS=Windows_NT
PROCESSOR_IDENTIFIER=Intel64 Family 6 Model 69 Stepping 1, GenuineIntel



---------------  S Y S T E M  ---------------

OS: Windows 8.1 , 64 bit Build 9600 

CPU:total 4 (2 cores per cpu, 2 threads per core) family 6 model 69 stepping 1, cmov, cx8, fxsr, mmx, sse, sse2, sse3, ssse3, sse4.1, sse4.2, popcnt, avx, avx2, aes, clmul, erms, lzcnt, ht, tsc, tscinvbit, bmi1, bmi2

Memory: 4k page, physical 4122776k(240200k free), swap 5555352k(3620k free)

vm_info: Java HotSpot(TM) 64-Bit Server VM (25.25-b02) for windows-amd64 JRE (1.8.0_25-b18), built on Oct  7 2014 14:25:37 by "java_re" with MS VC++ 10.0 (VS2010)

time: Thu Aug 25 11:47:48 2016
elapsed time: 4 seconds (0d 0h 0m 4s)

