#
# There is insufficient memory for the Java Runtime Environment to continue.
# Native memory allocation (malloc) failed to allocate 32744 bytes for ChunkPool::allocate
# Possible reasons:
#   The system is out of physical RAM or swap space
#   In 32 bit mode, the process size limit was hit
# Possible solutions:
#   Reduce memory load on the system
#   Increase physical memory or swap space
#   Check if swap backing store is full
#   Use 64 bit Java on a 64 bit OS
#   Decrease Java heap size (-Xmx/-Xms)
#   Decrease number of Java threads
#   Decrease Java thread stack sizes (-Xss)
#   Set larger code cache with -XX:ReservedCodeCacheSize=
# This output file may be truncated or incomplete.
#
#  Out of Memory Error (allocation.cpp:273), pid=33640, tid=33588
#
# JRE version: Java(TM) SE Runtime Environment (8.0_25-b18) (build 1.8.0_25-b18)
# Java VM: Java HotSpot(TM) 64-Bit Server VM (25.25-b02 mixed mode windows-amd64 compressed oops)
# Failed to write core dump. Minidumps are not enabled by default on client versions of Windows
#

---------------  T H R E A D  ---------------

Current thread (0x00000000156a1800):  JavaThread "C2 CompilerThread1" daemon [_thread_in_native, id=33588, stack(0x0000000016d00000,0x0000000016e00000)]

Stack: [0x0000000016d00000,0x0000000016e00000]
Native frames: (J=compiled Java code, j=interpreted, Vv=VM code, C=native code)
V  [jvm.dll+0x31667a]
V  [jvm.dll+0x267073]
V  [jvm.dll+0x267cb3]
V  [jvm.dll+0x25f5b5]
V  [jvm.dll+0xbeec1]
V  [jvm.dll+0xbf60c]
V  [jvm.dll+0x4ec6cb]
V  [jvm.dll+0x446331]
V  [jvm.dll+0x45130e]
V  [jvm.dll+0x4538f8]
V  [jvm.dll+0x437372]
V  [jvm.dll+0x98a02]
V  [jvm.dll+0x991f3]
V  [jvm.dll+0x22bde4]
V  [jvm.dll+0x2852fa]
C  [msvcr100.dll+0x21d9f]
C  [msvcr100.dll+0x21e3b]
C  [KERNEL32.DLL+0x18102]
C  [ntdll.dll+0x5c5b4]


Current CompileTask:
C2:   3261 1238   !   4       com.android.dx.cf.code.BytecodeArray::parseInstruction (2764 bytes)


---------------  P R O C E S S  ---------------

Java Threads: ( => current thread )
  0x000000001717d000 JavaThread "pool-2-thread-4" [_thread_blocked, id=32772, stack(0x0000000017900000,0x0000000017a00000)]
  0x000000001717b800 JavaThread "pool-2-thread-3" [_thread_blocked, id=32656, stack(0x0000000017800000,0x0000000017900000)]
  0x000000001717b000 JavaThread "pool-2-thread-2" [_thread_blocked, id=30788, stack(0x0000000017700000,0x0000000017800000)]
  0x000000001715d000 JavaThread "pool-3-thread-1" [_thread_blocked, id=30532, stack(0x0000000017600000,0x0000000017700000)]
  0x0000000017155800 JavaThread "pool-2-thread-1" [_thread_blocked, id=33748, stack(0x0000000017500000,0x0000000017600000)]
  0x0000000016f2c800 JavaThread "Service Thread" daemon [_thread_blocked, id=33232, stack(0x0000000017300000,0x0000000017400000)]
  0x00000000156a2800 JavaThread "C1 CompilerThread2" daemon [_thread_blocked, id=32868, stack(0x0000000016e00000,0x0000000016f00000)]
=>0x00000000156a1800 JavaThread "C2 CompilerThread1" daemon [_thread_in_native, id=33588, stack(0x0000000016d00000,0x0000000016e00000)]
  0x000000001569c800 JavaThread "C2 CompilerThread0" daemon [_thread_blocked, id=33400, stack(0x0000000016c00000,0x0000000016d00000)]
  0x000000001569b800 JavaThread "Attach Listener" daemon [_thread_blocked, id=20652, stack(0x0000000016b00000,0x0000000016c00000)]
  0x000000001569a800 JavaThread "Signal Dispatcher" daemon [_thread_blocked, id=33464, stack(0x0000000016a00000,0x0000000016b00000)]
  0x0000000002fc8000 JavaThread "Finalizer" daemon [_thread_blocked, id=32812, stack(0x0000000016900000,0x0000000016a00000)]
  0x0000000002fbf000 JavaThread "Reference Handler" daemon [_thread_blocked, id=19948, stack(0x0000000016800000,0x0000000016900000)]
  0x0000000002ece000 JavaThread "main" [_thread_blocked, id=29060, stack(0x0000000002d80000,0x0000000002e80000)]

Other Threads:
  0x0000000015666800 VMThread [stack: 0x0000000016700000,0x0000000016800000] [id=28952]
  0x0000000016f32800 WatcherThread [stack: 0x0000000017400000,0x0000000017500000] [id=29444]

VM state:at safepoint (normal execution)

VM Mutex/Monitor currently owned by a thread:  ([mutex/lock_event])
[0x0000000002eccba0] Threads_lock - owner thread: 0x0000000015666800
[0x0000000002ecd2a0] Heap_lock - owner thread: 0x0000000002ece000

Heap:
 PSYoungGen      total 32768K, used 30903K [0x00000000eab00000, 0x00000000ed300000, 0x0000000100000000)
  eden space 25600K, 100% used [0x00000000eab00000,0x00000000ec400000,0x00000000ec400000)
  from space 7168K, 73% used [0x00000000ecb00000,0x00000000ed02dc28,0x00000000ed200000)
  to   space 7168K, 69% used [0x00000000ec400000,0x00000000ec8d6350,0x00000000ecb00000)
 ParOldGen       total 35840K, used 12435K [0x00000000c0000000, 0x00000000c2300000, 0x00000000eab00000)
  object space 35840K, 34% used [0x00000000c0000000,0x00000000c0c24c70,0x00000000c2300000)
 Metaspace       used 6276K, capacity 7128K, committed 7424K, reserved 1058816K
  class space    used 612K, capacity 656K, committed 768K, reserved 1048576K

Card table byte_map: [0x0000000012390000,0x00000000125a0000] byte_map_base: 0x0000000011d90000

Marking Bits: (ParMarkBitMap*) 0x0000000057b9d490
 Begin Bits: [0x0000000012b00000, 0x0000000013b00000)
 End Bits:   [0x0000000013b00000, 0x0000000014b00000)

Polling page: 0x0000000002cb0000

CodeCache: size=245760Kb used=6239Kb max_used=6239Kb free=239520Kb
 bounds [0x0000000002fd0000, 0x00000000035f0000, 0x0000000011fd0000]
 total_blobs=1910 nmethods=1644 adapters=178
 compilation: enabled

Compilation events (10 events):
Event: 3.098 Thread 0x00000000156a2800 1676       2       com.android.dx.dex.code.RopTranslator$LocalVariableAwareTranslationVisitor::visitThrowingInsn (11 bytes)
Event: 3.099 Thread 0x00000000156a2800 nmethod 1676 0x00000000035e1050 code [0x00000000035e1200, 0x00000000035e15f8]
Event: 3.113 Thread 0x00000000156a2800 1677   !   2       com.android.dx.rop.code.RegisterSpec::intern (70 bytes)
Event: 3.113 Thread 0x00000000156a2800 nmethod 1677 0x00000000035e04d0 code [0x00000000035e0680, 0x00000000035e0be8]
Event: 3.131 Thread 0x00000000156a2800 1678       2       java.util.HashMap::putVal (300 bytes)
Event: 3.133 Thread 0x00000000156a2800 nmethod 1678 0x00000000035e5990 code [0x00000000035e5ba0, 0x00000000035e62b8]
Event: 3.179 Thread 0x00000000156a2800 1680       2       com.android.dx.ssa.PhiInsn::updateSourcesToDefinitions (68 bytes)
Event: 3.180 Thread 0x00000000156a2800 nmethod 1680 0x00000000035e5090 code [0x00000000035e5240, 0x00000000035e55f8]
Event: 3.212 Thread 0x00000000156a2800 1682       1       com.android.dx.rop.cst.CstKnownNull::hashCode (3 bytes)
Event: 3.212 Thread 0x00000000156a2800 nmethod 1682 0x00000000035e0210 code [0x00000000035e0360, 0x00000000035e0470]

GC Heap History (10 events):
Event: 2.094 GC heap before
{Heap before GC invocations=3 (full 1):
 PSYoungGen      total 18944K, used 16384K [0x00000000eab00000, 0x00000000ec000000, 0x0000000100000000)
  eden space 16384K, 100% used [0x00000000eab00000,0x00000000ebb00000,0x00000000ebb00000)
  from space 2560K, 0% used [0x00000000ebb00000,0x00000000ebb00000,0x00000000ebd80000)
  to   space 2560K, 0% used [0x00000000ebd80000,0x00000000ebd80000,0x00000000ec000000)
 ParOldGen       total 35840K, used 3226K [0x00000000c0000000, 0x00000000c2300000, 0x00000000eab00000)
  object space 35840K, 9% used [0x00000000c0000000,0x00000000c0326a08,0x00000000c2300000)
 Metaspace       used 5903K, capacity 6896K, committed 7040K, reserved 1058816K
  class space    used 588K, capacity 616K, committed 640K, reserved 1048576K
Event: 2.109 GC heap after
Heap after GC invocations=3 (full 1):
 PSYoungGen      total 18944K, used 2528K [0x00000000eab00000, 0x00000000ec200000, 0x0000000100000000)
  eden space 16384K, 0% used [0x00000000eab00000,0x00000000eab00000,0x00000000ebb00000)
  from space 2560K, 98% used [0x00000000ebd80000,0x00000000ebff8010,0x00000000ec000000)
  to   space 2560K, 0% used [0x00000000ebb00000,0x00000000ebb00000,0x00000000ebd80000)
 ParOldGen       total 35840K, used 3697K [0x00000000c0000000, 0x00000000c2300000, 0x00000000eab00000)
  object space 35840K, 10% used [0x00000000c0000000,0x00000000c039c640,0x00000000c2300000)
 Metaspace       used 5903K, capacity 6896K, committed 7040K, reserved 1058816K
  class space    used 588K, capacity 616K, committed 640K, reserved 1048576K
}
Event: 2.436 GC heap before
{Heap before GC invocations=4 (full 1):
 PSYoungGen      total 18944K, used 18912K [0x00000000eab00000, 0x00000000ec200000, 0x0000000100000000)
  eden space 16384K, 100% used [0x00000000eab00000,0x00000000ebb00000,0x00000000ebb00000)
  from space 2560K, 98% used [0x00000000ebd80000,0x00000000ebff8010,0x00000000ec000000)
  to   space 2560K, 0% used [0x00000000ebb00000,0x00000000ebb00000,0x00000000ebd80000)
 ParOldGen       total 35840K, used 3697K [0x00000000c0000000, 0x00000000c2300000, 0x00000000eab00000)
  object space 35840K, 10% used [0x00000000c0000000,0x00000000c039c640,0x00000000c2300000)
 Metaspace       used 6025K, capacity 6960K, committed 7040K, reserved 1058816K
  class space    used 589K, capacity 616K, committed 640K, reserved 1048576K
Event: 2.452 GC heap after
Heap after GC invocations=4 (full 1):
 PSYoungGen      total 18944K, used 2528K [0x00000000eab00000, 0x00000000ec300000, 0x0000000100000000)
  eden space 16384K, 0% used [0x00000000eab00000,0x00000000eab00000,0x00000000ebb00000)
  from space 2560K, 98% used [0x00000000ebb00000,0x00000000ebd78010,0x00000000ebd80000)
  to   space 2560K, 0% used [0x00000000ec080000,0x00000000ec080000,0x00000000ec300000)
 ParOldGen       total 35840K, used 5863K [0x00000000c0000000, 0x00000000c2300000, 0x00000000eab00000)
  object space 35840K, 16% used [0x00000000c0000000,0x00000000c05b9e88,0x00000000c2300000)
 Metaspace       used 6025K, capacity 6960K, committed 7040K, reserved 1058816K
  class space    used 589K, capacity 616K, committed 640K, reserved 1048576K
}
Event: 2.635 GC heap before
{Heap before GC invocations=5 (full 1):
 PSYoungGen      total 18944K, used 18912K [0x00000000eab00000, 0x00000000ec300000, 0x0000000100000000)
  eden space 16384K, 100% used [0x00000000eab00000,0x00000000ebb00000,0x00000000ebb00000)
  from space 2560K, 98% used [0x00000000ebb00000,0x00000000ebd78010,0x00000000ebd80000)
  to   space 2560K, 0% used [0x00000000ec080000,0x00000000ec080000,0x00000000ec300000)
 ParOldGen       total 35840K, used 5863K [0x00000000c0000000, 0x00000000c2300000, 0x00000000eab00000)
  object space 35840K, 16% used [0x00000000c0000000,0x00000000c05b9e88,0x00000000c2300000)
 Metaspace       used 6137K, capacity 7088K, committed 7296K, reserved 1058816K
  class space    used 591K, capacity 616K, committed 640K, reserved 1048576K
Event: 2.648 GC heap after
Heap after GC invocations=5 (full 1):
 PSYoungGen      total 22016K, used 2553K [0x00000000eab00000, 0x00000000ec400000, 0x0000000100000000)
  eden space 19456K, 0% used [0x00000000eab00000,0x00000000eab00000,0x00000000ebe00000)
  from space 2560K, 99% used [0x00000000ec080000,0x00000000ec2fe500,0x00000000ec300000)
  to   space 2560K, 0% used [0x00000000ebe00000,0x00000000ebe00000,0x00000000ec080000)
 ParOldGen       total 35840K, used 8683K [0x00000000c0000000, 0x00000000c2300000, 0x00000000eab00000)
  object space 35840K, 24% used [0x00000000c0000000,0x00000000c087ad08,0x00000000c2300000)
 Metaspace       used 6137K, capacity 7088K, committed 7296K, reserved 1058816K
  class space    used 591K, capacity 616K, committed 640K, reserved 1048576K
}
Event: 2.768 GC heap before
{Heap before GC invocations=6 (full 1):
 PSYoungGen      total 22016K, used 22009K [0x00000000eab00000, 0x00000000ec400000, 0x0000000100000000)
  eden space 19456K, 100% used [0x00000000eab00000,0x00000000ebe00000,0x00000000ebe00000)
  from space 2560K, 99% used [0x00000000ec080000,0x00000000ec2fe500,0x00000000ec300000)
  to   space 2560K, 0% used [0x00000000ebe00000,0x00000000ebe00000,0x00000000ec080000)
 ParOldGen       total 35840K, used 8683K [0x00000000c0000000, 0x00000000c2300000, 0x00000000eab00000)
  object space 35840K, 24% used [0x00000000c0000000,0x00000000c087ad08,0x00000000c2300000)
 Metaspace       used 6248K, capacity 7128K, committed 7424K, reserved 1058816K
  class space    used 612K, capacity 656K, committed 768K, reserved 1048576K
Event: 2.784 GC heap after
Heap after GC invocations=6 (full 1):
 PSYoungGen      total 22016K, used 2551K [0x00000000eab00000, 0x00000000ed200000, 0x0000000100000000)
  eden space 19456K, 0% used [0x00000000eab00000,0x00000000eab00000,0x00000000ebe00000)
  from space 2560K, 99% used [0x00000000ebe00000,0x00000000ec07dc28,0x00000000ec080000)
  to   space 7168K, 0% used [0x00000000ecb00000,0x00000000ecb00000,0x00000000ed200000)
 ParOldGen       total 35840K, used 12435K [0x00000000c0000000, 0x00000000c2300000, 0x00000000eab00000)
  object space 35840K, 34% used [0x00000000c0000000,0x00000000c0c24c70,0x00000000c2300000)
 Metaspace       used 6248K, capacity 7128K, committed 7424K, reserved 1058816K
  class space    used 612K, capacity 656K, committed 768K, reserved 1048576K
}
Event: 2.931 GC heap before
{Heap before GC invocations=7 (full 1):
 PSYoungGen      total 22016K, used 22007K [0x00000000eab00000, 0x00000000ed200000, 0x0000000100000000)
  eden space 19456K, 100% used [0x00000000eab00000,0x00000000ebe00000,0x00000000ebe00000)
  from space 2560K, 99% used [0x00000000ebe00000,0x00000000ec07dc28,0x00000000ec080000)
  to   space 7168K, 0% used [0x00000000ecb00000,0x00000000ecb00000,0x00000000ed200000)
 ParOldGen       total 35840K, used 12435K [0x00000000c0000000, 0x00000000c2300000, 0x00000000eab00000)
  object space 35840K, 34% used [0x00000000c0000000,0x00000000c0c24c70,0x00000000c2300000)
 Metaspace       used 6264K, capacity 7128K, committed 7424K, reserved 1058816K
  class space    used 612K, capacity 656K, committed 768K, reserved 1048576K
Event: 2.951 GC heap after
Heap after GC invocations=7 (full 1):
 PSYoungGen      total 32768K, used 5303K [0x00000000eab00000, 0x00000000ed300000, 0x0000000100000000)
  eden space 25600K, 0% used [0x00000000eab00000,0x00000000eab00000,0x00000000ec400000)
  from space 7168K, 73% used [0x00000000ecb00000,0x00000000ed02dc28,0x00000000ed200000)
  to   space 7168K, 0% used [0x00000000ec400000,0x00000000ec400000,0x00000000ecb00000)
 ParOldGen       total 35840K, used 12435K [0x00000000c0000000, 0x00000000c2300000, 0x00000000eab00000)
  object space 35840K, 34% used [0x00000000c0000000,0x00000000c0c24c70,0x00000000c2300000)
 Metaspace       used 6264K, capacity 7128K, committed 7424K, reserved 1058816K
  class space    used 612K, capacity 656K, committed 768K, reserved 1048576K
}

Deoptimization events (10 events):
Event: 2.372 Thread 0x000000001717b800 Uncommon trap: reason=bimorphic action=maybe_recompile pc=0x0000000003209e10 method=java.util.HashMap.getNode(ILjava/lang/Object;)Ljava/util/HashMap$Node; @ 126
Event: 2.376 Thread 0x000000001717b800 Uncommon trap: reason=bimorphic action=maybe_recompile pc=0x0000000003209e10 method=java.util.HashMap.getNode(ILjava/lang/Object;)Ljava/util/HashMap$Node; @ 126
Event: 2.376 Thread 0x000000001717b800 Uncommon trap: reason=bimorphic action=maybe_recompile pc=0x0000000003209e10 method=java.util.HashMap.getNode(ILjava/lang/Object;)Ljava/util/HashMap$Node; @ 126
Event: 2.376 Thread 0x000000001717b800 Uncommon trap: reason=bimorphic action=maybe_recompile pc=0x0000000003209e10 method=java.util.HashMap.getNode(ILjava/lang/Object;)Ljava/util/HashMap$Node; @ 126
Event: 2.376 Thread 0x000000001717b800 Uncommon trap: reason=bimorphic action=maybe_recompile pc=0x000000000341189c method=java.util.HashMap.getNode(ILjava/lang/Object;)Ljava/util/HashMap$Node; @ 126
Event: 2.716 Thread 0x0000000017155800 Uncommon trap: reason=unreached action=reinterpret pc=0x00000000035689ec method=java.util.HashMap.getNode(ILjava/lang/Object;)Ljava/util/HashMap$Node; @ 84
Event: 2.720 Thread 0x0000000017155800 Uncommon trap: reason=unreached action=reinterpret pc=0x0000000003542ab0 method=java.util.HashMap.getNode(ILjava/lang/Object;)Ljava/util/HashMap$Node; @ 84
Event: 3.059 Thread 0x0000000002ece000 Uncommon trap: reason=unreached action=reinterpret pc=0x00000000033dfd3c method=java.util.HashMap.putVal(ILjava/lang/Object;Ljava/lang/Object;ZZ)Ljava/lang/Object; @ 109
Event: 3.112 Thread 0x0000000002ece000 Uncommon trap: reason=unreached action=reinterpret pc=0x00000000033f8dd0 method=java.util.HashMap.putVal(ILjava/lang/Object;Ljava/lang/Object;ZZ)Ljava/lang/Object; @ 109
Event: 3.128 Thread 0x0000000002ece000 Uncommon trap: reason=unreached action=reinterpret pc=0x000000000359d84c method=java.util.HashMap.putVal(ILjava/lang/Object;Ljava/lang/Object;ZZ)Ljava/lang/Object; @ 109

Internal exceptions (10 events):
Event: 2.395 Thread 0x0000000002ece000 Exception <a 'java/security/PrivilegedActionException'> (0x00000000eb813040) thrown at [D:\re\workspace\8-2-build-windows-amd64-cygwin\jdk8u25\1677\hotspot\src\share\vm\prims\jvm.cpp, line 1312]
Event: 2.396 Thread 0x0000000002ece000 Exception <a 'java/security/PrivilegedActionException'> (0x00000000eb8159b8) thrown at [D:\re\workspace\8-2-build-windows-amd64-cygwin\jdk8u25\1677\hotspot\src\share\vm\prims\jvm.cpp, line 1312]
Event: 2.585 Thread 0x000000001717b800 Exception <a 'java/security/PrivilegedActionException'> (0x00000000eb7d3060) thrown at [D:\re\workspace\8-2-build-windows-amd64-cygwin\jdk8u25\1677\hotspot\src\share\vm\prims\jvm.cpp, line 1312]
Event: 2.586 Thread 0x000000001717b800 Exception <a 'java/security/PrivilegedActionException'> (0x00000000eb7d8ad0) thrown at [D:\re\workspace\8-2-build-windows-amd64-cygwin\jdk8u25\1677\hotspot\src\share\vm\prims\jvm.cpp, line 1312]
Event: 2.587 Thread 0x000000001717b800 Exception <a 'java/security/PrivilegedActionException'> (0x00000000eb7de2f8) thrown at [D:\re\workspace\8-2-build-windows-amd64-cygwin\jdk8u25\1677\hotspot\src\share\vm\prims\jvm.cpp, line 1312]
Event: 2.669 Thread 0x0000000002ece000 Exception <a 'java/security/PrivilegedActionException'> (0x00000000eb0c9b48) thrown at [D:\re\workspace\8-2-build-windows-amd64-cygwin\jdk8u25\1677\hotspot\src\share\vm\prims\jvm.cpp, line 1312]
Event: 2.670 Thread 0x0000000002ece000 Exception <a 'java/security/PrivilegedActionException'> (0x00000000eb0cc350) thrown at [D:\re\workspace\8-2-build-windows-amd64-cygwin\jdk8u25\1677\hotspot\src\share\vm\prims\jvm.cpp, line 1312]
Event: 2.715 Thread 0x0000000017155800 Exception <a 'java/lang/ArrayIndexOutOfBoundsException': 18> (0x00000000eb979ee0) thrown at [D:\re\workspace\8-2-build-windows-amd64-cygwin\jdk8u25\1677\hotspot\src\share\vm\interpreter\interpreterRuntime.cpp, line 366]
Event: 2.715 Thread 0x0000000017155800 Exception <a 'java/lang/ArrayIndexOutOfBoundsException': 145> (0x00000000eb97b978) thrown at [D:\re\workspace\8-2-build-windows-amd64-cygwin\jdk8u25\1677\hotspot\src\share\vm\interpreter\interpreterRuntime.cpp, line 366]
Event: 2.716 Thread 0x0000000017155800 Exception <a 'java/lang/ArrayIndexOutOfBoundsException'> (0x00000000eb97cb90) thrown at [D:\re\workspace\8-2-build-windows-amd64-cygwin\jdk8u25\1677\hotspot\src\share\vm\runtime\sharedRuntime.cpp, line 604]

Events (10 events):
Event: 3.112 Thread 0x0000000002ece000 Uncommon trap: trap_request=0xffffffad fr.pc=0x00000000033f8dd0
Event: 3.112 Thread 0x0000000002ece000 DEOPT PACKING pc=0x00000000033f8dd0 sp=0x0000000002e7dc50
Event: 3.112 Thread 0x0000000002ece000 DEOPT UNPACKING pc=0x000000000301556a sp=0x0000000002e7dae8 mode 2
Event: 3.128 Thread 0x0000000002ece000 Uncommon trap: trap_request=0xffffffad fr.pc=0x000000000359d84c
Event: 3.128 Thread 0x0000000002ece000 DEOPT PACKING pc=0x000000000359d84c sp=0x0000000002e7e540
Event: 3.128 Thread 0x0000000002ece000 DEOPT UNPACKING pc=0x000000000301556a sp=0x0000000002e7e4c0 mode 2
Event: 3.184 Thread 0x0000000002ece000 DEOPT PACKING pc=0x00000000033eb648 sp=0x0000000002e7e760
Event: 3.184 Thread 0x0000000002ece000 DEOPT UNPACKING pc=0x00000000030175bf sp=0x0000000002e7e4f8 mode 0
Event: 3.214 Thread 0x0000000002ece000 DEOPT PACKING pc=0x00000000033eb65f sp=0x0000000002e7e760
Event: 3.214 Thread 0x0000000002ece000 DEOPT UNPACKING pc=0x00000000030175bf sp=0x0000000002e7e4f8 mode 0


Dynamic libraries:
0x00007ff619710000 - 0x00007ff619744000 	C:\Program Files\Java\jdk1.8.0_25\bin\java.exe
0x00007ffdb2fd0000 - 0x00007ffdb3191000 	C:\WINDOWS\SYSTEM32\ntdll.dll
0x00007ffdb2650000 - 0x00007ffdb26fd000 	C:\WINDOWS\system32\KERNEL32.DLL
0x00007ffdafe10000 - 0x00007ffdafff8000 	C:\WINDOWS\system32\KERNELBASE.dll
0x00007ffdb0d80000 - 0x00007ffdb0e27000 	C:\WINDOWS\system32\ADVAPI32.dll
0x00007ffdb1050000 - 0x00007ffdb10ed000 	C:\WINDOWS\system32\msvcrt.dll
0x00007ffdb2f70000 - 0x00007ffdb2fcb000 	C:\WINDOWS\system32\sechost.dll
0x00007ffdb0780000 - 0x00007ffdb089c000 	C:\WINDOWS\system32\RPCRT4.dll
0x00007ffdb2cf0000 - 0x00007ffdb2e46000 	C:\WINDOWS\system32\USER32.dll
0x00007ffdb0520000 - 0x00007ffdb06a6000 	C:\WINDOWS\system32\GDI32.dll
0x00007ffda7820000 - 0x00007ffda7a94000 	C:\WINDOWS\WinSxS\amd64_microsoft.windows.common-controls_6595b64144ccf1df_6.0.10586.494_none_a2d8b04ea53e3145\COMCTL32.dll
0x00007ffdb08a0000 - 0x00007ffdb0b1d000 	C:\WINDOWS\system32\combase.dll
0x00007ffdafd80000 - 0x00007ffdafdea000 	C:\WINDOWS\system32\bcryptPrimitives.dll
0x00007ffdb03d0000 - 0x00007ffdb040b000 	C:\WINDOWS\system32\IMM32.DLL
0x0000000056f00000 - 0x0000000056fd2000 	C:\Program Files\Java\jdk1.8.0_25\jre\bin\msvcr100.dll
0x00000000573c0000 - 0x0000000057c1a000 	C:\Program Files\Java\jdk1.8.0_25\jre\bin\server\jvm.dll
0x00007ffdb0d00000 - 0x00007ffdb0d08000 	C:\WINDOWS\system32\PSAPI.DLL
0x00007ffd9d1c0000 - 0x00007ffd9d1c9000 	C:\WINDOWS\SYSTEM32\WSOCK32.dll
0x00007ffdb0d10000 - 0x00007ffdb0d7b000 	C:\WINDOWS\system32\WS2_32.dll
0x00007ffdad8c0000 - 0x00007ffdad8e3000 	C:\WINDOWS\SYSTEM32\WINMM.dll
0x00007ffdad030000 - 0x00007ffdad05c000 	C:\WINDOWS\SYSTEM32\WINMMBASE.dll
0x00007ffdb0000000 - 0x00007ffdb0043000 	C:\WINDOWS\system32\cfgmgr32.dll
0x00000000573b0000 - 0x00000000573bf000 	C:\Program Files\Java\jdk1.8.0_25\jre\bin\verify.dll
0x0000000057380000 - 0x00000000573a8000 	C:\Program Files\Java\jdk1.8.0_25\jre\bin\java.dll
0x0000000057360000 - 0x0000000057376000 	C:\Program Files\Java\jdk1.8.0_25\jre\bin\zip.dll
0x00007ffdb10f0000 - 0x00007ffdb264c000 	C:\WINDOWS\system32\SHELL32.dll
0x00007ffdaf730000 - 0x00007ffdafd75000 	C:\WINDOWS\system32\windows.storage.dll
0x00007ffdb2c90000 - 0x00007ffdb2ce2000 	C:\WINDOWS\system32\shlwapi.dll
0x00007ffdaf670000 - 0x00007ffdaf67f000 	C:\WINDOWS\system32\kernel.appcore.dll
0x00007ffdb0140000 - 0x00007ffdb01f5000 	C:\WINDOWS\system32\shcore.dll
0x00007ffdaf5f0000 - 0x00007ffdaf63b000 	C:\WINDOWS\system32\powrprof.dll
0x00007ffdaf640000 - 0x00007ffdaf654000 	C:\WINDOWS\system32\profapi.dll
0x00007ffd9aee0000 - 0x00007ffd9b06c000 	C:\WINDOWS\SYSTEM32\dbghelp.dll

VM Arguments:
jvm_args: -Djava.awt.headless=true -Xmx1024M -Dfile.encoding=windows-1252 -Duser.country=FR -Duser.language=fr -Duser.variant 
java_command: com.android.dx.command.Main --dex --force-jumbo --num-threads=4 --multi-dex --output C:\Users\Famille\AndroidStudioProjects\Niviel\app\build\intermediates\transforms\dex\debug\folders\1000\10\com.android.support-recyclerview-v7-24.2.0_eb420716c5d28490ae4791adc3064b541522631e C:\Users\Famille\AndroidStudioProjects\Niviel\app\build\intermediates\exploded-aar\com.android.support\recyclerview-v7\24.2.0\jars\classes.jar
java_class_path (initial): C:\Users\Famille\AppData\Local\Android\sdk\build-tools\23.0.2\lib\dx.jar
Launcher Type: SUN_STANDARD

Environment Variables:
JAVA_HOME=C:\Program Files\Java\jdk1.8.0_25
PATH=C:\Program Files\Broadcom\Broadcom 802.11 Network Adapter;;C:\Program Files\Broadcom\Broadcom 802.11;C:\ProgramData\Oracle\Java\javapath;C:\Program Files (x86)\Intel\iCLS Client\;C:\Program Files\Intel\iCLS Client\;C:\Windows\system32;C:\Windows;C:\Windows\System32\Wbem;C:\Windows\System32\WindowsPowerShell\v1.0\;C:\Program Files\Hewlett-Packard\SimplePass\;C:\wamp\bin\php\php5.5.12;C:\Python27;C:\Users\Famille\AppData\Roaming\npm\;C:\Program Files\nodejs\;C:\Program Files\Git\cmd;C:\Program Files (x86)\Brackets\command;C:\Program Files (x86)\Ant\bin;C:\Program Files (x86)\Maven\bin;C:\Program Files (x86)\Intel\Intel(R) Management Engine Components\DAL;C:\Program Files\Intel\Intel(R) Management Engine Components\DAL;C:\Program Files (x86)\Intel\Intel(R) Management Engine Components\IPT;C:\Program Files\Intel\Intel(R) Management Engine Components\IPT;C:\Users\Famille\AppData\Local\atom\bin;C:\Users\Famille\AppData\Roaming\npm
USERNAME=de Lachaux
OS=Windows_NT
PROCESSOR_IDENTIFIER=Intel64 Family 6 Model 69 Stepping 1, GenuineIntel



---------------  S Y S T E M  ---------------

OS: Windows 8.1 , 64 bit Build 9600 

CPU:total 4 (2 cores per cpu, 2 threads per core) family 6 model 69 stepping 1, cmov, cx8, fxsr, mmx, sse, sse2, sse3, ssse3, sse4.1, sse4.2, popcnt, avx, avx2, aes, clmul, erms, lzcnt, ht, tsc, tscinvbit, bmi1, bmi2

Memory: 4k page, physical 4122776k(366496k free), swap 5555352k(4172k free)

vm_info: Java HotSpot(TM) 64-Bit Server VM (25.25-b02) for windows-amd64 JRE (1.8.0_25-b18), built on Oct  7 2014 14:25:37 by "java_re" with MS VC++ 10.0 (VS2010)

time: Tue Aug 23 11:33:22 2016
elapsed time: 3 seconds (0d 0h 0m 3s)

