#
# There is insufficient memory for the Java Runtime Environment to continue.
# Native memory allocation (malloc) failed to allocate 133840 bytes for Chunk::new
# Possible reasons:
#   The system is out of physical RAM or swap space
#   In 32 bit mode, the process size limit was hit
# Possible solutions:
#   Reduce memory load on the system
#   Increase physical memory or swap space
#   Check if swap backing store is full
#   Use 64 bit Java on a 64 bit OS
#   Decrease Java heap size (-Xmx/-Xms)
#   Decrease number of Java threads
#   Decrease Java thread stack sizes (-Xss)
#   Set larger code cache with -XX:ReservedCodeCacheSize=
# This output file may be truncated or incomplete.
#
#  Out of Memory Error (allocation.cpp:390), pid=30560, tid=32544
#
# JRE version: Java(TM) SE Runtime Environment (8.0_25-b18) (build 1.8.0_25-b18)
# Java VM: Java HotSpot(TM) 64-Bit Server VM (25.25-b02 mixed mode windows-amd64 compressed oops)
# Failed to write core dump. Minidumps are not enabled by default on client versions of Windows
#

---------------  T H R E A D  ---------------

Current thread (0x0000000015031800):  JavaThread "C2 CompilerThread1" daemon [_thread_in_native, id=32544, stack(0x00000000166b0000,0x00000000167b0000)]

Stack: [0x00000000166b0000,0x00000000167b0000]
Native frames: (J=compiled Java code, j=interpreted, Vv=VM code, C=native code)
V  [jvm.dll+0x31667a]


Current CompileTask:
C2:   4782 1351   !   4       com.android.dx.cf.code.RopperMachine::run (1550 bytes)


---------------  P R O C E S S  ---------------

Java Threads: ( => current thread )
  0x00000000169fb800 JavaThread "pool-1-thread-1" [_thread_in_vm, id=32312, stack(0x0000000018b80000,0x0000000018c80000)]
  0x000000001508a000 JavaThread "Service Thread" daemon [_thread_blocked, id=28104, stack(0x0000000016cb0000,0x0000000016db0000)]
  0x0000000015036000 JavaThread "C1 CompilerThread2" daemon [_thread_blocked, id=32032, stack(0x00000000167b0000,0x00000000168b0000)]
=>0x0000000015031800 JavaThread "C2 CompilerThread1" daemon [_thread_in_native, id=32544, stack(0x00000000166b0000,0x00000000167b0000)]
  0x000000001502c000 JavaThread "C2 CompilerThread0" daemon [_thread_in_native, id=32152, stack(0x00000000165b0000,0x00000000166b0000)]
  0x000000001502a800 JavaThread "Attach Listener" daemon [_thread_blocked, id=32580, stack(0x00000000164b0000,0x00000000165b0000)]
  0x000000001502a000 JavaThread "Signal Dispatcher" daemon [_thread_blocked, id=31788, stack(0x00000000163b0000,0x00000000164b0000)]
  0x0000000002956000 JavaThread "Finalizer" daemon [_thread_blocked, id=30016, stack(0x00000000162b0000,0x00000000163b0000)]
  0x000000000294d000 JavaThread "Reference Handler" daemon [_thread_blocked, id=30652, stack(0x00000000161b0000,0x00000000162b0000)]
  0x000000000285e000 JavaThread "main" [_thread_blocked, id=29748, stack(0x00000000026f0000,0x00000000027f0000)]

Other Threads:
  0x0000000014ff6800 VMThread [stack: 0x00000000160b0000,0x00000000161b0000] [id=29348]
  0x000000001508c800 WatcherThread [stack: 0x0000000016db0000,0x0000000016eb0000] [id=32408]

VM state:not at safepoint (normal execution)

VM Mutex/Monitor currently owned by a thread: None

Heap:
 PSYoungGen      total 35328K, used 23524K [0x00000000eab00000, 0x00000000ed000000, 0x0000000100000000)
  eden space 32768K, 64% used [0x00000000eab00000,0x00000000ebf7da08,0x00000000ecb00000)
  from space 2560K, 99% used [0x00000000ecd80000,0x00000000ecffb680,0x00000000ed000000)
  to   space 2560K, 0% used [0x00000000ecb00000,0x00000000ecb00000,0x00000000ecd80000)
 ParOldGen       total 44032K, used 4013K [0x00000000c0000000, 0x00000000c2b00000, 0x00000000eab00000)
  object space 44032K, 9% used [0x00000000c0000000,0x00000000c03eb6c8,0x00000000c2b00000)
 Metaspace       used 6128K, capacity 7088K, committed 7296K, reserved 1056768K
  class space    used 603K, capacity 616K, committed 640K, reserved 1048576K

Card table byte_map: [0x0000000011d20000,0x0000000011f30000] byte_map_base: 0x0000000011720000

Marking Bits: (ParMarkBitMap*) 0x0000000057b9d490
 Begin Bits: [0x0000000012490000, 0x0000000013490000)
 End Bits:   [0x0000000013490000, 0x0000000014490000)

Polling page: 0x0000000000f20000

CodeCache: size=245760Kb used=5853Kb max_used=5853Kb free=239906Kb
 bounds [0x0000000002960000, 0x0000000002f20000, 0x0000000011960000]
 total_blobs=1765 nmethods=1501 adapters=178
 compilation: enabled

Compilation events (10 events):
Event: 4.534 Thread 0x0000000015036000 1360       3       com.android.dx.ssa.ConstCollector$1::compare (42 bytes)
Event: 4.535 Thread 0x0000000015036000 nmethod 1360 0x0000000002ec7050 code [0x0000000002ec7240, 0x0000000002ec7f78]
Event: 4.535 Thread 0x0000000015036000 1363       3       com.android.dx.dex.code.RopTranslator$TranslationVisitor::addOutputSuffix (9 bytes)
Event: 4.535 Thread 0x0000000015036000 nmethod 1363 0x0000000002ed2bd0 code [0x0000000002ed2d80, 0x0000000002ed3348]
Event: 4.535 Thread 0x0000000015036000 1364       3       com.android.dx.dex.code.OutputCollector::addSuffix (10 bytes)
Event: 4.536 Thread 0x0000000015036000 nmethod 1364 0x0000000002ec65d0 code [0x0000000002ec6780, 0x0000000002ec6d28]
Event: 4.536 Thread 0x0000000015036000 1365       3       com.android.dx.cf.code.ExecutionStack::peekLocal (46 bytes)
Event: 4.536 Thread 0x0000000015036000 nmethod 1365 0x0000000002ec5f50 code [0x0000000002ec60e0, 0x0000000002ec6438]
Event: 4.536 Thread 0x0000000015036000 1366       3       com.android.dx.cf.code.BaseMachine::popArgs (204 bytes)
Event: 4.539 Thread 0x0000000015036000 nmethod 1366 0x0000000002ed9ed0 code [0x0000000002eda320, 0x0000000002edc888]

GC Heap History (4 events):
Event: 2.442 GC heap before
{Heap before GC invocations=1 (full 0):
 PSYoungGen      total 18944K, used 16384K [0x00000000eab00000, 0x00000000ec000000, 0x0000000100000000)
  eden space 16384K, 100% used [0x00000000eab00000,0x00000000ebb00000,0x00000000ebb00000)
  from space 2560K, 0% used [0x00000000ebd80000,0x00000000ebd80000,0x00000000ec000000)
  to   space 2560K, 0% used [0x00000000ebb00000,0x00000000ebb00000,0x00000000ebd80000)
 ParOldGen       total 44032K, used 0K [0x00000000c0000000, 0x00000000c2b00000, 0x00000000eab00000)
  object space 44032K, 0% used [0x00000000c0000000,0x00000000c0000000,0x00000000c2b00000)
 Metaspace       used 5698K, capacity 6768K, committed 7040K, reserved 1056768K
  class space    used 578K, capacity 616K, committed 640K, reserved 1048576K
Event: 2.484 GC heap after
Heap after GC invocations=1 (full 0):
 PSYoungGen      total 18944K, used 2551K [0x00000000eab00000, 0x00000000ed000000, 0x0000000100000000)
  eden space 16384K, 0% used [0x00000000eab00000,0x00000000eab00000,0x00000000ebb00000)
  from space 2560K, 99% used [0x00000000ebb00000,0x00000000ebd7dde0,0x00000000ebd80000)
  to   space 2560K, 0% used [0x00000000ecd80000,0x00000000ecd80000,0x00000000ed000000)
 ParOldGen       total 44032K, used 1729K [0x00000000c0000000, 0x00000000c2b00000, 0x00000000eab00000)
  object space 44032K, 3% used [0x00000000c0000000,0x00000000c01b06f0,0x00000000c2b00000)
 Metaspace       used 5698K, capacity 6768K, committed 7040K, reserved 1056768K
  class space    used 578K, capacity 616K, committed 640K, reserved 1048576K
}
Event: 3.570 GC heap before
{Heap before GC invocations=2 (full 0):
 PSYoungGen      total 18944K, used 18935K [0x00000000eab00000, 0x00000000ed000000, 0x0000000100000000)
  eden space 16384K, 100% used [0x00000000eab00000,0x00000000ebb00000,0x00000000ebb00000)
  from space 2560K, 99% used [0x00000000ebb00000,0x00000000ebd7dde0,0x00000000ebd80000)
  to   space 2560K, 0% used [0x00000000ecd80000,0x00000000ecd80000,0x00000000ed000000)
 ParOldGen       total 44032K, used 1729K [0x00000000c0000000, 0x00000000c2b00000, 0x00000000eab00000)
  object space 44032K, 3% used [0x00000000c0000000,0x00000000c01b06f0,0x00000000c2b00000)
 Metaspace       used 5837K, capacity 6896K, committed 7040K, reserved 1056768K
  class space    used 584K, capacity 616K, committed 640K, reserved 1048576K
Event: 3.580 GC heap after
Heap after GC invocations=2 (full 0):
 PSYoungGen      total 35328K, used 2541K [0x00000000eab00000, 0x00000000ed000000, 0x0000000100000000)
  eden space 32768K, 0% used [0x00000000eab00000,0x00000000eab00000,0x00000000ecb00000)
  from space 2560K, 99% used [0x00000000ecd80000,0x00000000ecffb680,0x00000000ed000000)
  to   space 2560K, 0% used [0x00000000ecb00000,0x00000000ecb00000,0x00000000ecd80000)
 ParOldGen       total 44032K, used 4013K [0x00000000c0000000, 0x00000000c2b00000, 0x00000000eab00000)
  object space 44032K, 9% used [0x00000000c0000000,0x00000000c03eb6c8,0x00000000c2b00000)
 Metaspace       used 5837K, capacity 6896K, committed 7040K, reserved 1056768K
  class space    used 584K, capacity 616K, committed 640K, reserved 1048576K
}

Deoptimization events (10 events):
Event: 2.681 Thread 0x0000000016b5c000 Uncommon trap: reason=unreached action=reinterpret pc=0x0000000002c9b5b0 method=com.android.dx.rop.code.RegisterSpec.equals(ILcom/android/dx/rop/type/TypeBearer;Lcom/android/dx/rop/code/LocalItem;)Z @ 24
Event: 2.842 Thread 0x00000000169f5000 Uncommon trap: reason=unreached action=reinterpret pc=0x0000000002caba50 method=com.android.dx.rop.code.RegisterSpec.equals(ILcom/android/dx/rop/type/TypeBearer;Lcom/android/dx/rop/code/LocalItem;)Z @ 24
Event: 2.843 Thread 0x00000000169f5000 Uncommon trap: reason=unloaded action=reinterpret pc=0x0000000002cb6368 method=com.android.dx.ssa.SsaRenamer$BlockRenamer.visitMoveInsn(Lcom/android/dx/ssa/NormalSsaInsn;)V @ 208
Event: 2.843 Thread 0x00000000169f5000 Uncommon trap: reason=null_check action=make_not_entrant pc=0x0000000002c8da20 method=com.android.dx.ssa.SsaRenamer.getLocalForNewReg(I)Lcom/android/dx/rop/code/LocalItem; @ 19
Event: 2.846 Thread 0x00000000169f5000 Uncommon trap: reason=unreached action=reinterpret pc=0x0000000002b3f29c method=com.android.dx.rop.cst.Constant.compareTo(Lcom/android/dx/rop/cst/Constant;)I @ 12
Event: 3.591 Thread 0x000000000285e000 Uncommon trap: reason=unloaded action=reinterpret pc=0x0000000002b35198 method=com.android.dx.cf.cst.ConstantPoolParser.parse0(ILjava/util/BitSet;)Lcom/android/dx/rop/cst/Constant; @ 198
Event: 3.981 Thread 0x0000000016b5e800 Uncommon trap: reason=class_check action=maybe_recompile pc=0x0000000002cad2b0 method=com.android.dx.rop.type.Type.equals(Ljava/lang/Object;)Z @ 8
Event: 3.982 Thread 0x0000000016b5e800 Uncommon trap: reason=class_check action=maybe_recompile pc=0x0000000002cad2b0 method=com.android.dx.rop.type.Type.equals(Ljava/lang/Object;)Z @ 8
Event: 3.988 Thread 0x0000000016b5e800 Uncommon trap: reason=unreached action=reinterpret pc=0x0000000002e0b9c4 method=com.android.dx.util.LabeledList.set(ILcom/android/dx/util/LabeledItem;)V @ 16
Event: 3.988 Thread 0x0000000016b5e800 Uncommon trap: reason=unreached action=reinterpret pc=0x0000000002df0a48 method=com.android.dx.util.LabeledList.set(ILcom/android/dx/util/LabeledItem;)V @ 16

Internal exceptions (10 events):
Event: 2.622 Thread 0x000000000285e000 Exception <a 'java/security/PrivilegedActionException'> (0x00000000eafa42a0) thrown at [D:\re\workspace\8-2-build-windows-amd64-cygwin\jdk8u25\1677\hotspot\src\share\vm\prims\jvm.cpp, line 1312]
Event: 2.717 Thread 0x000000000285e000 Exception <a 'java/security/PrivilegedActionException'> (0x00000000eb083e50) thrown at [D:\re\workspace\8-2-build-windows-amd64-cygwin\jdk8u25\1677\hotspot\src\share\vm\prims\jvm.cpp, line 1312]
Event: 2.719 Thread 0x000000000285e000 Exception <a 'java/security/PrivilegedActionException'> (0x00000000eb089c08) thrown at [D:\re\workspace\8-2-build-windows-amd64-cygwin\jdk8u25\1677\hotspot\src\share\vm\prims\jvm.cpp, line 1312]
Event: 2.840 Thread 0x00000000169f5000 Exception <a 'java/security/PrivilegedActionException'> (0x00000000eaeeafa0) thrown at [D:\re\workspace\8-2-build-windows-amd64-cygwin\jdk8u25\1677\hotspot\src\share\vm\prims\jvm.cpp, line 1312]
Event: 2.843 Thread 0x00000000169f5000 Implicit null exception at 0x0000000002c8c274 to 0x0000000002c8da01
Event: 2.847 Thread 0x00000000169f5000 Exception <a 'java/security/PrivilegedActionException'> (0x00000000eb0c5df8) thrown at [D:\re\workspace\8-2-build-windows-amd64-cygwin\jdk8u25\1677\hotspot\src\share\vm\prims\jvm.cpp, line 1312]
Event: 3.210 Thread 0x000000000285e000 Exception <a 'java/security/PrivilegedActionException'> (0x00000000eb0a1d08) thrown at [D:\re\workspace\8-2-build-windows-amd64-cygwin\jdk8u25\1677\hotspot\src\share\vm\prims\jvm.cpp, line 1312]
Event: 3.212 Thread 0x000000000285e000 Exception <a 'java/security/PrivilegedActionException'> (0x00000000eb0abff8) thrown at [D:\re\workspace\8-2-build-windows-amd64-cygwin\jdk8u25\1677\hotspot\src\share\vm\prims\jvm.cpp, line 1312]
Event: 3.212 Thread 0x000000000285e000 Exception <a 'java/security/PrivilegedActionException'> (0x00000000eb0ae760) thrown at [D:\re\workspace\8-2-build-windows-amd64-cygwin\jdk8u25\1677\hotspot\src\share\vm\prims\jvm.cpp, line 1312]
Event: 3.977 Thread 0x0000000016b5e800 Exception <a 'java/security/PrivilegedActionException'> (0x00000000eb3385c8) thrown at [D:\re\workspace\8-2-build-windows-amd64-cygwin\jdk8u25\1677\hotspot\src\share\vm\prims\jvm.cpp, line 1312]

Events (10 events):
Event: 3.982 Thread 0x0000000016b5e800 DEOPT PACKING pc=0x0000000002cad2b0 sp=0x00000000173aeae0
Event: 3.982 Thread 0x0000000016b5e800 DEOPT UNPACKING pc=0x00000000029a556a sp=0x00000000173aea78 mode 2
Event: 3.988 Thread 0x0000000016b5e800 Uncommon trap: trap_request=0xffffffad fr.pc=0x0000000002e0b9c4
Event: 3.988 Thread 0x0000000016b5e800 DEOPT PACKING pc=0x0000000002e0b9c4 sp=0x00000000173aed50
Event: 3.988 Thread 0x0000000016b5e800 DEOPT UNPACKING pc=0x00000000029a556a sp=0x00000000173aecf8 mode 2
Event: 3.988 Thread 0x0000000016b5e800 Uncommon trap: trap_request=0xffffffad fr.pc=0x0000000002df0a48
Event: 3.988 Thread 0x0000000016b5e800 DEOPT PACKING pc=0x0000000002df0a48 sp=0x00000000173aece0
Event: 3.988 Thread 0x0000000016b5e800 DEOPT UNPACKING pc=0x00000000029a556a sp=0x00000000173aecf0 mode 2
Event: 4.152 Executing VM operation: EnableBiasedLocking
Event: 4.228 Executing VM operation: EnableBiasedLocking done


Dynamic libraries:
0x00007ff619710000 - 0x00007ff619744000 	C:\Program Files\Java\jdk1.8.0_25\bin\java.exe
0x00007ffdb2fd0000 - 0x00007ffdb3191000 	C:\WINDOWS\SYSTEM32\ntdll.dll
0x00007ffdb2650000 - 0x00007ffdb26fd000 	C:\WINDOWS\system32\KERNEL32.DLL
0x00007ffdafe10000 - 0x00007ffdafff8000 	C:\WINDOWS\system32\KERNELBASE.dll
0x00007ffdb0d80000 - 0x00007ffdb0e27000 	C:\WINDOWS\system32\ADVAPI32.dll
0x00007ffdb1050000 - 0x00007ffdb10ed000 	C:\WINDOWS\system32\msvcrt.dll
0x00007ffdb2f70000 - 0x00007ffdb2fcb000 	C:\WINDOWS\system32\sechost.dll
0x00007ffdb0780000 - 0x00007ffdb089c000 	C:\WINDOWS\system32\RPCRT4.dll
0x00007ffdb2cf0000 - 0x00007ffdb2e46000 	C:\WINDOWS\system32\USER32.dll
0x00007ffdb0520000 - 0x00007ffdb06a6000 	C:\WINDOWS\system32\GDI32.dll
0x00007ffda7820000 - 0x00007ffda7a94000 	C:\WINDOWS\WinSxS\amd64_microsoft.windows.common-controls_6595b64144ccf1df_6.0.10586.494_none_a2d8b04ea53e3145\COMCTL32.dll
0x00007ffdb08a0000 - 0x00007ffdb0b1d000 	C:\WINDOWS\system32\combase.dll
0x00007ffdafd80000 - 0x00007ffdafdea000 	C:\WINDOWS\system32\bcryptPrimitives.dll
0x00007ffdb03d0000 - 0x00007ffdb040b000 	C:\WINDOWS\system32\IMM32.DLL
0x0000000056f00000 - 0x0000000056fd2000 	C:\Program Files\Java\jdk1.8.0_25\jre\bin\msvcr100.dll
0x00000000573c0000 - 0x0000000057c1a000 	C:\Program Files\Java\jdk1.8.0_25\jre\bin\server\jvm.dll
0x00007ffdb0d00000 - 0x00007ffdb0d08000 	C:\WINDOWS\system32\PSAPI.DLL
0x00007ffd9d1c0000 - 0x00007ffd9d1c9000 	C:\WINDOWS\SYSTEM32\WSOCK32.dll
0x00007ffdb0d10000 - 0x00007ffdb0d7b000 	C:\WINDOWS\system32\WS2_32.dll
0x00007ffdad8c0000 - 0x00007ffdad8e3000 	C:\WINDOWS\SYSTEM32\WINMM.dll
0x00007ffdad030000 - 0x00007ffdad05c000 	C:\WINDOWS\SYSTEM32\WINMMBASE.dll
0x00007ffdb0000000 - 0x00007ffdb0043000 	C:\WINDOWS\system32\cfgmgr32.dll
0x00000000573b0000 - 0x00000000573bf000 	C:\Program Files\Java\jdk1.8.0_25\jre\bin\verify.dll
0x0000000057380000 - 0x00000000573a8000 	C:\Program Files\Java\jdk1.8.0_25\jre\bin\java.dll
0x0000000057360000 - 0x0000000057376000 	C:\Program Files\Java\jdk1.8.0_25\jre\bin\zip.dll
0x00007ffdb10f0000 - 0x00007ffdb264c000 	C:\WINDOWS\system32\SHELL32.dll
0x00007ffdaf730000 - 0x00007ffdafd75000 	C:\WINDOWS\system32\windows.storage.dll
0x00007ffdb2c90000 - 0x00007ffdb2ce2000 	C:\WINDOWS\system32\shlwapi.dll
0x00007ffdaf670000 - 0x00007ffdaf67f000 	C:\WINDOWS\system32\kernel.appcore.dll
0x00007ffdb0140000 - 0x00007ffdb01f5000 	C:\WINDOWS\system32\shcore.dll
0x00007ffdaf5f0000 - 0x00007ffdaf63b000 	C:\WINDOWS\system32\powrprof.dll
0x00007ffdaf640000 - 0x00007ffdaf654000 	C:\WINDOWS\system32\profapi.dll
0x00007ffd9aee0000 - 0x00007ffd9b06c000 	C:\WINDOWS\SYSTEM32\dbghelp.dll

VM Arguments:
jvm_args: -Djava.awt.headless=true -Xmx1024M -Dfile.encoding=windows-1252 -Duser.country=FR -Duser.language=fr -Duser.variant 
java_command: com.android.dx.command.Main --dex --force-jumbo --num-threads=4 --multi-dex --output C:\Users\Famille\AndroidStudioProjects\Niviel\app\build\intermediates\transforms\dex\debug\folders\1000\5\slice_2 C:\Users\Famille\AndroidStudioProjects\Niviel\app\build\intermediates\transforms\instantRunSlicer\debug\folders\1\5\slice_2
java_class_path (initial): C:\Users\Famille\AppData\Local\Android\sdk\build-tools\23.0.2\lib\dx.jar
Launcher Type: SUN_STANDARD

Environment Variables:
JAVA_HOME=C:\Program Files\Java\jdk1.8.0_25
PATH=C:\Program Files\Broadcom\Broadcom 802.11 Network Adapter;;C:\Program Files\Broadcom\Broadcom 802.11;C:\ProgramData\Oracle\Java\javapath;C:\Program Files (x86)\Intel\iCLS Client\;C:\Program Files\Intel\iCLS Client\;C:\Windows\system32;C:\Windows;C:\Windows\System32\Wbem;C:\Windows\System32\WindowsPowerShell\v1.0\;C:\Program Files\Hewlett-Packard\SimplePass\;C:\wamp\bin\php\php5.5.12;C:\Python27;C:\Users\Famille\AppData\Roaming\npm\;C:\Program Files\nodejs\;C:\Program Files\Git\cmd;C:\Program Files (x86)\Brackets\command;C:\Program Files (x86)\Ant\bin;C:\Program Files (x86)\Maven\bin;C:\Program Files (x86)\Intel\Intel(R) Management Engine Components\DAL;C:\Program Files\Intel\Intel(R) Management Engine Components\DAL;C:\Program Files (x86)\Intel\Intel(R) Management Engine Components\IPT;C:\Program Files\Intel\Intel(R) Management Engine Components\IPT;C:\Users\Famille\AppData\Local\atom\bin;C:\Users\Famille\AppData\Roaming\npm
USERNAME=de Lachaux
OS=Windows_NT
PROCESSOR_IDENTIFIER=Intel64 Family 6 Model 69 Stepping 1, GenuineIntel



---------------  S Y S T E M  ---------------

OS: Windows 8.1 , 64 bit Build 9600 

CPU:total 4 (2 cores per cpu, 2 threads per core) family 6 model 69 stepping 1, cmov, cx8, fxsr, mmx, sse, sse2, sse3, ssse3, sse4.1, sse4.2, popcnt, avx, avx2, aes, clmul, erms, lzcnt, ht, tsc, tscinvbit, bmi1, bmi2

Memory: 4k page, physical 4122776k(305812k free), swap 5555352k(1404k free)

vm_info: Java HotSpot(TM) 64-Bit Server VM (25.25-b02) for windows-amd64 JRE (1.8.0_25-b18), built on Oct  7 2014 14:25:37 by "java_re" with MS VC++ 10.0 (VS2010)

time: Tue Aug 23 11:31:48 2016
elapsed time: 4 seconds (0d 0h 0m 4s)

