#
# There is insufficient memory for the Java Runtime Environment to continue.
# Native memory allocation (malloc) failed to allocate 863312 bytes for Chunk::new
# Possible reasons:
#   The system is out of physical RAM or swap space
#   In 32 bit mode, the process size limit was hit
# Possible solutions:
#   Reduce memory load on the system
#   Increase physical memory or swap space
#   Check if swap backing store is full
#   Use 64 bit Java on a 64 bit OS
#   Decrease Java heap size (-Xmx/-Xms)
#   Decrease number of Java threads
#   Decrease Java thread stack sizes (-Xss)
#   Set larger code cache with -XX:ReservedCodeCacheSize=
# This output file may be truncated or incomplete.
#
#  Out of Memory Error (allocation.cpp:390), pid=20012, tid=18400
#
# JRE version: Java(TM) SE Runtime Environment (8.0_25-b18) (build 1.8.0_25-b18)
# Java VM: Java HotSpot(TM) 64-Bit Server VM (25.25-b02 mixed mode windows-amd64 compressed oops)
# Failed to write core dump. Minidumps are not enabled by default on client versions of Windows
#

---------------  T H R E A D  ---------------

Current thread (0x0000000014edf000):  JavaThread "C2 CompilerThread1" daemon [_thread_in_native, id=18400, stack(0x00000000164f0000,0x00000000165f0000)]

Stack: [0x00000000164f0000,0x00000000165f0000]
Native frames: (J=compiled Java code, j=interpreted, Vv=VM code, C=native code)
V  [jvm.dll+0x31667a]
V  [jvm.dll+0x267073]
V  [jvm.dll+0x267cb3]
V  [jvm.dll+0x25f5b5]
V  [jvm.dll+0xbf165]
V  [jvm.dll+0xbf60c]
V  [jvm.dll+0x44af32]
V  [jvm.dll+0x4c06e5]
V  [jvm.dll+0x4c131f]
V  [jvm.dll+0x451121]
V  [jvm.dll+0x4538f8]
V  [jvm.dll+0x437372]
V  [jvm.dll+0x98a02]
V  [jvm.dll+0x991f3]
V  [jvm.dll+0x22bde4]
V  [jvm.dll+0x2852fa]
C  [msvcr100.dll+0x21d9f]
C  [msvcr100.dll+0x21e3b]
C  [KERNEL32.DLL+0x18102]
C  [ntdll.dll+0x5c5b4]


Current CompileTask:
C2:  14801 1191       4       com.android.dx.ssa.SCCP::simulateStmt (481 bytes)


---------------  P R O C E S S  ---------------

Java Threads: ( => current thread )
  0x0000000014ee7000 JavaThread "Service Thread" daemon [_thread_blocked, id=19636, stack(0x00000000166f0000,0x00000000167f0000)]
  0x0000000014ee0000 JavaThread "C1 CompilerThread2" daemon [_thread_blocked, id=19740, stack(0x00000000165f0000,0x00000000166f0000)]
=>0x0000000014edf000 JavaThread "C2 CompilerThread1" daemon [_thread_in_native, id=18400, stack(0x00000000164f0000,0x00000000165f0000)]
  0x0000000014e8b800 JavaThread "C2 CompilerThread0" daemon [_thread_in_native, id=20400, stack(0x00000000163f0000,0x00000000164f0000)]
  0x0000000014e8a800 JavaThread "Attach Listener" daemon [_thread_blocked, id=20208, stack(0x00000000162f0000,0x00000000163f0000)]
  0x0000000014e89000 JavaThread "Signal Dispatcher" daemon [_thread_blocked, id=19672, stack(0x00000000161f0000,0x00000000162f0000)]
  0x00000000026fe800 JavaThread "Finalizer" daemon [_thread_blocked, id=19492, stack(0x00000000160f0000,0x00000000161f0000)]
  0x00000000026fd800 JavaThread "Reference Handler" daemon [_thread_blocked, id=14376, stack(0x0000000015ff0000,0x00000000160f0000)]
  0x00000000027be000 JavaThread "main" [_thread_in_vm, id=20116, stack(0x0000000002480000,0x0000000002580000)]

Other Threads:
  0x0000000014e56800 VMThread [stack: 0x0000000015ef0000,0x0000000015ff0000] [id=19604]
  0x0000000014ee9800 WatcherThread [stack: 0x00000000167f0000,0x00000000168f0000] [id=19632]

VM state:synchronizing (normal execution)

VM Mutex/Monitor currently owned by a thread:  ([mutex/lock_event])
[0x00000000027bd2a0] SignatureHandlerLibrary_lock - owner thread: 0x00000000027be000
[0x00000000027bcda0] Threads_lock - owner thread: 0x0000000014e56800

Heap:
 PSYoungGen      total 18944K, used 8854K [0x00000000eab00000, 0x00000000ed000000, 0x0000000100000000)
  eden space 16384K, 38% used [0x00000000eab00000,0x00000000eb1298f0,0x00000000ebb00000)
  from space 2560K, 99% used [0x00000000ebd80000,0x00000000ebffc020,0x00000000ec000000)
  to   space 2560K, 0% used [0x00000000ebb00000,0x00000000ebb00000,0x00000000ebd80000)
 ParOldGen       total 44032K, used 4069K [0x00000000c0000000, 0x00000000c2b00000, 0x00000000eab00000)
  object space 44032K, 9% used [0x00000000c0000000,0x00000000c03f9648,0x00000000c2b00000)
 Metaspace       used 6169K, capacity 7088K, committed 7296K, reserved 1056768K
  class space    used 607K, capacity 616K, committed 640K, reserved 1048576K

Card table byte_map: [0x0000000011b80000,0x0000000011d90000] byte_map_base: 0x0000000011580000

Marking Bits: (ParMarkBitMap*) 0x000000005836d490
 Begin Bits: [0x00000000122f0000, 0x00000000132f0000)
 End Bits:   [0x00000000132f0000, 0x00000000142f0000)

Polling page: 0x0000000000b20000

CodeCache: size=245760Kb used=5456Kb max_used=5456Kb free=240303Kb
 bounds [0x00000000027c0000, 0x0000000002d20000, 0x00000000117c0000]
 total_blobs=1702 nmethods=1438 adapters=178
 compilation: enabled

Compilation events (10 events):
Event: 13.670 Thread 0x0000000014ee0000 1279       3       com.android.dx.rop.code.LocalItem::make (20 bytes)
Event: 13.670 Thread 0x0000000014ee0000 nmethod 1279 0x0000000002cc6e50 code [0x0000000002cc6fc0, 0x0000000002cc72b0]
Event: 13.672 Thread 0x0000000014ee0000 1280       3       com.android.dx.rop.type.Type::getInitializedType (42 bytes)
Event: 13.672 Thread 0x0000000014ee0000 nmethod 1280 0x0000000002cc73d0 code [0x0000000002cc75a0, 0x0000000002cc7d98]
Event: 13.676 Thread 0x0000000014ee0000 1281       3       com.android.dx.ssa.back.FirstFitLocalCombiningAllocator::handleCheckCastResults (413 bytes)
Event: 13.681 Thread 0x0000000014ee0000 nmethod 1281 0x0000000002cc80d0 code [0x0000000002cc8680, 0x0000000002ccc4f8]
Event: 13.687 Thread 0x0000000014ee0000 1282  s    3       com.android.dx.dex.file.FieldIdsSection::intern (55 bytes)
Event: 13.688 Thread 0x0000000014ee0000 nmethod 1282 0x0000000002ccf090 code [0x0000000002ccf2a0, 0x0000000002ccff88]
Event: 13.690 Thread 0x0000000014ee0000 1283       3       com.android.dx.ssa.DeadCodeRemover::<init> (44 bytes)
Event: 13.690 Thread 0x0000000014ee0000 nmethod 1283 0x0000000002cd0610 code [0x0000000002cd07a0, 0x0000000002cd0b98]

GC Heap History (4 events):
Event: 12.557 GC heap before
{Heap before GC invocations=1 (full 0):
 PSYoungGen      total 18944K, used 16384K [0x00000000eab00000, 0x00000000ec000000, 0x0000000100000000)
  eden space 16384K, 100% used [0x00000000eab00000,0x00000000ebb00000,0x00000000ebb00000)
  from space 2560K, 0% used [0x00000000ebd80000,0x00000000ebd80000,0x00000000ec000000)
  to   space 2560K, 0% used [0x00000000ebb00000,0x00000000ebb00000,0x00000000ebd80000)
 ParOldGen       total 44032K, used 0K [0x00000000c0000000, 0x00000000c2b00000, 0x00000000eab00000)
  object space 44032K, 0% used [0x00000000c0000000,0x00000000c0000000,0x00000000c2b00000)
 Metaspace       used 5769K, capacity 6832K, committed 7040K, reserved 1056768K
  class space    used 591K, capacity 616K, committed 640K, reserved 1048576K
Event: 12.640 GC heap after
Heap after GC invocations=1 (full 0):
 PSYoungGen      total 18944K, used 2528K [0x00000000eab00000, 0x00000000ec000000, 0x0000000100000000)
  eden space 16384K, 0% used [0x00000000eab00000,0x00000000eab00000,0x00000000ebb00000)
  from space 2560K, 98% used [0x00000000ebb00000,0x00000000ebd78018,0x00000000ebd80000)
  to   space 2560K, 0% used [0x00000000ebd80000,0x00000000ebd80000,0x00000000ec000000)
 ParOldGen       total 44032K, used 1846K [0x00000000c0000000, 0x00000000c2b00000, 0x00000000eab00000)
  object space 44032K, 4% used [0x00000000c0000000,0x00000000c01cd808,0x00000000c2b00000)
 Metaspace       used 5769K, capacity 6832K, committed 7040K, reserved 1056768K
  class space    used 591K, capacity 616K, committed 640K, reserved 1048576K
}
Event: 13.452 GC heap before
{Heap before GC invocations=2 (full 0):
 PSYoungGen      total 18944K, used 18912K [0x00000000eab00000, 0x00000000ec000000, 0x0000000100000000)
  eden space 16384K, 100% used [0x00000000eab00000,0x00000000ebb00000,0x00000000ebb00000)
  from space 2560K, 98% used [0x00000000ebb00000,0x00000000ebd78018,0x00000000ebd80000)
  to   space 2560K, 0% used [0x00000000ebd80000,0x00000000ebd80000,0x00000000ec000000)
 ParOldGen       total 44032K, used 1846K [0x00000000c0000000, 0x00000000c2b00000, 0x00000000eab00000)
  object space 44032K, 4% used [0x00000000c0000000,0x00000000c01cd808,0x00000000c2b00000)
 Metaspace       used 5934K, capacity 6960K, committed 7040K, reserved 1056768K
  class space    used 593K, capacity 616K, committed 640K, reserved 1048576K
Event: 13.597 GC heap after
Heap after GC invocations=2 (full 0):
 PSYoungGen      total 18944K, used 2544K [0x00000000eab00000, 0x00000000ed000000, 0x0000000100000000)
  eden space 16384K, 0% used [0x00000000eab00000,0x00000000eab00000,0x00000000ebb00000)
  from space 2560K, 99% used [0x00000000ebd80000,0x00000000ebffc020,0x00000000ec000000)
  to   space 2560K, 0% used [0x00000000ebb00000,0x00000000ebb00000,0x00000000ebd80000)
 ParOldGen       total 44032K, used 4069K [0x00000000c0000000, 0x00000000c2b00000, 0x00000000eab00000)
  object space 44032K, 9% used [0x00000000c0000000,0x00000000c03f9648,0x00000000c2b00000)
 Metaspace       used 5934K, capacity 6960K, committed 7040K, reserved 1056768K
  class space    used 593K, capacity 616K, committed 640K, reserved 1048576K
}

Deoptimization events (10 events):
Event: 12.710 Thread 0x0000000016b3f000 Uncommon trap: reason=class_check action=maybe_recompile pc=0x0000000002a7760c method=com.android.dx.rop.type.Type.equals(Ljava/lang/Object;)Z @ 8
Event: 13.260 Thread 0x0000000016b43000 Uncommon trap: reason=bimorphic action=maybe_recompile pc=0x0000000002a1c574 method=java.util.HashMap.getNode(ILjava/lang/Object;)Ljava/util/HashMap$Node; @ 126
Event: 13.260 Thread 0x0000000016b43000 Uncommon trap: reason=class_check action=maybe_recompile pc=0x0000000002bec038 method=java.util.HashMap.putVal(ILjava/lang/Object;Ljava/lang/Object;ZZ)Ljava/lang/Object; @ 203
Event: 13.263 Thread 0x0000000016b43000 Uncommon trap: reason=null_check action=make_not_entrant pc=0x0000000002b8b4a4 method=com.android.dx.rop.type.Type.equals(Ljava/lang/Object;)Z @ 8
Event: 13.290 Thread 0x0000000016a34800 Uncommon trap: reason=bimorphic action=maybe_recompile pc=0x0000000002c478b4 method=com.android.dx.cf.code.BytecodeArray.parseInstruction(ILcom/android/dx/cf/code/BytecodeArray$Visitor;)I @ 1035
Event: 13.290 Thread 0x0000000016a34800 Uncommon trap: reason=bimorphic action=maybe_recompile pc=0x0000000002c4783c method=com.android.dx.cf.code.BytecodeArray.parseInstruction(ILcom/android/dx/cf/code/BytecodeArray$Visitor;)I @ 1051
Event: 13.290 Thread 0x0000000016a34800 Uncommon trap: reason=bimorphic action=maybe_recompile pc=0x0000000002c4783c method=com.android.dx.cf.code.BytecodeArray.parseInstruction(ILcom/android/dx/cf/code/BytecodeArray$Visitor;)I @ 1051
Event: 13.290 Thread 0x0000000016a34800 Uncommon trap: reason=bimorphic action=maybe_recompile pc=0x0000000002c478b4 method=com.android.dx.cf.code.BytecodeArray.parseInstruction(ILcom/android/dx/cf/code/BytecodeArray$Visitor;)I @ 1035
Event: 13.640 Thread 0x0000000016a38000 Uncommon trap: reason=bimorphic action=maybe_recompile pc=0x00000000029eea58 method=java.util.HashMap.getNode(ILjava/lang/Object;)Ljava/util/HashMap$Node; @ 126
Event: 13.640 Thread 0x0000000016a38000 Uncommon trap: reason=class_check action=maybe_recompile pc=0x0000000002bec038 method=java.util.HashMap.putVal(ILjava/lang/Object;Ljava/lang/Object;ZZ)Ljava/lang/Object; @ 203

Internal exceptions (10 events):
Event: 11.552 Thread 0x0000000016b3f000 Exception <a 'java/security/PrivilegedActionException'> (0x00000000eb5d1fc8) thrown at [D:\re\workspace\8-2-build-windows-amd64-cygwin\jdk8u25\1677\hotspot\src\share\vm\prims\jvm.cpp, line 1312]
Event: 11.564 Thread 0x0000000016b3f000 Exception <a 'java/security/PrivilegedActionException'> (0x00000000eb5d75e8) thrown at [D:\re\workspace\8-2-build-windows-amd64-cygwin\jdk8u25\1677\hotspot\src\share\vm\prims\jvm.cpp, line 1312]
Event: 11.564 Thread 0x00000000027be000 Exception <a 'java/security/PrivilegedActionException'> (0x00000000eb4741f0) thrown at [D:\re\workspace\8-2-build-windows-amd64-cygwin\jdk8u25\1677\hotspot\src\share\vm\prims\jvm.cpp, line 1312]
Event: 11.565 Thread 0x0000000016a34800 Exception <a 'java/security/PrivilegedActionException'> (0x00000000eb296d40) thrown at [D:\re\workspace\8-2-build-windows-amd64-cygwin\jdk8u25\1677\hotspot\src\share\vm\prims\jvm.cpp, line 1312]
Event: 11.663 Thread 0x0000000016a38000 Exception <a 'java/security/PrivilegedActionException'> (0x00000000eb7992c8) thrown at [D:\re\workspace\8-2-build-windows-amd64-cygwin\jdk8u25\1677\hotspot\src\share\vm\prims\jvm.cpp, line 1312]
Event: 11.732 Thread 0x0000000016b43000 Exception <a 'java/security/PrivilegedActionException'> (0x00000000eb8133c8) thrown at [D:\re\workspace\8-2-build-windows-amd64-cygwin\jdk8u25\1677\hotspot\src\share\vm\prims\jvm.cpp, line 1312]
Event: 11.733 Thread 0x0000000016b43000 Exception <a 'java/security/PrivilegedActionException'> (0x00000000eb818e38) thrown at [D:\re\workspace\8-2-build-windows-amd64-cygwin\jdk8u25\1677\hotspot\src\share\vm\prims\jvm.cpp, line 1312]
Event: 11.734 Thread 0x0000000016b43000 Exception <a 'java/security/PrivilegedActionException'> (0x00000000eb81e660) thrown at [D:\re\workspace\8-2-build-windows-amd64-cygwin\jdk8u25\1677\hotspot\src\share\vm\prims\jvm.cpp, line 1312]
Event: 11.763 Thread 0x0000000016b3f000 Exception <a 'java/security/PrivilegedActionException'> (0x00000000eb6f0a08) thrown at [D:\re\workspace\8-2-build-windows-amd64-cygwin\jdk8u25\1677\hotspot\src\share\vm\prims\jvm.cpp, line 1312]
Event: 13.263 Thread 0x0000000016b43000 Implicit null exception at 0x0000000002b8b3a2 to 0x0000000002b8b495

Events (10 events):
Event: 13.597 Executing VM operation: ParallelGCFailedAllocation done
Event: 13.640 Thread 0x0000000016a38000 Uncommon trap: trap_request=0xffffffc6 fr.pc=0x00000000029eea58
Event: 13.640 Thread 0x0000000016a38000 DEOPT PACKING pc=0x00000000029eea58 sp=0x0000000016feeac0
Event: 13.640 Thread 0x0000000016a38000 DEOPT UNPACKING pc=0x000000000280556a sp=0x0000000016feea30 mode 2
Event: 13.640 Thread 0x0000000016a38000 Uncommon trap: trap_request=0xffffffde fr.pc=0x0000000002bec038
Event: 13.640 Thread 0x0000000016a38000 DEOPT PACKING pc=0x0000000002bec038 sp=0x0000000016feea90
Event: 13.640 Thread 0x0000000016a38000 DEOPT UNPACKING pc=0x000000000280556a sp=0x0000000016feea08 mode 2
Event: 13.685 Thread 0x0000000016b43000 Thread exited: 0x0000000016b43000
Event: 13.688 Thread 0x0000000016a34800 Thread exited: 0x0000000016a34800
Event: 13.695 Thread 0x0000000016b3f000 Thread exited: 0x0000000016b3f000


Dynamic libraries:
0x00007ff7a4ce0000 - 0x00007ff7a4d14000 	C:\Program Files\Java\jdk1.8.0_25\bin\java.exe
0x00007ff8752c0000 - 0x00007ff875481000 	C:\WINDOWS\SYSTEM32\ntdll.dll
0x00007ff875210000 - 0x00007ff8752bd000 	C:\WINDOWS\system32\KERNEL32.DLL
0x00007ff871bc0000 - 0x00007ff871da8000 	C:\WINDOWS\system32\KERNELBASE.dll
0x00007ff874260000 - 0x00007ff874307000 	C:\WINDOWS\system32\ADVAPI32.dll
0x00007ff875170000 - 0x00007ff87520d000 	C:\WINDOWS\system32\msvcrt.dll
0x00007ff873e30000 - 0x00007ff873e8b000 	C:\WINDOWS\system32\sechost.dll
0x00007ff874450000 - 0x00007ff87456c000 	C:\WINDOWS\system32\RPCRT4.dll
0x00007ff873c20000 - 0x00007ff873d76000 	C:\WINDOWS\system32\USER32.dll
0x00007ff874580000 - 0x00007ff874706000 	C:\WINDOWS\system32\GDI32.dll
0x00007ff86cd80000 - 0x00007ff86cff4000 	C:\WINDOWS\WinSxS\amd64_microsoft.windows.common-controls_6595b64144ccf1df_6.0.10586.494_none_a2d8b04ea53e3145\COMCTL32.dll
0x00007ff873f00000 - 0x00007ff87417d000 	C:\WINDOWS\system32\combase.dll
0x00007ff871b50000 - 0x00007ff871bba000 	C:\WINDOWS\system32\bcryptPrimitives.dll
0x00007ff8750b0000 - 0x00007ff8750eb000 	C:\WINDOWS\system32\IMM32.DLL
0x00000000576d0000 - 0x00000000577a2000 	C:\Program Files\Java\jdk1.8.0_25\jre\bin\msvcr100.dll
0x0000000057b90000 - 0x00000000583ea000 	C:\Program Files\Java\jdk1.8.0_25\jre\bin\server\jvm.dll
0x00007ff874250000 - 0x00007ff874258000 	C:\WINDOWS\system32\PSAPI.DLL
0x00007ff85fa40000 - 0x00007ff85fa49000 	C:\WINDOWS\SYSTEM32\WSOCK32.dll
0x00007ff874380000 - 0x00007ff8743eb000 	C:\WINDOWS\system32\WS2_32.dll
0x00007ff86fe60000 - 0x00007ff86fe83000 	C:\WINDOWS\SYSTEM32\WINMM.dll
0x00007ff86fe00000 - 0x00007ff86fe2c000 	C:\WINDOWS\SYSTEM32\WINMMBASE.dll
0x00007ff871b00000 - 0x00007ff871b43000 	C:\WINDOWS\system32\cfgmgr32.dll
0x0000000057b80000 - 0x0000000057b8f000 	C:\Program Files\Java\jdk1.8.0_25\jre\bin\verify.dll
0x0000000057b50000 - 0x0000000057b78000 	C:\Program Files\Java\jdk1.8.0_25\jre\bin\java.dll
0x0000000057b30000 - 0x0000000057b46000 	C:\Program Files\Java\jdk1.8.0_25\jre\bin\zip.dll
0x00007ff8726c0000 - 0x00007ff873c1c000 	C:\WINDOWS\system32\SHELL32.dll
0x00007ff872070000 - 0x00007ff8726b5000 	C:\WINDOWS\system32\windows.storage.dll
0x00007ff8743f0000 - 0x00007ff874442000 	C:\WINDOWS\system32\shlwapi.dll
0x00007ff871910000 - 0x00007ff87191f000 	C:\WINDOWS\system32\kernel.appcore.dll
0x00007ff871970000 - 0x00007ff871a25000 	C:\WINDOWS\system32\shcore.dll
0x00007ff871920000 - 0x00007ff87196b000 	C:\WINDOWS\system32\powrprof.dll
0x00007ff8718f0000 - 0x00007ff871904000 	C:\WINDOWS\system32\profapi.dll
0x00007ff85cae0000 - 0x00007ff85cc6c000 	C:\WINDOWS\SYSTEM32\dbghelp.dll

VM Arguments:
jvm_args: -Djava.awt.headless=true -Xmx1024M -Dfile.encoding=windows-1252 -Duser.country=FR -Duser.language=fr -Duser.variant 
java_command: com.android.dx.command.Main --dex --num-threads=4 --output C:\Users\Famille\AndroidStudioProjects\Niviel\app\build\intermediates\pre-dexed\debug\com.android.support-support-vector-drawable-24.1.0_376ae08c4541af88fa4032a3524f2f87f3cf7cae.jar C:\Users\Famille\AndroidStudioProjects\Niviel\app\build\intermediates\exploded-aar\com.android.support\support-vector-drawable\24.1.0\jars\classes.jar
java_class_path (initial): C:\Users\Famille\AppData\Local\Android\sdk\build-tools\23.0.2\lib\dx.jar
Launcher Type: SUN_STANDARD

Environment Variables:
JAVA_HOME=C:\Program Files\Java\jdk1.8.0_25
PATH=C:\Program Files\Broadcom\Broadcom 802.11 Network Adapter;;C:\Program Files\Broadcom\Broadcom 802.11;C:\ProgramData\Oracle\Java\javapath;C:\Program Files (x86)\Intel\iCLS Client\;C:\Program Files\Intel\iCLS Client\;C:\Windows\system32;C:\Windows;C:\Windows\System32\Wbem;C:\Windows\System32\WindowsPowerShell\v1.0\;C:\Program Files\Hewlett-Packard\SimplePass\;C:\wamp\bin\php\php5.5.12;C:\Python27;C:\Users\Famille\AppData\Roaming\npm\;C:\Program Files\nodejs\;C:\Program Files\Git\cmd;C:\Program Files (x86)\Brackets\command;C:\Program Files (x86)\Ant\bin;C:\Program Files (x86)\Maven\bin;C:\Program Files (x86)\Intel\Intel(R) Management Engine Components\DAL;C:\Program Files\Intel\Intel(R) Management Engine Components\DAL;C:\Program Files (x86)\Intel\Intel(R) Management Engine Components\IPT;C:\Program Files\Intel\Intel(R) Management Engine Components\IPT;C:\Users\Famille\AppData\Local\atom\bin;C:\Users\Famille\AppData\Roaming\npm
USERNAME=de Lachaux
OS=Windows_NT
PROCESSOR_IDENTIFIER=Intel64 Family 6 Model 69 Stepping 1, GenuineIntel



---------------  S Y S T E M  ---------------

OS: Windows 8.1 , 64 bit Build 9600 

CPU:total 4 (2 cores per cpu, 2 threads per core) family 6 model 69 stepping 1, cmov, cx8, fxsr, mmx, sse, sse2, sse3, ssse3, sse4.1, sse4.2, popcnt, avx, avx2, aes, clmul, erms, lzcnt, ht, tsc, tscinvbit, bmi1, bmi2

Memory: 4k page, physical 4122776k(277120k free), swap 5555352k(149152k free)

vm_info: Java HotSpot(TM) 64-Bit Server VM (25.25-b02) for windows-amd64 JRE (1.8.0_25-b18), built on Oct  7 2014 14:25:37 by "java_re" with MS VC++ 10.0 (VS2010)

time: Tue Jul 19 11:59:53 2016
elapsed time: 14 seconds (0d 0h 0m 14s)

