#
# There is insufficient memory for the Java Runtime Environment to continue.
# Native memory allocation (malloc) failed to allocate 32744 bytes for ChunkPool::allocate
# Possible reasons:
#   The system is out of physical RAM or swap space
#   In 32 bit mode, the process size limit was hit
# Possible solutions:
#   Reduce memory load on the system
#   Increase physical memory or swap space
#   Check if swap backing store is full
#   Use 64 bit Java on a 64 bit OS
#   Decrease Java heap size (-Xmx/-Xms)
#   Decrease number of Java threads
#   Decrease Java thread stack sizes (-Xss)
#   Set larger code cache with -XX:ReservedCodeCacheSize=
# This output file may be truncated or incomplete.
#
#  Out of Memory Error (allocation.cpp:273), pid=18152, tid=13836
#
# JRE version: Java(TM) SE Runtime Environment (8.0_25-b18) (build 1.8.0_25-b18)
# Java VM: Java HotSpot(TM) 64-Bit Server VM (25.25-b02 mixed mode windows-amd64 compressed oops)
# Failed to write core dump. Minidumps are not enabled by default on client versions of Windows
#

---------------  T H R E A D  ---------------

Current thread (0x0000000014ca2800):  JavaThread "C2 CompilerThread1" daemon [_thread_in_native, id=13836, stack(0x00000000162c0000,0x00000000163c0000)]

Stack: [0x00000000162c0000,0x00000000163c0000]
Native frames: (J=compiled Java code, j=interpreted, Vv=VM code, C=native code)
V  [jvm.dll+0x31667a]
V  [jvm.dll+0x267073]
V  [jvm.dll+0x267cb3]
V  [jvm.dll+0x25f5b5]
V  [jvm.dll+0xbeec1]
V  [jvm.dll+0xbf60c]
V  [jvm.dll+0x4cef00]
V  [jvm.dll+0x4cfb1e]
V  [jvm.dll+0x4be006]
V  [jvm.dll+0x4bcb8f]
V  [jvm.dll+0x4be024]
V  [jvm.dll+0x4bcb8f]
V  [jvm.dll+0x4be024]
V  [jvm.dll+0x4bf4e3]
V  [jvm.dll+0x4c08b4]
V  [jvm.dll+0x4c131f]
V  [jvm.dll+0x451121]
V  [jvm.dll+0x4538f8]
V  [jvm.dll+0x437372]
V  [jvm.dll+0x98a02]
V  [jvm.dll+0x991f3]
V  [jvm.dll+0x22bde4]
V  [jvm.dll+0x2852fa]
C  [msvcr100.dll+0x21d9f]
C  [msvcr100.dll+0x21e3b]
C  [KERNEL32.DLL+0x18102]
C  [ntdll.dll+0x5c5b4]


Current CompileTask:
C2:  23996 2313       4       com.android.dx.ssa.SsaMethod::buildUseList (112 bytes)


---------------  P R O C E S S  ---------------

Java Threads: ( => current thread )
  0x0000000016a71800 JavaThread "pool-2-thread-4" [_thread_blocked, id=18332, stack(0x00000000176c0000,0x00000000177c0000)]
  0x0000000016a70000 JavaThread "pool-2-thread-3" [_thread_blocked, id=16636, stack(0x00000000175c0000,0x00000000176c0000)]
  0x0000000016af7800 JavaThread "pool-2-thread-2" [_thread_blocked, id=12396, stack(0x00000000174c0000,0x00000000175c0000)]
  0x00000000169ae800 JavaThread "pool-3-thread-1" [_thread_blocked, id=14916, stack(0x00000000173c0000,0x00000000174c0000)]
  0x00000000169ad800 JavaThread "pool-2-thread-1" [_thread_blocked, id=18380, stack(0x00000000172c0000,0x00000000173c0000)]
  0x0000000014cab000 JavaThread "Service Thread" daemon [_thread_blocked, id=16336, stack(0x00000000164c0000,0x00000000165c0000)]
  0x0000000014ca3000 JavaThread "C1 CompilerThread2" daemon [_thread_in_native, id=13652, stack(0x00000000163c0000,0x00000000164c0000)]
=>0x0000000014ca2800 JavaThread "C2 CompilerThread1" daemon [_thread_in_native, id=13836, stack(0x00000000162c0000,0x00000000163c0000)]
  0x0000000014c4c000 JavaThread "C2 CompilerThread0" daemon [_thread_in_native, id=14140, stack(0x00000000161c0000,0x00000000162c0000)]
  0x0000000014c4a800 JavaThread "Attach Listener" daemon [_thread_blocked, id=14356, stack(0x00000000160c0000,0x00000000161c0000)]
  0x0000000014c49800 JavaThread "Signal Dispatcher" daemon [_thread_blocked, id=18424, stack(0x0000000015fc0000,0x00000000160c0000)]
  0x0000000002570800 JavaThread "Finalizer" daemon [_thread_blocked, id=18136, stack(0x0000000015ec0000,0x0000000015fc0000)]
  0x000000000256d000 JavaThread "Reference Handler" daemon [_thread_blocked, id=18124, stack(0x0000000015dc0000,0x0000000015ec0000)]
  0x000000000247e000 JavaThread "main" [_thread_in_vm, id=17900, stack(0x0000000002310000,0x0000000002410000)]

Other Threads:
  0x0000000014c16800 VMThread [stack: 0x0000000015cc0000,0x0000000015dc0000] [id=18112]
  0x0000000014cad800 WatcherThread [stack: 0x00000000165c0000,0x00000000166c0000] [id=17440]

VM state:synchronizing (normal execution)

VM Mutex/Monitor currently owned by a thread:  ([mutex/lock_event])
[0x000000000247cea0] Threads_lock - owner thread: 0x0000000014c16800

Heap:
 PSYoungGen      total 146944K, used 103733K [0x00000000eab00000, 0x00000000fe100000, 0x0000000100000000)
  eden space 128512K, 72% used [0x00000000eab00000,0x00000000f0656d68,0x00000000f2880000)
  from space 18432K, 55% used [0x00000000f2880000,0x00000000f32767d8,0x00000000f3a80000)
  to   space 30208K, 0% used [0x00000000fc380000,0x00000000fc380000,0x00000000fe100000)
 ParOldGen       total 44032K, used 43676K [0x00000000c0000000, 0x00000000c2b00000, 0x00000000eab00000)
  object space 44032K, 99% used [0x00000000c0000000,0x00000000c2aa7028,0x00000000c2b00000)
 Metaspace       used 6472K, capacity 7256K, committed 7424K, reserved 1056768K
  class space    used 613K, capacity 656K, committed 768K, reserved 1048576K

Card table byte_map: [0x0000000011940000,0x0000000011b50000] byte_map_base: 0x0000000011340000

Marking Bits: (ParMarkBitMap*) 0x0000000057e2d490
 Begin Bits: [0x00000000120b0000, 0x00000000130b0000)
 End Bits:   [0x00000000130b0000, 0x00000000140b0000)

Polling page: 0x0000000000a50000

CodeCache: size=245760Kb used=9535Kb max_used=10946Kb free=236224Kb
 bounds [0x0000000002580000, 0x0000000003050000, 0x0000000011580000]
 total_blobs=2208 nmethods=1943 adapters=178
 compilation: enabled

Compilation events (10 events):
Event: 19.805 Thread 0x0000000014ca2800 nmethod 2306 0x000000000287b910 code [0x000000000287bb60, 0x000000000287d2f8]
Event: 22.045 Thread 0x0000000014ca3000 2310       1       java.lang.ref.Reference::access$100 (4 bytes)
Event: 22.046 Thread 0x0000000014ca3000 nmethod 2310 0x00000000027c9c10 code [0x00000000027c9d60, 0x00000000027c9e50]
Event: 22.046 Thread 0x0000000014ca3000 2311       1       java.lang.ref.Finalizer::access$000 (4 bytes)
Event: 22.046 Thread 0x0000000014ca3000 nmethod 2311 0x00000000028e2b50 code [0x00000000028e2ca0, 0x00000000028e2d90]
Event: 22.060 Thread 0x0000000014ca2800 2312 %     4       com.android.dx.ssa.SsaMethod::buildUseList @ 30 (112 bytes)
Event: 22.072 Thread 0x0000000014ca2800 nmethod 2312% 0x000000000296b550 code [0x000000000296b700, 0x000000000296bcc8]
Event: 22.072 Thread 0x0000000014ca2800 2313       4       com.android.dx.ssa.SsaMethod::buildUseList (112 bytes)
Event: 22.083 Thread 0x0000000014ca3000 2315       3       com.android.dx.rop.code.Rops::opIfGe (13 bytes)
Event: 22.083 Thread 0x0000000014ca3000 nmethod 2315 0x0000000002733d90 code [0x0000000002733f00, 0x0000000002734088]

GC Heap History (10 events):
Event: 12.479 GC heap before
{Heap before GC invocations=4 (full 0):
 PSYoungGen      total 35328K, used 35320K [0x00000000eab00000, 0x00000000ef000000, 0x0000000100000000)
  eden space 32768K, 100% used [0x00000000eab00000,0x00000000ecb00000,0x00000000ecb00000)
  from space 2560K, 99% used [0x00000000ecb00000,0x00000000ecd7e2d0,0x00000000ecd80000)
  to   space 2560K, 0% used [0x00000000eed80000,0x00000000eed80000,0x00000000ef000000)
 ParOldGen       total 44032K, used 7264K [0x00000000c0000000, 0x00000000c2b00000, 0x00000000eab00000)
  object space 44032K, 16% used [0x00000000c0000000,0x00000000c0718108,0x00000000c2b00000)
 Metaspace       used 6202K, capacity 7088K, committed 7296K, reserved 1056768K
  class space    used 593K, capacity 616K, committed 640K, reserved 1048576K
Event: 13.359 GC heap after
Heap after GC invocations=4 (full 0):
 PSYoungGen      total 68096K, used 2536K [0x00000000eab00000, 0x00000000ef000000, 0x0000000100000000)
  eden space 65536K, 0% used [0x00000000eab00000,0x00000000eab00000,0x00000000eeb00000)
  from space 2560K, 99% used [0x00000000eed80000,0x00000000eeffa2a8,0x00000000ef000000)
  to   space 2560K, 0% used [0x00000000eeb00000,0x00000000eeb00000,0x00000000eed80000)
 ParOldGen       total 44032K, used 12879K [0x00000000c0000000, 0x00000000c2b00000, 0x00000000eab00000)
  object space 44032K, 29% used [0x00000000c0000000,0x00000000c0c93f18,0x00000000c2b00000)
 Metaspace       used 6202K, capacity 7088K, committed 7296K, reserved 1056768K
  class space    used 593K, capacity 616K, committed 640K, reserved 1048576K
}
Event: 14.936 GC heap before
{Heap before GC invocations=5 (full 0):
 PSYoungGen      total 68096K, used 68072K [0x00000000eab00000, 0x00000000ef000000, 0x0000000100000000)
  eden space 65536K, 100% used [0x00000000eab00000,0x00000000eeb00000,0x00000000eeb00000)
  from space 2560K, 99% used [0x00000000eed80000,0x00000000eeffa2a8,0x00000000ef000000)
  to   space 2560K, 0% used [0x00000000eeb00000,0x00000000eeb00000,0x00000000eed80000)
 ParOldGen       total 44032K, used 12879K [0x00000000c0000000, 0x00000000c2b00000, 0x00000000eab00000)
  object space 44032K, 29% used [0x00000000c0000000,0x00000000c0c93f18,0x00000000c2b00000)
 Metaspace       used 6251K, capacity 7152K, committed 7296K, reserved 1056768K
  class space    used 593K, capacity 616K, committed 640K, reserved 1048576K
Event: 15.016 GC heap after
Heap after GC invocations=5 (full 0):
 PSYoungGen      total 68096K, used 2536K [0x00000000eab00000, 0x00000000f4a00000, 0x0000000100000000)
  eden space 65536K, 0% used [0x00000000eab00000,0x00000000eab00000,0x00000000eeb00000)
  from space 2560K, 99% used [0x00000000eeb00000,0x00000000eed7a2a8,0x00000000eed80000)
  to   space 15872K, 0% used [0x00000000f3a80000,0x00000000f3a80000,0x00000000f4a00000)
 ParOldGen       total 44032K, used 23844K [0x00000000c0000000, 0x00000000c2b00000, 0x00000000eab00000)
  object space 44032K, 54% used [0x00000000c0000000,0x00000000c1749218,0x00000000c2b00000)
 Metaspace       used 6251K, capacity 7152K, committed 7296K, reserved 1056768K
  class space    used 593K, capacity 616K, committed 640K, reserved 1048576K
}
Event: 17.792 GC heap before
{Heap before GC invocations=6 (full 0):
 PSYoungGen      total 68096K, used 68072K [0x00000000eab00000, 0x00000000f4a00000, 0x0000000100000000)
  eden space 65536K, 100% used [0x00000000eab00000,0x00000000eeb00000,0x00000000eeb00000)
  from space 2560K, 99% used [0x00000000eeb00000,0x00000000eed7a2a8,0x00000000eed80000)
  to   space 15872K, 0% used [0x00000000f3a80000,0x00000000f3a80000,0x00000000f4a00000)
 ParOldGen       total 44032K, used 23844K [0x00000000c0000000, 0x00000000c2b00000, 0x00000000eab00000)
  object space 44032K, 54% used [0x00000000c0000000,0x00000000c1749218,0x00000000c2b00000)
 Metaspace       used 6334K, capacity 7216K, committed 7296K, reserved 1056768K
  class space    used 593K, capacity 616K, committed 640K, reserved 1048576K
Event: 17.994 GC heap after
Heap after GC invocations=6 (full 0):
 PSYoungGen      total 144384K, used 13834K [0x00000000eab00000, 0x00000000f4f00000, 0x0000000100000000)
  eden space 128512K, 0% used [0x00000000eab00000,0x00000000eab00000,0x00000000f2880000)
  from space 15872K, 87% used [0x00000000f3a80000,0x00000000f4802970,0x00000000f4a00000)
  to   space 18432K, 0% used [0x00000000f2880000,0x00000000f2880000,0x00000000f3a80000)
 ParOldGen       total 44032K, used 23844K [0x00000000c0000000, 0x00000000c2b00000, 0x00000000eab00000)
  object space 44032K, 54% used [0x00000000c0000000,0x00000000c1749218,0x00000000c2b00000)
 Metaspace       used 6334K, capacity 7216K, committed 7296K, reserved 1056768K
  class space    used 593K, capacity 616K, committed 640K, reserved 1048576K
}
Event: 19.865 GC heap before
{Heap before GC invocations=7 (full 0):
 PSYoungGen      total 144384K, used 142346K [0x00000000eab00000, 0x00000000f4f00000, 0x0000000100000000)
  eden space 128512K, 100% used [0x00000000eab00000,0x00000000f2880000,0x00000000f2880000)
  from space 15872K, 87% used [0x00000000f3a80000,0x00000000f4802970,0x00000000f4a00000)
  to   space 18432K, 0% used [0x00000000f2880000,0x00000000f2880000,0x00000000f3a80000)
 ParOldGen       total 44032K, used 23844K [0x00000000c0000000, 0x00000000c2b00000, 0x00000000eab00000)
  object space 44032K, 54% used [0x00000000c0000000,0x00000000c1749218,0x00000000c2b00000)
 Metaspace       used 6472K, capacity 7256K, committed 7424K, reserved 1056768K
  class space    used 613K, capacity 656K, committed 768K, reserved 1048576K
Event: 20.006 GC heap after
Heap after GC invocations=7 (full 0):
 PSYoungGen      total 146944K, used 18422K [0x00000000eab00000, 0x00000000fe100000, 0x0000000100000000)
  eden space 128512K, 0% used [0x00000000eab00000,0x00000000eab00000,0x00000000f2880000)
  from space 18432K, 99% used [0x00000000f2880000,0x00000000f3a7dbd8,0x00000000f3a80000)
  to   space 30208K, 0% used [0x00000000fc380000,0x00000000fc380000,0x00000000fe100000)
 ParOldGen       total 44032K, used 39837K [0x00000000c0000000, 0x00000000c2b00000, 0x00000000eab00000)
  object space 44032K, 90% used [0x00000000c0000000,0x00000000c26e7530,0x00000000c2b00000)
 Metaspace       used 6472K, capacity 7256K, committed 7424K, reserved 1056768K
  class space    used 613K, capacity 656K, committed 768K, reserved 1048576K
}
Event: 20.006 GC heap before
{Heap before GC invocations=8 (full 1):
 PSYoungGen      total 146944K, used 18422K [0x00000000eab00000, 0x00000000fe100000, 0x0000000100000000)
  eden space 128512K, 0% used [0x00000000eab00000,0x00000000eab00000,0x00000000f2880000)
  from space 18432K, 99% used [0x00000000f2880000,0x00000000f3a7dbd8,0x00000000f3a80000)
  to   space 30208K, 0% used [0x00000000fc380000,0x00000000fc380000,0x00000000fe100000)
 ParOldGen       total 44032K, used 39837K [0x00000000c0000000, 0x00000000c2b00000, 0x00000000eab00000)
  object space 44032K, 90% used [0x00000000c0000000,0x00000000c26e7530,0x00000000c2b00000)
 Metaspace       used 6472K, capacity 7256K, committed 7424K, reserved 1056768K
  class space    used 613K, capacity 656K, committed 768K, reserved 1048576K
Event: 22.045 GC heap after
Heap after GC invocations=8 (full 1):
 PSYoungGen      total 146944K, used 10201K [0x00000000eab00000, 0x00000000fe100000, 0x0000000100000000)
  eden space 128512K, 0% used [0x00000000eab00000,0x00000000eab00000,0x00000000f2880000)
  from space 18432K, 55% used [0x00000000f2880000,0x00000000f32767d8,0x00000000f3a80000)
  to   space 30208K, 0% used [0x00000000fc380000,0x00000000fc380000,0x00000000fe100000)
 ParOldGen       total 44032K, used 43676K [0x00000000c0000000, 0x00000000c2b00000, 0x00000000eab00000)
  object space 44032K, 99% used [0x00000000c0000000,0x00000000c2aa7028,0x00000000c2b00000)
 Metaspace       used 6472K, capacity 7256K, committed 7424K, reserved 1056768K
  class space    used 613K, capacity 656K, committed 768K, reserved 1048576K
}

Deoptimization events (10 events):
Event: 19.043 Thread 0x0000000016af7800 Uncommon trap: reason=unreached action=reinterpret pc=0x0000000002afbfcc method=com.android.dx.ssa.MoveParamCombiner$1.visitNonMoveInsn(Lcom/android/dx/ssa/NormalSsaInsn;)V @ 27
Event: 19.285 Thread 0x0000000016a70000 Uncommon trap: reason=bimorphic action=maybe_recompile pc=0x0000000002f4d8f0 method=com.android.dx.cf.code.RopperMachine.run(Lcom/android/dx/cf/code/Frame;II)V @ 988
Event: 19.285 Thread 0x0000000016a70000 Uncommon trap: reason=bimorphic action=maybe_recompile pc=0x0000000002f4d8f0 method=com.android.dx.cf.code.RopperMachine.run(Lcom/android/dx/cf/code/Frame;II)V @ 988
Event: 19.285 Thread 0x0000000016a70000 Uncommon trap: reason=bimorphic action=maybe_recompile pc=0x0000000002f4d8f0 method=com.android.dx.cf.code.RopperMachine.run(Lcom/android/dx/cf/code/Frame;II)V @ 988
Event: 19.296 Thread 0x00000000169ad800 Uncommon trap: reason=bimorphic action=maybe_recompile pc=0x00000000028c6da8 method=com.android.dx.cf.code.BytecodeArray.parseInstruction(ILcom/android/dx/cf/code/BytecodeArray$Visitor;)I @ 1357
Event: 19.297 Thread 0x00000000169ad800 Uncommon trap: reason=bimorphic action=maybe_recompile pc=0x00000000028c6da8 method=com.android.dx.cf.code.BytecodeArray.parseInstruction(ILcom/android/dx/cf/code/BytecodeArray$Visitor;)I @ 1357
Event: 19.314 Thread 0x00000000169ad800 Uncommon trap: reason=bimorphic action=maybe_recompile pc=0x0000000002b073fc method=com.android.dx.ssa.LiteralOpUpgrader.tryReplacingWithConstant(Lcom/android/dx/ssa/NormalSsaInsn;)Z @ 62
Event: 19.318 Thread 0x00000000169ad800 Uncommon trap: reason=bimorphic action=maybe_recompile pc=0x0000000002b073fc method=com.android.dx.ssa.LiteralOpUpgrader.tryReplacingWithConstant(Lcom/android/dx/ssa/NormalSsaInsn;)Z @ 62
Event: 19.454 Thread 0x00000000169ad800 Uncommon trap: reason=unreached action=reinterpret pc=0x0000000002ea6b00 method=com.android.dx.ssa.back.SsaToRop.convertBasicBlocks()Lcom/android/dx/rop/code/BasicBlockList; @ 33
Event: 19.454 Thread 0x00000000169ad800 Uncommon trap: reason=unreached action=reinterpret pc=0x0000000002bf3f88 method=com.android.dx.ssa.back.SsaToRop.convertBasicBlock(Lcom/android/dx/ssa/SsaBasicBlock;)Lcom/android/dx/rop/code/BasicBlock; @ 21

Internal exceptions (10 events):
Event: 7.271 Thread 0x0000000016af7800 Exception <a 'java/security/PrivilegedActionException'> (0x00000000eb3244a0) thrown at [D:\re\workspace\8-2-build-windows-amd64-cygwin\jdk8u25\1677\hotspot\src\share\vm\prims\jvm.cpp, line 1312]
Event: 10.011 Thread 0x0000000016a70000 Implicit null exception at 0x0000000002c3e6cc to 0x0000000002c40e81
Event: 11.385 Thread 0x0000000016af7800 Exception <a 'java/security/PrivilegedActionException'> (0x00000000ec36af30) thrown at [D:\re\workspace\8-2-build-windows-amd64-cygwin\jdk8u25\1677\hotspot\src\share\vm\prims\jvm.cpp, line 1312]
Event: 12.018 Thread 0x00000000169ad800 Exception <a 'java/security/PrivilegedActionException'> (0x00000000ec662948) thrown at [D:\re\workspace\8-2-build-windows-amd64-cygwin\jdk8u25\1677\hotspot\src\share\vm\prims\jvm.cpp, line 1312]
Event: 16.605 Thread 0x000000000247e000 Exception <a 'java/security/PrivilegedActionException'> (0x00000000ebc7bfb0) thrown at [D:\re\workspace\8-2-build-windows-amd64-cygwin\jdk8u25\1677\hotspot\src\share\vm\prims\jvm.cpp, line 1312]
Event: 18.070 Thread 0x0000000016af7800 Implicit null exception at 0x0000000002a42038 to 0x0000000002a42325
Event: 18.767 Thread 0x00000000169ad800 Exception <a 'java/lang/ArrayIndexOutOfBoundsException': 18> (0x00000000ed72cb18) thrown at [D:\re\workspace\8-2-build-windows-amd64-cygwin\jdk8u25\1677\hotspot\src\share\vm\interpreter\interpreterRuntime.cpp, line 366]
Event: 18.768 Thread 0x00000000169ad800 Exception <a 'java/lang/ArrayIndexOutOfBoundsException'> (0x00000000ed72e5b0) thrown at [D:\re\workspace\8-2-build-windows-amd64-cygwin\jdk8u25\1677\hotspot\src\share\vm\runtime\sharedRuntime.cpp, line 604]
Event: 18.769 Thread 0x00000000169ad800 Exception <a 'java/lang/ArrayIndexOutOfBoundsException'> (0x00000000ed72f7c8) thrown at [D:\re\workspace\8-2-build-windows-amd64-cygwin\jdk8u25\1677\hotspot\src\share\vm\runtime\sharedRuntime.cpp, line 604]
Event: 19.454 Thread 0x00000000169ad800 Implicit null exception at 0x0000000002ea5bbd to 0x0000000002ea6af1

Events (10 events):
Event: 19.454 Thread 0x00000000169ad800 Uncommon trap: trap_request=0xffffffad fr.pc=0x0000000002ea6b00
Event: 19.454 Thread 0x00000000169ad800 DEOPT PACKING pc=0x0000000002ea6b00 sp=0x00000000173be750
Event: 19.454 Thread 0x00000000169ad800 DEOPT UNPACKING pc=0x00000000025c556a sp=0x00000000173be730 mode 2
Event: 19.454 Thread 0x00000000169ad800 Uncommon trap: trap_request=0xffffffad fr.pc=0x0000000002bf3f88
Event: 19.454 Thread 0x00000000169ad800 DEOPT PACKING pc=0x0000000002bf3f88 sp=0x00000000173be6a0
Event: 19.454 Thread 0x00000000169ad800 DEOPT UNPACKING pc=0x00000000025c556a sp=0x00000000173be690 mode 2
Event: 19.809 Executing VM operation: ParallelGCFailedAllocation
Event: 22.045 Executing VM operation: ParallelGCFailedAllocation done
Event: 22.080 Thread 0x0000000016af7800 DEOPT PACKING pc=0x00000000029f900e sp=0x00000000175be720
Event: 22.080 Thread 0x0000000016af7800 DEOPT UNPACKING pc=0x00000000025c75bf sp=0x00000000175be500 mode 0


Dynamic libraries:
0x00007ff62aac0000 - 0x00007ff62aaf4000 	C:\Program Files\Java\jdk1.8.0_25\bin\java.exe
0x00007ffa827f0000 - 0x00007ffa829b1000 	C:\WINDOWS\SYSTEM32\ntdll.dll
0x00007ffa82340000 - 0x00007ffa823ed000 	C:\WINDOWS\system32\KERNEL32.DLL
0x00007ffa7eea0000 - 0x00007ffa7f088000 	C:\WINDOWS\system32\KERNELBASE.dll
0x00007ffa820c0000 - 0x00007ffa82167000 	C:\WINDOWS\system32\ADVAPI32.dll
0x00007ffa82020000 - 0x00007ffa820bd000 	C:\WINDOWS\system32\msvcrt.dll
0x00007ffa81c30000 - 0x00007ffa81c8b000 	C:\WINDOWS\system32\sechost.dll
0x00007ffa81c90000 - 0x00007ffa81dac000 	C:\WINDOWS\system32\RPCRT4.dll
0x00007ffa81db0000 - 0x00007ffa81f06000 	C:\WINDOWS\system32\USER32.dll
0x00007ffa82580000 - 0x00007ffa82706000 	C:\WINDOWS\system32\GDI32.dll
0x00007ffa79220000 - 0x00007ffa79494000 	C:\WINDOWS\WinSxS\amd64_microsoft.windows.common-controls_6595b64144ccf1df_6.0.10586.0_none_8c15ae12515e1c22\COMCTL32.dll
0x00007ffa813c0000 - 0x00007ffa8163d000 	C:\WINDOWS\system32\combase.dll
0x00007ffa7f090000 - 0x00007ffa7f0fa000 	C:\WINDOWS\system32\bcryptPrimitives.dll
0x00007ffa82710000 - 0x00007ffa8274b000 	C:\WINDOWS\system32\IMM32.DLL
0x0000000057190000 - 0x0000000057262000 	C:\Program Files\Java\jdk1.8.0_25\jre\bin\msvcr100.dll
0x0000000057650000 - 0x0000000057eaa000 	C:\Program Files\Java\jdk1.8.0_25\jre\bin\server\jvm.dll
0x00007ffa81640000 - 0x00007ffa81648000 	C:\WINDOWS\system32\PSAPI.DLL
0x00007ffa6e5f0000 - 0x00007ffa6e5f9000 	C:\WINDOWS\SYSTEM32\WSOCK32.dll
0x00007ffa82750000 - 0x00007ffa827bb000 	C:\WINDOWS\system32\WS2_32.dll
0x00007ffa7cc00000 - 0x00007ffa7cc23000 	C:\WINDOWS\SYSTEM32\WINMM.dll
0x00007ffa7cab0000 - 0x00007ffa7cadc000 	C:\WINDOWS\SYSTEM32\WINMMBASE.dll
0x00007ffa7f2d0000 - 0x00007ffa7f313000 	C:\WINDOWS\system32\cfgmgr32.dll
0x0000000057640000 - 0x000000005764f000 	C:\Program Files\Java\jdk1.8.0_25\jre\bin\verify.dll
0x0000000057610000 - 0x0000000057638000 	C:\Program Files\Java\jdk1.8.0_25\jre\bin\java.dll
0x00000000575f0000 - 0x0000000057606000 	C:\Program Files\Java\jdk1.8.0_25\jre\bin\zip.dll
0x00007ffa7fdb0000 - 0x00007ffa8130c000 	C:\WINDOWS\system32\SHELL32.dll
0x00007ffa7f5a0000 - 0x00007ffa7fbe4000 	C:\WINDOWS\system32\windows.storage.dll
0x00007ffa82520000 - 0x00007ffa82572000 	C:\WINDOWS\system32\shlwapi.dll
0x00007ffa7ee80000 - 0x00007ffa7ee8f000 	C:\WINDOWS\system32\kernel.appcore.dll
0x00007ffa7f3a0000 - 0x00007ffa7f455000 	C:\WINDOWS\system32\shcore.dll
0x00007ffa7ee10000 - 0x00007ffa7ee5b000 	C:\WINDOWS\system32\powrprof.dll
0x00007ffa7ee60000 - 0x00007ffa7ee74000 	C:\WINDOWS\system32\profapi.dll
0x00007ffa6af10000 - 0x00007ffa6b09c000 	C:\WINDOWS\SYSTEM32\dbghelp.dll

VM Arguments:
jvm_args: -Djava.awt.headless=true -Xmx1024M -Dfile.encoding=windows-1252 -Duser.country=FR -Duser.language=fr -Duser.variant 
java_command: com.android.dx.command.Main --dex --force-jumbo --num-threads=4 --multi-dex --output C:\Users\Famille\AndroidStudioProjects\Niviel\app\build\intermediates\transforms\dex\debug\folders\1000\10\com.android.support-support-v4-24.0.0_56c594c056d7d0e1bbdfe7ac0bccb7015f28172f C:\Users\Famille\AndroidStudioProjects\Niviel\app\build\intermediates\exploded-aar\com.android.support\support-v4\24.0.0\jars\classes.jar
java_class_path (initial): C:\Users\Famille\AppData\Local\Android\sdk\build-tools\23.0.2\lib\dx.jar
Launcher Type: SUN_STANDARD

Environment Variables:
JAVA_HOME=C:\Program Files\Java\jdk1.8.0_25
PATH=C:\Program Files\Broadcom\Broadcom 802.11 Network Adapter;;C:\Program Files\Broadcom\Broadcom 802.11;C:\ProgramData\Oracle\Java\javapath;C:\Program Files (x86)\Intel\iCLS Client\;C:\Program Files\Intel\iCLS Client\;C:\Windows\system32;C:\Windows;C:\Windows\System32\Wbem;C:\Windows\System32\WindowsPowerShell\v1.0\;C:\Program Files\Hewlett-Packard\SimplePass\;C:\wamp\bin\php\php5.5.12;C:\Python27;C:\Users\Famille\AppData\Roaming\npm\;C:\Program Files\nodejs\;C:\Program Files\Git\cmd;C:\Program Files (x86)\Brackets\command;C:\Program Files (x86)\Ant\bin;C:\Program Files (x86)\Maven\bin;C:\Program Files (x86)\Intel\Intel(R) Management Engine Components\DAL;C:\Program Files\Intel\Intel(R) Management Engine Components\DAL;C:\Program Files (x86)\Intel\Intel(R) Management Engine Components\IPT;C:\Program Files\Intel\Intel(R) Management Engine Components\IPT;C:\Users\Famille\AppData\Local\atom\bin;C:\Users\Famille\AppData\Roaming\npm
USERNAME=de Lachaux
OS=Windows_NT
PROCESSOR_IDENTIFIER=Intel64 Family 6 Model 69 Stepping 1, GenuineIntel



---------------  S Y S T E M  ---------------

OS: Windows 8.1 , 64 bit Build 9600 

CPU:total 4 (2 cores per cpu, 2 threads per core) family 6 model 69 stepping 1, cmov, cx8, fxsr, mmx, sse, sse2, sse3, ssse3, sse4.1, sse4.2, popcnt, avx, avx2, aes, clmul, erms, lzcnt, ht, tsc, tscinvbit, bmi1, bmi2

Memory: 4k page, physical 4122776k(439456k free), swap 5555352k(589744k free)

vm_info: Java HotSpot(TM) 64-Bit Server VM (25.25-b02) for windows-amd64 JRE (1.8.0_25-b18), built on Oct  7 2014 14:25:37 by "java_re" with MS VC++ 10.0 (VS2010)

time: Sat Jun 25 18:14:46 2016
elapsed time: 23 seconds (0d 0h 0m 23s)

