#
# There is insufficient memory for the Java Runtime Environment to continue.
# Native memory allocation (malloc) failed to allocate 84336 bytes for Chunk::new
# Possible reasons:
#   The system is out of physical RAM or swap space
#   In 32 bit mode, the process size limit was hit
# Possible solutions:
#   Reduce memory load on the system
#   Increase physical memory or swap space
#   Check if swap backing store is full
#   Use 64 bit Java on a 64 bit OS
#   Decrease Java heap size (-Xmx/-Xms)
#   Decrease number of Java threads
#   Decrease Java thread stack sizes (-Xss)
#   Set larger code cache with -XX:ReservedCodeCacheSize=
# This output file may be truncated or incomplete.
#
#  Out of Memory Error (allocation.cpp:390), pid=36220, tid=35460
#
# JRE version: Java(TM) SE Runtime Environment (8.0_25-b18) (build 1.8.0_25-b18)
# Java VM: Java HotSpot(TM) 64-Bit Server VM (25.25-b02 mixed mode windows-amd64 compressed oops)
# Failed to write core dump. Minidumps are not enabled by default on client versions of Windows
#

---------------  T H R E A D  ---------------

Current thread (0x00000000150f5000):  JavaThread "C2 CompilerThread1" daemon [_thread_in_native, id=35460, stack(0x0000000016740000,0x0000000016840000)]

Stack: [0x0000000016740000,0x0000000016840000]
Native frames: (J=compiled Java code, j=interpreted, Vv=VM code, C=native code)
V  [jvm.dll+0x31667a]


Current CompileTask:
C2:   7257 1780       4       com.android.dx.util.ByteArrayAnnotatedOutput::writeUleb128 (34 bytes)


---------------  P R O C E S S  ---------------

Java Threads: ( => current thread )
  0x0000000016a8d000 JavaThread "pool-1-thread-1" [_thread_in_native, id=35292, stack(0x0000000018c10000,0x0000000018d10000)]
  0x0000000016968800 JavaThread "Service Thread" daemon [_thread_blocked, id=37364, stack(0x0000000016d40000,0x0000000016e40000)]
  0x0000000015110800 JavaThread "C1 CompilerThread2" daemon [_thread_blocked, id=36404, stack(0x0000000016840000,0x0000000016940000)]
=>0x00000000150f5000 JavaThread "C2 CompilerThread1" daemon [_thread_in_native, id=35460, stack(0x0000000016740000,0x0000000016840000)]
  0x00000000150ec000 JavaThread "C2 CompilerThread0" daemon [_thread_blocked, id=37844, stack(0x0000000016640000,0x0000000016740000)]
  0x00000000150ea800 JavaThread "Attach Listener" daemon [_thread_blocked, id=37852, stack(0x0000000016540000,0x0000000016640000)]
  0x00000000150e9800 JavaThread "Signal Dispatcher" daemon [_thread_blocked, id=37868, stack(0x0000000016440000,0x0000000016540000)]
  0x00000000029f6000 JavaThread "Finalizer" daemon [_thread_blocked, id=37876, stack(0x0000000016340000,0x0000000016440000)]
  0x00000000029ed000 JavaThread "Reference Handler" daemon [_thread_blocked, id=36352, stack(0x0000000016240000,0x0000000016340000)]
  0x0000000002a1e000 JavaThread "main" [_thread_blocked, id=36720, stack(0x00000000010b0000,0x00000000011b0000)]

Other Threads:
  0x00000000150b6800 VMThread [stack: 0x0000000016140000,0x0000000016240000] [id=36928]
  0x000000001514e800 WatcherThread [stack: 0x0000000016e40000,0x0000000016f40000] [id=37376]

VM state:not at safepoint (normal execution)

VM Mutex/Monitor currently owned by a thread: None

Heap:
 PSYoungGen      total 35328K, used 12937K [0x00000000eab00000, 0x00000000ef000000, 0x0000000100000000)
  eden space 32768K, 31% used [0x00000000eab00000,0x00000000eb523ff8,0x00000000ecb00000)
  from space 2560K, 99% used [0x00000000ecb00000,0x00000000ecd7e638,0x00000000ecd80000)
  to   space 2560K, 0% used [0x00000000eed80000,0x00000000eed80000,0x00000000ef000000)
 ParOldGen       total 44032K, used 9254K [0x00000000c0000000, 0x00000000c2b00000, 0x00000000eab00000)
  object space 44032K, 21% used [0x00000000c0000000,0x00000000c0909980,0x00000000c2b00000)
 Metaspace       used 6379K, capacity 7312K, committed 7680K, reserved 1056768K
  class space    used 612K, capacity 648K, committed 768K, reserved 1048576K

Card table byte_map: [0x0000000011de0000,0x0000000011ff0000] byte_map_base: 0x00000000117e0000

Marking Bits: (ParMarkBitMap*) 0x00000000674ed490
 Begin Bits: [0x0000000012550000, 0x0000000013550000)
 End Bits:   [0x0000000013550000, 0x0000000014550000)

Polling page: 0x0000000000f50000

CodeCache: size=245760Kb used=7034Kb max_used=7034Kb free=238725Kb
 bounds [0x0000000002a20000, 0x0000000003110000, 0x0000000011a20000]
 total_blobs=2091 nmethods=1825 adapters=179
 compilation: enabled

Compilation events (10 events):
Event: 7.165 Thread 0x0000000015110800 1787       3       com.android.dx.dex.file.OffsettedItem::getAbsoluteOffset (29 bytes)
Event: 7.166 Thread 0x0000000015110800 nmethod 1787 0x00000000030c2550 code [0x00000000030c26c0, 0x00000000030c29b8]
Event: 7.166 Thread 0x0000000015110800 1788       3       com.android.dx.dex.file.Section::getAbsoluteOffset (38 bytes)
Event: 7.166 Thread 0x0000000015110800 nmethod 1788 0x00000000030cb810 code [0x00000000030cb9a0, 0x00000000030cbcb8]
Event: 7.166 Thread 0x0000000015110800 1789       3       com.android.dx.util.ByteArrayAnnotatedOutput::writeInt (90 bytes)
Event: 7.166 Thread 0x0000000015110800 nmethod 1789 0x00000000030cb050 code [0x00000000030cb1e0, 0x00000000030cb5d8]
Event: 7.166 Thread 0x0000000015110800 1790       3       com.android.dx.util.ByteArrayAnnotatedOutput::alignTo (69 bytes)
Event: 7.167 Thread 0x0000000015110800 nmethod 1790 0x00000000030ca890 code [0x00000000030caa40, 0x00000000030caea8]
Event: 7.167 Thread 0x0000000015110800 1791       3       com.android.dx.dex.file.StringIdItem::writeTo (95 bytes)
Event: 7.169 Thread 0x0000000015110800 nmethod 1791 0x00000000030cd950 code [0x00000000030cdce0, 0x00000000030cfb68]

GC Heap History (6 events):
Event: 1.176 GC heap before
{Heap before GC invocations=1 (full 0):
 PSYoungGen      total 18944K, used 16384K [0x00000000eab00000, 0x00000000ec000000, 0x0000000100000000)
  eden space 16384K, 100% used [0x00000000eab00000,0x00000000ebb00000,0x00000000ebb00000)
  from space 2560K, 0% used [0x00000000ebd80000,0x00000000ebd80000,0x00000000ec000000)
  to   space 2560K, 0% used [0x00000000ebb00000,0x00000000ebb00000,0x00000000ebd80000)
 ParOldGen       total 44032K, used 0K [0x00000000c0000000, 0x00000000c2b00000, 0x00000000eab00000)
  object space 44032K, 0% used [0x00000000c0000000,0x00000000c0000000,0x00000000c2b00000)
 Metaspace       used 5646K, capacity 6704K, committed 6784K, reserved 1056768K
  class space    used 578K, capacity 616K, committed 640K, reserved 1048576K
Event: 1.191 GC heap after
Heap after GC invocations=1 (full 0):
 PSYoungGen      total 18944K, used 2534K [0x00000000eab00000, 0x00000000ed000000, 0x0000000100000000)
  eden space 16384K, 0% used [0x00000000eab00000,0x00000000eab00000,0x00000000ebb00000)
  from space 2560K, 99% used [0x00000000ebb00000,0x00000000ebd79ac0,0x00000000ebd80000)
  to   space 2560K, 0% used [0x00000000ecd80000,0x00000000ecd80000,0x00000000ed000000)
 ParOldGen       total 44032K, used 2002K [0x00000000c0000000, 0x00000000c2b00000, 0x00000000eab00000)
  object space 44032K, 4% used [0x00000000c0000000,0x00000000c01f4910,0x00000000c2b00000)
 Metaspace       used 5646K, capacity 6704K, committed 6784K, reserved 1056768K
  class space    used 578K, capacity 616K, committed 640K, reserved 1048576K
}
Event: 1.962 GC heap before
{Heap before GC invocations=2 (full 0):
 PSYoungGen      total 18944K, used 18918K [0x00000000eab00000, 0x00000000ed000000, 0x0000000100000000)
  eden space 16384K, 100% used [0x00000000eab00000,0x00000000ebb00000,0x00000000ebb00000)
  from space 2560K, 99% used [0x00000000ebb00000,0x00000000ebd79ac0,0x00000000ebd80000)
  to   space 2560K, 0% used [0x00000000ecd80000,0x00000000ecd80000,0x00000000ed000000)
 ParOldGen       total 44032K, used 2002K [0x00000000c0000000, 0x00000000c2b00000, 0x00000000eab00000)
  object space 44032K, 4% used [0x00000000c0000000,0x00000000c01f4910,0x00000000c2b00000)
 Metaspace       used 5871K, capacity 6896K, committed 7040K, reserved 1056768K
  class space    used 587K, capacity 616K, committed 640K, reserved 1048576K
Event: 1.982 GC heap after
Heap after GC invocations=2 (full 0):
 PSYoungGen      total 35328K, used 2550K [0x00000000eab00000, 0x00000000ed000000, 0x0000000100000000)
  eden space 32768K, 0% used [0x00000000eab00000,0x00000000eab00000,0x00000000ecb00000)
  from space 2560K, 99% used [0x00000000ecd80000,0x00000000ecffdad0,0x00000000ed000000)
  to   space 2560K, 0% used [0x00000000ecb00000,0x00000000ecb00000,0x00000000ecd80000)
 ParOldGen       total 44032K, used 4701K [0x00000000c0000000, 0x00000000c2b00000, 0x00000000eab00000)
  object space 44032K, 10% used [0x00000000c0000000,0x00000000c0497400,0x00000000c2b00000)
 Metaspace       used 5871K, capacity 6896K, committed 7040K, reserved 1056768K
  class space    used 587K, capacity 616K, committed 640K, reserved 1048576K
}
Event: 4.086 GC heap before
{Heap before GC invocations=3 (full 0):
 PSYoungGen      total 35328K, used 35318K [0x00000000eab00000, 0x00000000ed000000, 0x0000000100000000)
  eden space 32768K, 100% used [0x00000000eab00000,0x00000000ecb00000,0x00000000ecb00000)
  from space 2560K, 99% used [0x00000000ecd80000,0x00000000ecffdad0,0x00000000ed000000)
  to   space 2560K, 0% used [0x00000000ecb00000,0x00000000ecb00000,0x00000000ecd80000)
 ParOldGen       total 44032K, used 4701K [0x00000000c0000000, 0x00000000c2b00000, 0x00000000eab00000)
  object space 44032K, 10% used [0x00000000c0000000,0x00000000c0497400,0x00000000c2b00000)
 Metaspace       used 6006K, capacity 7024K, committed 7296K, reserved 1056768K
  class space    used 593K, capacity 616K, committed 640K, reserved 1048576K
Event: 4.426 GC heap after
Heap after GC invocations=3 (full 0):
 PSYoungGen      total 35328K, used 2553K [0x00000000eab00000, 0x00000000ef000000, 0x0000000100000000)
  eden space 32768K, 0% used [0x00000000eab00000,0x00000000eab00000,0x00000000ecb00000)
  from space 2560K, 99% used [0x00000000ecb00000,0x00000000ecd7e638,0x00000000ecd80000)
  to   space 2560K, 0% used [0x00000000eed80000,0x00000000eed80000,0x00000000ef000000)
 ParOldGen       total 44032K, used 9254K [0x00000000c0000000, 0x00000000c2b00000, 0x00000000eab00000)
  object space 44032K, 21% used [0x00000000c0000000,0x00000000c0909980,0x00000000c2b00000)
 Metaspace       used 6006K, capacity 7024K, committed 7296K, reserved 1056768K
  class space    used 593K, capacity 616K, committed 640K, reserved 1048576K
}

Deoptimization events (10 events):
Event: 5.726 Thread 0x0000000016a8d000 Uncommon trap: reason=bimorphic action=maybe_recompile pc=0x0000000003011634 method=java.util.HashMap.putVal(ILjava/lang/Object;Ljava/lang/Object;ZZ)Ljava/lang/Object; @ 203
Event: 5.735 Thread 0x0000000016a8d000 Uncommon trap: reason=bimorphic action=maybe_recompile pc=0x0000000003011634 method=java.util.HashMap.putVal(ILjava/lang/Object;Ljava/lang/Object;ZZ)Ljava/lang/Object; @ 203
Event: 5.736 Thread 0x0000000016a8d000 Uncommon trap: reason=bimorphic action=maybe_recompile pc=0x0000000003011634 method=java.util.HashMap.putVal(ILjava/lang/Object;Ljava/lang/Object;ZZ)Ljava/lang/Object; @ 203
Event: 5.736 Thread 0x0000000016a8d000 Uncommon trap: reason=bimorphic action=maybe_recompile pc=0x0000000003011634 method=java.util.HashMap.putVal(ILjava/lang/Object;Ljava/lang/Object;ZZ)Ljava/lang/Object; @ 203
Event: 5.963 Thread 0x0000000016a8d000 Uncommon trap: reason=bimorphic action=maybe_recompile pc=0x00000000030274a0 method=java.util.HashMap.putVal(ILjava/lang/Object;Ljava/lang/Object;ZZ)Ljava/lang/Object; @ 203
Event: 6.380 Thread 0x0000000016a8d000 Uncommon trap: reason=unreached action=reinterpret pc=0x000000000306a8d4 method=com.android.dx.dex.code.LocalList$MakeState.snapshot(ILcom/android/dx/rop/code/RegisterSpecSet;)V @ 66
Event: 6.926 Thread 0x0000000016a8d000 Uncommon trap: reason=speculate_class_check action=maybe_recompile pc=0x0000000002d9bd38 method=com.android.dx.util.FixedSizeList.equals(Ljava/lang/Object;)Z @ 25
Event: 6.926 Thread 0x0000000016a8d000 Uncommon trap: reason=speculate_class_check action=maybe_recompile pc=0x0000000002d9bd38 method=com.android.dx.util.FixedSizeList.equals(Ljava/lang/Object;)Z @ 25
Event: 6.926 Thread 0x0000000016a8d000 Uncommon trap: reason=speculate_class_check action=maybe_recompile pc=0x0000000002d9bd38 method=com.android.dx.util.FixedSizeList.equals(Ljava/lang/Object;)Z @ 25
Event: 6.926 Thread 0x0000000016a8d000 Uncommon trap: reason=speculate_class_check action=maybe_recompile pc=0x0000000002d9bd38 method=com.android.dx.util.FixedSizeList.equals(Ljava/lang/Object;)Z @ 25

Internal exceptions (10 events):
Event: 6.132 Thread 0x0000000016a8d000 Exception <a 'java/security/PrivilegedActionException'> (0x00000000eb362a88) thrown at [D:\re\workspace\8-2-build-windows-amd64-cygwin\jdk8u25\1677\hotspot\src\share\vm\prims\jvm.cpp, line 1312]
Event: 6.925 Thread 0x0000000016a8d000 Exception <a 'java/security/PrivilegedActionException'> (0x00000000eb41f930) thrown at [D:\re\workspace\8-2-build-windows-amd64-cygwin\jdk8u25\1677\hotspot\src\share\vm\prims\jvm.cpp, line 1312]
Event: 6.926 Thread 0x0000000016a8d000 Exception <a 'java/security/PrivilegedActionException'> (0x00000000eb422af8) thrown at [D:\re\workspace\8-2-build-windows-amd64-cygwin\jdk8u25\1677\hotspot\src\share\vm\prims\jvm.cpp, line 1312]
Event: 6.928 Thread 0x0000000016a8d000 Exception <a 'java/security/PrivilegedActionException'> (0x00000000eb425d80) thrown at [D:\re\workspace\8-2-build-windows-amd64-cygwin\jdk8u25\1677\hotspot\src\share\vm\prims\jvm.cpp, line 1312]
Event: 7.102 Thread 0x0000000016a8d000 Exception <a 'java/security/PrivilegedActionException'> (0x00000000eb4629d8) thrown at [D:\re\workspace\8-2-build-windows-amd64-cygwin\jdk8u25\1677\hotspot\src\share\vm\prims\jvm.cpp, line 1312]
Event: 7.116 Thread 0x0000000016a8d000 Exception <a 'java/security/PrivilegedActionException'> (0x00000000eb46e800) thrown at [D:\re\workspace\8-2-build-windows-amd64-cygwin\jdk8u25\1677\hotspot\src\share\vm\prims\jvm.cpp, line 1312]
Event: 7.116 Thread 0x0000000016a8d000 Exception <a 'java/security/PrivilegedActionException'> (0x00000000eb471770) thrown at [D:\re\workspace\8-2-build-windows-amd64-cygwin\jdk8u25\1677\hotspot\src\share\vm\prims\jvm.cpp, line 1312]
Event: 7.136 Thread 0x0000000016a8d000 Exception <a 'java/security/PrivilegedActionException'> (0x00000000eb4b8278) thrown at [D:\re\workspace\8-2-build-windows-amd64-cygwin\jdk8u25\1677\hotspot\src\share\vm\prims\jvm.cpp, line 1312]
Event: 7.161 Thread 0x0000000016a8d000 Exception <a 'java/security/PrivilegedActionException'> (0x00000000eb4e3600) thrown at [D:\re\workspace\8-2-build-windows-amd64-cygwin\jdk8u25\1677\hotspot\src\share\vm\prims\jvm.cpp, line 1312]
Event: 7.164 Thread 0x0000000016a8d000 Exception <a 'java/security/PrivilegedActionException'> (0x00000000eb4e92e8) thrown at [D:\re\workspace\8-2-build-windows-amd64-cygwin\jdk8u25\1677\hotspot\src\share\vm\prims\jvm.cpp, line 1312]

Events (10 events):
Event: 7.116 loading class com/android/dx/dex/file/DebugInfoEncoder$1
Event: 7.116 loading class com/android/dx/dex/file/DebugInfoEncoder$1 done
Event: 7.116 loading class com/android/dx/dex/file/DebugInfoEncoder$2
Event: 7.116 loading class com/android/dx/dex/file/DebugInfoEncoder$2 done
Event: 7.136 loading class com/android/dex/EncodedValueCodec
Event: 7.136 loading class com/android/dex/EncodedValueCodec done
Event: 7.161 loading class com/android/dx/dex/file/MapItem
Event: 7.161 loading class com/android/dx/dex/file/MapItem done
Event: 7.164 loading class com/android/dex/DexFormat
Event: 7.164 loading class com/android/dex/DexFormat done


Dynamic libraries:
0x00007ff747920000 - 0x00007ff747954000 	C:\Program Files\Java\jdk1.8.0_25\bin\java.exe
0x00007ffa7aff0000 - 0x00007ffa7b1b1000 	C:\WINDOWS\SYSTEM32\ntdll.dll
0x00007ffa7a310000 - 0x00007ffa7a3bd000 	C:\WINDOWS\system32\KERNEL32.DLL
0x00007ffa77af0000 - 0x00007ffa77cd8000 	C:\WINDOWS\system32\KERNELBASE.dll
0x00007ffa7a440000 - 0x00007ffa7a4e7000 	C:\WINDOWS\system32\ADVAPI32.dll
0x00007ffa78b90000 - 0x00007ffa78c2d000 	C:\WINDOWS\system32\msvcrt.dll
0x00007ffa7a9c0000 - 0x00007ffa7aa1b000 	C:\WINDOWS\system32\sechost.dll
0x00007ffa7a4f0000 - 0x00007ffa7a60c000 	C:\WINDOWS\system32\RPCRT4.dll
0x00007ffa7a680000 - 0x00007ffa7a7d6000 	C:\WINDOWS\system32\USER32.dll
0x00007ffa785a0000 - 0x00007ffa78726000 	C:\WINDOWS\system32\GDI32.dll
0x00007ffa70130000 - 0x00007ffa703a4000 	C:\WINDOWS\WinSxS\amd64_microsoft.windows.common-controls_6595b64144ccf1df_6.0.10586.494_none_a2d8b04ea53e3145\COMCTL32.dll
0x00007ffa787a0000 - 0x00007ffa78a1d000 	C:\WINDOWS\system32\combase.dll
0x00007ffa77750000 - 0x00007ffa777ba000 	C:\WINDOWS\system32\bcryptPrimitives.dll
0x00007ffa7ae60000 - 0x00007ffa7ae9b000 	C:\WINDOWS\system32\IMM32.DLL
0x0000000066850000 - 0x0000000066922000 	C:\Program Files\Java\jdk1.8.0_25\jre\bin\msvcr100.dll
0x0000000066d10000 - 0x000000006756a000 	C:\Program Files\Java\jdk1.8.0_25\jre\bin\server\jvm.dll
0x00007ffa78790000 - 0x00007ffa78798000 	C:\WINDOWS\system32\PSAPI.DLL
0x00007ffa65450000 - 0x00007ffa65459000 	C:\WINDOWS\SYSTEM32\WSOCK32.dll
0x00007ffa7a610000 - 0x00007ffa7a67b000 	C:\WINDOWS\system32\WS2_32.dll
0x00007ffa754b0000 - 0x00007ffa754d3000 	C:\WINDOWS\SYSTEM32\WINMM.dll
0x00007ffa74d30000 - 0x00007ffa74d5c000 	C:\WINDOWS\SYSTEM32\WINMMBASE.dll
0x00007ffa77aa0000 - 0x00007ffa77ae3000 	C:\WINDOWS\system32\cfgmgr32.dll
0x0000000066d00000 - 0x0000000066d0f000 	C:\Program Files\Java\jdk1.8.0_25\jre\bin\verify.dll
0x0000000066cd0000 - 0x0000000066cf8000 	C:\Program Files\Java\jdk1.8.0_25\jre\bin\java.dll
0x0000000066cb0000 - 0x0000000066cc6000 	C:\Program Files\Java\jdk1.8.0_25\jre\bin\zip.dll
0x00007ffa78c30000 - 0x00007ffa7a18c000 	C:\WINDOWS\system32\SHELL32.dll
0x00007ffa77da0000 - 0x00007ffa783e5000 	C:\WINDOWS\system32\windows.storage.dll
0x00007ffa7a940000 - 0x00007ffa7a992000 	C:\WINDOWS\system32\shlwapi.dll
0x00007ffa77670000 - 0x00007ffa7767f000 	C:\WINDOWS\system32\kernel.appcore.dll
0x00007ffa77ce0000 - 0x00007ffa77d95000 	C:\WINDOWS\system32\shcore.dll
0x00007ffa77620000 - 0x00007ffa7766b000 	C:\WINDOWS\system32\powrprof.dll
0x00007ffa77680000 - 0x00007ffa77694000 	C:\WINDOWS\system32\profapi.dll

VM Arguments:
jvm_args: -Djava.awt.headless=true -Xmx1024M -Dfile.encoding=windows-1252 -Duser.country=FR -Duser.language=fr -Duser.variant 
java_command: com.android.dx.command.Main --dex --force-jumbo --num-threads=4 --multi-dex --output C:\Users\Famille\AndroidStudioProjects\Niviel\app\build\intermediates\transforms\dex\debug\folders\1000\5\slice_0 C:\Users\Famille\AndroidStudioProjects\Niviel\app\build\intermediates\transforms\instantRunSlicer\debug\folders\1\5\slice_0
java_class_path (initial): C:\Users\Famille\AppData\Local\Android\sdk\build-tools\23.0.2\lib\dx.jar
Launcher Type: SUN_STANDARD

Environment Variables:
JAVA_HOME=C:\Program Files\Java\jdk1.8.0_25
PATH=C:\Program Files\Broadcom\Broadcom 802.11 Network Adapter;;C:\Program Files\Broadcom\Broadcom 802.11;C:\ProgramData\Oracle\Java\javapath;C:\Program Files (x86)\Intel\iCLS Client\;C:\Program Files\Intel\iCLS Client\;C:\Windows\system32;C:\Windows;C:\Windows\System32\Wbem;C:\Windows\System32\WindowsPowerShell\v1.0\;C:\Program Files\Hewlett-Packard\SimplePass\;C:\wamp\bin\php\php5.5.12;C:\Python27;C:\Users\Famille\AppData\Roaming\npm\;C:\Program Files\nodejs\;C:\Program Files\Git\cmd;C:\Program Files (x86)\Brackets\command;C:\Program Files (x86)\Ant\bin;C:\Program Files (x86)\Maven\bin;C:\Program Files (x86)\Intel\Intel(R) Management Engine Components\DAL;C:\Program Files\Intel\Intel(R) Management Engine Components\DAL;C:\Program Files (x86)\Intel\Intel(R) Management Engine Components\IPT;C:\Program Files\Intel\Intel(R) Management Engine Components\IPT;C:\Users\Famille\AppData\Local\atom\bin;C:\Users\Famille\AppData\Roaming\npm
USERNAME=de Lachaux
OS=Windows_NT
PROCESSOR_IDENTIFIER=Intel64 Family 6 Model 69 Stepping 1, GenuineIntel



---------------  S Y S T E M  ---------------

OS: Windows 8.1 , 64 bit Build 9600 

CPU:total 4 (2 cores per cpu, 2 threads per core) family 6 model 69 stepping 1, cmov, cx8, fxsr, mmx, sse, sse2, sse3, ssse3, sse4.1, sse4.2, popcnt, avx, avx2, aes, clmul, erms, lzcnt, ht, tsc, tscinvbit, bmi1, bmi2

Memory: 4k page, physical 4122776k(242604k free), swap 5555352k(3264k free)

vm_info: Java HotSpot(TM) 64-Bit Server VM (25.25-b02) for windows-amd64 JRE (1.8.0_25-b18), built on Oct  7 2014 14:25:37 by "java_re" with MS VC++ 10.0 (VS2010)

time: Sun Sep 04 18:33:17 2016
elapsed time: 7 seconds (0d 0h 0m 7s)

