#
# There is insufficient memory for the Java Runtime Environment to continue.
# Native memory allocation (malloc) failed to allocate 679216 bytes for Chunk::new
# Possible reasons:
#   The system is out of physical RAM or swap space
#   In 32 bit mode, the process size limit was hit
# Possible solutions:
#   Reduce memory load on the system
#   Increase physical memory or swap space
#   Check if swap backing store is full
#   Use 64 bit Java on a 64 bit OS
#   Decrease Java heap size (-Xmx/-Xms)
#   Decrease number of Java threads
#   Decrease Java thread stack sizes (-Xss)
#   Set larger code cache with -XX:ReservedCodeCacheSize=
# This output file may be truncated or incomplete.
#
#  Out of Memory Error (allocation.cpp:390), pid=60408, tid=44324
#
# JRE version: Java(TM) SE Runtime Environment (8.0_25-b18) (build 1.8.0_25-b18)
# Java VM: Java HotSpot(TM) 64-Bit Server VM (25.25-b02 mixed mode windows-amd64 compressed oops)
# Failed to write core dump. Minidumps are not enabled by default on client versions of Windows
#

---------------  T H R E A D  ---------------

Current thread (0x00000000156ac000):  JavaThread "C2 CompilerThread0" daemon [_thread_in_native, id=44324, stack(0x0000000016c10000,0x0000000016d10000)]

Stack: [0x0000000016c10000,0x0000000016d10000]
Native frames: (J=compiled Java code, j=interpreted, Vv=VM code, C=native code)
V  [jvm.dll+0x31667a]


Current CompileTask:
C2:   2578  671       4       com.android.dx.ssa.NormalSsaInsn::accept (25 bytes)


---------------  P R O C E S S  ---------------

Java Threads: ( => current thread )
  0x0000000017349000 JavaThread "pool-2-thread-4" [_thread_in_Java, id=50880, stack(0x0000000017910000,0x0000000017a10000)]
  0x0000000017348000 JavaThread "pool-2-thread-3" [_thread_in_vm, id=50524, stack(0x0000000017810000,0x0000000017910000)]
  0x0000000017347800 JavaThread "pool-2-thread-2" [_thread_in_Java, id=55536, stack(0x0000000017710000,0x0000000017810000)]
  0x0000000017341000 JavaThread "pool-3-thread-1" [_thread_blocked, id=50488, stack(0x0000000017610000,0x0000000017710000)]
  0x000000001733c800 JavaThread "pool-2-thread-1" [_thread_in_Java, id=46028, stack(0x0000000017510000,0x0000000017610000)]
  0x000000001570b000 JavaThread "Service Thread" daemon [_thread_blocked, id=57600, stack(0x0000000016f10000,0x0000000017010000)]
  0x0000000015703800 JavaThread "C1 CompilerThread2" daemon [_thread_blocked, id=58696, stack(0x0000000016e10000,0x0000000016f10000)]
  0x00000000156f7000 JavaThread "C2 CompilerThread1" daemon [_thread_in_native, id=52396, stack(0x0000000016d10000,0x0000000016e10000)]
=>0x00000000156ac000 JavaThread "C2 CompilerThread0" daemon [_thread_in_native, id=44324, stack(0x0000000016c10000,0x0000000016d10000)]
  0x00000000156aa800 JavaThread "Attach Listener" daemon [_thread_blocked, id=57864, stack(0x0000000016b10000,0x0000000016c10000)]
  0x00000000156a9800 JavaThread "Signal Dispatcher" daemon [_thread_blocked, id=52932, stack(0x0000000016a10000,0x0000000016b10000)]
  0x0000000002f50800 JavaThread "Finalizer" daemon [_thread_blocked, id=50704, stack(0x0000000016910000,0x0000000016a10000)]
  0x0000000002f4d000 JavaThread "Reference Handler" daemon [_thread_blocked, id=56012, stack(0x0000000016810000,0x0000000016910000)]
  0x0000000002fde000 JavaThread "main" [_thread_in_Java, id=58448, stack(0x0000000002d40000,0x0000000002e40000)]

Other Threads:
  0x0000000015676800 VMThread [stack: 0x0000000016710000,0x0000000016810000] [id=58620]
  0x000000001570d800 WatcherThread [stack: 0x0000000017010000,0x0000000017110000] [id=58900]

VM state:synchronizing (normal execution)

VM Mutex/Monitor currently owned by a thread:  ([mutex/lock_event])
[0x0000000002fdcc20] Safepoint_lock - owner thread: 0x0000000015676800
[0x0000000002fdce20] Threads_lock - owner thread: 0x0000000015676800
[0x0000000002fdd220] Heap_lock - owner thread: 0x0000000017348000
[0x0000000002e60bd0] MethodData_lock - owner thread: 0x0000000017348000

Heap:
 PSYoungGen      total 18944K, used 15099K [0x00000000eab00000, 0x00000000ec000000, 0x0000000100000000)
  eden space 16384K, 92% used [0x00000000eab00000,0x00000000eb9bed10,0x00000000ebb00000)
  from space 2560K, 0% used [0x00000000ebd80000,0x00000000ebd80000,0x00000000ec000000)
  to   space 2560K, 0% used [0x00000000ebb00000,0x00000000ebb00000,0x00000000ebd80000)
 ParOldGen       total 44032K, used 0K [0x00000000c0000000, 0x00000000c2b00000, 0x00000000eab00000)
  object space 44032K, 0% used [0x00000000c0000000,0x00000000c0000000,0x00000000c2b00000)
 Metaspace       used 5682K, capacity 6704K, committed 6784K, reserved 1058816K
  class space    used 585K, capacity 616K, committed 640K, reserved 1048576K

Card table byte_map: [0x00000000123a0000,0x00000000125b0000] byte_map_base: 0x0000000011da0000

Marking Bits: (ParMarkBitMap*) 0x000000007333d490
 Begin Bits: [0x0000000012b10000, 0x0000000013b10000)
 End Bits:   [0x0000000013b10000, 0x0000000014b10000)

Polling page: 0x00000000014e0000

CodeCache: size=245760Kb used=2998Kb max_used=2998Kb free=242761Kb
 bounds [0x0000000002fe0000, 0x00000000032d0000, 0x0000000011fe0000]
 total_blobs=1002 nmethods=737 adapters=178
 compilation: disabled (not enough contiguous free space left)

Compilation events (10 events):
Event: 2.396 Thread 0x0000000015703800 nmethod 693 0x00000000032a5290 code [0x00000000032a57c0, 0x00000000032a8e28]
Event: 2.396 Thread 0x0000000015703800  700       3       com.android.dx.ssa.back.LivenessAnalyzer::run (231 bytes)
Event: 2.398 Thread 0x0000000015703800 nmethod 700 0x00000000032a1c90 code [0x00000000032a1fa0, 0x00000000032a3648]
Event: 2.398 Thread 0x0000000015703800  710       3       com.android.dx.ssa.SsaBasicBlock::forEachPhiInsn (54 bytes)
Event: 2.399 Thread 0x0000000015703800 nmethod 710 0x00000000032a0d10 code [0x00000000032a0ee0, 0x00000000032a1768]
Event: 2.399 Thread 0x0000000015703800  711       3       com.android.dx.ssa.SsaMethod::onSourcesChanged (69 bytes)
Event: 2.404 Thread 0x0000000015703800 nmethod 711 0x00000000032ab3d0 code [0x00000000032ab5e0, 0x00000000032ac1f8]
Event: 2.404 Thread 0x0000000015703800  715       3       com.android.dx.ssa.SCCP::simulateBranch (666 bytes)
Event: 2.408 Thread 0x0000000015703800 nmethod 715 0x00000000032ac8d0 code [0x00000000032acd80, 0x00000000032b08d8]
Event: 2.408 Thread 0x0000000015703800  702       3       com.android.dx.ssa.SsaBasicBlock::getCountPhiInsns (45 bytes)

GC Heap History (0 events):
No events

Deoptimization events (0 events):
No events

Internal exceptions (10 events):
Event: 2.313 Thread 0x000000001733c800 Exception <a 'java/security/PrivilegedActionException'> (0x00000000eb3ffab8) thrown at [D:\re\workspace\8-2-build-windows-amd64-cygwin\jdk8u25\1677\hotspot\src\share\vm\prims\jvm.cpp, line 1312]
Event: 2.315 Thread 0x000000001733c800 Exception <a 'java/security/PrivilegedActionException'> (0x00000000eb405d20) thrown at [D:\re\workspace\8-2-build-windows-amd64-cygwin\jdk8u25\1677\hotspot\src\share\vm\prims\jvm.cpp, line 1312]
Event: 2.316 Thread 0x000000001733c800 Exception <a 'java/security/PrivilegedActionException'> (0x00000000eb40a408) thrown at [D:\re\workspace\8-2-build-windows-amd64-cygwin\jdk8u25\1677\hotspot\src\share\vm\prims\jvm.cpp, line 1312]
Event: 2.318 Thread 0x000000001733c800 Exception <a 'java/security/PrivilegedActionException'> (0x00000000eb598148) thrown at [D:\re\workspace\8-2-build-windows-amd64-cygwin\jdk8u25\1677\hotspot\src\share\vm\prims\jvm.cpp, line 1312]
Event: 2.319 Thread 0x000000001733c800 Exception <a 'java/security/PrivilegedActionException'> (0x00000000eb5a0c28) thrown at [D:\re\workspace\8-2-build-windows-amd64-cygwin\jdk8u25\1677\hotspot\src\share\vm\prims\jvm.cpp, line 1312]
Event: 2.321 Thread 0x000000001733c800 Exception <a 'java/security/PrivilegedActionException'> (0x00000000eb5ac938) thrown at [D:\re\workspace\8-2-build-windows-amd64-cygwin\jdk8u25\1677\hotspot\src\share\vm\prims\jvm.cpp, line 1312]
Event: 2.345 Thread 0x0000000017349000 Exception <a 'java/security/PrivilegedActionException'> (0x00000000eb491738) thrown at [D:\re\workspace\8-2-build-windows-amd64-cygwin\jdk8u25\1677\hotspot\src\share\vm\prims\jvm.cpp, line 1312]
Event: 2.363 Thread 0x0000000017347800 Exception <a 'java/security/PrivilegedActionException'> (0x00000000eb62b190) thrown at [D:\re\workspace\8-2-build-windows-amd64-cygwin\jdk8u25\1677\hotspot\src\share\vm\prims\jvm.cpp, line 1312]
Event: 2.365 Thread 0x0000000017347800 Exception <a 'java/security/PrivilegedActionException'> (0x00000000eb630c00) thrown at [D:\re\workspace\8-2-build-windows-amd64-cygwin\jdk8u25\1677\hotspot\src\share\vm\prims\jvm.cpp, line 1312]
Event: 2.366 Thread 0x0000000017347800 Exception <a 'java/security/PrivilegedActionException'> (0x00000000eb636428) thrown at [D:\re\workspace\8-2-build-windows-amd64-cygwin\jdk8u25\1677\hotspot\src\share\vm\prims\jvm.cpp, line 1312]

Events (10 events):
Event: 2.345 loading class com/android/dx/dex/file/MethodAnnotationStruct
Event: 2.345 loading class com/android/dx/dex/file/MethodAnnotationStruct done
Event: 2.363 loading class com/android/dx/dex/file/ParameterAnnotationStruct
Event: 2.363 loading class com/android/dx/dex/file/ParameterAnnotationStruct done
Event: 2.365 loading class com/android/dx/dex/file/UniformListItem
Event: 2.365 loading class com/android/dx/dex/file/UniformListItem done
Event: 2.366 loading class com/android/dx/dex/file/AnnotationSetRefItem
Event: 2.366 loading class com/android/dx/dex/file/AnnotationSetRefItem done
Event: 2.376 loading class java/util/DualPivotQuicksort
Event: 2.376 loading class java/util/DualPivotQuicksort done


Dynamic libraries:
0x00007ff690dd0000 - 0x00007ff690e04000 	C:\Program Files\Java\jdk1.8.0_25\bin\java.exe
0x00007fff80c20000 - 0x00007fff80de1000 	C:\WINDOWS\SYSTEM32\ntdll.dll
0x00007fff80400000 - 0x00007fff804ad000 	C:\WINDOWS\system32\KERNEL32.DLL
0x00007fff7d680000 - 0x00007fff7d868000 	C:\WINDOWS\system32\KERNELBASE.dll
0x00007fff80850000 - 0x00007fff808f7000 	C:\WINDOWS\system32\ADVAPI32.dll
0x00007fff801e0000 - 0x00007fff8027d000 	C:\WINDOWS\system32\msvcrt.dll
0x00007fff7ec20000 - 0x00007fff7ec7b000 	C:\WINDOWS\system32\sechost.dll
0x00007fff804b0000 - 0x00007fff805cc000 	C:\WINDOWS\system32\RPCRT4.dll
0x00007fff7e030000 - 0x00007fff7e186000 	C:\WINDOWS\system32\USER32.dll
0x00007fff7e450000 - 0x00007fff7e5d6000 	C:\WINDOWS\system32\GDI32.dll
0x00007fff76200000 - 0x00007fff76474000 	C:\WINDOWS\WinSxS\amd64_microsoft.windows.common-controls_6595b64144ccf1df_6.0.10586.494_none_a2d8b04ea53e3145\COMCTL32.dll
0x00007fff805d0000 - 0x00007fff8084d000 	C:\WINDOWS\system32\combase.dll
0x00007fff7d4f0000 - 0x00007fff7d55a000 	C:\WINDOWS\system32\bcryptPrimitives.dll
0x00007fff80be0000 - 0x00007fff80c1b000 	C:\WINDOWS\system32\IMM32.DLL
0x00000000726a0000 - 0x0000000072772000 	C:\Program Files\Java\jdk1.8.0_25\jre\bin\msvcr100.dll
0x0000000072b60000 - 0x00000000733ba000 	C:\Program Files\Java\jdk1.8.0_25\jre\bin\server\jvm.dll
0x00007fff7e190000 - 0x00007fff7e198000 	C:\WINDOWS\system32\PSAPI.DLL
0x00007fff65bb0000 - 0x00007fff65bb9000 	C:\WINDOWS\SYSTEM32\WSOCK32.dll
0x00007fff7ebb0000 - 0x00007fff7ec1b000 	C:\WINDOWS\system32\WS2_32.dll
0x00007fff7b560000 - 0x00007fff7b583000 	C:\WINDOWS\SYSTEM32\WINMM.dll
0x00007fff7b110000 - 0x00007fff7b13c000 	C:\WINDOWS\SYSTEM32\WINMMBASE.dll
0x00007fff7d4a0000 - 0x00007fff7d4e3000 	C:\WINDOWS\system32\cfgmgr32.dll
0x0000000072b50000 - 0x0000000072b5f000 	C:\Program Files\Java\jdk1.8.0_25\jre\bin\verify.dll
0x0000000072b20000 - 0x0000000072b48000 	C:\Program Files\Java\jdk1.8.0_25\jre\bin\java.dll
0x0000000072b00000 - 0x0000000072b16000 	C:\Program Files\Java\jdk1.8.0_25\jre\bin\zip.dll
0x00007fff7ec80000 - 0x00007fff801dc000 	C:\WINDOWS\system32\SHELL32.dll
0x00007fff7d870000 - 0x00007fff7deb5000 	C:\WINDOWS\system32\windows.storage.dll
0x00007fff80b80000 - 0x00007fff80bd2000 	C:\WINDOWS\system32\shlwapi.dll
0x00007fff7d2c0000 - 0x00007fff7d2cf000 	C:\WINDOWS\system32\kernel.appcore.dll
0x00007fff7d5c0000 - 0x00007fff7d675000 	C:\WINDOWS\system32\shcore.dll
0x00007fff7d270000 - 0x00007fff7d2bb000 	C:\WINDOWS\system32\powrprof.dll
0x00007fff7d240000 - 0x00007fff7d254000 	C:\WINDOWS\system32\profapi.dll
0x00007fff63a80000 - 0x00007fff63c0c000 	C:\WINDOWS\SYSTEM32\dbghelp.dll

VM Arguments:
jvm_args: -Djava.awt.headless=true -Xmx1024M -Dfile.encoding=windows-1252 -Duser.country=FR -Duser.language=fr -Duser.variant 
java_command: com.android.dx.command.Main --dex --force-jumbo --num-threads=4 --multi-dex --output C:\Users\Famille\AndroidStudioProjects\Niviel\app\build\intermediates\transforms\dex\debug\folders\1000\5\slice_9 C:\Users\Famille\AndroidStudioProjects\Niviel\app\build\intermediates\transforms\instantRunSlicer\debug\folders\1\5\slice_9
java_class_path (initial): C:\Users\Famille\AppData\Local\Android\sdk\build-tools\23.0.2\lib\dx.jar
Launcher Type: SUN_STANDARD

Environment Variables:
JAVA_HOME=C:\Program Files\Java\jdk1.8.0_25
PATH=C:\Program Files\Broadcom\Broadcom 802.11 Network Adapter;;C:\Program Files\Broadcom\Broadcom 802.11;C:\ProgramData\Oracle\Java\javapath;C:\Program Files (x86)\Intel\iCLS Client\;C:\Program Files\Intel\iCLS Client\;C:\Windows\system32;C:\Windows;C:\Windows\System32\Wbem;C:\Windows\System32\WindowsPowerShell\v1.0\;C:\Program Files\Hewlett-Packard\SimplePass\;C:\wamp\bin\php\php5.5.12;C:\Python27;C:\Users\Famille\AppData\Roaming\npm\;C:\Program Files\nodejs\;C:\Program Files\Git\cmd;C:\Program Files (x86)\Brackets\command;C:\Program Files (x86)\Ant\bin;C:\Program Files (x86)\Maven\bin;C:\Program Files (x86)\Intel\Intel(R) Management Engine Components\DAL;C:\Program Files\Intel\Intel(R) Management Engine Components\DAL;C:\Program Files (x86)\Intel\Intel(R) Management Engine Components\IPT;C:\Program Files\Intel\Intel(R) Management Engine Components\IPT;C:\Users\Famille\AppData\Local\atom\bin;C:\Users\Famille\AppData\Roaming\npm
USERNAME=de Lachaux
OS=Windows_NT
PROCESSOR_IDENTIFIER=Intel64 Family 6 Model 69 Stepping 1, GenuineIntel



---------------  S Y S T E M  ---------------

OS: Windows 8.1 , 64 bit Build 9600 

CPU:total 4 (2 cores per cpu, 2 threads per core) family 6 model 69 stepping 1, cmov, cx8, fxsr, mmx, sse, sse2, sse3, ssse3, sse4.1, sse4.2, popcnt, avx, avx2, aes, clmul, erms, lzcnt, ht, tsc, tscinvbit, bmi1, bmi2

Memory: 4k page, physical 4122776k(354404k free), swap 5555352k(116k free)

vm_info: Java HotSpot(TM) 64-Bit Server VM (25.25-b02) for windows-amd64 JRE (1.8.0_25-b18), built on Oct  7 2014 14:25:37 by "java_re" with MS VC++ 10.0 (VS2010)

time: Thu Aug 25 18:25:12 2016
elapsed time: 2 seconds (0d 0h 0m 2s)

