#
# There is insufficient memory for the Java Runtime Environment to continue.
# Native memory allocation (malloc) failed to allocate 163472 bytes for Chunk::new
# Possible reasons:
#   The system is out of physical RAM or swap space
#   In 32 bit mode, the process size limit was hit
# Possible solutions:
#   Reduce memory load on the system
#   Increase physical memory or swap space
#   Check if swap backing store is full
#   Use 64 bit Java on a 64 bit OS
#   Decrease Java heap size (-Xmx/-Xms)
#   Decrease number of Java threads
#   Decrease Java thread stack sizes (-Xss)
#   Set larger code cache with -XX:ReservedCodeCacheSize=
# This output file may be truncated or incomplete.
#
#  Out of Memory Error (allocation.cpp:390), pid=35924, tid=42976
#
# JRE version: Java(TM) SE Runtime Environment (8.0_25-b18) (build 1.8.0_25-b18)
# Java VM: Java HotSpot(TM) 64-Bit Server VM (25.25-b02 mixed mode windows-amd64 compressed oops)
# Failed to write core dump. Minidumps are not enabled by default on client versions of Windows
#

---------------  T H R E A D  ---------------

Current thread (0x0000000014a6b800):  JavaThread "C2 CompilerThread0" daemon [_thread_in_native, id=42976, stack(0x0000000015fd0000,0x00000000160d0000)]

Stack: [0x0000000015fd0000,0x00000000160d0000]
Native frames: (J=compiled Java code, j=interpreted, Vv=VM code, C=native code)
V  [jvm.dll+0x31667a]
V  [jvm.dll+0x267073]
V  [jvm.dll+0x267cb3]
V  [jvm.dll+0x25f5b5]
V  [jvm.dll+0xbf165]
V  [jvm.dll+0xbf60c]
V  [jvm.dll+0xbf8b4]
V  [jvm.dll+0xdd1b5]
V  [jvm.dll+0x495d34]
V  [jvm.dll+0x4f1cd9]
V  [jvm.dll+0x4f2e89]
V  [jvm.dll+0x4a533c]
V  [jvm.dll+0x4a59e5]
V  [jvm.dll+0x49edec]
V  [jvm.dll+0x4524ef]
V  [jvm.dll+0x453864]
V  [jvm.dll+0x437372]
V  [jvm.dll+0x98a02]
V  [jvm.dll+0x991f3]
V  [jvm.dll+0x22bde4]
V  [jvm.dll+0x2852fa]
C  [msvcr100.dll+0x21d9f]
C  [msvcr100.dll+0x21e3b]
C  [KERNEL32.DLL+0x18102]
C  [ntdll.dll+0x5c5b4]


Current CompileTask:
C2:   8821 1549       4       com.android.dx.ssa.SCCP::simulatePhi (169 bytes)


---------------  P R O C E S S  ---------------

Java Threads: ( => current thread )
  0x000000001672a000 JavaThread "pool-2-thread-4" [_thread_blocked, id=42144, stack(0x0000000016cd0000,0x0000000016dd0000)]
  0x0000000016729000 JavaThread "pool-2-thread-3" [_thread_blocked, id=42132, stack(0x0000000016bd0000,0x0000000016cd0000)]
  0x0000000016727000 JavaThread "pool-2-thread-2" [_thread_blocked, id=42160, stack(0x0000000016ad0000,0x0000000016bd0000)]
  0x000000001671a000 JavaThread "pool-3-thread-1" [_thread_blocked, id=42316, stack(0x00000000169d0000,0x0000000016ad0000)]
  0x0000000016719000 JavaThread "pool-2-thread-1" [_thread_blocked, id=42312, stack(0x00000000168d0000,0x00000000169d0000)]
  0x0000000014ac3800 JavaThread "Service Thread" daemon [_thread_blocked, id=42472, stack(0x00000000162d0000,0x00000000163d0000)]
  0x0000000014abe800 JavaThread "C1 CompilerThread2" daemon [_thread_in_vm, id=42468, stack(0x00000000161d0000,0x00000000162d0000)]
  0x0000000014a71000 JavaThread "C2 CompilerThread1" daemon [_thread_in_native, id=42292, stack(0x00000000160d0000,0x00000000161d0000)]
=>0x0000000014a6b800 JavaThread "C2 CompilerThread0" daemon [_thread_in_native, id=42976, stack(0x0000000015fd0000,0x00000000160d0000)]
  0x0000000014a6a800 JavaThread "Attach Listener" daemon [_thread_blocked, id=42036, stack(0x0000000015ed0000,0x0000000015fd0000)]
  0x0000000014a69000 JavaThread "Signal Dispatcher" daemon [_thread_blocked, id=42788, stack(0x0000000015dd0000,0x0000000015ed0000)]
  0x000000000232e800 JavaThread "Finalizer" daemon [_thread_blocked, id=31336, stack(0x0000000015cd0000,0x0000000015dd0000)]
  0x000000000232d800 JavaThread "Reference Handler" daemon [_thread_blocked, id=42524, stack(0x0000000015bd0000,0x0000000015cd0000)]
  0x000000000239e000 JavaThread "main" [_thread_blocked, id=42664, stack(0x0000000002100000,0x0000000002200000)]

Other Threads:
  0x0000000014a36800 VMThread [stack: 0x0000000015ad0000,0x0000000015bd0000] [id=42300]
  0x0000000014ac6800 WatcherThread [stack: 0x00000000163d0000,0x00000000164d0000] [id=42476]

VM state:synchronizing (normal execution)

VM Mutex/Monitor currently owned by a thread:  ([mutex/lock_event])
[0x000000000239d020] Threads_lock - owner thread: 0x0000000014a36800
[0x000000000239d5a0] Heap_lock - owner thread: 0x000000001672a000

Heap:
 PSYoungGen      total 18944K, used 18931K [0x00000000eab00000, 0x00000000ed000000, 0x0000000100000000)
  eden space 16384K, 100% used [0x00000000eab00000,0x00000000ebb00000,0x00000000ebb00000)
  from space 2560K, 99% used [0x00000000ebd80000,0x00000000ebffcf58,0x00000000ec000000)
  to   space 2560K, 0% used [0x00000000ebb00000,0x00000000ebb00000,0x00000000ebd80000)
 ParOldGen       total 44032K, used 3717K [0x00000000c0000000, 0x00000000c2b00000, 0x00000000eab00000)
  object space 44032K, 8% used [0x00000000c0000000,0x00000000c03a17d0,0x00000000c2b00000)
 Metaspace       used 6103K, capacity 7024K, committed 7296K, reserved 1056768K
  class space    used 588K, capacity 616K, committed 640K, reserved 1048576K

Card table byte_map: [0x0000000011760000,0x0000000011970000] byte_map_base: 0x0000000011160000

Marking Bits: (ParMarkBitMap*) 0x000000006000d490
 Begin Bits: [0x0000000011ed0000, 0x0000000012ed0000)
 End Bits:   [0x0000000012ed0000, 0x0000000013ed0000)

Polling page: 0x0000000002200000

CodeCache: size=245760Kb used=6430Kb max_used=6436Kb free=239329Kb
 bounds [0x00000000023a0000, 0x0000000002a00000, 0x00000000113a0000]
 total_blobs=1809 nmethods=1545 adapters=178
 compilation: enabled

Compilation events (10 events):
Event: 7.066 Thread 0x0000000014a71000 1545   !   4       com.android.dx.cf.code.RopperMachine::run (1550 bytes)
Event: 7.106 Thread 0x0000000014a6b800 nmethod 1544 0x00000000029eef90 code [0x00000000029efaa0, 0x00000000029f1d30]
Event: 7.109 Thread 0x0000000014abe800 1546       3       com.android.dx.dex.file.ClassDefItem::addVirtualMethod (9 bytes)
Event: 7.110 Thread 0x0000000014abe800 nmethod 1546 0x00000000029c84d0 code [0x00000000029c8680, 0x00000000029c8d18]
Event: 7.111 Thread 0x0000000014abe800 1547       3       com.android.dx.rop.cst.CstNat::equals (48 bytes)
Event: 7.112 Thread 0x0000000014abe800 nmethod 1547 0x00000000029da2d0 code [0x00000000029da4a0, 0x00000000029dae98]
Event: 7.114 Thread 0x0000000014abe800 1548       3       com.android.dx.dex.file.CodeItem::<init> (81 bytes)
Event: 7.114 Thread 0x0000000014abe800 nmethod 1548 0x00000000029c7cd0 code [0x00000000029c7e80, 0x00000000029c8338]
Event: 7.115 Thread 0x0000000014a6b800 1549       4       com.android.dx.ssa.SCCP::simulatePhi (169 bytes)
Event: 7.218 Thread 0x0000000014abe800 1550       3       java.util.HashMap$HashIterator::<init> (79 bytes)

GC Heap History (4 events):
Event: 4.490 GC heap before
{Heap before GC invocations=1 (full 0):
 PSYoungGen      total 18944K, used 16384K [0x00000000eab00000, 0x00000000ec000000, 0x0000000100000000)
  eden space 16384K, 100% used [0x00000000eab00000,0x00000000ebb00000,0x00000000ebb00000)
  from space 2560K, 0% used [0x00000000ebd80000,0x00000000ebd80000,0x00000000ec000000)
  to   space 2560K, 0% used [0x00000000ebb00000,0x00000000ebb00000,0x00000000ebd80000)
 ParOldGen       total 44032K, used 0K [0x00000000c0000000, 0x00000000c2b00000, 0x00000000eab00000)
  object space 44032K, 0% used [0x00000000c0000000,0x00000000c0000000,0x00000000c2b00000)
 Metaspace       used 5677K, capacity 6704K, committed 6784K, reserved 1056768K
  class space    used 584K, capacity 616K, committed 640K, reserved 1048576K
Event: 4.502 GC heap after
Heap after GC invocations=1 (full 0):
 PSYoungGen      total 18944K, used 2538K [0x00000000eab00000, 0x00000000ec000000, 0x0000000100000000)
  eden space 16384K, 0% used [0x00000000eab00000,0x00000000eab00000,0x00000000ebb00000)
  from space 2560K, 99% used [0x00000000ebb00000,0x00000000ebd7aaa8,0x00000000ebd80000)
  to   space 2560K, 0% used [0x00000000ebd80000,0x00000000ebd80000,0x00000000ec000000)
 ParOldGen       total 44032K, used 1528K [0x00000000c0000000, 0x00000000c2b00000, 0x00000000eab00000)
  object space 44032K, 3% used [0x00000000c0000000,0x00000000c017e158,0x00000000c2b00000)
 Metaspace       used 5677K, capacity 6704K, committed 6784K, reserved 1056768K
  class space    used 584K, capacity 616K, committed 640K, reserved 1048576K
}
Event: 5.771 GC heap before
{Heap before GC invocations=2 (full 0):
 PSYoungGen      total 18944K, used 18922K [0x00000000eab00000, 0x00000000ec000000, 0x0000000100000000)
  eden space 16384K, 100% used [0x00000000eab00000,0x00000000ebb00000,0x00000000ebb00000)
  from space 2560K, 99% used [0x00000000ebb00000,0x00000000ebd7aaa8,0x00000000ebd80000)
  to   space 2560K, 0% used [0x00000000ebd80000,0x00000000ebd80000,0x00000000ec000000)
 ParOldGen       total 44032K, used 1528K [0x00000000c0000000, 0x00000000c2b00000, 0x00000000eab00000)
  object space 44032K, 3% used [0x00000000c0000000,0x00000000c017e158,0x00000000c2b00000)
 Metaspace       used 6041K, capacity 6960K, committed 7040K, reserved 1056768K
  class space    used 588K, capacity 616K, committed 640K, reserved 1048576K
Event: 5.804 GC heap after
Heap after GC invocations=2 (full 0):
 PSYoungGen      total 18944K, used 2547K [0x00000000eab00000, 0x00000000ed000000, 0x0000000100000000)
  eden space 16384K, 0% used [0x00000000eab00000,0x00000000eab00000,0x00000000ebb00000)
  from space 2560K, 99% used [0x00000000ebd80000,0x00000000ebffcf58,0x00000000ec000000)
  to   space 2560K, 0% used [0x00000000ebb00000,0x00000000ebb00000,0x00000000ebd80000)
 ParOldGen       total 44032K, used 3717K [0x00000000c0000000, 0x00000000c2b00000, 0x00000000eab00000)
  object space 44032K, 8% used [0x00000000c0000000,0x00000000c03a17d0,0x00000000c2b00000)
 Metaspace       used 6041K, capacity 6960K, committed 7040K, reserved 1056768K
  class space    used 588K, capacity 616K, committed 640K, reserved 1048576K
}

Deoptimization events (10 events):
Event: 4.298 Thread 0x0000000016727000 Uncommon trap: reason=class_check action=maybe_recompile pc=0x000000000262daf0 method=com.android.dx.ssa.NormalSsaInsn.accept(Lcom/android/dx/ssa/SsaInsn$Visitor;)V @ 9
Event: 4.298 Thread 0x0000000016727000 Uncommon trap: reason=class_check action=maybe_recompile pc=0x000000000262daf0 method=com.android.dx.ssa.NormalSsaInsn.accept(Lcom/android/dx/ssa/SsaInsn$Visitor;)V @ 9
Event: 4.298 Thread 0x0000000016727000 Uncommon trap: reason=class_check action=maybe_recompile pc=0x000000000262daf0 method=com.android.dx.ssa.NormalSsaInsn.accept(Lcom/android/dx/ssa/SsaInsn$Visitor;)V @ 9
Event: 4.298 Thread 0x0000000016727000 Uncommon trap: reason=class_check action=maybe_recompile pc=0x000000000262daf0 method=com.android.dx.ssa.NormalSsaInsn.accept(Lcom/android/dx/ssa/SsaInsn$Visitor;)V @ 9
Event: 5.021 Thread 0x000000000239e000 Uncommon trap: reason=null_check action=make_not_entrant pc=0x000000000269aca8 method=com.android.dx.ssa.SsaRenamer.getLocalForNewReg(I)Lcom/android/dx/rop/code/LocalItem; @ 19
Event: 5.256 Thread 0x000000001672a000 Uncommon trap: reason=null_check action=make_not_entrant pc=0x000000000276d9e4 method=com.android.dx.rop.type.Type.equals(Ljava/lang/Object;)Z @ 8
Event: 6.292 Thread 0x000000000239e000 Uncommon trap: reason=unreached action=reinterpret pc=0x00000000028a4b24 method=com.android.dx.rop.code.LocalItem.compareHandlesNulls(Lcom/android/dx/rop/cst/CstString;Lcom/android/dx/rop/cst/CstString;)I @ 8
Event: 6.950 Thread 0x000000000239e000 Uncommon trap: reason=unloaded action=reinterpret pc=0x000000000298bd54 method=com.android.dx.cf.cst.ConstantPoolParser.parse0(ILjava/util/BitSet;)Lcom/android/dx/rop/cst/Constant; @ 220
Event: 7.220 Thread 0x0000000016727000 Uncommon trap: reason=class_check action=maybe_recompile pc=0x00000000029e566c method=com.android.dx.ssa.SCCP.simulatePhi(Lcom/android/dx/ssa/PhiInsn;)V @ 124
Event: 7.222 Thread 0x0000000016727000 Uncommon trap: reason=class_check action=maybe_recompile pc=0x00000000029e566c method=com.android.dx.ssa.SCCP.simulatePhi(Lcom/android/dx/ssa/PhiInsn;)V @ 124

Internal exceptions (10 events):
Event: 4.203 Thread 0x000000000239e000 Exception <a 'java/security/PrivilegedActionException'> (0x00000000eb891b28) thrown at [D:\re\workspace\8-2-build-windows-amd64-cygwin\jdk8u25\1677\hotspot\src\share\vm\prims\jvm.cpp, line 1312]
Event: 4.952 Thread 0x000000000239e000 Exception <a 'java/security/PrivilegedActionException'> (0x00000000eadc2388) thrown at [D:\re\workspace\8-2-build-windows-amd64-cygwin\jdk8u25\1677\hotspot\src\share\vm\prims\jvm.cpp, line 1312]
Event: 4.953 Thread 0x000000000239e000 Exception <a 'java/security/PrivilegedActionException'> (0x00000000eadc4838) thrown at [D:\re\workspace\8-2-build-windows-amd64-cygwin\jdk8u25\1677\hotspot\src\share\vm\prims\jvm.cpp, line 1312]
Event: 4.954 Thread 0x000000000239e000 Exception <a 'java/security/PrivilegedActionException'> (0x00000000eadceae0) thrown at [D:\re\workspace\8-2-build-windows-amd64-cygwin\jdk8u25\1677\hotspot\src\share\vm\prims\jvm.cpp, line 1312]
Event: 4.955 Thread 0x000000000239e000 Exception <a 'java/security/PrivilegedActionException'> (0x00000000eadd11f0) thrown at [D:\re\workspace\8-2-build-windows-amd64-cygwin\jdk8u25\1677\hotspot\src\share\vm\prims\jvm.cpp, line 1312]
Event: 5.021 Thread 0x000000000239e000 Implicit null exception at 0x0000000002698d62 to 0x000000000269ac81
Event: 5.256 Thread 0x000000001672a000 Implicit null exception at 0x000000000276d8e2 to 0x000000000276d9d5
Event: 5.726 Thread 0x000000000239e000 Exception <a 'java/security/PrivilegedActionException'> (0x00000000eba0fd58) thrown at [D:\re\workspace\8-2-build-windows-amd64-cygwin\jdk8u25\1677\hotspot\src\share\vm\prims\jvm.cpp, line 1312]
Event: 6.292 Thread 0x000000000239e000 Implicit null exception at 0x00000000028a3641 to 0x00000000028a4b01
Event: 6.867 Thread 0x0000000016727000 Exception <a 'java/security/PrivilegedActionException'> (0x00000000eb4da948) thrown at [D:\re\workspace\8-2-build-windows-amd64-cygwin\jdk8u25\1677\hotspot\src\share\vm\prims\jvm.cpp, line 1312]

Events (10 events):
Event: 6.950 Thread 0x000000000239e000 Uncommon trap: trap_request=0x000000d2 fr.pc=0x000000000298bd54
Event: 6.950 Thread 0x000000000239e000 DEOPT PACKING pc=0x000000000298bd54 sp=0x00000000021fed50
Event: 6.950 Thread 0x000000000239e000 DEOPT UNPACKING pc=0x00000000023e556a sp=0x00000000021fed08 mode 2
Event: 7.220 Thread 0x0000000016727000 Uncommon trap: trap_request=0xffffffde fr.pc=0x00000000029e566c
Event: 7.220 Thread 0x0000000016727000 DEOPT PACKING pc=0x00000000029e566c sp=0x0000000016bceb00
Event: 7.220 Thread 0x0000000016727000 DEOPT UNPACKING pc=0x00000000023e556a sp=0x0000000016bcea88 mode 2
Event: 7.222 Thread 0x0000000016727000 Uncommon trap: trap_request=0xffffffde fr.pc=0x00000000029e566c
Event: 7.222 Thread 0x0000000016727000 DEOPT PACKING pc=0x00000000029e566c sp=0x0000000016bceb00
Event: 7.222 Thread 0x0000000016727000 DEOPT UNPACKING pc=0x00000000023e556a sp=0x0000000016bcea88 mode 2
Event: 7.240 Executing VM operation: ParallelGCFailedAllocation


Dynamic libraries:
0x00007ff711a30000 - 0x00007ff711a64000 	C:\Program Files\Java\jdk1.8.0_25\bin\java.exe
0x00007ffce6240000 - 0x00007ffce6401000 	C:\WINDOWS\SYSTEM32\ntdll.dll
0x00007ffce5b30000 - 0x00007ffce5bdd000 	C:\WINDOWS\system32\KERNEL32.DLL
0x00007ffce28f0000 - 0x00007ffce2ad8000 	C:\WINDOWS\system32\KERNELBASE.dll
0x00007ffce43b0000 - 0x00007ffce4457000 	C:\WINDOWS\system32\ADVAPI32.dll
0x00007ffce5d70000 - 0x00007ffce5e0d000 	C:\WINDOWS\system32\msvcrt.dll
0x00007ffce3980000 - 0x00007ffce39db000 	C:\WINDOWS\system32\sechost.dll
0x00007ffce3800000 - 0x00007ffce391c000 	C:\WINDOWS\system32\RPCRT4.dll
0x00007ffce36a0000 - 0x00007ffce37f6000 	C:\WINDOWS\system32\USER32.dll
0x00007ffce5be0000 - 0x00007ffce5d66000 	C:\WINDOWS\system32\GDI32.dll
0x00007ffcdaa90000 - 0x00007ffcdad04000 	C:\WINDOWS\WinSxS\amd64_microsoft.windows.common-controls_6595b64144ccf1df_6.0.10586.494_none_a2d8b04ea53e3145\COMCTL32.dll
0x00007ffce4020000 - 0x00007ffce429d000 	C:\WINDOWS\system32\combase.dll
0x00007ffce2f80000 - 0x00007ffce2fea000 	C:\WINDOWS\system32\bcryptPrimitives.dll
0x00007ffce3650000 - 0x00007ffce368b000 	C:\WINDOWS\system32\IMM32.DLL
0x000000005f370000 - 0x000000005f442000 	C:\Program Files\Java\jdk1.8.0_25\jre\bin\msvcr100.dll
0x000000005f830000 - 0x000000006008a000 	C:\Program Files\Java\jdk1.8.0_25\jre\bin\server\jvm.dll
0x00007ffce4460000 - 0x00007ffce4468000 	C:\WINDOWS\system32\PSAPI.DLL
0x00007ffccd6a0000 - 0x00007ffccd6a9000 	C:\WINDOWS\SYSTEM32\WSOCK32.dll
0x00007ffce4470000 - 0x00007ffce44db000 	C:\WINDOWS\system32\WS2_32.dll
0x00007ffce0560000 - 0x00007ffce0583000 	C:\WINDOWS\SYSTEM32\WINMM.dll
0x00007ffce01a0000 - 0x00007ffce01cc000 	C:\WINDOWS\SYSTEM32\WINMMBASE.dll
0x00007ffce2ae0000 - 0x00007ffce2b23000 	C:\WINDOWS\system32\cfgmgr32.dll
0x000000005f820000 - 0x000000005f82f000 	C:\Program Files\Java\jdk1.8.0_25\jre\bin\verify.dll
0x000000005f7f0000 - 0x000000005f818000 	C:\Program Files\Java\jdk1.8.0_25\jre\bin\java.dll
0x000000005f7d0000 - 0x000000005f7e6000 	C:\Program Files\Java\jdk1.8.0_25\jre\bin\zip.dll
0x00007ffce45b0000 - 0x00007ffce5b0c000 	C:\WINDOWS\system32\SHELL32.dll
0x00007ffce2ff0000 - 0x00007ffce3635000 	C:\WINDOWS\system32\windows.storage.dll
0x00007ffce39e0000 - 0x00007ffce3a32000 	C:\WINDOWS\system32\shlwapi.dll
0x00007ffce2890000 - 0x00007ffce289f000 	C:\WINDOWS\system32\kernel.appcore.dll
0x00007ffce2ec0000 - 0x00007ffce2f75000 	C:\WINDOWS\system32\shcore.dll
0x00007ffce28a0000 - 0x00007ffce28eb000 	C:\WINDOWS\system32\powrprof.dll
0x00007ffce2870000 - 0x00007ffce2884000 	C:\WINDOWS\system32\profapi.dll
0x00007ffcc9e10000 - 0x00007ffcc9f9c000 	C:\WINDOWS\SYSTEM32\dbghelp.dll

VM Arguments:
jvm_args: -Djava.awt.headless=true -Xmx1024M -Dfile.encoding=windows-1252 -Duser.country=FR -Duser.language=fr -Duser.variant 
java_command: com.android.dx.command.Main --dex --force-jumbo --num-threads=4 --multi-dex --output C:\Users\Famille\AndroidStudioProjects\Niviel\app\build\intermediates\transforms\dex\debug\folders\1000\10\gson-2.5_5e8b5468139ba08580ff9ef35e6638782f5f99af C:\Users\Famille\.gradle\caches\modules-2\files-2.1\com.google.code.gson\gson\2.5\686c608d1805b6d4d425ec4459e88164ffc85870\gson-2.5.jar
java_class_path (initial): C:\Users\Famille\AppData\Local\Android\sdk\build-tools\23.0.2\lib\dx.jar
Launcher Type: SUN_STANDARD

Environment Variables:
JAVA_HOME=C:\Program Files\Java\jdk1.8.0_25
PATH=C:\Program Files\Broadcom\Broadcom 802.11 Network Adapter;;C:\Program Files\Broadcom\Broadcom 802.11;C:\ProgramData\Oracle\Java\javapath;C:\Program Files (x86)\Intel\iCLS Client\;C:\Program Files\Intel\iCLS Client\;C:\Windows\system32;C:\Windows;C:\Windows\System32\Wbem;C:\Windows\System32\WindowsPowerShell\v1.0\;C:\Program Files\Hewlett-Packard\SimplePass\;C:\wamp\bin\php\php5.5.12;C:\Python27;C:\Users\Famille\AppData\Roaming\npm\;C:\Program Files\nodejs\;C:\Program Files\Git\cmd;C:\Program Files (x86)\Brackets\command;C:\Program Files (x86)\Ant\bin;C:\Program Files (x86)\Maven\bin;C:\Program Files (x86)\Intel\Intel(R) Management Engine Components\DAL;C:\Program Files\Intel\Intel(R) Management Engine Components\DAL;C:\Program Files (x86)\Intel\Intel(R) Management Engine Components\IPT;C:\Program Files\Intel\Intel(R) Management Engine Components\IPT;C:\Users\Famille\AppData\Local\atom\bin;C:\Users\Famille\AppData\Roaming\npm
USERNAME=de Lachaux
OS=Windows_NT
PROCESSOR_IDENTIFIER=Intel64 Family 6 Model 69 Stepping 1, GenuineIntel



---------------  S Y S T E M  ---------------

OS: Windows 8.1 , 64 bit Build 9600 

CPU:total 4 (2 cores per cpu, 2 threads per core) family 6 model 69 stepping 1, cmov, cx8, fxsr, mmx, sse, sse2, sse3, ssse3, sse4.1, sse4.2, popcnt, avx, avx2, aes, clmul, erms, lzcnt, ht, tsc, tscinvbit, bmi1, bmi2

Memory: 4k page, physical 4122776k(264296k free), swap 5555352k(44756k free)

vm_info: Java HotSpot(TM) 64-Bit Server VM (25.25-b02) for windows-amd64 JRE (1.8.0_25-b18), built on Oct  7 2014 14:25:37 by "java_re" with MS VC++ 10.0 (VS2010)

time: Thu Sep 01 11:24:47 2016
elapsed time: 8 seconds (0d 0h 0m 8s)

