#
# There is insufficient memory for the Java Runtime Environment to continue.
# Native memory allocation (malloc) failed to allocate 1013856 bytes for Chunk::new
# Possible reasons:
#   The system is out of physical RAM or swap space
#   In 32 bit mode, the process size limit was hit
# Possible solutions:
#   Reduce memory load on the system
#   Increase physical memory or swap space
#   Check if swap backing store is full
#   Use 64 bit Java on a 64 bit OS
#   Decrease Java heap size (-Xmx/-Xms)
#   Decrease number of Java threads
#   Decrease Java thread stack sizes (-Xss)
#   Set larger code cache with -XX:ReservedCodeCacheSize=
# This output file may be truncated or incomplete.
#
#  Out of Memory Error (allocation.cpp:390), pid=17664, tid=17640
#
# JRE version: Java(TM) SE Runtime Environment (8.0_25-b18) (build 1.8.0_25-b18)
# Java VM: Java HotSpot(TM) 64-Bit Server VM (25.25-b02 mixed mode windows-amd64 compressed oops)
# Failed to write core dump. Minidumps are not enabled by default on client versions of Windows
#

---------------  T H R E A D  ---------------

Current thread (0x00000000153dc000):  JavaThread "C2 CompilerThread0" daemon [_thread_in_native, id=17640, stack(0x0000000016940000,0x0000000016a40000)]

Stack: [0x0000000016940000,0x0000000016a40000]
Native frames: (J=compiled Java code, j=interpreted, Vv=VM code, C=native code)
V  [jvm.dll+0x31667a]
V  [jvm.dll+0x267073]
V  [jvm.dll+0x267cb3]
V  [jvm.dll+0x25f5b5]
V  [jvm.dll+0xbf165]
V  [jvm.dll+0xbf60c]
V  [jvm.dll+0x45d672]
V  [jvm.dll+0x49e8ef]
V  [jvm.dll+0x452b41]
V  [jvm.dll+0x453864]
V  [jvm.dll+0x437372]
V  [jvm.dll+0x98a02]
V  [jvm.dll+0x991f3]
V  [jvm.dll+0x22bde4]
V  [jvm.dll+0x2852fa]
C  [msvcr100.dll+0x21d9f]
C  [msvcr100.dll+0x21e3b]
C  [KERNEL32.DLL+0x18102]
C  [ntdll.dll+0x5c5b4]


Current CompileTask:
C2:  11955 1283       4       com.android.dx.ssa.SCCP::simulatePhi (169 bytes)


---------------  P R O C E S S  ---------------

Java Threads: ( => current thread )
  0x000000001706b800 JavaThread "pool-2-thread-3" [_thread_in_Java, id=16768, stack(0x0000000017540000,0x0000000017640000)]
  0x0000000017068800 JavaThread "pool-2-thread-2" [_thread_in_Java, id=17820, stack(0x0000000017440000,0x0000000017540000)]
  0x0000000017076000 JavaThread "pool-3-thread-1" [_thread_blocked, id=17824, stack(0x0000000017340000,0x0000000017440000)]
  0x0000000017075800 JavaThread "pool-2-thread-1" [_thread_in_Java, id=17716, stack(0x0000000017240000,0x0000000017340000)]
  0x000000001543c000 JavaThread "Service Thread" daemon [_thread_blocked, id=12772, stack(0x0000000016c40000,0x0000000016d40000)]
  0x0000000015433000 JavaThread "C1 CompilerThread2" daemon [_thread_blocked, id=17088, stack(0x0000000016b40000,0x0000000016c40000)]
  0x00000000153e1000 JavaThread "C2 CompilerThread1" daemon [_thread_in_native, id=17652, stack(0x0000000016a40000,0x0000000016b40000)]
=>0x00000000153dc000 JavaThread "C2 CompilerThread0" daemon [_thread_in_native, id=17640, stack(0x0000000016940000,0x0000000016a40000)]
  0x00000000153da800 JavaThread "Attach Listener" daemon [_thread_blocked, id=17480, stack(0x0000000016840000,0x0000000016940000)]
  0x00000000153d9800 JavaThread "Signal Dispatcher" daemon [_thread_blocked, id=16116, stack(0x0000000016740000,0x0000000016840000)]
  0x0000000002d00800 JavaThread "Finalizer" daemon [_thread_blocked, id=18300, stack(0x0000000016640000,0x0000000016740000)]
  0x0000000002cfd000 JavaThread "Reference Handler" daemon [_thread_blocked, id=18236, stack(0x0000000016540000,0x0000000016640000)]
  0x0000000002c0e000 JavaThread "main" [_thread_blocked, id=15752, stack(0x0000000002a10000,0x0000000002b10000)]

Other Threads:
  0x00000000153a6800 VMThread [stack: 0x0000000016440000,0x0000000016540000] [id=15720]
  0x000000001543e800 WatcherThread [stack: 0x0000000016d40000,0x0000000016e40000] [id=16344]

VM state:not at safepoint (normal execution)

VM Mutex/Monitor currently owned by a thread: None

Heap:
 PSYoungGen      total 35328K, used 14302K [0x00000000eab00000, 0x00000000ef000000, 0x0000000100000000)
  eden space 32768K, 35% used [0x00000000eab00000,0x00000000eb679c58,0x00000000ecb00000)
  from space 2560K, 99% used [0x00000000ecb00000,0x00000000ecd7ddb8,0x00000000ecd80000)
  to   space 2560K, 0% used [0x00000000eed80000,0x00000000eed80000,0x00000000ef000000)
 ParOldGen       total 44032K, used 23200K [0x00000000c0000000, 0x00000000c2b00000, 0x00000000eab00000)
  object space 44032K, 52% used [0x00000000c0000000,0x00000000c16a83d8,0x00000000c2b00000)
 Metaspace       used 5904K, capacity 6896K, committed 7040K, reserved 1056768K
  class space    used 590K, capacity 616K, committed 640K, reserved 1048576K

Card table byte_map: [0x00000000120d0000,0x00000000122e0000] byte_map_base: 0x0000000011ad0000

Marking Bits: (ParMarkBitMap*) 0x0000000064a2d490
 Begin Bits: [0x0000000012840000, 0x0000000013840000)
 End Bits:   [0x0000000013840000, 0x0000000014840000)

Polling page: 0x0000000001170000

CodeCache: size=245760Kb used=5204Kb max_used=5204Kb free=240555Kb
 bounds [0x0000000002d10000, 0x0000000003230000, 0x0000000011d10000]
 total_blobs=1529 nmethods=1264 adapters=178
 compilation: disabled (not enough contiguous free space left)

Compilation events (10 events):
Event: 11.804 Thread 0x0000000015433000 1287       3       com.android.dx.cf.code.BasicBlocker::getBlockList (208 bytes)
Event: 11.806 Thread 0x00000000153e1000 nmethod 1267 0x000000000321dad0 code [0x000000000321dda0, 0x000000000321ffa0]
Event: 11.806 Thread 0x0000000015433000 nmethod 1287 0x0000000003213710 code [0x0000000003213980, 0x0000000003214ba8]
Event: 11.806 Thread 0x00000000153e1000 1279       4       com.android.dx.ssa.SCCP::simulateStmt (481 bytes)
Event: 11.808 Thread 0x0000000015433000 1288       3       com.android.dx.cf.code.Ropper::addExceptionSetupBlocks (203 bytes)
Event: 11.811 Thread 0x0000000015433000 nmethod 1288 0x00000000032225d0 code [0x00000000032229c0, 0x0000000003224e98]
Event: 11.812 Thread 0x0000000015433000 1289       3       com.android.dx.ssa.back.IdenticalBlockCombiner::process (323 bytes)
Event: 11.815 Thread 0x0000000015433000 nmethod 1289 0x0000000003226950 code [0x0000000003226ce0, 0x0000000003229198]
Event: 11.815 Thread 0x0000000015433000 1290       3       com.android.dx.dex.code.RopTranslator::pickOrder (400 bytes)
Event: 11.818 Thread 0x0000000015433000 nmethod 1290 0x000000000322a3d0 code [0x000000000322a700, 0x000000000322c818]

GC Heap History (6 events):
Event: 8.764 GC heap before
{Heap before GC invocations=1 (full 0):
 PSYoungGen      total 18944K, used 16384K [0x00000000eab00000, 0x00000000ec000000, 0x0000000100000000)
  eden space 16384K, 100% used [0x00000000eab00000,0x00000000ebb00000,0x00000000ebb00000)
  from space 2560K, 0% used [0x00000000ebd80000,0x00000000ebd80000,0x00000000ec000000)
  to   space 2560K, 0% used [0x00000000ebb00000,0x00000000ebb00000,0x00000000ebd80000)
 ParOldGen       total 44032K, used 0K [0x00000000c0000000, 0x00000000c2b00000, 0x00000000eab00000)
  object space 44032K, 0% used [0x00000000c0000000,0x00000000c0000000,0x00000000c2b00000)
 Metaspace       used 5753K, capacity 6832K, committed 7040K, reserved 1056768K
  class space    used 583K, capacity 616K, committed 640K, reserved 1048576K
Event: 9.264 GC heap after
Heap after GC invocations=1 (full 0):
 PSYoungGen      total 18944K, used 2546K [0x00000000eab00000, 0x00000000ed000000, 0x0000000100000000)
  eden space 16384K, 0% used [0x00000000eab00000,0x00000000eab00000,0x00000000ebb00000)
  from space 2560K, 99% used [0x00000000ebb00000,0x00000000ebd7cb40,0x00000000ebd80000)
  to   space 2560K, 0% used [0x00000000ecd80000,0x00000000ecd80000,0x00000000ed000000)
 ParOldGen       total 44032K, used 2147K [0x00000000c0000000, 0x00000000c2b00000, 0x00000000eab00000)
  object space 44032K, 4% used [0x00000000c0000000,0x00000000c0218fd8,0x00000000c2b00000)
 Metaspace       used 5753K, capacity 6832K, committed 7040K, reserved 1056768K
  class space    used 583K, capacity 616K, committed 640K, reserved 1048576K
}
Event: 10.095 GC heap before
{Heap before GC invocations=2 (full 0):
 PSYoungGen      total 18944K, used 18930K [0x00000000eab00000, 0x00000000ed000000, 0x0000000100000000)
  eden space 16384K, 100% used [0x00000000eab00000,0x00000000ebb00000,0x00000000ebb00000)
  from space 2560K, 99% used [0x00000000ebb00000,0x00000000ebd7cb40,0x00000000ebd80000)
  to   space 2560K, 0% used [0x00000000ecd80000,0x00000000ecd80000,0x00000000ed000000)
 ParOldGen       total 44032K, used 2147K [0x00000000c0000000, 0x00000000c2b00000, 0x00000000eab00000)
  object space 44032K, 4% used [0x00000000c0000000,0x00000000c0218fd8,0x00000000c2b00000)
 Metaspace       used 5827K, capacity 6832K, committed 7040K, reserved 1056768K
  class space    used 585K, capacity 616K, committed 640K, reserved 1048576K
Event: 10.383 GC heap after
Heap after GC invocations=2 (full 0):
 PSYoungGen      total 35328K, used 2551K [0x00000000eab00000, 0x00000000ed000000, 0x0000000100000000)
  eden space 32768K, 0% used [0x00000000eab00000,0x00000000eab00000,0x00000000ecb00000)
  from space 2560K, 99% used [0x00000000ecd80000,0x00000000ecffdda8,0x00000000ed000000)
  to   space 2560K, 0% used [0x00000000ecb00000,0x00000000ecb00000,0x00000000ecd80000)
 ParOldGen       total 44032K, used 8232K [0x00000000c0000000, 0x00000000c2b00000, 0x00000000eab00000)
  object space 44032K, 18% used [0x00000000c0000000,0x00000000c080a330,0x00000000c2b00000)
 Metaspace       used 5827K, capacity 6832K, committed 7040K, reserved 1056768K
  class space    used 585K, capacity 616K, committed 640K, reserved 1048576K
}
Event: 11.629 GC heap before
{Heap before GC invocations=3 (full 0):
 PSYoungGen      total 35328K, used 35319K [0x00000000eab00000, 0x00000000ed000000, 0x0000000100000000)
  eden space 32768K, 100% used [0x00000000eab00000,0x00000000ecb00000,0x00000000ecb00000)
  from space 2560K, 99% used [0x00000000ecd80000,0x00000000ecffdda8,0x00000000ed000000)
  to   space 2560K, 0% used [0x00000000ecb00000,0x00000000ecb00000,0x00000000ecd80000)
 ParOldGen       total 44032K, used 8232K [0x00000000c0000000, 0x00000000c2b00000, 0x00000000eab00000)
  object space 44032K, 18% used [0x00000000c0000000,0x00000000c080a330,0x00000000c2b00000)
 Metaspace       used 5879K, capacity 6896K, committed 7040K, reserved 1056768K
  class space    used 590K, capacity 616K, committed 640K, reserved 1048576K
Event: 11.669 GC heap after
Heap after GC invocations=3 (full 0):
 PSYoungGen      total 35328K, used 2551K [0x00000000eab00000, 0x00000000ef000000, 0x0000000100000000)
  eden space 32768K, 0% used [0x00000000eab00000,0x00000000eab00000,0x00000000ecb00000)
  from space 2560K, 99% used [0x00000000ecb00000,0x00000000ecd7ddb8,0x00000000ecd80000)
  to   space 2560K, 0% used [0x00000000eed80000,0x00000000eed80000,0x00000000ef000000)
 ParOldGen       total 44032K, used 23200K [0x00000000c0000000, 0x00000000c2b00000, 0x00000000eab00000)
  object space 44032K, 52% used [0x00000000c0000000,0x00000000c16a83d8,0x00000000c2b00000)
 Metaspace       used 5879K, capacity 6896K, committed 7040K, reserved 1056768K
  class space    used 590K, capacity 616K, committed 640K, reserved 1048576K
}

Deoptimization events (6 events):
Event: 8.723 Thread 0x000000001706c800 Uncommon trap: reason=null_check action=make_not_entrant pc=0x0000000002fa2bbc method=com.android.dx.ssa.SsaRenamer.getLocalForNewReg(I)Lcom/android/dx/rop/code/LocalItem; @ 19
Event: 8.724 Thread 0x000000001706c800 Uncommon trap: reason=null_check action=make_not_entrant pc=0x0000000002fb0bc8 method=com.android.dx.ssa.SsaRenamer.getLocalForNewReg(I)Lcom/android/dx/rop/code/LocalItem; @ 19
Event: 9.322 Thread 0x0000000017075800 Uncommon trap: reason=class_check action=maybe_recompile pc=0x000000000310a7d0 method=com.android.dx.cf.code.BytecodeArray.parseInstruction(ILcom/android/dx/cf/code/BytecodeArray$Visitor;)I @ 971
Event: 9.323 Thread 0x0000000017075800 Uncommon trap: reason=class_check action=maybe_recompile pc=0x000000000310a820 method=com.android.dx.cf.code.BytecodeArray.parseInstruction(ILcom/android/dx/cf/code/BytecodeArray$Visitor;)I @ 987
Event: 9.323 Thread 0x0000000017075800 Uncommon trap: reason=class_check action=maybe_recompile pc=0x000000000310a884 method=com.android.dx.cf.code.BytecodeArray.parseInstruction(ILcom/android/dx/cf/code/BytecodeArray$Visitor;)I @ 1130
Event: 9.360 Thread 0x0000000017068800 Uncommon trap: reason=class_check action=maybe_recompile pc=0x000000000310a884 method=com.android.dx.cf.code.BytecodeArray.parseInstruction(ILcom/android/dx/cf/code/BytecodeArray$Visitor;)I @ 1130

Internal exceptions (10 events):
Event: 8.723 Thread 0x000000001706c800 Implicit null exception at 0x0000000002fa07c1 to 0x0000000002fa2b95
Event: 8.724 Thread 0x000000001706c800 Implicit null exception at 0x0000000002fae707 to 0x0000000002fb0ba5
Event: 9.294 Thread 0x0000000002c0e000 Exception <a 'java/security/PrivilegedActionException'> (0x00000000eab7f040) thrown at [D:\re\workspace\8-2-build-windows-amd64-cygwin\jdk8u25\1677\hotspot\src\share\vm\prims\jvm.cpp, line 1312]
Event: 9.388 Thread 0x0000000002c0e000 Exception <a 'java/security/PrivilegedActionException'> (0x00000000eaf0ad50) thrown at [D:\re\workspace\8-2-build-windows-amd64-cygwin\jdk8u25\1677\hotspot\src\share\vm\prims\jvm.cpp, line 1312]
Event: 9.501 Thread 0x0000000002c0e000 Exception <a 'java/security/PrivilegedActionException'> (0x00000000eb0fc4d0) thrown at [D:\re\workspace\8-2-build-windows-amd64-cygwin\jdk8u25\1677\hotspot\src\share\vm\prims\jvm.cpp, line 1312]
Event: 10.606 Thread 0x000000001706c800 Exception <a 'java/security/PrivilegedActionException'> (0x00000000ebd1ed40) thrown at [D:\re\workspace\8-2-build-windows-amd64-cygwin\jdk8u25\1677\hotspot\src\share\vm\prims\jvm.cpp, line 1312]
Event: 10.607 Thread 0x000000001706c800 Exception <a 'java/security/PrivilegedActionException'> (0x00000000ebd247b0) thrown at [D:\re\workspace\8-2-build-windows-amd64-cygwin\jdk8u25\1677\hotspot\src\share\vm\prims\jvm.cpp, line 1312]
Event: 10.607 Thread 0x000000001706c800 Exception <a 'java/security/PrivilegedActionException'> (0x00000000ebd29fd8) thrown at [D:\re\workspace\8-2-build-windows-amd64-cygwin\jdk8u25\1677\hotspot\src\share\vm\prims\jvm.cpp, line 1312]
Event: 11.359 Thread 0x0000000017075800 Exception <a 'java/security/PrivilegedActionException'> (0x00000000ebfd5e98) thrown at [D:\re\workspace\8-2-build-windows-amd64-cygwin\jdk8u25\1677\hotspot\src\share\vm\prims\jvm.cpp, line 1312]
Event: 11.385 Thread 0x0000000017075800 Exception <a 'java/security/PrivilegedActionException'> (0x00000000ec03d898) thrown at [D:\re\workspace\8-2-build-windows-amd64-cygwin\jdk8u25\1677\hotspot\src\share\vm\prims\jvm.cpp, line 1312]

Events (10 events):
Event: 11.360 Executing VM operation: Deoptimize done
Event: 11.385 loading class com/android/dx/util/ListIntSet$1
Event: 11.385 loading class com/android/dx/util/ListIntSet$1 done
Event: 11.536 Thread 0x000000001706b800 DEOPT PACKING pc=0x00000000030b1b63 sp=0x000000001763eb60
Event: 11.536 Thread 0x000000001706b800 DEOPT UNPACKING pc=0x0000000002d575bf sp=0x000000001763e858 mode 0
Event: 11.546 Thread 0x000000001706b800 DEOPT PACKING pc=0x0000000002f8bd84 sp=0x000000001763eb10
Event: 11.546 Thread 0x000000001706b800 DEOPT UNPACKING pc=0x0000000002d575bf sp=0x000000001763e838 mode 0
Event: 11.619 Executing VM operation: ParallelGCFailedAllocation
Event: 11.669 Executing VM operation: ParallelGCFailedAllocation done
Event: 11.818 Thread 0x000000001706c800 Thread exited: 0x000000001706c800


Dynamic libraries:
0x00007ff6e16e0000 - 0x00007ff6e1714000 	C:\Program Files\Java\jdk1.8.0_25\bin\java.exe
0x00007ffb51f40000 - 0x00007ffb52101000 	C:\WINDOWS\SYSTEM32\ntdll.dll
0x00007ffb4f840000 - 0x00007ffb4f8ed000 	C:\WINDOWS\system32\KERNEL32.DLL
0x00007ffb4e610000 - 0x00007ffb4e7f8000 	C:\WINDOWS\system32\KERNELBASE.dll
0x00007ffb50750000 - 0x00007ffb507f7000 	C:\WINDOWS\system32\ADVAPI32.dll
0x00007ffb50930000 - 0x00007ffb509cd000 	C:\WINDOWS\system32\msvcrt.dll
0x00007ffb4fa80000 - 0x00007ffb4fadb000 	C:\WINDOWS\system32\sechost.dll
0x00007ffb501f0000 - 0x00007ffb5030c000 	C:\WINDOWS\system32\RPCRT4.dll
0x00007ffb4fec0000 - 0x00007ffb50016000 	C:\WINDOWS\system32\USER32.dll
0x00007ffb4f8f0000 - 0x00007ffb4fa76000 	C:\WINDOWS\system32\GDI32.dll
0x00007ffb48c60000 - 0x00007ffb48ed4000 	C:\WINDOWS\WinSxS\amd64_microsoft.windows.common-controls_6595b64144ccf1df_6.0.10586.0_none_8c15ae12515e1c22\COMCTL32.dll
0x00007ffb4f3a0000 - 0x00007ffb4f61d000 	C:\WINDOWS\system32\combase.dll
0x00007ffb4eb40000 - 0x00007ffb4ebaa000 	C:\WINDOWS\system32\bcryptPrimitives.dll
0x00007ffb4fbb0000 - 0x00007ffb4fbeb000 	C:\WINDOWS\system32\IMM32.DLL
0x0000000063d90000 - 0x0000000063e62000 	C:\Program Files\Java\jdk1.8.0_25\jre\bin\msvcr100.dll
0x0000000064250000 - 0x0000000064aaa000 	C:\Program Files\Java\jdk1.8.0_25\jre\bin\server\jvm.dll
0x00007ffb51f30000 - 0x00007ffb51f38000 	C:\WINDOWS\system32\PSAPI.DLL
0x00007ffb3e7d0000 - 0x00007ffb3e7d9000 	C:\WINDOWS\SYSTEM32\WSOCK32.dll
0x00007ffb4fca0000 - 0x00007ffb4fd0b000 	C:\WINDOWS\system32\WS2_32.dll
0x00007ffb4cb80000 - 0x00007ffb4cba3000 	C:\WINDOWS\SYSTEM32\WINMM.dll
0x00007ffb4c0a0000 - 0x00007ffb4c0cc000 	C:\WINDOWS\SYSTEM32\WINMMBASE.dll
0x00007ffb4ebb0000 - 0x00007ffb4ebf3000 	C:\WINDOWS\system32\cfgmgr32.dll
0x0000000064240000 - 0x000000006424f000 	C:\Program Files\Java\jdk1.8.0_25\jre\bin\verify.dll
0x0000000064210000 - 0x0000000064238000 	C:\Program Files\Java\jdk1.8.0_25\jre\bin\java.dll
0x00000000641f0000 - 0x0000000064206000 	C:\Program Files\Java\jdk1.8.0_25\jre\bin\zip.dll
0x00007ffb509d0000 - 0x00007ffb51f2c000 	C:\WINDOWS\system32\SHELL32.dll
0x00007ffb4ec00000 - 0x00007ffb4f244000 	C:\WINDOWS\system32\windows.storage.dll
0x00007ffb50190000 - 0x00007ffb501e2000 	C:\WINDOWS\system32\shlwapi.dll
0x00007ffb4e560000 - 0x00007ffb4e56f000 	C:\WINDOWS\system32\kernel.appcore.dll
0x00007ffb4ea80000 - 0x00007ffb4eb35000 	C:\WINDOWS\system32\shcore.dll
0x00007ffb4e570000 - 0x00007ffb4e5bb000 	C:\WINDOWS\system32\powrprof.dll
0x00007ffb4e5d0000 - 0x00007ffb4e5e4000 	C:\WINDOWS\system32\profapi.dll
0x00007ffb3a4f0000 - 0x00007ffb3a67c000 	C:\WINDOWS\SYSTEM32\dbghelp.dll

VM Arguments:
jvm_args: -Djava.awt.headless=true -Xmx1024M -Dfile.encoding=windows-1252 -Duser.country=FR -Duser.language=fr -Duser.variant 
java_command: com.android.dx.command.Main --dex --force-jumbo --num-threads=4 --multi-dex --output C:\Users\Famille\AndroidStudioProjects\Niviel\app\build\intermediates\transforms\dex\debug\folders\1000\5\slice_1 C:\Users\Famille\AndroidStudioProjects\Niviel\app\build\intermediates\transforms\instantRunSlicer\debug\folders\1\5\slice_1
java_class_path (initial): C:\Users\Famille\AppData\Local\Android\sdk\build-tools\23.0.2\lib\dx.jar
Launcher Type: SUN_STANDARD

Environment Variables:
JAVA_HOME=C:\Program Files\Java\jdk1.8.0_25
PATH=C:\Program Files\Broadcom\Broadcom 802.11 Network Adapter;;C:\Program Files\Broadcom\Broadcom 802.11;C:\ProgramData\Oracle\Java\javapath;C:\Program Files (x86)\Intel\iCLS Client\;C:\Program Files\Intel\iCLS Client\;C:\Windows\system32;C:\Windows;C:\Windows\System32\Wbem;C:\Windows\System32\WindowsPowerShell\v1.0\;C:\Program Files\Hewlett-Packard\SimplePass\;C:\wamp\bin\php\php5.5.12;C:\Python27;C:\Users\Famille\AppData\Roaming\npm\;C:\Program Files\nodejs\;C:\Program Files\Git\cmd;C:\Program Files (x86)\Brackets\command;C:\Program Files (x86)\Ant\bin;C:\Program Files (x86)\Maven\bin;C:\Program Files (x86)\Intel\Intel(R) Management Engine Components\DAL;C:\Program Files\Intel\Intel(R) Management Engine Components\DAL;C:\Program Files (x86)\Intel\Intel(R) Management Engine Components\IPT;C:\Program Files\Intel\Intel(R) Management Engine Components\IPT;C:\Users\Famille\AppData\Local\atom\bin;C:\Users\Famille\AppData\Roaming\npm
USERNAME=de Lachaux
OS=Windows_NT
PROCESSOR_IDENTIFIER=Intel64 Family 6 Model 69 Stepping 1, GenuineIntel



---------------  S Y S T E M  ---------------

OS: Windows 8.1 , 64 bit Build 9600 

CPU:total 4 (2 cores per cpu, 2 threads per core) family 6 model 69 stepping 1, cmov, cx8, fxsr, mmx, sse, sse2, sse3, ssse3, sse4.1, sse4.2, popcnt, avx, avx2, aes, clmul, erms, lzcnt, ht, tsc, tscinvbit, bmi1, bmi2

Memory: 4k page, physical 4122776k(239872k free), swap 5555352k(4596k free)

vm_info: Java HotSpot(TM) 64-Bit Server VM (25.25-b02) for windows-amd64 JRE (1.8.0_25-b18), built on Oct  7 2014 14:25:37 by "java_re" with MS VC++ 10.0 (VS2010)

time: Sat Jul 02 17:50:45 2016
elapsed time: 11 seconds (0d 0h 0m 11s)

