#
# There is insufficient memory for the Java Runtime Environment to continue.
# Native memory allocation (malloc) failed to allocate 722416 bytes for Chunk::new
# Possible reasons:
#   The system is out of physical RAM or swap space
#   In 32 bit mode, the process size limit was hit
# Possible solutions:
#   Reduce memory load on the system
#   Increase physical memory or swap space
#   Check if swap backing store is full
#   Use 64 bit Java on a 64 bit OS
#   Decrease Java heap size (-Xmx/-Xms)
#   Decrease number of Java threads
#   Decrease Java thread stack sizes (-Xss)
#   Set larger code cache with -XX:ReservedCodeCacheSize=
# This output file may be truncated or incomplete.
#
#  Out of Memory Error (allocation.cpp:390), pid=13948, tid=14764
#
# JRE version: Java(TM) SE Runtime Environment (8.0_25-b18) (build 1.8.0_25-b18)
# Java VM: Java HotSpot(TM) 64-Bit Server VM (25.25-b02 mixed mode windows-amd64 compressed oops)
# Failed to write core dump. Minidumps are not enabled by default on client versions of Windows
#

---------------  T H R E A D  ---------------

Current thread (0x000000001508c000):  JavaThread "C2 CompilerThread0" daemon [_thread_in_native, id=14764, stack(0x0000000016610000,0x0000000016710000)]

Stack: [0x0000000016610000,0x0000000016710000]
Native frames: (J=compiled Java code, j=interpreted, Vv=VM code, C=native code)
V  [jvm.dll+0x31667a]
V  [jvm.dll+0x267073]
V  [jvm.dll+0x267cb3]
V  [jvm.dll+0x25f5b5]
V  [jvm.dll+0xbf165]
V  [jvm.dll+0xbf60c]
V  [jvm.dll+0x478fbc]
V  [jvm.dll+0x4463eb]
V  [jvm.dll+0x45130e]
V  [jvm.dll+0x4538f8]
V  [jvm.dll+0x437372]
V  [jvm.dll+0x98a02]
V  [jvm.dll+0x991f3]
V  [jvm.dll+0x22bde4]
V  [jvm.dll+0x2852fa]
C  [msvcr100.dll+0x21d9f]
C  [msvcr100.dll+0x21e3b]
C  [KERNEL32.DLL+0x18102]
C  [ntdll.dll+0x5c5b4]


Current CompileTask:
C2:  18676 1718       4       com.android.dx.rop.code.Rops::ropFor (771 bytes)


---------------  P R O C E S S  ---------------

Java Threads: ( => current thread )
  0x0000000016e2f000 JavaThread "pool-1-thread-4" [_thread_in_vm, id=14480, stack(0x0000000017b10000,0x0000000017c10000)]
  0x0000000016e2e000 JavaThread "pool-1-thread-3" [_thread_in_vm_trans, id=20792, stack(0x0000000017a10000,0x0000000017b10000)]
  0x0000000016e2d000 JavaThread "pool-1-thread-2" [_thread_in_Java, id=8264, stack(0x0000000017910000,0x0000000017a10000)]
  0x0000000016e2c000 JavaThread "pool-2-thread-1" [_thread_blocked, id=16332, stack(0x0000000017810000,0x0000000017910000)]
  0x0000000016d86800 JavaThread "pool-1-thread-1" [_thread_in_Java, id=19572, stack(0x0000000017710000,0x0000000017810000)]
  0x00000000150e4800 JavaThread "Service Thread" daemon [_thread_blocked, id=23176, stack(0x0000000016910000,0x0000000016a10000)]
  0x00000000150e0000 JavaThread "C1 CompilerThread2" daemon [_thread_blocked, id=11116, stack(0x0000000016810000,0x0000000016910000)]
  0x0000000015091800 JavaThread "C2 CompilerThread1" daemon [_thread_in_native, id=16804, stack(0x0000000016710000,0x0000000016810000)]
=>0x000000001508c000 JavaThread "C2 CompilerThread0" daemon [_thread_in_native, id=14764, stack(0x0000000016610000,0x0000000016710000)]
  0x000000001508a800 JavaThread "Attach Listener" daemon [_thread_blocked, id=12808, stack(0x0000000016510000,0x0000000016610000)]
  0x0000000015089800 JavaThread "Signal Dispatcher" daemon [_thread_blocked, id=12316, stack(0x0000000016410000,0x0000000016510000)]
  0x00000000029b0800 JavaThread "Finalizer" daemon [_thread_blocked, id=6932, stack(0x0000000016310000,0x0000000016410000)]
  0x00000000029ad000 JavaThread "Reference Handler" daemon [_thread_blocked, id=22896, stack(0x0000000016210000,0x0000000016310000)]
  0x00000000028be000 JavaThread "main" [_thread_in_Java, id=17460, stack(0x0000000002750000,0x0000000002850000)]

Other Threads:
  0x0000000015056800 VMThread [stack: 0x0000000016110000,0x0000000016210000] [id=14556]
  0x00000000150e7800 WatcherThread [stack: 0x0000000016a10000,0x0000000016b10000] [id=5232]

VM state:not at safepoint (normal execution)

VM Mutex/Monitor currently owned by a thread: None

Heap:
 PSYoungGen      total 68096K, used 29717K [0x00000000eab00000, 0x00000000ef000000, 0x0000000100000000)
  eden space 65536K, 41% used [0x00000000eab00000,0x00000000ec58b2d8,0x00000000eeb00000)
  from space 2560K, 99% used [0x00000000eed80000,0x00000000eeffa200,0x00000000ef000000)
  to   space 2560K, 0% used [0x00000000eeb00000,0x00000000eeb00000,0x00000000eed80000)
 ParOldGen       total 44032K, used 15004K [0x00000000c0000000, 0x00000000c2b00000, 0x00000000eab00000)
  object space 44032K, 34% used [0x00000000c0000000,0x00000000c0ea7080,0x00000000c2b00000)
 Metaspace       used 6207K, capacity 7088K, committed 7296K, reserved 1056768K
  class space    used 589K, capacity 616K, committed 640K, reserved 1048576K

Card table byte_map: [0x0000000011d80000,0x0000000011f90000] byte_map_base: 0x0000000011780000

Marking Bits: (ParMarkBitMap*) 0x000000005836d490
 Begin Bits: [0x00000000124f0000, 0x00000000134f0000)
 End Bits:   [0x00000000134f0000, 0x00000000144f0000)

Polling page: 0x00000000009f0000

CodeCache: size=245760Kb used=7359Kb max_used=7359Kb free=238400Kb
 bounds [0x00000000029c0000, 0x0000000003100000, 0x00000000119c0000]
 total_blobs=1990 nmethods=1726 adapters=178
 compilation: enabled

Compilation events (10 events):
Event: 18.512 Thread 0x00000000150e0000 1745   !   2       com.android.dx.cf.direct.DirectClassFile$DcfTypeList::<init> (137 bytes)
Event: 18.514 Thread 0x00000000150e0000 nmethod 1745 0x00000000030eb950 code [0x00000000030ebc00, 0x00000000030ec978]
Event: 18.516 Thread 0x00000000150e0000 1746       2       com.android.dx.rop.code.Rops::opPutField (97 bytes)
Event: 18.517 Thread 0x00000000150e0000 nmethod 1746 0x00000000030d4510 code [0x00000000030d46e0, 0x00000000030d4c18]
Event: 18.554 Thread 0x00000000150e0000 1747       2       java.io.FilterInputStream::read (9 bytes)
Event: 18.554 Thread 0x00000000150e0000 nmethod 1747 0x00000000030d4150 code [0x00000000030d42c0, 0x00000000030d4448]
Event: 18.566 Thread 0x00000000150e0000 1748       1       java.util.HashMap$Node::getKey (5 bytes)
Event: 18.566 Thread 0x00000000150e0000 nmethod 1748 0x00000000030d3e90 code [0x00000000030d3fe0, 0x00000000030d40f0]
Event: 18.566 Thread 0x00000000150e0000 1749       2       com.android.dx.rop.code.RegisterSpec::withLocalItem (41 bytes)
Event: 18.567 Thread 0x00000000150e0000 nmethod 1749 0x00000000030edc50 code [0x00000000030eddc0, 0x00000000030ee018]

GC Heap History (8 events):
Event: 14.005 GC heap before
{Heap before GC invocations=1 (full 0):
 PSYoungGen      total 18944K, used 16384K [0x00000000eab00000, 0x00000000ec000000, 0x0000000100000000)
  eden space 16384K, 100% used [0x00000000eab00000,0x00000000ebb00000,0x00000000ebb00000)
  from space 2560K, 0% used [0x00000000ebd80000,0x00000000ebd80000,0x00000000ec000000)
  to   space 2560K, 0% used [0x00000000ebb00000,0x00000000ebb00000,0x00000000ebd80000)
 ParOldGen       total 44032K, used 0K [0x00000000c0000000, 0x00000000c2b00000, 0x00000000eab00000)
  object space 44032K, 0% used [0x00000000c0000000,0x00000000c0000000,0x00000000c2b00000)
 Metaspace       used 5720K, capacity 6704K, committed 6784K, reserved 1056768K
  class space    used 585K, capacity 616K, committed 640K, reserved 1048576K
Event: 14.212 GC heap after
Heap after GC invocations=1 (full 0):
 PSYoungGen      total 18944K, used 2542K [0x00000000eab00000, 0x00000000ed000000, 0x0000000100000000)
  eden space 16384K, 0% used [0x00000000eab00000,0x00000000eab00000,0x00000000ebb00000)
  from space 2560K, 99% used [0x00000000ebb00000,0x00000000ebd7ba48,0x00000000ebd80000)
  to   space 2560K, 0% used [0x00000000ecd80000,0x00000000ecd80000,0x00000000ed000000)
 ParOldGen       total 44032K, used 1911K [0x00000000c0000000, 0x00000000c2b00000, 0x00000000eab00000)
  object space 44032K, 4% used [0x00000000c0000000,0x00000000c01ddca0,0x00000000c2b00000)
 Metaspace       used 5720K, capacity 6704K, committed 6784K, reserved 1056768K
  class space    used 585K, capacity 616K, committed 640K, reserved 1048576K
}
Event: 15.330 GC heap before
{Heap before GC invocations=2 (full 0):
 PSYoungGen      total 18944K, used 18926K [0x00000000eab00000, 0x00000000ed000000, 0x0000000100000000)
  eden space 16384K, 100% used [0x00000000eab00000,0x00000000ebb00000,0x00000000ebb00000)
  from space 2560K, 99% used [0x00000000ebb00000,0x00000000ebd7ba48,0x00000000ebd80000)
  to   space 2560K, 0% used [0x00000000ecd80000,0x00000000ecd80000,0x00000000ed000000)
 ParOldGen       total 44032K, used 1911K [0x00000000c0000000, 0x00000000c2b00000, 0x00000000eab00000)
  object space 44032K, 4% used [0x00000000c0000000,0x00000000c01ddca0,0x00000000c2b00000)
 Metaspace       used 6033K, capacity 6960K, committed 7040K, reserved 1056768K
  class space    used 587K, capacity 616K, committed 640K, reserved 1048576K
Event: 15.411 GC heap after
Heap after GC invocations=2 (full 0):
 PSYoungGen      total 35328K, used 2555K [0x00000000eab00000, 0x00000000ed000000, 0x0000000100000000)
  eden space 32768K, 0% used [0x00000000eab00000,0x00000000eab00000,0x00000000ecb00000)
  from space 2560K, 99% used [0x00000000ecd80000,0x00000000ecffeeb8,0x00000000ed000000)
  to   space 2560K, 0% used [0x00000000ecb00000,0x00000000ecb00000,0x00000000ecd80000)
 ParOldGen       total 44032K, used 3757K [0x00000000c0000000, 0x00000000c2b00000, 0x00000000eab00000)
  object space 44032K, 8% used [0x00000000c0000000,0x00000000c03ab6c8,0x00000000c2b00000)
 Metaspace       used 6033K, capacity 6960K, committed 7040K, reserved 1056768K
  class space    used 587K, capacity 616K, committed 640K, reserved 1048576K
}
Event: 16.960 GC heap before
{Heap before GC invocations=3 (full 0):
 PSYoungGen      total 35328K, used 35323K [0x00000000eab00000, 0x00000000ed000000, 0x0000000100000000)
  eden space 32768K, 100% used [0x00000000eab00000,0x00000000ecb00000,0x00000000ecb00000)
  from space 2560K, 99% used [0x00000000ecd80000,0x00000000ecffeeb8,0x00000000ed000000)
  to   space 2560K, 0% used [0x00000000ecb00000,0x00000000ecb00000,0x00000000ecd80000)
 ParOldGen       total 44032K, used 3757K [0x00000000c0000000, 0x00000000c2b00000, 0x00000000eab00000)
  object space 44032K, 8% used [0x00000000c0000000,0x00000000c03ab6c8,0x00000000c2b00000)
 Metaspace       used 6156K, capacity 7088K, committed 7296K, reserved 1056768K
  class space    used 589K, capacity 616K, committed 640K, reserved 1048576K
Event: 17.133 GC heap after
Heap after GC invocations=3 (full 0):
 PSYoungGen      total 35328K, used 2538K [0x00000000eab00000, 0x00000000ef000000, 0x0000000100000000)
  eden space 32768K, 0% used [0x00000000eab00000,0x00000000eab00000,0x00000000ecb00000)
  from space 2560K, 99% used [0x00000000ecb00000,0x00000000ecd7aa00,0x00000000ecd80000)
  to   space 2560K, 0% used [0x00000000eed80000,0x00000000eed80000,0x00000000ef000000)
 ParOldGen       total 44032K, used 9768K [0x00000000c0000000, 0x00000000c2b00000, 0x00000000eab00000)
  object space 44032K, 22% used [0x00000000c0000000,0x00000000c098a0a0,0x00000000c2b00000)
 Metaspace       used 6156K, capacity 7088K, committed 7296K, reserved 1056768K
  class space    used 589K, capacity 616K, committed 640K, reserved 1048576K
}
Event: 18.001 GC heap before
{Heap before GC invocations=4 (full 0):
 PSYoungGen      total 35328K, used 35306K [0x00000000eab00000, 0x00000000ef000000, 0x0000000100000000)
  eden space 32768K, 100% used [0x00000000eab00000,0x00000000ecb00000,0x00000000ecb00000)
  from space 2560K, 99% used [0x00000000ecb00000,0x00000000ecd7aa00,0x00000000ecd80000)
  to   space 2560K, 0% used [0x00000000eed80000,0x00000000eed80000,0x00000000ef000000)
 ParOldGen       total 44032K, used 9768K [0x00000000c0000000, 0x00000000c2b00000, 0x00000000eab00000)
  object space 44032K, 22% used [0x00000000c0000000,0x00000000c098a0a0,0x00000000c2b00000)
 Metaspace       used 6180K, capacity 7088K, committed 7296K, reserved 1056768K
  class space    used 589K, capacity 616K, committed 640K, reserved 1048576K
Event: 18.080 GC heap after
Heap after GC invocations=4 (full 0):
 PSYoungGen      total 68096K, used 2536K [0x00000000eab00000, 0x00000000ef000000, 0x0000000100000000)
  eden space 65536K, 0% used [0x00000000eab00000,0x00000000eab00000,0x00000000eeb00000)
  from space 2560K, 99% used [0x00000000eed80000,0x00000000eeffa200,0x00000000ef000000)
  to   space 2560K, 0% used [0x00000000eeb00000,0x00000000eeb00000,0x00000000eed80000)
 ParOldGen       total 44032K, used 15004K [0x00000000c0000000, 0x00000000c2b00000, 0x00000000eab00000)
  object space 44032K, 34% used [0x00000000c0000000,0x00000000c0ea7080,0x00000000c2b00000)
 Metaspace       used 6180K, capacity 7088K, committed 7296K, reserved 1056768K
  class space    used 589K, capacity 616K, committed 640K, reserved 1048576K
}

Deoptimization events (10 events):
Event: 15.768 Thread 0x0000000016e2e000 Uncommon trap: reason=bimorphic action=maybe_recompile pc=0x0000000002f5a850 method=com.android.dx.cf.code.BytecodeArray.parseInstruction(ILcom/android/dx/cf/code/BytecodeArray$Visitor;)I @ 2281
Event: 15.768 Thread 0x0000000016e2e000 Uncommon trap: reason=bimorphic action=maybe_recompile pc=0x0000000002f5a850 method=com.android.dx.cf.code.BytecodeArray.parseInstruction(ILcom/android/dx/cf/code/BytecodeArray$Visitor;)I @ 2281
Event: 16.596 Thread 0x0000000016d86800 Uncommon trap: reason=class_check action=maybe_recompile pc=0x0000000003042ca8 method=com.android.dx.rop.code.RegisterSpec.withSimpleType()Lcom/android/dx/rop/code/RegisterSpec; @ 21
Event: 16.614 Thread 0x0000000016e2e000 Uncommon trap: reason=null_check action=make_not_entrant pc=0x0000000002edc4a4 method=com.android.dx.rop.type.Type.equals(Ljava/lang/Object;)Z @ 8
Event: 17.191 Thread 0x00000000028be000 Uncommon trap: reason=bimorphic action=maybe_recompile pc=0x00000000030332f8 method=com.android.dx.ssa.SCCP.setLatticeValueTo(IILcom/android/dx/rop/cst/Constant;)Z @ 43
Event: 17.191 Thread 0x00000000028be000 Uncommon trap: reason=bimorphic action=maybe_recompile pc=0x00000000030332f8 method=com.android.dx.ssa.SCCP.setLatticeValueTo(IILcom/android/dx/rop/cst/Constant;)Z @ 43
Event: 17.675 Thread 0x0000000016e2e000 Uncommon trap: reason=class_check action=maybe_recompile pc=0x0000000003042ca8 method=com.android.dx.rop.code.RegisterSpec.withSimpleType()Lcom/android/dx/rop/code/RegisterSpec; @ 21
Event: 17.751 Thread 0x0000000016d86800 Uncommon trap: reason=bimorphic action=maybe_recompile pc=0x00000000030332f8 method=com.android.dx.ssa.SCCP.setLatticeValueTo(IILcom/android/dx/rop/cst/Constant;)Z @ 43
Event: 17.751 Thread 0x0000000016d86800 Uncommon trap: reason=bimorphic action=maybe_recompile pc=0x00000000030332f8 method=com.android.dx.ssa.SCCP.setLatticeValueTo(IILcom/android/dx/rop/cst/Constant;)Z @ 43
Event: 18.380 Thread 0x0000000016d86800 Uncommon trap: reason=unreached action=reinterpret pc=0x0000000002d9d61c method=com.android.dx.rop.cst.Constant.compareTo(Lcom/android/dx/rop/cst/Constant;)I @ 12

Internal exceptions (10 events):
Event: 13.162 Thread 0x0000000016e2e000 Exception <a 'java/security/PrivilegedActionException'> (0x00000000eb6eb218) thrown at [D:\re\workspace\8-2-build-windows-amd64-cygwin\jdk8u25\1677\hotspot\src\share\vm\prims\jvm.cpp, line 1312]
Event: 13.163 Thread 0x0000000016e2e000 Exception <a 'java/security/PrivilegedActionException'> (0x00000000eb6f06b0) thrown at [D:\re\workspace\8-2-build-windows-amd64-cygwin\jdk8u25\1677\hotspot\src\share\vm\prims\jvm.cpp, line 1312]
Event: 13.169 Thread 0x0000000016e2e000 Exception <a 'java/security/PrivilegedActionException'> (0x00000000eb6fb4a0) thrown at [D:\re\workspace\8-2-build-windows-amd64-cygwin\jdk8u25\1677\hotspot\src\share\vm\prims\jvm.cpp, line 1312]
Event: 13.170 Thread 0x0000000016e2e000 Exception <a 'java/security/PrivilegedActionException'> (0x00000000eb701a68) thrown at [D:\re\workspace\8-2-build-windows-amd64-cygwin\jdk8u25\1677\hotspot\src\share\vm\prims\jvm.cpp, line 1312]
Event: 13.183 Thread 0x0000000016e2e000 Exception <a 'java/security/PrivilegedActionException'> (0x00000000eb7124b8) thrown at [D:\re\workspace\8-2-build-windows-amd64-cygwin\jdk8u25\1677\hotspot\src\share\vm\prims\jvm.cpp, line 1312]
Event: 13.196 Thread 0x0000000016e2e000 Exception <a 'java/security/PrivilegedActionException'> (0x00000000eb71cc68) thrown at [D:\re\workspace\8-2-build-windows-amd64-cygwin\jdk8u25\1677\hotspot\src\share\vm\prims\jvm.cpp, line 1312]
Event: 15.473 Thread 0x0000000016e2f000 Exception <a 'java/security/PrivilegedActionException'> (0x00000000eae8fa98) thrown at [D:\re\workspace\8-2-build-windows-amd64-cygwin\jdk8u25\1677\hotspot\src\share\vm\prims\jvm.cpp, line 1312]
Event: 15.491 Thread 0x0000000016e2e000 Exception <a 'java/security/PrivilegedActionException'> (0x00000000eaf80db0) thrown at [D:\re\workspace\8-2-build-windows-amd64-cygwin\jdk8u25\1677\hotspot\src\share\vm\prims\jvm.cpp, line 1312]
Event: 15.824 Thread 0x00000000028be000 Exception <a 'java/security/PrivilegedActionException'> (0x00000000eb9af480) thrown at [D:\re\workspace\8-2-build-windows-amd64-cygwin\jdk8u25\1677\hotspot\src\share\vm\prims\jvm.cpp, line 1312]
Event: 16.614 Thread 0x0000000016e2e000 Implicit null exception at 0x0000000002edc3a2 to 0x0000000002edc495

Events (10 events):
Event: 17.751 Thread 0x0000000016d86800 DEOPT PACKING pc=0x00000000030332f8 sp=0x000000001780eac0
Event: 17.751 Thread 0x0000000016d86800 DEOPT UNPACKING pc=0x0000000002a0556a sp=0x000000001780ea28 mode 2
Event: 17.751 Thread 0x0000000016d86800 Uncommon trap: trap_request=0xffffffc6 fr.pc=0x00000000030332f8
Event: 17.751 Thread 0x0000000016d86800 DEOPT PACKING pc=0x00000000030332f8 sp=0x000000001780eb60
Event: 17.751 Thread 0x0000000016d86800 DEOPT UNPACKING pc=0x0000000002a0556a sp=0x000000001780eac8 mode 2
Event: 17.779 Executing VM operation: ParallelGCFailedAllocation
Event: 18.080 Executing VM operation: ParallelGCFailedAllocation done
Event: 18.380 Thread 0x0000000016d86800 Uncommon trap: trap_request=0xffffffad fr.pc=0x0000000002d9d61c
Event: 18.380 Thread 0x0000000016d86800 DEOPT PACKING pc=0x0000000002d9d61c sp=0x000000001780e4f0
Event: 18.380 Thread 0x0000000016d86800 DEOPT UNPACKING pc=0x0000000002a0556a sp=0x000000001780e490 mode 2


Dynamic libraries:
0x00007ff7a4ce0000 - 0x00007ff7a4d14000 	C:\Program Files\Java\jdk1.8.0_25\bin\java.exe
0x00007ff8752c0000 - 0x00007ff875481000 	C:\WINDOWS\SYSTEM32\ntdll.dll
0x00007ff875210000 - 0x00007ff8752bd000 	C:\WINDOWS\system32\KERNEL32.DLL
0x00007ff871bc0000 - 0x00007ff871da8000 	C:\WINDOWS\system32\KERNELBASE.dll
0x00007ff874260000 - 0x00007ff874307000 	C:\WINDOWS\system32\ADVAPI32.dll
0x00007ff875170000 - 0x00007ff87520d000 	C:\WINDOWS\system32\msvcrt.dll
0x00007ff873e30000 - 0x00007ff873e8b000 	C:\WINDOWS\system32\sechost.dll
0x00007ff874450000 - 0x00007ff87456c000 	C:\WINDOWS\system32\RPCRT4.dll
0x00007ff873c20000 - 0x00007ff873d76000 	C:\WINDOWS\system32\USER32.dll
0x00007ff874580000 - 0x00007ff874706000 	C:\WINDOWS\system32\GDI32.dll
0x00007ff86cd80000 - 0x00007ff86cff4000 	C:\WINDOWS\WinSxS\amd64_microsoft.windows.common-controls_6595b64144ccf1df_6.0.10586.494_none_a2d8b04ea53e3145\COMCTL32.dll
0x00007ff873f00000 - 0x00007ff87417d000 	C:\WINDOWS\system32\combase.dll
0x00007ff871b50000 - 0x00007ff871bba000 	C:\WINDOWS\system32\bcryptPrimitives.dll
0x00007ff8750b0000 - 0x00007ff8750eb000 	C:\WINDOWS\system32\IMM32.DLL
0x00000000576d0000 - 0x00000000577a2000 	C:\Program Files\Java\jdk1.8.0_25\jre\bin\msvcr100.dll
0x0000000057b90000 - 0x00000000583ea000 	C:\Program Files\Java\jdk1.8.0_25\jre\bin\server\jvm.dll
0x00007ff874250000 - 0x00007ff874258000 	C:\WINDOWS\system32\PSAPI.DLL
0x00007ff85fa40000 - 0x00007ff85fa49000 	C:\WINDOWS\SYSTEM32\WSOCK32.dll
0x00007ff874380000 - 0x00007ff8743eb000 	C:\WINDOWS\system32\WS2_32.dll
0x00007ff86fe60000 - 0x00007ff86fe83000 	C:\WINDOWS\SYSTEM32\WINMM.dll
0x00007ff86fe00000 - 0x00007ff86fe2c000 	C:\WINDOWS\SYSTEM32\WINMMBASE.dll
0x00007ff871b00000 - 0x00007ff871b43000 	C:\WINDOWS\system32\cfgmgr32.dll
0x0000000057b80000 - 0x0000000057b8f000 	C:\Program Files\Java\jdk1.8.0_25\jre\bin\verify.dll
0x0000000057b50000 - 0x0000000057b78000 	C:\Program Files\Java\jdk1.8.0_25\jre\bin\java.dll
0x0000000057b30000 - 0x0000000057b46000 	C:\Program Files\Java\jdk1.8.0_25\jre\bin\zip.dll
0x00007ff8726c0000 - 0x00007ff873c1c000 	C:\WINDOWS\system32\SHELL32.dll
0x00007ff872070000 - 0x00007ff8726b5000 	C:\WINDOWS\system32\windows.storage.dll
0x00007ff8743f0000 - 0x00007ff874442000 	C:\WINDOWS\system32\shlwapi.dll
0x00007ff871910000 - 0x00007ff87191f000 	C:\WINDOWS\system32\kernel.appcore.dll
0x00007ff871970000 - 0x00007ff871a25000 	C:\WINDOWS\system32\shcore.dll
0x00007ff871920000 - 0x00007ff87196b000 	C:\WINDOWS\system32\powrprof.dll
0x00007ff8718f0000 - 0x00007ff871904000 	C:\WINDOWS\system32\profapi.dll
0x00007ff85cae0000 - 0x00007ff85cc6c000 	C:\WINDOWS\SYSTEM32\dbghelp.dll

VM Arguments:
jvm_args: -Djava.awt.headless=true -Xmx1024M -Dfile.encoding=windows-1252 -Duser.country=FR -Duser.language=fr -Duser.variant 
java_command: com.android.dx.command.Main --dex --num-threads=4 --output C:\Users\Famille\AndroidStudioProjects\Niviel\app\build\intermediates\pre-dexed\debug\ormlite-core-4.48_e16c6f738ccd292b91772050191f8d5612a261a5.jar C:\Users\Famille\.gradle\caches\modules-2\files-2.1\com.j256.ormlite\ormlite-core\4.48\e579bd2905d0399af5029aaaf9817d5fa0ca88a5\ormlite-core-4.48.jar
java_class_path (initial): C:\Users\Famille\AppData\Local\Android\sdk\build-tools\23.0.2\lib\dx.jar
Launcher Type: SUN_STANDARD

Environment Variables:
JAVA_HOME=C:\Program Files\Java\jdk1.8.0_25
PATH=C:\Program Files\Broadcom\Broadcom 802.11 Network Adapter;;C:\Program Files\Broadcom\Broadcom 802.11;C:\ProgramData\Oracle\Java\javapath;C:\Program Files (x86)\Intel\iCLS Client\;C:\Program Files\Intel\iCLS Client\;C:\Windows\system32;C:\Windows;C:\Windows\System32\Wbem;C:\Windows\System32\WindowsPowerShell\v1.0\;C:\Program Files\Hewlett-Packard\SimplePass\;C:\wamp\bin\php\php5.5.12;C:\Python27;C:\Users\Famille\AppData\Roaming\npm\;C:\Program Files\nodejs\;C:\Program Files\Git\cmd;C:\Program Files (x86)\Brackets\command;C:\Program Files (x86)\Ant\bin;C:\Program Files (x86)\Maven\bin;C:\Program Files (x86)\Intel\Intel(R) Management Engine Components\DAL;C:\Program Files\Intel\Intel(R) Management Engine Components\DAL;C:\Program Files (x86)\Intel\Intel(R) Management Engine Components\IPT;C:\Program Files\Intel\Intel(R) Management Engine Components\IPT;C:\Users\Famille\AppData\Local\atom\bin;C:\Users\Famille\AppData\Roaming\npm
USERNAME=de Lachaux
OS=Windows_NT
PROCESSOR_IDENTIFIER=Intel64 Family 6 Model 69 Stepping 1, GenuineIntel



---------------  S Y S T E M  ---------------

OS: Windows 8.1 , 64 bit Build 9600 

CPU:total 4 (2 cores per cpu, 2 threads per core) family 6 model 69 stepping 1, cmov, cx8, fxsr, mmx, sse, sse2, sse3, ssse3, sse4.1, sse4.2, popcnt, avx, avx2, aes, clmul, erms, lzcnt, ht, tsc, tscinvbit, bmi1, bmi2

Memory: 4k page, physical 4122776k(216700k free), swap 5555352k(5720k free)

vm_info: Java HotSpot(TM) 64-Bit Server VM (25.25-b02) for windows-amd64 JRE (1.8.0_25-b18), built on Oct  7 2014 14:25:37 by "java_re" with MS VC++ 10.0 (VS2010)

time: Tue Jul 19 12:30:04 2016
elapsed time: 18 seconds (0d 0h 0m 18s)

