#
# There is insufficient memory for the Java Runtime Environment to continue.
# Native memory allocation (malloc) failed to allocate 67108880 bytes for Chunk::new
# Possible reasons:
#   The system is out of physical RAM or swap space
#   In 32 bit mode, the process size limit was hit
# Possible solutions:
#   Reduce memory load on the system
#   Increase physical memory or swap space
#   Check if swap backing store is full
#   Use 64 bit Java on a 64 bit OS
#   Decrease Java heap size (-Xmx/-Xms)
#   Decrease number of Java threads
#   Decrease Java thread stack sizes (-Xss)
#   Set larger code cache with -XX:ReservedCodeCacheSize=
# This output file may be truncated or incomplete.
#
#  Out of Memory Error (allocation.cpp:390), pid=34156, tid=34036
#
# JRE version: Java(TM) SE Runtime Environment (8.0_25-b18) (build 1.8.0_25-b18)
# Java VM: Java HotSpot(TM) 64-Bit Server VM (25.25-b02 mixed mode windows-amd64 compressed oops)
# Failed to write core dump. Minidumps are not enabled by default on client versions of Windows
#

---------------  T H R E A D  ---------------

Current thread (0x00000000147e2800):  JavaThread "C2 CompilerThread1" daemon [_thread_in_native, id=34036, stack(0x0000000015de0000,0x0000000015ee0000)]

Stack: [0x0000000015de0000,0x0000000015ee0000]
Native frames: (J=compiled Java code, j=interpreted, Vv=VM code, C=native code)
V  [jvm.dll+0x31667a]
V  [jvm.dll+0x267073]
V  [jvm.dll+0x267cb3]
V  [jvm.dll+0x25f5b5]
V  [jvm.dll+0xbf165]
V  [jvm.dll+0xbf60c]
V  [jvm.dll+0x40c68]
V  [jvm.dll+0x45f0b0]
V  [jvm.dll+0x45f36a]
V  [jvm.dll+0x46024f]
V  [jvm.dll+0x4625fa]
V  [jvm.dll+0x464745]
V  [jvm.dll+0x4650cc]
V  [jvm.dll+0x465413]
V  [jvm.dll+0x4522c3]
V  [jvm.dll+0x453864]
V  [jvm.dll+0x437372]
V  [jvm.dll+0x98a02]
V  [jvm.dll+0x991f3]
V  [jvm.dll+0x22bde4]
V  [jvm.dll+0x2852fa]
C  [msvcr100.dll+0x21d9f]
C  [msvcr100.dll+0x21e3b]
C  [KERNEL32.DLL+0x18102]
C  [ntdll.dll+0x5c5b4]


Current CompileTask:
C2:  13884 1859   !   4       com.android.dx.cf.code.Ropper::processBlock (1101 bytes)


---------------  P R O C E S S  ---------------

Java Threads: ( => current thread )
  0x0000000001fbe000 JavaThread "DestroyJavaVM" [_thread_blocked, id=35844, stack(0x0000000001e10000,0x0000000001f10000)]
  0x00000000147eb000 JavaThread "Service Thread" daemon [_thread_blocked, id=34192, stack(0x0000000015fe0000,0x00000000160e0000)]
  0x00000000147e3800 JavaThread "C1 CompilerThread2" daemon [_thread_blocked, id=30072, stack(0x0000000015ee0000,0x0000000015fe0000)]
=>0x00000000147e2800 JavaThread "C2 CompilerThread1" daemon [_thread_in_native, id=34036, stack(0x0000000015de0000,0x0000000015ee0000)]
  0x000000001478c000 JavaThread "C2 CompilerThread0" daemon [_thread_blocked, id=37096, stack(0x0000000015ce0000,0x0000000015de0000)]
  0x000000001478a800 JavaThread "Attach Listener" daemon [_thread_blocked, id=36992, stack(0x0000000015be0000,0x0000000015ce0000)]
  0x0000000014789800 JavaThread "Signal Dispatcher" daemon [_thread_blocked, id=34052, stack(0x0000000015ae0000,0x0000000015be0000)]
  0x00000000020b0800 JavaThread "Finalizer" daemon [_thread_blocked, id=34308, stack(0x00000000159e0000,0x0000000015ae0000)]
  0x00000000020ad000 JavaThread "Reference Handler" daemon [_thread_blocked, id=33704, stack(0x00000000158e0000,0x00000000159e0000)]

Other Threads:
  0x0000000014756800 VMThread [stack: 0x00000000157e0000,0x00000000158e0000] [id=32924]
  0x00000000147ed000 WatcherThread [stack: 0x00000000160e0000,0x00000000161e0000] [id=37580]

VM state:not at safepoint (normal execution)

VM Mutex/Monitor currently owned by a thread: None

Heap:
 PSYoungGen      total 139264K, used 127994K [0x00000000eab00000, 0x00000000f4d00000, 0x0000000100000000)
  eden space 124928K, 90% used [0x00000000eab00000,0x00000000f1a04970,0x00000000f2500000)
  from space 14336K, 99% used [0x00000000f3700000,0x00000000f44f9f68,0x00000000f4500000)
  to   space 18432K, 0% used [0x00000000f2500000,0x00000000f2500000,0x00000000f3700000)
 ParOldGen       total 44032K, used 24353K [0x00000000c0000000, 0x00000000c2b00000, 0x00000000eab00000)
  object space 44032K, 55% used [0x00000000c0000000,0x00000000c17c8438,0x00000000c2b00000)
 Metaspace       used 7180K, capacity 7704K, committed 7936K, reserved 1056768K
  class space    used 666K, capacity 720K, committed 768K, reserved 1048576K

Card table byte_map: [0x0000000011480000,0x0000000011690000] byte_map_base: 0x0000000010e80000

Marking Bits: (ParMarkBitMap*) 0x0000000066b8d490
 Begin Bits: [0x0000000011bf0000, 0x0000000012bf0000)
 End Bits:   [0x0000000012bf0000, 0x0000000013bf0000)

Polling page: 0x0000000001d50000

CodeCache: size=245760Kb used=10704Kb max_used=10716Kb free=235055Kb
 bounds [0x00000000020c0000, 0x0000000002b40000, 0x00000000110c0000]
 total_blobs=2869 nmethods=2596 adapters=186
 compilation: enabled

Compilation events (10 events):
Event: 13.683 Thread 0x000000001478c000 2687       4       java.lang.Integer::reverseBytes (26 bytes)
Event: 13.683 Thread 0x000000001478c000 nmethod 2687 0x0000000002a60210 code [0x0000000002a60340, 0x0000000002a603b8]
Event: 13.683 Thread 0x00000000147e3800 2688       3       sun.security.provider.SHA::implCompress (491 bytes)
Event: 13.684 Thread 0x00000000147e3800 nmethod 2688 0x0000000002b39810 code [0x0000000002b39a00, 0x0000000002b3a2e8]
Event: 13.696 Thread 0x00000000147e3800 2689       3       sun.security.provider.ByteArrayAccess::b2iBig64 (614 bytes)
Event: 13.697 Thread 0x000000001478c000 2690 %     4       sun.security.provider.SHA::implCompress @ 12 (491 bytes)
Event: 13.697 Thread 0x00000000147e3800 nmethod 2689 0x0000000002b38250 code [0x0000000002b38460, 0x0000000002b39208]
Event: 13.731 Thread 0x000000001478c000 nmethod 2690% 0x0000000002b312d0 code [0x0000000002b31420, 0x0000000002b31e98]
Event: 13.731 Thread 0x000000001478c000 2691       4       sun.security.provider.ByteArrayAccess::b2iBig64 (614 bytes)
Event: 13.734 Thread 0x000000001478c000 nmethod 2691 0x0000000002b3afd0 code [0x0000000002b3b100, 0x0000000002b3b318]

GC Heap History (10 events):
Event: 3.586 GC heap before
{Heap before GC invocations=4 (full 0):
 PSYoungGen      total 18944K, used 18937K [0x00000000eab00000, 0x00000000ed000000, 0x0000000100000000)
  eden space 16384K, 100% used [0x00000000eab00000,0x00000000ebb00000,0x00000000ebb00000)
  from space 2560K, 99% used [0x00000000ebb00000,0x00000000ebd7e580,0x00000000ebd80000)
  to   space 2560K, 0% used [0x00000000ecd80000,0x00000000ecd80000,0x00000000ed000000)
 ParOldGen       total 44032K, used 5317K [0x00000000c0000000, 0x00000000c2b00000, 0x00000000eab00000)
  object space 44032K, 12% used [0x00000000c0000000,0x00000000c0531458,0x00000000c2b00000)
 Metaspace       used 6159K, capacity 7088K, committed 7296K, reserved 1056768K
  class space    used 592K, capacity 616K, committed 640K, reserved 1048576K
Event: 3.607 GC heap after
Heap after GC invocations=4 (full 0):
 PSYoungGen      total 35328K, used 2553K [0x00000000eab00000, 0x00000000ed000000, 0x0000000100000000)
  eden space 32768K, 0% used [0x00000000eab00000,0x00000000eab00000,0x00000000ecb00000)
  from space 2560K, 99% used [0x00000000ecd80000,0x00000000ecffe788,0x00000000ed000000)
  to   space 2560K, 0% used [0x00000000ecb00000,0x00000000ecb00000,0x00000000ecd80000)
 ParOldGen       total 44032K, used 7779K [0x00000000c0000000, 0x00000000c2b00000, 0x00000000eab00000)
  object space 44032K, 17% used [0x00000000c0000000,0x00000000c0798c20,0x00000000c2b00000)
 Metaspace       used 6159K, capacity 7088K, committed 7296K, reserved 1056768K
  class space    used 592K, capacity 616K, committed 640K, reserved 1048576K
}
Event: 3.982 GC heap before
{Heap before GC invocations=5 (full 0):
 PSYoungGen      total 35328K, used 35321K [0x00000000eab00000, 0x00000000ed000000, 0x0000000100000000)
  eden space 32768K, 100% used [0x00000000eab00000,0x00000000ecb00000,0x00000000ecb00000)
  from space 2560K, 99% used [0x00000000ecd80000,0x00000000ecffe788,0x00000000ed000000)
  to   space 2560K, 0% used [0x00000000ecb00000,0x00000000ecb00000,0x00000000ecd80000)
 ParOldGen       total 44032K, used 7779K [0x00000000c0000000, 0x00000000c2b00000, 0x00000000eab00000)
  object space 44032K, 17% used [0x00000000c0000000,0x00000000c0798c20,0x00000000c2b00000)
 Metaspace       used 6210K, capacity 7088K, committed 7296K, reserved 1056768K
  class space    used 592K, capacity 616K, committed 640K, reserved 1048576K
Event: 4.037 GC heap after
Heap after GC invocations=5 (full 0):
 PSYoungGen      total 35328K, used 2551K [0x00000000eab00000, 0x00000000efb00000, 0x0000000100000000)
  eden space 32768K, 0% used [0x00000000eab00000,0x00000000eab00000,0x00000000ecb00000)
  from space 2560K, 99% used [0x00000000ecb00000,0x00000000ecd7df78,0x00000000ecd80000)
  to   space 8192K, 0% used [0x00000000ef300000,0x00000000ef300000,0x00000000efb00000)
 ParOldGen       total 44032K, used 12719K [0x00000000c0000000, 0x00000000c2b00000, 0x00000000eab00000)
  object space 44032K, 28% used [0x00000000c0000000,0x00000000c0c6bc28,0x00000000c2b00000)
 Metaspace       used 6210K, capacity 7088K, committed 7296K, reserved 1056768K
  class space    used 592K, capacity 616K, committed 640K, reserved 1048576K
}
Event: 4.291 GC heap before
{Heap before GC invocations=6 (full 0):
 PSYoungGen      total 35328K, used 35319K [0x00000000eab00000, 0x00000000efb00000, 0x0000000100000000)
  eden space 32768K, 100% used [0x00000000eab00000,0x00000000ecb00000,0x00000000ecb00000)
  from space 2560K, 99% used [0x00000000ecb00000,0x00000000ecd7df78,0x00000000ecd80000)
  to   space 8192K, 0% used [0x00000000ef300000,0x00000000ef300000,0x00000000efb00000)
 ParOldGen       total 44032K, used 12719K [0x00000000c0000000, 0x00000000c2b00000, 0x00000000eab00000)
  object space 44032K, 28% used [0x00000000c0000000,0x00000000c0c6bc28,0x00000000c2b00000)
 Metaspace       used 6236K, capacity 7152K, committed 7296K, reserved 1056768K
  class space    used 592K, capacity 616K, committed 640K, reserved 1048576K
Event: 4.312 GC heap after
Heap after GC invocations=6 (full 0):
 PSYoungGen      total 72704K, used 7860K [0x00000000eab00000, 0x00000000efd00000, 0x0000000100000000)
  eden space 64512K, 0% used [0x00000000eab00000,0x00000000eab00000,0x00000000eea00000)
  from space 8192K, 95% used [0x00000000ef300000,0x00000000efaad050,0x00000000efb00000)
  to   space 9216K, 0% used [0x00000000eea00000,0x00000000eea00000,0x00000000ef300000)
 ParOldGen       total 44032K, used 12719K [0x00000000c0000000, 0x00000000c2b00000, 0x00000000eab00000)
  object space 44032K, 28% used [0x00000000c0000000,0x00000000c0c6bc28,0x00000000c2b00000)
 Metaspace       used 6236K, capacity 7152K, committed 7296K, reserved 1056768K
  class space    used 592K, capacity 616K, committed 640K, reserved 1048576K
}
Event: 5.312 GC heap before
{Heap before GC invocations=7 (full 0):
 PSYoungGen      total 72704K, used 72372K [0x00000000eab00000, 0x00000000efd00000, 0x0000000100000000)
  eden space 64512K, 100% used [0x00000000eab00000,0x00000000eea00000,0x00000000eea00000)
  from space 8192K, 95% used [0x00000000ef300000,0x00000000efaad050,0x00000000efb00000)
  to   space 9216K, 0% used [0x00000000eea00000,0x00000000eea00000,0x00000000ef300000)
 ParOldGen       total 44032K, used 12719K [0x00000000c0000000, 0x00000000c2b00000, 0x00000000eab00000)
  object space 44032K, 28% used [0x00000000c0000000,0x00000000c0c6bc28,0x00000000c2b00000)
 Metaspace       used 6353K, capacity 7192K, committed 7424K, reserved 1056768K
  class space    used 612K, capacity 656K, committed 768K, reserved 1048576K
Event: 5.343 GC heap after
Heap after GC invocations=7 (full 0):
 PSYoungGen      total 73728K, used 9194K [0x00000000eab00000, 0x00000000f4500000, 0x0000000100000000)
  eden space 64512K, 0% used [0x00000000eab00000,0x00000000eab00000,0x00000000eea00000)
  from space 9216K, 99% used [0x00000000eea00000,0x00000000ef2fab88,0x00000000ef300000)
  to   space 14336K, 0% used [0x00000000f3700000,0x00000000f3700000,0x00000000f4500000)
 ParOldGen       total 44032K, used 20489K [0x00000000c0000000, 0x00000000c2b00000, 0x00000000eab00000)
  object space 44032K, 46% used [0x00000000c0000000,0x00000000c1402428,0x00000000c2b00000)
 Metaspace       used 6353K, capacity 7192K, committed 7424K, reserved 1056768K
  class space    used 612K, capacity 656K, committed 768K, reserved 1048576K
}
Event: 6.792 GC heap before
{Heap before GC invocations=8 (full 0):
 PSYoungGen      total 73728K, used 73706K [0x00000000eab00000, 0x00000000f4500000, 0x0000000100000000)
  eden space 64512K, 100% used [0x00000000eab00000,0x00000000eea00000,0x00000000eea00000)
  from space 9216K, 99% used [0x00000000eea00000,0x00000000ef2fab88,0x00000000ef300000)
  to   space 14336K, 0% used [0x00000000f3700000,0x00000000f3700000,0x00000000f4500000)
 ParOldGen       total 44032K, used 20489K [0x00000000c0000000, 0x00000000c2b00000, 0x00000000eab00000)
  object space 44032K, 46% used [0x00000000c0000000,0x00000000c1402428,0x00000000c2b00000)
 Metaspace       used 6403K, capacity 7192K, committed 7424K, reserved 1056768K
  class space    used 612K, capacity 656K, committed 768K, reserved 1048576K
Event: 7.053 GC heap after
Heap after GC invocations=8 (full 0):
 PSYoungGen      total 139264K, used 14311K [0x00000000eab00000, 0x00000000f4d00000, 0x0000000100000000)
  eden space 124928K, 0% used [0x00000000eab00000,0x00000000eab00000,0x00000000f2500000)
  from space 14336K, 99% used [0x00000000f3700000,0x00000000f44f9f68,0x00000000f4500000)
  to   space 18432K, 0% used [0x00000000f2500000,0x00000000f2500000,0x00000000f3700000)
 ParOldGen       total 44032K, used 24353K [0x00000000c0000000, 0x00000000c2b00000, 0x00000000eab00000)
  object space 44032K, 55% used [0x00000000c0000000,0x00000000c17c8438,0x00000000c2b00000)
 Metaspace       used 6403K, capacity 7192K, committed 7424K, reserved 1056768K
  class space    used 612K, capacity 656K, committed 768K, reserved 1048576K
}

Deoptimization events (10 events):
Event: 9.025 Thread 0x00000000164b6000 Uncommon trap: reason=class_check action=maybe_recompile pc=0x00000000024e2be0 method=java.util.Arrays.hashCode([Ljava/lang/Object;)I @ 43
Event: 10.367 Thread 0x00000000164b6000 Uncommon trap: reason=speculate_class_check action=maybe_recompile pc=0x0000000002526c14 method=com.android.dx.util.FixedSizeList.equals(Ljava/lang/Object;)Z @ 25
Event: 10.424 Thread 0x00000000164b6000 Uncommon trap: reason=speculate_class_check action=maybe_recompile pc=0x0000000002526c14 method=com.android.dx.util.FixedSizeList.equals(Ljava/lang/Object;)Z @ 25
Event: 10.424 Thread 0x00000000164b6000 Uncommon trap: reason=class_check action=maybe_recompile pc=0x00000000023e1dd8 method=java.util.Arrays.equals([Ljava/lang/Object;[Ljava/lang/Object;)Z @ 62
Event: 10.424 Thread 0x00000000164b6000 Uncommon trap: reason=speculate_class_check action=maybe_recompile pc=0x0000000002526c14 method=com.android.dx.util.FixedSizeList.equals(Ljava/lang/Object;)Z @ 25
Event: 10.424 Thread 0x00000000164b6000 Uncommon trap: reason=class_check action=maybe_recompile pc=0x00000000023e1dd8 method=java.util.Arrays.equals([Ljava/lang/Object;[Ljava/lang/Object;)Z @ 62
Event: 10.424 Thread 0x00000000164b6000 Uncommon trap: reason=speculate_class_check action=maybe_recompile pc=0x0000000002526c14 method=com.android.dx.util.FixedSizeList.equals(Ljava/lang/Object;)Z @ 25
Event: 10.424 Thread 0x00000000164b6000 Uncommon trap: reason=class_check action=maybe_recompile pc=0x00000000023e1dd8 method=java.util.Arrays.equals([Ljava/lang/Object;[Ljava/lang/Object;)Z @ 62
Event: 10.424 Thread 0x00000000164b6000 Uncommon trap: reason=class_check action=maybe_recompile pc=0x00000000023e1dd8 method=java.util.Arrays.equals([Ljava/lang/Object;[Ljava/lang/Object;)Z @ 62
Event: 13.666 Thread 0x00000000164b6000 Uncommon trap: reason=unreached action=reinterpret pc=0x00000000023c4fa8 method=java.util.Arrays.copyOf([Ljava/lang/Object;ILjava/lang/Class;)[Ljava/lang/Object; @ 3

Internal exceptions (10 events):
Event: 10.367 Thread 0x00000000164b6000 Exception <a 'java/security/PrivilegedActionException'> (0x00000000f08eb9f0) thrown at [D:\re\workspace\8-2-build-windows-amd64-cygwin\jdk8u25\1677\hotspot\src\share\vm\prims\jvm.cpp, line 1312]
Event: 10.368 Thread 0x00000000164b6000 Exception <a 'java/security/PrivilegedActionException'> (0x00000000f08eec78) thrown at [D:\re\workspace\8-2-build-windows-amd64-cygwin\jdk8u25\1677\hotspot\src\share\vm\prims\jvm.cpp, line 1312]
Event: 10.374 Thread 0x00000000164b6000 Exception <a 'java/security/PrivilegedActionException'> (0x00000000f08ffb98) thrown at [D:\re\workspace\8-2-build-windows-amd64-cygwin\jdk8u25\1677\hotspot\src\share\vm\prims\jvm.cpp, line 1312]
Event: 11.446 Thread 0x00000000164b6000 Exception <a 'java/security/PrivilegedActionException'> (0x00000000f12dfc20) thrown at [D:\re\workspace\8-2-build-windows-amd64-cygwin\jdk8u25\1677\hotspot\src\share\vm\prims\jvm.cpp, line 1312]
Event: 11.448 Thread 0x00000000164b6000 Exception <a 'java/security/PrivilegedActionException'> (0x00000000f12eba40) thrown at [D:\re\workspace\8-2-build-windows-amd64-cygwin\jdk8u25\1677\hotspot\src\share\vm\prims\jvm.cpp, line 1312]
Event: 11.448 Thread 0x00000000164b6000 Exception <a 'java/security/PrivilegedActionException'> (0x00000000f12ee7b8) thrown at [D:\re\workspace\8-2-build-windows-amd64-cygwin\jdk8u25\1677\hotspot\src\share\vm\prims\jvm.cpp, line 1312]
Event: 11.788 Thread 0x00000000164b6000 Exception <a 'java/security/PrivilegedActionException'> (0x00000000f17a9d80) thrown at [D:\re\workspace\8-2-build-windows-amd64-cygwin\jdk8u25\1677\hotspot\src\share\vm\prims\jvm.cpp, line 1312]
Event: 11.807 Thread 0x00000000164b6000 Exception <a 'java/security/PrivilegedActionException'> (0x00000000f1888358) thrown at [D:\re\workspace\8-2-build-windows-amd64-cygwin\jdk8u25\1677\hotspot\src\share\vm\prims\jvm.cpp, line 1312]
Event: 11.818 Thread 0x00000000164b6000 Exception <a 'java/security/PrivilegedActionException'> (0x00000000f188e040) thrown at [D:\re\workspace\8-2-build-windows-amd64-cygwin\jdk8u25\1677\hotspot\src\share\vm\prims\jvm.cpp, line 1312]
Event: 13.305 Thread 0x00000000164b6000 Exception <a 'java/security/PrivilegedActionException'> (0x00000000f1894e48) thrown at [D:\re\workspace\8-2-build-windows-amd64-cygwin\jdk8u25\1677\hotspot\src\share\vm\prims\jvm.cpp, line 1312]

Events (10 events):
Event: 13.680 loading class sun/security/provider/SHA
Event: 13.680 loading class sun/security/provider/DigestBase
Event: 13.680 loading class sun/security/provider/DigestBase done
Event: 13.680 loading class sun/security/provider/SHA done
Event: 13.680 loading class sun/security/jca/GetInstance$Instance
Event: 13.680 loading class sun/security/jca/GetInstance$Instance done
Event: 13.680 loading class java/security/MessageDigest$Delegate
Event: 13.680 loading class java/security/MessageDigest$Delegate done
Event: 13.680 loading class sun/security/provider/ByteArrayAccess
Event: 13.680 loading class sun/security/provider/ByteArrayAccess done


Dynamic libraries:
0x00007ff6345b0000 - 0x00007ff6345e4000 	C:\Program Files\Java\jdk1.8.0_25\bin\java.exe
0x00007ffc8bdb0000 - 0x00007ffc8bf71000 	C:\WINDOWS\SYSTEM32\ntdll.dll
0x00007ffc8b8a0000 - 0x00007ffc8b94d000 	C:\WINDOWS\system32\KERNEL32.DLL
0x00007ffc885d0000 - 0x00007ffc887b8000 	C:\WINDOWS\system32\KERNELBASE.dll
0x00007ffc8baf0000 - 0x00007ffc8bb97000 	C:\WINDOWS\system32\ADVAPI32.dll
0x00007ffc89f90000 - 0x00007ffc8a02d000 	C:\WINDOWS\system32\msvcrt.dll
0x00007ffc8b950000 - 0x00007ffc8b9ab000 	C:\WINDOWS\system32\sechost.dll
0x00007ffc89740000 - 0x00007ffc8985c000 	C:\WINDOWS\system32\RPCRT4.dll
0x00007ffc891b0000 - 0x00007ffc89306000 	C:\WINDOWS\system32\USER32.dll
0x00007ffc89860000 - 0x00007ffc899e6000 	C:\WINDOWS\system32\GDI32.dll
0x00007ffc7cf00000 - 0x00007ffc7d174000 	C:\WINDOWS\WinSxS\amd64_microsoft.windows.common-controls_6595b64144ccf1df_6.0.10586.0_none_8c15ae12515e1c22\COMCTL32.dll
0x00007ffc89cd0000 - 0x00007ffc89f4d000 	C:\WINDOWS\system32\combase.dll
0x00007ffc889e0000 - 0x00007ffc88a4a000 	C:\WINDOWS\system32\bcryptPrimitives.dll
0x00007ffc89f50000 - 0x00007ffc89f8b000 	C:\WINDOWS\system32\IMM32.DLL
0x0000000065ef0000 - 0x0000000065fc2000 	C:\Program Files\Java\jdk1.8.0_25\jre\bin\msvcr100.dll
0x00000000663b0000 - 0x0000000066c0a000 	C:\Program Files\Java\jdk1.8.0_25\jre\bin\server\jvm.dll
0x00007ffc8a2c0000 - 0x00007ffc8a2c8000 	C:\WINDOWS\system32\PSAPI.DLL
0x00007ffc75280000 - 0x00007ffc75289000 	C:\WINDOWS\SYSTEM32\WSOCK32.dll
0x00007ffc89b00000 - 0x00007ffc89b6b000 	C:\WINDOWS\system32\WS2_32.dll
0x00007ffc86a30000 - 0x00007ffc86a53000 	C:\WINDOWS\SYSTEM32\WINMM.dll
0x00007ffc869d0000 - 0x00007ffc869fc000 	C:\WINDOWS\SYSTEM32\WINMMBASE.dll
0x00007ffc88990000 - 0x00007ffc889d3000 	C:\WINDOWS\system32\cfgmgr32.dll
0x00000000663a0000 - 0x00000000663af000 	C:\Program Files\Java\jdk1.8.0_25\jre\bin\verify.dll
0x0000000066370000 - 0x0000000066398000 	C:\Program Files\Java\jdk1.8.0_25\jre\bin\java.dll
0x0000000066350000 - 0x0000000066366000 	C:\Program Files\Java\jdk1.8.0_25\jre\bin\zip.dll
0x00007ffc8a340000 - 0x00007ffc8b89c000 	C:\WINDOWS\system32\SHELL32.dll
0x00007ffc88ab0000 - 0x00007ffc890f4000 	C:\WINDOWS\system32\windows.storage.dll
0x00007ffc8bd50000 - 0x00007ffc8bda2000 	C:\WINDOWS\system32\shlwapi.dll
0x00007ffc883e0000 - 0x00007ffc883ef000 	C:\WINDOWS\system32\kernel.appcore.dll
0x00007ffc88510000 - 0x00007ffc885c5000 	C:\WINDOWS\system32\shcore.dll
0x00007ffc88410000 - 0x00007ffc8845b000 	C:\WINDOWS\system32\powrprof.dll
0x00007ffc883f0000 - 0x00007ffc88404000 	C:\WINDOWS\system32\profapi.dll
0x00007ffc7a280000 - 0x00007ffc7a40c000 	C:\WINDOWS\SYSTEM32\dbghelp.dll

VM Arguments:
jvm_args: -Djava.awt.headless=true -Xmx1024M -Dfile.encoding=windows-1252 -Duser.country=FR -Duser.language=fr -Duser.variant 
java_command: com.android.dx.command.Main --dex --force-jumbo --num-threads=4 --multi-dex --output C:\Users\Famille\AndroidStudioProjects\Niviel\app\build\intermediates\transforms\dex\debug\folders\1000\10\com.android.support-appcompat-v7-24.0.0_d749c888684847997bd0c4748dd6be454c98469d C:\Users\Famille\AndroidStudioProjects\Niviel\app\build\intermediates\exploded-aar\com.android.support\appcompat-v7\24.0.0\jars\classes.jar
java_class_path (initial): C:\Users\Famille\AppData\Local\Android\sdk\build-tools\23.0.2\lib\dx.jar
Launcher Type: SUN_STANDARD

Environment Variables:
JAVA_HOME=C:\Program Files\Java\jdk1.8.0_25
PATH=C:\Program Files\Broadcom\Broadcom 802.11 Network Adapter;;C:\Program Files\Broadcom\Broadcom 802.11;C:\ProgramData\Oracle\Java\javapath;C:\Program Files (x86)\Intel\iCLS Client\;C:\Program Files\Intel\iCLS Client\;C:\Windows\system32;C:\Windows;C:\Windows\System32\Wbem;C:\Windows\System32\WindowsPowerShell\v1.0\;C:\Program Files\Hewlett-Packard\SimplePass\;C:\wamp\bin\php\php5.5.12;C:\Python27;C:\Users\Famille\AppData\Roaming\npm\;C:\Program Files\nodejs\;C:\Program Files\Git\cmd;C:\Program Files (x86)\Brackets\command;C:\Program Files (x86)\Ant\bin;C:\Program Files (x86)\Maven\bin;C:\Program Files (x86)\Intel\Intel(R) Management Engine Components\DAL;C:\Program Files\Intel\Intel(R) Management Engine Components\DAL;C:\Program Files (x86)\Intel\Intel(R) Management Engine Components\IPT;C:\Program Files\Intel\Intel(R) Management Engine Components\IPT;C:\Users\Famille\AppData\Local\atom\bin;C:\Users\Famille\AppData\Roaming\npm
USERNAME=de Lachaux
OS=Windows_NT
PROCESSOR_IDENTIFIER=Intel64 Family 6 Model 69 Stepping 1, GenuineIntel



---------------  S Y S T E M  ---------------

OS: Windows 8.1 , 64 bit Build 9600 

CPU:total 4 (2 cores per cpu, 2 threads per core) family 6 model 69 stepping 1, cmov, cx8, fxsr, mmx, sse, sse2, sse3, ssse3, sse4.1, sse4.2, popcnt, avx, avx2, aes, clmul, erms, lzcnt, ht, tsc, tscinvbit, bmi1, bmi2

Memory: 4k page, physical 4122776k(334140k free), swap 5555352k(57532k free)

vm_info: Java HotSpot(TM) 64-Bit Server VM (25.25-b02) for windows-amd64 JRE (1.8.0_25-b18), built on Oct  7 2014 14:25:37 by "java_re" with MS VC++ 10.0 (VS2010)

time: Tue Jul 05 12:09:20 2016
elapsed time: 13 seconds (0d 0h 0m 13s)

