#
# There is insufficient memory for the Java Runtime Environment to continue.
# Native memory allocation (malloc) failed to allocate 1908576 bytes for Chunk::new
# Possible reasons:
#   The system is out of physical RAM or swap space
#   In 32 bit mode, the process size limit was hit
# Possible solutions:
#   Reduce memory load on the system
#   Increase physical memory or swap space
#   Check if swap backing store is full
#   Use 64 bit Java on a 64 bit OS
#   Decrease Java heap size (-Xmx/-Xms)
#   Decrease number of Java threads
#   Decrease Java thread stack sizes (-Xss)
#   Set larger code cache with -XX:ReservedCodeCacheSize=
# This output file may be truncated or incomplete.
#
#  Out of Memory Error (allocation.cpp:390), pid=25056, tid=24236
#
# JRE version: Java(TM) SE Runtime Environment (8.0_25-b18) (build 1.8.0_25-b18)
# Java VM: Java HotSpot(TM) 64-Bit Server VM (25.25-b02 mixed mode windows-amd64 compressed oops)
# Failed to write core dump. Minidumps are not enabled by default on client versions of Windows
#

---------------  T H R E A D  ---------------

Current thread (0x0000000015048000):  JavaThread "C2 CompilerThread1" daemon [_thread_in_native, id=24236, stack(0x0000000016670000,0x0000000016770000)]

Stack: [0x0000000016670000,0x0000000016770000]
Native frames: (J=compiled Java code, j=interpreted, Vv=VM code, C=native code)
V  [jvm.dll+0x31667a]
V  [jvm.dll+0x267073]
V  [jvm.dll+0x267cb3]
V  [jvm.dll+0x25f5b5]
V  [jvm.dll+0xbf165]
V  [jvm.dll+0xbf60c]
V  [jvm.dll+0x45d672]
V  [jvm.dll+0x49e8ef]
V  [jvm.dll+0x452b41]
V  [jvm.dll+0x453864]
V  [jvm.dll+0x437372]
V  [jvm.dll+0x98a02]
V  [jvm.dll+0x991f3]
V  [jvm.dll+0x22bde4]
V  [jvm.dll+0x2852fa]
C  [msvcr100.dll+0x21d9f]
C  [msvcr100.dll+0x21e3b]
C  [KERNEL32.DLL+0x8364]
C  [ntdll.dll+0x65e91]


Current CompileTask:
C2:  12366 1801   !   4       com.android.dx.cf.code.BytecodeArray::parseInstruction (2764 bytes)


---------------  P R O C E S S  ---------------

Java Threads: ( => current thread )
  0x0000000016cf4000 JavaThread "pool-1-thread-4" [_thread_in_Java, id=27312, stack(0x0000000017270000,0x0000000017370000)]
  0x0000000016d1e000 JavaThread "pool-1-thread-3" [_thread_in_Java, id=20896, stack(0x0000000017170000,0x0000000017270000)]
  0x0000000016d1c800 JavaThread "pool-1-thread-2" [_thread_in_Java, id=25788, stack(0x0000000017070000,0x0000000017170000)]
  0x0000000016d3a000 JavaThread "pool-2-thread-1" [_thread_blocked, id=22748, stack(0x0000000016f70000,0x0000000017070000)]
  0x0000000016d7c800 JavaThread "pool-1-thread-1" [_thread_in_Java, id=25544, stack(0x0000000016e70000,0x0000000016f70000)]
  0x000000001506a800 JavaThread "Service Thread" daemon [_thread_blocked, id=25608, stack(0x0000000016870000,0x0000000016970000)]
  0x0000000015063800 JavaThread "C1 CompilerThread2" daemon [_thread_blocked, id=25588, stack(0x0000000016770000,0x0000000016870000)]
=>0x0000000015048000 JavaThread "C2 CompilerThread1" daemon [_thread_in_native, id=24236, stack(0x0000000016670000,0x0000000016770000)]
  0x000000001500c000 JavaThread "C2 CompilerThread0" daemon [_thread_in_native, id=25440, stack(0x0000000016570000,0x0000000016670000)]
  0x000000001500a800 JavaThread "Attach Listener" daemon [_thread_blocked, id=27284, stack(0x0000000016470000,0x0000000016570000)]
  0x000000001500a000 JavaThread "Signal Dispatcher" daemon [_thread_blocked, id=25776, stack(0x0000000016370000,0x0000000016470000)]
  0x000000000292f000 JavaThread "Finalizer" daemon [_thread_blocked, id=27596, stack(0x0000000016270000,0x0000000016370000)]
  0x000000000292c000 JavaThread "Reference Handler" daemon [_thread_blocked, id=26940, stack(0x0000000016170000,0x0000000016270000)]
  0x000000000282d800 JavaThread "main" [_thread_in_Java, id=25968, stack(0x00000000026e0000,0x00000000027e0000)]

Other Threads:
  0x0000000014fd6800 VMThread [stack: 0x0000000016070000,0x0000000016170000] [id=27540]
  0x000000001506d800 WatcherThread [stack: 0x0000000016970000,0x0000000016a70000] [id=25456]

VM state:not at safepoint (normal execution)

VM Mutex/Monitor currently owned by a thread: None

Heap:
 PSYoungGen      total 68096K, used 28094K [0x00000000eab00000, 0x00000000ef000000, 0x0000000100000000)
  eden space 65536K, 39% used [0x00000000eab00000,0x00000000ec3f7ba8,0x00000000eeb00000)
  from space 2560K, 98% used [0x00000000eed80000,0x00000000eeff8048,0x00000000ef000000)
  to   space 2560K, 0% used [0x00000000eeb00000,0x00000000eeb00000,0x00000000eed80000)
 ParOldGen       total 44032K, used 13491K [0x00000000c0000000, 0x00000000c2b00000, 0x00000000eab00000)
  object space 44032K, 30% used [0x00000000c0000000,0x00000000c0d2cee0,0x00000000c2b00000)
 Metaspace       used 6285K, capacity 7128K, committed 7424K, reserved 1056768K
  class space    used 608K, capacity 656K, committed 768K, reserved 1048576K

Card table byte_map: [0x0000000011d00000,0x0000000011f10000] byte_map_base: 0x0000000011700000

Marking Bits: (ParMarkBitMap*) 0x000000007364d490
 Begin Bits: [0x0000000012470000, 0x0000000013470000)
 End Bits:   [0x0000000013470000, 0x0000000014470000)

Polling page: 0x0000000000da0000

CodeCache: size=245760Kb used=7644Kb max_used=7656Kb free=238116Kb
 bounds [0x0000000002940000, 0x00000000030d0000, 0x0000000011940000]
 total_blobs=2040 nmethods=1776 adapters=178
 compilation: enabled

Compilation events (10 events):
Event: 11.954 Thread 0x0000000015063800 1825 %     3       com.android.dx.cf.cst.ConstantPoolParser::parse @ 96 (365 bytes)
Event: 11.958 Thread 0x0000000015063800 nmethod 1825% 0x000000000308af50 code [0x000000000308b4c0, 0x000000000308ea48]
Event: 11.958 Thread 0x0000000015063800 1826       3       com.android.dx.cf.cst.ConstantPoolParser::parse (365 bytes)
Event: 11.962 Thread 0x0000000015063800 nmethod 1826 0x0000000003090b90 code [0x00000000030910e0, 0x0000000003094528]
Event: 11.984 Thread 0x0000000015063800 1827       2       java.util.HashMap$TreeNode::find (172 bytes)
Event: 11.985 Thread 0x0000000015063800 nmethod 1827 0x0000000003077410 code [0x00000000030775c0, 0x00000000030779f8]
Event: 12.034 Thread 0x000000001500c000 nmethod 1757 0x00000000030a2bd0 code [0x00000000030a36e0, 0x00000000030af290]
Event: 12.034 Thread 0x000000001500c000 1819       4       java.util.HashMap::get (23 bytes)
Event: 12.039 Thread 0x000000001500c000 nmethod 1819 0x0000000003076e10 code [0x0000000003076f60, 0x00000000030771a8]
Event: 12.039 Thread 0x000000001500c000 1774 %     4       com.android.dx.ssa.SsaConverter::placePhiFunctions @ 103 (394 bytes)

GC Heap History (8 events):
Event: 2.911 GC heap before
{Heap before GC invocations=1 (full 0):
 PSYoungGen      total 18944K, used 16384K [0x00000000eab00000, 0x00000000ec000000, 0x0000000100000000)
  eden space 16384K, 100% used [0x00000000eab00000,0x00000000ebb00000,0x00000000ebb00000)
  from space 2560K, 0% used [0x00000000ebd80000,0x00000000ebd80000,0x00000000ec000000)
  to   space 2560K, 0% used [0x00000000ebb00000,0x00000000ebb00000,0x00000000ebd80000)
 ParOldGen       total 44032K, used 0K [0x00000000c0000000, 0x00000000c2b00000, 0x00000000eab00000)
  object space 44032K, 0% used [0x00000000c0000000,0x00000000c0000000,0x00000000c2b00000)
 Metaspace       used 5709K, capacity 6704K, committed 6784K, reserved 1056768K
  class space    used 586K, capacity 616K, committed 640K, reserved 1048576K
Event: 3.327 GC heap after
Heap after GC invocations=1 (full 0):
 PSYoungGen      total 18944K, used 2538K [0x00000000eab00000, 0x00000000ed000000, 0x0000000100000000)
  eden space 16384K, 0% used [0x00000000eab00000,0x00000000eab00000,0x00000000ebb00000)
  from space 2560K, 99% used [0x00000000ebb00000,0x00000000ebd7aac8,0x00000000ebd80000)
  to   space 2560K, 0% used [0x00000000ecd80000,0x00000000ecd80000,0x00000000ed000000)
 ParOldGen       total 44032K, used 1380K [0x00000000c0000000, 0x00000000c2b00000, 0x00000000eab00000)
  object space 44032K, 3% used [0x00000000c0000000,0x00000000c01593b0,0x00000000c2b00000)
 Metaspace       used 5709K, capacity 6704K, committed 6784K, reserved 1056768K
  class space    used 586K, capacity 616K, committed 640K, reserved 1048576K
}
Event: 4.925 GC heap before
{Heap before GC invocations=2 (full 0):
 PSYoungGen      total 18944K, used 18922K [0x00000000eab00000, 0x00000000ed000000, 0x0000000100000000)
  eden space 16384K, 100% used [0x00000000eab00000,0x00000000ebb00000,0x00000000ebb00000)
  from space 2560K, 99% used [0x00000000ebb00000,0x00000000ebd7aac8,0x00000000ebd80000)
  to   space 2560K, 0% used [0x00000000ecd80000,0x00000000ecd80000,0x00000000ed000000)
 ParOldGen       total 44032K, used 1380K [0x00000000c0000000, 0x00000000c2b00000, 0x00000000eab00000)
  object space 44032K, 3% used [0x00000000c0000000,0x00000000c01593b0,0x00000000c2b00000)
 Metaspace       used 5984K, capacity 6960K, committed 7040K, reserved 1056768K
  class space    used 587K, capacity 616K, committed 640K, reserved 1048576K
Event: 4.937 GC heap after
Heap after GC invocations=2 (full 0):
 PSYoungGen      total 35328K, used 2535K [0x00000000eab00000, 0x00000000ed000000, 0x0000000100000000)
  eden space 32768K, 0% used [0x00000000eab00000,0x00000000eab00000,0x00000000ecb00000)
  from space 2560K, 99% used [0x00000000ecd80000,0x00000000ecff9c78,0x00000000ed000000)
  to   space 2560K, 0% used [0x00000000ecb00000,0x00000000ecb00000,0x00000000ecd80000)
 ParOldGen       total 44032K, used 3504K [0x00000000c0000000, 0x00000000c2b00000, 0x00000000eab00000)
  object space 44032K, 7% used [0x00000000c0000000,0x00000000c036c148,0x00000000c2b00000)
 Metaspace       used 5984K, capacity 6960K, committed 7040K, reserved 1056768K
  class space    used 587K, capacity 616K, committed 640K, reserved 1048576K
}
Event: 7.442 GC heap before
{Heap before GC invocations=3 (full 0):
 PSYoungGen      total 35328K, used 35303K [0x00000000eab00000, 0x00000000ed000000, 0x0000000100000000)
  eden space 32768K, 100% used [0x00000000eab00000,0x00000000ecb00000,0x00000000ecb00000)
  from space 2560K, 99% used [0x00000000ecd80000,0x00000000ecff9c78,0x00000000ed000000)
  to   space 2560K, 0% used [0x00000000ecb00000,0x00000000ecb00000,0x00000000ecd80000)
 ParOldGen       total 44032K, used 3504K [0x00000000c0000000, 0x00000000c2b00000, 0x00000000eab00000)
  object space 44032K, 7% used [0x00000000c0000000,0x00000000c036c148,0x00000000c2b00000)
 Metaspace       used 6206K, capacity 7064K, committed 7424K, reserved 1056768K
  class space    used 608K, capacity 656K, committed 768K, reserved 1048576K
Event: 8.152 GC heap after
Heap after GC invocations=3 (full 0):
 PSYoungGen      total 35328K, used 2528K [0x00000000eab00000, 0x00000000ef000000, 0x0000000100000000)
  eden space 32768K, 0% used [0x00000000eab00000,0x00000000eab00000,0x00000000ecb00000)
  from space 2560K, 98% used [0x00000000ecb00000,0x00000000ecd78290,0x00000000ecd80000)
  to   space 2560K, 0% used [0x00000000eed80000,0x00000000eed80000,0x00000000ef000000)
 ParOldGen       total 44032K, used 8814K [0x00000000c0000000, 0x00000000c2b00000, 0x00000000eab00000)
  object space 44032K, 20% used [0x00000000c0000000,0x00000000c089ba60,0x00000000c2b00000)
 Metaspace       used 6206K, capacity 7064K, committed 7424K, reserved 1056768K
  class space    used 608K, capacity 656K, committed 768K, reserved 1048576K
}
Event: 11.559 GC heap before
{Heap before GC invocations=4 (full 0):
 PSYoungGen      total 35328K, used 35296K [0x00000000eab00000, 0x00000000ef000000, 0x0000000100000000)
  eden space 32768K, 100% used [0x00000000eab00000,0x00000000ecb00000,0x00000000ecb00000)
  from space 2560K, 98% used [0x00000000ecb00000,0x00000000ecd78290,0x00000000ecd80000)
  to   space 2560K, 0% used [0x00000000eed80000,0x00000000eed80000,0x00000000ef000000)
 ParOldGen       total 44032K, used 8814K [0x00000000c0000000, 0x00000000c2b00000, 0x00000000eab00000)
  object space 44032K, 20% used [0x00000000c0000000,0x00000000c089ba60,0x00000000c2b00000)
 Metaspace       used 6254K, capacity 7128K, committed 7424K, reserved 1056768K
  class space    used 608K, capacity 656K, committed 768K, reserved 1048576K
Event: 11.712 GC heap after
Heap after GC invocations=4 (full 0):
 PSYoungGen      total 68096K, used 2528K [0x00000000eab00000, 0x00000000ef000000, 0x0000000100000000)
  eden space 65536K, 0% used [0x00000000eab00000,0x00000000eab00000,0x00000000eeb00000)
  from space 2560K, 98% used [0x00000000eed80000,0x00000000eeff8048,0x00000000ef000000)
  to   space 2560K, 0% used [0x00000000eeb00000,0x00000000eeb00000,0x00000000eed80000)
 ParOldGen       total 44032K, used 13491K [0x00000000c0000000, 0x00000000c2b00000, 0x00000000eab00000)
  object space 44032K, 30% used [0x00000000c0000000,0x00000000c0d2cee0,0x00000000c2b00000)
 Metaspace       used 6254K, capacity 7128K, committed 7424K, reserved 1056768K
  class space    used 608K, capacity 656K, committed 768K, reserved 1048576K
}

Deoptimization events (10 events):
Event: 8.256 Thread 0x0000000016cf4000 Uncommon trap: reason=bimorphic action=maybe_recompile pc=0x0000000002f91d28 method=com.android.dx.cf.code.BytecodeArray.parseInstruction(ILcom/android/dx/cf/code/BytecodeArray$Visitor;)I @ 907
Event: 8.256 Thread 0x0000000016cf4000 Uncommon trap: reason=bimorphic action=maybe_recompile pc=0x0000000002f9212c method=com.android.dx.cf.code.BytecodeArray.parseInstruction(ILcom/android/dx/cf/code/BytecodeArray$Visitor;)I @ 1130
Event: 8.256 Thread 0x0000000016cf4000 Uncommon trap: reason=bimorphic action=maybe_recompile pc=0x0000000002f91db0 method=com.android.dx.cf.code.BytecodeArray.parseInstruction(ILcom/android/dx/cf/code/BytecodeArray$Visitor;)I @ 923
Event: 8.256 Thread 0x0000000016cf4000 Uncommon trap: reason=bimorphic action=maybe_recompile pc=0x0000000002f9212c method=com.android.dx.cf.code.BytecodeArray.parseInstruction(ILcom/android/dx/cf/code/BytecodeArray$Visitor;)I @ 1130
Event: 8.959 Thread 0x0000000016d1e000 Uncommon trap: reason=unreached action=reinterpret pc=0x0000000002ebdc60 method=java.util.HashMap.resize()[Ljava/util/HashMap$Node; @ 206
Event: 11.515 Thread 0x0000000016d1c800 Uncommon trap: reason=bimorphic action=maybe_recompile pc=0x0000000002fa5884 method=com.android.dx.rop.code.RegisterSpec.withSimpleType()Lcom/android/dx/rop/code/RegisterSpec; @ 21
Event: 11.515 Thread 0x0000000016d1c800 Uncommon trap: reason=bimorphic action=maybe_recompile pc=0x0000000002fa5884 method=com.android.dx.rop.code.RegisterSpec.withSimpleType()Lcom/android/dx/rop/code/RegisterSpec; @ 21
Event: 11.778 Thread 0x0000000016d1e000 Uncommon trap: reason=bimorphic action=maybe_recompile pc=0x0000000002bd5568 method=java.util.HashMap.getNode(ILjava/lang/Object;)Ljava/util/HashMap$Node; @ 126
Event: 11.823 Thread 0x0000000016d1c800 Uncommon trap: reason=bimorphic action=maybe_recompile pc=0x0000000003021bc8 method=com.android.dx.cf.code.BytecodeArray.parseInstruction(ILcom/android/dx/cf/code/BytecodeArray$Visitor;)I @ 2484
Event: 11.823 Thread 0x0000000016d1c800 Uncommon trap: reason=bimorphic action=maybe_recompile pc=0x0000000003021bc8 method=com.android.dx.cf.code.BytecodeArray.parseInstruction(ILcom/android/dx/cf/code/BytecodeArray$Visitor;)I @ 2484

Internal exceptions (10 events):
Event: 2.310 Thread 0x0000000016d1e000 Exception <a 'java/security/PrivilegedActionException'> (0x00000000eb75b058) thrown at [D:\re\workspace\8-2-build-windows-amd64-cygwin\jdk8u25\1677\hotspot\src\share\vm\prims\jvm.cpp, line 1312]
Event: 2.312 Thread 0x0000000016d1e000 Exception <a 'java/security/PrivilegedActionException'> (0x00000000eb75f758) thrown at [D:\re\workspace\8-2-build-windows-amd64-cygwin\jdk8u25\1677\hotspot\src\share\vm\prims\jvm.cpp, line 1312]
Event: 2.377 Thread 0x0000000016d1c800 Exception <a 'java/security/PrivilegedActionException'> (0x00000000eb57c288) thrown at [D:\re\workspace\8-2-build-windows-amd64-cygwin\jdk8u25\1677\hotspot\src\share\vm\prims\jvm.cpp, line 1312]
Event: 2.407 Thread 0x000000000282d800 Exception <a 'java/security/PrivilegedActionException'> (0x00000000eb829d68) thrown at [D:\re\workspace\8-2-build-windows-amd64-cygwin\jdk8u25\1677\hotspot\src\share\vm\prims\jvm.cpp, line 1312]
Event: 6.524 Thread 0x0000000016d1e000 Exception <a 'java/lang/ArrayIndexOutOfBoundsException': 18> (0x00000000ebe741e8) thrown at [D:\re\workspace\8-2-build-windows-amd64-cygwin\jdk8u25\1677\hotspot\src\share\vm\interpreter\interpreterRuntime.cpp, line 366]
Event: 6.525 Thread 0x0000000016d1e000 Exception <a 'java/lang/ArrayIndexOutOfBoundsException'> (0x00000000ebe75c80) thrown at [D:\re\workspace\8-2-build-windows-amd64-cygwin\jdk8u25\1677\hotspot\src\share\vm\runtime\sharedRuntime.cpp, line 604]
Event: 6.526 Thread 0x0000000016d1e000 Exception <a 'java/lang/ArrayIndexOutOfBoundsException'> (0x00000000ebe76e98) thrown at [D:\re\workspace\8-2-build-windows-amd64-cygwin\jdk8u25\1677\hotspot\src\share\vm\runtime\sharedRuntime.cpp, line 604]
Event: 6.594 Thread 0x0000000016d7c800 Exception <a 'java/security/PrivilegedActionException'> (0x00000000ebd34498) thrown at [D:\re\workspace\8-2-build-windows-amd64-cygwin\jdk8u25\1677\hotspot\src\share\vm\prims\jvm.cpp, line 1312]
Event: 6.631 Thread 0x0000000016d7c800 Exception <a 'java/security/PrivilegedActionException'> (0x00000000ec541d70) thrown at [D:\re\workspace\8-2-build-windows-amd64-cygwin\jdk8u25\1677\hotspot\src\share\vm\prims\jvm.cpp, line 1312]
Event: 9.501 Thread 0x0000000016d7c800 Exception <a 'java/security/PrivilegedActionException'> (0x00000000ec50a378) thrown at [D:\re\workspace\8-2-build-windows-amd64-cygwin\jdk8u25\1677\hotspot\src\share\vm\prims\jvm.cpp, line 1312]

Events (10 events):
Event: 11.823 Thread 0x0000000016d1c800 DEOPT UNPACKING pc=0x000000000298556a sp=0x000000001716e8a8 mode 2
Event: 11.823 Thread 0x0000000016d1c800 Uncommon trap: trap_request=0xffffffc6 fr.pc=0x0000000003021bc8
Event: 11.823 Thread 0x0000000016d1c800 DEOPT PACKING pc=0x0000000003021bc8 sp=0x000000001716e740
Event: 11.823 Thread 0x0000000016d1c800 DEOPT UNPACKING pc=0x000000000298556a sp=0x000000001716e708 mode 2
Event: 11.888 Thread 0x0000000016d7c800 DEOPT PACKING pc=0x0000000002da6781 sp=0x0000000016f6eb60
Event: 11.888 Thread 0x0000000016d7c800 DEOPT UNPACKING pc=0x00000000029875bf sp=0x0000000016f6e990 mode 0
Event: 11.954 Thread 0x000000000282d800 DEOPT PACKING pc=0x0000000003071d61 sp=0x00000000027de780
Event: 11.954 Thread 0x000000000282d800 DEOPT UNPACKING pc=0x00000000029875bf sp=0x00000000027de540 mode 0
Event: 11.963 Thread 0x000000000282d800 DEOPT PACKING pc=0x0000000003073f81 sp=0x00000000027de880
Event: 11.963 Thread 0x000000000282d800 DEOPT UNPACKING pc=0x00000000029875bf sp=0x00000000027de698 mode 0


Dynamic libraries:
0x00007ff6c7d40000 - 0x00007ff6c7d74000 	C:\Program Files\Java\jdk1.8.0_25\bin\java.exe
0x00007ff923690000 - 0x00007ff923861000 	C:\WINDOWS\SYSTEM32\ntdll.dll
0x00007ff9213d0000 - 0x00007ff92147b000 	C:\WINDOWS\System32\KERNEL32.DLL
0x00007ff91fc30000 - 0x00007ff91fe4d000 	C:\WINDOWS\System32\KERNELBASE.dll
0x00007ff920c20000 - 0x00007ff920cc2000 	C:\WINDOWS\System32\ADVAPI32.dll
0x00007ff922ea0000 - 0x00007ff922f3e000 	C:\WINDOWS\System32\msvcrt.dll
0x00007ff920cd0000 - 0x00007ff920d29000 	C:\WINDOWS\System32\sechost.dll
0x00007ff920fd0000 - 0x00007ff9210f1000 	C:\WINDOWS\System32\RPCRT4.dll
0x00007ff923000000 - 0x00007ff923165000 	C:\WINDOWS\System32\USER32.dll
0x00007ff91fe50000 - 0x00007ff91fe6e000 	C:\WINDOWS\System32\win32u.dll
0x00007ff920d30000 - 0x00007ff920d64000 	C:\WINDOWS\System32\GDI32.dll
0x00007ff9206f0000 - 0x00007ff920872000 	C:\WINDOWS\System32\gdi32full.dll
0x00007ff918ba0000 - 0x00007ff918e1a000 	C:\WINDOWS\WinSxS\amd64_microsoft.windows.common-controls_6595b64144ccf1df_6.0.14393.351_none_4213128bc687e6d3\COMCTL32.dll
0x00007ff921100000 - 0x00007ff9213c7000 	C:\WINDOWS\System32\combase.dll
0x00007ff91ff10000 - 0x00007ff920005000 	C:\WINDOWS\System32\ucrtbase.dll
0x00007ff920b50000 - 0x00007ff920bba000 	C:\WINDOWS\System32\bcryptPrimitives.dll
0x00007ff920e90000 - 0x00007ff920ebe000 	C:\WINDOWS\System32\IMM32.DLL
0x00000000750c0000 - 0x0000000075192000 	C:\Program Files\Java\jdk1.8.0_25\jre\bin\msvcr100.dll
0x0000000072e70000 - 0x00000000736ca000 	C:\Program Files\Java\jdk1.8.0_25\jre\bin\server\jvm.dll
0x00007ff9232b0000 - 0x00007ff9232b8000 	C:\WINDOWS\System32\PSAPI.DLL
0x00007ff9137b0000 - 0x00007ff9137b9000 	C:\WINDOWS\SYSTEM32\WSOCK32.dll
0x00007ff9214f0000 - 0x00007ff92155a000 	C:\WINDOWS\System32\WS2_32.dll
0x00007ff91dea0000 - 0x00007ff91dec3000 	C:\WINDOWS\SYSTEM32\WINMM.dll
0x00007ff91de40000 - 0x00007ff91de6b000 	C:\WINDOWS\SYSTEM32\WINMMBASE.dll
0x00007ff920b00000 - 0x00007ff920b42000 	C:\WINDOWS\System32\cfgmgr32.dll
0x00000000750b0000 - 0x00000000750bf000 	C:\Program Files\Java\jdk1.8.0_25\jre\bin\verify.dll
0x0000000075080000 - 0x00000000750a8000 	C:\Program Files\Java\jdk1.8.0_25\jre\bin\java.dll
0x0000000075060000 - 0x0000000075076000 	C:\Program Files\Java\jdk1.8.0_25\jre\bin\zip.dll
0x00007ff921990000 - 0x00007ff922e99000 	C:\WINDOWS\System32\SHELL32.dll
0x00007ff920010000 - 0x00007ff9206ea000 	C:\WINDOWS\System32\windows.storage.dll
0x00007ff91fb20000 - 0x00007ff91fb6c000 	C:\WINDOWS\System32\powrprof.dll
0x00007ff923490000 - 0x00007ff9234e2000 	C:\WINDOWS\System32\shlwapi.dll
0x00007ff91fb10000 - 0x00007ff91fb1f000 	C:\WINDOWS\System32\kernel.appcore.dll
0x00007ff91fb80000 - 0x00007ff91fc29000 	C:\WINDOWS\System32\shcore.dll
0x00007ff91faf0000 - 0x00007ff91fb04000 	C:\WINDOWS\System32\profapi.dll
0x00007ff917d20000 - 0x00007ff917eb2000 	C:\WINDOWS\SYSTEM32\dbghelp.dll

VM Arguments:
jvm_args: -Djava.awt.headless=true -Xmx1024M -Dfile.encoding=windows-1252 -Duser.country=FR -Duser.language=fr -Duser.variant 
java_command: com.android.dx.command.Main --dex --num-threads=4 --output C:\Users\Famille\AndroidStudioProjects\Niviel\app\build\intermediates\pre-dexed\debug\okhttp-3.4.1_7bee02bc48e70d4713b4b9950d57f817e30b9c11.jar C:\Users\Famille\.gradle\caches\modules-2\files-2.1\com.squareup.okhttp3\okhttp\3.4.1\c7c4f9e35c2fd5900da24f9872e3971801f08ce0\okhttp-3.4.1.jar
java_class_path (initial): C:\Users\Famille\AppData\Local\Android\sdk\build-tools\23.0.2\lib\dx.jar
Launcher Type: SUN_STANDARD

Environment Variables:
JAVA_HOME=C:\Program Files\Java\jdk1.8.0_25
PATH=C:\Program Files\Broadcom\Broadcom 802.11 Network Adapter;C:\Program Files\Broadcom\Broadcom 802.11;C:\ProgramData\Oracle\Java\javapath;C:\Program Files (x86)\Intel\iCLS Client\;C:\Program Files\Intel\iCLS Client\;C:\Windows\system32;C:\Windows;C:\Windows\System32\Wbem;C:\Windows\System32\WindowsPowerShell\v1.0\;C:\Program Files\Hewlett-Packard\SimplePass\;C:\wamp\bin\php\php5.5.12;C:\Python27;C:\Users\Famille\AppData\Roaming\npm\;C:\Program Files\nodejs\;C:\Program Files\Git\cmd;C:\Program Files (x86)\Brackets\command;C:\Program Files (x86)\Ant\bin;C:\Program Files (x86)\Maven\bin;C:\Program Files (x86)\Intel\Intel(R) Management Engine Components\DAL;C:\Program Files\Intel\Intel(R) Management Engine Components\DAL;C:\Program Files (x86)\Intel\Intel(R) Management Engine Components\IPT;C:\Program Files\Intel\Intel(R) Management Engine Components\IPT;C:\Users\Famille\AppData\Local\Android\sdk\platform-tools;C:\WINDOWS\system32;C:\WINDOWS;C:\WINDOWS\System32\Wbem;C:\WINDOWS\System32\WindowsPowerShell\v1.0\;C:\Users\Famille\AppData\Local\atom\bin;C:\Users\Famille\AppData\Roaming\npm;%USERPROFILE%\AppData\Local\Microsoft\WindowsApps;
USERNAME=de Lachaux
OS=Windows_NT
PROCESSOR_IDENTIFIER=Intel64 Family 6 Model 69 Stepping 1, GenuineIntel



---------------  S Y S T E M  ---------------

OS: Windows 8.1 , 64 bit Build 9600 

CPU:total 4 (2 cores per cpu, 2 threads per core) family 6 model 69 stepping 1, cmov, cx8, fxsr, mmx, sse, sse2, sse3, ssse3, sse4.1, sse4.2, popcnt, avx, avx2, aes, clmul, erms, lzcnt, ht, tsc, tscinvbit, bmi1, bmi2

Memory: 4k page, physical 4122776k(196020k free), swap 5555352k(7536k free)

vm_info: Java HotSpot(TM) 64-Bit Server VM (25.25-b02) for windows-amd64 JRE (1.8.0_25-b18), built on Oct  7 2014 14:25:37 by "java_re" with MS VC++ 10.0 (VS2010)

time: Wed Nov 02 11:50:57 2016
elapsed time: 12 seconds (0d 0h 0m 12s)

