#
# There is insufficient memory for the Java Runtime Environment to continue.
# Native memory allocation (malloc) failed to allocate 86896 bytes for Chunk::new
# Possible reasons:
#   The system is out of physical RAM or swap space
#   In 32 bit mode, the process size limit was hit
# Possible solutions:
#   Reduce memory load on the system
#   Increase physical memory or swap space
#   Check if swap backing store is full
#   Use 64 bit Java on a 64 bit OS
#   Decrease Java heap size (-Xmx/-Xms)
#   Decrease number of Java threads
#   Decrease Java thread stack sizes (-Xss)
#   Set larger code cache with -XX:ReservedCodeCacheSize=
# This output file may be truncated or incomplete.
#
#  Out of Memory Error (allocation.cpp:390), pid=21588, tid=27060
#
# JRE version: Java(TM) SE Runtime Environment (8.0_25-b18) (build 1.8.0_25-b18)
# Java VM: Java HotSpot(TM) 64-Bit Server VM (25.25-b02 mixed mode windows-amd64 compressed oops)
# Failed to write core dump. Minidumps are not enabled by default on client versions of Windows
#

---------------  T H R E A D  ---------------

Current thread (0x00000000146ac000):  JavaThread "C2 CompilerThread0" daemon [_thread_in_native, id=27060, stack(0x0000000015c00000,0x0000000015d00000)]

Stack: [0x0000000015c00000,0x0000000015d00000]
Native frames: (J=compiled Java code, j=interpreted, Vv=VM code, C=native code)
V  [jvm.dll+0x31667a]


Current CompileTask:
C2:   7583  147 %     4       java.lang.String::replace @ 20 (127 bytes)


---------------  P R O C E S S  ---------------

Java Threads: ( => current thread )
  0x000000001470b000 JavaThread "Service Thread" daemon [_thread_blocked, id=29036, stack(0x0000000015f00000,0x0000000016000000)]
  0x0000000014703800 JavaThread "C1 CompilerThread2" daemon [_thread_blocked, id=30660, stack(0x0000000015e00000,0x0000000015f00000)]
  0x00000000146b1800 JavaThread "C2 CompilerThread1" daemon [_thread_in_native, id=30288, stack(0x0000000015d00000,0x0000000015e00000)]
=>0x00000000146ac000 JavaThread "C2 CompilerThread0" daemon [_thread_in_native, id=27060, stack(0x0000000015c00000,0x0000000015d00000)]
  0x00000000146aa800 JavaThread "Attach Listener" daemon [_thread_blocked, id=21552, stack(0x0000000015b00000,0x0000000015c00000)]
  0x00000000146a9800 JavaThread "Signal Dispatcher" daemon [_thread_blocked, id=30920, stack(0x0000000015a00000,0x0000000015b00000)]
  0x0000000001fd0800 JavaThread "Finalizer" daemon [_thread_blocked, id=30980, stack(0x0000000015900000,0x0000000015a00000)]
  0x0000000001fcd000 JavaThread "Reference Handler" daemon [_thread_blocked, id=26140, stack(0x0000000015800000,0x0000000015900000)]
  0x0000000001d4e000 JavaThread "main" [_thread_blocked, id=28700, stack(0x0000000001d70000,0x0000000001e70000)]

Other Threads:
  0x0000000014676800 VMThread [stack: 0x0000000015700000,0x0000000015800000] [id=22976]
  0x000000001470d800 WatcherThread [stack: 0x0000000016000000,0x0000000016100000] [id=29652]

VM state:not at safepoint (normal execution)

VM Mutex/Monitor currently owned by a thread: None

Heap:
 PSYoungGen      total 18944K, used 5577K [0x00000000eab00000, 0x00000000ec000000, 0x0000000100000000)
  eden space 16384K, 34% used [0x00000000eab00000,0x00000000eb072408,0x00000000ebb00000)
  from space 2560K, 0% used [0x00000000ebd80000,0x00000000ebd80000,0x00000000ec000000)
  to   space 2560K, 0% used [0x00000000ebb00000,0x00000000ebb00000,0x00000000ebd80000)
 ParOldGen       total 44032K, used 0K [0x00000000c0000000, 0x00000000c2b00000, 0x00000000eab00000)
  object space 44032K, 0% used [0x00000000c0000000,0x00000000c0000000,0x00000000c2b00000)
 Metaspace       used 3631K, capacity 4880K, committed 5120K, reserved 1058816K
  class space    used 399K, capacity 456K, committed 512K, reserved 1048576K

Card table byte_map: [0x00000000113a0000,0x00000000115b0000] byte_map_base: 0x0000000010da0000

Marking Bits: (ParMarkBitMap*) 0x000000005b19d490
 Begin Bits: [0x0000000011b10000, 0x0000000012b10000)
 End Bits:   [0x0000000012b10000, 0x0000000013b10000)

Polling page: 0x0000000001d30000

CodeCache: size=245760Kb used=1461Kb max_used=1461Kb free=244298Kb
 bounds [0x0000000001fe0000, 0x0000000002250000, 0x0000000010fe0000]
 total_blobs=442 nmethods=195 adapters=161
 compilation: enabled

Compilation events (10 events):
Event: 7.346 Thread 0x0000000014703800  142       3       java.util.regex.Matcher::<init> (84 bytes)
Event: 7.347 Thread 0x0000000014703800 nmethod 142 0x0000000002133690 code [0x0000000002133820, 0x0000000002133ce8]
Event: 7.347 Thread 0x0000000014703800  143       3       java.util.regex.Matcher::replaceAll (59 bytes)
Event: 7.348 Thread 0x0000000014703800 nmethod 143 0x0000000002135890 code [0x0000000002135aa0, 0x00000000021368b8]
Event: 7.348 Thread 0x0000000014703800  144       3       java.util.regex.Matcher::find (69 bytes)
Event: 7.348 Thread 0x0000000014703800 nmethod 144 0x0000000002133090 code [0x0000000002133200, 0x00000000021335a8]
Event: 7.348 Thread 0x0000000014703800  146   !   3       java.util.regex.Pattern::matcher (44 bytes)
Event: 7.348 Thread 0x0000000014703800 nmethod 146 0x0000000002132990 code [0x0000000002132b20, 0x0000000002132f78]
Event: 7.349 Thread 0x0000000014703800  148       1       java.lang.String::toString (2 bytes)
Event: 7.349 Thread 0x0000000014703800 nmethod 148 0x0000000002136dd0 code [0x0000000002136f20, 0x0000000002137030]

GC Heap History (0 events):
No events

Deoptimization events (0 events):
No events

Internal exceptions (10 events):
Event: 6.621 Thread 0x0000000001d4e000 Exception <a 'java/security/PrivilegedActionException'> (0x00000000eaca7ca8) thrown at [D:\re\workspace\8-2-build-windows-amd64-cygwin\jdk8u25\1677\hotspot\src\share\vm\prims\jvm.cpp, line 1312]
Event: 6.621 Thread 0x0000000001d4e000 Exception <a 'java/security/PrivilegedActionException'> (0x00000000eaca9ef0) thrown at [D:\re\workspace\8-2-build-windows-amd64-cygwin\jdk8u25\1677\hotspot\src\share\vm\prims\jvm.cpp, line 1312]
Event: 6.625 Thread 0x0000000001d4e000 Exception <a 'java/security/PrivilegedActionException'> (0x00000000eacaeb80) thrown at [D:\re\workspace\8-2-build-windows-amd64-cygwin\jdk8u25\1677\hotspot\src\share\vm\prims\jvm.cpp, line 1312]
Event: 6.626 Thread 0x0000000001d4e000 Exception <a 'java/security/PrivilegedActionException'> (0x00000000eacb31b8) thrown at [D:\re\workspace\8-2-build-windows-amd64-cygwin\jdk8u25\1677\hotspot\src\share\vm\prims\jvm.cpp, line 1312]
Event: 6.627 Thread 0x0000000001d4e000 Exception <a 'java/security/PrivilegedActionException'> (0x00000000eacb7f00) thrown at [D:\re\workspace\8-2-build-windows-amd64-cygwin\jdk8u25\1677\hotspot\src\share\vm\prims\jvm.cpp, line 1312]
Event: 6.627 Thread 0x0000000001d4e000 Exception <a 'java/security/PrivilegedActionException'> (0x00000000eacbc6d8) thrown at [D:\re\workspace\8-2-build-windows-amd64-cygwin\jdk8u25\1677\hotspot\src\share\vm\prims\jvm.cpp, line 1312]
Event: 7.138 Thread 0x0000000001d4e000 Exception <a 'java/security/PrivilegedActionException'> (0x00000000eacc3ef8) thrown at [D:\re\workspace\8-2-build-windows-amd64-cygwin\jdk8u25\1677\hotspot\src\share\vm\prims\jvm.cpp, line 1312]
Event: 7.139 Thread 0x0000000001d4e000 Exception <a 'java/security/PrivilegedActionException'> (0x00000000eacc98d0) thrown at [D:\re\workspace\8-2-build-windows-amd64-cygwin\jdk8u25\1677\hotspot\src\share\vm\prims\jvm.cpp, line 1312]
Event: 7.139 Thread 0x0000000001d4e000 Exception <a 'java/security/PrivilegedActionException'> (0x00000000eaccbc20) thrown at [D:\re\workspace\8-2-build-windows-amd64-cygwin\jdk8u25\1677\hotspot\src\share\vm\prims\jvm.cpp, line 1312]
Event: 7.245 Thread 0x0000000001d4e000 Exception <a 'java/security/PrivilegedActionException'> (0x00000000eaceceb0) thrown at [D:\re\workspace\8-2-build-windows-amd64-cygwin\jdk8u25\1677\hotspot\src\share\vm\prims\jvm.cpp, line 1312]

Events (10 events):
Event: 7.330 loading class java/util/regex/Pattern$SliceNode done
Event: 7.330 loading class java/util/regex/Pattern$Slice done
Event: 7.330 loading class java/util/regex/Pattern$BnM
Event: 7.330 loading class java/util/regex/Pattern$BnM done
Event: 7.330 loading class java/util/regex/Pattern$SliceS
Event: 7.330 loading class java/util/regex/Pattern$SliceS done
Event: 7.330 loading class java/util/regex/Matcher
Event: 7.330 loading class java/util/regex/MatchResult
Event: 7.330 loading class java/util/regex/MatchResult done
Event: 7.331 loading class java/util/regex/Matcher done


Dynamic libraries:
0x00007ff64a670000 - 0x00007ff64a6a4000 	C:\Program Files\Java\jdk1.8.0_25\bin\java.exe
0x00007ff822eb0000 - 0x00007ff823071000 	C:\WINDOWS\SYSTEM32\ntdll.dll
0x00007ff820460000 - 0x00007ff82050d000 	C:\WINDOWS\system32\KERNEL32.DLL
0x00007ff81fdb0000 - 0x00007ff81ff98000 	C:\WINDOWS\system32\KERNELBASE.dll
0x00007ff8207b0000 - 0x00007ff820857000 	C:\WINDOWS\system32\ADVAPI32.dll
0x00007ff820990000 - 0x00007ff820a2d000 	C:\WINDOWS\system32\msvcrt.dll
0x00007ff820e20000 - 0x00007ff820e7b000 	C:\WINDOWS\system32\sechost.dll
0x00007ff822d20000 - 0x00007ff822e3c000 	C:\WINDOWS\system32\RPCRT4.dll
0x00007ff822bc0000 - 0x00007ff822d16000 	C:\WINDOWS\system32\USER32.dll
0x00007ff822a30000 - 0x00007ff822bb6000 	C:\WINDOWS\system32\GDI32.dll
0x00007ff81b370000 - 0x00007ff81b5e4000 	C:\WINDOWS\WinSxS\amd64_microsoft.windows.common-controls_6595b64144ccf1df_6.0.10586.0_none_8c15ae12515e1c22\COMCTL32.dll
0x00007ff820510000 - 0x00007ff82078d000 	C:\WINDOWS\system32\combase.dll
0x00007ff81fcc0000 - 0x00007ff81fd2a000 	C:\WINDOWS\system32\bcryptPrimitives.dll
0x00007ff820420000 - 0x00007ff82045b000 	C:\WINDOWS\system32\IMM32.DLL
0x000000005bdf0000 - 0x000000005bec2000 	C:\Program Files\Java\jdk1.8.0_25\jre\bin\msvcr100.dll
0x000000005a9c0000 - 0x000000005b21a000 	C:\Program Files\Java\jdk1.8.0_25\jre\bin\server\jvm.dll
0x00007ff820a90000 - 0x00007ff820a98000 	C:\WINDOWS\system32\PSAPI.DLL
0x00007ff81c200000 - 0x00007ff81c209000 	C:\WINDOWS\SYSTEM32\WSOCK32.dll
0x00007ff822810000 - 0x00007ff82287b000 	C:\WINDOWS\system32\WS2_32.dll
0x00007ff81d6d0000 - 0x00007ff81d6f3000 	C:\WINDOWS\SYSTEM32\WINMM.dll
0x00007ff81d570000 - 0x00007ff81d59c000 	C:\WINDOWS\SYSTEM32\WINMMBASE.dll
0x00007ff81f620000 - 0x00007ff81f663000 	C:\WINDOWS\system32\cfgmgr32.dll
0x000000005c000000 - 0x000000005c00f000 	C:\Program Files\Java\jdk1.8.0_25\jre\bin\verify.dll
0x000000005bdc0000 - 0x000000005bde8000 	C:\Program Files\Java\jdk1.8.0_25\jre\bin\java.dll
0x000000005bda0000 - 0x000000005bdb6000 	C:\Program Files\Java\jdk1.8.0_25\jre\bin\zip.dll
0x00007ff8212b0000 - 0x00007ff82280c000 	C:\WINDOWS\system32\SHELL32.dll
0x00007ff81f670000 - 0x00007ff81fcb4000 	C:\WINDOWS\system32\windows.storage.dll
0x00007ff820bb0000 - 0x00007ff820c02000 	C:\WINDOWS\system32\shlwapi.dll
0x00007ff81f530000 - 0x00007ff81f53f000 	C:\WINDOWS\system32\kernel.appcore.dll
0x00007ff81f560000 - 0x00007ff81f615000 	C:\WINDOWS\system32\shcore.dll
0x00007ff81f4e0000 - 0x00007ff81f52b000 	C:\WINDOWS\system32\powrprof.dll
0x00007ff81f540000 - 0x00007ff81f554000 	C:\WINDOWS\system32\profapi.dll

VM Arguments:
jvm_args: -Djava.awt.headless=true -Xmx1024M -Dfile.encoding=windows-1252 -Duser.country=FR -Duser.language=fr -Duser.variant 
java_command: com.android.dx.command.Main --dex --force-jumbo --num-threads=4 --multi-dex --output C:\Users\Famille\AndroidStudioProjects\Niviel\app\build\intermediates\transforms\dex\debug\folders\1000\10\com.android.support-design-23.4.0_1061108576cdc0ed32099d344e80fe137e89cbe8 C:\Users\Famille\AndroidStudioProjects\Niviel\app\build\intermediates\exploded-aar\com.android.support\design\23.4.0\jars\classes.jar
java_class_path (initial): C:\Users\Famille\AppData\Local\Android\sdk\build-tools\23.0.2\lib\dx.jar
Launcher Type: SUN_STANDARD

Environment Variables:
JAVA_HOME=C:\Program Files\Java\jdk1.8.0_25
PATH=C:\Program Files\Broadcom\Broadcom 802.11 Network Adapter;;C:\Program Files\Broadcom\Broadcom 802.11;C:\ProgramData\Oracle\Java\javapath;C:\Program Files (x86)\Intel\iCLS Client\;C:\Program Files\Intel\iCLS Client\;C:\Windows\system32;C:\Windows;C:\Windows\System32\Wbem;C:\Windows\System32\WindowsPowerShell\v1.0\;C:\Program Files\Hewlett-Packard\SimplePass\;C:\wamp\bin\php\php5.5.12;C:\Python27;C:\Users\Famille\AppData\Roaming\npm\;C:\Program Files\nodejs\;C:\Program Files\Git\cmd;C:\Program Files (x86)\Brackets\command;C:\Program Files (x86)\Ant\bin;C:\Program Files (x86)\Maven\bin;C:\Program Files (x86)\Intel\Intel(R) Management Engine Components\DAL;C:\Program Files\Intel\Intel(R) Management Engine Components\DAL;C:\Program Files (x86)\Intel\Intel(R) Management Engine Components\IPT;C:\Program Files\Intel\Intel(R) Management Engine Components\IPT;C:\Users\Famille\AppData\Local\atom\bin;C:\Users\Famille\AppData\Roaming\npm
USERNAME=de Lachaux
OS=Windows_NT
PROCESSOR_IDENTIFIER=Intel64 Family 6 Model 69 Stepping 1, GenuineIntel



---------------  S Y S T E M  ---------------

OS: Windows 8.1 , 64 bit Build 9600 

CPU:total 4 (2 cores per cpu, 2 threads per core) family 6 model 69 stepping 1, cmov, cx8, fxsr, mmx, sse, sse2, sse3, ssse3, sse4.1, sse4.2, popcnt, avx, avx2, aes, clmul, erms, lzcnt, ht, tsc, tscinvbit, bmi1, bmi2

Memory: 4k page, physical 4122776k(56972k free), swap 5555352k(816k free)

vm_info: Java HotSpot(TM) 64-Bit Server VM (25.25-b02) for windows-amd64 JRE (1.8.0_25-b18), built on Oct  7 2014 14:25:37 by "java_re" with MS VC++ 10.0 (VS2010)

time: Tue Jun 07 10:45:44 2016
elapsed time: 7 seconds (0d 0h 0m 7s)

