#
# There is insufficient memory for the Java Runtime Environment to continue.
# Native memory allocation (malloc) failed to allocate 1625696 bytes for Chunk::new
# Possible reasons:
#   The system is out of physical RAM or swap space
#   In 32 bit mode, the process size limit was hit
# Possible solutions:
#   Reduce memory load on the system
#   Increase physical memory or swap space
#   Check if swap backing store is full
#   Use 64 bit Java on a 64 bit OS
#   Decrease Java heap size (-Xmx/-Xms)
#   Decrease number of Java threads
#   Decrease Java thread stack sizes (-Xss)
#   Set larger code cache with -XX:ReservedCodeCacheSize=
# This output file may be truncated or incomplete.
#
#  Out of Memory Error (allocation.cpp:390), pid=44028, tid=61656
#
# JRE version: Java(TM) SE Runtime Environment (8.0_25-b18) (build 1.8.0_25-b18)
# Java VM: Java HotSpot(TM) 64-Bit Server VM (25.25-b02 mixed mode windows-amd64 compressed oops)
# Failed to write core dump. Minidumps are not enabled by default on client versions of Windows
#

---------------  T H R E A D  ---------------

Current thread (0x0000000014f0c000):  JavaThread "C2 CompilerThread0" daemon [_thread_in_native, id=61656, stack(0x0000000016460000,0x0000000016560000)]

Stack: [0x0000000016460000,0x0000000016560000]
Native frames: (J=compiled Java code, j=interpreted, Vv=VM code, C=native code)
V  [jvm.dll+0x31667a]
V  [jvm.dll+0x267073]
V  [jvm.dll+0x267cb3]
V  [jvm.dll+0x25f5b5]
V  [jvm.dll+0xbf165]
V  [jvm.dll+0xbf60c]
V  [jvm.dll+0x45d672]
V  [jvm.dll+0x49e8ef]
V  [jvm.dll+0x452275]
V  [jvm.dll+0x453864]
V  [jvm.dll+0x437372]
V  [jvm.dll+0x98a02]
V  [jvm.dll+0x991f3]
V  [jvm.dll+0x22bde4]
V  [jvm.dll+0x2852fa]
C  [msvcr100.dll+0x21d9f]
C  [msvcr100.dll+0x21e3b]
C  [KERNEL32.DLL+0x18102]
C  [ntdll.dll+0x5c5b4]


Current CompileTask:
C2:   9835 1900   !   4       com.android.dx.cf.code.BytecodeArray::parseInstruction (2764 bytes)


---------------  P R O C E S S  ---------------

Java Threads: ( => current thread )
  0x0000000016be7000 JavaThread "pool-2-thread-4" [_thread_blocked, id=56228, stack(0x0000000017160000,0x0000000017260000)]
  0x0000000016be5000 JavaThread "pool-2-thread-3" [_thread_in_vm, id=61700, stack(0x0000000017060000,0x0000000017160000)]
  0x0000000016bc2000 JavaThread "pool-2-thread-2" [_thread_in_Java, id=61080, stack(0x0000000016f60000,0x0000000017060000)]
  0x0000000016bb9000 JavaThread "pool-3-thread-1" [_thread_blocked, id=60596, stack(0x0000000016e60000,0x0000000016f60000)]
  0x0000000016bad800 JavaThread "pool-2-thread-1" [_thread_in_Java, id=62312, stack(0x0000000016d60000,0x0000000016e60000)]
  0x0000000014f6b000 JavaThread "Service Thread" daemon [_thread_blocked, id=61940, stack(0x0000000016760000,0x0000000016860000)]
  0x0000000014f63000 JavaThread "C1 CompilerThread2" daemon [_thread_blocked, id=59736, stack(0x0000000016660000,0x0000000016760000)]
  0x0000000014f11000 JavaThread "C2 CompilerThread1" daemon [_thread_blocked, id=60632, stack(0x0000000016560000,0x0000000016660000)]
=>0x0000000014f0c000 JavaThread "C2 CompilerThread0" daemon [_thread_in_native, id=61656, stack(0x0000000016460000,0x0000000016560000)]
  0x0000000014f0a800 JavaThread "Attach Listener" daemon [_thread_blocked, id=61712, stack(0x0000000016360000,0x0000000016460000)]
  0x0000000014f09800 JavaThread "Signal Dispatcher" daemon [_thread_blocked, id=62268, stack(0x0000000016260000,0x0000000016360000)]
  0x00000000027c6000 JavaThread "Finalizer" daemon [_thread_blocked, id=51784, stack(0x0000000016160000,0x0000000016260000)]
  0x00000000027bd000 JavaThread "Reference Handler" daemon [_thread_blocked, id=56468, stack(0x0000000016060000,0x0000000016160000)]
  0x000000000299e000 JavaThread "main" [_thread_in_Java, id=59380, stack(0x0000000000e80000,0x0000000000f80000)]

Other Threads:
  0x0000000014ed6800 VMThread [stack: 0x0000000015f60000,0x0000000016060000] [id=43684]
  0x0000000014f6d000 WatcherThread [stack: 0x0000000016860000,0x0000000016960000] [id=62100]

VM state:synchronizing (normal execution)

VM Mutex/Monitor currently owned by a thread:  ([mutex/lock_event])
[0x000000000299cba0] Safepoint_lock - owner thread: 0x0000000014ed6800
[0x000000000299cf20] Threads_lock - owner thread: 0x0000000014ed6800
[0x000000000299cea0] Heap_lock - owner thread: 0x0000000016be7000

Heap:
 PSYoungGen      total 68096K, used 68078K [0x00000000eab00000, 0x00000000ef000000, 0x0000000100000000)
  eden space 65536K, 100% used [0x00000000eab00000,0x00000000eeb00000,0x00000000eeb00000)
  from space 2560K, 99% used [0x00000000eed80000,0x00000000eeffba28,0x00000000ef000000)
  to   space 2560K, 0% used [0x00000000eeb00000,0x00000000eeb00000,0x00000000eed80000)
 ParOldGen       total 44032K, used 14308K [0x00000000c0000000, 0x00000000c2b00000, 0x00000000eab00000)
  object space 44032K, 32% used [0x00000000c0000000,0x00000000c0df9388,0x00000000c2b00000)
 Metaspace       used 6292K, capacity 7192K, committed 7424K, reserved 1056768K
  class space    used 612K, capacity 656K, committed 768K, reserved 1048576K

Card table byte_map: [0x0000000011d60000,0x0000000011f70000] byte_map_base: 0x0000000011760000

Marking Bits: (ParMarkBitMap*) 0x0000000069efd490
 Begin Bits: [0x0000000012370000, 0x0000000013370000)
 End Bits:   [0x0000000013370000, 0x0000000014370000)

Polling page: 0x0000000000f80000

CodeCache: size=245760Kb used=8180Kb max_used=8190Kb free=237579Kb
 bounds [0x00000000029a0000, 0x00000000031b0000, 0x00000000119a0000]
 total_blobs=2128 nmethods=1864 adapters=178
 compilation: enabled

Compilation events (10 events):
Event: 9.765 Thread 0x0000000014f11000 nmethod 1855 0x0000000003197810 code [0x0000000003197960, 0x0000000003197ab8]
Event: 9.765 Thread 0x0000000014f11000 1896       4       com.android.dx.ssa.SsaConverter::placePhiFunctions (394 bytes)
Event: 9.769 Thread 0x0000000014f0c000 nmethod 1875 0x00000000031a02d0 code [0x00000000031a0540, 0x00000000031a2920]
Event: 9.770 Thread 0x0000000014f0c000 1900   !   4       com.android.dx.cf.code.BytecodeArray::parseInstruction (2764 bytes)
Event: 9.782 Thread 0x0000000014f63000 1901       2       com.android.dx.rop.code.RegisterSpecList::withoutLast (60 bytes)
Event: 9.783 Thread 0x0000000014f63000 nmethod 1901 0x000000000318e210 code [0x000000000318e3e0, 0x000000000318e948]
Event: 9.791 Thread 0x0000000014f63000 1902       2       com.android.dx.ssa.SCCP::replaceConstants (209 bytes)
Event: 9.792 Thread 0x0000000014f63000 nmethod 1902 0x0000000003199310 code [0x0000000003199580, 0x0000000003199d98]
Event: 9.807 Thread 0x0000000014f63000 1904       2       com.android.dx.ssa.SsaBasicBlock::getLiveOutRegs (26 bytes)
Event: 9.807 Thread 0x0000000014f63000 nmethod 1904 0x0000000003198cd0 code [0x0000000003198e40, 0x0000000003199148]

GC Heap History (8 events):
Event: 1.768 GC heap before
{Heap before GC invocations=1 (full 0):
 PSYoungGen      total 18944K, used 16384K [0x00000000eab00000, 0x00000000ec000000, 0x0000000100000000)
  eden space 16384K, 100% used [0x00000000eab00000,0x00000000ebb00000,0x00000000ebb00000)
  from space 2560K, 0% used [0x00000000ebd80000,0x00000000ebd80000,0x00000000ec000000)
  to   space 2560K, 0% used [0x00000000ebb00000,0x00000000ebb00000,0x00000000ebd80000)
 ParOldGen       total 44032K, used 0K [0x00000000c0000000, 0x00000000c2b00000, 0x00000000eab00000)
  object space 44032K, 0% used [0x00000000c0000000,0x00000000c0000000,0x00000000c2b00000)
 Metaspace       used 5681K, capacity 6704K, committed 6784K, reserved 1056768K
  class space    used 584K, capacity 616K, committed 640K, reserved 1048576K
Event: 1.839 GC heap after
Heap after GC invocations=1 (full 0):
 PSYoungGen      total 18944K, used 2535K [0x00000000eab00000, 0x00000000ed000000, 0x0000000100000000)
  eden space 16384K, 0% used [0x00000000eab00000,0x00000000eab00000,0x00000000ebb00000)
  from space 2560K, 99% used [0x00000000ebb00000,0x00000000ebd79c68,0x00000000ebd80000)
  to   space 2560K, 0% used [0x00000000ecd80000,0x00000000ecd80000,0x00000000ed000000)
 ParOldGen       total 44032K, used 1505K [0x00000000c0000000, 0x00000000c2b00000, 0x00000000eab00000)
  object space 44032K, 3% used [0x00000000c0000000,0x00000000c0178490,0x00000000c2b00000)
 Metaspace       used 5681K, capacity 6704K, committed 6784K, reserved 1056768K
  class space    used 584K, capacity 616K, committed 640K, reserved 1048576K
}
Event: 2.757 GC heap before
{Heap before GC invocations=2 (full 0):
 PSYoungGen      total 18944K, used 18919K [0x00000000eab00000, 0x00000000ed000000, 0x0000000100000000)
  eden space 16384K, 100% used [0x00000000eab00000,0x00000000ebb00000,0x00000000ebb00000)
  from space 2560K, 99% used [0x00000000ebb00000,0x00000000ebd79c68,0x00000000ebd80000)
  to   space 2560K, 0% used [0x00000000ecd80000,0x00000000ecd80000,0x00000000ed000000)
 ParOldGen       total 44032K, used 1505K [0x00000000c0000000, 0x00000000c2b00000, 0x00000000eab00000)
  object space 44032K, 3% used [0x00000000c0000000,0x00000000c0178490,0x00000000c2b00000)
 Metaspace       used 5903K, capacity 6896K, committed 7040K, reserved 1056768K
  class space    used 588K, capacity 616K, committed 640K, reserved 1048576K
Event: 2.768 GC heap after
Heap after GC invocations=2 (full 0):
 PSYoungGen      total 35328K, used 2551K [0x00000000eab00000, 0x00000000ed000000, 0x0000000100000000)
  eden space 32768K, 0% used [0x00000000eab00000,0x00000000eab00000,0x00000000ecb00000)
  from space 2560K, 99% used [0x00000000ecd80000,0x00000000ecffde00,0x00000000ed000000)
  to   space 2560K, 0% used [0x00000000ecb00000,0x00000000ecb00000,0x00000000ecd80000)
 ParOldGen       total 44032K, used 3772K [0x00000000c0000000, 0x00000000c2b00000, 0x00000000eab00000)
  object space 44032K, 8% used [0x00000000c0000000,0x00000000c03af188,0x00000000c2b00000)
 Metaspace       used 5903K, capacity 6896K, committed 7040K, reserved 1056768K
  class space    used 588K, capacity 616K, committed 640K, reserved 1048576K
}
Event: 5.067 GC heap before
{Heap before GC invocations=3 (full 0):
 PSYoungGen      total 35328K, used 35319K [0x00000000eab00000, 0x00000000ed000000, 0x0000000100000000)
  eden space 32768K, 100% used [0x00000000eab00000,0x00000000ecb00000,0x00000000ecb00000)
  from space 2560K, 99% used [0x00000000ecd80000,0x00000000ecffde00,0x00000000ed000000)
  to   space 2560K, 0% used [0x00000000ecb00000,0x00000000ecb00000,0x00000000ecd80000)
 ParOldGen       total 44032K, used 3772K [0x00000000c0000000, 0x00000000c2b00000, 0x00000000eab00000)
  object space 44032K, 8% used [0x00000000c0000000,0x00000000c03af188,0x00000000c2b00000)
 Metaspace       used 6128K, capacity 7088K, committed 7296K, reserved 1056768K
  class space    used 591K, capacity 616K, committed 640K, reserved 1048576K
Event: 6.191 GC heap after
Heap after GC invocations=3 (full 0):
 PSYoungGen      total 35328K, used 2553K [0x00000000eab00000, 0x00000000ef000000, 0x0000000100000000)
  eden space 32768K, 0% used [0x00000000eab00000,0x00000000eab00000,0x00000000ecb00000)
  from space 2560K, 99% used [0x00000000ecb00000,0x00000000ecd7e528,0x00000000ecd80000)
  to   space 2560K, 0% used [0x00000000eed80000,0x00000000eed80000,0x00000000ef000000)
 ParOldGen       total 44032K, used 8798K [0x00000000c0000000, 0x00000000c2b00000, 0x00000000eab00000)
  object space 44032K, 19% used [0x00000000c0000000,0x00000000c0897940,0x00000000c2b00000)
 Metaspace       used 6128K, capacity 7088K, committed 7296K, reserved 1056768K
  class space    used 591K, capacity 616K, committed 640K, reserved 1048576K
}
Event: 8.393 GC heap before
{Heap before GC invocations=4 (full 0):
 PSYoungGen      total 35328K, used 35321K [0x00000000eab00000, 0x00000000ef000000, 0x0000000100000000)
  eden space 32768K, 100% used [0x00000000eab00000,0x00000000ecb00000,0x00000000ecb00000)
  from space 2560K, 99% used [0x00000000ecb00000,0x00000000ecd7e528,0x00000000ecd80000)
  to   space 2560K, 0% used [0x00000000eed80000,0x00000000eed80000,0x00000000ef000000)
 ParOldGen       total 44032K, used 8798K [0x00000000c0000000, 0x00000000c2b00000, 0x00000000eab00000)
  object space 44032K, 19% used [0x00000000c0000000,0x00000000c0897940,0x00000000c2b00000)
 Metaspace       used 6254K, capacity 7128K, committed 7424K, reserved 1056768K
  class space    used 612K, capacity 656K, committed 768K, reserved 1048576K
Event: 8.454 GC heap after
Heap after GC invocations=4 (full 0):
 PSYoungGen      total 68096K, used 2542K [0x00000000eab00000, 0x00000000ef000000, 0x0000000100000000)
  eden space 65536K, 0% used [0x00000000eab00000,0x00000000eab00000,0x00000000eeb00000)
  from space 2560K, 99% used [0x00000000eed80000,0x00000000eeffba28,0x00000000ef000000)
  to   space 2560K, 0% used [0x00000000eeb00000,0x00000000eeb00000,0x00000000eed80000)
 ParOldGen       total 44032K, used 14308K [0x00000000c0000000, 0x00000000c2b00000, 0x00000000eab00000)
  object space 44032K, 32% used [0x00000000c0000000,0x00000000c0df9388,0x00000000c2b00000)
 Metaspace       used 6254K, capacity 7128K, committed 7424K, reserved 1056768K
  class space    used 612K, capacity 656K, committed 768K, reserved 1048576K
}

Deoptimization events (10 events):
Event: 9.622 Thread 0x0000000016bad800 Uncommon trap: reason=bimorphic action=maybe_recompile pc=0x00000000030c004c method=com.android.dx.cf.code.RopperMachine.run(Lcom/android/dx/cf/code/Frame;II)V @ 310
Event: 9.622 Thread 0x0000000016bad800 Uncommon trap: reason=bimorphic action=maybe_recompile pc=0x00000000030c004c method=com.android.dx.cf.code.RopperMachine.run(Lcom/android/dx/cf/code/Frame;II)V @ 310
Event: 9.622 Thread 0x0000000016bad800 Uncommon trap: reason=bimorphic action=maybe_recompile pc=0x00000000030c004c method=com.android.dx.cf.code.RopperMachine.run(Lcom/android/dx/cf/code/Frame;II)V @ 310
Event: 9.766 Thread 0x000000000299e000 Uncommon trap: reason=bimorphic action=maybe_recompile pc=0x000000000312cb40 method=com.android.dx.cf.code.BytecodeArray.parseInstruction(ILcom/android/dx/cf/code/BytecodeArray$Visitor;)I @ 2484
Event: 9.766 Thread 0x000000000299e000 Uncommon trap: reason=bimorphic action=maybe_recompile pc=0x000000000312cb40 method=com.android.dx.cf.code.BytecodeArray.parseInstruction(ILcom/android/dx/cf/code/BytecodeArray$Visitor;)I @ 2484
Event: 9.768 Thread 0x0000000016bad800 Uncommon trap: reason=class_check action=maybe_recompile pc=0x000000000314d8c4 method=com.android.dx.ssa.SCCP.replaceConstants()V @ 127
Event: 9.772 Thread 0x0000000016bad800 Uncommon trap: reason=class_check action=maybe_recompile pc=0x000000000314d8c4 method=com.android.dx.ssa.SCCP.replaceConstants()V @ 127
Event: 9.780 Thread 0x0000000016bad800 Uncommon trap: reason=class_check action=maybe_recompile pc=0x000000000314d8c4 method=com.android.dx.ssa.SCCP.replaceConstants()V @ 127
Event: 9.786 Thread 0x0000000016bad800 Uncommon trap: reason=class_check action=maybe_recompile pc=0x000000000314d8c4 method=com.android.dx.ssa.SCCP.replaceConstants()V @ 127
Event: 9.811 Thread 0x0000000016be7000 Uncommon trap: reason=class_check action=maybe_recompile pc=0x00000000030c01d0 method=com.android.dx.cf.code.RopperMachine.run(Lcom/android/dx/cf/code/Frame;II)V @ 1024

Internal exceptions (10 events):
Event: 2.748 Thread 0x0000000016bc2000 Implicit null exception at 0x0000000002c8c69f to 0x0000000002c8e839
Event: 4.299 Thread 0x0000000016bc2000 Exception <a 'java/security/PrivilegedActionException'> (0x00000000ec5a3f68) thrown at [D:\re\workspace\8-2-build-windows-amd64-cygwin\jdk8u25\1677\hotspot\src\share\vm\prims\jvm.cpp, line 1312]
Event: 4.300 Thread 0x0000000016bc2000 Exception <a 'java/security/PrivilegedActionException'> (0x00000000ec5a99d8) thrown at [D:\re\workspace\8-2-build-windows-amd64-cygwin\jdk8u25\1677\hotspot\src\share\vm\prims\jvm.cpp, line 1312]
Event: 4.301 Thread 0x0000000016bc2000 Exception <a 'java/security/PrivilegedActionException'> (0x00000000ec5af200) thrown at [D:\re\workspace\8-2-build-windows-amd64-cygwin\jdk8u25\1677\hotspot\src\share\vm\prims\jvm.cpp, line 1312]
Event: 4.723 Thread 0x0000000016bc2000 Exception <a 'java/security/PrivilegedActionException'> (0x00000000ec9bfc58) thrown at [D:\re\workspace\8-2-build-windows-amd64-cygwin\jdk8u25\1677\hotspot\src\share\vm\prims\jvm.cpp, line 1312]
Event: 6.924 Thread 0x0000000016bad800 Exception <a 'java/lang/ArrayIndexOutOfBoundsException': 18> (0x00000000eb3dfd80) thrown at [D:\re\workspace\8-2-build-windows-amd64-cygwin\jdk8u25\1677\hotspot\src\share\vm\interpreter\interpreterRuntime.cpp, line 366]
Event: 6.924 Thread 0x0000000016bad800 Exception <a 'java/lang/ArrayIndexOutOfBoundsException'> (0x00000000eb3e1818) thrown at [D:\re\workspace\8-2-build-windows-amd64-cygwin\jdk8u25\1677\hotspot\src\share\vm\runtime\sharedRuntime.cpp, line 604]
Event: 6.925 Thread 0x0000000016bad800 Exception <a 'java/lang/ArrayIndexOutOfBoundsException'> (0x00000000eb3e2a30) thrown at [D:\re\workspace\8-2-build-windows-amd64-cygwin\jdk8u25\1677\hotspot\src\share\vm\runtime\sharedRuntime.cpp, line 604]
Event: 7.063 Thread 0x000000000299e000 Exception <a 'java/security/PrivilegedActionException'> (0x00000000ebd70f78) thrown at [D:\re\workspace\8-2-build-windows-amd64-cygwin\jdk8u25\1677\hotspot\src\share\vm\prims\jvm.cpp, line 1312]
Event: 7.064 Thread 0x000000000299e000 Exception <a 'java/security/PrivilegedActionException'> (0x00000000ebd73780) thrown at [D:\re\workspace\8-2-build-windows-amd64-cygwin\jdk8u25\1677\hotspot\src\share\vm\prims\jvm.cpp, line 1312]

Events (10 events):
Event: 9.780 Thread 0x0000000016bad800 DEOPT PACKING pc=0x000000000314d8c4 sp=0x0000000016e5e9b0
Event: 9.780 Thread 0x0000000016bad800 DEOPT UNPACKING pc=0x00000000029e556a sp=0x0000000016e5e910 mode 2
Event: 9.786 Thread 0x0000000016bad800 Uncommon trap: trap_request=0xffffffde fr.pc=0x000000000314d8c4
Event: 9.786 Thread 0x0000000016bad800 DEOPT PACKING pc=0x000000000314d8c4 sp=0x0000000016e5e900
Event: 9.786 Thread 0x0000000016bad800 DEOPT UNPACKING pc=0x00000000029e556a sp=0x0000000016e5e860 mode 2
Event: 9.801 Thread 0x0000000016be7000 DEOPT PACKING pc=0x0000000002eb0571 sp=0x000000001725e530
Event: 9.801 Thread 0x0000000016be7000 DEOPT UNPACKING pc=0x00000000029e75bf sp=0x000000001725e360 mode 0
Event: 9.811 Thread 0x0000000016be7000 Uncommon trap: trap_request=0xffffffde fr.pc=0x00000000030c01d0
Event: 9.811 Thread 0x0000000016be7000 DEOPT PACKING pc=0x00000000030c01d0 sp=0x000000001725e350
Event: 9.811 Thread 0x0000000016be7000 DEOPT UNPACKING pc=0x00000000029e556a sp=0x000000001725e2e8 mode 2


Dynamic libraries:
0x00007ff72ce00000 - 0x00007ff72ce34000 	C:\Program Files\Java\jdk1.8.0_25\bin\java.exe
0x00007ffcacc60000 - 0x00007ffcace21000 	C:\WINDOWS\SYSTEM32\ntdll.dll
0x00007ffcaca80000 - 0x00007ffcacb2d000 	C:\WINDOWS\system32\KERNEL32.DLL
0x00007ffca94f0000 - 0x00007ffca96d8000 	C:\WINDOWS\system32\KERNELBASE.dll
0x00007ffcac840000 - 0x00007ffcac8e7000 	C:\WINDOWS\system32\ADVAPI32.dll
0x00007ffcac900000 - 0x00007ffcac99d000 	C:\WINDOWS\system32\msvcrt.dll
0x00007ffcacb30000 - 0x00007ffcacb8b000 	C:\WINDOWS\system32\sechost.dll
0x00007ffcaa1c0000 - 0x00007ffcaa2dc000 	C:\WINDOWS\system32\RPCRT4.dll
0x00007ffcabd30000 - 0x00007ffcabe86000 	C:\WINDOWS\system32\USER32.dll
0x00007ffcab880000 - 0x00007ffcaba06000 	C:\WINDOWS\system32\GDI32.dll
0x00007ffca0310000 - 0x00007ffca0584000 	C:\WINDOWS\WinSxS\amd64_microsoft.windows.common-controls_6595b64144ccf1df_6.0.10586.494_none_a2d8b04ea53e3145\COMCTL32.dll
0x00007ffcac400000 - 0x00007ffcac67d000 	C:\WINDOWS\system32\combase.dll
0x00007ffca9310000 - 0x00007ffca937a000 	C:\WINDOWS\system32\bcryptPrimitives.dll
0x00007ffcab840000 - 0x00007ffcab87b000 	C:\WINDOWS\system32\IMM32.DLL
0x0000000069370000 - 0x0000000069442000 	C:\Program Files\Java\jdk1.8.0_25\jre\bin\msvcr100.dll
0x0000000069720000 - 0x0000000069f7a000 	C:\Program Files\Java\jdk1.8.0_25\jre\bin\server\jvm.dll
0x00007ffcaca00000 - 0x00007ffcaca08000 	C:\WINDOWS\system32\PSAPI.DLL
0x00007ffc95490000 - 0x00007ffc95499000 	C:\WINDOWS\SYSTEM32\WSOCK32.dll
0x00007ffcac7d0000 - 0x00007ffcac83b000 	C:\WINDOWS\system32\WS2_32.dll
0x00007ffca79b0000 - 0x00007ffca79d3000 	C:\WINDOWS\SYSTEM32\WINMM.dll
0x00007ffca7950000 - 0x00007ffca797c000 	C:\WINDOWS\SYSTEM32\WINMMBASE.dll
0x00007ffca96e0000 - 0x00007ffca9723000 	C:\WINDOWS\system32\cfgmgr32.dll
0x000000006a0a0000 - 0x000000006a0af000 	C:\Program Files\Java\jdk1.8.0_25\jre\bin\verify.dll
0x000000006a070000 - 0x000000006a098000 	C:\Program Files\Java\jdk1.8.0_25\jre\bin\java.dll
0x000000006a050000 - 0x000000006a066000 	C:\Program Files\Java\jdk1.8.0_25\jre\bin\zip.dll
0x00007ffcaa2e0000 - 0x00007ffcab83c000 	C:\WINDOWS\system32\SHELL32.dll
0x00007ffca9730000 - 0x00007ffca9d75000 	C:\WINDOWS\system32\windows.storage.dll
0x00007ffcabea0000 - 0x00007ffcabef2000 	C:\WINDOWS\system32\shlwapi.dll
0x00007ffca92b0000 - 0x00007ffca92bf000 	C:\WINDOWS\system32\kernel.appcore.dll
0x00007ffca9430000 - 0x00007ffca94e5000 	C:\WINDOWS\system32\shcore.dll
0x00007ffca92c0000 - 0x00007ffca930b000 	C:\WINDOWS\system32\powrprof.dll
0x00007ffca9290000 - 0x00007ffca92a4000 	C:\WINDOWS\system32\profapi.dll
0x00007ffc92eb0000 - 0x00007ffc9303c000 	C:\WINDOWS\SYSTEM32\dbghelp.dll

VM Arguments:
jvm_args: -Djava.awt.headless=true -Xmx1024M -Dfile.encoding=windows-1252 -Duser.country=FR -Duser.language=fr -Duser.variant 
java_command: com.android.dx.command.Main --dex --force-jumbo --num-threads=4 --multi-dex --output C:\Users\Famille\AndroidStudioProjects\Niviel\app\build\intermediates\transforms\dex\debug\folders\1000\10\com.android.support-recyclerview-v7-24.2.0_eb420716c5d28490ae4791adc3064b541522631e C:\Users\Famille\AndroidStudioProjects\Niviel\app\build\intermediates\exploded-aar\com.android.support\recyclerview-v7\24.2.0\jars\classes.jar
java_class_path (initial): C:\Users\Famille\AppData\Local\Android\sdk\build-tools\23.0.2\lib\dx.jar
Launcher Type: SUN_STANDARD

Environment Variables:
JAVA_HOME=C:\Program Files\Java\jdk1.8.0_25
PATH=C:\Program Files\Broadcom\Broadcom 802.11 Network Adapter;;C:\Program Files\Broadcom\Broadcom 802.11;C:\ProgramData\Oracle\Java\javapath;C:\Program Files (x86)\Intel\iCLS Client\;C:\Program Files\Intel\iCLS Client\;C:\Windows\system32;C:\Windows;C:\Windows\System32\Wbem;C:\Windows\System32\WindowsPowerShell\v1.0\;C:\Program Files\Hewlett-Packard\SimplePass\;C:\wamp\bin\php\php5.5.12;C:\Python27;C:\Users\Famille\AppData\Roaming\npm\;C:\Program Files\nodejs\;C:\Program Files\Git\cmd;C:\Program Files (x86)\Brackets\command;C:\Program Files (x86)\Ant\bin;C:\Program Files (x86)\Maven\bin;C:\Program Files (x86)\Intel\Intel(R) Management Engine Components\DAL;C:\Program Files\Intel\Intel(R) Management Engine Components\DAL;C:\Program Files (x86)\Intel\Intel(R) Management Engine Components\IPT;C:\Program Files\Intel\Intel(R) Management Engine Components\IPT;C:\Users\Famille\AppData\Local\atom\bin;C:\Users\Famille\AppData\Roaming\npm
USERNAME=de Lachaux
OS=Windows_NT
PROCESSOR_IDENTIFIER=Intel64 Family 6 Model 69 Stepping 1, GenuineIntel



---------------  S Y S T E M  ---------------

OS: Windows 8.1 , 64 bit Build 9600 

CPU:total 4 (2 cores per cpu, 2 threads per core) family 6 model 69 stepping 1, cmov, cx8, fxsr, mmx, sse, sse2, sse3, ssse3, sse4.1, sse4.2, popcnt, avx, avx2, aes, clmul, erms, lzcnt, ht, tsc, tscinvbit, bmi1, bmi2

Memory: 4k page, physical 4122776k(480920k free), swap 5555352k(201356k free)

vm_info: Java HotSpot(TM) 64-Bit Server VM (25.25-b02) for windows-amd64 JRE (1.8.0_25-b18), built on Oct  7 2014 14:25:37 by "java_re" with MS VC++ 10.0 (VS2010)

time: Mon Aug 29 18:11:04 2016
elapsed time: 9 seconds (0d 0h 0m 9s)

