#
# There is insufficient memory for the Java Runtime Environment to continue.
# Native memory allocation (malloc) failed to allocate 1791296 bytes for Chunk::new
# Possible reasons:
#   The system is out of physical RAM or swap space
#   In 32 bit mode, the process size limit was hit
# Possible solutions:
#   Reduce memory load on the system
#   Increase physical memory or swap space
#   Check if swap backing store is full
#   Use 64 bit Java on a 64 bit OS
#   Decrease Java heap size (-Xmx/-Xms)
#   Decrease number of Java threads
#   Decrease Java thread stack sizes (-Xss)
#   Set larger code cache with -XX:ReservedCodeCacheSize=
# This output file may be truncated or incomplete.
#
#  Out of Memory Error (allocation.cpp:390), pid=36736, tid=36360
#
# JRE version: Java(TM) SE Runtime Environment (8.0_25-b18) (build 1.8.0_25-b18)
# Java VM: Java HotSpot(TM) 64-Bit Server VM (25.25-b02 mixed mode windows-amd64 compressed oops)
# Failed to write core dump. Minidumps are not enabled by default on client versions of Windows
#

---------------  T H R E A D  ---------------

Current thread (0x00000000153cb800):  JavaThread "C2 CompilerThread0" daemon [_thread_in_native, id=36360, stack(0x0000000016920000,0x0000000016a20000)]

Stack: [0x0000000016920000,0x0000000016a20000]
Native frames: (J=compiled Java code, j=interpreted, Vv=VM code, C=native code)
V  [jvm.dll+0x31667a]
V  [jvm.dll+0x267073]
V  [jvm.dll+0x267cb3]
V  [jvm.dll+0x25f5b5]
V  [jvm.dll+0xbf165]
V  [jvm.dll+0xbf60c]
V  [jvm.dll+0x45d672]
V  [jvm.dll+0x49e8ef]
V  [jvm.dll+0x452275]
V  [jvm.dll+0x453864]
V  [jvm.dll+0x437372]
V  [jvm.dll+0x98a02]
V  [jvm.dll+0x991f3]
V  [jvm.dll+0x22bde4]
V  [jvm.dll+0x2852fa]
C  [msvcr100.dll+0x21d9f]
C  [msvcr100.dll+0x21e3b]
C  [KERNEL32.DLL+0x18102]
C  [ntdll.dll+0x5c5b4]


Current CompileTask:
C2:   6902 1599   !   4       com.android.dx.cf.cst.ConstantPoolParser::parse0 (731 bytes)


---------------  P R O C E S S  ---------------

Java Threads: ( => current thread )
  0x0000000017092000 JavaThread "pool-2-thread-4" [_thread_in_Java, id=36708, stack(0x0000000017620000,0x0000000017720000)]
  0x0000000017090000 JavaThread "pool-2-thread-3" [_thread_in_Java, id=36340, stack(0x0000000017520000,0x0000000017620000)]
  0x000000001708c000 JavaThread "pool-2-thread-2" [_thread_blocked, id=18964, stack(0x0000000017420000,0x0000000017520000)]
  0x0000000017089800 JavaThread "pool-3-thread-1" [_thread_blocked, id=36004, stack(0x0000000017320000,0x0000000017420000)]
  0x0000000017083000 JavaThread "pool-2-thread-1" [_thread_blocked, id=36512, stack(0x0000000017220000,0x0000000017320000)]
  0x0000000015426800 JavaThread "Service Thread" daemon [_thread_blocked, id=36636, stack(0x0000000016c20000,0x0000000016d20000)]
  0x0000000015423000 JavaThread "C1 CompilerThread2" daemon [_thread_blocked, id=36024, stack(0x0000000016b20000,0x0000000016c20000)]
  0x0000000015422000 JavaThread "C2 CompilerThread1" daemon [_thread_in_vm, id=36232, stack(0x0000000016a20000,0x0000000016b20000)]
=>0x00000000153cb800 JavaThread "C2 CompilerThread0" daemon [_thread_in_native, id=36360, stack(0x0000000016920000,0x0000000016a20000)]
  0x00000000153ca800 JavaThread "Attach Listener" daemon [_thread_blocked, id=36164, stack(0x0000000016820000,0x0000000016920000)]
  0x00000000153c9000 JavaThread "Signal Dispatcher" daemon [_thread_blocked, id=36104, stack(0x0000000016720000,0x0000000016820000)]
  0x0000000002c3e800 JavaThread "Finalizer" daemon [_thread_blocked, id=36020, stack(0x0000000016620000,0x0000000016720000)]
  0x0000000002c3d800 JavaThread "Reference Handler" daemon [_thread_blocked, id=36344, stack(0x0000000016520000,0x0000000016620000)]
  0x0000000002cde000 JavaThread "main" [_thread_in_Java, id=36548, stack(0x00000000012e0000,0x00000000013e0000)]

Other Threads:
  0x0000000015396800 VMThread [stack: 0x0000000016420000,0x0000000016520000] [id=35960]
  0x0000000015429800 WatcherThread [stack: 0x0000000016d20000,0x0000000016e20000] [id=36280]

VM state:not at safepoint (normal execution)

VM Mutex/Monitor currently owned by a thread: None

Heap:
 PSYoungGen      total 35328K, used 30522K [0x00000000eab00000, 0x00000000ed000000, 0x0000000100000000)
  eden space 32768K, 85% used [0x00000000eab00000,0x00000000ec651c98,0x00000000ecb00000)
  from space 2560K, 99% used [0x00000000ecd80000,0x00000000ecffcf58,0x00000000ed000000)
  to   space 2560K, 0% used [0x00000000ecb00000,0x00000000ecb00000,0x00000000ecd80000)
 ParOldGen       total 44032K, used 3641K [0x00000000c0000000, 0x00000000c2b00000, 0x00000000eab00000)
  object space 44032K, 8% used [0x00000000c0000000,0x00000000c038e568,0x00000000c2b00000)
 Metaspace       used 6159K, capacity 7088K, committed 7296K, reserved 1056768K
  class space    used 588K, capacity 616K, committed 640K, reserved 1048576K

Card table byte_map: [0x00000000120c0000,0x00000000122d0000] byte_map_base: 0x0000000011ac0000

Marking Bits: (ParMarkBitMap*) 0x0000000057b9d490
 Begin Bits: [0x0000000012830000, 0x0000000013830000)
 End Bits:   [0x0000000013830000, 0x0000000014830000)

Polling page: 0x0000000001180000

CodeCache: size=245760Kb used=7012Kb max_used=7026Kb free=238747Kb
 bounds [0x0000000002d00000, 0x00000000033f0000, 0x0000000011d00000]
 total_blobs=1939 nmethods=1674 adapters=178
 compilation: enabled

Compilation events (10 events):
Event: 6.767 Thread 0x0000000015423000 1649       3       com.android.dx.command.dexer.Main::access$1700 (4 bytes)
Event: 6.767 Thread 0x0000000015423000 nmethod 1649 0x00000000033b8550 code [0x00000000033b86a0, 0x00000000033b87f0]
Event: 6.767 Thread 0x0000000015423000 1650       3       com.android.dx.rop.annotation.Annotations::<init> (16 bytes)
Event: 6.768 Thread 0x0000000015423000 nmethod 1650 0x00000000033a85d0 code [0x00000000033a8760, 0x00000000033a8b10]
Event: 6.773 Thread 0x0000000015423000 1652       1       com.android.dx.cf.attrib.InnerClassList$Item::getInnerClass (5 bytes)
Event: 6.773 Thread 0x0000000015423000 nmethod 1652 0x00000000033a8310 code [0x00000000033a8460, 0x00000000033a8570]
Event: 6.774 Thread 0x0000000015423000 1653       3       com.android.dx.dex.file.CodeItem::<init> (81 bytes)
Event: 6.775 Thread 0x0000000015423000 nmethod 1653 0x00000000033b3c50 code [0x00000000033b3e00, 0x00000000033b42b8]
Event: 6.775 Thread 0x0000000015422000 nmethod 1648 0x00000000033bfb50 code [0x00000000033bfcc0, 0x00000000033c02b8]
Event: 6.775 Thread 0x0000000015422000 1651       4       com.android.dx.ssa.SsaBasicBlock::getRopLabelSuccessorList (57 bytes)

GC Heap History (4 events):
Event: 3.966 GC heap before
{Heap before GC invocations=1 (full 0):
 PSYoungGen      total 18944K, used 16384K [0x00000000eab00000, 0x00000000ec000000, 0x0000000100000000)
  eden space 16384K, 100% used [0x00000000eab00000,0x00000000ebb00000,0x00000000ebb00000)
  from space 2560K, 0% used [0x00000000ebd80000,0x00000000ebd80000,0x00000000ec000000)
  to   space 2560K, 0% used [0x00000000ebb00000,0x00000000ebb00000,0x00000000ebd80000)
 ParOldGen       total 44032K, used 0K [0x00000000c0000000, 0x00000000c2b00000, 0x00000000eab00000)
  object space 44032K, 0% used [0x00000000c0000000,0x00000000c0000000,0x00000000c2b00000)
 Metaspace       used 5740K, capacity 6704K, committed 6784K, reserved 1056768K
  class space    used 585K, capacity 616K, committed 640K, reserved 1048576K
Event: 4.025 GC heap after
Heap after GC invocations=1 (full 0):
 PSYoungGen      total 18944K, used 2538K [0x00000000eab00000, 0x00000000ed000000, 0x0000000100000000)
  eden space 16384K, 0% used [0x00000000eab00000,0x00000000eab00000,0x00000000ebb00000)
  from space 2560K, 99% used [0x00000000ebb00000,0x00000000ebd7aaa8,0x00000000ebd80000)
  to   space 2560K, 0% used [0x00000000ecd80000,0x00000000ecd80000,0x00000000ed000000)
 ParOldGen       total 44032K, used 1433K [0x00000000c0000000, 0x00000000c2b00000, 0x00000000eab00000)
  object space 44032K, 3% used [0x00000000c0000000,0x00000000c01664b8,0x00000000c2b00000)
 Metaspace       used 5740K, capacity 6704K, committed 6784K, reserved 1056768K
  class space    used 585K, capacity 616K, committed 640K, reserved 1048576K
}
Event: 4.641 GC heap before
{Heap before GC invocations=2 (full 0):
 PSYoungGen      total 18944K, used 18922K [0x00000000eab00000, 0x00000000ed000000, 0x0000000100000000)
  eden space 16384K, 100% used [0x00000000eab00000,0x00000000ebb00000,0x00000000ebb00000)
  from space 2560K, 99% used [0x00000000ebb00000,0x00000000ebd7aaa8,0x00000000ebd80000)
  to   space 2560K, 0% used [0x00000000ecd80000,0x00000000ecd80000,0x00000000ed000000)
 ParOldGen       total 44032K, used 1433K [0x00000000c0000000, 0x00000000c2b00000, 0x00000000eab00000)
  object space 44032K, 3% used [0x00000000c0000000,0x00000000c01664b8,0x00000000c2b00000)
 Metaspace       used 6019K, capacity 6960K, committed 7040K, reserved 1056768K
  class space    used 588K, capacity 616K, committed 640K, reserved 1048576K
Event: 4.659 GC heap after
Heap after GC invocations=2 (full 0):
 PSYoungGen      total 35328K, used 2547K [0x00000000eab00000, 0x00000000ed000000, 0x0000000100000000)
  eden space 32768K, 0% used [0x00000000eab00000,0x00000000eab00000,0x00000000ecb00000)
  from space 2560K, 99% used [0x00000000ecd80000,0x00000000ecffcf58,0x00000000ed000000)
  to   space 2560K, 0% used [0x00000000ecb00000,0x00000000ecb00000,0x00000000ecd80000)
 ParOldGen       total 44032K, used 3641K [0x00000000c0000000, 0x00000000c2b00000, 0x00000000eab00000)
  object space 44032K, 8% used [0x00000000c0000000,0x00000000c038e568,0x00000000c2b00000)
 Metaspace       used 6019K, capacity 6960K, committed 7040K, reserved 1056768K
  class space    used 588K, capacity 616K, committed 640K, reserved 1048576K
}

Deoptimization events (3 events):
Event: 4.412 Thread 0x0000000002cde000 Uncommon trap: reason=null_check action=make_not_entrant pc=0x0000000003003c54 method=com.android.dx.ssa.SsaRenamer.getLocalForNewReg(I)Lcom/android/dx/rop/code/LocalItem; @ 19
Event: 4.507 Thread 0x000000001708c000 Uncommon trap: reason=null_check action=make_not_entrant pc=0x00000000030120c0 method=com.android.dx.ssa.SsaRenamer.getLocalForNewReg(I)Lcom/android/dx/rop/code/LocalItem; @ 19
Event: 5.408 Thread 0x0000000002cde000 Uncommon trap: reason=unreached action=reinterpret pc=0x000000000327afa8 method=com.android.dx.rop.code.LocalItem.compareHandlesNulls(Lcom/android/dx/rop/cst/CstString;Lcom/android/dx/rop/cst/CstString;)I @ 8

Internal exceptions (10 events):
Event: 3.391 Thread 0x0000000017083000 Exception <a 'java/security/PrivilegedActionException'> (0x00000000eb789cc0) thrown at [D:\re\workspace\8-2-build-windows-amd64-cygwin\jdk8u25\1677\hotspot\src\share\vm\prims\jvm.cpp, line 1312]
Event: 3.410 Thread 0x000000001708c000 Exception <a 'java/security/PrivilegedActionException'> (0x00000000eb7d2168) thrown at [D:\re\workspace\8-2-build-windows-amd64-cygwin\jdk8u25\1677\hotspot\src\share\vm\prims\jvm.cpp, line 1312]
Event: 4.374 Thread 0x0000000002cde000 Exception <a 'java/security/PrivilegedActionException'> (0x00000000eafa9c88) thrown at [D:\re\workspace\8-2-build-windows-amd64-cygwin\jdk8u25\1677\hotspot\src\share\vm\prims\jvm.cpp, line 1312]
Event: 4.374 Thread 0x0000000002cde000 Exception <a 'java/security/PrivilegedActionException'> (0x00000000eafac138) thrown at [D:\re\workspace\8-2-build-windows-amd64-cygwin\jdk8u25\1677\hotspot\src\share\vm\prims\jvm.cpp, line 1312]
Event: 4.382 Thread 0x0000000002cde000 Exception <a 'java/security/PrivilegedActionException'> (0x00000000eafb63e0) thrown at [D:\re\workspace\8-2-build-windows-amd64-cygwin\jdk8u25\1677\hotspot\src\share\vm\prims\jvm.cpp, line 1312]
Event: 4.383 Thread 0x0000000002cde000 Exception <a 'java/security/PrivilegedActionException'> (0x00000000eafb8af0) thrown at [D:\re\workspace\8-2-build-windows-amd64-cygwin\jdk8u25\1677\hotspot\src\share\vm\prims\jvm.cpp, line 1312]
Event: 4.412 Thread 0x0000000002cde000 Implicit null exception at 0x00000000030017ad to 0x0000000003003c2d
Event: 4.507 Thread 0x000000001708c000 Implicit null exception at 0x000000000300f83c to 0x000000000301209d
Event: 4.631 Thread 0x0000000002cde000 Exception <a 'java/security/PrivilegedActionException'> (0x00000000eb98adf8) thrown at [D:\re\workspace\8-2-build-windows-amd64-cygwin\jdk8u25\1677\hotspot\src\share\vm\prims\jvm.cpp, line 1312]
Event: 5.408 Thread 0x0000000002cde000 Implicit null exception at 0x0000000003279920 to 0x000000000327af85

Events (10 events):
Event: 4.631 loading class com/android/dx/cf/attrib/AttAnnotationDefault done
Event: 4.641 Executing VM operation: ParallelGCFailedAllocation
Event: 4.659 Executing VM operation: ParallelGCFailedAllocation done
Event: 4.762 Executing VM operation: EnableBiasedLocking
Event: 4.762 Executing VM operation: EnableBiasedLocking done
Event: 5.408 Thread 0x0000000002cde000 Uncommon trap: trap_request=0xffffffad fr.pc=0x000000000327afa8
Event: 5.408 Thread 0x0000000002cde000 DEOPT PACKING pc=0x000000000327afa8 sp=0x00000000013ddfb0
Event: 5.408 Thread 0x0000000002cde000 DEOPT UNPACKING pc=0x0000000002d4556a sp=0x00000000013ddd98 mode 2
Event: 6.102 Thread 0x0000000017092000 DEOPT PACKING pc=0x00000000030ac0e5 sp=0x000000001771ea00
Event: 6.102 Thread 0x0000000017092000 DEOPT UNPACKING pc=0x0000000002d475bf sp=0x000000001771e798 mode 0


Dynamic libraries:
0x00007ff619710000 - 0x00007ff619744000 	C:\Program Files\Java\jdk1.8.0_25\bin\java.exe
0x00007ffdb2fd0000 - 0x00007ffdb3191000 	C:\WINDOWS\SYSTEM32\ntdll.dll
0x00007ffdb2650000 - 0x00007ffdb26fd000 	C:\WINDOWS\system32\KERNEL32.DLL
0x00007ffdafe10000 - 0x00007ffdafff8000 	C:\WINDOWS\system32\KERNELBASE.dll
0x00007ffdb0d80000 - 0x00007ffdb0e27000 	C:\WINDOWS\system32\ADVAPI32.dll
0x00007ffdb1050000 - 0x00007ffdb10ed000 	C:\WINDOWS\system32\msvcrt.dll
0x00007ffdb2f70000 - 0x00007ffdb2fcb000 	C:\WINDOWS\system32\sechost.dll
0x00007ffdb0780000 - 0x00007ffdb089c000 	C:\WINDOWS\system32\RPCRT4.dll
0x00007ffdb2cf0000 - 0x00007ffdb2e46000 	C:\WINDOWS\system32\USER32.dll
0x00007ffdb0520000 - 0x00007ffdb06a6000 	C:\WINDOWS\system32\GDI32.dll
0x00007ffda7820000 - 0x00007ffda7a94000 	C:\WINDOWS\WinSxS\amd64_microsoft.windows.common-controls_6595b64144ccf1df_6.0.10586.494_none_a2d8b04ea53e3145\COMCTL32.dll
0x00007ffdb08a0000 - 0x00007ffdb0b1d000 	C:\WINDOWS\system32\combase.dll
0x00007ffdafd80000 - 0x00007ffdafdea000 	C:\WINDOWS\system32\bcryptPrimitives.dll
0x00007ffdb03d0000 - 0x00007ffdb040b000 	C:\WINDOWS\system32\IMM32.DLL
0x0000000056f00000 - 0x0000000056fd2000 	C:\Program Files\Java\jdk1.8.0_25\jre\bin\msvcr100.dll
0x00000000573c0000 - 0x0000000057c1a000 	C:\Program Files\Java\jdk1.8.0_25\jre\bin\server\jvm.dll
0x00007ffdb0d00000 - 0x00007ffdb0d08000 	C:\WINDOWS\system32\PSAPI.DLL
0x00007ffd9d1c0000 - 0x00007ffd9d1c9000 	C:\WINDOWS\SYSTEM32\WSOCK32.dll
0x00007ffdb0d10000 - 0x00007ffdb0d7b000 	C:\WINDOWS\system32\WS2_32.dll
0x00007ffdad8c0000 - 0x00007ffdad8e3000 	C:\WINDOWS\SYSTEM32\WINMM.dll
0x00007ffdad030000 - 0x00007ffdad05c000 	C:\WINDOWS\SYSTEM32\WINMMBASE.dll
0x00007ffdb0000000 - 0x00007ffdb0043000 	C:\WINDOWS\system32\cfgmgr32.dll
0x00000000573b0000 - 0x00000000573bf000 	C:\Program Files\Java\jdk1.8.0_25\jre\bin\verify.dll
0x0000000057380000 - 0x00000000573a8000 	C:\Program Files\Java\jdk1.8.0_25\jre\bin\java.dll
0x0000000057360000 - 0x0000000057376000 	C:\Program Files\Java\jdk1.8.0_25\jre\bin\zip.dll
0x00007ffdb10f0000 - 0x00007ffdb264c000 	C:\WINDOWS\system32\SHELL32.dll
0x00007ffdaf730000 - 0x00007ffdafd75000 	C:\WINDOWS\system32\windows.storage.dll
0x00007ffdb2c90000 - 0x00007ffdb2ce2000 	C:\WINDOWS\system32\shlwapi.dll
0x00007ffdaf670000 - 0x00007ffdaf67f000 	C:\WINDOWS\system32\kernel.appcore.dll
0x00007ffdb0140000 - 0x00007ffdb01f5000 	C:\WINDOWS\system32\shcore.dll
0x00007ffdaf5f0000 - 0x00007ffdaf63b000 	C:\WINDOWS\system32\powrprof.dll
0x00007ffdaf640000 - 0x00007ffdaf654000 	C:\WINDOWS\system32\profapi.dll
0x00007ffd9aee0000 - 0x00007ffd9b06c000 	C:\WINDOWS\SYSTEM32\dbghelp.dll

VM Arguments:
jvm_args: -Djava.awt.headless=true -Xmx1024M -Dfile.encoding=windows-1252 -Duser.country=FR -Duser.language=fr -Duser.variant 
java_command: com.android.dx.command.Main --dex --force-jumbo --num-threads=4 --multi-dex --output C:\Users\Famille\AndroidStudioProjects\Niviel\app\build\intermediates\transforms\dex\debug\folders\1000\10\gson-2.5_5e8b5468139ba08580ff9ef35e6638782f5f99af C:\Users\Famille\.gradle\caches\modules-2\files-2.1\com.google.code.gson\gson\2.5\686c608d1805b6d4d425ec4459e88164ffc85870\gson-2.5.jar
java_class_path (initial): C:\Users\Famille\AppData\Local\Android\sdk\build-tools\23.0.2\lib\dx.jar
Launcher Type: SUN_STANDARD

Environment Variables:
JAVA_HOME=C:\Program Files\Java\jdk1.8.0_25
PATH=C:\Program Files\Broadcom\Broadcom 802.11 Network Adapter;;C:\Program Files\Broadcom\Broadcom 802.11;C:\ProgramData\Oracle\Java\javapath;C:\Program Files (x86)\Intel\iCLS Client\;C:\Program Files\Intel\iCLS Client\;C:\Windows\system32;C:\Windows;C:\Windows\System32\Wbem;C:\Windows\System32\WindowsPowerShell\v1.0\;C:\Program Files\Hewlett-Packard\SimplePass\;C:\wamp\bin\php\php5.5.12;C:\Python27;C:\Users\Famille\AppData\Roaming\npm\;C:\Program Files\nodejs\;C:\Program Files\Git\cmd;C:\Program Files (x86)\Brackets\command;C:\Program Files (x86)\Ant\bin;C:\Program Files (x86)\Maven\bin;C:\Program Files (x86)\Intel\Intel(R) Management Engine Components\DAL;C:\Program Files\Intel\Intel(R) Management Engine Components\DAL;C:\Program Files (x86)\Intel\Intel(R) Management Engine Components\IPT;C:\Program Files\Intel\Intel(R) Management Engine Components\IPT;C:\Users\Famille\AppData\Local\atom\bin;C:\Users\Famille\AppData\Roaming\npm
USERNAME=de Lachaux
OS=Windows_NT
PROCESSOR_IDENTIFIER=Intel64 Family 6 Model 69 Stepping 1, GenuineIntel



---------------  S Y S T E M  ---------------

OS: Windows 8.1 , 64 bit Build 9600 

CPU:total 4 (2 cores per cpu, 2 threads per core) family 6 model 69 stepping 1, cmov, cx8, fxsr, mmx, sse, sse2, sse3, ssse3, sse4.1, sse4.2, popcnt, avx, avx2, aes, clmul, erms, lzcnt, ht, tsc, tscinvbit, bmi1, bmi2

Memory: 4k page, physical 4122776k(226164k free), swap 5555352k(8564k free)

vm_info: Java HotSpot(TM) 64-Bit Server VM (25.25-b02) for windows-amd64 JRE (1.8.0_25-b18), built on Oct  7 2014 14:25:37 by "java_re" with MS VC++ 10.0 (VS2010)

time: Tue Aug 23 12:33:14 2016
elapsed time: 6 seconds (0d 0h 0m 6s)

