#
# There is insufficient memory for the Java Runtime Environment to continue.
# Native memory allocation (malloc) failed to allocate 32784 bytes for Chunk::new
# Possible reasons:
#   The system is out of physical RAM or swap space
#   In 32 bit mode, the process size limit was hit
# Possible solutions:
#   Reduce memory load on the system
#   Increase physical memory or swap space
#   Check if swap backing store is full
#   Use 64 bit Java on a 64 bit OS
#   Decrease Java heap size (-Xmx/-Xms)
#   Decrease number of Java threads
#   Decrease Java thread stack sizes (-Xss)
#   Set larger code cache with -XX:ReservedCodeCacheSize=
# This output file may be truncated or incomplete.
#
#  Out of Memory Error (allocation.cpp:390), pid=37444, tid=46612
#
# JRE version: Java(TM) SE Runtime Environment (8.0_25-b18) (build 1.8.0_25-b18)
# Java VM: Java HotSpot(TM) 64-Bit Server VM (25.25-b02 mixed mode windows-amd64 compressed oops)
# Failed to write core dump. Minidumps are not enabled by default on client versions of Windows
#

---------------  T H R E A D  ---------------

Current thread (0x00000000152d2800):  JavaThread "C2 CompilerThread1" daemon [_thread_in_native, id=46612, stack(0x00000000168f0000,0x00000000169f0000)]

Stack: [0x00000000168f0000,0x00000000169f0000]
Native frames: (J=compiled Java code, j=interpreted, Vv=VM code, C=native code)
V  [jvm.dll+0x31667a]


Current CompileTask:
C2:  15877 2237       4       com.android.dx.dex.file.DexFile::findItemOrNull (66 bytes)


---------------  P R O C E S S  ---------------

Java Threads: ( => current thread )
  0x00000000152da800 JavaThread "Service Thread" daemon [_thread_blocked, id=45472, stack(0x0000000016af0000,0x0000000016bf0000)]
  0x00000000152d3800 JavaThread "C1 CompilerThread2" daemon [_thread_blocked, id=49120, stack(0x00000000169f0000,0x0000000016af0000)]
=>0x00000000152d2800 JavaThread "C2 CompilerThread1" daemon [_thread_in_native, id=46612, stack(0x00000000168f0000,0x00000000169f0000)]
  0x000000001527c000 JavaThread "C2 CompilerThread0" daemon [_thread_blocked, id=45600, stack(0x00000000167f0000,0x00000000168f0000)]
  0x000000001527a800 JavaThread "Attach Listener" daemon [_thread_blocked, id=16852, stack(0x00000000166f0000,0x00000000167f0000)]
  0x0000000015279800 JavaThread "Signal Dispatcher" daemon [_thread_blocked, id=37400, stack(0x00000000165f0000,0x00000000166f0000)]
  0x0000000002b9f000 JavaThread "Finalizer" daemon [_thread_blocked, id=43448, stack(0x00000000164f0000,0x00000000165f0000)]
  0x0000000002b9c000 JavaThread "Reference Handler" daemon [_thread_blocked, id=50152, stack(0x00000000163f0000,0x00000000164f0000)]
  0x0000000002aad800 JavaThread "main" [_thread_in_Java, id=43740, stack(0x0000000002920000,0x0000000002a20000)]

Other Threads:
  0x0000000015246800 VMThread [stack: 0x00000000162f0000,0x00000000163f0000] [id=35828]
  0x00000000152dd800 WatcherThread [stack: 0x0000000016bf0000,0x0000000016cf0000] [id=40044]

VM state:not at safepoint (normal execution)

VM Mutex/Monitor currently owned by a thread: None

Heap:
 PSYoungGen      total 68096K, used 61645K [0x00000000eab00000, 0x00000000ef000000, 0x0000000100000000)
  eden space 65536K, 90% used [0x00000000eab00000,0x00000000ee4ba958,0x00000000eeb00000)
  from space 2560K, 98% used [0x00000000eed80000,0x00000000eeff8c90,0x00000000ef000000)
  to   space 2560K, 0% used [0x00000000eeb00000,0x00000000eeb00000,0x00000000eed80000)
 ParOldGen       total 44032K, used 13554K [0x00000000c0000000, 0x00000000c2b00000, 0x00000000eab00000)
  object space 44032K, 30% used [0x00000000c0000000,0x00000000c0d3cac8,0x00000000c2b00000)
 Metaspace       used 6539K, capacity 7376K, committed 7680K, reserved 1056768K
  class space    used 612K, capacity 648K, committed 768K, reserved 1048576K

Card table byte_map: [0x0000000011f70000,0x0000000012180000] byte_map_base: 0x0000000011970000

Marking Bits: (ParMarkBitMap*) 0x000000005c28d490
 Begin Bits: [0x00000000126e0000, 0x00000000136e0000)
 End Bits:   [0x00000000136e0000, 0x00000000146e0000)

Polling page: 0x0000000001190000

CodeCache: size=245760Kb used=9525Kb max_used=9616Kb free=236235Kb
 bounds [0x0000000002bb0000, 0x0000000003520000, 0x0000000011bb0000]
 total_blobs=2365 nmethods=2099 adapters=179
 compilation: enabled

Compilation events (10 events):
Event: 15.864 Thread 0x00000000152d3800 nmethod 2235 0x000000000351abd0 code [0x000000000351ae20, 0x000000000351c248]
Event: 15.865 Thread 0x00000000152d3800 2236       1       com.android.dx.dex.code.form.Form22c::codeSize (2 bytes)
Event: 15.865 Thread 0x00000000152d3800 nmethod 2236 0x000000000351a910 code [0x000000000351aa60, 0x000000000351ab70]
Event: 15.865 Thread 0x00000000152d2800 2237       4       com.android.dx.dex.file.DexFile::findItemOrNull (66 bytes)
Event: 15.868 Thread 0x00000000152d3800 2238       3       com.android.dx.dex.code.Dops::getNextOrNull (19 bytes)
Event: 15.869 Thread 0x00000000152d3800 nmethod 2238 0x000000000351a1d0 code [0x000000000351a360, 0x000000000351a708]
Event: 15.870 Thread 0x00000000152d3800 2239       3       com.android.dx.dex.code.form.Form10t::branchFits (22 bytes)
Event: 15.870 Thread 0x00000000152d3800 nmethod 2239 0x0000000002ce4510 code [0x0000000002ce46c0, 0x0000000002ce4db8]
Event: 15.872 Thread 0x00000000152d3800 2240       3       com.android.dx.dex.code.form.Form10x::codeSize (2 bytes)
Event: 15.872 Thread 0x00000000152d3800 nmethod 2240 0x0000000002ccbcd0 code [0x0000000002ccbe20, 0x0000000002ccbf70]

GC Heap History (8 events):
Event: 2.471 GC heap before
{Heap before GC invocations=1 (full 0):
 PSYoungGen      total 18944K, used 16384K [0x00000000eab00000, 0x00000000ec000000, 0x0000000100000000)
  eden space 16384K, 100% used [0x00000000eab00000,0x00000000ebb00000,0x00000000ebb00000)
  from space 2560K, 0% used [0x00000000ebd80000,0x00000000ebd80000,0x00000000ec000000)
  to   space 2560K, 0% used [0x00000000ebb00000,0x00000000ebb00000,0x00000000ebd80000)
 ParOldGen       total 44032K, used 0K [0x00000000c0000000, 0x00000000c2b00000, 0x00000000eab00000)
  object space 44032K, 0% used [0x00000000c0000000,0x00000000c0000000,0x00000000c2b00000)
 Metaspace       used 5644K, capacity 6640K, committed 6784K, reserved 1056768K
  class space    used 584K, capacity 616K, committed 640K, reserved 1048576K
Event: 2.563 GC heap after
Heap after GC invocations=1 (full 0):
 PSYoungGen      total 18944K, used 2536K [0x00000000eab00000, 0x00000000ed000000, 0x0000000100000000)
  eden space 16384K, 0% used [0x00000000eab00000,0x00000000eab00000,0x00000000ebb00000)
  from space 2560K, 99% used [0x00000000ebb00000,0x00000000ebd7a110,0x00000000ebd80000)
  to   space 2560K, 0% used [0x00000000ecd80000,0x00000000ecd80000,0x00000000ed000000)
 ParOldGen       total 44032K, used 1329K [0x00000000c0000000, 0x00000000c2b00000, 0x00000000eab00000)
  object space 44032K, 3% used [0x00000000c0000000,0x00000000c014c7c8,0x00000000c2b00000)
 Metaspace       used 5644K, capacity 6640K, committed 6784K, reserved 1056768K
  class space    used 584K, capacity 616K, committed 640K, reserved 1048576K
}
Event: 4.211 GC heap before
{Heap before GC invocations=2 (full 0):
 PSYoungGen      total 18944K, used 18920K [0x00000000eab00000, 0x00000000ed000000, 0x0000000100000000)
  eden space 16384K, 100% used [0x00000000eab00000,0x00000000ebb00000,0x00000000ebb00000)
  from space 2560K, 99% used [0x00000000ebb00000,0x00000000ebd7a110,0x00000000ebd80000)
  to   space 2560K, 0% used [0x00000000ecd80000,0x00000000ecd80000,0x00000000ed000000)
 ParOldGen       total 44032K, used 1329K [0x00000000c0000000, 0x00000000c2b00000, 0x00000000eab00000)
  object space 44032K, 3% used [0x00000000c0000000,0x00000000c014c7c8,0x00000000c2b00000)
 Metaspace       used 6020K, capacity 6960K, committed 7040K, reserved 1056768K
  class space    used 592K, capacity 616K, committed 640K, reserved 1048576K
Event: 4.427 GC heap after
Heap after GC invocations=2 (full 0):
 PSYoungGen      total 35328K, used 2551K [0x00000000eab00000, 0x00000000ed000000, 0x0000000100000000)
  eden space 32768K, 0% used [0x00000000eab00000,0x00000000eab00000,0x00000000ecb00000)
  from space 2560K, 99% used [0x00000000ecd80000,0x00000000ecffdd98,0x00000000ed000000)
  to   space 2560K, 0% used [0x00000000ecb00000,0x00000000ecb00000,0x00000000ecd80000)
 ParOldGen       total 44032K, used 3394K [0x00000000c0000000, 0x00000000c2b00000, 0x00000000eab00000)
  object space 44032K, 7% used [0x00000000c0000000,0x00000000c0350860,0x00000000c2b00000)
 Metaspace       used 6020K, capacity 6960K, committed 7040K, reserved 1056768K
  class space    used 592K, capacity 616K, committed 640K, reserved 1048576K
}
Event: 6.857 GC heap before
{Heap before GC invocations=3 (full 0):
 PSYoungGen      total 35328K, used 35319K [0x00000000eab00000, 0x00000000ed000000, 0x0000000100000000)
  eden space 32768K, 100% used [0x00000000eab00000,0x00000000ecb00000,0x00000000ecb00000)
  from space 2560K, 99% used [0x00000000ecd80000,0x00000000ecffdd98,0x00000000ed000000)
  to   space 2560K, 0% used [0x00000000ecb00000,0x00000000ecb00000,0x00000000ecd80000)
 ParOldGen       total 44032K, used 3394K [0x00000000c0000000, 0x00000000c2b00000, 0x00000000eab00000)
  object space 44032K, 7% used [0x00000000c0000000,0x00000000c0350860,0x00000000c2b00000)
 Metaspace       used 6184K, capacity 7088K, committed 7296K, reserved 1056768K
  class space    used 594K, capacity 616K, committed 640K, reserved 1048576K
Event: 7.961 GC heap after
Heap after GC invocations=3 (full 0):
 PSYoungGen      total 35328K, used 2550K [0x00000000eab00000, 0x00000000ef000000, 0x0000000100000000)
  eden space 32768K, 0% used [0x00000000eab00000,0x00000000eab00000,0x00000000ecb00000)
  from space 2560K, 99% used [0x00000000ecb00000,0x00000000ecd7da28,0x00000000ecd80000)
  to   space 2560K, 0% used [0x00000000eed80000,0x00000000eed80000,0x00000000ef000000)
 ParOldGen       total 44032K, used 8695K [0x00000000c0000000, 0x00000000c2b00000, 0x00000000eab00000)
  object space 44032K, 19% used [0x00000000c0000000,0x00000000c087dd48,0x00000000c2b00000)
 Metaspace       used 6184K, capacity 7088K, committed 7296K, reserved 1056768K
  class space    used 594K, capacity 616K, committed 640K, reserved 1048576K
}
Event: 9.400 GC heap before
{Heap before GC invocations=4 (full 0):
 PSYoungGen      total 35328K, used 35318K [0x00000000eab00000, 0x00000000ef000000, 0x0000000100000000)
  eden space 32768K, 100% used [0x00000000eab00000,0x00000000ecb00000,0x00000000ecb00000)
  from space 2560K, 99% used [0x00000000ecb00000,0x00000000ecd7da28,0x00000000ecd80000)
  to   space 2560K, 0% used [0x00000000eed80000,0x00000000eed80000,0x00000000ef000000)
 ParOldGen       total 44032K, used 8695K [0x00000000c0000000, 0x00000000c2b00000, 0x00000000eab00000)
  object space 44032K, 19% used [0x00000000c0000000,0x00000000c087dd48,0x00000000c2b00000)
 Metaspace       used 6205K, capacity 7088K, committed 7296K, reserved 1056768K
  class space    used 594K, capacity 616K, committed 640K, reserved 1048576K
Event: 10.259 GC heap after
Heap after GC invocations=4 (full 0):
 PSYoungGen      total 68096K, used 2531K [0x00000000eab00000, 0x00000000ef000000, 0x0000000100000000)
  eden space 65536K, 0% used [0x00000000eab00000,0x00000000eab00000,0x00000000eeb00000)
  from space 2560K, 98% used [0x00000000eed80000,0x00000000eeff8c90,0x00000000ef000000)
  to   space 2560K, 0% used [0x00000000eeb00000,0x00000000eeb00000,0x00000000eed80000)
 ParOldGen       total 44032K, used 13554K [0x00000000c0000000, 0x00000000c2b00000, 0x00000000eab00000)
  object space 44032K, 30% used [0x00000000c0000000,0x00000000c0d3cac8,0x00000000c2b00000)
 Metaspace       used 6205K, capacity 7088K, committed 7296K, reserved 1056768K
  class space    used 594K, capacity 616K, committed 640K, reserved 1048576K
}

Deoptimization events (10 events):
Event: 13.518 Thread 0x0000000002aad800 Uncommon trap: reason=bimorphic action=maybe_recompile pc=0x00000000033c7698 method=com.android.dx.cf.code.BytecodeArray.parseInstruction(ILcom/android/dx/cf/code/BytecodeArray$Visitor;)I @ 1035
Event: 13.575 Thread 0x0000000016f74800 Uncommon trap: reason=unreached action=reinterpret pc=0x00000000034060d8 method=com.android.dx.cf.code.Simulator$SimVisitor.visitLocal(IIIILcom/android/dx/rop/type/Type;I)V @ 222
Event: 14.694 Thread 0x0000000002aad800 Uncommon trap: reason=class_check action=maybe_recompile pc=0x0000000003057fe0 method=java.util.Arrays.hashCode([Ljava/lang/Object;)I @ 43
Event: 14.694 Thread 0x0000000002aad800 Uncommon trap: reason=class_check action=maybe_recompile pc=0x0000000003057fe0 method=java.util.Arrays.hashCode([Ljava/lang/Object;)I @ 43
Event: 14.694 Thread 0x0000000002aad800 Uncommon trap: reason=class_check action=maybe_recompile pc=0x0000000003057fe0 method=java.util.Arrays.hashCode([Ljava/lang/Object;)I @ 43
Event: 14.694 Thread 0x0000000002aad800 Uncommon trap: reason=class_check action=maybe_recompile pc=0x0000000003057fe0 method=java.util.Arrays.hashCode([Ljava/lang/Object;)I @ 43
Event: 14.694 Thread 0x0000000002aad800 Uncommon trap: reason=class_check action=maybe_recompile pc=0x0000000003057a40 method=java.util.Arrays.hashCode([Ljava/lang/Object;)I @ 43
Event: 15.866 Thread 0x0000000002aad800 Uncommon trap: reason=speculate_class_check action=maybe_recompile pc=0x0000000002fbf6e8 method=com.android.dx.util.FixedSizeList.equals(Ljava/lang/Object;)Z @ 25
Event: 15.866 Thread 0x0000000002aad800 Uncommon trap: reason=class_check action=maybe_recompile pc=0x0000000002fb6b50 method=java.util.Arrays.equals([Ljava/lang/Object;[Ljava/lang/Object;)Z @ 62
Event: 15.866 Thread 0x0000000002aad800 Uncommon trap: reason=speculate_class_check action=maybe_recompile pc=0x0000000002fbf6e8 method=com.android.dx.util.FixedSizeList.equals(Ljava/lang/Object;)Z @ 25

Internal exceptions (10 events):
Event: 15.427 Thread 0x0000000002aad800 Exception <a 'java/security/PrivilegedActionException'> (0x00000000ee341d00) thrown at [D:\re\workspace\8-2-build-windows-amd64-cygwin\jdk8u25\1677\hotspot\src\share\vm\prims\jvm.cpp, line 1312]
Event: 15.442 Thread 0x0000000002aad800 Exception <a 'java/security/PrivilegedActionException'> (0x00000000ee346fc0) thrown at [D:\re\workspace\8-2-build-windows-amd64-cygwin\jdk8u25\1677\hotspot\src\share\vm\prims\jvm.cpp, line 1312]
Event: 15.443 Thread 0x0000000002aad800 Exception <a 'java/security/PrivilegedActionException'> (0x00000000ee34d628) thrown at [D:\re\workspace\8-2-build-windows-amd64-cygwin\jdk8u25\1677\hotspot\src\share\vm\prims\jvm.cpp, line 1312]
Event: 15.444 Thread 0x0000000002aad800 Exception <a 'java/security/PrivilegedActionException'> (0x00000000ee350668) thrown at [D:\re\workspace\8-2-build-windows-amd64-cygwin\jdk8u25\1677\hotspot\src\share\vm\prims\jvm.cpp, line 1312]
Event: 15.447 Thread 0x0000000002aad800 Exception <a 'java/security/PrivilegedActionException'> (0x00000000ee355598) thrown at [D:\re\workspace\8-2-build-windows-amd64-cygwin\jdk8u25\1677\hotspot\src\share\vm\prims\jvm.cpp, line 1312]
Event: 15.448 Thread 0x0000000002aad800 Exception <a 'java/security/PrivilegedActionException'> (0x00000000ee359d70) thrown at [D:\re\workspace\8-2-build-windows-amd64-cygwin\jdk8u25\1677\hotspot\src\share\vm\prims\jvm.cpp, line 1312]
Event: 15.466 Thread 0x0000000002aad800 Exception <a 'java/security/PrivilegedActionException'> (0x00000000ee372b40) thrown at [D:\re\workspace\8-2-build-windows-amd64-cygwin\jdk8u25\1677\hotspot\src\share\vm\prims\jvm.cpp, line 1312]
Event: 15.866 Thread 0x0000000002aad800 Exception <a 'java/security/PrivilegedActionException'> (0x00000000ee445000) thrown at [D:\re\workspace\8-2-build-windows-amd64-cygwin\jdk8u25\1677\hotspot\src\share\vm\prims\jvm.cpp, line 1312]
Event: 15.866 Thread 0x0000000002aad800 Exception <a 'java/security/PrivilegedActionException'> (0x00000000ee448108) thrown at [D:\re\workspace\8-2-build-windows-amd64-cygwin\jdk8u25\1677\hotspot\src\share\vm\prims\jvm.cpp, line 1312]
Event: 15.867 Thread 0x0000000002aad800 Exception <a 'java/security/PrivilegedActionException'> (0x00000000ee44bac0) thrown at [D:\re\workspace\8-2-build-windows-amd64-cygwin\jdk8u25\1677\hotspot\src\share\vm\prims\jvm.cpp, line 1312]

Events (10 events):
Event: 15.870 Thread 0x00000000152d3800 flushing nmethod 0x0000000002d21190
Event: 15.870 Thread 0x00000000152d3800 flushing nmethod 0x0000000002d21690
Event: 15.870 Thread 0x00000000152d3800 flushing nmethod 0x0000000002d22ad0
Event: 15.870 Thread 0x00000000152d3800 flushing nmethod 0x0000000002d2d9d0
Event: 15.871 Thread 0x00000000152d3800 flushing nmethod 0x0000000002d3b150
Event: 15.871 Thread 0x00000000152d3800 flushing nmethod 0x0000000002d42d50
Event: 15.872 Thread 0x00000000152d3800 flushing nmethod 0x0000000002d4c590
Event: 15.872 Thread 0x00000000152d3800 flushing nmethod 0x0000000002d57b10
Event: 15.872 Thread 0x00000000152d3800 flushing nmethod 0x0000000002d58a90
Event: 15.873 Thread 0x00000000152d3800 flushing nmethod 0x0000000002d75a10


Dynamic libraries:
0x00007ff6a1ad0000 - 0x00007ff6a1b04000 	C:\Program Files\Java\jdk1.8.0_25\bin\java.exe
0x00007ffb77dc0000 - 0x00007ffb77f91000 	C:\WINDOWS\SYSTEM32\ntdll.dll
0x00007ffb777e0000 - 0x00007ffb7788b000 	C:\WINDOWS\System32\KERNEL32.DLL
0x00007ffb74760000 - 0x00007ffb7497d000 	C:\WINDOWS\System32\KERNELBASE.dll
0x00007ffb76a50000 - 0x00007ffb76af2000 	C:\WINDOWS\System32\ADVAPI32.dll
0x00007ffb77ab0000 - 0x00007ffb77b4e000 	C:\WINDOWS\System32\msvcrt.dll
0x00007ffb76d90000 - 0x00007ffb76de9000 	C:\WINDOWS\System32\sechost.dll
0x00007ffb76c60000 - 0x00007ffb76d81000 	C:\WINDOWS\System32\RPCRT4.dll
0x00007ffb77b50000 - 0x00007ffb77cb5000 	C:\WINDOWS\System32\USER32.dll
0x00007ffb74310000 - 0x00007ffb7432e000 	C:\WINDOWS\System32\win32u.dll
0x00007ffb76910000 - 0x00007ffb76944000 	C:\WINDOWS\System32\GDI32.dll
0x00007ffb74980000 - 0x00007ffb74b02000 	C:\WINDOWS\System32\gdi32full.dll
0x00007ffb68940000 - 0x00007ffb68bba000 	C:\WINDOWS\WinSxS\amd64_microsoft.windows.common-controls_6595b64144ccf1df_6.0.14393.351_none_4213128bc687e6d3\COMCTL32.dll
0x00007ffb77510000 - 0x00007ffb777d7000 	C:\WINDOWS\System32\combase.dll
0x00007ffb74330000 - 0x00007ffb74425000 	C:\WINDOWS\System32\ucrtbase.dll
0x00007ffb746a0000 - 0x00007ffb7470a000 	C:\WINDOWS\System32\bcryptPrimitives.dll
0x00007ffb77d20000 - 0x00007ffb77d4e000 	C:\WINDOWS\System32\IMM32.DLL
0x000000005e0a0000 - 0x000000005e172000 	C:\Program Files\Java\jdk1.8.0_25\jre\bin\msvcr100.dll
0x000000005bab0000 - 0x000000005c30a000 	C:\Program Files\Java\jdk1.8.0_25\jre\bin\server\jvm.dll
0x00007ffb76900000 - 0x00007ffb76908000 	C:\WINDOWS\System32\PSAPI.DLL
0x00007ffb68180000 - 0x00007ffb68189000 	C:\WINDOWS\SYSTEM32\WSOCK32.dll
0x00007ffb77d50000 - 0x00007ffb77dba000 	C:\WINDOWS\System32\WS2_32.dll
0x00007ffb725d0000 - 0x00007ffb725f3000 	C:\WINDOWS\SYSTEM32\WINMM.dll
0x00007ffb72560000 - 0x00007ffb7258b000 	C:\WINDOWS\SYSTEM32\WINMMBASE.dll
0x00007ffb74710000 - 0x00007ffb74752000 	C:\WINDOWS\System32\cfgmgr32.dll
0x000000005e090000 - 0x000000005e09f000 	C:\Program Files\Java\jdk1.8.0_25\jre\bin\verify.dll
0x000000005e060000 - 0x000000005e088000 	C:\Program Files\Java\jdk1.8.0_25\jre\bin\java.dll
0x000000005e040000 - 0x000000005e056000 	C:\Program Files\Java\jdk1.8.0_25\jre\bin\zip.dll
0x00007ffb75350000 - 0x00007ffb76859000 	C:\WINDOWS\System32\SHELL32.dll
0x00007ffb74b10000 - 0x00007ffb751ea000 	C:\WINDOWS\System32\windows.storage.dll
0x00007ffb74260000 - 0x00007ffb742ac000 	C:\WINDOWS\System32\powrprof.dll
0x00007ffb77890000 - 0x00007ffb778e2000 	C:\WINDOWS\System32\shlwapi.dll
0x00007ffb74250000 - 0x00007ffb7425f000 	C:\WINDOWS\System32\kernel.appcore.dll
0x00007ffb751f0000 - 0x00007ffb75299000 	C:\WINDOWS\System32\shcore.dll
0x00007ffb74230000 - 0x00007ffb74244000 	C:\WINDOWS\System32\profapi.dll

VM Arguments:
jvm_args: -Djava.awt.headless=true -Xmx1024M -Dfile.encoding=windows-1252 -Duser.country=FR -Duser.language=fr -Duser.variant 
java_command: com.android.dx.command.Main --dex --num-threads=4 --output C:\Users\Famille\AndroidStudioProjects\Niviel\app\build\intermediates\pre-dexed\debug\com.android.support-design-24.2.1_f58b488d6be8778d5023be803f3d3b11b54d5740.jar C:\Users\Famille\AndroidStudioProjects\Niviel\app\build\intermediates\exploded-aar\com.android.support\design\24.2.1\jars\classes.jar
java_class_path (initial): C:\Users\Famille\AppData\Local\Android\sdk\build-tools\23.0.2\lib\dx.jar
Launcher Type: SUN_STANDARD

Environment Variables:
JAVA_HOME=C:\Program Files\Java\jdk1.8.0_25
PATH=C:\Program Files\Broadcom\Broadcom 802.11 Network Adapter;C:\Program Files\Broadcom\Broadcom 802.11;C:\ProgramData\Oracle\Java\javapath;C:\Program Files (x86)\Intel\iCLS Client\;C:\Program Files\Intel\iCLS Client\;C:\Windows\system32;C:\Windows;C:\Windows\System32\Wbem;C:\Windows\System32\WindowsPowerShell\v1.0\;C:\Program Files\Hewlett-Packard\SimplePass\;C:\wamp\bin\php\php5.5.12;C:\Python34;C:\Users\Famille\AppData\Roaming\npm\;C:\Program Files\nodejs\;C:\Program Files\Git\cmd;C:\Program Files (x86)\Brackets\command;C:\Program Files (x86)\Ant\bin;C:\Program Files (x86)\Maven\bin;C:\Program Files (x86)\Intel\Intel(R) Management Engine Components\DAL;C:\Program Files\Intel\Intel(R) Management Engine Components\DAL;C:\Program Files (x86)\Intel\Intel(R) Management Engine Components\IPT;C:\Program Files\Intel\Intel(R) Management Engine Components\IPT;C:\Users\Famille\AppData\Local\Android\sdk\platform-tools;C:\WINDOWS\system32;C:\WINDOWS;C:\WINDOWS\System32\Wbem;C:\WINDOWS\System32\WindowsPowerShell\v1.0\;C:\Users\Famille\AppData\Local\atom\bin;C:\Users\Famille\AppData\Roaming\npm;%USERPROFILE%\AppData\Local\Microsoft\WindowsApps;
USERNAME=de Lachaux
OS=Windows_NT
PROCESSOR_IDENTIFIER=Intel64 Family 6 Model 69 Stepping 1, GenuineIntel



---------------  S Y S T E M  ---------------

OS: Windows 8.1 , 64 bit Build 9600 

CPU:total 4 (2 cores per cpu, 2 threads per core) family 6 model 69 stepping 1, cmov, cx8, fxsr, mmx, sse, sse2, sse3, ssse3, sse4.1, sse4.2, popcnt, avx, avx2, aes, clmul, erms, lzcnt, ht, tsc, tscinvbit, bmi1, bmi2

Memory: 4k page, physical 4122776k(637624k free), swap 5555352k(3456k free)

vm_info: Java HotSpot(TM) 64-Bit Server VM (25.25-b02) for windows-amd64 JRE (1.8.0_25-b18), built on Oct  7 2014 14:25:37 by "java_re" with MS VC++ 10.0 (VS2010)

time: Sat Nov 05 19:08:51 2016
elapsed time: 15 seconds (0d 0h 0m 15s)

