#
# There is insufficient memory for the Java Runtime Environment to continue.
# Native memory allocation (malloc) failed to allocate 1137296 bytes for Chunk::new
# Possible reasons:
#   The system is out of physical RAM or swap space
#   In 32 bit mode, the process size limit was hit
# Possible solutions:
#   Reduce memory load on the system
#   Increase physical memory or swap space
#   Check if swap backing store is full
#   Use 64 bit Java on a 64 bit OS
#   Decrease Java heap size (-Xmx/-Xms)
#   Decrease number of Java threads
#   Decrease Java thread stack sizes (-Xss)
#   Set larger code cache with -XX:ReservedCodeCacheSize=
# This output file may be truncated or incomplete.
#
#  Out of Memory Error (allocation.cpp:390), pid=33724, tid=37244
#
# JRE version: Java(TM) SE Runtime Environment (8.0_25-b18) (build 1.8.0_25-b18)
# Java VM: Java HotSpot(TM) 64-Bit Server VM (25.25-b02 mixed mode windows-amd64 compressed oops)
# Failed to write core dump. Minidumps are not enabled by default on client versions of Windows
#

---------------  T H R E A D  ---------------

Current thread (0x0000000014852000):  JavaThread "C2 CompilerThread1" daemon [_thread_in_native, id=37244, stack(0x0000000015eb0000,0x0000000015fb0000)]

Stack: [0x0000000015eb0000,0x0000000015fb0000]
Native frames: (J=compiled Java code, j=interpreted, Vv=VM code, C=native code)
V  [jvm.dll+0x31667a]


Current CompileTask:
C2:   7490 1384   !   4       com.android.dx.cf.code.Ropper::processBlock (1101 bytes)


---------------  P R O C E S S  ---------------

Java Threads: ( => current thread )
  0x0000000016372800 JavaThread "pool-1-thread-1" [_thread_in_native, id=37192, stack(0x0000000019760000,0x0000000019860000)]
  0x00000000160dd000 JavaThread "Service Thread" daemon [_thread_blocked, id=37368, stack(0x00000000164b0000,0x00000000165b0000)]
  0x0000000014853800 JavaThread "C1 CompilerThread2" daemon [_thread_blocked, id=37356, stack(0x0000000015fb0000,0x00000000160b0000)]
=>0x0000000014852000 JavaThread "C2 CompilerThread1" daemon [_thread_in_native, id=37244, stack(0x0000000015eb0000,0x0000000015fb0000)]
  0x000000001484d000 JavaThread "C2 CompilerThread0" daemon [_thread_in_native, id=37296, stack(0x0000000015db0000,0x0000000015eb0000)]
  0x000000001484b800 JavaThread "Attach Listener" daemon [_thread_blocked, id=37128, stack(0x0000000015cb0000,0x0000000015db0000)]
  0x000000001484a800 JavaThread "Signal Dispatcher" daemon [_thread_blocked, id=37316, stack(0x0000000015bb0000,0x0000000015cb0000)]
  0x0000000002170800 JavaThread "Finalizer" daemon [_thread_blocked, id=36912, stack(0x0000000015ab0000,0x0000000015bb0000)]
  0x000000000216d000 JavaThread "Reference Handler" daemon [_thread_blocked, id=29524, stack(0x00000000159b0000,0x0000000015ab0000)]
  0x000000000207e000 JavaThread "main" [_thread_blocked, id=36552, stack(0x0000000001ec0000,0x0000000001fc0000)]

Other Threads:
  0x0000000014816800 VMThread [stack: 0x00000000158b0000,0x00000000159b0000] [id=36548]
  0x00000000160df800 WatcherThread [stack: 0x00000000165b0000,0x00000000166b0000] [id=28040]

VM state:not at safepoint (normal execution)

VM Mutex/Monitor currently owned by a thread: None

Heap:
 PSYoungGen      total 35328K, used 34651K [0x00000000eab00000, 0x00000000ed000000, 0x0000000100000000)
  eden space 32768K, 98% used [0x00000000eab00000,0x00000000eca5cd48,0x00000000ecb00000)
  from space 2560K, 99% used [0x00000000ecb00000,0x00000000ecd7a0f0,0x00000000ecd80000)
  to   space 2560K, 0% used [0x00000000ecd80000,0x00000000ecd80000,0x00000000ed000000)
 ParOldGen       total 44032K, used 12075K [0x00000000c0000000, 0x00000000c2b00000, 0x00000000eab00000)
  object space 44032K, 27% used [0x00000000c0000000,0x00000000c0bcac28,0x00000000c2b00000)
 Metaspace       used 6277K, capacity 7184K, committed 7424K, reserved 1056768K
  class space    used 617K, capacity 648K, committed 768K, reserved 1048576K

Card table byte_map: [0x0000000011540000,0x0000000011750000] byte_map_base: 0x0000000010f40000

Marking Bits: (ParMarkBitMap*) 0x00000000674ed490
 Begin Bits: [0x0000000011cb0000, 0x0000000012cb0000)
 End Bits:   [0x0000000012cb0000, 0x0000000013cb0000)

Polling page: 0x0000000001e60000

CodeCache: size=245760Kb used=5996Kb max_used=5996Kb free=239763Kb
 bounds [0x0000000002180000, 0x0000000002770000, 0x0000000011180000]
 total_blobs=1839 nmethods=1573 adapters=179
 compilation: disabled (not enough contiguous free space left)

Compilation events (10 events):
Event: 6.844 Thread 0x0000000014853800 nmethod 1426 0x000000000270b650 code [0x000000000270b800, 0x000000000270bb58]
Event: 6.845 Thread 0x0000000014853800 1427       2       com.android.dx.rop.code.SwitchInsn::<init> (49 bytes)
Event: 6.845 Thread 0x0000000014853800 nmethod 1427 0x000000000270b090 code [0x000000000270b220, 0x000000000270b4e8]
Event: 6.992 Thread 0x0000000014853800 1428       2       com.android.dx.rop.type.Type::getArrayType (50 bytes)
Event: 6.992 Thread 0x0000000014853800 nmethod 1428 0x0000000002716bd0 code [0x0000000002716d80, 0x00000000027171e8]
Event: 6.994 Thread 0x0000000014853800 1429       2       com.android.dx.cf.direct.DirectClassFile::getSourceFile (31 bytes)
Event: 6.994 Thread 0x0000000014853800 nmethod 1429 0x000000000270ab50 code [0x000000000270acc0, 0x000000000270af18]
Event: 6.996 Thread 0x0000000014853800 1430       2       com.android.dx.ssa.back.FirstFitLocalCombiningAllocator::access$100 (5 bytes)
Event: 6.996 Thread 0x0000000014853800 nmethod 1430 0x0000000002716890 code [0x00000000027169e0, 0x0000000002716b30]
Event: 6.996 Thread 0x0000000014853800 1431       2       java.util.Vector::grow (57 bytes)

GC Heap History (6 events):
Event: 3.575 GC heap before
{Heap before GC invocations=1 (full 0):
 PSYoungGen      total 18944K, used 16384K [0x00000000eab00000, 0x00000000ec000000, 0x0000000100000000)
  eden space 16384K, 100% used [0x00000000eab00000,0x00000000ebb00000,0x00000000ebb00000)
  from space 2560K, 0% used [0x00000000ebd80000,0x00000000ebd80000,0x00000000ec000000)
  to   space 2560K, 0% used [0x00000000ebb00000,0x00000000ebb00000,0x00000000ebd80000)
 ParOldGen       total 44032K, used 0K [0x00000000c0000000, 0x00000000c2b00000, 0x00000000eab00000)
  object space 44032K, 0% used [0x00000000c0000000,0x00000000c0000000,0x00000000c2b00000)
 Metaspace       used 5749K, capacity 6832K, committed 7040K, reserved 1056768K
  class space    used 590K, capacity 616K, committed 640K, reserved 1048576K
Event: 3.775 GC heap after
Heap after GC invocations=1 (full 0):
 PSYoungGen      total 18944K, used 2528K [0x00000000eab00000, 0x00000000ed000000, 0x0000000100000000)
  eden space 16384K, 0% used [0x00000000eab00000,0x00000000eab00000,0x00000000ebb00000)
  from space 2560K, 98% used [0x00000000ebb00000,0x00000000ebd78018,0x00000000ebd80000)
  to   space 2560K, 0% used [0x00000000ecd80000,0x00000000ecd80000,0x00000000ed000000)
 ParOldGen       total 44032K, used 1588K [0x00000000c0000000, 0x00000000c2b00000, 0x00000000eab00000)
  object space 44032K, 3% used [0x00000000c0000000,0x00000000c018d330,0x00000000c2b00000)
 Metaspace       used 5749K, capacity 6832K, committed 7040K, reserved 1056768K
  class space    used 590K, capacity 616K, committed 640K, reserved 1048576K
}
Event: 4.666 GC heap before
{Heap before GC invocations=2 (full 0):
 PSYoungGen      total 18944K, used 18912K [0x00000000eab00000, 0x00000000ed000000, 0x0000000100000000)
  eden space 16384K, 100% used [0x00000000eab00000,0x00000000ebb00000,0x00000000ebb00000)
  from space 2560K, 98% used [0x00000000ebb00000,0x00000000ebd78018,0x00000000ebd80000)
  to   space 2560K, 0% used [0x00000000ecd80000,0x00000000ecd80000,0x00000000ed000000)
 ParOldGen       total 44032K, used 1588K [0x00000000c0000000, 0x00000000c2b00000, 0x00000000eab00000)
  object space 44032K, 3% used [0x00000000c0000000,0x00000000c018d330,0x00000000c2b00000)
 Metaspace       used 5814K, capacity 6832K, committed 7040K, reserved 1056768K
  class space    used 590K, capacity 616K, committed 640K, reserved 1048576K
Event: 4.813 GC heap after
Heap after GC invocations=2 (full 0):
 PSYoungGen      total 35328K, used 2552K [0x00000000eab00000, 0x00000000ed000000, 0x0000000100000000)
  eden space 32768K, 0% used [0x00000000eab00000,0x00000000eab00000,0x00000000ecb00000)
  from space 2560K, 99% used [0x00000000ecd80000,0x00000000ecffe090,0x00000000ed000000)
  to   space 2560K, 0% used [0x00000000ecb00000,0x00000000ecb00000,0x00000000ecd80000)
 ParOldGen       total 44032K, used 5675K [0x00000000c0000000, 0x00000000c2b00000, 0x00000000eab00000)
  object space 44032K, 12% used [0x00000000c0000000,0x00000000c058ad70,0x00000000c2b00000)
 Metaspace       used 5814K, capacity 6832K, committed 7040K, reserved 1056768K
  class space    used 590K, capacity 616K, committed 640K, reserved 1048576K
}
Event: 6.022 GC heap before
{Heap before GC invocations=3 (full 0):
 PSYoungGen      total 35328K, used 35320K [0x00000000eab00000, 0x00000000ed000000, 0x0000000100000000)
  eden space 32768K, 100% used [0x00000000eab00000,0x00000000ecb00000,0x00000000ecb00000)
  from space 2560K, 99% used [0x00000000ecd80000,0x00000000ecffe090,0x00000000ed000000)
  to   space 2560K, 0% used [0x00000000ecb00000,0x00000000ecb00000,0x00000000ecd80000)
 ParOldGen       total 44032K, used 5675K [0x00000000c0000000, 0x00000000c2b00000, 0x00000000eab00000)
  object space 44032K, 12% used [0x00000000c0000000,0x00000000c058ad70,0x00000000c2b00000)
 Metaspace       used 5919K, capacity 6960K, committed 7040K, reserved 1056768K
  class space    used 590K, capacity 616K, committed 640K, reserved 1048576K
Event: 6.222 GC heap after
Heap after GC invocations=3 (full 0):
 PSYoungGen      total 35328K, used 2536K [0x00000000eab00000, 0x00000000ed000000, 0x0000000100000000)
  eden space 32768K, 0% used [0x00000000eab00000,0x00000000eab00000,0x00000000ecb00000)
  from space 2560K, 99% used [0x00000000ecb00000,0x00000000ecd7a0f0,0x00000000ecd80000)
  to   space 2560K, 0% used [0x00000000ecd80000,0x00000000ecd80000,0x00000000ed000000)
 ParOldGen       total 44032K, used 12075K [0x00000000c0000000, 0x00000000c2b00000, 0x00000000eab00000)
  object space 44032K, 27% used [0x00000000c0000000,0x00000000c0bcac28,0x00000000c2b00000)
 Metaspace       used 5919K, capacity 6960K, committed 7040K, reserved 1056768K
  class space    used 590K, capacity 616K, committed 640K, reserved 1048576K
}

Deoptimization events (0 events):
No events

Internal exceptions (10 events):
Event: 2.724 Thread 0x0000000016369800 Exception <a 'java/security/PrivilegedActionException'> (0x00000000eb68cb90) thrown at [D:\re\workspace\8-2-build-windows-amd64-cygwin\jdk8u25\1677\hotspot\src\share\vm\prims\jvm.cpp, line 1312]
Event: 2.725 Thread 0x0000000016369800 Exception <a 'java/security/PrivilegedActionException'> (0x00000000eb6925c8) thrown at [D:\re\workspace\8-2-build-windows-amd64-cygwin\jdk8u25\1677\hotspot\src\share\vm\prims\jvm.cpp, line 1312]
Event: 2.727 Thread 0x0000000016369800 Exception <a 'java/security/PrivilegedActionException'> (0x00000000eb69b2b8) thrown at [D:\re\workspace\8-2-build-windows-amd64-cygwin\jdk8u25\1677\hotspot\src\share\vm\prims\jvm.cpp, line 1312]
Event: 2.756 Thread 0x0000000016369800 Exception <a 'java/security/PrivilegedActionException'> (0x00000000eb6b19a0) thrown at [D:\re\workspace\8-2-build-windows-amd64-cygwin\jdk8u25\1677\hotspot\src\share\vm\prims\jvm.cpp, line 1312]
Event: 2.772 Thread 0x000000001634a800 Exception <a 'java/security/PrivilegedActionException'> (0x00000000eb7d09e8) thrown at [D:\re\workspace\8-2-build-windows-amd64-cygwin\jdk8u25\1677\hotspot\src\share\vm\prims\jvm.cpp, line 1312]
Event: 2.774 Thread 0x0000000016366000 Exception <a 'java/security/PrivilegedActionException'> (0x00000000eb7614e0) thrown at [D:\re\workspace\8-2-build-windows-amd64-cygwin\jdk8u25\1677\hotspot\src\share\vm\prims\jvm.cpp, line 1312]
Event: 2.842 Thread 0x0000000016372800 Exception <a 'java/security/PrivilegedActionException'> (0x00000000eb91b0f8) thrown at [D:\re\workspace\8-2-build-windows-amd64-cygwin\jdk8u25\1677\hotspot\src\share\vm\prims\jvm.cpp, line 1312]
Event: 2.843 Thread 0x0000000016372800 Exception <a 'java/security/PrivilegedActionException'> (0x00000000eb920b68) thrown at [D:\re\workspace\8-2-build-windows-amd64-cygwin\jdk8u25\1677\hotspot\src\share\vm\prims\jvm.cpp, line 1312]
Event: 2.843 Thread 0x0000000016372800 Exception <a 'java/security/PrivilegedActionException'> (0x00000000eb9262d0) thrown at [D:\re\workspace\8-2-build-windows-amd64-cygwin\jdk8u25\1677\hotspot\src\share\vm\prims\jvm.cpp, line 1312]
Event: 6.439 Thread 0x000000000207e000 Exception <a 'java/security/PrivilegedActionException'> (0x00000000eb6d9070) thrown at [D:\re\workspace\8-2-build-windows-amd64-cygwin\jdk8u25\1677\hotspot\src\share\vm\prims\jvm.cpp, line 1312]

Events (10 events):
Event: 5.837 Executing VM operation: ParallelGCFailedAllocation
Event: 6.222 Executing VM operation: ParallelGCFailedAllocation done
Event: 6.286 Thread 0x000000001634a800 DEOPT PACKING pc=0x000000000252dbf1 sp=0x00000000167aeaa0
Event: 6.286 Thread 0x000000001634a800 DEOPT UNPACKING pc=0x00000000021c75bf sp=0x00000000167ae868 mode 0
Event: 6.298 Thread 0x000000001634a800 DEOPT PACKING pc=0x000000000252dbf1 sp=0x00000000167aeb80
Event: 6.298 Thread 0x000000001634a800 DEOPT UNPACKING pc=0x00000000021c75bf sp=0x00000000167ae948 mode 0
Event: 6.439 loading class com/android/dx/cf/attrib/AttExceptions
Event: 6.439 loading class com/android/dx/cf/attrib/AttExceptions done
Event: 6.554 Thread 0x0000000016366000 DEOPT PACKING pc=0x0000000002667ac5 sp=0x00000000169aed30
Event: 6.554 Thread 0x0000000016366000 DEOPT UNPACKING pc=0x00000000021c75bf sp=0x00000000169aeac8 mode 0


Dynamic libraries:
0x00007ff747920000 - 0x00007ff747954000 	C:\Program Files\Java\jdk1.8.0_25\bin\java.exe
0x00007ffa7aff0000 - 0x00007ffa7b1b1000 	C:\WINDOWS\SYSTEM32\ntdll.dll
0x00007ffa7a310000 - 0x00007ffa7a3bd000 	C:\WINDOWS\system32\KERNEL32.DLL
0x00007ffa77af0000 - 0x00007ffa77cd8000 	C:\WINDOWS\system32\KERNELBASE.dll
0x00007ffa7a440000 - 0x00007ffa7a4e7000 	C:\WINDOWS\system32\ADVAPI32.dll
0x00007ffa78b90000 - 0x00007ffa78c2d000 	C:\WINDOWS\system32\msvcrt.dll
0x00007ffa7a9c0000 - 0x00007ffa7aa1b000 	C:\WINDOWS\system32\sechost.dll
0x00007ffa7a4f0000 - 0x00007ffa7a60c000 	C:\WINDOWS\system32\RPCRT4.dll
0x00007ffa7a680000 - 0x00007ffa7a7d6000 	C:\WINDOWS\system32\USER32.dll
0x00007ffa785a0000 - 0x00007ffa78726000 	C:\WINDOWS\system32\GDI32.dll
0x00007ffa70130000 - 0x00007ffa703a4000 	C:\WINDOWS\WinSxS\amd64_microsoft.windows.common-controls_6595b64144ccf1df_6.0.10586.494_none_a2d8b04ea53e3145\COMCTL32.dll
0x00007ffa787a0000 - 0x00007ffa78a1d000 	C:\WINDOWS\system32\combase.dll
0x00007ffa77750000 - 0x00007ffa777ba000 	C:\WINDOWS\system32\bcryptPrimitives.dll
0x00007ffa7ae60000 - 0x00007ffa7ae9b000 	C:\WINDOWS\system32\IMM32.DLL
0x0000000066850000 - 0x0000000066922000 	C:\Program Files\Java\jdk1.8.0_25\jre\bin\msvcr100.dll
0x0000000066d10000 - 0x000000006756a000 	C:\Program Files\Java\jdk1.8.0_25\jre\bin\server\jvm.dll
0x00007ffa78790000 - 0x00007ffa78798000 	C:\WINDOWS\system32\PSAPI.DLL
0x00007ffa65450000 - 0x00007ffa65459000 	C:\WINDOWS\SYSTEM32\WSOCK32.dll
0x00007ffa7a610000 - 0x00007ffa7a67b000 	C:\WINDOWS\system32\WS2_32.dll
0x00007ffa754b0000 - 0x00007ffa754d3000 	C:\WINDOWS\SYSTEM32\WINMM.dll
0x00007ffa74d30000 - 0x00007ffa74d5c000 	C:\WINDOWS\SYSTEM32\WINMMBASE.dll
0x00007ffa77aa0000 - 0x00007ffa77ae3000 	C:\WINDOWS\system32\cfgmgr32.dll
0x0000000066d00000 - 0x0000000066d0f000 	C:\Program Files\Java\jdk1.8.0_25\jre\bin\verify.dll
0x0000000066cd0000 - 0x0000000066cf8000 	C:\Program Files\Java\jdk1.8.0_25\jre\bin\java.dll
0x0000000066cb0000 - 0x0000000066cc6000 	C:\Program Files\Java\jdk1.8.0_25\jre\bin\zip.dll
0x00007ffa78c30000 - 0x00007ffa7a18c000 	C:\WINDOWS\system32\SHELL32.dll
0x00007ffa77da0000 - 0x00007ffa783e5000 	C:\WINDOWS\system32\windows.storage.dll
0x00007ffa7a940000 - 0x00007ffa7a992000 	C:\WINDOWS\system32\shlwapi.dll
0x00007ffa77670000 - 0x00007ffa7767f000 	C:\WINDOWS\system32\kernel.appcore.dll
0x00007ffa77ce0000 - 0x00007ffa77d95000 	C:\WINDOWS\system32\shcore.dll
0x00007ffa77620000 - 0x00007ffa7766b000 	C:\WINDOWS\system32\powrprof.dll
0x00007ffa77680000 - 0x00007ffa77694000 	C:\WINDOWS\system32\profapi.dll
0x00007ffa630b0000 - 0x00007ffa6323c000 	C:\WINDOWS\SYSTEM32\dbghelp.dll

VM Arguments:
jvm_args: -Djava.awt.headless=true -Xmx1024M -Dfile.encoding=windows-1252 -Duser.country=FR -Duser.language=fr -Duser.variant 
java_command: com.android.dx.command.Main --dex --force-jumbo --num-threads=4 --multi-dex --output C:\Users\Famille\AndroidStudioProjects\Niviel\app\build\intermediates\transforms\dex\debug\folders\1000\5\slice_3 C:\Users\Famille\AndroidStudioProjects\Niviel\app\build\intermediates\transforms\instantRunSlicer\debug\folders\1\5\slice_3
java_class_path (initial): C:\Users\Famille\AppData\Local\Android\sdk\build-tools\23.0.2\lib\dx.jar
Launcher Type: SUN_STANDARD

Environment Variables:
JAVA_HOME=C:\Program Files\Java\jdk1.8.0_25
PATH=C:\Program Files\Broadcom\Broadcom 802.11 Network Adapter;;C:\Program Files\Broadcom\Broadcom 802.11;C:\ProgramData\Oracle\Java\javapath;C:\Program Files (x86)\Intel\iCLS Client\;C:\Program Files\Intel\iCLS Client\;C:\Windows\system32;C:\Windows;C:\Windows\System32\Wbem;C:\Windows\System32\WindowsPowerShell\v1.0\;C:\Program Files\Hewlett-Packard\SimplePass\;C:\wamp\bin\php\php5.5.12;C:\Python27;C:\Users\Famille\AppData\Roaming\npm\;C:\Program Files\nodejs\;C:\Program Files\Git\cmd;C:\Program Files (x86)\Brackets\command;C:\Program Files (x86)\Ant\bin;C:\Program Files (x86)\Maven\bin;C:\Program Files (x86)\Intel\Intel(R) Management Engine Components\DAL;C:\Program Files\Intel\Intel(R) Management Engine Components\DAL;C:\Program Files (x86)\Intel\Intel(R) Management Engine Components\IPT;C:\Program Files\Intel\Intel(R) Management Engine Components\IPT;C:\Users\Famille\AppData\Local\atom\bin;C:\Users\Famille\AppData\Roaming\npm
USERNAME=de Lachaux
OS=Windows_NT
PROCESSOR_IDENTIFIER=Intel64 Family 6 Model 69 Stepping 1, GenuineIntel



---------------  S Y S T E M  ---------------

OS: Windows 8.1 , 64 bit Build 9600 

CPU:total 4 (2 cores per cpu, 2 threads per core) family 6 model 69 stepping 1, cmov, cx8, fxsr, mmx, sse, sse2, sse3, ssse3, sse4.1, sse4.2, popcnt, avx, avx2, aes, clmul, erms, lzcnt, ht, tsc, tscinvbit, bmi1, bmi2

Memory: 4k page, physical 4122776k(318924k free), swap 5555352k(200920k free)

vm_info: Java HotSpot(TM) 64-Bit Server VM (25.25-b02) for windows-amd64 JRE (1.8.0_25-b18), built on Oct  7 2014 14:25:37 by "java_re" with MS VC++ 10.0 (VS2010)

time: Sun Sep 04 18:33:17 2016
elapsed time: 7 seconds (0d 0h 0m 7s)

