#
# There is insufficient memory for the Java Runtime Environment to continue.
# Native memory allocation (malloc) failed to allocate 726816 bytes for Chunk::new
# Possible reasons:
#   The system is out of physical RAM or swap space
#   In 32 bit mode, the process size limit was hit
# Possible solutions:
#   Reduce memory load on the system
#   Increase physical memory or swap space
#   Check if swap backing store is full
#   Use 64 bit Java on a 64 bit OS
#   Decrease Java heap size (-Xmx/-Xms)
#   Decrease number of Java threads
#   Decrease Java thread stack sizes (-Xss)
#   Set larger code cache with -XX:ReservedCodeCacheSize=
# This output file may be truncated or incomplete.
#
#  Out of Memory Error (allocation.cpp:390), pid=35288, tid=35500
#
# JRE version: Java(TM) SE Runtime Environment (8.0_25-b18) (build 1.8.0_25-b18)
# Java VM: Java HotSpot(TM) 64-Bit Server VM (25.25-b02 mixed mode windows-amd64 compressed oops)
# Failed to write core dump. Minidumps are not enabled by default on client versions of Windows
#

---------------  T H R E A D  ---------------

Current thread (0x00000000149ad000):  JavaThread "C2 CompilerThread0" daemon [_thread_in_native, id=35500, stack(0x0000000015f10000,0x0000000016010000)]

Stack: [0x0000000015f10000,0x0000000016010000]
Native frames: (J=compiled Java code, j=interpreted, Vv=VM code, C=native code)
V  [jvm.dll+0x31667a]


Current CompileTask:
C2:  12893 2213 %     4       com.android.dx.dex.code.LocalList::make @ 16 (102 bytes)


---------------  P R O C E S S  ---------------

Java Threads: ( => current thread )
  0x00000000164c8000 JavaThread "pool-1-thread-1" [_thread_in_Java, id=35784, stack(0x00000000194b0000,0x00000000195b0000)]
  0x0000000016238800 JavaThread "Service Thread" daemon [_thread_blocked, id=35512, stack(0x0000000016610000,0x0000000016710000)]
  0x00000000149b6800 JavaThread "C1 CompilerThread2" daemon [_thread_blocked, id=35508, stack(0x0000000016110000,0x0000000016210000)]
  0x00000000149b2000 JavaThread "C2 CompilerThread1" daemon [_thread_blocked, id=35504, stack(0x0000000016010000,0x0000000016110000)]
=>0x00000000149ad000 JavaThread "C2 CompilerThread0" daemon [_thread_in_native, id=35500, stack(0x0000000015f10000,0x0000000016010000)]
  0x00000000149ab800 JavaThread "Attach Listener" daemon [_thread_blocked, id=35496, stack(0x0000000015e10000,0x0000000015f10000)]
  0x00000000149aa800 JavaThread "Signal Dispatcher" daemon [_thread_blocked, id=35492, stack(0x0000000015d10000,0x0000000015e10000)]
  0x00000000022d8000 JavaThread "Finalizer" daemon [_thread_blocked, id=35464, stack(0x0000000015c10000,0x0000000015d10000)]
  0x00000000022cf000 JavaThread "Reference Handler" daemon [_thread_blocked, id=35460, stack(0x0000000015b10000,0x0000000015c10000)]
  0x000000000086e000 JavaThread "main" [_thread_blocked, id=35396, stack(0x0000000001ff0000,0x00000000020f0000)]

Other Threads:
  0x0000000014976800 VMThread [stack: 0x0000000015a10000,0x0000000015b10000] [id=35456]
  0x0000000014a0c800 WatcherThread [stack: 0x0000000016710000,0x0000000016810000] [id=35516]

VM state:not at safepoint (normal execution)

VM Mutex/Monitor currently owned by a thread: None

Heap:
 PSYoungGen      total 73216K, used 52972K [0x00000000eab00000, 0x00000000efe00000, 0x0000000100000000)
  eden space 64512K, 69% used [0x00000000eab00000,0x00000000ed6a1610,0x00000000eea00000)
  from space 8704K, 95% used [0x00000000ef380000,0x00000000efb99b48,0x00000000efc00000)
  to   space 9728K, 0% used [0x00000000eea00000,0x00000000eea00000,0x00000000ef380000)
 ParOldGen       total 44032K, used 15548K [0x00000000c0000000, 0x00000000c2b00000, 0x00000000eab00000)
  object space 44032K, 35% used [0x00000000c0000000,0x00000000c0f2f000,0x00000000c2b00000)
 Metaspace       used 6593K, capacity 7384K, committed 7680K, reserved 1056768K
  class space    used 625K, capacity 656K, committed 768K, reserved 1048576K

Card table byte_map: [0x00000000116a0000,0x00000000118b0000] byte_map_base: 0x00000000110a0000

Marking Bits: (ParMarkBitMap*) 0x000000005c36d490
 Begin Bits: [0x0000000011e10000, 0x0000000012e10000)
 End Bits:   [0x0000000012e10000, 0x0000000013e10000)

Polling page: 0x0000000000770000

CodeCache: size=245760Kb used=9070Kb max_used=9083Kb free=236689Kb
 bounds [0x00000000022e0000, 0x0000000002bd0000, 0x00000000112e0000]
 total_blobs=2400 nmethods=2135 adapters=178
 compilation: enabled

Compilation events (10 events):
Event: 12.741 Thread 0x00000000149b2000 2210       4       com.android.dx.dex.code.OutputFinisher::align64bits (247 bytes)
Event: 12.752 Thread 0x00000000149ad000 2211 %     4       com.android.dx.dex.code.OutputFinisher::calculateReservedCount @ 16 (122 bytes)
Event: 12.759 Thread 0x00000000149b2000 nmethod 2210 0x0000000002bc09d0 code [0x0000000002bc0ba0, 0x0000000002bc12d0]
Event: 12.762 Thread 0x00000000149ad000 nmethod 2211% 0x0000000002bbac90 code [0x0000000002bbae20, 0x0000000002bbb2f8]
Event: 12.763 Thread 0x00000000149b2000 2212 %     4       com.android.dx.dex.code.DalvInsnList::makeImmutable @ 18 (51 bytes)
Event: 12.764 Thread 0x00000000149ad000 2213 %     4       com.android.dx.dex.code.LocalList::make @ 16 (102 bytes)
Event: 12.777 Thread 0x00000000149b2000 nmethod 2212% 0x0000000002bc1cd0 code [0x0000000002bc1e20, 0x0000000002bc2358]
Event: 12.788 Thread 0x00000000149b2000 2214 %     4       com.android.dx.dex.code.OutputFinisher::assignIndices @ 8 (46 bytes)
Event: 12.798 Thread 0x00000000149b2000 nmethod 2214% 0x0000000002bc2790 code [0x0000000002bc2920, 0x0000000002bc2d78]
Event: 12.799 Thread 0x00000000149b2000 2215 %     4       com.android.dx.dex.code.OutputFinisher::makeOpcodesArray @ 15 (45 bytes)

GC Heap History (10 events):
Event: 1.623 GC heap before
{Heap before GC invocations=2 (full 0):
 PSYoungGen      total 18944K, used 18935K [0x00000000eab00000, 0x00000000ec000000, 0x0000000100000000)
  eden space 16384K, 100% used [0x00000000eab00000,0x00000000ebb00000,0x00000000ebb00000)
  from space 2560K, 99% used [0x00000000ebb00000,0x00000000ebd7dc78,0x00000000ebd80000)
  to   space 2560K, 0% used [0x00000000ebd80000,0x00000000ebd80000,0x00000000ec000000)
 ParOldGen       total 44032K, used 1412K [0x00000000c0000000, 0x00000000c2b00000, 0x00000000eab00000)
  object space 44032K, 3% used [0x00000000c0000000,0x00000000c01611e0,0x00000000c2b00000)
 Metaspace       used 5981K, capacity 6960K, committed 7040K, reserved 1056768K
  class space    used 585K, capacity 616K, committed 640K, reserved 1048576K
Event: 1.660 GC heap after
Heap after GC invocations=2 (full 0):
 PSYoungGen      total 18944K, used 2554K [0x00000000eab00000, 0x00000000ed000000, 0x0000000100000000)
  eden space 16384K, 0% used [0x00000000eab00000,0x00000000eab00000,0x00000000ebb00000)
  from space 2560K, 99% used [0x00000000ebd80000,0x00000000ebffeac8,0x00000000ec000000)
  to   space 2560K, 0% used [0x00000000ebb00000,0x00000000ebb00000,0x00000000ebd80000)
 ParOldGen       total 44032K, used 3803K [0x00000000c0000000, 0x00000000c2b00000, 0x00000000eab00000)
  object space 44032K, 8% used [0x00000000c0000000,0x00000000c03b6c78,0x00000000c2b00000)
 Metaspace       used 5981K, capacity 6960K, committed 7040K, reserved 1056768K
  class space    used 585K, capacity 616K, committed 640K, reserved 1048576K
}
Event: 2.153 GC heap before
{Heap before GC invocations=3 (full 0):
 PSYoungGen      total 18944K, used 18938K [0x00000000eab00000, 0x00000000ed000000, 0x0000000100000000)
  eden space 16384K, 100% used [0x00000000eab00000,0x00000000ebb00000,0x00000000ebb00000)
  from space 2560K, 99% used [0x00000000ebd80000,0x00000000ebffeac8,0x00000000ec000000)
  to   space 2560K, 0% used [0x00000000ebb00000,0x00000000ebb00000,0x00000000ebd80000)
 ParOldGen       total 44032K, used 3803K [0x00000000c0000000, 0x00000000c2b00000, 0x00000000eab00000)
  object space 44032K, 8% used [0x00000000c0000000,0x00000000c03b6c78,0x00000000c2b00000)
 Metaspace       used 6062K, capacity 7024K, committed 7296K, reserved 1056768K
  class space    used 585K, capacity 616K, committed 640K, reserved 1048576K
Event: 2.270 GC heap after
Heap after GC invocations=3 (full 0):
 PSYoungGen      total 18944K, used 2552K [0x00000000eab00000, 0x00000000ed000000, 0x0000000100000000)
  eden space 16384K, 0% used [0x00000000eab00000,0x00000000eab00000,0x00000000ebb00000)
  from space 2560K, 99% used [0x00000000ebb00000,0x00000000ebd7e1d8,0x00000000ebd80000)
  to   space 2560K, 0% used [0x00000000ecd80000,0x00000000ecd80000,0x00000000ed000000)
 ParOldGen       total 44032K, used 6517K [0x00000000c0000000, 0x00000000c2b00000, 0x00000000eab00000)
  object space 44032K, 14% used [0x00000000c0000000,0x00000000c065d528,0x00000000c2b00000)
 Metaspace       used 6062K, capacity 7024K, committed 7296K, reserved 1056768K
  class space    used 585K, capacity 616K, committed 640K, reserved 1048576K
}
Event: 2.588 GC heap before
{Heap before GC invocations=4 (full 0):
 PSYoungGen      total 18944K, used 18936K [0x00000000eab00000, 0x00000000ed000000, 0x0000000100000000)
  eden space 16384K, 100% used [0x00000000eab00000,0x00000000ebb00000,0x00000000ebb00000)
  from space 2560K, 99% used [0x00000000ebb00000,0x00000000ebd7e1d8,0x00000000ebd80000)
  to   space 2560K, 0% used [0x00000000ecd80000,0x00000000ecd80000,0x00000000ed000000)
 ParOldGen       total 44032K, used 6517K [0x00000000c0000000, 0x00000000c2b00000, 0x00000000eab00000)
  object space 44032K, 14% used [0x00000000c0000000,0x00000000c065d528,0x00000000c2b00000)
 Metaspace       used 6115K, capacity 7024K, committed 7296K, reserved 1056768K
  class space    used 585K, capacity 616K, committed 640K, reserved 1048576K
Event: 2.793 GC heap after
Heap after GC invocations=4 (full 0):
 PSYoungGen      total 35328K, used 2555K [0x00000000eab00000, 0x00000000ed000000, 0x0000000100000000)
  eden space 32768K, 0% used [0x00000000eab00000,0x00000000eab00000,0x00000000ecb00000)
  from space 2560K, 99% used [0x00000000ecd80000,0x00000000ecffefe0,0x00000000ed000000)
  to   space 2560K, 0% used [0x00000000ecb00000,0x00000000ecb00000,0x00000000ecd80000)
 ParOldGen       total 44032K, used 9188K [0x00000000c0000000, 0x00000000c2b00000, 0x00000000eab00000)
  object space 44032K, 20% used [0x00000000c0000000,0x00000000c08f9290,0x00000000c2b00000)
 Metaspace       used 6115K, capacity 7024K, committed 7296K, reserved 1056768K
  class space    used 585K, capacity 616K, committed 640K, reserved 1048576K
}
Event: 4.054 GC heap before
{Heap before GC invocations=5 (full 0):
 PSYoungGen      total 35328K, used 35323K [0x00000000eab00000, 0x00000000ed000000, 0x0000000100000000)
  eden space 32768K, 100% used [0x00000000eab00000,0x00000000ecb00000,0x00000000ecb00000)
  from space 2560K, 99% used [0x00000000ecd80000,0x00000000ecffefe0,0x00000000ed000000)
  to   space 2560K, 0% used [0x00000000ecb00000,0x00000000ecb00000,0x00000000ecd80000)
 ParOldGen       total 44032K, used 9188K [0x00000000c0000000, 0x00000000c2b00000, 0x00000000eab00000)
  object space 44032K, 20% used [0x00000000c0000000,0x00000000c08f9290,0x00000000c2b00000)
 Metaspace       used 6146K, capacity 7088K, committed 7296K, reserved 1056768K
  class space    used 586K, capacity 616K, committed 640K, reserved 1048576K
Event: 4.222 GC heap after
Heap after GC invocations=5 (full 0):
 PSYoungGen      total 35328K, used 2533K [0x00000000eab00000, 0x00000000efc00000, 0x0000000100000000)
  eden space 32768K, 0% used [0x00000000eab00000,0x00000000eab00000,0x00000000ecb00000)
  from space 2560K, 98% used [0x00000000ecb00000,0x00000000ecd794d0,0x00000000ecd80000)
  to   space 8704K, 0% used [0x00000000ef380000,0x00000000ef380000,0x00000000efc00000)
 ParOldGen       total 44032K, used 15540K [0x00000000c0000000, 0x00000000c2b00000, 0x00000000eab00000)
  object space 44032K, 35% used [0x00000000c0000000,0x00000000c0f2d000,0x00000000c2b00000)
 Metaspace       used 6146K, capacity 7088K, committed 7296K, reserved 1056768K
  class space    used 586K, capacity 616K, committed 640K, reserved 1048576K
}
Event: 5.412 GC heap before
{Heap before GC invocations=6 (full 0):
 PSYoungGen      total 35328K, used 35301K [0x00000000eab00000, 0x00000000efc00000, 0x0000000100000000)
  eden space 32768K, 100% used [0x00000000eab00000,0x00000000ecb00000,0x00000000ecb00000)
  from space 2560K, 98% used [0x00000000ecb00000,0x00000000ecd794d0,0x00000000ecd80000)
  to   space 8704K, 0% used [0x00000000ef380000,0x00000000ef380000,0x00000000efc00000)
 ParOldGen       total 44032K, used 15540K [0x00000000c0000000, 0x00000000c2b00000, 0x00000000eab00000)
  object space 44032K, 35% used [0x00000000c0000000,0x00000000c0f2d000,0x00000000c2b00000)
 Metaspace       used 6165K, capacity 7088K, committed 7296K, reserved 1056768K
  class space    used 586K, capacity 616K, committed 640K, reserved 1048576K
Event: 5.444 GC heap after
Heap after GC invocations=6 (full 0):
 PSYoungGen      total 73216K, used 8294K [0x00000000eab00000, 0x00000000efe00000, 0x0000000100000000)
  eden space 64512K, 0% used [0x00000000eab00000,0x00000000eab00000,0x00000000eea00000)
  from space 8704K, 95% used [0x00000000ef380000,0x00000000efb99b48,0x00000000efc00000)
  to   space 9728K, 0% used [0x00000000eea00000,0x00000000eea00000,0x00000000ef380000)
 ParOldGen       total 44032K, used 15548K [0x00000000c0000000, 0x00000000c2b00000, 0x00000000eab00000)
  object space 44032K, 35% used [0x00000000c0000000,0x00000000c0f2f000,0x00000000c2b00000)
 Metaspace       used 6165K, capacity 7088K, committed 7296K, reserved 1056768K
  class space    used 586K, capacity 616K, committed 640K, reserved 1048576K
}

Deoptimization events (10 events):
Event: 9.014 Thread 0x00000000164c8000 Uncommon trap: reason=class_check action=maybe_recompile pc=0x000000000276e0b4 method=java.util.HashMap.putVal(ILjava/lang/Object;Ljava/lang/Object;ZZ)Ljava/lang/Object; @ 203
Event: 9.014 Thread 0x00000000164c8000 Uncommon trap: reason=class_check action=maybe_recompile pc=0x000000000276e0b4 method=java.util.HashMap.putVal(ILjava/lang/Object;Ljava/lang/Object;ZZ)Ljava/lang/Object; @ 203
Event: 9.015 Thread 0x00000000164c8000 Uncommon trap: reason=class_check action=maybe_recompile pc=0x000000000276e0b4 method=java.util.HashMap.putVal(ILjava/lang/Object;Ljava/lang/Object;ZZ)Ljava/lang/Object; @ 203
Event: 9.651 Thread 0x00000000164c8000 Uncommon trap: reason=bimorphic action=maybe_recompile pc=0x0000000002aec138 method=java.util.HashMap.putVal(ILjava/lang/Object;Ljava/lang/Object;ZZ)Ljava/lang/Object; @ 203
Event: 9.651 Thread 0x00000000164c8000 Uncommon trap: reason=bimorphic action=maybe_recompile pc=0x0000000002aec138 method=java.util.HashMap.putVal(ILjava/lang/Object;Ljava/lang/Object;ZZ)Ljava/lang/Object; @ 203
Event: 9.651 Thread 0x00000000164c8000 Uncommon trap: reason=bimorphic action=maybe_recompile pc=0x0000000002aec138 method=java.util.HashMap.putVal(ILjava/lang/Object;Ljava/lang/Object;ZZ)Ljava/lang/Object; @ 203
Event: 9.651 Thread 0x00000000164c8000 Uncommon trap: reason=bimorphic action=maybe_recompile pc=0x0000000002aec138 method=java.util.HashMap.putVal(ILjava/lang/Object;Ljava/lang/Object;ZZ)Ljava/lang/Object; @ 203
Event: 9.651 Thread 0x00000000164c8000 Uncommon trap: reason=unreached action=reinterpret pc=0x0000000002af5a1c method=com.android.dx.dex.code.OutputFinisher.addConstants(Ljava/util/HashSet;Lcom/android/dx/rop/code/RegisterSpec;)V @ 57
Event: 9.653 Thread 0x00000000164c8000 Uncommon trap: reason=bimorphic action=maybe_recompile pc=0x0000000002aee6a0 method=java.util.HashMap.putVal(ILjava/lang/Object;Ljava/lang/Object;ZZ)Ljava/lang/Object; @ 203
Event: 11.834 Thread 0x00000000164c8000 Uncommon trap: reason=unreached action=reinterpret pc=0x0000000002b69bb8 method=com.android.dx.dex.code.OutputFinisher.findOpcodeForInsn(Lcom/android/dx/dex/code/DalvInsn;Lcom/android/dx/dex/code/Dop;)Lcom/android/dx/dex/code/Dop; @ 1

Internal exceptions (10 events):
Event: 11.172 Thread 0x00000000164c8000 Exception <a 'java/security/PrivilegedActionException'> (0x00000000ed4b1cc0) thrown at [D:\re\workspace\8-2-build-windows-amd64-cygwin\jdk8u25\1677\hotspot\src\share\vm\prims\jvm.cpp, line 1312]
Event: 11.173 Thread 0x00000000164c8000 Exception <a 'java/security/PrivilegedActionException'> (0x00000000ed4b6f80) thrown at [D:\re\workspace\8-2-build-windows-amd64-cygwin\jdk8u25\1677\hotspot\src\share\vm\prims\jvm.cpp, line 1312]
Event: 11.175 Thread 0x00000000164c8000 Exception <a 'java/security/PrivilegedActionException'> (0x00000000ed4bdc40) thrown at [D:\re\workspace\8-2-build-windows-amd64-cygwin\jdk8u25\1677\hotspot\src\share\vm\prims\jvm.cpp, line 1312]
Event: 11.177 Thread 0x00000000164c8000 Exception <a 'java/security/PrivilegedActionException'> (0x00000000ed4c2418) thrown at [D:\re\workspace\8-2-build-windows-amd64-cygwin\jdk8u25\1677\hotspot\src\share\vm\prims\jvm.cpp, line 1312]
Event: 11.178 Thread 0x00000000164c8000 Exception <a 'java/security/PrivilegedActionException'> (0x00000000ed4c5698) thrown at [D:\re\workspace\8-2-build-windows-amd64-cygwin\jdk8u25\1677\hotspot\src\share\vm\prims\jvm.cpp, line 1312]
Event: 11.178 Thread 0x00000000164c8000 Exception <a 'java/security/PrivilegedActionException'> (0x00000000ed4c86d8) thrown at [D:\re\workspace\8-2-build-windows-amd64-cygwin\jdk8u25\1677\hotspot\src\share\vm\prims\jvm.cpp, line 1312]
Event: 11.229 Thread 0x00000000164c8000 Exception <a 'java/security/PrivilegedActionException'> (0x00000000ed4ebff0) thrown at [D:\re\workspace\8-2-build-windows-amd64-cygwin\jdk8u25\1677\hotspot\src\share\vm\prims\jvm.cpp, line 1312]
Event: 11.230 Thread 0x00000000164c8000 Exception <a 'java/security/PrivilegedActionException'> (0x00000000ed4ef1b8) thrown at [D:\re\workspace\8-2-build-windows-amd64-cygwin\jdk8u25\1677\hotspot\src\share\vm\prims\jvm.cpp, line 1312]
Event: 11.230 Thread 0x00000000164c8000 Exception <a 'java/security/PrivilegedActionException'> (0x00000000ed4f25a0) thrown at [D:\re\workspace\8-2-build-windows-amd64-cygwin\jdk8u25\1677\hotspot\src\share\vm\prims\jvm.cpp, line 1312]
Event: 11.834 Thread 0x00000000164c8000 Exception <a 'java/security/PrivilegedActionException'> (0x00000000ed51b958) thrown at [D:\re\workspace\8-2-build-windows-amd64-cygwin\jdk8u25\1677\hotspot\src\share\vm\prims\jvm.cpp, line 1312]

Events (10 events):
Event: 11.230 loading class com/android/dx/dex/code/CatchTable$Entry done
Event: 11.230 loading class com/android/dx/util/ByteArrayAnnotatedOutput
Event: 11.230 loading class com/android/dx/util/ByteArrayAnnotatedOutput done
Event: 11.834 Thread 0x00000000164c8000 Uncommon trap: trap_request=0xffffffad fr.pc=0x0000000002b69bb8
Event: 11.834 Thread 0x00000000164c8000 DEOPT PACKING pc=0x0000000002b69bb8 sp=0x00000000195ae830
Event: 11.834 Thread 0x00000000164c8000 DEOPT UNPACKING pc=0x000000000232556a sp=0x00000000195ae7d0 mode 2
Event: 11.834 loading class com/android/dx/rop/code/RegisterSpecList$Expander
Event: 11.834 loading class com/android/dx/rop/code/RegisterSpecList$Expander done
Event: 12.752 Thread 0x00000000164c8000 DEOPT PACKING pc=0x0000000002b78bf3 sp=0x00000000195aea10
Event: 12.752 Thread 0x00000000164c8000 DEOPT UNPACKING pc=0x00000000023275bf sp=0x00000000195ae760 mode 0


Dynamic libraries:
0x00007ff62bc50000 - 0x00007ff62bc84000 	C:\Program Files\Java\jdk1.8.0_25\bin\java.exe
0x00007ffd05500000 - 0x00007ffd056c1000 	C:\WINDOWS\SYSTEM32\ntdll.dll
0x00007ffd03280000 - 0x00007ffd0332d000 	C:\WINDOWS\system32\KERNEL32.DLL
0x00007ffd024b0000 - 0x00007ffd02698000 	C:\WINDOWS\system32\KERNELBASE.dll
0x00007ffd04cd0000 - 0x00007ffd04d77000 	C:\WINDOWS\system32\ADVAPI32.dll
0x00007ffd029d0000 - 0x00007ffd02a6d000 	C:\WINDOWS\system32\msvcrt.dll
0x00007ffd054a0000 - 0x00007ffd054fb000 	C:\WINDOWS\system32\sechost.dll
0x00007ffd04da0000 - 0x00007ffd04ebc000 	C:\WINDOWS\system32\RPCRT4.dll
0x00007ffd04f10000 - 0x00007ffd05066000 	C:\WINDOWS\system32\USER32.dll
0x00007ffd03390000 - 0x00007ffd03516000 	C:\WINDOWS\system32\GDI32.dll
0x00007ffcfab30000 - 0x00007ffcfada4000 	C:\WINDOWS\WinSxS\amd64_microsoft.windows.common-controls_6595b64144ccf1df_6.0.10586.494_none_a2d8b04ea53e3145\COMCTL32.dll
0x00007ffd02a70000 - 0x00007ffd02ced000 	C:\WINDOWS\system32\combase.dll
0x00007ffd02440000 - 0x00007ffd024aa000 	C:\WINDOWS\system32\bcryptPrimitives.dll
0x00007ffd04ed0000 - 0x00007ffd04f0b000 	C:\WINDOWS\system32\IMM32.DLL
0x000000005b6d0000 - 0x000000005b7a2000 	C:\Program Files\Java\jdk1.8.0_25\jre\bin\msvcr100.dll
0x000000005bb90000 - 0x000000005c3ea000 	C:\Program Files\Java\jdk1.8.0_25\jre\bin\server\jvm.dll
0x00007ffd04a80000 - 0x00007ffd04a88000 	C:\WINDOWS\system32\PSAPI.DLL
0x00007ffcee7b0000 - 0x00007ffcee7b9000 	C:\WINDOWS\SYSTEM32\WSOCK32.dll
0x00007ffd04a90000 - 0x00007ffd04afb000 	C:\WINDOWS\system32\WS2_32.dll
0x00007ffcffe00000 - 0x00007ffcffe23000 	C:\WINDOWS\SYSTEM32\WINMM.dll
0x00007ffcffbb0000 - 0x00007ffcffbdc000 	C:\WINDOWS\SYSTEM32\WINMMBASE.dll
0x00007ffd02220000 - 0x00007ffd02263000 	C:\WINDOWS\system32\cfgmgr32.dll
0x000000005bb80000 - 0x000000005bb8f000 	C:\Program Files\Java\jdk1.8.0_25\jre\bin\verify.dll
0x000000005bb50000 - 0x000000005bb78000 	C:\Program Files\Java\jdk1.8.0_25\jre\bin\java.dll
0x000000005bb30000 - 0x000000005bb46000 	C:\Program Files\Java\jdk1.8.0_25\jre\bin\zip.dll
0x00007ffd03520000 - 0x00007ffd04a7c000 	C:\WINDOWS\system32\SHELL32.dll
0x00007ffd01bb0000 - 0x00007ffd021f5000 	C:\WINDOWS\system32\windows.storage.dll
0x00007ffd03170000 - 0x00007ffd031c2000 	C:\WINDOWS\system32\shlwapi.dll
0x00007ffd01b40000 - 0x00007ffd01b4f000 	C:\WINDOWS\system32\kernel.appcore.dll
0x00007ffd026a0000 - 0x00007ffd02755000 	C:\WINDOWS\system32\shcore.dll
0x00007ffd01b60000 - 0x00007ffd01bab000 	C:\WINDOWS\system32\powrprof.dll
0x00007ffd01b20000 - 0x00007ffd01b34000 	C:\WINDOWS\system32\profapi.dll

VM Arguments:
jvm_args: -Djava.awt.headless=true -Xmx1024M -Dfile.encoding=windows-1252 -Duser.country=FR -Duser.language=fr -Duser.variant 
java_command: com.android.dx.command.Main --dex --force-jumbo --num-threads=4 --multi-dex --output C:\Users\Famille\AndroidStudioProjects\Niviel\app\build\intermediates\transforms\dex\debug\folders\1000\10\jsoup-1.9.2_ecef94a6a7f4aa5a1465b1084b2edeb6df34e0f6 C:\Users\Famille\.gradle\caches\modules-2\files-2.1\org.jsoup\jsoup\1.9.2\5e3bda828a80c7a21dfbe2308d1755759c2fd7b4\jsoup-1.9.2.jar
java_class_path (initial): C:\Users\Famille\AppData\Local\Android\sdk\build-tools\23.0.2\lib\dx.jar
Launcher Type: SUN_STANDARD

Environment Variables:
JAVA_HOME=C:\Program Files\Java\jdk1.8.0_25
PATH=C:\Program Files\Broadcom\Broadcom 802.11 Network Adapter;;C:\Program Files\Broadcom\Broadcom 802.11;C:\ProgramData\Oracle\Java\javapath;C:\Program Files (x86)\Intel\iCLS Client\;C:\Program Files\Intel\iCLS Client\;C:\Windows\system32;C:\Windows;C:\Windows\System32\Wbem;C:\Windows\System32\WindowsPowerShell\v1.0\;C:\Program Files\Hewlett-Packard\SimplePass\;C:\wamp\bin\php\php5.5.12;C:\Python27;C:\Users\Famille\AppData\Roaming\npm\;C:\Program Files\nodejs\;C:\Program Files\Git\cmd;C:\Program Files (x86)\Brackets\command;C:\Program Files (x86)\Ant\bin;C:\Program Files (x86)\Maven\bin;C:\Program Files (x86)\Intel\Intel(R) Management Engine Components\DAL;C:\Program Files\Intel\Intel(R) Management Engine Components\DAL;C:\Program Files (x86)\Intel\Intel(R) Management Engine Components\IPT;C:\Program Files\Intel\Intel(R) Management Engine Components\IPT;C:\Users\Famille\AppData\Local\atom\bin;C:\Users\Famille\AppData\Roaming\npm
USERNAME=de Lachaux
OS=Windows_NT
PROCESSOR_IDENTIFIER=Intel64 Family 6 Model 69 Stepping 1, GenuineIntel



---------------  S Y S T E M  ---------------

OS: Windows 8.1 , 64 bit Build 9600 

CPU:total 4 (2 cores per cpu, 2 threads per core) family 6 model 69 stepping 1, cmov, cx8, fxsr, mmx, sse, sse2, sse3, ssse3, sse4.1, sse4.2, popcnt, avx, avx2, aes, clmul, erms, lzcnt, ht, tsc, tscinvbit, bmi1, bmi2

Memory: 4k page, physical 4122776k(218040k free), swap 5555352k(1304k free)

vm_info: Java HotSpot(TM) 64-Bit Server VM (25.25-b02) for windows-amd64 JRE (1.8.0_25-b18), built on Oct  7 2014 14:25:37 by "java_re" with MS VC++ 10.0 (VS2010)

time: Fri Sep 09 20:47:39 2016
elapsed time: 12 seconds (0d 0h 0m 12s)

