#
# There is insufficient memory for the Java Runtime Environment to continue.
# Native memory allocation (malloc) failed to allocate 1510416 bytes for Chunk::new
# Possible reasons:
#   The system is out of physical RAM or swap space
#   In 32 bit mode, the process size limit was hit
# Possible solutions:
#   Reduce memory load on the system
#   Increase physical memory or swap space
#   Check if swap backing store is full
#   Use 64 bit Java on a 64 bit OS
#   Decrease Java heap size (-Xmx/-Xms)
#   Decrease number of Java threads
#   Decrease Java thread stack sizes (-Xss)
#   Set larger code cache with -XX:ReservedCodeCacheSize=
# This output file may be truncated or incomplete.
#
#  Out of Memory Error (allocation.cpp:390), pid=19304, tid=19164
#
# JRE version: Java(TM) SE Runtime Environment (8.0_25-b18) (build 1.8.0_25-b18)
# Java VM: Java HotSpot(TM) 64-Bit Server VM (25.25-b02 mixed mode windows-amd64 compressed oops)
# Failed to write core dump. Minidumps are not enabled by default on client versions of Windows
#

---------------  T H R E A D  ---------------

Current thread (0x0000000014ddc000):  JavaThread "C2 CompilerThread0" daemon [_thread_in_native, id=19164, stack(0x0000000016340000,0x0000000016440000)]

Stack: [0x0000000016340000,0x0000000016440000]
Native frames: (J=compiled Java code, j=interpreted, Vv=VM code, C=native code)
V  [jvm.dll+0x31667a]
V  [jvm.dll+0x267073]
V  [jvm.dll+0x267cb3]
V  [jvm.dll+0x25f5b5]
V  [jvm.dll+0xbf165]
V  [jvm.dll+0xbf60c]
V  [jvm.dll+0x45d672]
V  [jvm.dll+0x49e8ef]
V  [jvm.dll+0x4527d4]
V  [jvm.dll+0x453864]
V  [jvm.dll+0x437372]
V  [jvm.dll+0x98a02]
V  [jvm.dll+0x991f3]
V  [jvm.dll+0x22bde4]
V  [jvm.dll+0x2852fa]
C  [msvcr100.dll+0x21d9f]
C  [msvcr100.dll+0x21e3b]
C  [KERNEL32.DLL+0x18102]
C  [ntdll.dll+0x5c5b4]


Current CompileTask:
C2:   5741 1473   !   4       com.android.dx.cf.code.BytecodeArray::parseInstruction (2764 bytes)


---------------  P R O C E S S  ---------------

Java Threads: ( => current thread )
  0x0000000016b5c000 JavaThread "pool-2-thread-4" [_thread_blocked, id=19348, stack(0x0000000017840000,0x0000000017940000)]
  0x0000000016b5a000 JavaThread "pool-2-thread-3" [_thread_in_Java, id=19244, stack(0x0000000017740000,0x0000000017840000)]
  0x0000000016acf000 JavaThread "pool-2-thread-2" [_thread_in_Java, id=17452, stack(0x0000000017640000,0x0000000017740000)]
  0x0000000016ac2800 JavaThread "pool-3-thread-1" [_thread_blocked, id=19284, stack(0x0000000017540000,0x0000000017640000)]
  0x0000000016b3b800 JavaThread "pool-2-thread-1" [_thread_blocked, id=19276, stack(0x0000000017440000,0x0000000017540000)]
  0x0000000014e34800 JavaThread "Service Thread" daemon [_thread_blocked, id=18300, stack(0x0000000016640000,0x0000000016740000)]
  0x0000000014e30000 JavaThread "C1 CompilerThread2" daemon [_thread_in_vm, id=17724, stack(0x0000000016540000,0x0000000016640000)]
  0x0000000014e2f000 JavaThread "C2 CompilerThread1" daemon [_thread_in_native, id=19128, stack(0x0000000016440000,0x0000000016540000)]
=>0x0000000014ddc000 JavaThread "C2 CompilerThread0" daemon [_thread_in_native, id=19164, stack(0x0000000016340000,0x0000000016440000)]
  0x0000000014dda800 JavaThread "Attach Listener" daemon [_thread_blocked, id=19016, stack(0x0000000016240000,0x0000000016340000)]
  0x0000000014dd9800 JavaThread "Signal Dispatcher" daemon [_thread_blocked, id=18952, stack(0x0000000016140000,0x0000000016240000)]
  0x0000000002700800 JavaThread "Finalizer" daemon [_thread_blocked, id=17676, stack(0x0000000016040000,0x0000000016140000)]
  0x00000000026fd000 JavaThread "Reference Handler" daemon [_thread_blocked, id=19176, stack(0x0000000015f40000,0x0000000016040000)]
  0x000000000240e000 JavaThread "main" [_thread_in_Java, id=18876, stack(0x0000000002510000,0x0000000002610000)]

Other Threads:
  0x0000000014da6800 VMThread [stack: 0x0000000015e40000,0x0000000015f40000] [id=19252]
  0x0000000014e37800 WatcherThread [stack: 0x0000000016740000,0x0000000016840000] [id=18988]

VM state:not at safepoint (normal execution)

VM Mutex/Monitor currently owned by a thread: None

Heap:
 PSYoungGen      total 35328K, used 13473K [0x00000000eab00000, 0x00000000ed000000, 0x0000000100000000)
  eden space 32768K, 33% used [0x00000000eab00000,0x00000000eb5aae58,0x00000000ecb00000)
  from space 2560K, 99% used [0x00000000ecb00000,0x00000000ecd7d830,0x00000000ecd80000)
  to   space 2560K, 0% used [0x00000000ecd80000,0x00000000ecd80000,0x00000000ed000000)
 ParOldGen       total 44032K, used 9036K [0x00000000c0000000, 0x00000000c2b00000, 0x00000000eab00000)
  object space 44032K, 20% used [0x00000000c0000000,0x00000000c08d3358,0x00000000c2b00000)
 Metaspace       used 6149K, capacity 7088K, committed 7296K, reserved 1056768K
  class space    used 591K, capacity 616K, committed 640K, reserved 1048576K

Card table byte_map: [0x0000000011ad0000,0x0000000011ce0000] byte_map_base: 0x00000000114d0000

Marking Bits: (ParMarkBitMap*) 0x000000007333d490
 Begin Bits: [0x0000000012240000, 0x0000000013240000)
 End Bits:   [0x0000000013240000, 0x0000000014240000)

Polling page: 0x0000000000ab0000

CodeCache: size=245760Kb used=6148Kb max_used=6148Kb free=239611Kb
 bounds [0x0000000002710000, 0x0000000002d20000, 0x0000000011710000]
 total_blobs=1841 nmethods=1577 adapters=178
 compilation: enabled

Compilation events (10 events):
Event: 5.720 Thread 0x0000000014e30000 nmethod 1588 0x0000000002d0f510 code [0x0000000002d0f680, 0x0000000002d0f8a8]
Event: 5.720 Thread 0x0000000014e30000 1585       2       com.android.dx.rop.code.LocalVariableExtractor::extract (14 bytes)
Event: 5.721 Thread 0x0000000014e30000 nmethod 1585 0x0000000002d0f990 code [0x0000000002d0fb00, 0x0000000002d0fcd8]
Event: 5.721 Thread 0x0000000014e30000 1589       2       java.util.HashMap$EntryIterator::<init> (11 bytes)
Event: 5.721 Thread 0x0000000014e30000 nmethod 1589 0x0000000002d0fdd0 code [0x0000000002d0ff40, 0x0000000002d100c8]
Event: 5.721 Thread 0x0000000014e30000 1587       2       com.android.dx.rop.code.LocalVariableInfo::<init> (82 bytes)
Event: 5.722 Thread 0x0000000014e30000 nmethod 1587 0x0000000002d10150 code [0x0000000002d10320, 0x0000000002d108a8]
Event: 5.722 Thread 0x0000000014e30000 1578       2       com.android.dx.ssa.LiteralOpUpgrader::run (21 bytes)
Event: 5.722 Thread 0x0000000014e30000 nmethod 1578 0x0000000002d10b90 code [0x0000000002d10d00, 0x0000000002d10f08]
Event: 5.722 Thread 0x0000000014e30000 1590       2       com.android.dx.ssa.Optimizer::runSsaFormSteps (117 bytes)

GC Heap History (6 events):
Event: 4.108 GC heap before
{Heap before GC invocations=1 (full 0):
 PSYoungGen      total 18944K, used 16384K [0x00000000eab00000, 0x00000000ec000000, 0x0000000100000000)
  eden space 16384K, 100% used [0x00000000eab00000,0x00000000ebb00000,0x00000000ebb00000)
  from space 2560K, 0% used [0x00000000ebd80000,0x00000000ebd80000,0x00000000ec000000)
  to   space 2560K, 0% used [0x00000000ebb00000,0x00000000ebb00000,0x00000000ebd80000)
 ParOldGen       total 44032K, used 0K [0x00000000c0000000, 0x00000000c2b00000, 0x00000000eab00000)
  object space 44032K, 0% used [0x00000000c0000000,0x00000000c0000000,0x00000000c2b00000)
 Metaspace       used 5616K, capacity 6640K, committed 6784K, reserved 1056768K
  class space    used 583K, capacity 616K, committed 640K, reserved 1048576K
Event: 4.154 GC heap after
Heap after GC invocations=1 (full 0):
 PSYoungGen      total 18944K, used 2552K [0x00000000eab00000, 0x00000000ed000000, 0x0000000100000000)
  eden space 16384K, 0% used [0x00000000eab00000,0x00000000eab00000,0x00000000ebb00000)
  from space 2560K, 99% used [0x00000000ebb00000,0x00000000ebd7e120,0x00000000ebd80000)
  to   space 2560K, 0% used [0x00000000ecd80000,0x00000000ecd80000,0x00000000ed000000)
 ParOldGen       total 44032K, used 1330K [0x00000000c0000000, 0x00000000c2b00000, 0x00000000eab00000)
  object space 44032K, 3% used [0x00000000c0000000,0x00000000c014cb48,0x00000000c2b00000)
 Metaspace       used 5616K, capacity 6640K, committed 6784K, reserved 1056768K
  class space    used 583K, capacity 616K, committed 640K, reserved 1048576K
}
Event: 4.865 GC heap before
{Heap before GC invocations=2 (full 0):
 PSYoungGen      total 18944K, used 18936K [0x00000000eab00000, 0x00000000ed000000, 0x0000000100000000)
  eden space 16384K, 100% used [0x00000000eab00000,0x00000000ebb00000,0x00000000ebb00000)
  from space 2560K, 99% used [0x00000000ebb00000,0x00000000ebd7e120,0x00000000ebd80000)
  to   space 2560K, 0% used [0x00000000ecd80000,0x00000000ecd80000,0x00000000ed000000)
 ParOldGen       total 44032K, used 1330K [0x00000000c0000000, 0x00000000c2b00000, 0x00000000eab00000)
  object space 44032K, 3% used [0x00000000c0000000,0x00000000c014cb48,0x00000000c2b00000)
 Metaspace       used 5950K, capacity 6896K, committed 7040K, reserved 1056768K
  class space    used 590K, capacity 616K, committed 640K, reserved 1048576K
Event: 4.922 GC heap after
Heap after GC invocations=2 (full 0):
 PSYoungGen      total 35328K, used 2544K [0x00000000eab00000, 0x00000000ed000000, 0x0000000100000000)
  eden space 32768K, 0% used [0x00000000eab00000,0x00000000eab00000,0x00000000ecb00000)
  from space 2560K, 99% used [0x00000000ecd80000,0x00000000ecffc038,0x00000000ed000000)
  to   space 2560K, 0% used [0x00000000ecb00000,0x00000000ecb00000,0x00000000ecd80000)
 ParOldGen       total 44032K, used 3300K [0x00000000c0000000, 0x00000000c2b00000, 0x00000000eab00000)
  object space 44032K, 7% used [0x00000000c0000000,0x00000000c0339138,0x00000000c2b00000)
 Metaspace       used 5950K, capacity 6896K, committed 7040K, reserved 1056768K
  class space    used 590K, capacity 616K, committed 640K, reserved 1048576K
}
Event: 5.567 GC heap before
{Heap before GC invocations=3 (full 0):
 PSYoungGen      total 35328K, used 35312K [0x00000000eab00000, 0x00000000ed000000, 0x0000000100000000)
  eden space 32768K, 100% used [0x00000000eab00000,0x00000000ecb00000,0x00000000ecb00000)
  from space 2560K, 99% used [0x00000000ecd80000,0x00000000ecffc038,0x00000000ed000000)
  to   space 2560K, 0% used [0x00000000ecb00000,0x00000000ecb00000,0x00000000ecd80000)
 ParOldGen       total 44032K, used 3300K [0x00000000c0000000, 0x00000000c2b00000, 0x00000000eab00000)
  object space 44032K, 7% used [0x00000000c0000000,0x00000000c0339138,0x00000000c2b00000)
 Metaspace       used 6121K, capacity 7024K, committed 7296K, reserved 1056768K
  class space    used 591K, capacity 616K, committed 640K, reserved 1048576K
Event: 5.615 GC heap after
Heap after GC invocations=3 (full 0):
 PSYoungGen      total 35328K, used 2550K [0x00000000eab00000, 0x00000000ed000000, 0x0000000100000000)
  eden space 32768K, 0% used [0x00000000eab00000,0x00000000eab00000,0x00000000ecb00000)
  from space 2560K, 99% used [0x00000000ecb00000,0x00000000ecd7d830,0x00000000ecd80000)
  to   space 2560K, 0% used [0x00000000ecd80000,0x00000000ecd80000,0x00000000ed000000)
 ParOldGen       total 44032K, used 9036K [0x00000000c0000000, 0x00000000c2b00000, 0x00000000eab00000)
  object space 44032K, 20% used [0x00000000c0000000,0x00000000c08d3358,0x00000000c2b00000)
 Metaspace       used 6121K, capacity 7024K, committed 7296K, reserved 1056768K
  class space    used 591K, capacity 616K, committed 640K, reserved 1048576K
}

Deoptimization events (10 events):
Event: 5.402 Thread 0x0000000016b5a000 Uncommon trap: reason=class_check action=maybe_recompile pc=0x0000000002af40e4 method=java.util.HashMap.putVal(ILjava/lang/Object;Ljava/lang/Object;ZZ)Ljava/lang/Object; @ 203
Event: 5.463 Thread 0x0000000016b5c000 Uncommon trap: reason=unreached action=reinterpret pc=0x0000000002b7bbac method=com.android.dx.util.LabeledList.set(ILcom/android/dx/util/LabeledItem;)V @ 16
Event: 5.519 Thread 0x0000000016b5c000 Uncommon trap: reason=class_check action=maybe_recompile pc=0x0000000002af40e4 method=java.util.HashMap.putVal(ILjava/lang/Object;Ljava/lang/Object;ZZ)Ljava/lang/Object; @ 203
Event: 5.519 Thread 0x0000000016b5c000 Uncommon trap: reason=bimorphic action=maybe_recompile pc=0x000000000297a3ec method=java.util.HashMap.getNode(ILjava/lang/Object;)Ljava/util/HashMap$Node; @ 126
Event: 5.519 Thread 0x0000000016b5c000 Uncommon trap: reason=bimorphic action=maybe_recompile pc=0x000000000297a3ec method=java.util.HashMap.getNode(ILjava/lang/Object;)Ljava/util/HashMap$Node; @ 126
Event: 5.531 Thread 0x000000000240e000 Uncommon trap: reason=bimorphic action=maybe_recompile pc=0x0000000002c70ce8 method=com.android.dx.ssa.LiteralOpUpgrader.tryReplacingWithConstant(Lcom/android/dx/ssa/NormalSsaInsn;)Z @ 52
Event: 5.531 Thread 0x000000000240e000 Uncommon trap: reason=bimorphic action=maybe_recompile pc=0x0000000002c70ce8 method=com.android.dx.ssa.LiteralOpUpgrader.tryReplacingWithConstant(Lcom/android/dx/ssa/NormalSsaInsn;)Z @ 52
Event: 5.532 Thread 0x0000000016b5c000 Uncommon trap: reason=bimorphic action=maybe_recompile pc=0x000000000297a3ec method=java.util.HashMap.getNode(ILjava/lang/Object;)Ljava/util/HashMap$Node; @ 126
Event: 5.532 Thread 0x0000000016b5c000 Uncommon trap: reason=class_check action=maybe_recompile pc=0x0000000002af40e4 method=java.util.HashMap.putVal(ILjava/lang/Object;Ljava/lang/Object;ZZ)Ljava/lang/Object; @ 203
Event: 5.532 Thread 0x0000000016b5c000 Uncommon trap: reason=class_check action=maybe_recompile pc=0x0000000002af40e4 method=java.util.HashMap.putVal(ILjava/lang/Object;Ljava/lang/Object;ZZ)Ljava/lang/Object; @ 203

Internal exceptions (10 events):
Event: 4.161 Thread 0x0000000016b3b800 Exception <a 'java/security/PrivilegedActionException'> (0x00000000eab13108) thrown at [D:\re\workspace\8-2-build-windows-amd64-cygwin\jdk8u25\1677\hotspot\src\share\vm\prims\jvm.cpp, line 1312]
Event: 4.162 Thread 0x0000000016b3b800 Exception <a 'java/security/PrivilegedActionException'> (0x00000000eab18b78) thrown at [D:\re\workspace\8-2-build-windows-amd64-cygwin\jdk8u25\1677\hotspot\src\share\vm\prims\jvm.cpp, line 1312]
Event: 4.163 Thread 0x0000000016b3b800 Exception <a 'java/security/PrivilegedActionException'> (0x00000000eab1e3a0) thrown at [D:\re\workspace\8-2-build-windows-amd64-cygwin\jdk8u25\1677\hotspot\src\share\vm\prims\jvm.cpp, line 1312]
Event: 4.179 Thread 0x0000000016b3b800 Exception <a 'java/security/PrivilegedActionException'> (0x00000000eac38530) thrown at [D:\re\workspace\8-2-build-windows-amd64-cygwin\jdk8u25\1677\hotspot\src\share\vm\prims\jvm.cpp, line 1312]
Event: 4.195 Thread 0x000000000240e000 Exception <a 'java/security/PrivilegedActionException'> (0x00000000eace6eb0) thrown at [D:\re\workspace\8-2-build-windows-amd64-cygwin\jdk8u25\1677\hotspot\src\share\vm\prims\jvm.cpp, line 1312]
Event: 4.534 Thread 0x000000000240e000 Exception <a 'java/security/PrivilegedActionException'> (0x00000000eadd46a8) thrown at [D:\re\workspace\8-2-build-windows-amd64-cygwin\jdk8u25\1677\hotspot\src\share\vm\prims\jvm.cpp, line 1312]
Event: 4.539 Thread 0x000000000240e000 Exception <a 'java/security/PrivilegedActionException'> (0x00000000eadd6eb0) thrown at [D:\re\workspace\8-2-build-windows-amd64-cygwin\jdk8u25\1677\hotspot\src\share\vm\prims\jvm.cpp, line 1312]
Event: 4.951 Thread 0x0000000016b5c000 Implicit null exception at 0x0000000002a5aa22 to 0x0000000002a5ab15
Event: 5.081 Thread 0x0000000016acf000 Implicit null exception at 0x000000000299d834 to 0x000000000299fa85
Event: 5.461 Thread 0x0000000016b5c000 Exception <a 'java/security/PrivilegedActionException'> (0x00000000ec28f9c8) thrown at [D:\re\workspace\8-2-build-windows-amd64-cygwin\jdk8u25\1677\hotspot\src\share\vm\prims\jvm.cpp, line 1312]

Events (10 events):
Event: 5.532 Thread 0x0000000016b5c000 DEOPT PACKING pc=0x000000000297a3ec sp=0x000000001793e830
Event: 5.532 Thread 0x0000000016b5c000 DEOPT UNPACKING pc=0x000000000275556a sp=0x000000001793e7b0 mode 2
Event: 5.532 Thread 0x0000000016b5c000 Uncommon trap: trap_request=0xffffffde fr.pc=0x0000000002af40e4
Event: 5.532 Thread 0x0000000016b5c000 DEOPT PACKING pc=0x0000000002af40e4 sp=0x000000001793e810
Event: 5.532 Thread 0x0000000016b5c000 DEOPT UNPACKING pc=0x000000000275556a sp=0x000000001793e788 mode 2
Event: 5.532 Thread 0x0000000016b5c000 Uncommon trap: trap_request=0xffffffde fr.pc=0x0000000002af40e4
Event: 5.533 Thread 0x0000000016b5c000 DEOPT PACKING pc=0x0000000002af40e4 sp=0x000000001793e810
Event: 5.533 Thread 0x0000000016b5c000 DEOPT UNPACKING pc=0x000000000275556a sp=0x000000001793e788 mode 2
Event: 5.552 Executing VM operation: ParallelGCFailedAllocation
Event: 5.615 Executing VM operation: ParallelGCFailedAllocation done


Dynamic libraries:
0x00007ff7f70c0000 - 0x00007ff7f70f4000 	C:\Program Files\Java\jdk1.8.0_25\bin\java.exe
0x00007fff80c20000 - 0x00007fff80de1000 	C:\WINDOWS\SYSTEM32\ntdll.dll
0x00007fff80400000 - 0x00007fff804ad000 	C:\WINDOWS\system32\KERNEL32.DLL
0x00007fff7d680000 - 0x00007fff7d868000 	C:\WINDOWS\system32\KERNELBASE.dll
0x00007fff80850000 - 0x00007fff808f7000 	C:\WINDOWS\system32\ADVAPI32.dll
0x00007fff801e0000 - 0x00007fff8027d000 	C:\WINDOWS\system32\msvcrt.dll
0x00007fff7ec20000 - 0x00007fff7ec7b000 	C:\WINDOWS\system32\sechost.dll
0x00007fff804b0000 - 0x00007fff805cc000 	C:\WINDOWS\system32\RPCRT4.dll
0x00007fff7e030000 - 0x00007fff7e186000 	C:\WINDOWS\system32\USER32.dll
0x00007fff7e450000 - 0x00007fff7e5d6000 	C:\WINDOWS\system32\GDI32.dll
0x00007fff76200000 - 0x00007fff76474000 	C:\WINDOWS\WinSxS\amd64_microsoft.windows.common-controls_6595b64144ccf1df_6.0.10586.494_none_a2d8b04ea53e3145\COMCTL32.dll
0x00007fff805d0000 - 0x00007fff8084d000 	C:\WINDOWS\system32\combase.dll
0x00007fff7d4f0000 - 0x00007fff7d55a000 	C:\WINDOWS\system32\bcryptPrimitives.dll
0x00007fff80be0000 - 0x00007fff80c1b000 	C:\WINDOWS\system32\IMM32.DLL
0x00000000726a0000 - 0x0000000072772000 	C:\Program Files\Java\jdk1.8.0_25\jre\bin\msvcr100.dll
0x0000000072b60000 - 0x00000000733ba000 	C:\Program Files\Java\jdk1.8.0_25\jre\bin\server\jvm.dll
0x00007fff7e190000 - 0x00007fff7e198000 	C:\WINDOWS\system32\PSAPI.DLL
0x00007fff65bb0000 - 0x00007fff65bb9000 	C:\WINDOWS\SYSTEM32\WSOCK32.dll
0x00007fff7ebb0000 - 0x00007fff7ec1b000 	C:\WINDOWS\system32\WS2_32.dll
0x00007fff7b560000 - 0x00007fff7b583000 	C:\WINDOWS\SYSTEM32\WINMM.dll
0x00007fff7b110000 - 0x00007fff7b13c000 	C:\WINDOWS\SYSTEM32\WINMMBASE.dll
0x00007fff7d4a0000 - 0x00007fff7d4e3000 	C:\WINDOWS\system32\cfgmgr32.dll
0x0000000072b50000 - 0x0000000072b5f000 	C:\Program Files\Java\jdk1.8.0_25\jre\bin\verify.dll
0x0000000072b20000 - 0x0000000072b48000 	C:\Program Files\Java\jdk1.8.0_25\jre\bin\java.dll
0x0000000072b00000 - 0x0000000072b16000 	C:\Program Files\Java\jdk1.8.0_25\jre\bin\zip.dll
0x00007fff7ec80000 - 0x00007fff801dc000 	C:\WINDOWS\system32\SHELL32.dll
0x00007fff7d870000 - 0x00007fff7deb5000 	C:\WINDOWS\system32\windows.storage.dll
0x00007fff80b80000 - 0x00007fff80bd2000 	C:\WINDOWS\system32\shlwapi.dll
0x00007fff7d2c0000 - 0x00007fff7d2cf000 	C:\WINDOWS\system32\kernel.appcore.dll
0x00007fff7d5c0000 - 0x00007fff7d675000 	C:\WINDOWS\system32\shcore.dll
0x00007fff7d270000 - 0x00007fff7d2bb000 	C:\WINDOWS\system32\powrprof.dll
0x00007fff7d240000 - 0x00007fff7d254000 	C:\WINDOWS\system32\profapi.dll
0x00007fff63a80000 - 0x00007fff63c0c000 	C:\WINDOWS\SYSTEM32\dbghelp.dll

VM Arguments:
jvm_args: -Djava.awt.headless=true -Xmx1024M -Dfile.encoding=windows-1252 -Duser.country=FR -Duser.language=fr -Duser.variant 
java_command: com.android.dx.command.Main --dex --force-jumbo --num-threads=4 --multi-dex --output C:\Users\Famille\AndroidStudioProjects\Niviel\app\build\intermediates\transforms\dex\debug\folders\1000\10\com.android.support-design-24.2.0_c56b473aaa304164fc97e3fd1b7664425a195050 C:\Users\Famille\AndroidStudioProjects\Niviel\app\build\intermediates\exploded-aar\com.android.support\design\24.2.0\jars\classes.jar
java_class_path (initial): C:\Users\Famille\AppData\Local\Android\sdk\build-tools\23.0.2\lib\dx.jar
Launcher Type: SUN_STANDARD

Environment Variables:
JAVA_HOME=C:\Program Files\Java\jdk1.8.0_25
PATH=C:\Program Files\Broadcom\Broadcom 802.11 Network Adapter;;C:\Program Files\Broadcom\Broadcom 802.11;C:\ProgramData\Oracle\Java\javapath;C:\Program Files (x86)\Intel\iCLS Client\;C:\Program Files\Intel\iCLS Client\;C:\Windows\system32;C:\Windows;C:\Windows\System32\Wbem;C:\Windows\System32\WindowsPowerShell\v1.0\;C:\Program Files\Hewlett-Packard\SimplePass\;C:\wamp\bin\php\php5.5.12;C:\Python27;C:\Users\Famille\AppData\Roaming\npm\;C:\Program Files\nodejs\;C:\Program Files\Git\cmd;C:\Program Files (x86)\Brackets\command;C:\Program Files (x86)\Ant\bin;C:\Program Files (x86)\Maven\bin;C:\Program Files (x86)\Intel\Intel(R) Management Engine Components\DAL;C:\Program Files\Intel\Intel(R) Management Engine Components\DAL;C:\Program Files (x86)\Intel\Intel(R) Management Engine Components\IPT;C:\Program Files\Intel\Intel(R) Management Engine Components\IPT;C:\Users\Famille\AppData\Local\atom\bin;C:\Users\Famille\AppData\Roaming\npm
USERNAME=de Lachaux
OS=Windows_NT
PROCESSOR_IDENTIFIER=Intel64 Family 6 Model 69 Stepping 1, GenuineIntel



---------------  S Y S T E M  ---------------

OS: Windows 8.1 , 64 bit Build 9600 

CPU:total 4 (2 cores per cpu, 2 threads per core) family 6 model 69 stepping 1, cmov, cx8, fxsr, mmx, sse, sse2, sse3, ssse3, sse4.1, sse4.2, popcnt, avx, avx2, aes, clmul, erms, lzcnt, ht, tsc, tscinvbit, bmi1, bmi2

Memory: 4k page, physical 4122776k(235568k free), swap 5555352k(5692k free)

vm_info: Java HotSpot(TM) 64-Bit Server VM (25.25-b02) for windows-amd64 JRE (1.8.0_25-b18), built on Oct  7 2014 14:25:37 by "java_re" with MS VC++ 10.0 (VS2010)

time: Tue Aug 23 20:15:01 2016
elapsed time: 5 seconds (0d 0h 0m 5s)

