#
# There is insufficient memory for the Java Runtime Environment to continue.
# Native memory allocation (malloc) failed to allocate 32784 bytes for Chunk::new
# Possible reasons:
#   The system is out of physical RAM or swap space
#   In 32 bit mode, the process size limit was hit
# Possible solutions:
#   Reduce memory load on the system
#   Increase physical memory or swap space
#   Check if swap backing store is full
#   Use 64 bit Java on a 64 bit OS
#   Decrease Java heap size (-Xmx/-Xms)
#   Decrease number of Java threads
#   Decrease Java thread stack sizes (-Xss)
#   Set larger code cache with -XX:ReservedCodeCacheSize=
# This output file may be truncated or incomplete.
#
#  Out of Memory Error (allocation.cpp:390), pid=49156, tid=59684
#
# JRE version: Java(TM) SE Runtime Environment (8.0_25-b18) (build 1.8.0_25-b18)
# Java VM: Java HotSpot(TM) 64-Bit Server VM (25.25-b02 mixed mode windows-amd64 compressed oops)
# Failed to write core dump. Minidumps are not enabled by default on client versions of Windows
#

---------------  T H R E A D  ---------------

Current thread (0x00000000147f1000):  JavaThread "C2 CompilerThread1" daemon [_thread_in_native, id=59684, stack(0x0000000015e40000,0x0000000015f40000)]

Stack: [0x0000000015e40000,0x0000000015f40000]
Native frames: (J=compiled Java code, j=interpreted, Vv=VM code, C=native code)
V  [jvm.dll+0x31667a]


Current CompileTask:
C2:   2559  895       4       java.util.TreeMap::put (247 bytes)


---------------  P R O C E S S  ---------------

Java Threads: ( => current thread )
  0x0000000016496800 JavaThread "pool-2-thread-4" [_thread_in_Java, id=58352, stack(0x0000000016a40000,0x0000000016b40000)]
  0x0000000016489800 JavaThread "pool-2-thread-3" [_thread_blocked, id=52952, stack(0x0000000016940000,0x0000000016a40000)]
  0x0000000016461000 JavaThread "pool-2-thread-2" [_thread_blocked, id=59316, stack(0x0000000016840000,0x0000000016940000)]
  0x000000001637e000 JavaThread "pool-3-thread-1" [_thread_blocked, id=59728, stack(0x0000000016740000,0x0000000016840000)]
  0x000000001637d800 JavaThread "pool-2-thread-1" [_thread_blocked, id=49284, stack(0x0000000016640000,0x0000000016740000)]
  0x0000000014847000 JavaThread "Service Thread" daemon [_thread_blocked, id=59084, stack(0x0000000016040000,0x0000000016140000)]
  0x0000000014840000 JavaThread "C1 CompilerThread2" daemon [_thread_in_native, id=53400, stack(0x0000000015f40000,0x0000000016040000)]
=>0x00000000147f1000 JavaThread "C2 CompilerThread1" daemon [_thread_in_native, id=59684, stack(0x0000000015e40000,0x0000000015f40000)]
  0x00000000147ec000 JavaThread "C2 CompilerThread0" daemon [_thread_blocked, id=60296, stack(0x0000000015d40000,0x0000000015e40000)]
  0x00000000147ea800 JavaThread "Attach Listener" daemon [_thread_blocked, id=54280, stack(0x0000000015c40000,0x0000000015d40000)]
  0x00000000147e9800 JavaThread "Signal Dispatcher" daemon [_thread_blocked, id=46396, stack(0x0000000015b40000,0x0000000015c40000)]
  0x0000000002110800 JavaThread "Finalizer" daemon [_thread_blocked, id=60168, stack(0x0000000015a40000,0x0000000015b40000)]
  0x000000000210d000 JavaThread "Reference Handler" daemon [_thread_blocked, id=56948, stack(0x0000000015940000,0x0000000015a40000)]
  0x0000000001f1e000 JavaThread "main" [_thread_blocked, id=49036, stack(0x0000000001f20000,0x0000000002020000)]

Other Threads:
  0x00000000147b6800 VMThread [stack: 0x0000000015840000,0x0000000015940000] [id=55120]
  0x0000000014849800 WatcherThread [stack: 0x0000000016140000,0x0000000016240000] [id=48796]

VM state:not at safepoint (normal execution)

VM Mutex/Monitor currently owned by a thread: None

Heap:
 PSYoungGen      total 18944K, used 5797K [0x00000000eab00000, 0x00000000ec000000, 0x0000000100000000)
  eden space 16384K, 19% used [0x00000000eab00000,0x00000000eae2bb90,0x00000000ebb00000)
  from space 2560K, 99% used [0x00000000ebb00000,0x00000000ebd7dae8,0x00000000ebd80000)
  to   space 2560K, 0% used [0x00000000ebd80000,0x00000000ebd80000,0x00000000ec000000)
 ParOldGen       total 44032K, used 2056K [0x00000000c0000000, 0x00000000c2b00000, 0x00000000eab00000)
  object space 44032K, 4% used [0x00000000c0000000,0x00000000c0202368,0x00000000c2b00000)
 Metaspace       used 5695K, capacity 6768K, committed 7040K, reserved 1056768K
  class space    used 579K, capacity 616K, committed 640K, reserved 1048576K

Card table byte_map: [0x00000000114e0000,0x00000000116f0000] byte_map_base: 0x0000000010ee0000

Marking Bits: (ParMarkBitMap*) 0x000000007333d490
 Begin Bits: [0x0000000011c50000, 0x0000000012c50000)
 End Bits:   [0x0000000012c50000, 0x0000000013c50000)

Polling page: 0x0000000001eb0000

CodeCache: size=245760Kb used=3489Kb max_used=3489Kb free=242270Kb
 bounds [0x0000000002120000, 0x0000000002490000, 0x0000000011120000]
 total_blobs=1144 nmethods=879 adapters=177
 compilation: enabled

Compilation events (10 events):
Event: 2.520 Thread 0x00000000147f1000 nmethod 883 0x00000000024555d0 code [0x0000000002455720, 0x0000000002455958]
Event: 2.520 Thread 0x00000000147f1000  886       4       com.android.dx.util.FixedSizeList::equals (41 bytes)
Event: 2.524 Thread 0x00000000147ec000 nmethod 887 0x0000000002454f90 code [0x00000000024550e0, 0x0000000002455358]
Event: 2.524 Thread 0x00000000147ec000  889       4       com.android.dx.util.LabeledList::addLabelIndex (43 bytes)
Event: 2.526 Thread 0x00000000147f1000 nmethod 886 0x000000000245fcd0 code [0x000000000245fe40, 0x0000000002460178]
Event: 2.526 Thread 0x00000000147f1000  888  s    4       java.util.Vector::elementAt (48 bytes)
Event: 2.527 Thread 0x00000000147f1000 nmethod 888 0x000000000245f7d0 code [0x000000000245f920, 0x000000000245fb98]
Event: 2.528 Thread 0x00000000147f1000  890       4       com.android.dx.util.MutabilityControl::throwIfMutable (18 bytes)
Event: 2.528 Thread 0x00000000147f1000 nmethod 890 0x000000000245b850 code [0x000000000245b980, 0x000000000245b9f8]
Event: 2.528 Thread 0x00000000147f1000  895       4       java.util.TreeMap::put (247 bytes)

GC Heap History (2 events):
Event: 2.205 GC heap before
{Heap before GC invocations=1 (full 0):
 PSYoungGen      total 18944K, used 16384K [0x00000000eab00000, 0x00000000ec000000, 0x0000000100000000)
  eden space 16384K, 100% used [0x00000000eab00000,0x00000000ebb00000,0x00000000ebb00000)
  from space 2560K, 0% used [0x00000000ebd80000,0x00000000ebd80000,0x00000000ec000000)
  to   space 2560K, 0% used [0x00000000ebb00000,0x00000000ebb00000,0x00000000ebd80000)
 ParOldGen       total 44032K, used 0K [0x00000000c0000000, 0x00000000c2b00000, 0x00000000eab00000)
  object space 44032K, 0% used [0x00000000c0000000,0x00000000c0000000,0x00000000c2b00000)
 Metaspace       used 5650K, capacity 6704K, committed 6784K, reserved 1056768K
  class space    used 578K, capacity 616K, committed 640K, reserved 1048576K
Event: 2.451 GC heap after
Heap after GC invocations=1 (full 0):
 PSYoungGen      total 18944K, used 2550K [0x00000000eab00000, 0x00000000ec000000, 0x0000000100000000)
  eden space 16384K, 0% used [0x00000000eab00000,0x00000000eab00000,0x00000000ebb00000)
  from space 2560K, 99% used [0x00000000ebb00000,0x00000000ebd7dae8,0x00000000ebd80000)
  to   space 2560K, 0% used [0x00000000ebd80000,0x00000000ebd80000,0x00000000ec000000)
 ParOldGen       total 44032K, used 2056K [0x00000000c0000000, 0x00000000c2b00000, 0x00000000eab00000)
  object space 44032K, 4% used [0x00000000c0000000,0x00000000c0202368,0x00000000c2b00000)
 Metaspace       used 5650K, capacity 6704K, committed 6784K, reserved 1056768K
  class space    used 578K, capacity 616K, committed 640K, reserved 1048576K
}

Deoptimization events (9 events):
Event: 0.911 Thread 0x0000000016461000 Uncommon trap: reason=class_check action=maybe_recompile pc=0x00000000022de3c8 method=com.android.dx.rop.cst.Constant.compareTo(Ljava/lang/Object;)I @ 2
Event: 0.912 Thread 0x0000000016461000 Uncommon trap: reason=class_check action=maybe_recompile pc=0x00000000022de3c8 method=com.android.dx.rop.cst.Constant.compareTo(Ljava/lang/Object;)I @ 2
Event: 0.912 Thread 0x0000000016461000 Uncommon trap: reason=class_check action=maybe_recompile pc=0x00000000022de3c8 method=com.android.dx.rop.cst.Constant.compareTo(Ljava/lang/Object;)I @ 2
Event: 0.912 Thread 0x0000000016461000 Uncommon trap: reason=class_check action=maybe_recompile pc=0x00000000022de3c8 method=com.android.dx.rop.cst.Constant.compareTo(Ljava/lang/Object;)I @ 2
Event: 1.112 Thread 0x0000000016489800 Uncommon trap: reason=speculate_class_check action=maybe_recompile pc=0x00000000022f4464 method=com.android.dx.rop.cst.Constant.compareTo(Lcom/android/dx/rop/cst/Constant;)I @ 29
Event: 1.112 Thread 0x0000000016489800 Uncommon trap: reason=speculate_class_check action=maybe_recompile pc=0x00000000022f4464 method=com.android.dx.rop.cst.Constant.compareTo(Lcom/android/dx/rop/cst/Constant;)I @ 29
Event: 1.112 Thread 0x0000000016489800 Uncommon trap: reason=speculate_class_check action=maybe_recompile pc=0x00000000022f4464 method=com.android.dx.rop.cst.Constant.compareTo(Lcom/android/dx/rop/cst/Constant;)I @ 29
Event: 1.112 Thread 0x0000000016489800 Uncommon trap: reason=speculate_class_check action=maybe_recompile pc=0x00000000022f4464 method=com.android.dx.rop.cst.Constant.compareTo(Lcom/android/dx/rop/cst/Constant;)I @ 29
Event: 1.714 Thread 0x0000000001f1e000 Uncommon trap: reason=unreached action=reinterpret pc=0x000000000243ae24 method=java.util.HashMap.putVal(ILjava/lang/Object;Ljava/lang/Object;ZZ)Ljava/lang/Object; @ 193

Internal exceptions (10 events):
Event: 1.477 Thread 0x000000001637d800 Exception <a 'java/security/PrivilegedActionException'> (0x00000000eb4f1958) thrown at [D:\re\workspace\8-2-build-windows-amd64-cygwin\jdk8u25\1677\hotspot\src\share\vm\prims\jvm.cpp, line 1312]
Event: 1.478 Thread 0x000000001637d800 Exception <a 'java/security/PrivilegedActionException'> (0x00000000eb4f7bc0) thrown at [D:\re\workspace\8-2-build-windows-amd64-cygwin\jdk8u25\1677\hotspot\src\share\vm\prims\jvm.cpp, line 1312]
Event: 1.478 Thread 0x000000001637d800 Exception <a 'java/security/PrivilegedActionException'> (0x00000000eb4fc2a8) thrown at [D:\re\workspace\8-2-build-windows-amd64-cygwin\jdk8u25\1677\hotspot\src\share\vm\prims\jvm.cpp, line 1312]
Event: 1.479 Thread 0x000000001637d800 Exception <a 'java/security/PrivilegedActionException'> (0x00000000eb501ce0) thrown at [D:\re\workspace\8-2-build-windows-amd64-cygwin\jdk8u25\1677\hotspot\src\share\vm\prims\jvm.cpp, line 1312]
Event: 1.480 Thread 0x000000001637d800 Exception <a 'java/security/PrivilegedActionException'> (0x00000000eb59c9a0) thrown at [D:\re\workspace\8-2-build-windows-amd64-cygwin\jdk8u25\1677\hotspot\src\share\vm\prims\jvm.cpp, line 1312]
Event: 1.481 Thread 0x000000001637d800 Exception <a 'java/security/PrivilegedActionException'> (0x00000000eb5a1e38) thrown at [D:\re\workspace\8-2-build-windows-amd64-cygwin\jdk8u25\1677\hotspot\src\share\vm\prims\jvm.cpp, line 1312]
Event: 1.482 Thread 0x000000001637d800 Exception <a 'java/security/PrivilegedActionException'> (0x00000000eb5a4e40) thrown at [D:\re\workspace\8-2-build-windows-amd64-cygwin\jdk8u25\1677\hotspot\src\share\vm\prims\jvm.cpp, line 1312]
Event: 1.482 Thread 0x000000001637d800 Exception <a 'java/security/PrivilegedActionException'> (0x00000000eb5a8730) thrown at [D:\re\workspace\8-2-build-windows-amd64-cygwin\jdk8u25\1677\hotspot\src\share\vm\prims\jvm.cpp, line 1312]
Event: 1.495 Thread 0x0000000001f1e000 Exception <a 'java/security/PrivilegedActionException'> (0x00000000eb646838) thrown at [D:\re\workspace\8-2-build-windows-amd64-cygwin\jdk8u25\1677\hotspot\src\share\vm\prims\jvm.cpp, line 1312]
Event: 1.502 Thread 0x0000000016489800 Exception <a 'java/security/PrivilegedActionException'> (0x00000000eb6170c8) thrown at [D:\re\workspace\8-2-build-windows-amd64-cygwin\jdk8u25\1677\hotspot\src\share\vm\prims\jvm.cpp, line 1312]

Events (10 events):
Event: 1.505 loading class java/util/DualPivotQuicksort done
Event: 1.694 loading class java/util/ArrayList$1
Event: 1.694 loading class java/util/ArrayList$1 done
Event: 1.714 Thread 0x0000000001f1e000 Uncommon trap: trap_request=0xffffffad fr.pc=0x000000000243ae24
Event: 1.714 Thread 0x0000000001f1e000 DEOPT PACKING pc=0x000000000243ae24 sp=0x000000000201dbe0
Event: 1.714 Thread 0x0000000001f1e000 DEOPT UNPACKING pc=0x000000000216556a sp=0x000000000201da70 mode 2
Event: 1.719 Executing VM operation: ParallelGCFailedAllocation
Event: 2.451 Executing VM operation: ParallelGCFailedAllocation done
Event: 2.455 loading class sun/misc/Cleaner
Event: 2.455 loading class sun/misc/Cleaner done


Dynamic libraries:
0x00007ff690dd0000 - 0x00007ff690e04000 	C:\Program Files\Java\jdk1.8.0_25\bin\java.exe
0x00007fff80c20000 - 0x00007fff80de1000 	C:\WINDOWS\SYSTEM32\ntdll.dll
0x00007fff80400000 - 0x00007fff804ad000 	C:\WINDOWS\system32\KERNEL32.DLL
0x00007fff7d680000 - 0x00007fff7d868000 	C:\WINDOWS\system32\KERNELBASE.dll
0x00007fff80850000 - 0x00007fff808f7000 	C:\WINDOWS\system32\ADVAPI32.dll
0x00007fff801e0000 - 0x00007fff8027d000 	C:\WINDOWS\system32\msvcrt.dll
0x00007fff7ec20000 - 0x00007fff7ec7b000 	C:\WINDOWS\system32\sechost.dll
0x00007fff804b0000 - 0x00007fff805cc000 	C:\WINDOWS\system32\RPCRT4.dll
0x00007fff7e030000 - 0x00007fff7e186000 	C:\WINDOWS\system32\USER32.dll
0x00007fff7e450000 - 0x00007fff7e5d6000 	C:\WINDOWS\system32\GDI32.dll
0x00007fff76200000 - 0x00007fff76474000 	C:\WINDOWS\WinSxS\amd64_microsoft.windows.common-controls_6595b64144ccf1df_6.0.10586.494_none_a2d8b04ea53e3145\COMCTL32.dll
0x00007fff805d0000 - 0x00007fff8084d000 	C:\WINDOWS\system32\combase.dll
0x00007fff7d4f0000 - 0x00007fff7d55a000 	C:\WINDOWS\system32\bcryptPrimitives.dll
0x00007fff80be0000 - 0x00007fff80c1b000 	C:\WINDOWS\system32\IMM32.DLL
0x00000000726a0000 - 0x0000000072772000 	C:\Program Files\Java\jdk1.8.0_25\jre\bin\msvcr100.dll
0x0000000072b60000 - 0x00000000733ba000 	C:\Program Files\Java\jdk1.8.0_25\jre\bin\server\jvm.dll
0x00007fff7e190000 - 0x00007fff7e198000 	C:\WINDOWS\system32\PSAPI.DLL
0x00007fff65bb0000 - 0x00007fff65bb9000 	C:\WINDOWS\SYSTEM32\WSOCK32.dll
0x00007fff7ebb0000 - 0x00007fff7ec1b000 	C:\WINDOWS\system32\WS2_32.dll
0x00007fff7b560000 - 0x00007fff7b583000 	C:\WINDOWS\SYSTEM32\WINMM.dll
0x00007fff7b110000 - 0x00007fff7b13c000 	C:\WINDOWS\SYSTEM32\WINMMBASE.dll
0x00007fff7d4a0000 - 0x00007fff7d4e3000 	C:\WINDOWS\system32\cfgmgr32.dll
0x0000000072b50000 - 0x0000000072b5f000 	C:\Program Files\Java\jdk1.8.0_25\jre\bin\verify.dll
0x0000000072b20000 - 0x0000000072b48000 	C:\Program Files\Java\jdk1.8.0_25\jre\bin\java.dll
0x0000000072b00000 - 0x0000000072b16000 	C:\Program Files\Java\jdk1.8.0_25\jre\bin\zip.dll
0x00007fff7ec80000 - 0x00007fff801dc000 	C:\WINDOWS\system32\SHELL32.dll
0x00007fff7d870000 - 0x00007fff7deb5000 	C:\WINDOWS\system32\windows.storage.dll
0x00007fff80b80000 - 0x00007fff80bd2000 	C:\WINDOWS\system32\shlwapi.dll
0x00007fff7d2c0000 - 0x00007fff7d2cf000 	C:\WINDOWS\system32\kernel.appcore.dll
0x00007fff7d5c0000 - 0x00007fff7d675000 	C:\WINDOWS\system32\shcore.dll
0x00007fff7d270000 - 0x00007fff7d2bb000 	C:\WINDOWS\system32\powrprof.dll
0x00007fff7d240000 - 0x00007fff7d254000 	C:\WINDOWS\system32\profapi.dll

VM Arguments:
jvm_args: -Djava.awt.headless=true -Xmx1024M -Dfile.encoding=windows-1252 -Duser.country=FR -Duser.language=fr -Duser.variant 
java_command: com.android.dx.command.Main --dex --force-jumbo --num-threads=4 --multi-dex --output C:\Users\Famille\AndroidStudioProjects\Niviel\app\build\intermediates\transforms\dex\debug\folders\1000\5\slice_0 C:\Users\Famille\AndroidStudioProjects\Niviel\app\build\intermediates\transforms\instantRunSlicer\debug\folders\1\5\slice_0
java_class_path (initial): C:\Users\Famille\AppData\Local\Android\sdk\build-tools\23.0.2\lib\dx.jar
Launcher Type: SUN_STANDARD

Environment Variables:
JAVA_HOME=C:\Program Files\Java\jdk1.8.0_25
PATH=C:\Program Files\Broadcom\Broadcom 802.11 Network Adapter;;C:\Program Files\Broadcom\Broadcom 802.11;C:\ProgramData\Oracle\Java\javapath;C:\Program Files (x86)\Intel\iCLS Client\;C:\Program Files\Intel\iCLS Client\;C:\Windows\system32;C:\Windows;C:\Windows\System32\Wbem;C:\Windows\System32\WindowsPowerShell\v1.0\;C:\Program Files\Hewlett-Packard\SimplePass\;C:\wamp\bin\php\php5.5.12;C:\Python27;C:\Users\Famille\AppData\Roaming\npm\;C:\Program Files\nodejs\;C:\Program Files\Git\cmd;C:\Program Files (x86)\Brackets\command;C:\Program Files (x86)\Ant\bin;C:\Program Files (x86)\Maven\bin;C:\Program Files (x86)\Intel\Intel(R) Management Engine Components\DAL;C:\Program Files\Intel\Intel(R) Management Engine Components\DAL;C:\Program Files (x86)\Intel\Intel(R) Management Engine Components\IPT;C:\Program Files\Intel\Intel(R) Management Engine Components\IPT;C:\Users\Famille\AppData\Local\atom\bin;C:\Users\Famille\AppData\Roaming\npm
USERNAME=de Lachaux
OS=Windows_NT
PROCESSOR_IDENTIFIER=Intel64 Family 6 Model 69 Stepping 1, GenuineIntel



---------------  S Y S T E M  ---------------

OS: Windows 8.1 , 64 bit Build 9600 

CPU:total 4 (2 cores per cpu, 2 threads per core) family 6 model 69 stepping 1, cmov, cx8, fxsr, mmx, sse, sse2, sse3, ssse3, sse4.1, sse4.2, popcnt, avx, avx2, aes, clmul, erms, lzcnt, ht, tsc, tscinvbit, bmi1, bmi2

Memory: 4k page, physical 4122776k(354404k free), swap 5555352k(116k free)

vm_info: Java HotSpot(TM) 64-Bit Server VM (25.25-b02) for windows-amd64 JRE (1.8.0_25-b18), built on Oct  7 2014 14:25:37 by "java_re" with MS VC++ 10.0 (VS2010)

time: Thu Aug 25 18:25:12 2016
elapsed time: 2 seconds (0d 0h 0m 2s)

