#
# There is insufficient memory for the Java Runtime Environment to continue.
# Native memory allocation (malloc) failed to allocate 181232 bytes for Chunk::new
# Possible reasons:
#   The system is out of physical RAM or swap space
#   In 32 bit mode, the process size limit was hit
# Possible solutions:
#   Reduce memory load on the system
#   Increase physical memory or swap space
#   Check if swap backing store is full
#   Use 64 bit Java on a 64 bit OS
#   Decrease Java heap size (-Xmx/-Xms)
#   Decrease number of Java threads
#   Decrease Java thread stack sizes (-Xss)
#   Set larger code cache with -XX:ReservedCodeCacheSize=
# This output file may be truncated or incomplete.
#
#  Out of Memory Error (allocation.cpp:390), pid=16060, tid=17096
#
# JRE version: Java(TM) SE Runtime Environment (8.0_25-b18) (build 1.8.0_25-b18)
# Java VM: Java HotSpot(TM) 64-Bit Server VM (25.25-b02 mixed mode windows-amd64 compressed oops)
# Failed to write core dump. Minidumps are not enabled by default on client versions of Windows
#

---------------  T H R E A D  ---------------

Current thread (0x00000000153bf000):  JavaThread "C2 CompilerThread1" daemon [_thread_in_native, id=17096, stack(0x00000000169e0000,0x0000000016ae0000)]

Stack: [0x00000000169e0000,0x0000000016ae0000]
Native frames: (J=compiled Java code, j=interpreted, Vv=VM code, C=native code)
V  [jvm.dll+0x31667a]
V  [jvm.dll+0x267073]
V  [jvm.dll+0x267cb3]
V  [jvm.dll+0x25f5b5]
V  [jvm.dll+0xbf165]
V  [jvm.dll+0xbf60c]
V  [jvm.dll+0x479017]
V  [jvm.dll+0x4463eb]
V  [jvm.dll+0x45130e]
V  [jvm.dll+0x4538f8]
V  [jvm.dll+0x437372]
V  [jvm.dll+0x98a02]
V  [jvm.dll+0x991f3]
V  [jvm.dll+0x22bde4]
V  [jvm.dll+0x2852fa]
C  [msvcr100.dll+0x21d9f]
C  [msvcr100.dll+0x21e3b]
C  [KERNEL32.DLL+0x18102]
C  [ntdll.dll+0x5c5b4]


Current CompileTask:
C2:  26722 2244       4       java.util.Arrays::sort (47 bytes)


---------------  P R O C E S S  ---------------

Java Threads: ( => current thread )
  0x0000000017102800 JavaThread "pool-1-thread-1" [_thread_in_Java, id=13608, stack(0x000000001a030000,0x000000001a130000)]
  0x00000000153c3800 JavaThread "Service Thread" daemon [_thread_blocked, id=17252, stack(0x0000000016be0000,0x0000000016ce0000)]
  0x00000000153c0000 JavaThread "C1 CompilerThread2" daemon [_thread_blocked, id=16564, stack(0x0000000016ae0000,0x0000000016be0000)]
=>0x00000000153bf000 JavaThread "C2 CompilerThread1" daemon [_thread_in_native, id=17096, stack(0x00000000169e0000,0x0000000016ae0000)]
  0x000000001536c000 JavaThread "C2 CompilerThread0" daemon [_thread_in_native, id=16840, stack(0x00000000168e0000,0x00000000169e0000)]
  0x000000001536a800 JavaThread "Attach Listener" daemon [_thread_blocked, id=16136, stack(0x00000000167e0000,0x00000000168e0000)]
  0x0000000015369800 JavaThread "Signal Dispatcher" daemon [_thread_blocked, id=17104, stack(0x00000000166e0000,0x00000000167e0000)]
  0x0000000002c90800 JavaThread "Finalizer" daemon [_thread_blocked, id=17296, stack(0x00000000165e0000,0x00000000166e0000)]
  0x0000000002c8d000 JavaThread "Reference Handler" daemon [_thread_blocked, id=14440, stack(0x00000000164e0000,0x00000000165e0000)]
  0x0000000002a4e000 JavaThread "main" [_thread_blocked, id=16580, stack(0x0000000002a50000,0x0000000002b50000)]

Other Threads:
  0x0000000015336800 VMThread [stack: 0x00000000163e0000,0x00000000164e0000] [id=11976]
  0x00000000153c6800 WatcherThread [stack: 0x0000000016ce0000,0x0000000016de0000] [id=15468]

VM state:not at safepoint (normal execution)

VM Mutex/Monitor currently owned by a thread: None

Heap:
 PSYoungGen      total 208896K, used 90777K [0x00000000eab00000, 0x00000000fdd80000, 0x0000000100000000)
  eden space 181760K, 35% used [0x00000000eab00000,0x00000000ee945ae8,0x00000000f5c80000)
  from space 27136K, 99% used [0x00000000fc300000,0x00000000fdd60c58,0x00000000fdd80000)
  to   space 33280K, 0% used [0x00000000f9c80000,0x00000000f9c80000,0x00000000fbd00000)
 ParOldGen       total 86528K, used 43917K [0x00000000c0000000, 0x00000000c5480000, 0x00000000eab00000)
  object space 86528K, 50% used [0x00000000c0000000,0x00000000c2ae3518,0x00000000c5480000)
 Metaspace       used 6568K, capacity 7320K, committed 7680K, reserved 1056768K
  class space    used 620K, capacity 656K, committed 768K, reserved 1048576K

Card table byte_map: [0x0000000012060000,0x0000000012270000] byte_map_base: 0x0000000011a60000

Marking Bits: (ParMarkBitMap*) 0x0000000064a2d490
 Begin Bits: [0x00000000127d0000, 0x00000000137d0000)
 End Bits:   [0x00000000137d0000, 0x00000000147d0000)

Polling page: 0x00000000029e0000

CodeCache: size=245760Kb used=9786Kb max_used=9786Kb free=235973Kb
 bounds [0x0000000002ca0000, 0x0000000003640000, 0x0000000011ca0000]
 total_blobs=2452 nmethods=2187 adapters=178
 compilation: enabled

Compilation events (10 events):
Event: 26.210 Thread 0x00000000153c0000 2255       3       com.android.dx.dex.file.ClassDataItem::addContents (207 bytes)
Event: 26.211 Thread 0x00000000153bf000 nmethod 2241 0x0000000003619cd0 code [0x0000000003619e60, 0x000000000361a708]
Event: 26.211 Thread 0x00000000153bf000 2246       4       com.android.dx.rop.type.Prototype::compareTo (120 bytes)
Event: 26.213 Thread 0x00000000153c0000 nmethod 2255 0x000000000361ae10 code [0x000000000361b240, 0x000000000361db38]
Event: 26.218 Thread 0x00000000153bf000 nmethod 2246 0x000000000361ed50 code [0x000000000361eec0, 0x000000000361f3d8]
Event: 26.218 Thread 0x00000000153bf000 2253  s    4       com.android.dx.dex.file.MethodIdsSection::intern (55 bytes)
Event: 26.244 Thread 0x00000000153bf000 nmethod 2253 0x0000000003621f50 code [0x0000000003622120, 0x00000000036230a8]
Event: 26.244 Thread 0x00000000153bf000 2256       4       com.android.dx.dex.file.EncodedMethod::compareTo (9 bytes)
Event: 26.258 Thread 0x00000000153bf000 nmethod 2256 0x0000000003620590 code [0x0000000003620720, 0x0000000003620f98]
Event: 26.259 Thread 0x00000000153bf000 2244       4       java.util.Arrays::sort (47 bytes)

GC Heap History (10 events):
Event: 11.262 GC heap before
{Heap before GC invocations=5 (full 0):
 PSYoungGen      total 68096K, used 68073K [0x00000000eab00000, 0x00000000ef000000, 0x0000000100000000)
  eden space 65536K, 100% used [0x00000000eab00000,0x00000000eeb00000,0x00000000eeb00000)
  from space 2560K, 99% used [0x00000000eed80000,0x00000000eeffa648,0x00000000ef000000)
  to   space 2560K, 0% used [0x00000000eeb00000,0x00000000eeb00000,0x00000000eed80000)
 ParOldGen       total 44032K, used 13062K [0x00000000c0000000, 0x00000000c2b00000, 0x00000000eab00000)
  object space 44032K, 29% used [0x00000000c0000000,0x00000000c0cc1970,0x00000000c2b00000)
 Metaspace       used 6236K, capacity 7152K, committed 7296K, reserved 1056768K
  class space    used 594K, capacity 616K, committed 640K, reserved 1048576K
Event: 11.292 GC heap after
Heap after GC invocations=5 (full 0):
 PSYoungGen      total 68096K, used 2553K [0x00000000eab00000, 0x00000000f4900000, 0x0000000100000000)
  eden space 65536K, 0% used [0x00000000eab00000,0x00000000eab00000,0x00000000eeb00000)
  from space 2560K, 99% used [0x00000000eeb00000,0x00000000eed7e648,0x00000000eed80000)
  to   space 15360K, 0% used [0x00000000f3a00000,0x00000000f3a00000,0x00000000f4900000)
 ParOldGen       total 44032K, used 23264K [0x00000000c0000000, 0x00000000c2b00000, 0x00000000eab00000)
  object space 44032K, 52% used [0x00000000c0000000,0x00000000c16b82b0,0x00000000c2b00000)
 Metaspace       used 6236K, capacity 7152K, committed 7296K, reserved 1056768K
  class space    used 594K, capacity 616K, committed 640K, reserved 1048576K
}
Event: 12.252 GC heap before
{Heap before GC invocations=6 (full 0):
 PSYoungGen      total 68096K, used 68089K [0x00000000eab00000, 0x00000000f4900000, 0x0000000100000000)
  eden space 65536K, 100% used [0x00000000eab00000,0x00000000eeb00000,0x00000000eeb00000)
  from space 2560K, 99% used [0x00000000eeb00000,0x00000000eed7e648,0x00000000eed80000)
  to   space 15360K, 0% used [0x00000000f3a00000,0x00000000f3a00000,0x00000000f4900000)
 ParOldGen       total 44032K, used 23264K [0x00000000c0000000, 0x00000000c2b00000, 0x00000000eab00000)
  object space 44032K, 52% used [0x00000000c0000000,0x00000000c16b82b0,0x00000000c2b00000)
 Metaspace       used 6336K, capacity 7216K, committed 7296K, reserved 1056768K
  class space    used 594K, capacity 616K, committed 640K, reserved 1048576K
Event: 12.333 GC heap after
Heap after GC invocations=6 (full 0):
 PSYoungGen      total 144384K, used 13124K [0x00000000eab00000, 0x00000000f4d00000, 0x0000000100000000)
  eden space 129024K, 0% used [0x00000000eab00000,0x00000000eab00000,0x00000000f2900000)
  from space 15360K, 85% used [0x00000000f3a00000,0x00000000f46d1330,0x00000000f4900000)
  to   space 17408K, 0% used [0x00000000f2900000,0x00000000f2900000,0x00000000f3a00000)
 ParOldGen       total 44032K, used 23264K [0x00000000c0000000, 0x00000000c2b00000, 0x00000000eab00000)
  object space 44032K, 52% used [0x00000000c0000000,0x00000000c16b82b0,0x00000000c2b00000)
 Metaspace       used 6336K, capacity 7216K, committed 7296K, reserved 1056768K
  class space    used 594K, capacity 616K, committed 640K, reserved 1048576K
}
Event: 14.212 GC heap before
{Heap before GC invocations=7 (full 0):
 PSYoungGen      total 144384K, used 142148K [0x00000000eab00000, 0x00000000f4d00000, 0x0000000100000000)
  eden space 129024K, 100% used [0x00000000eab00000,0x00000000f2900000,0x00000000f2900000)
  from space 15360K, 85% used [0x00000000f3a00000,0x00000000f46d1330,0x00000000f4900000)
  to   space 17408K, 0% used [0x00000000f2900000,0x00000000f2900000,0x00000000f3a00000)
 ParOldGen       total 44032K, used 23264K [0x00000000c0000000, 0x00000000c2b00000, 0x00000000eab00000)
  object space 44032K, 52% used [0x00000000c0000000,0x00000000c16b82b0,0x00000000c2b00000)
 Metaspace       used 6462K, capacity 7256K, committed 7424K, reserved 1056768K
  class space    used 614K, capacity 656K, committed 768K, reserved 1048576K
Event: 14.735 GC heap after
Heap after GC invocations=7 (full 0):
 PSYoungGen      total 146432K, used 17378K [0x00000000eab00000, 0x00000000fdf00000, 0x0000000100000000)
  eden space 129024K, 0% used [0x00000000eab00000,0x00000000eab00000,0x00000000f2900000)
  from space 17408K, 99% used [0x00000000f2900000,0x00000000f39f8800,0x00000000f3a00000)
  to   space 28672K, 0% used [0x00000000fc300000,0x00000000fc300000,0x00000000fdf00000)
 ParOldGen       total 44032K, used 38255K [0x00000000c0000000, 0x00000000c2b00000, 0x00000000eab00000)
  object space 44032K, 86% used [0x00000000c0000000,0x00000000c255bc80,0x00000000c2b00000)
 Metaspace       used 6462K, capacity 7256K, committed 7424K, reserved 1056768K
  class space    used 614K, capacity 656K, committed 768K, reserved 1048576K
}
Event: 14.735 GC heap before
{Heap before GC invocations=8 (full 1):
 PSYoungGen      total 146432K, used 17378K [0x00000000eab00000, 0x00000000fdf00000, 0x0000000100000000)
  eden space 129024K, 0% used [0x00000000eab00000,0x00000000eab00000,0x00000000f2900000)
  from space 17408K, 99% used [0x00000000f2900000,0x00000000f39f8800,0x00000000f3a00000)
  to   space 28672K, 0% used [0x00000000fc300000,0x00000000fc300000,0x00000000fdf00000)
 ParOldGen       total 44032K, used 38255K [0x00000000c0000000, 0x00000000c2b00000, 0x00000000eab00000)
  object space 44032K, 86% used [0x00000000c0000000,0x00000000c255bc80,0x00000000c2b00000)
 Metaspace       used 6462K, capacity 7256K, committed 7424K, reserved 1056768K
  class space    used 614K, capacity 656K, committed 768K, reserved 1048576K
Event: 17.912 GC heap after
Heap after GC invocations=8 (full 1):
 PSYoungGen      total 146432K, used 7537K [0x00000000eab00000, 0x00000000fdf00000, 0x0000000100000000)
  eden space 129024K, 0% used [0x00000000eab00000,0x00000000eab00000,0x00000000f2900000)
  from space 17408K, 43% used [0x00000000f2900000,0x00000000f305c678,0x00000000f3a00000)
  to   space 28672K, 0% used [0x00000000fc300000,0x00000000fc300000,0x00000000fdf00000)
 ParOldGen       total 86528K, used 43885K [0x00000000c0000000, 0x00000000c5480000, 0x00000000eab00000)
  object space 86528K, 50% used [0x00000000c0000000,0x00000000c2adb518,0x00000000c5480000)
 Metaspace       used 6462K, capacity 7256K, committed 7424K, reserved 1056768K
  class space    used 614K, capacity 656K, committed 768K, reserved 1048576K
}
Event: 21.011 GC heap before
{Heap before GC invocations=9 (full 1):
 PSYoungGen      total 146432K, used 136561K [0x00000000eab00000, 0x00000000fdf00000, 0x0000000100000000)
  eden space 129024K, 100% used [0x00000000eab00000,0x00000000f2900000,0x00000000f2900000)
  from space 17408K, 43% used [0x00000000f2900000,0x00000000f305c678,0x00000000f3a00000)
  to   space 28672K, 0% used [0x00000000fc300000,0x00000000fc300000,0x00000000fdf00000)
 ParOldGen       total 86528K, used 43885K [0x00000000c0000000, 0x00000000c5480000, 0x00000000eab00000)
  object space 86528K, 50% used [0x00000000c0000000,0x00000000c2adb518,0x00000000c5480000)
 Metaspace       used 6470K, capacity 7256K, committed 7424K, reserved 1056768K
  class space    used 614K, capacity 656K, committed 768K, reserved 1048576K
Event: 22.220 GC heap after
Heap after GC invocations=9 (full 1):
 PSYoungGen      total 208896K, used 27011K [0x00000000eab00000, 0x00000000fdd80000, 0x0000000100000000)
  eden space 181760K, 0% used [0x00000000eab00000,0x00000000eab00000,0x00000000f5c80000)
  from space 27136K, 99% used [0x00000000fc300000,0x00000000fdd60c58,0x00000000fdd80000)
  to   space 33280K, 0% used [0x00000000f9c80000,0x00000000f9c80000,0x00000000fbd00000)
 ParOldGen       total 86528K, used 43917K [0x00000000c0000000, 0x00000000c5480000, 0x00000000eab00000)
  object space 86528K, 50% used [0x00000000c0000000,0x00000000c2ae3518,0x00000000c5480000)
 Metaspace       used 6470K, capacity 7256K, committed 7424K, reserved 1056768K
  class space    used 614K, capacity 656K, committed 768K, reserved 1048576K
}

Deoptimization events (10 events):
Event: 17.939 Thread 0x0000000017122000 Uncommon trap: reason=class_check action=maybe_recompile pc=0x00000000035179cc method=com.android.dx.cf.code.BytecodeArray.parseInstruction(ILcom/android/dx/cf/code/BytecodeArray$Visitor;)I @ 1807
Event: 17.946 Thread 0x00000000171b7000 Uncommon trap: reason=class_check action=maybe_recompile pc=0x00000000035179cc method=com.android.dx.cf.code.BytecodeArray.parseInstruction(ILcom/android/dx/cf/code/BytecodeArray$Visitor;)I @ 1807
Event: 20.314 Thread 0x0000000002a4e000 Uncommon trap: reason=bimorphic action=maybe_recompile pc=0x0000000003559fdc method=com.android.dx.cf.code.BytecodeArray.parseInstruction(ILcom/android/dx/cf/code/BytecodeArray$Visitor;)I @ 1287
Event: 20.314 Thread 0x0000000002a4e000 Uncommon trap: reason=bimorphic action=maybe_recompile pc=0x0000000003559fdc method=com.android.dx.cf.code.BytecodeArray.parseInstruction(ILcom/android/dx/cf/code/BytecodeArray$Visitor;)I @ 1287
Event: 20.493 Thread 0x0000000017122000 Uncommon trap: reason=unreached action=reinterpret pc=0x0000000003308c10 method=java.util.HashMap.resize()[Ljava/util/HashMap$Node; @ 206
Event: 26.156 Thread 0x0000000017102800 Uncommon trap: reason=class_check action=maybe_recompile pc=0x00000000031d71a4 method=java.util.Arrays.hashCode([Ljava/lang/Object;)I @ 43
Event: 26.156 Thread 0x0000000017102800 Uncommon trap: reason=class_check action=maybe_recompile pc=0x00000000031d71a4 method=java.util.Arrays.hashCode([Ljava/lang/Object;)I @ 43
Event: 26.156 Thread 0x0000000017102800 Uncommon trap: reason=class_check action=maybe_recompile pc=0x00000000031d71a4 method=java.util.Arrays.hashCode([Ljava/lang/Object;)I @ 43
Event: 26.156 Thread 0x0000000017102800 Uncommon trap: reason=class_check action=maybe_recompile pc=0x00000000031d71a4 method=java.util.Arrays.hashCode([Ljava/lang/Object;)I @ 43
Event: 26.157 Thread 0x0000000017102800 Uncommon trap: reason=class_check action=maybe_recompile pc=0x00000000031cffc8 method=java.util.Arrays.hashCode([Ljava/lang/Object;)I @ 43

Internal exceptions (10 events):
Event: 8.961 Thread 0x00000000171d5000 Exception <a 'java/security/PrivilegedActionException'> (0x00000000eb38f020) thrown at [D:\re\workspace\8-2-build-windows-amd64-cygwin\jdk8u25\1677\hotspot\src\share\vm\prims\jvm.cpp, line 1312]
Event: 9.965 Thread 0x00000000171b7000 Implicit null exception at 0x00000000032da639 to 0x00000000032dc21d
Event: 10.018 Thread 0x0000000002a4e000 Exception <a 'java/security/PrivilegedActionException'> (0x00000000eb8475c0) thrown at [D:\re\workspace\8-2-build-windows-amd64-cygwin\jdk8u25\1677\hotspot\src\share\vm\prims\jvm.cpp, line 1312]
Event: 10.647 Thread 0x0000000002a4e000 Exception <a 'java/security/PrivilegedActionException'> (0x00000000ec0130e0) thrown at [D:\re\workspace\8-2-build-windows-amd64-cygwin\jdk8u25\1677\hotspot\src\share\vm\prims\jvm.cpp, line 1312]
Event: 12.487 Thread 0x00000000171b7000 Implicit null exception at 0x0000000003340e65 to 0x00000000033424f9
Event: 13.184 Thread 0x0000000017122000 Exception <a 'java/lang/ArrayIndexOutOfBoundsException': 18> (0x00000000ed8a3240) thrown at [D:\re\workspace\8-2-build-windows-amd64-cygwin\jdk8u25\1677\hotspot\src\share\vm\interpreter\interpreterRuntime.cpp, line 366]
Event: 13.185 Thread 0x0000000017122000 Exception <a 'java/lang/ArrayIndexOutOfBoundsException'> (0x00000000ed8a4cd8) thrown at [D:\re\workspace\8-2-build-windows-amd64-cygwin\jdk8u25\1677\hotspot\src\share\vm\runtime\sharedRuntime.cpp, line 604]
Event: 13.186 Thread 0x0000000017122000 Exception <a 'java/lang/ArrayIndexOutOfBoundsException'> (0x00000000ed8a5ef0) thrown at [D:\re\workspace\8-2-build-windows-amd64-cygwin\jdk8u25\1677\hotspot\src\share\vm\runtime\sharedRuntime.cpp, line 604]
Event: 24.863 Thread 0x0000000002a4e000 Exception <a 'java/security/PrivilegedActionException'> (0x00000000ee64def8) thrown at [D:\re\workspace\8-2-build-windows-amd64-cygwin\jdk8u25\1677\hotspot\src\share\vm\prims\jvm.cpp, line 1312]
Event: 26.157 Thread 0x0000000017102800 Exception <a 'java/security/PrivilegedActionException'> (0x00000000ee741230) thrown at [D:\re\workspace\8-2-build-windows-amd64-cygwin\jdk8u25\1677\hotspot\src\share\vm\prims\jvm.cpp, line 1312]

Events (10 events):
Event: 26.156 Thread 0x0000000017102800 DEOPT PACKING pc=0x00000000031d71a4 sp=0x000000001a12ede0
Event: 26.156 Thread 0x0000000017102800 DEOPT UNPACKING pc=0x0000000002ce556a sp=0x000000001a12ed10 mode 2
Event: 26.156 Thread 0x0000000017102800 Uncommon trap: trap_request=0xffffffde fr.pc=0x00000000031d71a4
Event: 26.156 Thread 0x0000000017102800 DEOPT PACKING pc=0x00000000031d71a4 sp=0x000000001a12ed80
Event: 26.156 Thread 0x0000000017102800 DEOPT UNPACKING pc=0x0000000002ce556a sp=0x000000001a12ecb0 mode 2
Event: 26.157 Thread 0x0000000017102800 Uncommon trap: trap_request=0xffffffde fr.pc=0x00000000031cffc8
Event: 26.157 Thread 0x0000000017102800 DEOPT PACKING pc=0x00000000031cffc8 sp=0x000000001a12ea60
Event: 26.157 Thread 0x0000000017102800 DEOPT UNPACKING pc=0x0000000002ce556a sp=0x000000001a12e9e8 mode 2
Event: 26.157 loading class com/android/dx/rop/cst/Zeroes
Event: 26.157 loading class com/android/dx/rop/cst/Zeroes done


Dynamic libraries:
0x00007ff6e16e0000 - 0x00007ff6e1714000 	C:\Program Files\Java\jdk1.8.0_25\bin\java.exe
0x00007ffb51f40000 - 0x00007ffb52101000 	C:\WINDOWS\SYSTEM32\ntdll.dll
0x00007ffb4f840000 - 0x00007ffb4f8ed000 	C:\WINDOWS\system32\KERNEL32.DLL
0x00007ffb4e610000 - 0x00007ffb4e7f8000 	C:\WINDOWS\system32\KERNELBASE.dll
0x00007ffb50750000 - 0x00007ffb507f7000 	C:\WINDOWS\system32\ADVAPI32.dll
0x00007ffb50930000 - 0x00007ffb509cd000 	C:\WINDOWS\system32\msvcrt.dll
0x00007ffb4fa80000 - 0x00007ffb4fadb000 	C:\WINDOWS\system32\sechost.dll
0x00007ffb501f0000 - 0x00007ffb5030c000 	C:\WINDOWS\system32\RPCRT4.dll
0x00007ffb4fec0000 - 0x00007ffb50016000 	C:\WINDOWS\system32\USER32.dll
0x00007ffb4f8f0000 - 0x00007ffb4fa76000 	C:\WINDOWS\system32\GDI32.dll
0x00007ffb48c60000 - 0x00007ffb48ed4000 	C:\WINDOWS\WinSxS\amd64_microsoft.windows.common-controls_6595b64144ccf1df_6.0.10586.0_none_8c15ae12515e1c22\COMCTL32.dll
0x00007ffb4f3a0000 - 0x00007ffb4f61d000 	C:\WINDOWS\system32\combase.dll
0x00007ffb4eb40000 - 0x00007ffb4ebaa000 	C:\WINDOWS\system32\bcryptPrimitives.dll
0x00007ffb4fbb0000 - 0x00007ffb4fbeb000 	C:\WINDOWS\system32\IMM32.DLL
0x0000000063d90000 - 0x0000000063e62000 	C:\Program Files\Java\jdk1.8.0_25\jre\bin\msvcr100.dll
0x0000000064250000 - 0x0000000064aaa000 	C:\Program Files\Java\jdk1.8.0_25\jre\bin\server\jvm.dll
0x00007ffb51f30000 - 0x00007ffb51f38000 	C:\WINDOWS\system32\PSAPI.DLL
0x00007ffb3e7d0000 - 0x00007ffb3e7d9000 	C:\WINDOWS\SYSTEM32\WSOCK32.dll
0x00007ffb4fca0000 - 0x00007ffb4fd0b000 	C:\WINDOWS\system32\WS2_32.dll
0x00007ffb4cb80000 - 0x00007ffb4cba3000 	C:\WINDOWS\SYSTEM32\WINMM.dll
0x00007ffb4c0a0000 - 0x00007ffb4c0cc000 	C:\WINDOWS\SYSTEM32\WINMMBASE.dll
0x00007ffb4ebb0000 - 0x00007ffb4ebf3000 	C:\WINDOWS\system32\cfgmgr32.dll
0x0000000064240000 - 0x000000006424f000 	C:\Program Files\Java\jdk1.8.0_25\jre\bin\verify.dll
0x0000000064210000 - 0x0000000064238000 	C:\Program Files\Java\jdk1.8.0_25\jre\bin\java.dll
0x00000000641f0000 - 0x0000000064206000 	C:\Program Files\Java\jdk1.8.0_25\jre\bin\zip.dll
0x00007ffb509d0000 - 0x00007ffb51f2c000 	C:\WINDOWS\system32\SHELL32.dll
0x00007ffb4ec00000 - 0x00007ffb4f244000 	C:\WINDOWS\system32\windows.storage.dll
0x00007ffb50190000 - 0x00007ffb501e2000 	C:\WINDOWS\system32\shlwapi.dll
0x00007ffb4e560000 - 0x00007ffb4e56f000 	C:\WINDOWS\system32\kernel.appcore.dll
0x00007ffb4ea80000 - 0x00007ffb4eb35000 	C:\WINDOWS\system32\shcore.dll
0x00007ffb4e570000 - 0x00007ffb4e5bb000 	C:\WINDOWS\system32\powrprof.dll
0x00007ffb4e5d0000 - 0x00007ffb4e5e4000 	C:\WINDOWS\system32\profapi.dll
0x00007ffb3a4f0000 - 0x00007ffb3a67c000 	C:\WINDOWS\SYSTEM32\dbghelp.dll

VM Arguments:
jvm_args: -Djava.awt.headless=true -Xmx1024M -Dfile.encoding=windows-1252 -Duser.country=FR -Duser.language=fr -Duser.variant 
java_command: com.android.dx.command.Main --dex --force-jumbo --num-threads=4 --multi-dex --output C:\Users\Famille\AndroidStudioProjects\Niviel\app\build\intermediates\transforms\dex\debug\folders\1000\10\com.android.support-support-v4-24.0.0_56c594c056d7d0e1bbdfe7ac0bccb7015f28172f C:\Users\Famille\AndroidStudioProjects\Niviel\app\build\intermediates\exploded-aar\com.android.support\support-v4\24.0.0\jars\classes.jar
java_class_path (initial): C:\Users\Famille\AppData\Local\Android\sdk\build-tools\23.0.2\lib\dx.jar
Launcher Type: SUN_STANDARD

Environment Variables:
JAVA_HOME=C:\Program Files\Java\jdk1.8.0_25
PATH=C:\Program Files\Broadcom\Broadcom 802.11 Network Adapter;;C:\Program Files\Broadcom\Broadcom 802.11;C:\ProgramData\Oracle\Java\javapath;C:\Program Files (x86)\Intel\iCLS Client\;C:\Program Files\Intel\iCLS Client\;C:\Windows\system32;C:\Windows;C:\Windows\System32\Wbem;C:\Windows\System32\WindowsPowerShell\v1.0\;C:\Program Files\Hewlett-Packard\SimplePass\;C:\wamp\bin\php\php5.5.12;C:\Python27;C:\Users\Famille\AppData\Roaming\npm\;C:\Program Files\nodejs\;C:\Program Files\Git\cmd;C:\Program Files (x86)\Brackets\command;C:\Program Files (x86)\Ant\bin;C:\Program Files (x86)\Maven\bin;C:\Program Files (x86)\Intel\Intel(R) Management Engine Components\DAL;C:\Program Files\Intel\Intel(R) Management Engine Components\DAL;C:\Program Files (x86)\Intel\Intel(R) Management Engine Components\IPT;C:\Program Files\Intel\Intel(R) Management Engine Components\IPT;C:\Users\Famille\AppData\Local\atom\bin;C:\Users\Famille\AppData\Roaming\npm
USERNAME=de Lachaux
OS=Windows_NT
PROCESSOR_IDENTIFIER=Intel64 Family 6 Model 69 Stepping 1, GenuineIntel



---------------  S Y S T E M  ---------------

OS: Windows 8.1 , 64 bit Build 9600 

CPU:total 4 (2 cores per cpu, 2 threads per core) family 6 model 69 stepping 1, cmov, cx8, fxsr, mmx, sse, sse2, sse3, ssse3, sse4.1, sse4.2, popcnt, avx, avx2, aes, clmul, erms, lzcnt, ht, tsc, tscinvbit, bmi1, bmi2

Memory: 4k page, physical 4122776k(269824k free), swap 5555352k(33516k free)

vm_info: Java HotSpot(TM) 64-Bit Server VM (25.25-b02) for windows-amd64 JRE (1.8.0_25-b18), built on Oct  7 2014 14:25:37 by "java_re" with MS VC++ 10.0 (VS2010)

time: Sat Jul 02 17:49:06 2016
elapsed time: 26 seconds (0d 0h 0m 26s)

