#
# There is insufficient memory for the Java Runtime Environment to continue.
# Native memory allocation (malloc) failed to allocate 1520256 bytes for Chunk::new
# Possible reasons:
#   The system is out of physical RAM or swap space
#   In 32 bit mode, the process size limit was hit
# Possible solutions:
#   Reduce memory load on the system
#   Increase physical memory or swap space
#   Check if swap backing store is full
#   Use 64 bit Java on a 64 bit OS
#   Decrease Java heap size (-Xmx/-Xms)
#   Decrease number of Java threads
#   Decrease Java thread stack sizes (-Xss)
#   Set larger code cache with -XX:ReservedCodeCacheSize=
# This output file may be truncated or incomplete.
#
#  Out of Memory Error (allocation.cpp:390), pid=22356, tid=22472
#
# JRE version: Java(TM) SE Runtime Environment (8.0_25-b18) (build 1.8.0_25-b18)
# Java VM: Java HotSpot(TM) 64-Bit Server VM (25.25-b02 mixed mode windows-amd64 compressed oops)
# Failed to write core dump. Minidumps are not enabled by default on client versions of Windows
#

---------------  T H R E A D  ---------------

Current thread (0x000000001570c000):  JavaThread "C2 CompilerThread0" daemon [_thread_in_native, id=22472, stack(0x0000000016c70000,0x0000000016d70000)]

Stack: [0x0000000016c70000,0x0000000016d70000]
Native frames: (J=compiled Java code, j=interpreted, Vv=VM code, C=native code)
V  [jvm.dll+0x31667a]
V  [jvm.dll+0x267073]
V  [jvm.dll+0x267cb3]
V  [jvm.dll+0x25f5b5]
V  [jvm.dll+0xbf165]
V  [jvm.dll+0xbf60c]
V  [jvm.dll+0x45d672]
V  [jvm.dll+0x49e8ef]
V  [jvm.dll+0x452b41]
V  [jvm.dll+0x453864]
V  [jvm.dll+0x437372]
V  [jvm.dll+0x98a02]
V  [jvm.dll+0x991f3]
V  [jvm.dll+0x22bde4]
V  [jvm.dll+0x2852fa]
C  [msvcr100.dll+0x21d9f]
C  [msvcr100.dll+0x21e3b]
C  [KERNEL32.DLL+0x18102]
C  [ntdll.dll+0x5c5b4]


Current CompileTask:
C2:   8745 1706   !   4       com.android.dx.cf.code.Ropper::processBlock (1101 bytes)


---------------  P R O C E S S  ---------------

Java Threads: ( => current thread )
  0x00000000173d5000 JavaThread "pool-1-thread-4" [_thread_blocked, id=21020, stack(0x0000000017970000,0x0000000017a70000)]
  0x00000000173d4800 JavaThread "pool-1-thread-3" [_thread_blocked, id=21772, stack(0x0000000017870000,0x0000000017970000)]
  0x00000000173d1800 JavaThread "pool-1-thread-2" [_thread_blocked, id=22300, stack(0x0000000017770000,0x0000000017870000)]
  0x00000000173be800 JavaThread "pool-2-thread-1" [_thread_blocked, id=20732, stack(0x0000000017670000,0x0000000017770000)]
  0x00000000173b5000 JavaThread "pool-1-thread-1" [_thread_in_Java, id=22220, stack(0x0000000017570000,0x0000000017670000)]
  0x000000001576a800 JavaThread "Service Thread" daemon [_thread_blocked, id=22156, stack(0x0000000016f70000,0x0000000017070000)]
  0x0000000015763800 JavaThread "C1 CompilerThread2" daemon [_thread_blocked, id=20216, stack(0x0000000016e70000,0x0000000016f70000)]
  0x0000000015760800 JavaThread "C2 CompilerThread1" daemon [_thread_in_native, id=17356, stack(0x0000000016d70000,0x0000000016e70000)]
=>0x000000001570c000 JavaThread "C2 CompilerThread0" daemon [_thread_in_native, id=22472, stack(0x0000000016c70000,0x0000000016d70000)]
  0x000000001570a800 JavaThread "Attach Listener" daemon [_thread_blocked, id=19692, stack(0x0000000016b70000,0x0000000016c70000)]
  0x0000000015709800 JavaThread "Signal Dispatcher" daemon [_thread_blocked, id=20780, stack(0x0000000016a70000,0x0000000016b70000)]
  0x0000000002f30800 JavaThread "Finalizer" daemon [_thread_blocked, id=21560, stack(0x0000000016970000,0x0000000016a70000)]
  0x0000000002f2d000 JavaThread "Reference Handler" daemon [_thread_blocked, id=22488, stack(0x0000000016870000,0x0000000016970000)]
  0x000000000303e000 JavaThread "main" [_thread_in_Java, id=21996, stack(0x0000000002d00000,0x0000000002e00000)]

Other Threads:
  0x00000000156d6800 VMThread [stack: 0x0000000016770000,0x0000000016870000] [id=19588]
  0x000000001576d800 WatcherThread [stack: 0x0000000017070000,0x0000000017170000] [id=22464]

VM state:not at safepoint (normal execution)

VM Mutex/Monitor currently owned by a thread: None

Heap:
 PSYoungGen      total 35328K, used 19603K [0x00000000eab00000, 0x00000000ed000000, 0x0000000100000000)
  eden space 32768K, 52% used [0x00000000eab00000,0x00000000ebba7850,0x00000000ecb00000)
  from space 2560K, 99% used [0x00000000ecb00000,0x00000000ecd7d6f8,0x00000000ecd80000)
  to   space 2560K, 0% used [0x00000000ecd80000,0x00000000ecd80000,0x00000000ed000000)
 ParOldGen       total 44032K, used 14697K [0x00000000c0000000, 0x00000000c2b00000, 0x00000000eab00000)
  object space 44032K, 33% used [0x00000000c0000000,0x00000000c0e5a728,0x00000000c2b00000)
 Metaspace       used 6328K, capacity 7128K, committed 7424K, reserved 1056768K
  class space    used 613K, capacity 656K, committed 768K, reserved 1048576K

Card table byte_map: [0x0000000012400000,0x0000000012610000] byte_map_base: 0x0000000011e00000

Marking Bits: (ParMarkBitMap*) 0x0000000062e3d490
 Begin Bits: [0x0000000012b70000, 0x0000000013b70000)
 End Bits:   [0x0000000013b70000, 0x0000000014b70000)

Polling page: 0x0000000001450000

CodeCache: size=245760Kb used=8102Kb max_used=8102Kb free=237657Kb
 bounds [0x0000000003040000, 0x0000000003830000, 0x0000000012040000]
 total_blobs=2063 nmethods=1799 adapters=178
 compilation: enabled

Compilation events (10 events):
Event: 8.387 Thread 0x0000000015760800 1716       4       com.android.dx.cf.direct.DirectClassFile::parseToInterfacesIfNecessary (13 bytes)
Event: 8.388 Thread 0x0000000015763800 nmethod 1714 0x00000000037a8b90 code [0x00000000037a8d40, 0x00000000037a9308]
Event: 8.388 Thread 0x0000000015763800 1715       3       com.android.dx.cf.attrib.RawAttribute::<init> (30 bytes)
Event: 8.388 Thread 0x0000000015760800 nmethod 1716 0x0000000003793b50 code [0x0000000003793ca0, 0x0000000003793d28]
Event: 8.388 Thread 0x0000000015763800 nmethod 1715 0x00000000037a8450 code [0x00000000037a85e0, 0x00000000037a89f8]
Event: 8.389 Thread 0x0000000015760800 1717   !   4       com.android.dx.cf.cst.ConstantPoolParser::parse0 (731 bytes)
Event: 8.389 Thread 0x0000000015763800 1718       3       com.android.dx.rop.annotation.Annotations::<init> (16 bytes)
Event: 8.390 Thread 0x0000000015763800 nmethod 1718 0x00000000037a7d50 code [0x00000000037a7ee0, 0x00000000037a8290]
Event: 8.390 Thread 0x0000000015763800 1719       3       java.util.concurrent.locks.ReentrantLock::unlock (10 bytes)
Event: 8.390 Thread 0x0000000015763800 nmethod 1719 0x0000000003796b10 code [0x0000000003796ca0, 0x0000000003797098]

GC Heap History (8 events):
Event: 3.419 GC heap before
{Heap before GC invocations=1 (full 0):
 PSYoungGen      total 18944K, used 16384K [0x00000000eab00000, 0x00000000ec000000, 0x0000000100000000)
  eden space 16384K, 100% used [0x00000000eab00000,0x00000000ebb00000,0x00000000ebb00000)
  from space 2560K, 0% used [0x00000000ebd80000,0x00000000ebd80000,0x00000000ec000000)
  to   space 2560K, 0% used [0x00000000ebb00000,0x00000000ebb00000,0x00000000ebd80000)
 ParOldGen       total 44032K, used 0K [0x00000000c0000000, 0x00000000c2b00000, 0x00000000eab00000)
  object space 44032K, 0% used [0x00000000c0000000,0x00000000c0000000,0x00000000c2b00000)
 Metaspace       used 5766K, capacity 6704K, committed 6784K, reserved 1056768K
  class space    used 590K, capacity 616K, committed 640K, reserved 1048576K
Event: 3.433 GC heap after
Heap after GC invocations=1 (full 0):
 PSYoungGen      total 18944K, used 2548K [0x00000000eab00000, 0x00000000ec000000, 0x0000000100000000)
  eden space 16384K, 0% used [0x00000000eab00000,0x00000000eab00000,0x00000000ebb00000)
  from space 2560K, 99% used [0x00000000ebb00000,0x00000000ebd7d2e0,0x00000000ebd80000)
  to   space 2560K, 0% used [0x00000000ebd80000,0x00000000ebd80000,0x00000000ec000000)
 ParOldGen       total 44032K, used 1245K [0x00000000c0000000, 0x00000000c2b00000, 0x00000000eab00000)
  object space 44032K, 2% used [0x00000000c0000000,0x00000000c01374e0,0x00000000c2b00000)
 Metaspace       used 5766K, capacity 6704K, committed 6784K, reserved 1056768K
  class space    used 590K, capacity 616K, committed 640K, reserved 1048576K
}
Event: 4.893 GC heap before
{Heap before GC invocations=2 (full 0):
 PSYoungGen      total 18944K, used 18932K [0x00000000eab00000, 0x00000000ec000000, 0x0000000100000000)
  eden space 16384K, 100% used [0x00000000eab00000,0x00000000ebb00000,0x00000000ebb00000)
  from space 2560K, 99% used [0x00000000ebb00000,0x00000000ebd7d2e0,0x00000000ebd80000)
  to   space 2560K, 0% used [0x00000000ebd80000,0x00000000ebd80000,0x00000000ec000000)
 ParOldGen       total 44032K, used 1245K [0x00000000c0000000, 0x00000000c2b00000, 0x00000000eab00000)
  object space 44032K, 2% used [0x00000000c0000000,0x00000000c01374e0,0x00000000c2b00000)
 Metaspace       used 6057K, capacity 6960K, committed 7040K, reserved 1056768K
  class space    used 593K, capacity 616K, committed 640K, reserved 1048576K
Event: 4.929 GC heap after
Heap after GC invocations=2 (full 0):
 PSYoungGen      total 18944K, used 2529K [0x00000000eab00000, 0x00000000ed000000, 0x0000000100000000)
  eden space 16384K, 0% used [0x00000000eab00000,0x00000000eab00000,0x00000000ebb00000)
  from space 2560K, 98% used [0x00000000ebd80000,0x00000000ebff86b0,0x00000000ec000000)
  to   space 2560K, 0% used [0x00000000ebb00000,0x00000000ebb00000,0x00000000ebd80000)
 ParOldGen       total 44032K, used 3730K [0x00000000c0000000, 0x00000000c2b00000, 0x00000000eab00000)
  object space 44032K, 8% used [0x00000000c0000000,0x00000000c03a4940,0x00000000c2b00000)
 Metaspace       used 6057K, capacity 6960K, committed 7040K, reserved 1056768K
  class space    used 593K, capacity 616K, committed 640K, reserved 1048576K
}
Event: 6.584 GC heap before
{Heap before GC invocations=3 (full 0):
 PSYoungGen      total 18944K, used 18913K [0x00000000eab00000, 0x00000000ed000000, 0x0000000100000000)
  eden space 16384K, 100% used [0x00000000eab00000,0x00000000ebb00000,0x00000000ebb00000)
  from space 2560K, 98% used [0x00000000ebd80000,0x00000000ebff86b0,0x00000000ec000000)
  to   space 2560K, 0% used [0x00000000ebb00000,0x00000000ebb00000,0x00000000ebd80000)
 ParOldGen       total 44032K, used 3730K [0x00000000c0000000, 0x00000000c2b00000, 0x00000000eab00000)
  object space 44032K, 8% used [0x00000000c0000000,0x00000000c03a4940,0x00000000c2b00000)
 Metaspace       used 6251K, capacity 7128K, committed 7424K, reserved 1056768K
  class space    used 612K, capacity 656K, committed 768K, reserved 1048576K
Event: 6.656 GC heap after
Heap after GC invocations=3 (full 0):
 PSYoungGen      total 18944K, used 2533K [0x00000000eab00000, 0x00000000ed000000, 0x0000000100000000)
  eden space 16384K, 0% used [0x00000000eab00000,0x00000000eab00000,0x00000000ebb00000)
  from space 2560K, 98% used [0x00000000ebb00000,0x00000000ebd796e8,0x00000000ebd80000)
  to   space 2560K, 0% used [0x00000000ecd80000,0x00000000ecd80000,0x00000000ed000000)
 ParOldGen       total 44032K, used 7017K [0x00000000c0000000, 0x00000000c2b00000, 0x00000000eab00000)
  object space 44032K, 15% used [0x00000000c0000000,0x00000000c06da568,0x00000000c2b00000)
 Metaspace       used 6251K, capacity 7128K, committed 7424K, reserved 1056768K
  class space    used 612K, capacity 656K, committed 768K, reserved 1048576K
}
Event: 7.961 GC heap before
{Heap before GC invocations=4 (full 0):
 PSYoungGen      total 18944K, used 18917K [0x00000000eab00000, 0x00000000ed000000, 0x0000000100000000)
  eden space 16384K, 100% used [0x00000000eab00000,0x00000000ebb00000,0x00000000ebb00000)
  from space 2560K, 98% used [0x00000000ebb00000,0x00000000ebd796e8,0x00000000ebd80000)
  to   space 2560K, 0% used [0x00000000ecd80000,0x00000000ecd80000,0x00000000ed000000)
 ParOldGen       total 44032K, used 7017K [0x00000000c0000000, 0x00000000c2b00000, 0x00000000eab00000)
  object space 44032K, 15% used [0x00000000c0000000,0x00000000c06da568,0x00000000c2b00000)
 Metaspace       used 6280K, capacity 7128K, committed 7424K, reserved 1056768K
  class space    used 613K, capacity 656K, committed 768K, reserved 1048576K
Event: 7.993 GC heap after
Heap after GC invocations=4 (full 0):
 PSYoungGen      total 35328K, used 2549K [0x00000000eab00000, 0x00000000ed000000, 0x0000000100000000)
  eden space 32768K, 0% used [0x00000000eab00000,0x00000000eab00000,0x00000000ecb00000)
  from space 2560K, 99% used [0x00000000ecd80000,0x00000000ecffd6f8,0x00000000ed000000)
  to   space 2560K, 0% used [0x00000000ecb00000,0x00000000ecb00000,0x00000000ecd80000)
 ParOldGen       total 44032K, used 9446K [0x00000000c0000000, 0x00000000c2b00000, 0x00000000eab00000)
  object space 44032K, 21% used [0x00000000c0000000,0x00000000c0939ae8,0x00000000c2b00000)
 Metaspace       used 6280K, capacity 7128K, committed 7424K, reserved 1056768K
  class space    used 613K, capacity 656K, committed 768K, reserved 1048576K
}

Deoptimization events (10 events):
Event: 5.888 Thread 0x00000000173d5000 Uncommon trap: reason=class_check action=maybe_recompile pc=0x000000000364e8ec method=com.android.dx.rop.code.RegisterSpec.withSimpleType()Lcom/android/dx/rop/code/RegisterSpec; @ 21
Event: 5.893 Thread 0x00000000173d5000 Uncommon trap: reason=bimorphic action=maybe_recompile pc=0x00000000032d3bb8 method=java.util.HashMap.getNode(ILjava/lang/Object;)Ljava/util/HashMap$Node; @ 126
Event: 6.094 Thread 0x00000000173d5000 Uncommon trap: reason=class_check action=maybe_recompile pc=0x000000000364e8ec method=com.android.dx.rop.code.RegisterSpec.withSimpleType()Lcom/android/dx/rop/code/RegisterSpec; @ 21
Event: 6.095 Thread 0x00000000173d5000 Uncommon trap: reason=class_check action=maybe_recompile pc=0x000000000364e8ec method=com.android.dx.rop.code.RegisterSpec.withSimpleType()Lcom/android/dx/rop/code/RegisterSpec; @ 21
Event: 6.214 Thread 0x00000000173b5000 Uncommon trap: reason=unreached action=reinterpret pc=0x0000000003648fec method=java.util.HashMap.getNode(ILjava/lang/Object;)Ljava/util/HashMap$Node; @ 84
Event: 6.403 Thread 0x00000000173b5000 Uncommon trap: reason=unreached action=reinterpret pc=0x0000000003379224 method=java.util.HashMap.putVal(ILjava/lang/Object;Ljava/lang/Object;ZZ)Ljava/lang/Object; @ 109
Event: 6.675 Thread 0x00000000173d4800 Uncommon trap: reason=unreached action=reinterpret pc=0x0000000003334f90 method=com.android.dx.rop.code.LocalItem.hashCode()I @ 25
Event: 7.263 Thread 0x00000000173d5000 Uncommon trap: reason=unreached action=reinterpret pc=0x00000000036e6a0c method=com.android.dx.ssa.LocalVariableExtractor.processBlock(I)V @ 251
Event: 7.396 Thread 0x00000000173d5000 Uncommon trap: reason=unreached action=reinterpret pc=0x0000000003779078 method=com.android.dx.rop.code.LocalVariableExtractor.processBlock(I)V @ 195
Event: 7.924 Thread 0x00000000173d5000 Uncommon trap: reason=bimorphic action=maybe_recompile pc=0x000000000355cfbc method=java.util.HashMap.putVal(ILjava/lang/Object;Ljava/lang/Object;ZZ)Ljava/lang/Object; @ 203

Internal exceptions (10 events):
Event: 3.150 Thread 0x000000000303e000 Exception <a 'java/security/PrivilegedActionException'> (0x00000000eb728138) thrown at [D:\re\workspace\8-2-build-windows-amd64-cygwin\jdk8u25\1677\hotspot\src\share\vm\prims\jvm.cpp, line 1312]
Event: 3.157 Thread 0x000000000303e000 Exception <a 'java/security/PrivilegedActionException'> (0x00000000eb748fb8) thrown at [D:\re\workspace\8-2-build-windows-amd64-cygwin\jdk8u25\1677\hotspot\src\share\vm\prims\jvm.cpp, line 1312]
Event: 3.177 Thread 0x000000000303e000 Exception <a 'java/security/PrivilegedActionException'> (0x00000000eb772280) thrown at [D:\re\workspace\8-2-build-windows-amd64-cygwin\jdk8u25\1677\hotspot\src\share\vm\prims\jvm.cpp, line 1312]
Event: 3.518 Thread 0x00000000173d5000 Exception <a 'java/security/PrivilegedActionException'> (0x00000000eac64580) thrown at [D:\re\workspace\8-2-build-windows-amd64-cygwin\jdk8u25\1677\hotspot\src\share\vm\prims\jvm.cpp, line 1312]
Event: 3.719 Thread 0x00000000173d4800 Exception <a 'java/security/PrivilegedActionException'> (0x00000000eae8d040) thrown at [D:\re\workspace\8-2-build-windows-amd64-cygwin\jdk8u25\1677\hotspot\src\share\vm\prims\jvm.cpp, line 1312]
Event: 3.909 Thread 0x000000000303e000 Exception <a 'java/security/PrivilegedActionException'> (0x00000000eb0a0bc0) thrown at [D:\re\workspace\8-2-build-windows-amd64-cygwin\jdk8u25\1677\hotspot\src\share\vm\prims\jvm.cpp, line 1312]
Event: 6.207 Thread 0x00000000173b5000 Exception <a 'java/lang/ArrayIndexOutOfBoundsException': 18> (0x00000000eb7b4e20) thrown at [D:\re\workspace\8-2-build-windows-amd64-cygwin\jdk8u25\1677\hotspot\src\share\vm\interpreter\interpreterRuntime.cpp, line 366]
Event: 6.208 Thread 0x00000000173b5000 Exception <a 'java/lang/ArrayIndexOutOfBoundsException'> (0x00000000eb7b68b8) thrown at [D:\re\workspace\8-2-build-windows-amd64-cygwin\jdk8u25\1677\hotspot\src\share\vm\runtime\sharedRuntime.cpp, line 604]
Event: 6.209 Thread 0x00000000173b5000 Exception <a 'java/lang/ArrayIndexOutOfBoundsException'> (0x00000000eb7b7ad0) thrown at [D:\re\workspace\8-2-build-windows-amd64-cygwin\jdk8u25\1677\hotspot\src\share\vm\runtime\sharedRuntime.cpp, line 604]
Event: 7.879 Thread 0x00000000173d1800 Exception <a 'java/security/PrivilegedActionException'> (0x00000000eb434e68) thrown at [D:\re\workspace\8-2-build-windows-amd64-cygwin\jdk8u25\1677\hotspot\src\share\vm\prims\jvm.cpp, line 1312]

Events (10 events):
Event: 7.620 Thread 0x00000000173d5000 DEOPT UNPACKING pc=0x00000000030875bf sp=0x0000000017a6e430 mode 0
Event: 7.879 loading class com/android/dx/rop/code/RegisterSpec$1
Event: 7.879 loading class com/android/dx/rop/code/RegisterSpec$1 done
Event: 7.899 Thread 0x00000000173d1800 DEOPT PACKING pc=0x00000000034f3bb5 sp=0x000000001786eef0
Event: 7.899 Thread 0x00000000173d1800 DEOPT UNPACKING pc=0x00000000030875bf sp=0x000000001786ebd0 mode 0
Event: 7.924 Thread 0x00000000173d5000 Uncommon trap: trap_request=0xffffffc6 fr.pc=0x000000000355cfbc
Event: 7.924 Thread 0x00000000173d5000 DEOPT PACKING pc=0x000000000355cfbc sp=0x0000000017a6e3b0
Event: 7.924 Thread 0x00000000173d5000 DEOPT UNPACKING pc=0x000000000308556a sp=0x0000000017a6e328 mode 2
Event: 7.939 Executing VM operation: ParallelGCFailedAllocation
Event: 7.993 Executing VM operation: ParallelGCFailedAllocation done


Dynamic libraries:
0x00007ff63b070000 - 0x00007ff63b0a4000 	C:\Program Files\Java\jdk1.8.0_25\bin\java.exe
0x00007ff89f780000 - 0x00007ff89f941000 	C:\WINDOWS\SYSTEM32\ntdll.dll
0x00007ff89f060000 - 0x00007ff89f10d000 	C:\WINDOWS\system32\KERNEL32.DLL
0x00007ff89c170000 - 0x00007ff89c358000 	C:\WINDOWS\system32\KERNELBASE.dll
0x00007ff89ecc0000 - 0x00007ff89ed67000 	C:\WINDOWS\system32\ADVAPI32.dll
0x00007ff89edd0000 - 0x00007ff89ee6d000 	C:\WINDOWS\system32\msvcrt.dll
0x00007ff89ea60000 - 0x00007ff89eabb000 	C:\WINDOWS\system32\sechost.dll
0x00007ff89e940000 - 0x00007ff89ea5c000 	C:\WINDOWS\system32\RPCRT4.dll
0x00007ff89e7e0000 - 0x00007ff89e936000 	C:\WINDOWS\system32\USER32.dll
0x00007ff89eb30000 - 0x00007ff89ecb6000 	C:\WINDOWS\system32\GDI32.dll
0x00007ff8919c0000 - 0x00007ff891c34000 	C:\WINDOWS\WinSxS\amd64_microsoft.windows.common-controls_6595b64144ccf1df_6.0.10586.589_none_a2ddb3caa539acce\COMCTL32.dll
0x00007ff89e490000 - 0x00007ff89e70d000 	C:\WINDOWS\system32\combase.dll
0x00007ff89c360000 - 0x00007ff89c3ca000 	C:\WINDOWS\system32\bcryptPrimitives.dll
0x00007ff89ee70000 - 0x00007ff89eeab000 	C:\WINDOWS\system32\IMM32.DLL
0x00000000621a0000 - 0x0000000062272000 	C:\Program Files\Java\jdk1.8.0_25\jre\bin\msvcr100.dll
0x0000000062660000 - 0x0000000062eba000 	C:\Program Files\Java\jdk1.8.0_25\jre\bin\server\jvm.dll
0x00007ff89cf10000 - 0x00007ff89cf18000 	C:\WINDOWS\system32\PSAPI.DLL
0x00007ff88a830000 - 0x00007ff88a839000 	C:\WINDOWS\SYSTEM32\WSOCK32.dll
0x00007ff89eac0000 - 0x00007ff89eb2b000 	C:\WINDOWS\system32\WS2_32.dll
0x00007ff89a0d0000 - 0x00007ff89a0f3000 	C:\WINDOWS\SYSTEM32\WINMM.dll
0x00007ff89a060000 - 0x00007ff89a08c000 	C:\WINDOWS\SYSTEM32\WINMMBASE.dll
0x00007ff89bef0000 - 0x00007ff89bf33000 	C:\WINDOWS\system32\cfgmgr32.dll
0x0000000062650000 - 0x000000006265f000 	C:\Program Files\Java\jdk1.8.0_25\jre\bin\verify.dll
0x0000000062620000 - 0x0000000062648000 	C:\Program Files\Java\jdk1.8.0_25\jre\bin\java.dll
0x0000000062600000 - 0x0000000062616000 	C:\Program Files\Java\jdk1.8.0_25\jre\bin\zip.dll
0x00007ff89cf30000 - 0x00007ff89e48c000 	C:\WINDOWS\system32\SHELL32.dll
0x00007ff89c460000 - 0x00007ff89caa5000 	C:\WINDOWS\system32\windows.storage.dll
0x00007ff89eeb0000 - 0x00007ff89ef02000 	C:\WINDOWS\system32\shlwapi.dll
0x00007ff89be20000 - 0x00007ff89be2f000 	C:\WINDOWS\system32\kernel.appcore.dll
0x00007ff89be30000 - 0x00007ff89bee5000 	C:\WINDOWS\system32\shcore.dll
0x00007ff89bdd0000 - 0x00007ff89be1b000 	C:\WINDOWS\system32\powrprof.dll
0x00007ff89bdb0000 - 0x00007ff89bdc4000 	C:\WINDOWS\system32\profapi.dll
0x00007ff887f80000 - 0x00007ff88810c000 	C:\WINDOWS\SYSTEM32\dbghelp.dll

VM Arguments:
jvm_args: -Djava.awt.headless=true -Xmx1024M -Dfile.encoding=windows-1252 -Duser.country=FR -Duser.language=fr -Duser.variant 
java_command: com.android.dx.command.Main --dex --num-threads=4 --output C:\Users\Famille\AndroidStudioProjects\Niviel\app\build\intermediates\pre-dexed\debug\com.android.support-support-core-ui-24.2.0_d617100168ed973cae45ba8acd803427e3ca8ea5.jar C:\Users\Famille\AndroidStudioProjects\Niviel\app\build\intermediates\exploded-aar\com.android.support\support-core-ui\24.2.0\jars\classes.jar
java_class_path (initial): C:\Users\Famille\AppData\Local\Android\sdk\build-tools\23.0.2\lib\dx.jar
Launcher Type: SUN_STANDARD

Environment Variables:
JAVA_HOME=C:\Program Files\Java\jdk1.8.0_25
PATH=C:\Program Files\Broadcom\Broadcom 802.11 Network Adapter;C:\Program Files\Broadcom\Broadcom 802.11;C:\ProgramData\Oracle\Java\javapath;C:\Program Files (x86)\Intel\iCLS Client\;C:\Program Files\Intel\iCLS Client\;C:\Windows\system32;C:\Windows;C:\Windows\System32\Wbem;C:\Windows\System32\WindowsPowerShell\v1.0\;C:\Program Files\Hewlett-Packard\SimplePass\;C:\wamp\bin\php\php5.5.12;C:\Python27;C:\Users\Famille\AppData\Roaming\npm\;C:\Program Files\nodejs\;C:\Program Files\Git\cmd;C:\Program Files (x86)\Brackets\command;C:\Program Files (x86)\Ant\bin;C:\Program Files (x86)\Maven\bin;C:\Program Files (x86)\Intel\Intel(R) Management Engine Components\DAL;C:\Program Files\Intel\Intel(R) Management Engine Components\DAL;C:\Program Files (x86)\Intel\Intel(R) Management Engine Components\IPT;C:\Program Files\Intel\Intel(R) Management Engine Components\IPT;C:\Users\Famille\AppData\Local\Android\sdk\platform-tools;C:\Users\Famille\AppData\Local\atom\bin;C:\Users\Famille\AppData\Roaming\npm
USERNAME=de Lachaux
OS=Windows_NT
PROCESSOR_IDENTIFIER=Intel64 Family 6 Model 69 Stepping 1, GenuineIntel



---------------  S Y S T E M  ---------------

OS: Windows 8.1 , 64 bit Build 9600 

CPU:total 4 (2 cores per cpu, 2 threads per core) family 6 model 69 stepping 1, cmov, cx8, fxsr, mmx, sse, sse2, sse3, ssse3, sse4.1, sse4.2, popcnt, avx, avx2, aes, clmul, erms, lzcnt, ht, tsc, tscinvbit, bmi1, bmi2

Memory: 4k page, physical 4122776k(311728k free), swap 5555352k(4400k free)

vm_info: Java HotSpot(TM) 64-Bit Server VM (25.25-b02) for windows-amd64 JRE (1.8.0_25-b18), built on Oct  7 2014 14:25:37 by "java_re" with MS VC++ 10.0 (VS2010)

time: Sun Sep 18 19:00:50 2016
elapsed time: 8 seconds (0d 0h 0m 8s)

