#
# There is insufficient memory for the Java Runtime Environment to continue.
# Native memory allocation (malloc) failed to allocate 32744 bytes for ChunkPool::allocate
# Possible reasons:
#   The system is out of physical RAM or swap space
#   In 32 bit mode, the process size limit was hit
# Possible solutions:
#   Reduce memory load on the system
#   Increase physical memory or swap space
#   Check if swap backing store is full
#   Use 64 bit Java on a 64 bit OS
#   Decrease Java heap size (-Xmx/-Xms)
#   Decrease number of Java threads
#   Decrease Java thread stack sizes (-Xss)
#   Set larger code cache with -XX:ReservedCodeCacheSize=
# This output file may be truncated or incomplete.
#
#  Out of Memory Error (allocation.cpp:273), pid=55660, tid=18880
#
# JRE version: Java(TM) SE Runtime Environment (8.0_25-b18) (build 1.8.0_25-b18)
# Java VM: Java HotSpot(TM) 64-Bit Server VM (25.25-b02 mixed mode windows-amd64 compressed oops)
# Failed to write core dump. Minidumps are not enabled by default on client versions of Windows
#

---------------  T H R E A D  ---------------

Current thread (0x0000000014d60000):  JavaThread "C1 CompilerThread2" daemon [_thread_in_native, id=18880, stack(0x0000000016480000,0x0000000016580000)]

Stack: [0x0000000016480000,0x0000000016580000]
Native frames: (J=compiled Java code, j=interpreted, Vv=VM code, C=native code)
V  [jvm.dll+0x31667a]


Current CompileTask:
C1:   2433  458   !   3       com.android.dx.cf.code.BytecodeArray::parseInstruction (2764 bytes)


---------------  P R O C E S S  ---------------

Java Threads: ( => current thread )
  0x00000000169c9000 JavaThread "pool-2-thread-4" [_thread_blocked, id=41168, stack(0x0000000016f80000,0x0000000017080000)]
  0x00000000169b7800 JavaThread "pool-2-thread-3" [_thread_blocked, id=57324, stack(0x0000000016e80000,0x0000000016f80000)]
  0x00000000169b9000 JavaThread "pool-2-thread-2" [_thread_blocked, id=48704, stack(0x0000000016d80000,0x0000000016e80000)]
  0x00000000168d7800 JavaThread "pool-3-thread-1" [_thread_blocked, id=56448, stack(0x0000000016c80000,0x0000000016d80000)]
  0x00000000168b9000 JavaThread "pool-2-thread-1" [_thread_blocked, id=59888, stack(0x0000000016b80000,0x0000000016c80000)]
  0x0000000014d67000 JavaThread "Service Thread" daemon [_thread_blocked, id=54512, stack(0x0000000016580000,0x0000000016680000)]
=>0x0000000014d60000 JavaThread "C1 CompilerThread2" daemon [_thread_in_native, id=18880, stack(0x0000000016480000,0x0000000016580000)]
  0x0000000014d5f000 JavaThread "C2 CompilerThread1" daemon [_thread_in_native, id=50300, stack(0x0000000016380000,0x0000000016480000)]
  0x0000000014d0c000 JavaThread "C2 CompilerThread0" daemon [_thread_in_native, id=60156, stack(0x0000000016280000,0x0000000016380000)]
  0x0000000014d0a800 JavaThread "Attach Listener" daemon [_thread_blocked, id=56896, stack(0x0000000016180000,0x0000000016280000)]
  0x0000000014d09800 JavaThread "Signal Dispatcher" daemon [_thread_blocked, id=41736, stack(0x0000000016080000,0x0000000016180000)]
  0x0000000002600800 JavaThread "Finalizer" daemon [_thread_blocked, id=59664, stack(0x0000000015f80000,0x0000000016080000)]
  0x00000000025fd000 JavaThread "Reference Handler" daemon [_thread_blocked, id=50832, stack(0x0000000015e80000,0x0000000015f80000)]
  0x000000000263e000 JavaThread "main" [_thread_blocked, id=57660, stack(0x00000000023e0000,0x00000000024e0000)]

Other Threads:
  0x0000000014cd6800 VMThread [stack: 0x0000000015d80000,0x0000000015e80000] [id=55812]
  0x0000000014d6a000 WatcherThread [stack: 0x0000000016680000,0x0000000016780000] [id=51272]

VM state:at safepoint (normal execution)

VM Mutex/Monitor currently owned by a thread:  ([mutex/lock_event])
[0x000000000263d220] Threads_lock - owner thread: 0x0000000014cd6800
[0x000000000263d820] Heap_lock - owner thread: 0x000000000263e000

Heap:
 PSYoungGen      total 18944K, used 10173K [0x00000000eab00000, 0x00000000ec000000, 0x0000000100000000)
  eden space 16384K, 62% used [0x00000000eab00000,0x00000000eb4ef730,0x00000000ebb00000)
  from space 2560K, 0% used [0x00000000ebd80000,0x00000000ebd80000,0x00000000ec000000)
  to   space 2560K, 59% used [0x00000000ebb00000,0x00000000ebc7ff70,0x00000000ebd80000)
 ParOldGen       total 44032K, used 0K [0x00000000c0000000, 0x00000000c2b00000, 0x00000000eab00000)
  object space 44032K, 0% used [0x00000000c0000000,0x00000000c0000000,0x00000000c2b00000)
 Metaspace       used 5072K, capacity 6160K, committed 6272K, reserved 1060864K
  class space    used 558K, capacity 584K, committed 640K, reserved 1048576K

Card table byte_map: [0x0000000011a00000,0x0000000011c10000] byte_map_base: 0x0000000011400000

Marking Bits: (ParMarkBitMap*) 0x000000007333d490
 Begin Bits: [0x0000000012170000, 0x0000000013170000)
 End Bits:   [0x0000000013170000, 0x0000000014170000)

Polling page: 0x0000000000b30000

CodeCache: size=245760Kb used=1976Kb max_used=1986Kb free=243784Kb
 bounds [0x0000000002640000, 0x00000000028b0000, 0x0000000011640000]
 total_blobs=722 nmethods=459 adapters=177
 compilation: enabled

Compilation events (10 events):
Event: 1.705 Thread 0x0000000014d60000 nmethod 451 0x000000000282c550 code [0x000000000282c720, 0x000000000282cde8]
Event: 2.319 Thread 0x0000000014d60000  455       3       java.util.ArrayList::ensureCapacity (28 bytes)
Event: 2.319 Thread 0x0000000014d60000 nmethod 455 0x000000000282d190 code [0x000000000282d300, 0x000000000282d5c8]
Event: 2.321 Thread 0x0000000014d60000  456       3       java.util.AbstractMap::<init> (5 bytes)
Event: 2.321 Thread 0x0000000014d60000 nmethod 456 0x000000000282d6d0 code [0x000000000282d820, 0x000000000282d9d0]
Event: 2.321 Thread 0x0000000014d60000  457       3       java.util.Collections$UnmodifiableCollection::iterator (9 bytes)
Event: 2.322 Thread 0x0000000014d60000 nmethod 457 0x000000000282da90 code [0x000000000282dc00, 0x000000000282df68]
Event: 2.322 Thread 0x0000000014d60000  458   !   3       com.android.dx.cf.code.BytecodeArray::parseInstruction (2764 bytes)
Event: 2.327 Thread 0x0000000014d0c000  465       4       com.android.dx.rop.type.Type::getCategory (36 bytes)
Event: 2.327 Thread 0x0000000014d0c000 nmethod 465 0x0000000002830d50 code [0x0000000002830e80, 0x0000000002830ef8]

GC Heap History (0 events):
No events

Deoptimization events (0 events):
No events

Internal exceptions (10 events):
Event: 1.662 Thread 0x00000000169b7800 Exception <a 'java/security/PrivilegedActionException'> (0x00000000eb330b90) thrown at [D:\re\workspace\8-2-build-windows-amd64-cygwin\jdk8u25\1677\hotspot\src\share\vm\prims\jvm.cpp, line 1312]
Event: 1.663 Thread 0x00000000169b7800 Exception <a 'java/security/PrivilegedActionException'> (0x00000000eb333ed0) thrown at [D:\re\workspace\8-2-build-windows-amd64-cygwin\jdk8u25\1677\hotspot\src\share\vm\prims\jvm.cpp, line 1312]
Event: 1.666 Thread 0x00000000169b7800 Exception <a 'java/security/PrivilegedActionException'> (0x00000000eb339678) thrown at [D:\re\workspace\8-2-build-windows-amd64-cygwin\jdk8u25\1677\hotspot\src\share\vm\prims\jvm.cpp, line 1312]
Event: 1.666 Thread 0x00000000169b7800 Exception <a 'java/security/PrivilegedActionException'> (0x00000000eb33db98) thrown at [D:\re\workspace\8-2-build-windows-amd64-cygwin\jdk8u25\1677\hotspot\src\share\vm\prims\jvm.cpp, line 1312]
Event: 1.667 Thread 0x00000000169b7800 Exception <a 'java/security/PrivilegedActionException'> (0x00000000eb340bc8) thrown at [D:\re\workspace\8-2-build-windows-amd64-cygwin\jdk8u25\1677\hotspot\src\share\vm\prims\jvm.cpp, line 1312]
Event: 2.315 Thread 0x00000000169b7800 Exception <a 'java/security/PrivilegedActionException'> (0x00000000eb3459b0) thrown at [D:\re\workspace\8-2-build-windows-amd64-cygwin\jdk8u25\1677\hotspot\src\share\vm\prims\jvm.cpp, line 1312]
Event: 2.317 Thread 0x00000000169b7800 Exception <a 'java/security/PrivilegedActionException'> (0x00000000eb3493a0) thrown at [D:\re\workspace\8-2-build-windows-amd64-cygwin\jdk8u25\1677\hotspot\src\share\vm\prims\jvm.cpp, line 1312]
Event: 2.320 Thread 0x00000000169b7800 Exception <a 'java/security/PrivilegedActionException'> (0x00000000eb34df48) thrown at [D:\re\workspace\8-2-build-windows-amd64-cygwin\jdk8u25\1677\hotspot\src\share\vm\prims\jvm.cpp, line 1312]
Event: 2.321 Thread 0x00000000169b7800 Exception <a 'java/security/PrivilegedActionException'> (0x00000000eb3514d0) thrown at [D:\re\workspace\8-2-build-windows-amd64-cygwin\jdk8u25\1677\hotspot\src\share\vm\prims\jvm.cpp, line 1312]
Event: 2.323 Thread 0x00000000169b7800 Exception <a 'java/security/PrivilegedActionException'> (0x00000000eb354338) thrown at [D:\re\workspace\8-2-build-windows-amd64-cygwin\jdk8u25\1677\hotspot\src\share\vm\prims\jvm.cpp, line 1312]

Events (10 events):
Event: 2.317 loading class com/android/dx/ssa/back/FirstFitLocalCombiningAllocator$1
Event: 2.317 loading class com/android/dx/ssa/back/FirstFitLocalCombiningAllocator$1 done
Event: 2.319 loading class com/android/dx/ssa/back/FirstFitLocalCombiningAllocator$Alignment
Event: 2.319 loading class com/android/dx/ssa/back/FirstFitLocalCombiningAllocator$Alignment done
Event: 2.320 loading class com/android/dx/ssa/back/FirstFitLocalCombiningAllocator$Alignment$1
Event: 2.320 loading class com/android/dx/ssa/back/FirstFitLocalCombiningAllocator$Alignment$1 done
Event: 2.322 loading class com/android/dx/ssa/back/FirstFitLocalCombiningAllocator$Alignment$2
Event: 2.322 loading class com/android/dx/ssa/back/FirstFitLocalCombiningAllocator$Alignment$2 done
Event: 2.323 loading class com/android/dx/ssa/back/FirstFitLocalCombiningAllocator$Alignment$3
Event: 2.323 loading class com/android/dx/ssa/back/FirstFitLocalCombiningAllocator$Alignment$3 done


Dynamic libraries:
0x00007ff690dd0000 - 0x00007ff690e04000 	C:\Program Files\Java\jdk1.8.0_25\bin\java.exe
0x00007fff80c20000 - 0x00007fff80de1000 	C:\WINDOWS\SYSTEM32\ntdll.dll
0x00007fff80400000 - 0x00007fff804ad000 	C:\WINDOWS\system32\KERNEL32.DLL
0x00007fff7d680000 - 0x00007fff7d868000 	C:\WINDOWS\system32\KERNELBASE.dll
0x00007fff80850000 - 0x00007fff808f7000 	C:\WINDOWS\system32\ADVAPI32.dll
0x00007fff801e0000 - 0x00007fff8027d000 	C:\WINDOWS\system32\msvcrt.dll
0x00007fff7ec20000 - 0x00007fff7ec7b000 	C:\WINDOWS\system32\sechost.dll
0x00007fff804b0000 - 0x00007fff805cc000 	C:\WINDOWS\system32\RPCRT4.dll
0x00007fff7e030000 - 0x00007fff7e186000 	C:\WINDOWS\system32\USER32.dll
0x00007fff7e450000 - 0x00007fff7e5d6000 	C:\WINDOWS\system32\GDI32.dll
0x00007fff76200000 - 0x00007fff76474000 	C:\WINDOWS\WinSxS\amd64_microsoft.windows.common-controls_6595b64144ccf1df_6.0.10586.494_none_a2d8b04ea53e3145\COMCTL32.dll
0x00007fff805d0000 - 0x00007fff8084d000 	C:\WINDOWS\system32\combase.dll
0x00007fff7d4f0000 - 0x00007fff7d55a000 	C:\WINDOWS\system32\bcryptPrimitives.dll
0x00007fff80be0000 - 0x00007fff80c1b000 	C:\WINDOWS\system32\IMM32.DLL
0x00000000726a0000 - 0x0000000072772000 	C:\Program Files\Java\jdk1.8.0_25\jre\bin\msvcr100.dll
0x0000000072b60000 - 0x00000000733ba000 	C:\Program Files\Java\jdk1.8.0_25\jre\bin\server\jvm.dll
0x00007fff7e190000 - 0x00007fff7e198000 	C:\WINDOWS\system32\PSAPI.DLL
0x00007fff65bb0000 - 0x00007fff65bb9000 	C:\WINDOWS\SYSTEM32\WSOCK32.dll
0x00007fff7ebb0000 - 0x00007fff7ec1b000 	C:\WINDOWS\system32\WS2_32.dll
0x00007fff7b560000 - 0x00007fff7b583000 	C:\WINDOWS\SYSTEM32\WINMM.dll
0x00007fff7b110000 - 0x00007fff7b13c000 	C:\WINDOWS\SYSTEM32\WINMMBASE.dll
0x00007fff7d4a0000 - 0x00007fff7d4e3000 	C:\WINDOWS\system32\cfgmgr32.dll
0x0000000072b50000 - 0x0000000072b5f000 	C:\Program Files\Java\jdk1.8.0_25\jre\bin\verify.dll
0x0000000072b20000 - 0x0000000072b48000 	C:\Program Files\Java\jdk1.8.0_25\jre\bin\java.dll
0x0000000072b00000 - 0x0000000072b16000 	C:\Program Files\Java\jdk1.8.0_25\jre\bin\zip.dll
0x00007fff7ec80000 - 0x00007fff801dc000 	C:\WINDOWS\system32\SHELL32.dll
0x00007fff7d870000 - 0x00007fff7deb5000 	C:\WINDOWS\system32\windows.storage.dll
0x00007fff80b80000 - 0x00007fff80bd2000 	C:\WINDOWS\system32\shlwapi.dll
0x00007fff7d2c0000 - 0x00007fff7d2cf000 	C:\WINDOWS\system32\kernel.appcore.dll
0x00007fff7d5c0000 - 0x00007fff7d675000 	C:\WINDOWS\system32\shcore.dll
0x00007fff7d270000 - 0x00007fff7d2bb000 	C:\WINDOWS\system32\powrprof.dll
0x00007fff7d240000 - 0x00007fff7d254000 	C:\WINDOWS\system32\profapi.dll
0x00007fff63a80000 - 0x00007fff63c0c000 	C:\WINDOWS\SYSTEM32\dbghelp.dll

VM Arguments:
jvm_args: -Djava.awt.headless=true -Xmx1024M -Dfile.encoding=windows-1252 -Duser.country=FR -Duser.language=fr -Duser.variant 
java_command: com.android.dx.command.Main --dex --force-jumbo --num-threads=4 --multi-dex --output C:\Users\Famille\AndroidStudioProjects\Niviel\app\build\intermediates\transforms\dex\debug\folders\1000\5\slice_1 C:\Users\Famille\AndroidStudioProjects\Niviel\app\build\intermediates\transforms\instantRunSlicer\debug\folders\1\5\slice_1
java_class_path (initial): C:\Users\Famille\AppData\Local\Android\sdk\build-tools\23.0.2\lib\dx.jar
Launcher Type: SUN_STANDARD

Environment Variables:
JAVA_HOME=C:\Program Files\Java\jdk1.8.0_25
PATH=C:\Program Files\Broadcom\Broadcom 802.11 Network Adapter;;C:\Program Files\Broadcom\Broadcom 802.11;C:\ProgramData\Oracle\Java\javapath;C:\Program Files (x86)\Intel\iCLS Client\;C:\Program Files\Intel\iCLS Client\;C:\Windows\system32;C:\Windows;C:\Windows\System32\Wbem;C:\Windows\System32\WindowsPowerShell\v1.0\;C:\Program Files\Hewlett-Packard\SimplePass\;C:\wamp\bin\php\php5.5.12;C:\Python27;C:\Users\Famille\AppData\Roaming\npm\;C:\Program Files\nodejs\;C:\Program Files\Git\cmd;C:\Program Files (x86)\Brackets\command;C:\Program Files (x86)\Ant\bin;C:\Program Files (x86)\Maven\bin;C:\Program Files (x86)\Intel\Intel(R) Management Engine Components\DAL;C:\Program Files\Intel\Intel(R) Management Engine Components\DAL;C:\Program Files (x86)\Intel\Intel(R) Management Engine Components\IPT;C:\Program Files\Intel\Intel(R) Management Engine Components\IPT;C:\Users\Famille\AppData\Local\atom\bin;C:\Users\Famille\AppData\Roaming\npm
USERNAME=de Lachaux
OS=Windows_NT
PROCESSOR_IDENTIFIER=Intel64 Family 6 Model 69 Stepping 1, GenuineIntel



---------------  S Y S T E M  ---------------

OS: Windows 8.1 , 64 bit Build 9600 

CPU:total 4 (2 cores per cpu, 2 threads per core) family 6 model 69 stepping 1, cmov, cx8, fxsr, mmx, sse, sse2, sse3, ssse3, sse4.1, sse4.2, popcnt, avx, avx2, aes, clmul, erms, lzcnt, ht, tsc, tscinvbit, bmi1, bmi2

Memory: 4k page, physical 4122776k(354404k free), swap 5555352k(116k free)

vm_info: Java HotSpot(TM) 64-Bit Server VM (25.25-b02) for windows-amd64 JRE (1.8.0_25-b18), built on Oct  7 2014 14:25:37 by "java_re" with MS VC++ 10.0 (VS2010)

time: Thu Aug 25 18:25:12 2016
elapsed time: 2 seconds (0d 0h 0m 2s)

