#
# There is insufficient memory for the Java Runtime Environment to continue.
# Native memory allocation (malloc) failed to allocate 32744 bytes for ChunkPool::allocate
# Possible reasons:
#   The system is out of physical RAM or swap space
#   In 32 bit mode, the process size limit was hit
# Possible solutions:
#   Reduce memory load on the system
#   Increase physical memory or swap space
#   Check if swap backing store is full
#   Use 64 bit Java on a 64 bit OS
#   Decrease Java heap size (-Xmx/-Xms)
#   Decrease number of Java threads
#   Decrease Java thread stack sizes (-Xss)
#   Set larger code cache with -XX:ReservedCodeCacheSize=
# This output file may be truncated or incomplete.
#
#  Out of Memory Error (allocation.cpp:273), pid=18992, tid=19272
#
# JRE version: Java(TM) SE Runtime Environment (8.0_25-b18) (build 1.8.0_25-b18)
# Java VM: Java HotSpot(TM) 64-Bit Server VM (25.25-b02 mixed mode windows-amd64 compressed oops)
# Failed to write core dump. Minidumps are not enabled by default on client versions of Windows
#

---------------  T H R E A D  ---------------

Current thread (0x00000000152de800):  JavaThread "C1 CompilerThread2" daemon [_thread_in_native, id=19272, stack(0x0000000016a10000,0x0000000016b10000)]

Stack: [0x0000000016a10000,0x0000000016b10000]
Native frames: (J=compiled Java code, j=interpreted, Vv=VM code, C=native code)
V  [jvm.dll+0x31667a]


Current CompileTask:
C1:   1828  507   !   3       com.android.dx.cf.code.BytecodeArray::parseInstruction (2764 bytes)


---------------  P R O C E S S  ---------------

Java Threads: ( => current thread )
  0x0000000016d4a000 JavaThread "pool-3-thread-1" [_thread_blocked, id=18284, stack(0x0000000017210000,0x0000000017310000)]
  0x0000000016d40000 JavaThread "pool-2-thread-1" [_thread_in_Java, id=18972, stack(0x0000000017110000,0x0000000017210000)]
  0x000000001531e000 JavaThread "Service Thread" daemon [_thread_blocked, id=19052, stack(0x0000000016f10000,0x0000000017010000)]
=>0x00000000152de800 JavaThread "C1 CompilerThread2" daemon [_thread_in_native, id=19272, stack(0x0000000016a10000,0x0000000016b10000)]
  0x00000000152c5000 JavaThread "C2 CompilerThread1" daemon [_thread_blocked, id=16536, stack(0x0000000016910000,0x0000000016a10000)]
  0x00000000152bc000 JavaThread "C2 CompilerThread0" daemon [_thread_blocked, id=19276, stack(0x0000000016810000,0x0000000016910000)]
  0x00000000152ba800 JavaThread "Attach Listener" daemon [_thread_blocked, id=18328, stack(0x0000000016710000,0x0000000016810000)]
  0x00000000152b9800 JavaThread "Signal Dispatcher" daemon [_thread_blocked, id=18788, stack(0x0000000016610000,0x0000000016710000)]
  0x0000000002be0800 JavaThread "Finalizer" daemon [_thread_blocked, id=19360, stack(0x0000000016510000,0x0000000016610000)]
  0x0000000002bdd000 JavaThread "Reference Handler" daemon [_thread_blocked, id=19020, stack(0x0000000016410000,0x0000000016510000)]
  0x000000000295e000 JavaThread "main" [_thread_blocked, id=17468, stack(0x00000000029f0000,0x0000000002af0000)]

Other Threads:
  0x0000000015286800 VMThread [stack: 0x0000000016310000,0x0000000016410000] [id=19156]
  0x0000000016b3a800 WatcherThread [stack: 0x0000000017010000,0x0000000017110000] [id=18824]

VM state:not at safepoint (normal execution)

VM Mutex/Monitor currently owned by a thread: None

Heap:
 PSYoungGen      total 18944K, used 9827K [0x00000000eab00000, 0x00000000ec000000, 0x0000000100000000)
  eden space 16384K, 59% used [0x00000000eab00000,0x00000000eb498d40,0x00000000ebb00000)
  from space 2560K, 0% used [0x00000000ebd80000,0x00000000ebd80000,0x00000000ec000000)
  to   space 2560K, 0% used [0x00000000ebb00000,0x00000000ebb00000,0x00000000ebd80000)
 ParOldGen       total 44032K, used 0K [0x00000000c0000000, 0x00000000c2b00000, 0x00000000eab00000)
  object space 44032K, 0% used [0x00000000c0000000,0x00000000c0000000,0x00000000c2b00000)
 Metaspace       used 5278K, capacity 6352K, committed 6528K, reserved 1056768K
  class space    used 570K, capacity 584K, committed 640K, reserved 1048576K

Card table byte_map: [0x0000000011fb0000,0x00000000121c0000] byte_map_base: 0x00000000119b0000

Marking Bits: (ParMarkBitMap*) 0x000000007333d490
 Begin Bits: [0x0000000012720000, 0x0000000013720000)
 End Bits:   [0x0000000013720000, 0x0000000014720000)

Polling page: 0x0000000000ff0000

CodeCache: size=245760Kb used=2026Kb max_used=2026Kb free=243733Kb
 bounds [0x0000000002bf0000, 0x0000000002e60000, 0x0000000011bf0000]
 total_blobs=770 nmethods=507 adapters=177
 compilation: enabled

Compilation events (10 events):
Event: 1.743 Thread 0x00000000152de800 nmethod 503 0x0000000002de74d0 code [0x0000000002de7640, 0x0000000002de78c8]
Event: 1.745 Thread 0x00000000152de800  505       3       java.util.jar.JarFile::getManifestFromReference (113 bytes)
Event: 1.747 Thread 0x00000000152de800 nmethod 505 0x0000000002de7a50 code [0x0000000002de7d80, 0x0000000002de93d8]
Event: 1.747 Thread 0x00000000152de800  504       3       java.util.jar.JarFile::getManifest (5 bytes)
Event: 1.747 Thread 0x00000000152de800 nmethod 504 0x0000000002dea190 code [0x0000000002dea300, 0x0000000002dea488]
Event: 1.814 Thread 0x00000000152de800  506       3       com.android.dx.cf.code.BasicBlocker::addWorkIfNecessary (32 bytes)
Event: 1.814 Thread 0x00000000152de800 nmethod 506 0x0000000002dea510 code [0x0000000002dea6a0, 0x0000000002deaa70]
Event: 1.814 Thread 0x00000000152de800  509       3       com.android.dx.util.LabeledList::addLabelIndex (43 bytes)
Event: 1.814 Thread 0x00000000152de800 nmethod 509 0x0000000002dead90 code [0x0000000002deaf20, 0x0000000002deb378]
Event: 1.814 Thread 0x00000000152de800  507   !   3       com.android.dx.cf.code.BytecodeArray::parseInstruction (2764 bytes)

GC Heap History (0 events):
No events

Deoptimization events (0 events):
No events

Internal exceptions (10 events):
Event: 1.712 Thread 0x0000000016d40000 Exception <a 'java/security/PrivilegedActionException'> (0x00000000eb3fc1c0) thrown at [D:\re\workspace\8-2-build-windows-amd64-cygwin\jdk8u25\1677\hotspot\src\share\vm\prims\jvm.cpp, line 1312]
Event: 1.713 Thread 0x0000000016d40000 Exception <a 'java/security/PrivilegedActionException'> (0x00000000eb401758) thrown at [D:\re\workspace\8-2-build-windows-amd64-cygwin\jdk8u25\1677\hotspot\src\share\vm\prims\jvm.cpp, line 1312]
Event: 1.718 Thread 0x0000000016d40000 Exception <a 'java/security/PrivilegedActionException'> (0x00000000eb407450) thrown at [D:\re\workspace\8-2-build-windows-amd64-cygwin\jdk8u25\1677\hotspot\src\share\vm\prims\jvm.cpp, line 1312]
Event: 1.728 Thread 0x0000000016d40000 Exception <a 'java/security/PrivilegedActionException'> (0x00000000eb415bb0) thrown at [D:\re\workspace\8-2-build-windows-amd64-cygwin\jdk8u25\1677\hotspot\src\share\vm\prims\jvm.cpp, line 1312]
Event: 1.744 Thread 0x0000000016d40000 Exception <a 'java/security/PrivilegedActionException'> (0x00000000eb41be18) thrown at [D:\re\workspace\8-2-build-windows-amd64-cygwin\jdk8u25\1677\hotspot\src\share\vm\prims\jvm.cpp, line 1312]
Event: 1.744 Thread 0x0000000016d40000 Exception <a 'java/security/PrivilegedActionException'> (0x00000000eb420540) thrown at [D:\re\workspace\8-2-build-windows-amd64-cygwin\jdk8u25\1677\hotspot\src\share\vm\prims\jvm.cpp, line 1312]
Event: 1.745 Thread 0x0000000016d40000 Exception <a 'java/security/PrivilegedActionException'> (0x00000000eb425f78) thrown at [D:\re\workspace\8-2-build-windows-amd64-cygwin\jdk8u25\1677\hotspot\src\share\vm\prims\jvm.cpp, line 1312]
Event: 1.747 Thread 0x0000000016d40000 Exception <a 'java/security/PrivilegedActionException'> (0x00000000eb42f468) thrown at [D:\re\workspace\8-2-build-windows-amd64-cygwin\jdk8u25\1677\hotspot\src\share\vm\prims\jvm.cpp, line 1312]
Event: 1.748 Thread 0x0000000016d40000 Exception <a 'java/security/PrivilegedActionException'> (0x00000000eb434bf0) thrown at [D:\re\workspace\8-2-build-windows-amd64-cygwin\jdk8u25\1677\hotspot\src\share\vm\prims\jvm.cpp, line 1312]
Event: 1.751 Thread 0x0000000016d40000 Exception <a 'java/security/PrivilegedActionException'> (0x00000000eb437bf8) thrown at [D:\re\workspace\8-2-build-windows-amd64-cygwin\jdk8u25\1677\hotspot\src\share\vm\prims\jvm.cpp, line 1312]

Events (10 events):
Event: 1.745 loading class com/android/dx/dex/file/CodeItem
Event: 1.745 loading class com/android/dx/dex/file/CodeItem done
Event: 1.747 loading class com/android/dx/dex/file/DebugInfoItem
Event: 1.747 loading class com/android/dx/dex/file/DebugInfoItem done
Event: 1.748 loading class java/io/PrintWriter
Event: 1.748 loading class java/io/PrintWriter done
Event: 1.748 loading class com/android/dx/rop/annotation/AnnotationsList
Event: 1.748 loading class com/android/dx/rop/annotation/AnnotationsList done
Event: 1.750 loading class com/android/dx/dex/file/MethodIdItem
Event: 1.750 loading class com/android/dx/dex/file/MethodIdItem done


Dynamic libraries:
0x00007ff7f70c0000 - 0x00007ff7f70f4000 	C:\Program Files\Java\jdk1.8.0_25\bin\java.exe
0x00007fff80c20000 - 0x00007fff80de1000 	C:\WINDOWS\SYSTEM32\ntdll.dll
0x00007fff80400000 - 0x00007fff804ad000 	C:\WINDOWS\system32\KERNEL32.DLL
0x00007fff7d680000 - 0x00007fff7d868000 	C:\WINDOWS\system32\KERNELBASE.dll
0x00007fff80850000 - 0x00007fff808f7000 	C:\WINDOWS\system32\ADVAPI32.dll
0x00007fff801e0000 - 0x00007fff8027d000 	C:\WINDOWS\system32\msvcrt.dll
0x00007fff7ec20000 - 0x00007fff7ec7b000 	C:\WINDOWS\system32\sechost.dll
0x00007fff804b0000 - 0x00007fff805cc000 	C:\WINDOWS\system32\RPCRT4.dll
0x00007fff7e030000 - 0x00007fff7e186000 	C:\WINDOWS\system32\USER32.dll
0x00007fff7e450000 - 0x00007fff7e5d6000 	C:\WINDOWS\system32\GDI32.dll
0x00007fff76200000 - 0x00007fff76474000 	C:\WINDOWS\WinSxS\amd64_microsoft.windows.common-controls_6595b64144ccf1df_6.0.10586.494_none_a2d8b04ea53e3145\COMCTL32.dll
0x00007fff805d0000 - 0x00007fff8084d000 	C:\WINDOWS\system32\combase.dll
0x00007fff7d4f0000 - 0x00007fff7d55a000 	C:\WINDOWS\system32\bcryptPrimitives.dll
0x00007fff80be0000 - 0x00007fff80c1b000 	C:\WINDOWS\system32\IMM32.DLL
0x00000000726a0000 - 0x0000000072772000 	C:\Program Files\Java\jdk1.8.0_25\jre\bin\msvcr100.dll
0x0000000072b60000 - 0x00000000733ba000 	C:\Program Files\Java\jdk1.8.0_25\jre\bin\server\jvm.dll
0x00007fff7e190000 - 0x00007fff7e198000 	C:\WINDOWS\system32\PSAPI.DLL
0x00007fff65bb0000 - 0x00007fff65bb9000 	C:\WINDOWS\SYSTEM32\WSOCK32.dll
0x00007fff7ebb0000 - 0x00007fff7ec1b000 	C:\WINDOWS\system32\WS2_32.dll
0x00007fff7b560000 - 0x00007fff7b583000 	C:\WINDOWS\SYSTEM32\WINMM.dll
0x00007fff7b110000 - 0x00007fff7b13c000 	C:\WINDOWS\SYSTEM32\WINMMBASE.dll
0x00007fff7d4a0000 - 0x00007fff7d4e3000 	C:\WINDOWS\system32\cfgmgr32.dll
0x0000000072b50000 - 0x0000000072b5f000 	C:\Program Files\Java\jdk1.8.0_25\jre\bin\verify.dll
0x0000000072b20000 - 0x0000000072b48000 	C:\Program Files\Java\jdk1.8.0_25\jre\bin\java.dll
0x0000000072b00000 - 0x0000000072b16000 	C:\Program Files\Java\jdk1.8.0_25\jre\bin\zip.dll
0x00007fff7ec80000 - 0x00007fff801dc000 	C:\WINDOWS\system32\SHELL32.dll
0x00007fff7d870000 - 0x00007fff7deb5000 	C:\WINDOWS\system32\windows.storage.dll
0x00007fff80b80000 - 0x00007fff80bd2000 	C:\WINDOWS\system32\shlwapi.dll
0x00007fff7d2c0000 - 0x00007fff7d2cf000 	C:\WINDOWS\system32\kernel.appcore.dll
0x00007fff7d5c0000 - 0x00007fff7d675000 	C:\WINDOWS\system32\shcore.dll
0x00007fff7d270000 - 0x00007fff7d2bb000 	C:\WINDOWS\system32\powrprof.dll
0x00007fff7d240000 - 0x00007fff7d254000 	C:\WINDOWS\system32\profapi.dll
0x00007fff63a80000 - 0x00007fff63c0c000 	C:\WINDOWS\SYSTEM32\dbghelp.dll

VM Arguments:
jvm_args: -Djava.awt.headless=true -Xmx1024M -Dfile.encoding=windows-1252 -Duser.country=FR -Duser.language=fr -Duser.variant 
java_command: com.android.dx.command.Main --dex --force-jumbo --num-threads=4 --multi-dex --output C:\Users\Famille\AndroidStudioProjects\Niviel\app\build\intermediates\transforms\dex\debug\folders\1000\5\slice_6 C:\Users\Famille\AndroidStudioProjects\Niviel\app\build\intermediates\transforms\instantRunSlicer\debug\folders\1\5\slice_6
java_class_path (initial): C:\Users\Famille\AppData\Local\Android\sdk\build-tools\23.0.2\lib\dx.jar
Launcher Type: SUN_STANDARD

Environment Variables:
JAVA_HOME=C:\Program Files\Java\jdk1.8.0_25
PATH=C:\Program Files\Broadcom\Broadcom 802.11 Network Adapter;;C:\Program Files\Broadcom\Broadcom 802.11;C:\ProgramData\Oracle\Java\javapath;C:\Program Files (x86)\Intel\iCLS Client\;C:\Program Files\Intel\iCLS Client\;C:\Windows\system32;C:\Windows;C:\Windows\System32\Wbem;C:\Windows\System32\WindowsPowerShell\v1.0\;C:\Program Files\Hewlett-Packard\SimplePass\;C:\wamp\bin\php\php5.5.12;C:\Python27;C:\Users\Famille\AppData\Roaming\npm\;C:\Program Files\nodejs\;C:\Program Files\Git\cmd;C:\Program Files (x86)\Brackets\command;C:\Program Files (x86)\Ant\bin;C:\Program Files (x86)\Maven\bin;C:\Program Files (x86)\Intel\Intel(R) Management Engine Components\DAL;C:\Program Files\Intel\Intel(R) Management Engine Components\DAL;C:\Program Files (x86)\Intel\Intel(R) Management Engine Components\IPT;C:\Program Files\Intel\Intel(R) Management Engine Components\IPT;C:\Users\Famille\AppData\Local\atom\bin;C:\Users\Famille\AppData\Roaming\npm
USERNAME=de Lachaux
OS=Windows_NT
PROCESSOR_IDENTIFIER=Intel64 Family 6 Model 69 Stepping 1, GenuineIntel



---------------  S Y S T E M  ---------------

OS: Windows 8.1 , 64 bit Build 9600 

CPU:total 4 (2 cores per cpu, 2 threads per core) family 6 model 69 stepping 1, cmov, cx8, fxsr, mmx, sse, sse2, sse3, ssse3, sse4.1, sse4.2, popcnt, avx, avx2, aes, clmul, erms, lzcnt, ht, tsc, tscinvbit, bmi1, bmi2

Memory: 4k page, physical 4122776k(294908k free), swap 5555352k(5624k free)

vm_info: Java HotSpot(TM) 64-Bit Server VM (25.25-b02) for windows-amd64 JRE (1.8.0_25-b18), built on Oct  7 2014 14:25:37 by "java_re" with MS VC++ 10.0 (VS2010)

time: Tue Aug 23 20:15:11 2016
elapsed time: 1 seconds (0d 0h 0m 1s)

