#
# There is insufficient memory for the Java Runtime Environment to continue.
# Native memory allocation (malloc) failed to allocate 1217056 bytes for Chunk::new
# Possible reasons:
#   The system is out of physical RAM or swap space
#   In 32 bit mode, the process size limit was hit
# Possible solutions:
#   Reduce memory load on the system
#   Increase physical memory or swap space
#   Check if swap backing store is full
#   Use 64 bit Java on a 64 bit OS
#   Decrease Java heap size (-Xmx/-Xms)
#   Decrease number of Java threads
#   Decrease Java thread stack sizes (-Xss)
#   Set larger code cache with -XX:ReservedCodeCacheSize=
# This output file may be truncated or incomplete.
#
#  Out of Memory Error (allocation.cpp:390), pid=5544, tid=6320
#
# JRE version: Java(TM) SE Runtime Environment (8.0_25-b18) (build 1.8.0_25-b18)
# Java VM: Java HotSpot(TM) 64-Bit Server VM (25.25-b02 mixed mode windows-amd64 compressed oops)
# Failed to write core dump. Minidumps are not enabled by default on client versions of Windows
#

---------------  T H R E A D  ---------------

Current thread (0x000000001565c000):  JavaThread "C2 CompilerThread0" daemon [_thread_in_native, id=6320, stack(0x0000000016bc0000,0x0000000016cc0000)]

Stack: [0x0000000016bc0000,0x0000000016cc0000]
Native frames: (J=compiled Java code, j=interpreted, Vv=VM code, C=native code)
V  [jvm.dll+0x31667a]


Current CompileTask:
C2:   1236  649   !   4       com.android.dx.cf.code.BytecodeArray::parseInstruction (2764 bytes)


---------------  P R O C E S S  ---------------

Java Threads: ( => current thread )
  0x000000001731f800 JavaThread "pool-2-thread-4" [_thread_in_Java, id=14228, stack(0x00000000178c0000,0x00000000179c0000)]
  0x000000001731f000 JavaThread "pool-2-thread-3" [_thread_in_Java, id=13364, stack(0x00000000177c0000,0x00000000178c0000)]
  0x0000000017314000 JavaThread "pool-2-thread-2" [_thread_in_vm, id=10172, stack(0x00000000176c0000,0x00000000177c0000)]
  0x00000000171fd800 JavaThread "pool-3-thread-1" [_thread_blocked, id=13400, stack(0x00000000175c0000,0x00000000176c0000)]
  0x00000000171fc800 JavaThread "pool-2-thread-1" [_thread_in_Java, id=12332, stack(0x00000000174c0000,0x00000000175c0000)]
  0x00000000156bc000 JavaThread "Service Thread" daemon [_thread_blocked, id=13424, stack(0x0000000016ec0000,0x0000000016fc0000)]
  0x00000000156b5000 JavaThread "C1 CompilerThread2" daemon [_thread_blocked, id=13340, stack(0x0000000016dc0000,0x0000000016ec0000)]
  0x0000000015694800 JavaThread "C2 CompilerThread1" daemon [_thread_in_native, id=6448, stack(0x0000000016cc0000,0x0000000016dc0000)]
=>0x000000001565c000 JavaThread "C2 CompilerThread0" daemon [_thread_in_native, id=6320, stack(0x0000000016bc0000,0x0000000016cc0000)]
  0x000000001565a800 JavaThread "Attach Listener" daemon [_thread_blocked, id=14924, stack(0x0000000016ac0000,0x0000000016bc0000)]
  0x0000000015659800 JavaThread "Signal Dispatcher" daemon [_thread_blocked, id=14896, stack(0x00000000169c0000,0x0000000016ac0000)]
  0x0000000002f80800 JavaThread "Finalizer" daemon [_thread_blocked, id=14840, stack(0x00000000168c0000,0x00000000169c0000)]
  0x0000000002f7d000 JavaThread "Reference Handler" daemon [_thread_blocked, id=15060, stack(0x00000000167c0000,0x00000000168c0000)]
  0x0000000002d8e000 JavaThread "main" [_thread_in_Java, id=14888, stack(0x0000000002d90000,0x0000000002e90000)]

Other Threads:
  0x0000000015626800 VMThread [stack: 0x00000000166c0000,0x00000000167c0000] [id=15240]
  0x00000000156be800 WatcherThread [stack: 0x0000000016fc0000,0x00000000170c0000] [id=13012]

VM state:not at safepoint (normal execution)

VM Mutex/Monitor currently owned by a thread: None

Heap:
 PSYoungGen      total 18944K, used 14821K [0x00000000eab00000, 0x00000000ec000000, 0x0000000100000000)
  eden space 16384K, 90% used [0x00000000eab00000,0x00000000eb979718,0x00000000ebb00000)
  from space 2560K, 0% used [0x00000000ebd80000,0x00000000ebd80000,0x00000000ec000000)
  to   space 2560K, 0% used [0x00000000ebb00000,0x00000000ebb00000,0x00000000ebd80000)
 ParOldGen       total 44032K, used 0K [0x00000000c0000000, 0x00000000c2b00000, 0x00000000eab00000)
  object space 44032K, 0% used [0x00000000c0000000,0x00000000c0000000,0x00000000c2b00000)
 Metaspace       used 5620K, capacity 6704K, committed 6784K, reserved 1056768K
  class space    used 584K, capacity 616K, committed 640K, reserved 1048576K

Card table byte_map: [0x0000000012350000,0x0000000012560000] byte_map_base: 0x0000000011d50000

Marking Bits: (ParMarkBitMap*) 0x0000000057b9d490
 Begin Bits: [0x0000000012ac0000, 0x0000000013ac0000)
 End Bits:   [0x0000000013ac0000, 0x0000000014ac0000)

Polling page: 0x0000000002bb0000

CodeCache: size=245760Kb used=2732Kb max_used=2732Kb free=243027Kb
 bounds [0x0000000002f90000, 0x0000000003240000, 0x0000000011f90000]
 total_blobs=947 nmethods=683 adapters=178
 compilation: enabled

Compilation events (10 events):
Event: 1.225 Thread 0x00000000156b5000 nmethod 680 0x00000000031fb390 code [0x00000000031fb4e0, 0x00000000031fb5f0]
Event: 1.225 Thread 0x00000000156b5000  662       3       com.android.dx.util.IntList::<init> (6 bytes)
Event: 1.225 Thread 0x00000000156b5000 nmethod 662 0x0000000003209ad0 code [0x0000000003209c40, 0x0000000003209dc8]
Event: 1.225 Thread 0x00000000156b5000  676       3       com.android.dx.util.BitIntSet$1::<init> (25 bytes)
Event: 1.225 Thread 0x00000000156b5000 nmethod 676 0x0000000003209650 code [0x00000000032097c0, 0x00000000032099e8]
Event: 1.225 Thread 0x00000000156b5000  687       3       com.android.dx.rop.cst.Constant::compareTo (33 bytes)
Event: 1.226 Thread 0x00000000156b5000 nmethod 687 0x0000000003208b50 code [0x0000000003208d00, 0x0000000003209438]
Event: 1.226 Thread 0x00000000156b5000  669       3       com.android.dx.cf.code.BaseMachine::getLocalTarget (151 bytes)
Event: 1.227 Thread 0x00000000156b5000 nmethod 669 0x000000000322f590 code [0x000000000322f820, 0x00000000032309a8]
Event: 1.227 Thread 0x00000000156b5000  672       3       com.android.dx.cf.code.ExecutionStack::peek (42 bytes)

GC Heap History (0 events):
No events

Deoptimization events (0 events):
No events

Internal exceptions (10 events):
Event: 1.123 Thread 0x0000000017314000 Exception <a 'java/security/PrivilegedActionException'> (0x00000000eb5b53c8) thrown at [D:\re\workspace\8-2-build-windows-amd64-cygwin\jdk8u25\1677\hotspot\src\share\vm\prims\jvm.cpp, line 1312]
Event: 1.124 Thread 0x0000000017314000 Exception <a 'java/security/PrivilegedActionException'> (0x00000000eb5ba928) thrown at [D:\re\workspace\8-2-build-windows-amd64-cygwin\jdk8u25\1677\hotspot\src\share\vm\prims\jvm.cpp, line 1312]
Event: 1.125 Thread 0x0000000017314000 Exception <a 'java/security/PrivilegedActionException'> (0x00000000eb5be9a0) thrown at [D:\re\workspace\8-2-build-windows-amd64-cygwin\jdk8u25\1677\hotspot\src\share\vm\prims\jvm.cpp, line 1312]
Event: 1.129 Thread 0x00000000171fc800 Exception <a 'java/security/PrivilegedActionException'> (0x00000000eb5e9090) thrown at [D:\re\workspace\8-2-build-windows-amd64-cygwin\jdk8u25\1677\hotspot\src\share\vm\prims\jvm.cpp, line 1312]
Event: 1.130 Thread 0x00000000171fc800 Exception <a 'java/security/PrivilegedActionException'> (0x00000000eb5ef2f8) thrown at [D:\re\workspace\8-2-build-windows-amd64-cygwin\jdk8u25\1677\hotspot\src\share\vm\prims\jvm.cpp, line 1312]
Event: 1.130 Thread 0x000000001731f800 Exception <a 'java/security/PrivilegedActionException'> (0x00000000eb41db30) thrown at [D:\re\workspace\8-2-build-windows-amd64-cygwin\jdk8u25\1677\hotspot\src\share\vm\prims\jvm.cpp, line 1312]
Event: 1.141 Thread 0x000000001731f800 Exception <a 'java/security/PrivilegedActionException'> (0x00000000eb44d8a0) thrown at [D:\re\workspace\8-2-build-windows-amd64-cygwin\jdk8u25\1677\hotspot\src\share\vm\prims\jvm.cpp, line 1312]
Event: 1.152 Thread 0x0000000002d8e000 Exception <a 'java/security/PrivilegedActionException'> (0x00000000eb4ffa30) thrown at [D:\re\workspace\8-2-build-windows-amd64-cygwin\jdk8u25\1677\hotspot\src\share\vm\prims\jvm.cpp, line 1312]
Event: 1.153 Thread 0x0000000002d8e000 Exception <a 'java/security/PrivilegedActionException'> (0x00000000eb6e03f8) thrown at [D:\re\workspace\8-2-build-windows-amd64-cygwin\jdk8u25\1677\hotspot\src\share\vm\prims\jvm.cpp, line 1312]
Event: 1.154 Thread 0x0000000002d8e000 Exception <a 'java/security/PrivilegedActionException'> (0x00000000eb6e5f40) thrown at [D:\re\workspace\8-2-build-windows-amd64-cygwin\jdk8u25\1677\hotspot\src\share\vm\prims\jvm.cpp, line 1312]

Events (10 events):
Event: 1.139 loading class java/util/DualPivotQuicksort
Event: 1.140 loading class java/util/DualPivotQuicksort done
Event: 1.141 loading class com/android/dx/cf/code/SwitchList
Event: 1.141 loading class com/android/dx/cf/code/SwitchList done
Event: 1.152 loading class com/android/dx/dex/file/ParameterAnnotationStruct
Event: 1.152 loading class com/android/dx/dex/file/ParameterAnnotationStruct done
Event: 1.153 loading class com/android/dx/dex/file/UniformListItem
Event: 1.153 loading class com/android/dx/dex/file/UniformListItem done
Event: 1.154 loading class com/android/dx/dex/file/AnnotationSetRefItem
Event: 1.154 loading class com/android/dx/dex/file/AnnotationSetRefItem done


Dynamic libraries:
0x00007ff620af0000 - 0x00007ff620b24000 	C:\Program Files\Java\jdk1.8.0_25\bin\java.exe
0x00007ffdb2fd0000 - 0x00007ffdb3191000 	C:\WINDOWS\SYSTEM32\ntdll.dll
0x00007ffdb2650000 - 0x00007ffdb26fd000 	C:\WINDOWS\system32\KERNEL32.DLL
0x00007ffdafe10000 - 0x00007ffdafff8000 	C:\WINDOWS\system32\KERNELBASE.dll
0x00007ffdb0d80000 - 0x00007ffdb0e27000 	C:\WINDOWS\system32\ADVAPI32.dll
0x00007ffdb1050000 - 0x00007ffdb10ed000 	C:\WINDOWS\system32\msvcrt.dll
0x00007ffdb2f70000 - 0x00007ffdb2fcb000 	C:\WINDOWS\system32\sechost.dll
0x00007ffdb0780000 - 0x00007ffdb089c000 	C:\WINDOWS\system32\RPCRT4.dll
0x00007ffdb2cf0000 - 0x00007ffdb2e46000 	C:\WINDOWS\system32\USER32.dll
0x00007ffdb0520000 - 0x00007ffdb06a6000 	C:\WINDOWS\system32\GDI32.dll
0x00007ffda7820000 - 0x00007ffda7a94000 	C:\WINDOWS\WinSxS\amd64_microsoft.windows.common-controls_6595b64144ccf1df_6.0.10586.494_none_a2d8b04ea53e3145\COMCTL32.dll
0x00007ffdb08a0000 - 0x00007ffdb0b1d000 	C:\WINDOWS\system32\combase.dll
0x00007ffdafd80000 - 0x00007ffdafdea000 	C:\WINDOWS\system32\bcryptPrimitives.dll
0x00007ffdb03d0000 - 0x00007ffdb040b000 	C:\WINDOWS\system32\IMM32.DLL
0x0000000056f00000 - 0x0000000056fd2000 	C:\Program Files\Java\jdk1.8.0_25\jre\bin\msvcr100.dll
0x00000000573c0000 - 0x0000000057c1a000 	C:\Program Files\Java\jdk1.8.0_25\jre\bin\server\jvm.dll
0x00007ffdb0d00000 - 0x00007ffdb0d08000 	C:\WINDOWS\system32\PSAPI.DLL
0x00007ffd9d1c0000 - 0x00007ffd9d1c9000 	C:\WINDOWS\SYSTEM32\WSOCK32.dll
0x00007ffdb0d10000 - 0x00007ffdb0d7b000 	C:\WINDOWS\system32\WS2_32.dll
0x00007ffdad8c0000 - 0x00007ffdad8e3000 	C:\WINDOWS\SYSTEM32\WINMM.dll
0x00007ffdad030000 - 0x00007ffdad05c000 	C:\WINDOWS\SYSTEM32\WINMMBASE.dll
0x00007ffdb0000000 - 0x00007ffdb0043000 	C:\WINDOWS\system32\cfgmgr32.dll
0x00000000573b0000 - 0x00000000573bf000 	C:\Program Files\Java\jdk1.8.0_25\jre\bin\verify.dll
0x0000000057380000 - 0x00000000573a8000 	C:\Program Files\Java\jdk1.8.0_25\jre\bin\java.dll
0x0000000057360000 - 0x0000000057376000 	C:\Program Files\Java\jdk1.8.0_25\jre\bin\zip.dll
0x00007ffdb10f0000 - 0x00007ffdb264c000 	C:\WINDOWS\system32\SHELL32.dll
0x00007ffdaf730000 - 0x00007ffdafd75000 	C:\WINDOWS\system32\windows.storage.dll
0x00007ffdb2c90000 - 0x00007ffdb2ce2000 	C:\WINDOWS\system32\shlwapi.dll
0x00007ffdaf670000 - 0x00007ffdaf67f000 	C:\WINDOWS\system32\kernel.appcore.dll
0x00007ffdb0140000 - 0x00007ffdb01f5000 	C:\WINDOWS\system32\shcore.dll
0x00007ffdaf5f0000 - 0x00007ffdaf63b000 	C:\WINDOWS\system32\powrprof.dll
0x00007ffdaf640000 - 0x00007ffdaf654000 	C:\WINDOWS\system32\profapi.dll

VM Arguments:
jvm_args: -Djava.awt.headless=true -Xmx1024M -Dfile.encoding=windows-1252 -Duser.country=FR -Duser.language=fr -Duser.variant 
java_command: com.android.dx.command.Main --dex --force-jumbo --num-threads=4 --multi-dex --output C:\Users\Famille\AndroidStudioProjects\Niviel\app\build\intermediates\transforms\dex\debug\folders\1000\5\slice_1 C:\Users\Famille\AndroidStudioProjects\Niviel\app\build\intermediates\transforms\instantRunSlicer\debug\folders\1\5\slice_1
java_class_path (initial): C:\Users\Famille\AppData\Local\Android\sdk\build-tools\23.0.2\lib\dx.jar
Launcher Type: SUN_STANDARD

Environment Variables:
JAVA_HOME=C:\Program Files\Java\jdk1.8.0_25
PATH=C:\Program Files\Broadcom\Broadcom 802.11 Network Adapter;;C:\Program Files\Broadcom\Broadcom 802.11;C:\ProgramData\Oracle\Java\javapath;C:\Program Files (x86)\Intel\iCLS Client\;C:\Program Files\Intel\iCLS Client\;C:\Windows\system32;C:\Windows;C:\Windows\System32\Wbem;C:\Windows\System32\WindowsPowerShell\v1.0\;C:\Program Files\Hewlett-Packard\SimplePass\;C:\wamp\bin\php\php5.5.12;C:\Python27;C:\Users\Famille\AppData\Roaming\npm\;C:\Program Files\nodejs\;C:\Program Files\Git\cmd;C:\Program Files (x86)\Brackets\command;C:\Program Files (x86)\Ant\bin;C:\Program Files (x86)\Maven\bin;C:\Program Files (x86)\Intel\Intel(R) Management Engine Components\DAL;C:\Program Files\Intel\Intel(R) Management Engine Components\DAL;C:\Program Files (x86)\Intel\Intel(R) Management Engine Components\IPT;C:\Program Files\Intel\Intel(R) Management Engine Components\IPT;C:\Users\Famille\AppData\Local\atom\bin;C:\Users\Famille\AppData\Roaming\npm
USERNAME=de Lachaux
OS=Windows_NT
PROCESSOR_IDENTIFIER=Intel64 Family 6 Model 69 Stepping 1, GenuineIntel



---------------  S Y S T E M  ---------------

OS: Windows 8.1 , 64 bit Build 9600 

CPU:total 4 (2 cores per cpu, 2 threads per core) family 6 model 69 stepping 1, cmov, cx8, fxsr, mmx, sse, sse2, sse3, ssse3, sse4.1, sse4.2, popcnt, avx, avx2, aes, clmul, erms, lzcnt, ht, tsc, tscinvbit, bmi1, bmi2

Memory: 4k page, physical 4122776k(595476k free), swap 5555352k(5168k free)

vm_info: Java HotSpot(TM) 64-Bit Server VM (25.25-b02) for windows-amd64 JRE (1.8.0_25-b18), built on Oct  7 2014 14:25:37 by "java_re" with MS VC++ 10.0 (VS2010)

time: Mon Aug 22 17:55:47 2016
elapsed time: 1 seconds (0d 0h 0m 1s)

