#
# There is insufficient memory for the Java Runtime Environment to continue.
# Native memory allocation (malloc) failed to allocate 2080256 bytes for Chunk::new
# Possible reasons:
#   The system is out of physical RAM or swap space
#   In 32 bit mode, the process size limit was hit
# Possible solutions:
#   Reduce memory load on the system
#   Increase physical memory or swap space
#   Check if swap backing store is full
#   Use 64 bit Java on a 64 bit OS
#   Decrease Java heap size (-Xmx/-Xms)
#   Decrease number of Java threads
#   Decrease Java thread stack sizes (-Xss)
#   Set larger code cache with -XX:ReservedCodeCacheSize=
# This output file may be truncated or incomplete.
#
#  Out of Memory Error (allocation.cpp:390), pid=21768, tid=22104
#
# JRE version: Java(TM) SE Runtime Environment (8.0_25-b18) (build 1.8.0_25-b18)
# Java VM: Java HotSpot(TM) 64-Bit Server VM (25.25-b02 mixed mode windows-amd64 compressed oops)
# Failed to write core dump. Minidumps are not enabled by default on client versions of Windows
#

---------------  T H R E A D  ---------------

Current thread (0x000000001535b800):  JavaThread "C2 CompilerThread0" daemon [_thread_in_native, id=22104, stack(0x00000000168c0000,0x00000000169c0000)]

Stack: [0x00000000168c0000,0x00000000169c0000]
Native frames: (J=compiled Java code, j=interpreted, Vv=VM code, C=native code)
V  [jvm.dll+0x31667a]
V  [jvm.dll+0x267073]
V  [jvm.dll+0x267cb3]
V  [jvm.dll+0x25f5b5]
V  [jvm.dll+0xbf165]
V  [jvm.dll+0xbf60c]
V  [jvm.dll+0x45d672]
V  [jvm.dll+0x49e8ef]
V  [jvm.dll+0x452b41]
V  [jvm.dll+0x453864]
V  [jvm.dll+0x437372]
V  [jvm.dll+0x98a02]
V  [jvm.dll+0x991f3]
V  [jvm.dll+0x22bde4]
V  [jvm.dll+0x2852fa]
C  [msvcr100.dll+0x21d9f]
C  [msvcr100.dll+0x21e3b]
C  [KERNEL32.DLL+0x18102]
C  [ntdll.dll+0x5c5b4]


Current CompileTask:
C2:   7867 1829   !   4       com.android.dx.cf.code.BytecodeArray::parseInstruction (2764 bytes)


---------------  P R O C E S S  ---------------

Java Threads: ( => current thread )
  0x000000001702e800 JavaThread "pool-1-thread-1" [_thread_new, id=20076, stack(0x0000000000000000,0x0000000000000000)]
  0x00000000153bb000 JavaThread "Service Thread" daemon [_thread_blocked, id=17396, stack(0x0000000016bc0000,0x0000000016cc0000)]
  0x00000000153b3000 JavaThread "C1 CompilerThread2" daemon [_thread_blocked, id=21856, stack(0x0000000016ac0000,0x0000000016bc0000)]
  0x0000000015361000 JavaThread "C2 CompilerThread1" daemon [_thread_in_native, id=21300, stack(0x00000000169c0000,0x0000000016ac0000)]
=>0x000000001535b800 JavaThread "C2 CompilerThread0" daemon [_thread_in_native, id=22104, stack(0x00000000168c0000,0x00000000169c0000)]
  0x000000001535a800 JavaThread "Attach Listener" daemon [_thread_blocked, id=22200, stack(0x00000000167c0000,0x00000000168c0000)]
  0x0000000015359000 JavaThread "Signal Dispatcher" daemon [_thread_blocked, id=17052, stack(0x00000000166c0000,0x00000000167c0000)]
  0x0000000002c7e800 JavaThread "Finalizer" daemon [_thread_blocked, id=20876, stack(0x00000000165c0000,0x00000000166c0000)]
  0x0000000002c7d800 JavaThread "Reference Handler" daemon [_thread_blocked, id=22264, stack(0x00000000164c0000,0x00000000165c0000)]
  0x00000000012ae000 JavaThread "main" [_thread_blocked, id=22312, stack(0x0000000002a90000,0x0000000002b90000)]

Other Threads:
  0x0000000015326800 VMThread [stack: 0x00000000163c0000,0x00000000164c0000] [id=18808]
  0x00000000153bd000 WatcherThread [stack: 0x0000000016cc0000,0x0000000016dc0000] [id=18872]

VM state:not at safepoint (normal execution)

VM Mutex/Monitor currently owned by a thread: None

Heap:
 PSYoungGen      total 68096K, used 21798K [0x00000000eab00000, 0x00000000ef000000, 0x0000000100000000)
  eden space 65536K, 29% used [0x00000000eab00000,0x00000000ebdcc800,0x00000000eeb00000)
  from space 2560K, 99% used [0x00000000eed80000,0x00000000eeffd068,0x00000000ef000000)
  to   space 2560K, 0% used [0x00000000eeb00000,0x00000000eeb00000,0x00000000eed80000)
 ParOldGen       total 44032K, used 14457K [0x00000000c0000000, 0x00000000c2b00000, 0x00000000eab00000)
  object space 44032K, 32% used [0x00000000c0000000,0x00000000c0e1e538,0x00000000c2b00000)
 Metaspace       used 6217K, capacity 7088K, committed 7296K, reserved 1056768K
  class space    used 591K, capacity 616K, committed 640K, reserved 1048576K

Card table byte_map: [0x0000000012050000,0x0000000012260000] byte_map_base: 0x0000000011a50000

Marking Bits: (ParMarkBitMap*) 0x0000000072d8d490
 Begin Bits: [0x00000000127c0000, 0x00000000137c0000)
 End Bits:   [0x00000000137c0000, 0x00000000147c0000)

Polling page: 0x0000000001060000

CodeCache: size=245760Kb used=8176Kb max_used=8196Kb free=237583Kb
 bounds [0x0000000002c90000, 0x00000000034a0000, 0x0000000011c90000]
 total_blobs=2108 nmethods=1843 adapters=178
 compilation: enabled

Compilation events (10 events):
Event: 7.169 Thread 0x00000000153b3000 1848       3       com.android.dx.rop.cst.CstArray$List::<init> (6 bytes)
Event: 7.169 Thread 0x00000000153b3000 nmethod 1848 0x0000000003456f10 code [0x0000000003457080, 0x0000000003457208]
Event: 7.169 Thread 0x00000000153b3000 1849       3       com.android.dx.rop.cst.CstArray::<init> (28 bytes)
Event: 7.170 Thread 0x00000000153b3000 nmethod 1849 0x0000000003457290 code [0x0000000003457420, 0x00000000034578f8]
Event: 7.190 Thread 0x00000000153b3000 1850       3       com.android.dx.rop.code.RegisterSpecSet::get (9 bytes)
Event: 7.190 Thread 0x00000000153b3000 nmethod 1850 0x0000000003457b10 code [0x0000000003457c80, 0x0000000003458028]
Event: 7.190 Thread 0x00000000153b3000 1851   !   3       com.android.dx.rop.code.RegisterSpecSet::remove (30 bytes)
Event: 7.190 Thread 0x00000000153b3000 nmethod 1851 0x0000000003458210 code [0x00000000034583a0, 0x00000000034587c8]
Event: 7.192 Thread 0x00000000153b3000 1852       3       com.android.dx.rop.code.LocalVariableExtractor::processBlock (327 bytes)
Event: 7.197 Thread 0x00000000153b3000 nmethod 1852 0x0000000003458a10 code [0x0000000003458e80, 0x000000000345c878]

GC Heap History (8 events):
Event: 1.215 GC heap before
{Heap before GC invocations=1 (full 0):
 PSYoungGen      total 18944K, used 16384K [0x00000000eab00000, 0x00000000ec000000, 0x0000000100000000)
  eden space 16384K, 100% used [0x00000000eab00000,0x00000000ebb00000,0x00000000ebb00000)
  from space 2560K, 0% used [0x00000000ebd80000,0x00000000ebd80000,0x00000000ec000000)
  to   space 2560K, 0% used [0x00000000ebb00000,0x00000000ebb00000,0x00000000ebd80000)
 ParOldGen       total 44032K, used 0K [0x00000000c0000000, 0x00000000c2b00000, 0x00000000eab00000)
  object space 44032K, 0% used [0x00000000c0000000,0x00000000c0000000,0x00000000c2b00000)
 Metaspace       used 5689K, capacity 6704K, committed 6784K, reserved 1056768K
  class space    used 584K, capacity 616K, committed 640K, reserved 1048576K
Event: 1.242 GC heap after
Heap after GC invocations=1 (full 0):
 PSYoungGen      total 18944K, used 2538K [0x00000000eab00000, 0x00000000ed000000, 0x0000000100000000)
  eden space 16384K, 0% used [0x00000000eab00000,0x00000000eab00000,0x00000000ebb00000)
  from space 2560K, 99% used [0x00000000ebb00000,0x00000000ebd7abd8,0x00000000ebd80000)
  to   space 2560K, 0% used [0x00000000ecd80000,0x00000000ecd80000,0x00000000ed000000)
 ParOldGen       total 44032K, used 1611K [0x00000000c0000000, 0x00000000c2b00000, 0x00000000eab00000)
  object space 44032K, 3% used [0x00000000c0000000,0x00000000c0192c68,0x00000000c2b00000)
 Metaspace       used 5689K, capacity 6704K, committed 6784K, reserved 1056768K
  class space    used 584K, capacity 616K, committed 640K, reserved 1048576K
}
Event: 2.393 GC heap before
{Heap before GC invocations=2 (full 0):
 PSYoungGen      total 18944K, used 18922K [0x00000000eab00000, 0x00000000ed000000, 0x0000000100000000)
  eden space 16384K, 100% used [0x00000000eab00000,0x00000000ebb00000,0x00000000ebb00000)
  from space 2560K, 99% used [0x00000000ebb00000,0x00000000ebd7abd8,0x00000000ebd80000)
  to   space 2560K, 0% used [0x00000000ecd80000,0x00000000ecd80000,0x00000000ed000000)
 ParOldGen       total 44032K, used 1611K [0x00000000c0000000, 0x00000000c2b00000, 0x00000000eab00000)
  object space 44032K, 3% used [0x00000000c0000000,0x00000000c0192c68,0x00000000c2b00000)
 Metaspace       used 6012K, capacity 6960K, committed 7040K, reserved 1056768K
  class space    used 587K, capacity 616K, committed 640K, reserved 1048576K
Event: 2.686 GC heap after
Heap after GC invocations=2 (full 0):
 PSYoungGen      total 35328K, used 2554K [0x00000000eab00000, 0x00000000ed000000, 0x0000000100000000)
  eden space 32768K, 0% used [0x00000000eab00000,0x00000000eab00000,0x00000000ecb00000)
  from space 2560K, 99% used [0x00000000ecd80000,0x00000000ecffebb8,0x00000000ed000000)
  to   space 2560K, 0% used [0x00000000ecb00000,0x00000000ecb00000,0x00000000ecd80000)
 ParOldGen       total 44032K, used 3501K [0x00000000c0000000, 0x00000000c2b00000, 0x00000000eab00000)
  object space 44032K, 7% used [0x00000000c0000000,0x00000000c036b580,0x00000000c2b00000)
 Metaspace       used 6012K, capacity 6960K, committed 7040K, reserved 1056768K
  class space    used 587K, capacity 616K, committed 640K, reserved 1048576K
}
Event: 4.612 GC heap before
{Heap before GC invocations=3 (full 0):
 PSYoungGen      total 35328K, used 35322K [0x00000000eab00000, 0x00000000ed000000, 0x0000000100000000)
  eden space 32768K, 100% used [0x00000000eab00000,0x00000000ecb00000,0x00000000ecb00000)
  from space 2560K, 99% used [0x00000000ecd80000,0x00000000ecffebb8,0x00000000ed000000)
  to   space 2560K, 0% used [0x00000000ecb00000,0x00000000ecb00000,0x00000000ecd80000)
 ParOldGen       total 44032K, used 3501K [0x00000000c0000000, 0x00000000c2b00000, 0x00000000eab00000)
  object space 44032K, 7% used [0x00000000c0000000,0x00000000c036b580,0x00000000c2b00000)
 Metaspace       used 6162K, capacity 7088K, committed 7296K, reserved 1056768K
  class space    used 588K, capacity 616K, committed 640K, reserved 1048576K
Event: 4.716 GC heap after
Heap after GC invocations=3 (full 0):
 PSYoungGen      total 35328K, used 2547K [0x00000000eab00000, 0x00000000ef000000, 0x0000000100000000)
  eden space 32768K, 0% used [0x00000000eab00000,0x00000000eab00000,0x00000000ecb00000)
  from space 2560K, 99% used [0x00000000ecb00000,0x00000000ecd7cf68,0x00000000ecd80000)
  to   space 2560K, 0% used [0x00000000eed80000,0x00000000eed80000,0x00000000ef000000)
 ParOldGen       total 44032K, used 8681K [0x00000000c0000000, 0x00000000c2b00000, 0x00000000eab00000)
  object space 44032K, 19% used [0x00000000c0000000,0x00000000c087a6a0,0x00000000c2b00000)
 Metaspace       used 6162K, capacity 7088K, committed 7296K, reserved 1056768K
  class space    used 588K, capacity 616K, committed 640K, reserved 1048576K
}
Event: 6.997 GC heap before
{Heap before GC invocations=4 (full 0):
 PSYoungGen      total 35328K, used 35315K [0x00000000eab00000, 0x00000000ef000000, 0x0000000100000000)
  eden space 32768K, 100% used [0x00000000eab00000,0x00000000ecb00000,0x00000000ecb00000)
  from space 2560K, 99% used [0x00000000ecb00000,0x00000000ecd7cf68,0x00000000ecd80000)
  to   space 2560K, 0% used [0x00000000eed80000,0x00000000eed80000,0x00000000ef000000)
 ParOldGen       total 44032K, used 8681K [0x00000000c0000000, 0x00000000c2b00000, 0x00000000eab00000)
  object space 44032K, 19% used [0x00000000c0000000,0x00000000c087a6a0,0x00000000c2b00000)
 Metaspace       used 6211K, capacity 7088K, committed 7296K, reserved 1056768K
  class space    used 591K, capacity 616K, committed 640K, reserved 1048576K
Event: 7.138 GC heap after
Heap after GC invocations=4 (full 0):
 PSYoungGen      total 68096K, used 2548K [0x00000000eab00000, 0x00000000ef000000, 0x0000000100000000)
  eden space 65536K, 0% used [0x00000000eab00000,0x00000000eab00000,0x00000000eeb00000)
  from space 2560K, 99% used [0x00000000eed80000,0x00000000eeffd068,0x00000000ef000000)
  to   space 2560K, 0% used [0x00000000eeb00000,0x00000000eeb00000,0x00000000eed80000)
 ParOldGen       total 44032K, used 14457K [0x00000000c0000000, 0x00000000c2b00000, 0x00000000eab00000)
  object space 44032K, 32% used [0x00000000c0000000,0x00000000c0e1e538,0x00000000c2b00000)
 Metaspace       used 6211K, capacity 7088K, committed 7296K, reserved 1056768K
  class space    used 591K, capacity 616K, committed 640K, reserved 1048576K
}

Deoptimization events (10 events):
Event: 4.114 Thread 0x0000000017032000 Uncommon trap: reason=unreached action=reinterpret pc=0x00000000031faae4 method=com.android.dx.rop.code.LocalItem.compareHandlesNulls(Lcom/android/dx/rop/cst/CstString;Lcom/android/dx/rop/cst/CstString;)I @ 8
Event: 4.385 Thread 0x000000001703b000 Uncommon trap: reason=unreached action=reinterpret pc=0x0000000002ff59dc method=com.android.dx.rop.cst.Constant.compareTo(Lcom/android/dx/rop/cst/Constant;)I @ 12
Event: 4.430 Thread 0x0000000017031800 Uncommon trap: reason=unreached action=reinterpret pc=0x00000000031cfe0c method=com.android.dx.ssa.MoveParamCombiner$1.visitNonMoveInsn(Lcom/android/dx/ssa/NormalSsaInsn;)V @ 27
Event: 6.188 Thread 0x0000000017032000 Uncommon trap: reason=null_assert action=make_not_entrant pc=0x00000000033cedd0 method=com.android.dx.cf.code.RopperMachine.run(Lcom/android/dx/cf/code/Frame;II)V @ 1112
Event: 6.221 Thread 0x0000000017032000 Uncommon trap: reason=bimorphic action=maybe_recompile pc=0x00000000032b96e4 method=com.android.dx.cf.code.BytecodeArray.parseInstruction(ILcom/android/dx/cf/code/BytecodeArray$Visitor;)I @ 2281
Event: 6.221 Thread 0x0000000017032000 Uncommon trap: reason=bimorphic action=maybe_recompile pc=0x00000000032b96e4 method=com.android.dx.cf.code.BytecodeArray.parseInstruction(ILcom/android/dx/cf/code/BytecodeArray$Visitor;)I @ 2281
Event: 6.536 Thread 0x00000000012ae000 Uncommon trap: reason=bimorphic action=maybe_recompile pc=0x00000000032b96e4 method=com.android.dx.cf.code.BytecodeArray.parseInstruction(ILcom/android/dx/cf/code/BytecodeArray$Visitor;)I @ 2281
Event: 6.536 Thread 0x00000000012ae000 Uncommon trap: reason=bimorphic action=maybe_recompile pc=0x00000000032b96e4 method=com.android.dx.cf.code.BytecodeArray.parseInstruction(ILcom/android/dx/cf/code/BytecodeArray$Visitor;)I @ 2281
Event: 6.546 Thread 0x000000001703b000 Uncommon trap: reason=unreached action=reinterpret pc=0x000000000344abcc method=com.android.dx.rop.code.LocalItem.compareHandlesNulls(Lcom/android/dx/rop/cst/CstString;Lcom/android/dx/rop/cst/CstString;)I @ 14
Event: 7.189 Thread 0x0000000017031800 Uncommon trap: reason=unreached action=reinterpret pc=0x0000000003348940 method=com.android.dx.rop.code.LocalVariableExtractor.processBlock(I)V @ 195

Internal exceptions (10 events):
Event: 1.646 Thread 0x00000000012ae000 Exception <a 'java/security/PrivilegedActionException'> (0x00000000eb1a2a48) thrown at [D:\re\workspace\8-2-build-windows-amd64-cygwin\jdk8u25\1677\hotspot\src\share\vm\prims\jvm.cpp, line 1312]
Event: 1.647 Thread 0x00000000012ae000 Exception <a 'java/security/PrivilegedActionException'> (0x00000000eb238df0) thrown at [D:\re\workspace\8-2-build-windows-amd64-cygwin\jdk8u25\1677\hotspot\src\share\vm\prims\jvm.cpp, line 1312]
Event: 1.648 Thread 0x00000000012ae000 Exception <a 'java/security/PrivilegedActionException'> (0x00000000eb23b500) thrown at [D:\re\workspace\8-2-build-windows-amd64-cygwin\jdk8u25\1677\hotspot\src\share\vm\prims\jvm.cpp, line 1312]
Event: 2.041 Thread 0x000000001702c000 Implicit null exception at 0x0000000002fe5ea2 to 0x0000000002fe5f95
Event: 2.748 Thread 0x00000000012ae000 Exception <a 'java/security/PrivilegedActionException'> (0x00000000eabd5538) thrown at [D:\re\workspace\8-2-build-windows-amd64-cygwin\jdk8u25\1677\hotspot\src\share\vm\prims\jvm.cpp, line 1312]
Event: 4.114 Thread 0x0000000017032000 Implicit null exception at 0x00000000031f96e4 to 0x00000000031faac5
Event: 6.186 Thread 0x0000000017032000 Exception <a 'java/security/PrivilegedActionException'> (0x00000000eb216f80) thrown at [D:\re\workspace\8-2-build-windows-amd64-cygwin\jdk8u25\1677\hotspot\src\share\vm\prims\jvm.cpp, line 1312]
Event: 6.220 Thread 0x0000000017032000 Exception <a 'java/security/PrivilegedActionException'> (0x00000000eb29e428) thrown at [D:\re\workspace\8-2-build-windows-amd64-cygwin\jdk8u25\1677\hotspot\src\share\vm\prims\jvm.cpp, line 1312]
Event: 6.333 Thread 0x000000001702c000 Exception <a 'java/security/PrivilegedActionException'> (0x00000000eb9d9b18) thrown at [D:\re\workspace\8-2-build-windows-amd64-cygwin\jdk8u25\1677\hotspot\src\share\vm\prims\jvm.cpp, line 1312]
Event: 6.545 Thread 0x000000001703b000 Implicit null exception at 0x00000000034491e1 to 0x000000000344aba9

Events (10 events):
Event: 6.546 Thread 0x000000001703b000 DEOPT UNPACKING pc=0x0000000002cd556a sp=0x00000000176be688 mode 2
Event: 6.724 loading class java/util/HashMap$KeySet
Event: 6.724 loading class java/util/HashMap$KeySet done
Event: 6.724 loading class java/util/HashMap$KeyIterator
Event: 6.724 loading class java/util/HashMap$KeyIterator done
Event: 6.771 Executing VM operation: ParallelGCFailedAllocation
Event: 7.138 Executing VM operation: ParallelGCFailedAllocation done
Event: 7.189 Thread 0x0000000017031800 Uncommon trap: trap_request=0xffffffad fr.pc=0x0000000003348940
Event: 7.189 Thread 0x0000000017031800 DEOPT PACKING pc=0x0000000003348940 sp=0x00000000174bf000
Event: 7.189 Thread 0x0000000017031800 DEOPT UNPACKING pc=0x0000000002cd556a sp=0x00000000174befb0 mode 2


Dynamic libraries:
0x00007ff6736c0000 - 0x00007ff6736f4000 	C:\Program Files\Java\jdk1.8.0_25\bin\java.exe
0x00007ffd40b50000 - 0x00007ffd40d11000 	C:\WINDOWS\SYSTEM32\ntdll.dll
0x00007ffd40830000 - 0x00007ffd408dd000 	C:\WINDOWS\system32\KERNEL32.DLL
0x00007ffd3d360000 - 0x00007ffd3d548000 	C:\WINDOWS\system32\KERNELBASE.dll
0x00007ffd3df50000 - 0x00007ffd3dff7000 	C:\WINDOWS\system32\ADVAPI32.dll
0x00007ffd3ffe0000 - 0x00007ffd4007d000 	C:\WINDOWS\system32\msvcrt.dll
0x00007ffd3e2b0000 - 0x00007ffd3e30b000 	C:\WINDOWS\system32\sechost.dll
0x00007ffd3fcf0000 - 0x00007ffd3fe0c000 	C:\WINDOWS\system32\RPCRT4.dll
0x00007ffd3e000000 - 0x00007ffd3e156000 	C:\WINDOWS\system32\USER32.dll
0x00007ffd40690000 - 0x00007ffd40816000 	C:\WINDOWS\system32\GDI32.dll
0x00007ffd31be0000 - 0x00007ffd31e54000 	C:\WINDOWS\WinSxS\amd64_microsoft.windows.common-controls_6595b64144ccf1df_6.0.10586.0_none_8c15ae12515e1c22\COMCTL32.dll
0x00007ffd3e4f0000 - 0x00007ffd3e76d000 	C:\WINDOWS\system32\combase.dll
0x00007ffd3d2f0000 - 0x00007ffd3d35a000 	C:\WINDOWS\system32\bcryptPrimitives.dll
0x00007ffd3e160000 - 0x00007ffd3e19b000 	C:\WINDOWS\system32\IMM32.DLL
0x00000000732c0000 - 0x0000000073392000 	C:\Program Files\Java\jdk1.8.0_25\jre\bin\msvcr100.dll
0x00000000725b0000 - 0x0000000072e0a000 	C:\Program Files\Java\jdk1.8.0_25\jre\bin\server\jvm.dll
0x00007ffd3fce0000 - 0x00007ffd3fce8000 	C:\WINDOWS\system32\PSAPI.DLL
0x00007ffd2e850000 - 0x00007ffd2e859000 	C:\WINDOWS\SYSTEM32\WSOCK32.dll
0x00007ffd40600000 - 0x00007ffd4066b000 	C:\WINDOWS\system32\WS2_32.dll
0x00007ffd3b3f0000 - 0x00007ffd3b413000 	C:\WINDOWS\SYSTEM32\WINMM.dll
0x00007ffd3b390000 - 0x00007ffd3b3bc000 	C:\WINDOWS\SYSTEM32\WINMMBASE.dll
0x00007ffd3d550000 - 0x00007ffd3d593000 	C:\WINDOWS\system32\cfgmgr32.dll
0x0000000074260000 - 0x000000007426f000 	C:\Program Files\Java\jdk1.8.0_25\jre\bin\verify.dll
0x0000000073740000 - 0x0000000073768000 	C:\Program Files\Java\jdk1.8.0_25\jre\bin\java.dll
0x0000000073720000 - 0x0000000073736000 	C:\Program Files\Java\jdk1.8.0_25\jre\bin\zip.dll
0x00007ffd3e770000 - 0x00007ffd3fccc000 	C:\WINDOWS\system32\SHELL32.dll
0x00007ffd3d8e0000 - 0x00007ffd3df24000 	C:\WINDOWS\system32\windows.storage.dll
0x00007ffd3e3e0000 - 0x00007ffd3e432000 	C:\WINDOWS\system32\shlwapi.dll
0x00007ffd3d1f0000 - 0x00007ffd3d1ff000 	C:\WINDOWS\system32\kernel.appcore.dll
0x00007ffd3d650000 - 0x00007ffd3d705000 	C:\WINDOWS\system32\shcore.dll
0x00007ffd3d1a0000 - 0x00007ffd3d1eb000 	C:\WINDOWS\system32\powrprof.dll
0x00007ffd3d170000 - 0x00007ffd3d184000 	C:\WINDOWS\system32\profapi.dll
0x00007ffd2c460000 - 0x00007ffd2c5ec000 	C:\WINDOWS\SYSTEM32\dbghelp.dll

VM Arguments:
jvm_args: -Djava.awt.headless=true -Xmx1024M -Dfile.encoding=windows-1252 -Duser.country=FR -Duser.language=fr -Duser.variant 
java_command: com.android.dx.command.Main --dex --force-jumbo --num-threads=4 --multi-dex --output C:\Users\Famille\AndroidStudioProjects\Niviel\app\build\intermediates\transforms\dex\debug\folders\1000\10\gson-2.5_5e8b5468139ba08580ff9ef35e6638782f5f99af C:\Users\Famille\.gradle\caches\modules-2\files-2.1\com.google.code.gson\gson\2.5\686c608d1805b6d4d425ec4459e88164ffc85870\gson-2.5.jar
java_class_path (initial): C:\Users\Famille\AppData\Local\Android\sdk\build-tools\23.0.2\lib\dx.jar
Launcher Type: SUN_STANDARD

Environment Variables:
JAVA_HOME=C:\Program Files\Java\jdk1.8.0_25
PATH=C:\Program Files\Broadcom\Broadcom 802.11 Network Adapter;;C:\Program Files\Broadcom\Broadcom 802.11;C:\ProgramData\Oracle\Java\javapath;C:\Program Files (x86)\Intel\iCLS Client\;C:\Program Files\Intel\iCLS Client\;C:\Windows\system32;C:\Windows;C:\Windows\System32\Wbem;C:\Windows\System32\WindowsPowerShell\v1.0\;C:\Program Files\Hewlett-Packard\SimplePass\;C:\wamp\bin\php\php5.5.12;C:\Python27;C:\Users\Famille\AppData\Roaming\npm\;C:\Program Files\nodejs\;C:\Program Files\Git\cmd;C:\Program Files (x86)\Brackets\command;C:\Program Files (x86)\Ant\bin;C:\Program Files (x86)\Maven\bin;C:\Program Files (x86)\Intel\Intel(R) Management Engine Components\DAL;C:\Program Files\Intel\Intel(R) Management Engine Components\DAL;C:\Program Files (x86)\Intel\Intel(R) Management Engine Components\IPT;C:\Program Files\Intel\Intel(R) Management Engine Components\IPT;C:\Users\Famille\AppData\Local\atom\bin;C:\Users\Famille\AppData\Roaming\npm
USERNAME=de Lachaux
OS=Windows_NT
PROCESSOR_IDENTIFIER=Intel64 Family 6 Model 69 Stepping 1, GenuineIntel



---------------  S Y S T E M  ---------------

OS: Windows 8.1 , 64 bit Build 9600 

CPU:total 4 (2 cores per cpu, 2 threads per core) family 6 model 69 stepping 1, cmov, cx8, fxsr, mmx, sse, sse2, sse3, ssse3, sse4.1, sse4.2, popcnt, avx, avx2, aes, clmul, erms, lzcnt, ht, tsc, tscinvbit, bmi1, bmi2

Memory: 4k page, physical 4122776k(338844k free), swap 5555352k(133848k free)

vm_info: Java HotSpot(TM) 64-Bit Server VM (25.25-b02) for windows-amd64 JRE (1.8.0_25-b18), built on Oct  7 2014 14:25:37 by "java_re" with MS VC++ 10.0 (VS2010)

time: Fri Jul 01 22:57:55 2016
elapsed time: 7 seconds (0d 0h 0m 7s)

