#
# There is insufficient memory for the Java Runtime Environment to continue.
# Native memory allocation (malloc) failed to allocate 504896 bytes for Chunk::new
# Possible reasons:
#   The system is out of physical RAM or swap space
#   In 32 bit mode, the process size limit was hit
# Possible solutions:
#   Reduce memory load on the system
#   Increase physical memory or swap space
#   Check if swap backing store is full
#   Use 64 bit Java on a 64 bit OS
#   Decrease Java heap size (-Xmx/-Xms)
#   Decrease number of Java threads
#   Decrease Java thread stack sizes (-Xss)
#   Set larger code cache with -XX:ReservedCodeCacheSize=
# This output file may be truncated or incomplete.
#
#  Out of Memory Error (allocation.cpp:390), pid=19188, tid=19544
#
# JRE version: Java(TM) SE Runtime Environment (8.0_25-b18) (build 1.8.0_25-b18)
# Java VM: Java HotSpot(TM) 64-Bit Server VM (25.25-b02 mixed mode windows-amd64 compressed oops)
# Failed to write core dump. Minidumps are not enabled by default on client versions of Windows
#

---------------  T H R E A D  ---------------

Current thread (0x000000001532f000):  JavaThread "C2 CompilerThread1" daemon [_thread_in_native, id=19544, stack(0x0000000016950000,0x0000000016a50000)]

Stack: [0x0000000016950000,0x0000000016a50000]
Native frames: (J=compiled Java code, j=interpreted, Vv=VM code, C=native code)
V  [jvm.dll+0x31667a]


Current CompileTask:
C2:   9087  704       4       com.android.dx.ssa.SsaBasicBlock::forEachInsn (37 bytes)


---------------  P R O C E S S  ---------------

Java Threads: ( => current thread )
  0x0000000016ddc800 JavaThread "pool-1-thread-4" [_thread_in_vm, id=18132, stack(0x0000000017550000,0x0000000017650000)]
  0x0000000016dda800 JavaThread "pool-1-thread-3" [_thread_in_Java, id=19580, stack(0x0000000017450000,0x0000000017550000)]
  0x0000000016dd5800 JavaThread "pool-1-thread-2" [_thread_in_Java, id=20064, stack(0x0000000017350000,0x0000000017450000)]
  0x0000000016e1a000 JavaThread "pool-2-thread-1" [_thread_blocked, id=20076, stack(0x0000000017250000,0x0000000017350000)]
  0x0000000016e17800 JavaThread "pool-1-thread-1" [_thread_in_vm, id=19612, stack(0x0000000017150000,0x0000000017250000)]
  0x0000000016b55800 JavaThread "Service Thread" daemon [_thread_blocked, id=20212, stack(0x0000000016f50000,0x0000000017050000)]
  0x000000001533a800 JavaThread "C1 CompilerThread2" daemon [_thread_in_native, id=19704, stack(0x0000000016a50000,0x0000000016b50000)]
=>0x000000001532f000 JavaThread "C2 CompilerThread1" daemon [_thread_in_native, id=19544, stack(0x0000000016950000,0x0000000016a50000)]
  0x00000000152dc000 JavaThread "C2 CompilerThread0" daemon [_thread_in_native, id=19532, stack(0x0000000016850000,0x0000000016950000)]
  0x00000000152da800 JavaThread "Attach Listener" daemon [_thread_blocked, id=19392, stack(0x0000000016750000,0x0000000016850000)]
  0x00000000152d9800 JavaThread "Signal Dispatcher" daemon [_thread_blocked, id=19496, stack(0x0000000016650000,0x0000000016750000)]
  0x0000000002bd0800 JavaThread "Finalizer" daemon [_thread_blocked, id=19792, stack(0x0000000016540000,0x0000000016640000)]
  0x0000000002bcd000 JavaThread "Reference Handler" daemon [_thread_blocked, id=20420, stack(0x0000000016440000,0x0000000016540000)]
  0x0000000002ace000 JavaThread "main" [_thread_in_Java, id=18912, stack(0x00000000029c0000,0x0000000002ac0000)]

Other Threads:
  0x00000000152a6800 VMThread [stack: 0x0000000016340000,0x0000000016440000] [id=18732]
  0x0000000016b58000 WatcherThread [stack: 0x0000000017050000,0x0000000017150000] [id=14308]

VM state:not at safepoint (normal execution)

VM Mutex/Monitor currently owned by a thread: None

Heap:
 PSYoungGen      total 18944K, used 7512K [0x00000000eab00000, 0x00000000ec000000, 0x0000000100000000)
  eden space 16384K, 30% used [0x00000000eab00000,0x00000000eafdcd80,0x00000000ebb00000)
  from space 2560K, 98% used [0x00000000ebb00000,0x00000000ebd79608,0x00000000ebd80000)
  to   space 2560K, 0% used [0x00000000ebd80000,0x00000000ebd80000,0x00000000ec000000)
 ParOldGen       total 44032K, used 1308K [0x00000000c0000000, 0x00000000c2b00000, 0x00000000eab00000)
  object space 44032K, 2% used [0x00000000c0000000,0x00000000c01472c8,0x00000000c2b00000)
 Metaspace       used 5713K, capacity 6704K, committed 6784K, reserved 1056768K
  class space    used 588K, capacity 616K, committed 640K, reserved 1048576K

Card table byte_map: [0x0000000011fb0000,0x00000000121c0000] byte_map_base: 0x00000000119b0000

Marking Bits: (ParMarkBitMap*) 0x000000005836d490
 Begin Bits: [0x0000000012720000, 0x0000000013720000)
 End Bits:   [0x0000000013720000, 0x0000000014720000)

Polling page: 0x0000000001230000

CodeCache: size=245760Kb used=2535Kb max_used=2546Kb free=243224Kb
 bounds [0x0000000002bf0000, 0x0000000002e70000, 0x0000000011bf0000]
 total_blobs=945 nmethods=681 adapters=178
 compilation: enabled

Compilation events (10 events):
Event: 8.840 Thread 0x00000000152dc000  703       4       com.android.dx.ssa.NormalSsaInsn::isNormalMoveInsn (20 bytes)
Event: 8.841 Thread 0x00000000152dc000 nmethod 703 0x0000000002e66690 code [0x0000000002e667c0, 0x0000000002e66858]
Event: 8.842 Thread 0x000000001532f000  704       4       com.android.dx.ssa.SsaBasicBlock::forEachInsn (37 bytes)
Event: 8.842 Thread 0x00000000152dc000  706       4       com.android.dx.util.IntList::add (65 bytes)
Event: 8.847 Thread 0x00000000152dc000 nmethod 706 0x0000000002e6b990 code [0x0000000002e6bae0, 0x0000000002e6be38]
Event: 8.849 Thread 0x00000000152dc000  707       4       com.android.dx.ssa.NormalSsaInsn::getOpcode (8 bytes)
Event: 8.850 Thread 0x00000000152dc000 nmethod 707 0x0000000002e4a810 code [0x0000000002e4a940, 0x0000000002e4a9b8]
Event: 8.862 Thread 0x00000000152dc000  710       4       java.util.ArrayList::isEmpty (13 bytes)
Event: 8.862 Thread 0x00000000152dc000 nmethod 710 0x0000000002e1b450 code [0x0000000002e1b580, 0x0000000002e1b5f8]
Event: 8.863 Thread 0x00000000152dc000  711       4       com.android.dx.ssa.SsaBasicBlock::isReachable (29 bytes)

GC Heap History (0 events):
No events

Deoptimization events (0 events):
No events

Internal exceptions (10 events):
Event: 8.587 Thread 0x0000000016dda800 Exception <a 'java/security/PrivilegedActionException'> (0x00000000eb6dde78) thrown at [D:\re\workspace\8-2-build-windows-amd64-cygwin\jdk8u25\1677\hotspot\src\share\vm\prims\jvm.cpp, line 1312]
Event: 8.591 Thread 0x0000000016dda800 Exception <a 'java/security/PrivilegedActionException'> (0x00000000eb72a908) thrown at [D:\re\workspace\8-2-build-windows-amd64-cygwin\jdk8u25\1677\hotspot\src\share\vm\prims\jvm.cpp, line 1312]
Event: 8.660 Thread 0x0000000016ddc800 Exception <a 'java/security/PrivilegedActionException'> (0x00000000eb6350b0) thrown at [D:\re\workspace\8-2-build-windows-amd64-cygwin\jdk8u25\1677\hotspot\src\share\vm\prims\jvm.cpp, line 1312]
Event: 8.661 Thread 0x0000000016dd5800 Exception <a 'java/security/PrivilegedActionException'> (0x00000000eb5a4df8) thrown at [D:\re\workspace\8-2-build-windows-amd64-cygwin\jdk8u25\1677\hotspot\src\share\vm\prims\jvm.cpp, line 1312]
Event: 8.662 Thread 0x0000000016dd5800 Exception <a 'java/security/PrivilegedActionException'> (0x00000000eb5aa830) thrown at [D:\re\workspace\8-2-build-windows-amd64-cygwin\jdk8u25\1677\hotspot\src\share\vm\prims\jvm.cpp, line 1312]
Event: 8.663 Thread 0x0000000016dd5800 Exception <a 'java/security/PrivilegedActionException'> (0x00000000eb5b3310) thrown at [D:\re\workspace\8-2-build-windows-amd64-cygwin\jdk8u25\1677\hotspot\src\share\vm\prims\jvm.cpp, line 1312]
Event: 8.664 Thread 0x0000000016dd5800 Exception <a 'java/security/PrivilegedActionException'> (0x00000000eb5b8930) thrown at [D:\re\workspace\8-2-build-windows-amd64-cygwin\jdk8u25\1677\hotspot\src\share\vm\prims\jvm.cpp, line 1312]
Event: 8.669 Thread 0x0000000016e17800 Exception <a 'java/security/PrivilegedActionException'> (0x00000000eb563018) thrown at [D:\re\workspace\8-2-build-windows-amd64-cygwin\jdk8u25\1677\hotspot\src\share\vm\prims\jvm.cpp, line 1312]
Event: 8.675 Thread 0x0000000016dd5800 Exception <a 'java/security/PrivilegedActionException'> (0x00000000eb5de7b0) thrown at [D:\re\workspace\8-2-build-windows-amd64-cygwin\jdk8u25\1677\hotspot\src\share\vm\prims\jvm.cpp, line 1312]
Event: 8.704 Thread 0x0000000016ddc800 Exception <a 'java/security/PrivilegedActionException'> (0x00000000eb80d490) thrown at [D:\re\workspace\8-2-build-windows-amd64-cygwin\jdk8u25\1677\hotspot\src\share\vm\prims\jvm.cpp, line 1312]

Events (10 events):
Event: 8.664 loading class com/android/dx/dex/file/MethodIdItem
Event: 8.664 loading class com/android/dx/dex/file/MethodIdItem done
Event: 8.669 Executing VM operation: RevokeBias
Event: 8.669 Executing VM operation: RevokeBias done
Event: 8.669 loading class com/android/dx/rop/cst/CstArray$List
Event: 8.669 loading class com/android/dx/rop/cst/CstArray$List done
Event: 8.675 loading class com/android/dx/ssa/PhiInsn$Operand
Event: 8.675 loading class com/android/dx/ssa/PhiInsn$Operand done
Event: 8.704 loading class com/android/dx/ssa/back/FirstFitLocalCombiningAllocator$Multiset
Event: 8.704 loading class com/android/dx/ssa/back/FirstFitLocalCombiningAllocator$Multiset done


Dynamic libraries:
0x00007ff7a4ce0000 - 0x00007ff7a4d14000 	C:\Program Files\Java\jdk1.8.0_25\bin\java.exe
0x00007ff8752c0000 - 0x00007ff875481000 	C:\WINDOWS\SYSTEM32\ntdll.dll
0x00007ff875210000 - 0x00007ff8752bd000 	C:\WINDOWS\system32\KERNEL32.DLL
0x00007ff871bc0000 - 0x00007ff871da8000 	C:\WINDOWS\system32\KERNELBASE.dll
0x00007ff874260000 - 0x00007ff874307000 	C:\WINDOWS\system32\ADVAPI32.dll
0x00007ff875170000 - 0x00007ff87520d000 	C:\WINDOWS\system32\msvcrt.dll
0x00007ff873e30000 - 0x00007ff873e8b000 	C:\WINDOWS\system32\sechost.dll
0x00007ff874450000 - 0x00007ff87456c000 	C:\WINDOWS\system32\RPCRT4.dll
0x00007ff873c20000 - 0x00007ff873d76000 	C:\WINDOWS\system32\USER32.dll
0x00007ff874580000 - 0x00007ff874706000 	C:\WINDOWS\system32\GDI32.dll
0x00007ff86cd80000 - 0x00007ff86cff4000 	C:\WINDOWS\WinSxS\amd64_microsoft.windows.common-controls_6595b64144ccf1df_6.0.10586.494_none_a2d8b04ea53e3145\COMCTL32.dll
0x00007ff873f00000 - 0x00007ff87417d000 	C:\WINDOWS\system32\combase.dll
0x00007ff871b50000 - 0x00007ff871bba000 	C:\WINDOWS\system32\bcryptPrimitives.dll
0x00007ff8750b0000 - 0x00007ff8750eb000 	C:\WINDOWS\system32\IMM32.DLL
0x00000000576d0000 - 0x00000000577a2000 	C:\Program Files\Java\jdk1.8.0_25\jre\bin\msvcr100.dll
0x0000000057b90000 - 0x00000000583ea000 	C:\Program Files\Java\jdk1.8.0_25\jre\bin\server\jvm.dll
0x00007ff874250000 - 0x00007ff874258000 	C:\WINDOWS\system32\PSAPI.DLL
0x00007ff85fa40000 - 0x00007ff85fa49000 	C:\WINDOWS\SYSTEM32\WSOCK32.dll
0x00007ff874380000 - 0x00007ff8743eb000 	C:\WINDOWS\system32\WS2_32.dll
0x00007ff86fe60000 - 0x00007ff86fe83000 	C:\WINDOWS\SYSTEM32\WINMM.dll
0x00007ff86fe00000 - 0x00007ff86fe2c000 	C:\WINDOWS\SYSTEM32\WINMMBASE.dll
0x00007ff871b00000 - 0x00007ff871b43000 	C:\WINDOWS\system32\cfgmgr32.dll
0x0000000057b80000 - 0x0000000057b8f000 	C:\Program Files\Java\jdk1.8.0_25\jre\bin\verify.dll
0x0000000057b50000 - 0x0000000057b78000 	C:\Program Files\Java\jdk1.8.0_25\jre\bin\java.dll
0x0000000057b30000 - 0x0000000057b46000 	C:\Program Files\Java\jdk1.8.0_25\jre\bin\zip.dll
0x00007ff8726c0000 - 0x00007ff873c1c000 	C:\WINDOWS\system32\SHELL32.dll
0x00007ff872070000 - 0x00007ff8726b5000 	C:\WINDOWS\system32\windows.storage.dll
0x00007ff8743f0000 - 0x00007ff874442000 	C:\WINDOWS\system32\shlwapi.dll
0x00007ff871910000 - 0x00007ff87191f000 	C:\WINDOWS\system32\kernel.appcore.dll
0x00007ff871970000 - 0x00007ff871a25000 	C:\WINDOWS\system32\shcore.dll
0x00007ff871920000 - 0x00007ff87196b000 	C:\WINDOWS\system32\powrprof.dll
0x00007ff8718f0000 - 0x00007ff871904000 	C:\WINDOWS\system32\profapi.dll
0x00007ff85cae0000 - 0x00007ff85cc6c000 	C:\WINDOWS\SYSTEM32\dbghelp.dll

VM Arguments:
jvm_args: -Djava.awt.headless=true -Xmx1024M -Dfile.encoding=windows-1252 -Duser.country=FR -Duser.language=fr -Duser.variant 
java_command: com.android.dx.command.Main --dex --num-threads=4 --output C:\Users\Famille\AndroidStudioProjects\Niviel\app\build\intermediates\pre-dexed\debug\com.android.support-design-24.1.0_cbb371e271079623552e601db4267a4c57141511.jar C:\Users\Famille\AndroidStudioProjects\Niviel\app\build\intermediates\exploded-aar\com.android.support\design\24.1.0\jars\classes.jar
java_class_path (initial): C:\Users\Famille\AppData\Local\Android\sdk\build-tools\23.0.2\lib\dx.jar
Launcher Type: SUN_STANDARD

Environment Variables:
JAVA_HOME=C:\Program Files\Java\jdk1.8.0_25
PATH=C:\Program Files\Broadcom\Broadcom 802.11 Network Adapter;;C:\Program Files\Broadcom\Broadcom 802.11;C:\ProgramData\Oracle\Java\javapath;C:\Program Files (x86)\Intel\iCLS Client\;C:\Program Files\Intel\iCLS Client\;C:\Windows\system32;C:\Windows;C:\Windows\System32\Wbem;C:\Windows\System32\WindowsPowerShell\v1.0\;C:\Program Files\Hewlett-Packard\SimplePass\;C:\wamp\bin\php\php5.5.12;C:\Python27;C:\Users\Famille\AppData\Roaming\npm\;C:\Program Files\nodejs\;C:\Program Files\Git\cmd;C:\Program Files (x86)\Brackets\command;C:\Program Files (x86)\Ant\bin;C:\Program Files (x86)\Maven\bin;C:\Program Files (x86)\Intel\Intel(R) Management Engine Components\DAL;C:\Program Files\Intel\Intel(R) Management Engine Components\DAL;C:\Program Files (x86)\Intel\Intel(R) Management Engine Components\IPT;C:\Program Files\Intel\Intel(R) Management Engine Components\IPT;C:\Users\Famille\AppData\Local\atom\bin;C:\Users\Famille\AppData\Roaming\npm
USERNAME=de Lachaux
OS=Windows_NT
PROCESSOR_IDENTIFIER=Intel64 Family 6 Model 69 Stepping 1, GenuineIntel



---------------  S Y S T E M  ---------------

OS: Windows 8.1 , 64 bit Build 9600 

CPU:total 4 (2 cores per cpu, 2 threads per core) family 6 model 69 stepping 1, cmov, cx8, fxsr, mmx, sse, sse2, sse3, ssse3, sse4.1, sse4.2, popcnt, avx, avx2, aes, clmul, erms, lzcnt, ht, tsc, tscinvbit, bmi1, bmi2

Memory: 4k page, physical 4122776k(227412k free), swap 5555352k(456k free)

vm_info: Java HotSpot(TM) 64-Bit Server VM (25.25-b02) for windows-amd64 JRE (1.8.0_25-b18), built on Oct  7 2014 14:25:37 by "java_re" with MS VC++ 10.0 (VS2010)

time: Tue Jul 19 11:59:53 2016
elapsed time: 9 seconds (0d 0h 0m 9s)

