#
# There is insufficient memory for the Java Runtime Environment to continue.
# Native memory allocation (malloc) failed to allocate 32744 bytes for ChunkPool::allocate
# Possible reasons:
#   The system is out of physical RAM or swap space
#   In 32 bit mode, the process size limit was hit
# Possible solutions:
#   Reduce memory load on the system
#   Increase physical memory or swap space
#   Check if swap backing store is full
#   Use 64 bit Java on a 64 bit OS
#   Decrease Java heap size (-Xmx/-Xms)
#   Decrease number of Java threads
#   Decrease Java thread stack sizes (-Xss)
#   Set larger code cache with -XX:ReservedCodeCacheSize=
# This output file may be truncated or incomplete.
#
#  Out of Memory Error (allocation.cpp:273), pid=18028, tid=18164
#
# JRE version: Java(TM) SE Runtime Environment (8.0_25-b18) (build 1.8.0_25-b18)
# Java VM: Java HotSpot(TM) 64-Bit Server VM (25.25-b02 mixed mode windows-amd64 compressed oops)
# Failed to write core dump. Minidumps are not enabled by default on client versions of Windows
#

---------------  T H R E A D  ---------------

Current thread (0x0000000014c47000):  JavaThread "C2 CompilerThread1" daemon [_thread_in_native, id=18164, stack(0x0000000016250000,0x0000000016350000)]

Stack: [0x0000000016250000,0x0000000016350000]
Native frames: (J=compiled Java code, j=interpreted, Vv=VM code, C=native code)
V  [jvm.dll+0x31667a]


Current CompileTask:
C2:  23119 2480       4       com.android.dx.dex.code.LocalList::make (102 bytes)


---------------  P R O C E S S  ---------------

Java Threads: ( => current thread )
  0x0000000016761000 JavaThread "pool-1-thread-1" [_thread_in_vm, id=13656, stack(0x0000000018830000,0x0000000018930000)]
  0x0000000016464800 JavaThread "Service Thread" daemon [_thread_blocked, id=17968, stack(0x0000000016850000,0x0000000016950000)]
  0x0000000014c4b800 JavaThread "C1 CompilerThread2" daemon [_thread_in_native, id=18308, stack(0x0000000016350000,0x0000000016450000)]
=>0x0000000014c47000 JavaThread "C2 CompilerThread1" daemon [_thread_in_native, id=18164, stack(0x0000000016250000,0x0000000016350000)]
  0x0000000014bfc000 JavaThread "C2 CompilerThread0" daemon [_thread_in_native, id=18144, stack(0x0000000016150000,0x0000000016250000)]
  0x0000000014bfa800 JavaThread "Attach Listener" daemon [_thread_blocked, id=18120, stack(0x0000000016050000,0x0000000016150000)]
  0x0000000014bf9800 JavaThread "Signal Dispatcher" daemon [_thread_blocked, id=18104, stack(0x0000000015f50000,0x0000000016050000)]
  0x0000000002520800 JavaThread "Finalizer" daemon [_thread_blocked, id=18092, stack(0x0000000015e50000,0x0000000015f50000)]
  0x000000000251d000 JavaThread "Reference Handler" daemon [_thread_blocked, id=18076, stack(0x0000000015d50000,0x0000000015e50000)]
  0x000000000242e000 JavaThread "main" [_thread_blocked, id=18256, stack(0x0000000002250000,0x0000000002350000)]

Other Threads:
  0x0000000014bc6800 VMThread [stack: 0x0000000015c50000,0x0000000015d50000] [id=18236]
  0x0000000016468800 WatcherThread [stack: 0x0000000016950000,0x0000000016a50000] [id=17940]

VM state:not at safepoint (normal execution)

VM Mutex/Monitor currently owned by a thread: None

Heap:
 PSYoungGen      total 144896K, used 3930K [0x00000000eab00000, 0x00000000fd900000, 0x0000000100000000)
  eden space 129536K, 3% used [0x00000000eab00000,0x00000000eaed6a38,0x00000000f2980000)
  from space 15360K, 0% used [0x00000000f2980000,0x00000000f2980000,0x00000000f3880000)
  to   space 25088K, 0% used [0x00000000fc080000,0x00000000fc080000,0x00000000fd900000)
 ParOldGen       total 44032K, used 40173K [0x00000000c0000000, 0x00000000c2b00000, 0x00000000eab00000)
  object space 44032K, 91% used [0x00000000c0000000,0x00000000c273b6c0,0x00000000c2b00000)
 Metaspace       used 6735K, capacity 7544K, committed 7680K, reserved 1056768K
  class space    used 631K, capacity 688K, committed 768K, reserved 1048576K

Card table byte_map: [0x00000000118f0000,0x0000000011b00000] byte_map_base: 0x00000000112f0000

Marking Bits: (ParMarkBitMap*) 0x0000000057e2d490
 Begin Bits: [0x0000000012060000, 0x0000000013060000)
 End Bits:   [0x0000000013060000, 0x0000000014060000)

Polling page: 0x0000000000900000

CodeCache: size=245760Kb used=10217Kb max_used=10217Kb free=235542Kb
 bounds [0x0000000002530000, 0x0000000002f40000, 0x0000000011530000]
 total_blobs=2608 nmethods=2343 adapters=178
 compilation: enabled

Compilation events (10 events):
Event: 22.889 Thread 0x0000000014c4b800 2511       3       com.android.dx.dex.code.form.Form31c::isCompatible (133 bytes)
Event: 22.890 Thread 0x0000000014c4b800 nmethod 2511 0x0000000002f2edd0 code [0x0000000002f2f000, 0x0000000002f30448]
Event: 22.891 Thread 0x0000000014c4b800 2512       3       com.android.dx.dex.code.form.Form31c::codeSize (2 bytes)
Event: 22.891 Thread 0x0000000014c4b800 nmethod 2512 0x0000000002f25e50 code [0x0000000002f25fa0, 0x0000000002f260f0]
Event: 22.894 Thread 0x0000000014c4b800 2513       3       com.android.dx.dex.code.StdCatchBuilder::rangeIsValid (62 bytes)
Event: 22.894 Thread 0x0000000014c4b800 nmethod 2513 0x0000000002f30890 code [0x0000000002f30a80, 0x0000000002f31498]
Event: 22.899 Thread 0x0000000014c4b800 2514       1       java.util.TreeMap$Entry::getKey (5 bytes)
Event: 22.899 Thread 0x0000000014c4b800 nmethod 2514 0x0000000002f31990 code [0x0000000002f31ae0, 0x0000000002f31bf0]
Event: 22.931 Thread 0x0000000014c4b800 2515       3       com.android.dx.util.ByteArrayAnnotatedOutput::writeByte (51 bytes)
Event: 22.931 Thread 0x0000000014c4b800 nmethod 2515 0x0000000002f31c50 code [0x0000000002f31de0, 0x0000000002f32158]

GC Heap History (10 events):
Event: 5.637 GC heap before
{Heap before GC invocations=4 (full 0):
 PSYoungGen      total 35328K, used 35323K [0x00000000eab00000, 0x00000000ef000000, 0x0000000100000000)
  eden space 32768K, 100% used [0x00000000eab00000,0x00000000ecb00000,0x00000000ecb00000)
  from space 2560K, 99% used [0x00000000ecb00000,0x00000000ecd7eec0,0x00000000ecd80000)
  to   space 2560K, 0% used [0x00000000eed80000,0x00000000eed80000,0x00000000ef000000)
 ParOldGen       total 44032K, used 7584K [0x00000000c0000000, 0x00000000c2b00000, 0x00000000eab00000)
  object space 44032K, 17% used [0x00000000c0000000,0x00000000c0768390,0x00000000c2b00000)
 Metaspace       used 6174K, capacity 7088K, committed 7296K, reserved 1056768K
  class space    used 592K, capacity 616K, committed 640K, reserved 1048576K
Event: 5.673 GC heap after
Heap after GC invocations=4 (full 0):
 PSYoungGen      total 68096K, used 2535K [0x00000000eab00000, 0x00000000ef000000, 0x0000000100000000)
  eden space 65536K, 0% used [0x00000000eab00000,0x00000000eab00000,0x00000000eeb00000)
  from space 2560K, 99% used [0x00000000eed80000,0x00000000eeff9f70,0x00000000ef000000)
  to   space 2560K, 0% used [0x00000000eeb00000,0x00000000eeb00000,0x00000000eed80000)
 ParOldGen       total 44032K, used 12504K [0x00000000c0000000, 0x00000000c2b00000, 0x00000000eab00000)
  object space 44032K, 28% used [0x00000000c0000000,0x00000000c0c362f8,0x00000000c2b00000)
 Metaspace       used 6174K, capacity 7088K, committed 7296K, reserved 1056768K
  class space    used 592K, capacity 616K, committed 640K, reserved 1048576K
}
Event: 6.271 GC heap before
{Heap before GC invocations=5 (full 0):
 PSYoungGen      total 68096K, used 68071K [0x00000000eab00000, 0x00000000ef000000, 0x0000000100000000)
  eden space 65536K, 100% used [0x00000000eab00000,0x00000000eeb00000,0x00000000eeb00000)
  from space 2560K, 99% used [0x00000000eed80000,0x00000000eeff9f70,0x00000000ef000000)
  to   space 2560K, 0% used [0x00000000eeb00000,0x00000000eeb00000,0x00000000eed80000)
 ParOldGen       total 44032K, used 12504K [0x00000000c0000000, 0x00000000c2b00000, 0x00000000eab00000)
  object space 44032K, 28% used [0x00000000c0000000,0x00000000c0c362f8,0x00000000c2b00000)
 Metaspace       used 6241K, capacity 7152K, committed 7296K, reserved 1056768K
  class space    used 592K, capacity 616K, committed 640K, reserved 1048576K
Event: 6.334 GC heap after
Heap after GC invocations=5 (full 0):
 PSYoungGen      total 68096K, used 2532K [0x00000000eab00000, 0x00000000f4600000, 0x0000000100000000)
  eden space 65536K, 0% used [0x00000000eab00000,0x00000000eab00000,0x00000000eeb00000)
  from space 2560K, 98% used [0x00000000eeb00000,0x00000000eed79098,0x00000000eed80000)
  to   space 13824K, 0% used [0x00000000f3880000,0x00000000f3880000,0x00000000f4600000)
 ParOldGen       total 44032K, used 23100K [0x00000000c0000000, 0x00000000c2b00000, 0x00000000eab00000)
  object space 44032K, 52% used [0x00000000c0000000,0x00000000c168f130,0x00000000c2b00000)
 Metaspace       used 6241K, capacity 7152K, committed 7296K, reserved 1056768K
  class space    used 592K, capacity 616K, committed 640K, reserved 1048576K
}
Event: 7.199 GC heap before
{Heap before GC invocations=6 (full 0):
 PSYoungGen      total 68096K, used 68068K [0x00000000eab00000, 0x00000000f4600000, 0x0000000100000000)
  eden space 65536K, 100% used [0x00000000eab00000,0x00000000eeb00000,0x00000000eeb00000)
  from space 2560K, 98% used [0x00000000eeb00000,0x00000000eed79098,0x00000000eed80000)
  to   space 13824K, 0% used [0x00000000f3880000,0x00000000f3880000,0x00000000f4600000)
 ParOldGen       total 44032K, used 23100K [0x00000000c0000000, 0x00000000c2b00000, 0x00000000eab00000)
  object space 44032K, 52% used [0x00000000c0000000,0x00000000c168f130,0x00000000c2b00000)
 Metaspace       used 6365K, capacity 7192K, committed 7424K, reserved 1056768K
  class space    used 612K, capacity 656K, committed 768K, reserved 1048576K
Event: 7.397 GC heap after
Heap after GC invocations=6 (full 0):
 PSYoungGen      total 143360K, used 11648K [0x00000000eab00000, 0x00000000f4900000, 0x0000000100000000)
  eden space 129536K, 0% used [0x00000000eab00000,0x00000000eab00000,0x00000000f2980000)
  from space 13824K, 84% used [0x00000000f3880000,0x00000000f43e00f8,0x00000000f4600000)
  to   space 15360K, 0% used [0x00000000f2980000,0x00000000f2980000,0x00000000f3880000)
 ParOldGen       total 44032K, used 23100K [0x00000000c0000000, 0x00000000c2b00000, 0x00000000eab00000)
  object space 44032K, 52% used [0x00000000c0000000,0x00000000c168f130,0x00000000c2b00000)
 Metaspace       used 6365K, capacity 7192K, committed 7424K, reserved 1056768K
  class space    used 612K, capacity 656K, committed 768K, reserved 1048576K
}
Event: 21.016 GC heap before
{Heap before GC invocations=7 (full 0):
 PSYoungGen      total 143360K, used 141184K [0x00000000eab00000, 0x00000000f4900000, 0x0000000100000000)
  eden space 129536K, 100% used [0x00000000eab00000,0x00000000f2980000,0x00000000f2980000)
  from space 13824K, 84% used [0x00000000f3880000,0x00000000f43e00f8,0x00000000f4600000)
  to   space 15360K, 0% used [0x00000000f2980000,0x00000000f2980000,0x00000000f3880000)
 ParOldGen       total 44032K, used 23100K [0x00000000c0000000, 0x00000000c2b00000, 0x00000000eab00000)
  object space 44032K, 52% used [0x00000000c0000000,0x00000000c168f130,0x00000000c2b00000)
 Metaspace       used 6723K, capacity 7544K, committed 7680K, reserved 1056768K
  class space    used 631K, capacity 688K, committed 768K, reserved 1048576K
Event: 21.272 GC heap after
Heap after GC invocations=7 (full 0):
 PSYoungGen      total 144896K, used 15340K [0x00000000eab00000, 0x00000000fd900000, 0x0000000100000000)
  eden space 129536K, 0% used [0x00000000eab00000,0x00000000eab00000,0x00000000f2980000)
  from space 15360K, 99% used [0x00000000f2980000,0x00000000f387b2e8,0x00000000f3880000)
  to   space 25088K, 0% used [0x00000000fc080000,0x00000000fc080000,0x00000000fd900000)
 ParOldGen       total 44032K, used 37443K [0x00000000c0000000, 0x00000000c2b00000, 0x00000000eab00000)
  object space 44032K, 85% used [0x00000000c0000000,0x00000000c2490e98,0x00000000c2b00000)
 Metaspace       used 6723K, capacity 7544K, committed 7680K, reserved 1056768K
  class space    used 631K, capacity 688K, committed 768K, reserved 1048576K
}
Event: 21.272 GC heap before
{Heap before GC invocations=8 (full 1):
 PSYoungGen      total 144896K, used 15340K [0x00000000eab00000, 0x00000000fd900000, 0x0000000100000000)
  eden space 129536K, 0% used [0x00000000eab00000,0x00000000eab00000,0x00000000f2980000)
  from space 15360K, 99% used [0x00000000f2980000,0x00000000f387b2e8,0x00000000f3880000)
  to   space 25088K, 0% used [0x00000000fc080000,0x00000000fc080000,0x00000000fd900000)
 ParOldGen       total 44032K, used 37443K [0x00000000c0000000, 0x00000000c2b00000, 0x00000000eab00000)
  object space 44032K, 85% used [0x00000000c0000000,0x00000000c2490e98,0x00000000c2b00000)
 Metaspace       used 6723K, capacity 7544K, committed 7680K, reserved 1056768K
  class space    used 631K, capacity 688K, committed 768K, reserved 1048576K
Event: 22.557 GC heap after
Heap after GC invocations=8 (full 1):
 PSYoungGen      total 144896K, used 0K [0x00000000eab00000, 0x00000000fd900000, 0x0000000100000000)
  eden space 129536K, 0% used [0x00000000eab00000,0x00000000eab00000,0x00000000f2980000)
  from space 15360K, 0% used [0x00000000f2980000,0x00000000f2980000,0x00000000f3880000)
  to   space 25088K, 0% used [0x00000000fc080000,0x00000000fc080000,0x00000000fd900000)
 ParOldGen       total 44032K, used 40173K [0x00000000c0000000, 0x00000000c2b00000, 0x00000000eab00000)
  object space 44032K, 91% used [0x00000000c0000000,0x00000000c273b6c0,0x00000000c2b00000)
 Metaspace       used 6723K, capacity 7544K, committed 7680K, reserved 1056768K
  class space    used 631K, capacity 688K, committed 768K, reserved 1048576K
}

Deoptimization events (10 events):
Event: 17.459 Thread 0x0000000016761000 Uncommon trap: reason=class_check action=maybe_recompile pc=0x000000000299e264 method=java.util.Arrays.hashCode([Ljava/lang/Object;)I @ 43
Event: 17.459 Thread 0x0000000016761000 Uncommon trap: reason=class_check action=maybe_recompile pc=0x00000000029a5288 method=java.util.Arrays.hashCode([Ljava/lang/Object;)I @ 43
Event: 20.017 Thread 0x0000000016761000 Uncommon trap: reason=speculate_class_check action=maybe_recompile pc=0x00000000028b6054 method=com.android.dx.util.FixedSizeList.equals(Ljava/lang/Object;)Z @ 25
Event: 20.216 Thread 0x0000000016761000 Uncommon trap: reason=speculate_class_check action=maybe_recompile pc=0x00000000028b6054 method=com.android.dx.util.FixedSizeList.equals(Ljava/lang/Object;)Z @ 25
Event: 20.217 Thread 0x0000000016761000 Uncommon trap: reason=class_check action=maybe_recompile pc=0x00000000028b8598 method=java.util.Arrays.equals([Ljava/lang/Object;[Ljava/lang/Object;)Z @ 62
Event: 20.217 Thread 0x0000000016761000 Uncommon trap: reason=speculate_class_check action=maybe_recompile pc=0x00000000028b6054 method=com.android.dx.util.FixedSizeList.equals(Ljava/lang/Object;)Z @ 25
Event: 20.217 Thread 0x0000000016761000 Uncommon trap: reason=class_check action=maybe_recompile pc=0x00000000028b8598 method=java.util.Arrays.equals([Ljava/lang/Object;[Ljava/lang/Object;)Z @ 62
Event: 20.217 Thread 0x0000000016761000 Uncommon trap: reason=speculate_class_check action=maybe_recompile pc=0x00000000028b6054 method=com.android.dx.util.FixedSizeList.equals(Ljava/lang/Object;)Z @ 25
Event: 20.217 Thread 0x0000000016761000 Uncommon trap: reason=class_check action=maybe_recompile pc=0x00000000028b8598 method=java.util.Arrays.equals([Ljava/lang/Object;[Ljava/lang/Object;)Z @ 62
Event: 20.217 Thread 0x0000000016761000 Uncommon trap: reason=class_check action=maybe_recompile pc=0x00000000028b8598 method=java.util.Arrays.equals([Ljava/lang/Object;[Ljava/lang/Object;)Z @ 62

Internal exceptions (10 events):
Event: 19.938 Thread 0x0000000016761000 Exception <a 'java/security/PrivilegedActionException'> (0x00000000f2591838) thrown at [D:\re\workspace\8-2-build-windows-amd64-cygwin\jdk8u25\1677\hotspot\src\share\vm\prims\jvm.cpp, line 1312]
Event: 19.989 Thread 0x0000000016761000 Exception <a 'java/security/PrivilegedActionException'> (0x00000000f2596af8) thrown at [D:\re\workspace\8-2-build-windows-amd64-cygwin\jdk8u25\1677\hotspot\src\share\vm\prims\jvm.cpp, line 1312]
Event: 19.990 Thread 0x0000000016761000 Exception <a 'java/security/PrivilegedActionException'> (0x00000000f259d180) thrown at [D:\re\workspace\8-2-build-windows-amd64-cygwin\jdk8u25\1677\hotspot\src\share\vm\prims\jvm.cpp, line 1312]
Event: 19.995 Thread 0x0000000016761000 Exception <a 'java/security/PrivilegedActionException'> (0x00000000f25a01c0) thrown at [D:\re\workspace\8-2-build-windows-amd64-cygwin\jdk8u25\1677\hotspot\src\share\vm\prims\jvm.cpp, line 1312]
Event: 19.996 Thread 0x0000000016761000 Exception <a 'java/security/PrivilegedActionException'> (0x00000000f25a5110) thrown at [D:\re\workspace\8-2-build-windows-amd64-cygwin\jdk8u25\1677\hotspot\src\share\vm\prims\jvm.cpp, line 1312]
Event: 19.997 Thread 0x0000000016761000 Exception <a 'java/security/PrivilegedActionException'> (0x00000000f25a98e8) thrown at [D:\re\workspace\8-2-build-windows-amd64-cygwin\jdk8u25\1677\hotspot\src\share\vm\prims\jvm.cpp, line 1312]
Event: 20.016 Thread 0x0000000016761000 Exception <a 'java/security/PrivilegedActionException'> (0x00000000f25bd848) thrown at [D:\re\workspace\8-2-build-windows-amd64-cygwin\jdk8u25\1677\hotspot\src\share\vm\prims\jvm.cpp, line 1312]
Event: 20.017 Thread 0x0000000016761000 Exception <a 'java/security/PrivilegedActionException'> (0x00000000f25c08f0) thrown at [D:\re\workspace\8-2-build-windows-amd64-cygwin\jdk8u25\1677\hotspot\src\share\vm\prims\jvm.cpp, line 1312]
Event: 20.019 Thread 0x0000000016761000 Exception <a 'java/security/PrivilegedActionException'> (0x00000000f25c3c18) thrown at [D:\re\workspace\8-2-build-windows-amd64-cygwin\jdk8u25\1677\hotspot\src\share\vm\prims\jvm.cpp, line 1312]
Event: 20.026 Thread 0x0000000016761000 Exception <a 'java/security/PrivilegedActionException'> (0x00000000f25d4bf0) thrown at [D:\re\workspace\8-2-build-windows-amd64-cygwin\jdk8u25\1677\hotspot\src\share\vm\prims\jvm.cpp, line 1312]

Events (10 events):
Event: 22.583 Thread 0x0000000016761000 DEOPT PACKING pc=0x0000000002ea877e sp=0x000000001892ecd0
Event: 22.583 Thread 0x0000000016761000 DEOPT UNPACKING pc=0x00000000025775bf sp=0x000000001892ea98 mode 0
Event: 22.589 Thread 0x0000000016761000 DEOPT PACKING pc=0x0000000002ea6501 sp=0x000000001892ed70
Event: 22.589 Thread 0x0000000016761000 DEOPT UNPACKING pc=0x00000000025775bf sp=0x000000001892eac0 mode 0
Event: 22.842 Thread 0x0000000016761000 DEOPT PACKING pc=0x0000000002ea6501 sp=0x000000001892ed70
Event: 22.846 Thread 0x0000000016761000 DEOPT UNPACKING pc=0x00000000025775bf sp=0x000000001892eac0 mode 0
Event: 22.891 Thread 0x0000000016761000 DEOPT PACKING pc=0x0000000002ea6501 sp=0x000000001892ebf0
Event: 22.891 Thread 0x0000000016761000 DEOPT UNPACKING pc=0x00000000025775bf sp=0x000000001892e940 mode 0
Event: 22.912 Thread 0x0000000016761000 DEOPT PACKING pc=0x0000000002ea6501 sp=0x000000001892ed70
Event: 22.912 Thread 0x0000000016761000 DEOPT UNPACKING pc=0x00000000025775bf sp=0x000000001892eac0 mode 0


Dynamic libraries:
0x00007ff62aac0000 - 0x00007ff62aaf4000 	C:\Program Files\Java\jdk1.8.0_25\bin\java.exe
0x00007ffa827f0000 - 0x00007ffa829b1000 	C:\WINDOWS\SYSTEM32\ntdll.dll
0x00007ffa82340000 - 0x00007ffa823ed000 	C:\WINDOWS\system32\KERNEL32.DLL
0x00007ffa7eea0000 - 0x00007ffa7f088000 	C:\WINDOWS\system32\KERNELBASE.dll
0x00007ffa820c0000 - 0x00007ffa82167000 	C:\WINDOWS\system32\ADVAPI32.dll
0x00007ffa82020000 - 0x00007ffa820bd000 	C:\WINDOWS\system32\msvcrt.dll
0x00007ffa81c30000 - 0x00007ffa81c8b000 	C:\WINDOWS\system32\sechost.dll
0x00007ffa81c90000 - 0x00007ffa81dac000 	C:\WINDOWS\system32\RPCRT4.dll
0x00007ffa81db0000 - 0x00007ffa81f06000 	C:\WINDOWS\system32\USER32.dll
0x00007ffa82580000 - 0x00007ffa82706000 	C:\WINDOWS\system32\GDI32.dll
0x00007ffa79220000 - 0x00007ffa79494000 	C:\WINDOWS\WinSxS\amd64_microsoft.windows.common-controls_6595b64144ccf1df_6.0.10586.0_none_8c15ae12515e1c22\COMCTL32.dll
0x00007ffa813c0000 - 0x00007ffa8163d000 	C:\WINDOWS\system32\combase.dll
0x00007ffa7f090000 - 0x00007ffa7f0fa000 	C:\WINDOWS\system32\bcryptPrimitives.dll
0x00007ffa82710000 - 0x00007ffa8274b000 	C:\WINDOWS\system32\IMM32.DLL
0x0000000057190000 - 0x0000000057262000 	C:\Program Files\Java\jdk1.8.0_25\jre\bin\msvcr100.dll
0x0000000057650000 - 0x0000000057eaa000 	C:\Program Files\Java\jdk1.8.0_25\jre\bin\server\jvm.dll
0x00007ffa81640000 - 0x00007ffa81648000 	C:\WINDOWS\system32\PSAPI.DLL
0x00007ffa6e5f0000 - 0x00007ffa6e5f9000 	C:\WINDOWS\SYSTEM32\WSOCK32.dll
0x00007ffa82750000 - 0x00007ffa827bb000 	C:\WINDOWS\system32\WS2_32.dll
0x00007ffa7cc00000 - 0x00007ffa7cc23000 	C:\WINDOWS\SYSTEM32\WINMM.dll
0x00007ffa7cab0000 - 0x00007ffa7cadc000 	C:\WINDOWS\SYSTEM32\WINMMBASE.dll
0x00007ffa7f2d0000 - 0x00007ffa7f313000 	C:\WINDOWS\system32\cfgmgr32.dll
0x0000000057640000 - 0x000000005764f000 	C:\Program Files\Java\jdk1.8.0_25\jre\bin\verify.dll
0x0000000057610000 - 0x0000000057638000 	C:\Program Files\Java\jdk1.8.0_25\jre\bin\java.dll
0x00000000575f0000 - 0x0000000057606000 	C:\Program Files\Java\jdk1.8.0_25\jre\bin\zip.dll
0x00007ffa7fdb0000 - 0x00007ffa8130c000 	C:\WINDOWS\system32\SHELL32.dll
0x00007ffa7f5a0000 - 0x00007ffa7fbe4000 	C:\WINDOWS\system32\windows.storage.dll
0x00007ffa82520000 - 0x00007ffa82572000 	C:\WINDOWS\system32\shlwapi.dll
0x00007ffa7ee80000 - 0x00007ffa7ee8f000 	C:\WINDOWS\system32\kernel.appcore.dll
0x00007ffa7f3a0000 - 0x00007ffa7f455000 	C:\WINDOWS\system32\shcore.dll
0x00007ffa7ee10000 - 0x00007ffa7ee5b000 	C:\WINDOWS\system32\powrprof.dll
0x00007ffa7ee60000 - 0x00007ffa7ee74000 	C:\WINDOWS\system32\profapi.dll

VM Arguments:
jvm_args: -Djava.awt.headless=true -Xmx1024M -Dfile.encoding=windows-1252 -Duser.country=FR -Duser.language=fr -Duser.variant 
java_command: com.android.dx.command.Main --dex --force-jumbo --num-threads=4 --multi-dex --output C:\Users\Famille\AndroidStudioProjects\Niviel\app\build\intermediates\transforms\dex\debug\folders\1000\10\com.android.support-appcompat-v7-24.0.0_d749c888684847997bd0c4748dd6be454c98469d C:\Users\Famille\AndroidStudioProjects\Niviel\app\build\intermediates\exploded-aar\com.android.support\appcompat-v7\24.0.0\jars\classes.jar
java_class_path (initial): C:\Users\Famille\AppData\Local\Android\sdk\build-tools\23.0.2\lib\dx.jar
Launcher Type: SUN_STANDARD

Environment Variables:
JAVA_HOME=C:\Program Files\Java\jdk1.8.0_25
PATH=C:\Program Files\Broadcom\Broadcom 802.11 Network Adapter;;C:\Program Files\Broadcom\Broadcom 802.11;C:\ProgramData\Oracle\Java\javapath;C:\Program Files (x86)\Intel\iCLS Client\;C:\Program Files\Intel\iCLS Client\;C:\Windows\system32;C:\Windows;C:\Windows\System32\Wbem;C:\Windows\System32\WindowsPowerShell\v1.0\;C:\Program Files\Hewlett-Packard\SimplePass\;C:\wamp\bin\php\php5.5.12;C:\Python27;C:\Users\Famille\AppData\Roaming\npm\;C:\Program Files\nodejs\;C:\Program Files\Git\cmd;C:\Program Files (x86)\Brackets\command;C:\Program Files (x86)\Ant\bin;C:\Program Files (x86)\Maven\bin;C:\Program Files (x86)\Intel\Intel(R) Management Engine Components\DAL;C:\Program Files\Intel\Intel(R) Management Engine Components\DAL;C:\Program Files (x86)\Intel\Intel(R) Management Engine Components\IPT;C:\Program Files\Intel\Intel(R) Management Engine Components\IPT;C:\Users\Famille\AppData\Local\atom\bin;C:\Users\Famille\AppData\Roaming\npm
USERNAME=de Lachaux
OS=Windows_NT
PROCESSOR_IDENTIFIER=Intel64 Family 6 Model 69 Stepping 1, GenuineIntel



---------------  S Y S T E M  ---------------

OS: Windows 8.1 , 64 bit Build 9600 

CPU:total 4 (2 cores per cpu, 2 threads per core) family 6 model 69 stepping 1, cmov, cx8, fxsr, mmx, sse, sse2, sse3, ssse3, sse4.1, sse4.2, popcnt, avx, avx2, aes, clmul, erms, lzcnt, ht, tsc, tscinvbit, bmi1, bmi2

Memory: 4k page, physical 4122776k(113892k free), swap 5555352k(0k free)

vm_info: Java HotSpot(TM) 64-Bit Server VM (25.25-b02) for windows-amd64 JRE (1.8.0_25-b18), built on Oct  7 2014 14:25:37 by "java_re" with MS VC++ 10.0 (VS2010)

time: Sat Jun 25 18:14:45 2016
elapsed time: 23 seconds (0d 0h 0m 23s)

