#
# There is insufficient memory for the Java Runtime Environment to continue.
# Native memory allocation (malloc) failed to allocate 1252176 bytes for Chunk::new
# Possible reasons:
#   The system is out of physical RAM or swap space
#   In 32 bit mode, the process size limit was hit
# Possible solutions:
#   Reduce memory load on the system
#   Increase physical memory or swap space
#   Check if swap backing store is full
#   Use 64 bit Java on a 64 bit OS
#   Decrease Java heap size (-Xmx/-Xms)
#   Decrease number of Java threads
#   Decrease Java thread stack sizes (-Xss)
#   Set larger code cache with -XX:ReservedCodeCacheSize=
# This output file may be truncated or incomplete.
#
#  Out of Memory Error (allocation.cpp:390), pid=59972, tid=43800
#
# JRE version: Java(TM) SE Runtime Environment (8.0_25-b18) (build 1.8.0_25-b18)
# Java VM: Java HotSpot(TM) 64-Bit Server VM (25.25-b02 mixed mode windows-amd64 compressed oops)
# Failed to write core dump. Minidumps are not enabled by default on client versions of Windows
#

---------------  T H R E A D  ---------------

Current thread (0x0000000014e2c000):  JavaThread "C2 CompilerThread0" daemon [_thread_in_native, id=43800, stack(0x00000000163a0000,0x00000000164a0000)]

Stack: [0x00000000163a0000,0x00000000164a0000]
Native frames: (J=compiled Java code, j=interpreted, Vv=VM code, C=native code)
V  [jvm.dll+0x31667a]
V  [jvm.dll+0x267073]
V  [jvm.dll+0x267cb3]
V  [jvm.dll+0x25f5b5]
V  [jvm.dll+0xbf165]
V  [jvm.dll+0xbf60c]
V  [jvm.dll+0x45d672]
V  [jvm.dll+0x49e8ef]
V  [jvm.dll+0x452668]
V  [jvm.dll+0x453864]
V  [jvm.dll+0x437372]
V  [jvm.dll+0x98a02]
V  [jvm.dll+0x991f3]
V  [jvm.dll+0x22bde4]
V  [jvm.dll+0x2852fa]
C  [msvcr100.dll+0x21d9f]
C  [msvcr100.dll+0x21e3b]
C  [KERNEL32.DLL+0x18102]
C  [ntdll.dll+0x5c5b4]


Current CompileTask:
C2:   4500 1144   !   4       com.android.dx.cf.code.RopperMachine::run (1550 bytes)


---------------  P R O C E S S  ---------------

Java Threads: ( => current thread )
  0x0000000016943800 JavaThread "pool-2-thread-4" [_thread_in_Java, id=43684, stack(0x00000000170a0000,0x00000000171a0000)]
  0x0000000016946800 JavaThread "pool-2-thread-3" [_thread_in_vm, id=60632, stack(0x0000000016fa0000,0x00000000170a0000)]
  0x000000001693d800 JavaThread "pool-2-thread-2" [_thread_in_Java, id=62172, stack(0x0000000016ea0000,0x0000000016fa0000)]
  0x0000000016937800 JavaThread "pool-3-thread-1" [_thread_blocked, id=62456, stack(0x0000000016da0000,0x0000000016ea0000)]
  0x0000000016935000 JavaThread "pool-2-thread-1" [_thread_in_Java, id=43892, stack(0x0000000016ca0000,0x0000000016da0000)]
  0x00000000166c4800 JavaThread "Service Thread" daemon [_thread_blocked, id=61740, stack(0x0000000016aa0000,0x0000000016ba0000)]
  0x0000000014e36000 JavaThread "C1 CompilerThread2" daemon [_thread_in_native, id=43916, stack(0x00000000165a0000,0x00000000166a0000)]
  0x0000000014e31800 JavaThread "C2 CompilerThread1" daemon [_thread_in_native, id=62420, stack(0x00000000164a0000,0x00000000165a0000)]
=>0x0000000014e2c000 JavaThread "C2 CompilerThread0" daemon [_thread_in_native, id=43800, stack(0x00000000163a0000,0x00000000164a0000)]
  0x0000000014e2a800 JavaThread "Attach Listener" daemon [_thread_blocked, id=55416, stack(0x00000000162a0000,0x00000000163a0000)]
  0x0000000014e29800 JavaThread "Signal Dispatcher" daemon [_thread_blocked, id=57756, stack(0x00000000161a0000,0x00000000162a0000)]
  0x0000000002756000 JavaThread "Finalizer" daemon [_thread_blocked, id=62148, stack(0x00000000160a0000,0x00000000161a0000)]
  0x000000000274d000 JavaThread "Reference Handler" daemon [_thread_blocked, id=61612, stack(0x0000000015fa0000,0x00000000160a0000)]
  0x000000000265e000 JavaThread "main" [_thread_in_native, id=62136, stack(0x0000000002500000,0x0000000002600000)]

Other Threads:
  0x0000000014df6800 VMThread [stack: 0x0000000015ea0000,0x0000000015fa0000] [id=61456]
  0x00000000166c6800 WatcherThread [stack: 0x0000000016ba0000,0x0000000016ca0000] [id=61256]

VM state:not at safepoint (normal execution)

VM Mutex/Monitor currently owned by a thread: None

Heap:
 PSYoungGen      total 35328K, used 11640K [0x00000000eab00000, 0x00000000ed000000, 0x0000000100000000)
  eden space 32768K, 27% used [0x00000000eab00000,0x00000000eb3e6088,0x00000000ecb00000)
  from space 2560K, 98% used [0x00000000ecd80000,0x00000000ecff8048,0x00000000ed000000)
  to   space 2560K, 0% used [0x00000000ecb00000,0x00000000ecb00000,0x00000000ecd80000)
 ParOldGen       total 44032K, used 4904K [0x00000000c0000000, 0x00000000c2b00000, 0x00000000eab00000)
  object space 44032K, 11% used [0x00000000c0000000,0x00000000c04ca388,0x00000000c2b00000)
 Metaspace       used 5885K, capacity 6896K, committed 7040K, reserved 1056768K
  class space    used 590K, capacity 616K, committed 640K, reserved 1048576K

Card table byte_map: [0x0000000011b20000,0x0000000011d30000] byte_map_base: 0x0000000011520000

Marking Bits: (ParMarkBitMap*) 0x0000000069efd490
 Begin Bits: [0x0000000012290000, 0x0000000013290000)
 End Bits:   [0x0000000013290000, 0x0000000014290000)

Polling page: 0x0000000000c50000

CodeCache: size=245760Kb used=4718Kb max_used=4718Kb free=241041Kb
 bounds [0x0000000002760000, 0x0000000002c00000, 0x0000000011760000]
 total_blobs=1489 nmethods=1225 adapters=178
 compilation: enabled

Compilation events (10 events):
Event: 4.474 Thread 0x0000000014e36000 nmethod 1226 0x0000000002bee7d0 code [0x0000000002bee980, 0x0000000002bef0b0]
Event: 4.474 Thread 0x0000000014e36000 1225       3       com.android.dx.util.ByteArray::getShort (25 bytes)
Event: 4.474 Thread 0x0000000014e36000 nmethod 1225 0x0000000002bef450 code [0x0000000002bef5c0, 0x0000000002bef888]
Event: 4.474 Thread 0x0000000014e36000 1227       3       com.android.dx.ssa.back.LivenessAnalyzer::coInterferePhis (128 bytes)
Event: 4.476 Thread 0x0000000014e36000 nmethod 1227 0x0000000002befa50 code [0x0000000002befce0, 0x0000000002bf0fd8]
Event: 4.476 Thread 0x0000000014e36000 1228       3       com.android.dx.ssa.back.IdenticalBlockCombiner::process (323 bytes)
Event: 4.478 Thread 0x0000000014e36000 nmethod 1228 0x0000000002bf19d0 code [0x0000000002bf1d60, 0x0000000002bf4218]
Event: 4.478 Thread 0x0000000014e36000 1229       3       com.android.dx.ssa.back.FirstFitLocalCombiningAllocator::handleNormalUnassociated (99 bytes)
Event: 4.480 Thread 0x0000000014e36000 nmethod 1229 0x0000000002bf5450 code [0x0000000002bf5700, 0x0000000002bf6ab8]
Event: 4.480 Thread 0x0000000014e36000 1231       3       com.android.dx.ssa.SsaMethod::getCountReachableBlocks (44 bytes)

GC Heap History (4 events):
Event: 2.567 GC heap before
{Heap before GC invocations=1 (full 0):
 PSYoungGen      total 18944K, used 16384K [0x00000000eab00000, 0x00000000ec000000, 0x0000000100000000)
  eden space 16384K, 100% used [0x00000000eab00000,0x00000000ebb00000,0x00000000ebb00000)
  from space 2560K, 0% used [0x00000000ebd80000,0x00000000ebd80000,0x00000000ec000000)
  to   space 2560K, 0% used [0x00000000ebb00000,0x00000000ebb00000,0x00000000ebd80000)
 ParOldGen       total 44032K, used 0K [0x00000000c0000000, 0x00000000c2b00000, 0x00000000eab00000)
  object space 44032K, 0% used [0x00000000c0000000,0x00000000c0000000,0x00000000c2b00000)
 Metaspace       used 5735K, capacity 6768K, committed 7040K, reserved 1056768K
  class space    used 589K, capacity 616K, committed 640K, reserved 1048576K
Event: 2.659 GC heap after
Heap after GC invocations=1 (full 0):
 PSYoungGen      total 18944K, used 2528K [0x00000000eab00000, 0x00000000ed000000, 0x0000000100000000)
  eden space 16384K, 0% used [0x00000000eab00000,0x00000000eab00000,0x00000000ebb00000)
  from space 2560K, 98% used [0x00000000ebb00000,0x00000000ebd78038,0x00000000ebd80000)
  to   space 2560K, 0% used [0x00000000ecd80000,0x00000000ecd80000,0x00000000ed000000)
 ParOldGen       total 44032K, used 1849K [0x00000000c0000000, 0x00000000c2b00000, 0x00000000eab00000)
  object space 44032K, 4% used [0x00000000c0000000,0x00000000c01ce5f8,0x00000000c2b00000)
 Metaspace       used 5735K, capacity 6768K, committed 7040K, reserved 1056768K
  class space    used 589K, capacity 616K, committed 640K, reserved 1048576K
}
Event: 3.886 GC heap before
{Heap before GC invocations=2 (full 0):
 PSYoungGen      total 18944K, used 18912K [0x00000000eab00000, 0x00000000ed000000, 0x0000000100000000)
  eden space 16384K, 100% used [0x00000000eab00000,0x00000000ebb00000,0x00000000ebb00000)
  from space 2560K, 98% used [0x00000000ebb00000,0x00000000ebd78038,0x00000000ebd80000)
  to   space 2560K, 0% used [0x00000000ecd80000,0x00000000ecd80000,0x00000000ed000000)
 ParOldGen       total 44032K, used 1849K [0x00000000c0000000, 0x00000000c2b00000, 0x00000000eab00000)
  object space 44032K, 4% used [0x00000000c0000000,0x00000000c01ce5f8,0x00000000c2b00000)
 Metaspace       used 5854K, capacity 6896K, committed 7040K, reserved 1056768K
  class space    used 590K, capacity 616K, committed 640K, reserved 1048576K
Event: 4.433 GC heap after
Heap after GC invocations=2 (full 0):
 PSYoungGen      total 35328K, used 2528K [0x00000000eab00000, 0x00000000ed000000, 0x0000000100000000)
  eden space 32768K, 0% used [0x00000000eab00000,0x00000000eab00000,0x00000000ecb00000)
  from space 2560K, 98% used [0x00000000ecd80000,0x00000000ecff8048,0x00000000ed000000)
  to   space 2560K, 0% used [0x00000000ecb00000,0x00000000ecb00000,0x00000000ecd80000)
 ParOldGen       total 44032K, used 4904K [0x00000000c0000000, 0x00000000c2b00000, 0x00000000eab00000)
  object space 44032K, 11% used [0x00000000c0000000,0x00000000c04ca388,0x00000000c2b00000)
 Metaspace       used 5854K, capacity 6896K, committed 7040K, reserved 1056768K
  class space    used 590K, capacity 616K, committed 640K, reserved 1048576K
}

Deoptimization events (4 events):
Event: 2.678 Thread 0x0000000016935000 Uncommon trap: reason=class_check action=maybe_recompile pc=0x0000000002ac9328 method=com.android.dx.ssa.NormalSsaInsn.accept(Lcom/android/dx/ssa/SsaInsn$Visitor;)V @ 9
Event: 2.694 Thread 0x0000000016935000 Uncommon trap: reason=class_check action=maybe_recompile pc=0x0000000002ac9328 method=com.android.dx.ssa.NormalSsaInsn.accept(Lcom/android/dx/ssa/SsaInsn$Visitor;)V @ 9
Event: 3.238 Thread 0x0000000016943800 Uncommon trap: reason=null_check action=make_not_entrant pc=0x0000000002b1a750 method=com.android.dx.ssa.SsaRenamer.getLocalForNewReg(I)Lcom/android/dx/rop/code/LocalItem; @ 19
Event: 3.238 Thread 0x0000000016943800 Uncommon trap: reason=null_check action=make_not_entrant pc=0x0000000002ac9b58 method=com.android.dx.ssa.SsaRenamer.getLocalForNewReg(I)Lcom/android/dx/rop/code/LocalItem; @ 19

Internal exceptions (10 events):
Event: 2.211 Thread 0x0000000016943800 Exception <a 'java/security/PrivilegedActionException'> (0x00000000eb6429d0) thrown at [D:\re\workspace\8-2-build-windows-amd64-cygwin\jdk8u25\1677\hotspot\src\share\vm\prims\jvm.cpp, line 1312]
Event: 2.213 Thread 0x0000000016943800 Exception <a 'java/security/PrivilegedActionException'> (0x00000000eb647ff0) thrown at [D:\re\workspace\8-2-build-windows-amd64-cygwin\jdk8u25\1677\hotspot\src\share\vm\prims\jvm.cpp, line 1312]
Event: 2.217 Thread 0x0000000016946800 Exception <a 'java/security/PrivilegedActionException'> (0x00000000eb6a0e38) thrown at [D:\re\workspace\8-2-build-windows-amd64-cygwin\jdk8u25\1677\hotspot\src\share\vm\prims\jvm.cpp, line 1312]
Event: 2.230 Thread 0x0000000016935000 Exception <a 'java/security/PrivilegedActionException'> (0x00000000eb584b78) thrown at [D:\re\workspace\8-2-build-windows-amd64-cygwin\jdk8u25\1677\hotspot\src\share\vm\prims\jvm.cpp, line 1312]
Event: 2.268 Thread 0x0000000016943800 Exception <a 'java/security/PrivilegedActionException'> (0x00000000eb677b80) thrown at [D:\re\workspace\8-2-build-windows-amd64-cygwin\jdk8u25\1677\hotspot\src\share\vm\prims\jvm.cpp, line 1312]
Event: 2.270 Thread 0x0000000016943800 Exception <a 'java/security/PrivilegedActionException'> (0x00000000eb67d5f0) thrown at [D:\re\workspace\8-2-build-windows-amd64-cygwin\jdk8u25\1677\hotspot\src\share\vm\prims\jvm.cpp, line 1312]
Event: 2.272 Thread 0x0000000016943800 Exception <a 'java/security/PrivilegedActionException'> (0x00000000eb682d58) thrown at [D:\re\workspace\8-2-build-windows-amd64-cygwin\jdk8u25\1677\hotspot\src\share\vm\prims\jvm.cpp, line 1312]
Event: 2.290 Thread 0x0000000016946800 Exception <a 'java/security/PrivilegedActionException'> (0x00000000eb89dbd0) thrown at [D:\re\workspace\8-2-build-windows-amd64-cygwin\jdk8u25\1677\hotspot\src\share\vm\prims\jvm.cpp, line 1312]
Event: 3.238 Thread 0x0000000016943800 Implicit null exception at 0x0000000002b19185 to 0x0000000002b1a735
Event: 3.238 Thread 0x0000000016943800 Implicit null exception at 0x0000000002ac763d to 0x0000000002ac9b35

Events (10 events):
Event: 3.238 Thread 0x0000000016943800 Uncommon trap: trap_request=0xfffffff4 fr.pc=0x0000000002b1a750
Event: 3.238 Thread 0x0000000016943800 DEOPT PACKING pc=0x0000000002b1a750 sp=0x000000001719eaa0
Event: 3.238 Thread 0x0000000016943800 DEOPT UNPACKING pc=0x00000000027a556a sp=0x000000001719e8a8 mode 2
Event: 3.238 Thread 0x0000000016943800 Uncommon trap: trap_request=0xfffffff4 fr.pc=0x0000000002ac9b58
Event: 3.238 Thread 0x0000000016943800 DEOPT PACKING pc=0x0000000002ac9b58 sp=0x000000001719e9f0
Event: 3.238 Thread 0x0000000016943800 DEOPT UNPACKING pc=0x00000000027a556a sp=0x000000001719e898 mode 2
Event: 3.319 Thread 0x0000000016943800 DEOPT PACKING pc=0x0000000002903286 sp=0x000000001719ebe0
Event: 3.319 Thread 0x0000000016943800 DEOPT UNPACKING pc=0x00000000027a75bf sp=0x000000001719e8d0 mode 0
Event: 3.886 Executing VM operation: ParallelGCFailedAllocation
Event: 4.433 Executing VM operation: ParallelGCFailedAllocation done


Dynamic libraries:
0x00007ff72ce00000 - 0x00007ff72ce34000 	C:\Program Files\Java\jdk1.8.0_25\bin\java.exe
0x00007ffcacc60000 - 0x00007ffcace21000 	C:\WINDOWS\SYSTEM32\ntdll.dll
0x00007ffcaca80000 - 0x00007ffcacb2d000 	C:\WINDOWS\system32\KERNEL32.DLL
0x00007ffca94f0000 - 0x00007ffca96d8000 	C:\WINDOWS\system32\KERNELBASE.dll
0x00007ffcac840000 - 0x00007ffcac8e7000 	C:\WINDOWS\system32\ADVAPI32.dll
0x00007ffcac900000 - 0x00007ffcac99d000 	C:\WINDOWS\system32\msvcrt.dll
0x00007ffcacb30000 - 0x00007ffcacb8b000 	C:\WINDOWS\system32\sechost.dll
0x00007ffcaa1c0000 - 0x00007ffcaa2dc000 	C:\WINDOWS\system32\RPCRT4.dll
0x00007ffcabd30000 - 0x00007ffcabe86000 	C:\WINDOWS\system32\USER32.dll
0x00007ffcab880000 - 0x00007ffcaba06000 	C:\WINDOWS\system32\GDI32.dll
0x00007ffca0310000 - 0x00007ffca0584000 	C:\WINDOWS\WinSxS\amd64_microsoft.windows.common-controls_6595b64144ccf1df_6.0.10586.494_none_a2d8b04ea53e3145\COMCTL32.dll
0x00007ffcac400000 - 0x00007ffcac67d000 	C:\WINDOWS\system32\combase.dll
0x00007ffca9310000 - 0x00007ffca937a000 	C:\WINDOWS\system32\bcryptPrimitives.dll
0x00007ffcab840000 - 0x00007ffcab87b000 	C:\WINDOWS\system32\IMM32.DLL
0x0000000069370000 - 0x0000000069442000 	C:\Program Files\Java\jdk1.8.0_25\jre\bin\msvcr100.dll
0x0000000069720000 - 0x0000000069f7a000 	C:\Program Files\Java\jdk1.8.0_25\jre\bin\server\jvm.dll
0x00007ffcaca00000 - 0x00007ffcaca08000 	C:\WINDOWS\system32\PSAPI.DLL
0x00007ffc95490000 - 0x00007ffc95499000 	C:\WINDOWS\SYSTEM32\WSOCK32.dll
0x00007ffcac7d0000 - 0x00007ffcac83b000 	C:\WINDOWS\system32\WS2_32.dll
0x00007ffca79b0000 - 0x00007ffca79d3000 	C:\WINDOWS\SYSTEM32\WINMM.dll
0x00007ffca7950000 - 0x00007ffca797c000 	C:\WINDOWS\SYSTEM32\WINMMBASE.dll
0x00007ffca96e0000 - 0x00007ffca9723000 	C:\WINDOWS\system32\cfgmgr32.dll
0x000000006a0a0000 - 0x000000006a0af000 	C:\Program Files\Java\jdk1.8.0_25\jre\bin\verify.dll
0x000000006a070000 - 0x000000006a098000 	C:\Program Files\Java\jdk1.8.0_25\jre\bin\java.dll
0x000000006a050000 - 0x000000006a066000 	C:\Program Files\Java\jdk1.8.0_25\jre\bin\zip.dll
0x00007ffcaa2e0000 - 0x00007ffcab83c000 	C:\WINDOWS\system32\SHELL32.dll
0x00007ffca9730000 - 0x00007ffca9d75000 	C:\WINDOWS\system32\windows.storage.dll
0x00007ffcabea0000 - 0x00007ffcabef2000 	C:\WINDOWS\system32\shlwapi.dll
0x00007ffca92b0000 - 0x00007ffca92bf000 	C:\WINDOWS\system32\kernel.appcore.dll
0x00007ffca9430000 - 0x00007ffca94e5000 	C:\WINDOWS\system32\shcore.dll
0x00007ffca92c0000 - 0x00007ffca930b000 	C:\WINDOWS\system32\powrprof.dll
0x00007ffca9290000 - 0x00007ffca92a4000 	C:\WINDOWS\system32\profapi.dll
0x00007ffc92eb0000 - 0x00007ffc9303c000 	C:\WINDOWS\SYSTEM32\dbghelp.dll

VM Arguments:
jvm_args: -Djava.awt.headless=true -Xmx1024M -Dfile.encoding=windows-1252 -Duser.country=FR -Duser.language=fr -Duser.variant 
java_command: com.android.dx.command.Main --dex --force-jumbo --num-threads=4 --multi-dex --output C:\Users\Famille\AndroidStudioProjects\Niviel\app\build\intermediates\transforms\dex\debug\folders\1000\5\slice_3 C:\Users\Famille\AndroidStudioProjects\Niviel\app\build\intermediates\transforms\instantRunSlicer\debug\folders\1\5\slice_3
java_class_path (initial): C:\Users\Famille\AppData\Local\Android\sdk\build-tools\23.0.2\lib\dx.jar
Launcher Type: SUN_STANDARD

Environment Variables:
JAVA_HOME=C:\Program Files\Java\jdk1.8.0_25
PATH=C:\Program Files\Broadcom\Broadcom 802.11 Network Adapter;;C:\Program Files\Broadcom\Broadcom 802.11;C:\ProgramData\Oracle\Java\javapath;C:\Program Files (x86)\Intel\iCLS Client\;C:\Program Files\Intel\iCLS Client\;C:\Windows\system32;C:\Windows;C:\Windows\System32\Wbem;C:\Windows\System32\WindowsPowerShell\v1.0\;C:\Program Files\Hewlett-Packard\SimplePass\;C:\wamp\bin\php\php5.5.12;C:\Python27;C:\Users\Famille\AppData\Roaming\npm\;C:\Program Files\nodejs\;C:\Program Files\Git\cmd;C:\Program Files (x86)\Brackets\command;C:\Program Files (x86)\Ant\bin;C:\Program Files (x86)\Maven\bin;C:\Program Files (x86)\Intel\Intel(R) Management Engine Components\DAL;C:\Program Files\Intel\Intel(R) Management Engine Components\DAL;C:\Program Files (x86)\Intel\Intel(R) Management Engine Components\IPT;C:\Program Files\Intel\Intel(R) Management Engine Components\IPT;C:\Users\Famille\AppData\Local\atom\bin;C:\Users\Famille\AppData\Roaming\npm
USERNAME=de Lachaux
OS=Windows_NT
PROCESSOR_IDENTIFIER=Intel64 Family 6 Model 69 Stepping 1, GenuineIntel



---------------  S Y S T E M  ---------------

OS: Windows 8.1 , 64 bit Build 9600 

CPU:total 4 (2 cores per cpu, 2 threads per core) family 6 model 69 stepping 1, cmov, cx8, fxsr, mmx, sse, sse2, sse3, ssse3, sse4.1, sse4.2, popcnt, avx, avx2, aes, clmul, erms, lzcnt, ht, tsc, tscinvbit, bmi1, bmi2

Memory: 4k page, physical 4122776k(411696k free), swap 5555352k(4528k free)

vm_info: Java HotSpot(TM) 64-Bit Server VM (25.25-b02) for windows-amd64 JRE (1.8.0_25-b18), built on Oct  7 2014 14:25:37 by "java_re" with MS VC++ 10.0 (VS2010)

time: Mon Aug 29 18:11:51 2016
elapsed time: 4 seconds (0d 0h 0m 4s)

