#
# There is insufficient memory for the Java Runtime Environment to continue.
# Native memory allocation (malloc) failed to allocate 726176 bytes for Chunk::new
# Possible reasons:
#   The system is out of physical RAM or swap space
#   In 32 bit mode, the process size limit was hit
# Possible solutions:
#   Reduce memory load on the system
#   Increase physical memory or swap space
#   Check if swap backing store is full
#   Use 64 bit Java on a 64 bit OS
#   Decrease Java heap size (-Xmx/-Xms)
#   Decrease number of Java threads
#   Decrease Java thread stack sizes (-Xss)
#   Set larger code cache with -XX:ReservedCodeCacheSize=
# This output file may be truncated or incomplete.
#
#  Out of Memory Error (allocation.cpp:390), pid=32600, tid=29080
#
# JRE version: Java(TM) SE Runtime Environment (8.0_25-b18) (build 1.8.0_25-b18)
# Java VM: Java HotSpot(TM) 64-Bit Server VM (25.25-b02 mixed mode windows-amd64 compressed oops)
# Failed to write core dump. Minidumps are not enabled by default on client versions of Windows
#

---------------  T H R E A D  ---------------

Current thread (0x0000000014d68000):  JavaThread "C2 CompilerThread1" daemon [_thread_in_native, id=29080, stack(0x0000000016370000,0x0000000016470000)]

Stack: [0x0000000016370000,0x0000000016470000]
Native frames: (J=compiled Java code, j=interpreted, Vv=VM code, C=native code)
V  [jvm.dll+0x31667a]
V  [jvm.dll+0x267073]
V  [jvm.dll+0x267cb3]
V  [jvm.dll+0x25f5b5]
V  [jvm.dll+0xbf165]
V  [jvm.dll+0xbf60c]
V  [jvm.dll+0x45d672]
V  [jvm.dll+0x49e8ef]
V  [jvm.dll+0x452b41]
V  [jvm.dll+0x453864]
V  [jvm.dll+0x437372]
V  [jvm.dll+0x98a02]
V  [jvm.dll+0x991f3]
V  [jvm.dll+0x22bde4]
V  [jvm.dll+0x2852fa]
C  [msvcr100.dll+0x21d9f]
C  [msvcr100.dll+0x21e3b]
C  [KERNEL32.DLL+0x18102]
C  [ntdll.dll+0x5c5b4]


Current CompileTask:
C2:   1381 1176       4       com.android.dx.ssa.SCCP::simulatePhi (169 bytes)


---------------  P R O C E S S  ---------------

Java Threads: ( => current thread )
  0x0000000016723800 JavaThread "pool-2-thread-4" [_thread_in_Java, id=32944, stack(0x0000000016f70000,0x0000000017070000)]
  0x000000001670d000 JavaThread "pool-2-thread-3" [_thread_in_native, id=33220, stack(0x0000000016e70000,0x0000000016f70000)]
  0x000000001670c000 JavaThread "pool-2-thread-2" [_thread_in_vm, id=33668, stack(0x0000000016d70000,0x0000000016e70000)]
  0x000000001670b000 JavaThread "pool-3-thread-1" [_thread_blocked, id=32824, stack(0x0000000016c70000,0x0000000016d70000)]
  0x00000000166f5800 JavaThread "pool-2-thread-1" [_thread_in_Java, id=32580, stack(0x0000000016b70000,0x0000000016c70000)]
  0x0000000016586000 JavaThread "Service Thread" daemon [_thread_blocked, id=33144, stack(0x0000000016970000,0x0000000016a70000)]
  0x0000000014d74000 JavaThread "C1 CompilerThread2" daemon [_thread_blocked, id=32780, stack(0x0000000016470000,0x0000000016570000)]
=>0x0000000014d68000 JavaThread "C2 CompilerThread1" daemon [_thread_in_native, id=29080, stack(0x0000000016370000,0x0000000016470000)]
  0x0000000014d1d000 JavaThread "C2 CompilerThread0" daemon [_thread_in_native, id=33200, stack(0x0000000016270000,0x0000000016370000)]
  0x0000000014d1b800 JavaThread "Attach Listener" daemon [_thread_blocked, id=33468, stack(0x0000000016170000,0x0000000016270000)]
  0x0000000014d1a800 JavaThread "Signal Dispatcher" daemon [_thread_blocked, id=33040, stack(0x0000000016070000,0x0000000016170000)]
  0x0000000002642000 JavaThread "Finalizer" daemon [_thread_blocked, id=33748, stack(0x0000000015f70000,0x0000000016070000)]
  0x000000000263f000 JavaThread "Reference Handler" daemon [_thread_blocked, id=33232, stack(0x0000000015e70000,0x0000000015f70000)]
  0x00000000023de000 JavaThread "main" [_thread_blocked, id=29060, stack(0x0000000002450000,0x0000000002550000)]

Other Threads:
  0x0000000014ce6800 VMThread [stack: 0x0000000015d70000,0x0000000015e70000] [id=33400]
  0x0000000014d7e800 WatcherThread [stack: 0x0000000016a70000,0x0000000016b70000] [id=33108]

VM state:not at safepoint (normal execution)

VM Mutex/Monitor currently owned by a thread: None

Heap:
 PSYoungGen      total 18944K, used 17766K [0x00000000eab00000, 0x00000000ec000000, 0x0000000100000000)
  eden space 16384K, 92% used [0x00000000eab00000,0x00000000eb9da718,0x00000000ebb00000)
  from space 2560K, 99% used [0x00000000ebb00000,0x00000000ebd7f420,0x00000000ebd80000)
  to   space 2560K, 0% used [0x00000000ebd80000,0x00000000ebd80000,0x00000000ec000000)
 ParOldGen       total 44032K, used 1907K [0x00000000c0000000, 0x00000000c2b00000, 0x00000000eab00000)
  object space 44032K, 4% used [0x00000000c0000000,0x00000000c01dcc30,0x00000000c2b00000)
 Metaspace       used 5894K, capacity 6896K, committed 7040K, reserved 1056768K
  class space    used 589K, capacity 616K, committed 640K, reserved 1048576K

Card table byte_map: [0x0000000011a10000,0x0000000011c20000] byte_map_base: 0x0000000011410000

Marking Bits: (ParMarkBitMap*) 0x0000000057b9d490
 Begin Bits: [0x0000000012180000, 0x0000000013180000)
 End Bits:   [0x0000000013180000, 0x0000000014180000)

Polling page: 0x00000000009a0000

CodeCache: size=245760Kb used=4692Kb max_used=4692Kb free=241067Kb
 bounds [0x0000000002650000, 0x0000000002af0000, 0x0000000011650000]
 total_blobs=1470 nmethods=1206 adapters=178
 compilation: enabled

Compilation events (10 events):
Event: 1.334 Thread 0x0000000014d74000 1202       3       java.lang.Float::isNaN (12 bytes)
Event: 1.335 Thread 0x0000000014d74000 nmethod 1202 0x0000000002ad5e50 code [0x0000000002ad5fa0, 0x0000000002ad6150]
Event: 1.335 Thread 0x0000000014d74000 1203       1       com.android.dx.cf.attrib.AttSourceFile::getSourceFile (5 bytes)
Event: 1.335 Thread 0x0000000014d74000 nmethod 1203 0x0000000002ad61d0 code [0x0000000002ad6320, 0x0000000002ad6430]
Event: 1.337 Thread 0x0000000014d74000 1204       3       java.util.concurrent.locks.AbstractOwnableSynchronizer::setExclusiveOwnerThread (6 bytes)
Event: 1.337 Thread 0x0000000014d74000 nmethod 1204 0x0000000002ad6490 code [0x0000000002ad65e0, 0x0000000002ad6750]
Event: 1.337 Thread 0x0000000014d74000 1206       3       com.android.dx.rop.annotation.Annotations::size (8 bytes)
Event: 1.337 Thread 0x0000000014d74000 nmethod 1206 0x0000000002ad6b90 code [0x0000000002ad6ce0, 0x0000000002ad6e70]
Event: 1.339 Thread 0x0000000014d74000 1207       3       com.android.dx.cf.code.Simulator$SimVisitor::visitBranch (341 bytes)
Event: 1.340 Thread 0x0000000014d74000 nmethod 1207 0x0000000002ad6f10 code [0x0000000002ad7180, 0x0000000002ad8228]

GC Heap History (2 events):
Event: 0.698 GC heap before
{Heap before GC invocations=1 (full 0):
 PSYoungGen      total 18944K, used 16384K [0x00000000eab00000, 0x00000000ec000000, 0x0000000100000000)
  eden space 16384K, 100% used [0x00000000eab00000,0x00000000ebb00000,0x00000000ebb00000)
  from space 2560K, 0% used [0x00000000ebd80000,0x00000000ebd80000,0x00000000ec000000)
  to   space 2560K, 0% used [0x00000000ebb00000,0x00000000ebb00000,0x00000000ebd80000)
 ParOldGen       total 44032K, used 0K [0x00000000c0000000, 0x00000000c2b00000, 0x00000000eab00000)
  object space 44032K, 0% used [0x00000000c0000000,0x00000000c0000000,0x00000000c2b00000)
 Metaspace       used 5667K, capacity 6704K, committed 6784K, reserved 1056768K
  class space    used 584K, capacity 616K, committed 640K, reserved 1048576K
Event: 0.706 GC heap after
Heap after GC invocations=1 (full 0):
 PSYoungGen      total 18944K, used 2557K [0x00000000eab00000, 0x00000000ec000000, 0x0000000100000000)
  eden space 16384K, 0% used [0x00000000eab00000,0x00000000eab00000,0x00000000ebb00000)
  from space 2560K, 99% used [0x00000000ebb00000,0x00000000ebd7f420,0x00000000ebd80000)
  to   space 2560K, 0% used [0x00000000ebd80000,0x00000000ebd80000,0x00000000ec000000)
 ParOldGen       total 44032K, used 1907K [0x00000000c0000000, 0x00000000c2b00000, 0x00000000eab00000)
  object space 44032K, 4% used [0x00000000c0000000,0x00000000c01dcc30,0x00000000c2b00000)
 Metaspace       used 5667K, capacity 6704K, committed 6784K, reserved 1056768K
  class space    used 584K, capacity 616K, committed 640K, reserved 1048576K
}

Deoptimization events (7 events):
Event: 0.985 Thread 0x0000000016723800 Uncommon trap: reason=null_check action=make_not_entrant pc=0x0000000002940c50 method=com.android.dx.ssa.SsaRenamer.getLocalForNewReg(I)Lcom/android/dx/rop/code/LocalItem; @ 19
Event: 1.196 Thread 0x000000001670c000 Uncommon trap: reason=class_check action=maybe_recompile pc=0x0000000002a52060 method=com.android.dx.ssa.SCCP.setLatticeValueTo(IILcom/android/dx/rop/cst/Constant;)Z @ 43
Event: 1.197 Thread 0x000000001670c000 Uncommon trap: reason=class_check action=maybe_recompile pc=0x0000000002a52060 method=com.android.dx.ssa.SCCP.setLatticeValueTo(IILcom/android/dx/rop/cst/Constant;)Z @ 43
Event: 1.199 Thread 0x000000001670c000 Uncommon trap: reason=bimorphic action=maybe_recompile pc=0x00000000028aa7b8 method=java.util.HashMap.getNode(ILjava/lang/Object;)Ljava/util/HashMap$Node; @ 126
Event: 1.199 Thread 0x000000001670c000 Uncommon trap: reason=class_check action=maybe_recompile pc=0x00000000029ca524 method=java.util.HashMap.putVal(ILjava/lang/Object;Ljava/lang/Object;ZZ)Ljava/lang/Object; @ 203
Event: 1.233 Thread 0x000000001670c000 Uncommon trap: reason=class_check action=maybe_recompile pc=0x0000000002a52060 method=com.android.dx.ssa.SCCP.setLatticeValueTo(IILcom/android/dx/rop/cst/Constant;)Z @ 43
Event: 1.234 Thread 0x000000001670c000 Uncommon trap: reason=class_check action=maybe_recompile pc=0x0000000002a52060 method=com.android.dx.ssa.SCCP.setLatticeValueTo(IILcom/android/dx/rop/cst/Constant;)Z @ 43

Internal exceptions (10 events):
Event: 0.409 Thread 0x0000000016723800 Exception <a 'java/security/PrivilegedActionException'> (0x00000000eb3469b8) thrown at [D:\re\workspace\8-2-build-windows-amd64-cygwin\jdk8u25\1677\hotspot\src\share\vm\prims\jvm.cpp, line 1312]
Event: 0.410 Thread 0x00000000023de000 Exception <a 'java/security/PrivilegedActionException'> (0x00000000eb2ed8e0) thrown at [D:\re\workspace\8-2-build-windows-amd64-cygwin\jdk8u25\1677\hotspot\src\share\vm\prims\jvm.cpp, line 1312]
Event: 0.414 Thread 0x00000000023de000 Exception <a 'java/security/PrivilegedActionException'> (0x00000000eb2fa7a8) thrown at [D:\re\workspace\8-2-build-windows-amd64-cygwin\jdk8u25\1677\hotspot\src\share\vm\prims\jvm.cpp, line 1312]
Event: 0.416 Thread 0x00000000023de000 Exception <a 'java/security/PrivilegedActionException'> (0x00000000eb301168) thrown at [D:\re\workspace\8-2-build-windows-amd64-cygwin\jdk8u25\1677\hotspot\src\share\vm\prims\jvm.cpp, line 1312]
Event: 0.448 Thread 0x000000001670c000 Exception <a 'java/security/PrivilegedActionException'> (0x00000000eb2b3650) thrown at [D:\re\workspace\8-2-build-windows-amd64-cygwin\jdk8u25\1677\hotspot\src\share\vm\prims\jvm.cpp, line 1312]
Event: 0.451 Thread 0x00000000166f5800 Exception <a 'java/security/PrivilegedActionException'> (0x00000000eb51db18) thrown at [D:\re\workspace\8-2-build-windows-amd64-cygwin\jdk8u25\1677\hotspot\src\share\vm\prims\jvm.cpp, line 1312]
Event: 0.747 Thread 0x00000000023de000 Exception <a 'java/security/PrivilegedActionException'> (0x00000000eada1e78) thrown at [D:\re\workspace\8-2-build-windows-amd64-cygwin\jdk8u25\1677\hotspot\src\share\vm\prims\jvm.cpp, line 1312]
Event: 0.749 Thread 0x00000000023de000 Exception <a 'java/security/PrivilegedActionException'> (0x00000000eadac418) thrown at [D:\re\workspace\8-2-build-windows-amd64-cygwin\jdk8u25\1677\hotspot\src\share\vm\prims\jvm.cpp, line 1312]
Event: 0.749 Thread 0x00000000023de000 Exception <a 'java/security/PrivilegedActionException'> (0x00000000eadae998) thrown at [D:\re\workspace\8-2-build-windows-amd64-cygwin\jdk8u25\1677\hotspot\src\share\vm\prims\jvm.cpp, line 1312]
Event: 0.985 Thread 0x0000000016723800 Implicit null exception at 0x000000000293ec6f to 0x0000000002940c29

Events (10 events):
Event: 1.234 Thread 0x000000001670c000 DEOPT PACKING pc=0x0000000002a52060 sp=0x0000000016e6e890
Event: 1.234 Thread 0x000000001670c000 DEOPT UNPACKING pc=0x000000000269556a sp=0x0000000016e6e7d8 mode 2
Event: 1.234 Thread 0x000000001670c000 DEOPT PACKING pc=0x000000000298c1f5 sp=0x0000000016e6e650
Event: 1.234 Thread 0x000000001670c000 DEOPT UNPACKING pc=0x00000000026975bf sp=0x0000000016e6e430 mode 0
Event: 1.250 Thread 0x000000001670c000 DEOPT PACKING pc=0x00000000028a61e2 sp=0x0000000016e6e660
Event: 1.250 Thread 0x000000001670c000 DEOPT UNPACKING pc=0x00000000026975bf sp=0x0000000016e6e3c8 mode 0
Event: 1.253 Thread 0x000000001670c000 DEOPT PACKING pc=0x00000000028a61e2 sp=0x0000000016e6e660
Event: 1.253 Thread 0x000000001670c000 DEOPT UNPACKING pc=0x00000000026975bf sp=0x0000000016e6e3c8 mode 0
Event: 1.254 Thread 0x000000001670c000 DEOPT PACKING pc=0x00000000028a61e2 sp=0x0000000016e6e660
Event: 1.254 Thread 0x000000001670c000 DEOPT UNPACKING pc=0x00000000026975bf sp=0x0000000016e6e3c8 mode 0


Dynamic libraries:
0x00007ff619710000 - 0x00007ff619744000 	C:\Program Files\Java\jdk1.8.0_25\bin\java.exe
0x00007ffdb2fd0000 - 0x00007ffdb3191000 	C:\WINDOWS\SYSTEM32\ntdll.dll
0x00007ffdb2650000 - 0x00007ffdb26fd000 	C:\WINDOWS\system32\KERNEL32.DLL
0x00007ffdafe10000 - 0x00007ffdafff8000 	C:\WINDOWS\system32\KERNELBASE.dll
0x00007ffdb0d80000 - 0x00007ffdb0e27000 	C:\WINDOWS\system32\ADVAPI32.dll
0x00007ffdb1050000 - 0x00007ffdb10ed000 	C:\WINDOWS\system32\msvcrt.dll
0x00007ffdb2f70000 - 0x00007ffdb2fcb000 	C:\WINDOWS\system32\sechost.dll
0x00007ffdb0780000 - 0x00007ffdb089c000 	C:\WINDOWS\system32\RPCRT4.dll
0x00007ffdb2cf0000 - 0x00007ffdb2e46000 	C:\WINDOWS\system32\USER32.dll
0x00007ffdb0520000 - 0x00007ffdb06a6000 	C:\WINDOWS\system32\GDI32.dll
0x00007ffda7820000 - 0x00007ffda7a94000 	C:\WINDOWS\WinSxS\amd64_microsoft.windows.common-controls_6595b64144ccf1df_6.0.10586.494_none_a2d8b04ea53e3145\COMCTL32.dll
0x00007ffdb08a0000 - 0x00007ffdb0b1d000 	C:\WINDOWS\system32\combase.dll
0x00007ffdafd80000 - 0x00007ffdafdea000 	C:\WINDOWS\system32\bcryptPrimitives.dll
0x00007ffdb03d0000 - 0x00007ffdb040b000 	C:\WINDOWS\system32\IMM32.DLL
0x0000000056f00000 - 0x0000000056fd2000 	C:\Program Files\Java\jdk1.8.0_25\jre\bin\msvcr100.dll
0x00000000573c0000 - 0x0000000057c1a000 	C:\Program Files\Java\jdk1.8.0_25\jre\bin\server\jvm.dll
0x00007ffdb0d00000 - 0x00007ffdb0d08000 	C:\WINDOWS\system32\PSAPI.DLL
0x00007ffd9d1c0000 - 0x00007ffd9d1c9000 	C:\WINDOWS\SYSTEM32\WSOCK32.dll
0x00007ffdb0d10000 - 0x00007ffdb0d7b000 	C:\WINDOWS\system32\WS2_32.dll
0x00007ffdad8c0000 - 0x00007ffdad8e3000 	C:\WINDOWS\SYSTEM32\WINMM.dll
0x00007ffdad030000 - 0x00007ffdad05c000 	C:\WINDOWS\SYSTEM32\WINMMBASE.dll
0x00007ffdb0000000 - 0x00007ffdb0043000 	C:\WINDOWS\system32\cfgmgr32.dll
0x00000000573b0000 - 0x00000000573bf000 	C:\Program Files\Java\jdk1.8.0_25\jre\bin\verify.dll
0x0000000057380000 - 0x00000000573a8000 	C:\Program Files\Java\jdk1.8.0_25\jre\bin\java.dll
0x0000000057360000 - 0x0000000057376000 	C:\Program Files\Java\jdk1.8.0_25\jre\bin\zip.dll
0x00007ffdb10f0000 - 0x00007ffdb264c000 	C:\WINDOWS\system32\SHELL32.dll
0x00007ffdaf730000 - 0x00007ffdafd75000 	C:\WINDOWS\system32\windows.storage.dll
0x00007ffdb2c90000 - 0x00007ffdb2ce2000 	C:\WINDOWS\system32\shlwapi.dll
0x00007ffdaf670000 - 0x00007ffdaf67f000 	C:\WINDOWS\system32\kernel.appcore.dll
0x00007ffdb0140000 - 0x00007ffdb01f5000 	C:\WINDOWS\system32\shcore.dll
0x00007ffdaf5f0000 - 0x00007ffdaf63b000 	C:\WINDOWS\system32\powrprof.dll
0x00007ffdaf640000 - 0x00007ffdaf654000 	C:\WINDOWS\system32\profapi.dll
0x00007ffd9aee0000 - 0x00007ffd9b06c000 	C:\WINDOWS\SYSTEM32\dbghelp.dll

VM Arguments:
jvm_args: -Djava.awt.headless=true -Xmx1024M -Dfile.encoding=windows-1252 -Duser.country=FR -Duser.language=fr -Duser.variant 
java_command: com.android.dx.command.Main --dex --force-jumbo --num-threads=4 --multi-dex --output C:\Users\Famille\AndroidStudioProjects\Niviel\app\build\intermediates\transforms\dex\debug\folders\1000\10\instant-run_e0d1d4ecf2120b122b2970ccda2f8f38abc2e867 C:\Users\Famille\AndroidStudioProjects\Niviel\app\build\intermediates\incremental-runtime-classes\debug\instant-run.jar
java_class_path (initial): C:\Users\Famille\AppData\Local\Android\sdk\build-tools\23.0.2\lib\dx.jar
Launcher Type: SUN_STANDARD

Environment Variables:
JAVA_HOME=C:\Program Files\Java\jdk1.8.0_25
PATH=C:\Program Files\Broadcom\Broadcom 802.11 Network Adapter;;C:\Program Files\Broadcom\Broadcom 802.11;C:\ProgramData\Oracle\Java\javapath;C:\Program Files (x86)\Intel\iCLS Client\;C:\Program Files\Intel\iCLS Client\;C:\Windows\system32;C:\Windows;C:\Windows\System32\Wbem;C:\Windows\System32\WindowsPowerShell\v1.0\;C:\Program Files\Hewlett-Packard\SimplePass\;C:\wamp\bin\php\php5.5.12;C:\Python27;C:\Users\Famille\AppData\Roaming\npm\;C:\Program Files\nodejs\;C:\Program Files\Git\cmd;C:\Program Files (x86)\Brackets\command;C:\Program Files (x86)\Ant\bin;C:\Program Files (x86)\Maven\bin;C:\Program Files (x86)\Intel\Intel(R) Management Engine Components\DAL;C:\Program Files\Intel\Intel(R) Management Engine Components\DAL;C:\Program Files (x86)\Intel\Intel(R) Management Engine Components\IPT;C:\Program Files\Intel\Intel(R) Management Engine Components\IPT;C:\Users\Famille\AppData\Local\atom\bin;C:\Users\Famille\AppData\Roaming\npm
USERNAME=de Lachaux
OS=Windows_NT
PROCESSOR_IDENTIFIER=Intel64 Family 6 Model 69 Stepping 1, GenuineIntel



---------------  S Y S T E M  ---------------

OS: Windows 8.1 , 64 bit Build 9600 

CPU:total 4 (2 cores per cpu, 2 threads per core) family 6 model 69 stepping 1, cmov, cx8, fxsr, mmx, sse, sse2, sse3, ssse3, sse4.1, sse4.2, popcnt, avx, avx2, aes, clmul, erms, lzcnt, ht, tsc, tscinvbit, bmi1, bmi2

Memory: 4k page, physical 4122776k(392564k free), swap 5555352k(5124k free)

vm_info: Java HotSpot(TM) 64-Bit Server VM (25.25-b02) for windows-amd64 JRE (1.8.0_25-b18), built on Oct  7 2014 14:25:37 by "java_re" with MS VC++ 10.0 (VS2010)

time: Tue Aug 23 11:33:29 2016
elapsed time: 1 seconds (0d 0h 0m 1s)

