#
# There is insufficient memory for the Java Runtime Environment to continue.
# Native memory allocation (malloc) failed to allocate 675616 bytes for Chunk::new
# Possible reasons:
#   The system is out of physical RAM or swap space
#   In 32 bit mode, the process size limit was hit
# Possible solutions:
#   Reduce memory load on the system
#   Increase physical memory or swap space
#   Check if swap backing store is full
#   Use 64 bit Java on a 64 bit OS
#   Decrease Java heap size (-Xmx/-Xms)
#   Decrease number of Java threads
#   Decrease Java thread stack sizes (-Xss)
#   Set larger code cache with -XX:ReservedCodeCacheSize=
# This output file may be truncated or incomplete.
#
#  Out of Memory Error (allocation.cpp:390), pid=33104, tid=33608
#
# JRE version: Java(TM) SE Runtime Environment (8.0_25-b18) (build 1.8.0_25-b18)
# Java VM: Java HotSpot(TM) 64-Bit Server VM (25.25-b02 mixed mode windows-amd64 compressed oops)
# Failed to write core dump. Minidumps are not enabled by default on client versions of Windows
#

---------------  T H R E A D  ---------------

Current thread (0x0000000014a2c000):  JavaThread "C2 CompilerThread0" daemon [_thread_in_native, id=33608, stack(0x0000000015f90000,0x0000000016090000)]

Stack: [0x0000000015f90000,0x0000000016090000]
Native frames: (J=compiled Java code, j=interpreted, Vv=VM code, C=native code)
V  [jvm.dll+0x31667a]
V  [jvm.dll+0x267073]
V  [jvm.dll+0x267cb3]
V  [jvm.dll+0x25f5b5]
V  [jvm.dll+0xbf165]
V  [jvm.dll+0xbf60c]
V  [jvm.dll+0x45d672]
V  [jvm.dll+0x49e8ef]
V  [jvm.dll+0x452668]
V  [jvm.dll+0x453864]
V  [jvm.dll+0x437372]
V  [jvm.dll+0x98a02]
V  [jvm.dll+0x991f3]
V  [jvm.dll+0x22bde4]
V  [jvm.dll+0x2852fa]
C  [msvcr100.dll+0x21d9f]
C  [msvcr100.dll+0x21e3b]
C  [KERNEL32.DLL+0x18102]
C  [ntdll.dll+0x5c5b4]


Current CompileTask:
C2:    781  689       4       com.android.dx.ssa.SsaBasicBlock::forEachInsn (37 bytes)


---------------  P R O C E S S  ---------------

Java Threads: ( => current thread )
  0x0000000016537000 JavaThread "pool-2-thread-4" [_thread_blocked, id=33760, stack(0x0000000016c90000,0x0000000016d90000)]
  0x000000001653d800 JavaThread "pool-2-thread-3" [_thread_blocked, id=29080, stack(0x0000000016b90000,0x0000000016c90000)]
  0x0000000016414000 JavaThread "pool-2-thread-2" [_thread_blocked, id=29060, stack(0x0000000016a90000,0x0000000016b90000)]
  0x000000001640c800 JavaThread "pool-3-thread-1" [_thread_blocked, id=33252, stack(0x0000000016990000,0x0000000016a90000)]
  0x000000001641b800 JavaThread "pool-2-thread-1" [_thread_in_vm, id=33036, stack(0x0000000016890000,0x0000000016990000)]
  0x00000000162b8800 JavaThread "Service Thread" daemon [_thread_blocked, id=33728, stack(0x0000000016690000,0x0000000016790000)]
  0x0000000014a33000 JavaThread "C1 CompilerThread2" daemon [_thread_in_native, id=33040, stack(0x0000000016190000,0x0000000016290000)]
  0x0000000014a31800 JavaThread "C2 CompilerThread1" daemon [_thread_in_native, id=32912, stack(0x0000000016090000,0x0000000016190000)]
=>0x0000000014a2c000 JavaThread "C2 CompilerThread0" daemon [_thread_in_native, id=33608, stack(0x0000000015f90000,0x0000000016090000)]
  0x0000000014a2a800 JavaThread "Attach Listener" daemon [_thread_blocked, id=33680, stack(0x0000000015e90000,0x0000000015f90000)]
  0x0000000014a29800 JavaThread "Signal Dispatcher" daemon [_thread_blocked, id=33656, stack(0x0000000015d90000,0x0000000015e90000)]
  0x0000000002276000 JavaThread "Finalizer" daemon [_thread_blocked, id=33676, stack(0x0000000015c90000,0x0000000015d90000)]
  0x000000000226d000 JavaThread "Reference Handler" daemon [_thread_blocked, id=33756, stack(0x0000000015b90000,0x0000000015c90000)]
  0x000000000235e000 JavaThread "main" [_thread_in_vm, id=31788, stack(0x0000000000900000,0x0000000000a00000)]

Other Threads:
  0x00000000149f6800 VMThread [stack: 0x0000000015a90000,0x0000000015b90000] [id=25568]
  0x00000000162b9000 WatcherThread [stack: 0x0000000016790000,0x0000000016890000] [id=33620]

VM state:not at safepoint (normal execution)

VM Mutex/Monitor currently owned by a thread: None

Heap:
 PSYoungGen      total 18944K, used 14799K [0x00000000eab00000, 0x00000000ec000000, 0x0000000100000000)
  eden space 16384K, 90% used [0x00000000eab00000,0x00000000eb973c70,0x00000000ebb00000)
  from space 2560K, 0% used [0x00000000ebd80000,0x00000000ebd80000,0x00000000ec000000)
  to   space 2560K, 0% used [0x00000000ebb00000,0x00000000ebb00000,0x00000000ebd80000)
 ParOldGen       total 44032K, used 0K [0x00000000c0000000, 0x00000000c2b00000, 0x00000000eab00000)
  object space 44032K, 0% used [0x00000000c0000000,0x00000000c0000000,0x00000000c2b00000)
 Metaspace       used 5642K, capacity 6704K, committed 6784K, reserved 1056768K
  class space    used 586K, capacity 616K, committed 640K, reserved 1048576K

Card table byte_map: [0x0000000011720000,0x0000000011930000] byte_map_base: 0x0000000011120000

Marking Bits: (ParMarkBitMap*) 0x0000000057b9d490
 Begin Bits: [0x0000000011e90000, 0x0000000012e90000)
 End Bits:   [0x0000000012e90000, 0x0000000013e90000)

Polling page: 0x0000000000a00000

CodeCache: size=245760Kb used=3137Kb max_used=3137Kb free=242622Kb
 bounds [0x0000000002360000, 0x0000000002680000, 0x0000000011360000]
 total_blobs=1046 nmethods=782 adapters=178
 compilation: enabled

Compilation events (10 events):
Event: 0.644 Thread 0x0000000014a33000 nmethod 694 0x00000000025e1850 code [0x00000000025e1a40, 0x00000000025e24a8]
Event: 0.644 Thread 0x0000000014a33000  693       3       com.android.dx.cf.code.RopperMachine::getSources (264 bytes)
Event: 0.647 Thread 0x0000000014a31800  704   !   4       com.android.dx.util.FixedSizeList::<init> (36 bytes)
Event: 0.648 Thread 0x0000000014a33000 nmethod 693 0x00000000025e2950 code [0x00000000025e2f00, 0x00000000025e7698]
Event: 0.648 Thread 0x0000000014a33000  697       3       com.android.dx.cf.code.ValueAwareMachine::run (1142 bytes)
Event: 0.649 Thread 0x0000000014a31800 nmethod 704 0x00000000025ed410 code [0x00000000025ed560, 0x00000000025ed698]
Event: 0.649 Thread 0x0000000014a31800  705       4       com.android.dx.rop.code.BasicBlockList::get (9 bytes)
Event: 0.650 Thread 0x0000000014a31800 nmethod 705 0x00000000025ed750 code [0x00000000025ed8a0, 0x00000000025ed978]
Event: 0.652 Thread 0x0000000014a33000 nmethod 697 0x00000000025edad0 code [0x00000000025ee020, 0x00000000025f28d8]
Event: 0.652 Thread 0x0000000014a33000  692   !   3       com.android.dx.cf.code.RopperMachine::run (1550 bytes)

GC Heap History (0 events):
No events

Deoptimization events (0 events):
No events

Internal exceptions (10 events):
Event: 0.456 Thread 0x0000000016414000 Exception <a 'java/security/PrivilegedActionException'> (0x00000000eb38e028) thrown at [D:\re\workspace\8-2-build-windows-amd64-cygwin\jdk8u25\1677\hotspot\src\share\vm\prims\jvm.cpp, line 1312]
Event: 0.457 Thread 0x0000000016414000 Exception <a 'java/security/PrivilegedActionException'> (0x00000000eb393588) thrown at [D:\re\workspace\8-2-build-windows-amd64-cygwin\jdk8u25\1677\hotspot\src\share\vm\prims\jvm.cpp, line 1312]
Event: 0.458 Thread 0x0000000016414000 Exception <a 'java/security/PrivilegedActionException'> (0x00000000eb396da8) thrown at [D:\re\workspace\8-2-build-windows-amd64-cygwin\jdk8u25\1677\hotspot\src\share\vm\prims\jvm.cpp, line 1312]
Event: 0.462 Thread 0x000000000235e000 Exception <a 'java/security/PrivilegedActionException'> (0x00000000eb1692d8) thrown at [D:\re\workspace\8-2-build-windows-amd64-cygwin\jdk8u25\1677\hotspot\src\share\vm\prims\jvm.cpp, line 1312]
Event: 0.462 Thread 0x000000001641b800 Exception <a 'java/security/PrivilegedActionException'> (0x00000000eb4a20d0) thrown at [D:\re\workspace\8-2-build-windows-amd64-cygwin\jdk8u25\1677\hotspot\src\share\vm\prims\jvm.cpp, line 1312]
Event: 0.463 Thread 0x000000000235e000 Exception <a 'java/security/PrivilegedActionException'> (0x00000000eb4a6ec8) thrown at [D:\re\workspace\8-2-build-windows-amd64-cygwin\jdk8u25\1677\hotspot\src\share\vm\prims\jvm.cpp, line 1312]
Event: 0.467 Thread 0x0000000016537000 Exception <a 'java/security/PrivilegedActionException'> (0x00000000eb34fd68) thrown at [D:\re\workspace\8-2-build-windows-amd64-cygwin\jdk8u25\1677\hotspot\src\share\vm\prims\jvm.cpp, line 1312]
Event: 0.471 Thread 0x000000000235e000 Exception <a 'java/security/PrivilegedActionException'> (0x00000000eb4be228) thrown at [D:\re\workspace\8-2-build-windows-amd64-cygwin\jdk8u25\1677\hotspot\src\share\vm\prims\jvm.cpp, line 1312]
Event: 0.478 Thread 0x0000000016537000 Exception <a 'java/security/PrivilegedActionException'> (0x00000000eb517490) thrown at [D:\re\workspace\8-2-build-windows-amd64-cygwin\jdk8u25\1677\hotspot\src\share\vm\prims\jvm.cpp, line 1312]
Event: 0.611 Thread 0x000000001641b800 Exception <a 'java/security/PrivilegedActionException'> (0x00000000eb6ec460) thrown at [D:\re\workspace\8-2-build-windows-amd64-cygwin\jdk8u25\1677\hotspot\src\share\vm\prims\jvm.cpp, line 1312]

Events (10 events):
Event: 0.469 loading class java/util/HashMap$ValueIterator
Event: 0.469 loading class java/util/HashMap$ValueIterator done
Event: 0.471 loading class com/android/dx/ssa/PhiInsn$Operand
Event: 0.471 loading class com/android/dx/ssa/PhiInsn$Operand done
Event: 0.478 loading class com/android/dx/ssa/back/FirstFitLocalCombiningAllocator$Multiset
Event: 0.478 loading class com/android/dx/ssa/back/FirstFitLocalCombiningAllocator$Multiset done
Event: 0.507 loading class com/android/dx/dex/file/MethodAnnotationStruct
Event: 0.507 loading class com/android/dx/dex/file/MethodAnnotationStruct done
Event: 0.524 loading class java/util/ArrayList$1
Event: 0.524 loading class java/util/ArrayList$1 done


Dynamic libraries:
0x00007ff619710000 - 0x00007ff619744000 	C:\Program Files\Java\jdk1.8.0_25\bin\java.exe
0x00007ffdb2fd0000 - 0x00007ffdb3191000 	C:\WINDOWS\SYSTEM32\ntdll.dll
0x00007ffdb2650000 - 0x00007ffdb26fd000 	C:\WINDOWS\system32\KERNEL32.DLL
0x00007ffdafe10000 - 0x00007ffdafff8000 	C:\WINDOWS\system32\KERNELBASE.dll
0x00007ffdb0d80000 - 0x00007ffdb0e27000 	C:\WINDOWS\system32\ADVAPI32.dll
0x00007ffdb1050000 - 0x00007ffdb10ed000 	C:\WINDOWS\system32\msvcrt.dll
0x00007ffdb2f70000 - 0x00007ffdb2fcb000 	C:\WINDOWS\system32\sechost.dll
0x00007ffdb0780000 - 0x00007ffdb089c000 	C:\WINDOWS\system32\RPCRT4.dll
0x00007ffdb2cf0000 - 0x00007ffdb2e46000 	C:\WINDOWS\system32\USER32.dll
0x00007ffdb0520000 - 0x00007ffdb06a6000 	C:\WINDOWS\system32\GDI32.dll
0x00007ffda7820000 - 0x00007ffda7a94000 	C:\WINDOWS\WinSxS\amd64_microsoft.windows.common-controls_6595b64144ccf1df_6.0.10586.494_none_a2d8b04ea53e3145\COMCTL32.dll
0x00007ffdb08a0000 - 0x00007ffdb0b1d000 	C:\WINDOWS\system32\combase.dll
0x00007ffdafd80000 - 0x00007ffdafdea000 	C:\WINDOWS\system32\bcryptPrimitives.dll
0x00007ffdb03d0000 - 0x00007ffdb040b000 	C:\WINDOWS\system32\IMM32.DLL
0x0000000056f00000 - 0x0000000056fd2000 	C:\Program Files\Java\jdk1.8.0_25\jre\bin\msvcr100.dll
0x00000000573c0000 - 0x0000000057c1a000 	C:\Program Files\Java\jdk1.8.0_25\jre\bin\server\jvm.dll
0x00007ffdb0d00000 - 0x00007ffdb0d08000 	C:\WINDOWS\system32\PSAPI.DLL
0x00007ffd9d1c0000 - 0x00007ffd9d1c9000 	C:\WINDOWS\SYSTEM32\WSOCK32.dll
0x00007ffdb0d10000 - 0x00007ffdb0d7b000 	C:\WINDOWS\system32\WS2_32.dll
0x00007ffdad8c0000 - 0x00007ffdad8e3000 	C:\WINDOWS\SYSTEM32\WINMM.dll
0x00007ffdad030000 - 0x00007ffdad05c000 	C:\WINDOWS\SYSTEM32\WINMMBASE.dll
0x00007ffdb0000000 - 0x00007ffdb0043000 	C:\WINDOWS\system32\cfgmgr32.dll
0x00000000573b0000 - 0x00000000573bf000 	C:\Program Files\Java\jdk1.8.0_25\jre\bin\verify.dll
0x0000000057380000 - 0x00000000573a8000 	C:\Program Files\Java\jdk1.8.0_25\jre\bin\java.dll
0x0000000057360000 - 0x0000000057376000 	C:\Program Files\Java\jdk1.8.0_25\jre\bin\zip.dll
0x00007ffdb10f0000 - 0x00007ffdb264c000 	C:\WINDOWS\system32\SHELL32.dll
0x00007ffdaf730000 - 0x00007ffdafd75000 	C:\WINDOWS\system32\windows.storage.dll
0x00007ffdb2c90000 - 0x00007ffdb2ce2000 	C:\WINDOWS\system32\shlwapi.dll
0x00007ffdaf670000 - 0x00007ffdaf67f000 	C:\WINDOWS\system32\kernel.appcore.dll
0x00007ffdb0140000 - 0x00007ffdb01f5000 	C:\WINDOWS\system32\shcore.dll
0x00007ffdaf5f0000 - 0x00007ffdaf63b000 	C:\WINDOWS\system32\powrprof.dll
0x00007ffdaf640000 - 0x00007ffdaf654000 	C:\WINDOWS\system32\profapi.dll
0x00007ffd9aee0000 - 0x00007ffd9b06c000 	C:\WINDOWS\SYSTEM32\dbghelp.dll

VM Arguments:
jvm_args: -Djava.awt.headless=true -Xmx1024M -Dfile.encoding=windows-1252 -Duser.country=FR -Duser.language=fr -Duser.variant 
java_command: com.android.dx.command.Main --dex --force-jumbo --num-threads=4 --multi-dex --output C:\Users\Famille\AndroidStudioProjects\Niviel\app\build\intermediates\transforms\dex\debug\folders\1000\10\com.android.support-support-core-utils-24.2.0_1ae601e4129f106da6866bd01f96397b73be6b58 C:\Users\Famille\AndroidStudioProjects\Niviel\app\build\intermediates\exploded-aar\com.android.support\support-core-utils\24.2.0\jars\classes.jar
java_class_path (initial): C:\Users\Famille\AppData\Local\Android\sdk\build-tools\23.0.2\lib\dx.jar
Launcher Type: SUN_STANDARD

Environment Variables:
JAVA_HOME=C:\Program Files\Java\jdk1.8.0_25
PATH=C:\Program Files\Broadcom\Broadcom 802.11 Network Adapter;;C:\Program Files\Broadcom\Broadcom 802.11;C:\ProgramData\Oracle\Java\javapath;C:\Program Files (x86)\Intel\iCLS Client\;C:\Program Files\Intel\iCLS Client\;C:\Windows\system32;C:\Windows;C:\Windows\System32\Wbem;C:\Windows\System32\WindowsPowerShell\v1.0\;C:\Program Files\Hewlett-Packard\SimplePass\;C:\wamp\bin\php\php5.5.12;C:\Python27;C:\Users\Famille\AppData\Roaming\npm\;C:\Program Files\nodejs\;C:\Program Files\Git\cmd;C:\Program Files (x86)\Brackets\command;C:\Program Files (x86)\Ant\bin;C:\Program Files (x86)\Maven\bin;C:\Program Files (x86)\Intel\Intel(R) Management Engine Components\DAL;C:\Program Files\Intel\Intel(R) Management Engine Components\DAL;C:\Program Files (x86)\Intel\Intel(R) Management Engine Components\IPT;C:\Program Files\Intel\Intel(R) Management Engine Components\IPT;C:\Users\Famille\AppData\Local\atom\bin;C:\Users\Famille\AppData\Roaming\npm
USERNAME=de Lachaux
OS=Windows_NT
PROCESSOR_IDENTIFIER=Intel64 Family 6 Model 69 Stepping 1, GenuineIntel



---------------  S Y S T E M  ---------------

OS: Windows 8.1 , 64 bit Build 9600 

CPU:total 4 (2 cores per cpu, 2 threads per core) family 6 model 69 stepping 1, cmov, cx8, fxsr, mmx, sse, sse2, sse3, ssse3, sse4.1, sse4.2, popcnt, avx, avx2, aes, clmul, erms, lzcnt, ht, tsc, tscinvbit, bmi1, bmi2

Memory: 4k page, physical 4122776k(345156k free), swap 5555352k(5140k free)

vm_info: Java HotSpot(TM) 64-Bit Server VM (25.25-b02) for windows-amd64 JRE (1.8.0_25-b18), built on Oct  7 2014 14:25:37 by "java_re" with MS VC++ 10.0 (VS2010)

time: Tue Aug 23 11:33:07 2016
elapsed time: 0 seconds (0d 0h 0m 0s)

