#
# There is insufficient memory for the Java Runtime Environment to continue.
# Native memory allocation (malloc) failed to allocate 855776 bytes for Chunk::new
# Possible reasons:
#   The system is out of physical RAM or swap space
#   In 32 bit mode, the process size limit was hit
# Possible solutions:
#   Reduce memory load on the system
#   Increase physical memory or swap space
#   Check if swap backing store is full
#   Use 64 bit Java on a 64 bit OS
#   Decrease Java heap size (-Xmx/-Xms)
#   Decrease number of Java threads
#   Decrease Java thread stack sizes (-Xss)
#   Set larger code cache with -XX:ReservedCodeCacheSize=
# This output file may be truncated or incomplete.
#
#  Out of Memory Error (allocation.cpp:390), pid=16948, tid=36896
#
# JRE version: Java(TM) SE Runtime Environment (8.0_25-b18) (build 1.8.0_25-b18)
# Java VM: Java HotSpot(TM) 64-Bit Server VM (25.25-b02 mixed mode windows-amd64 compressed oops)
# Failed to write core dump. Minidumps are not enabled by default on client versions of Windows
#

---------------  T H R E A D  ---------------

Current thread (0x0000000014d3c000):  JavaThread "C2 CompilerThread0" daemon [_thread_in_native, id=36896, stack(0x00000000162b0000,0x00000000163b0000)]

Stack: [0x00000000162b0000,0x00000000163b0000]
Native frames: (J=compiled Java code, j=interpreted, Vv=VM code, C=native code)
V  [jvm.dll+0x31667a]
V  [jvm.dll+0x267073]
V  [jvm.dll+0x267cb3]
V  [jvm.dll+0x25f5b5]
V  [jvm.dll+0xbf165]
V  [jvm.dll+0xbf60c]
V  [jvm.dll+0x45d672]
V  [jvm.dll+0x49e8ef]
V  [jvm.dll+0x452b41]
V  [jvm.dll+0x453864]
V  [jvm.dll+0x437372]
V  [jvm.dll+0x98a02]
V  [jvm.dll+0x991f3]
V  [jvm.dll+0x22bde4]
V  [jvm.dll+0x2852fa]
C  [msvcr100.dll+0x21d9f]
C  [msvcr100.dll+0x21e3b]
C  [KERNEL32.DLL+0x18102]
C  [ntdll.dll+0x5c5b4]


Current CompileTask:
C2:   7211 1795       4       com.android.dx.ssa.SCCP::simulatePhi (169 bytes)


---------------  P R O C E S S  ---------------

Java Threads: ( => current thread )
  0x000000001684f800 JavaThread "pool-1-thread-1" [_thread_new, id=37460, stack(0x0000000000000000,0x0000000000000000)]
  0x00000000165b5800 JavaThread "Service Thread" daemon [_thread_blocked, id=30768, stack(0x00000000169b0000,0x0000000016ab0000)]
  0x0000000014d9d000 JavaThread "C1 CompilerThread2" daemon [_thread_blocked, id=36952, stack(0x00000000164b0000,0x00000000165b0000)]
  0x0000000014d41000 JavaThread "C2 CompilerThread1" daemon [_thread_in_native, id=37200, stack(0x00000000163b0000,0x00000000164b0000)]
=>0x0000000014d3c000 JavaThread "C2 CompilerThread0" daemon [_thread_in_native, id=36896, stack(0x00000000162b0000,0x00000000163b0000)]
  0x0000000014d3a800 JavaThread "Attach Listener" daemon [_thread_blocked, id=22244, stack(0x00000000161b0000,0x00000000162b0000)]
  0x0000000014d39800 JavaThread "Signal Dispatcher" daemon [_thread_blocked, id=37560, stack(0x00000000160b0000,0x00000000161b0000)]
  0x00000000025c0800 JavaThread "Finalizer" daemon [_thread_blocked, id=37468, stack(0x0000000015fb0000,0x00000000160b0000)]
  0x00000000025bd000 JavaThread "Reference Handler" daemon [_thread_blocked, id=36300, stack(0x0000000015eb0000,0x0000000015fb0000)]
  0x000000000266e000 JavaThread "main" [_thread_blocked, id=37368, stack(0x0000000000c70000,0x0000000000d70000)]

Other Threads:
  0x0000000014d06800 VMThread [stack: 0x0000000015db0000,0x0000000015eb0000] [id=37004]
  0x00000000165b7800 WatcherThread [stack: 0x0000000016ab0000,0x0000000016bb0000] [id=37312]

VM state:not at safepoint (normal execution)

VM Mutex/Monitor currently owned by a thread: None

Heap:
 PSYoungGen      total 138240K, used 110376K [0x00000000eab00000, 0x00000000f4c00000, 0x0000000100000000)
  eden space 123904K, 77% used [0x00000000eab00000,0x00000000f08cd0e8,0x00000000f2400000)
  from space 14336K, 99% used [0x00000000f3600000,0x00000000f43fd088,0x00000000f4400000)
  to   space 18432K, 0% used [0x00000000f2400000,0x00000000f2400000,0x00000000f3600000)
 ParOldGen       total 44032K, used 24829K [0x00000000c0000000, 0x00000000c2b00000, 0x00000000eab00000)
  object space 44032K, 56% used [0x00000000c0000000,0x00000000c183f6c0,0x00000000c2b00000)
 Metaspace       used 6437K, capacity 7256K, committed 7424K, reserved 1056768K
  class space    used 615K, capacity 656K, committed 768K, reserved 1048576K

Card table byte_map: [0x0000000011a30000,0x0000000011c40000] byte_map_base: 0x0000000011430000

Marking Bits: (ParMarkBitMap*) 0x0000000057b9d490
 Begin Bits: [0x00000000121a0000, 0x00000000131a0000)
 End Bits:   [0x00000000131a0000, 0x00000000141a0000)

Polling page: 0x0000000000a40000

CodeCache: size=245760Kb used=7932Kb max_used=7957Kb free=237827Kb
 bounds [0x0000000002670000, 0x0000000002e50000, 0x0000000011670000]
 total_blobs=2177 nmethods=1912 adapters=178
 compilation: enabled

Compilation events (10 events):
Event: 6.523 Thread 0x0000000014d3c000 nmethod 1960 0x0000000002de4350 code [0x0000000002de44a0, 0x0000000002de46c8]
Event: 6.523 Thread 0x0000000014d3c000 1920       4       java.util.TreeMap::put (247 bytes)
Event: 6.549 Thread 0x0000000014d3c000 nmethod 1920 0x0000000002de1b50 code [0x0000000002de1ce0, 0x0000000002de2608]
Event: 6.549 Thread 0x0000000014d3c000 1796       4       com.android.dx.ssa.SCCP::simulatePhiBlock (50 bytes)
Event: 6.903 Thread 0x0000000014d9d000 1963       2       java.util.concurrent.FutureTask::report (37 bytes)
Event: 6.903 Thread 0x0000000014d9d000 nmethod 1963 0x0000000002de3dd0 code [0x0000000002de3f40, 0x0000000002de41d8]
Event: 6.903 Thread 0x0000000014d9d000 1964       2       java.util.concurrent.FutureTask::get (23 bytes)
Event: 6.904 Thread 0x0000000014d9d000 nmethod 1964 0x0000000002de39d0 code [0x0000000002de3b40, 0x0000000002de3cf8]
Event: 7.075 Thread 0x0000000014d3c000 nmethod 1796 0x0000000002e34a50 code [0x0000000002e34e60, 0x0000000002e38190]
Event: 7.076 Thread 0x0000000014d3c000 1795       4       com.android.dx.ssa.SCCP::simulatePhi (169 bytes)

GC Heap History (10 events):
Event: 2.252 GC heap before
{Heap before GC invocations=4 (full 0):
 PSYoungGen      total 18944K, used 18935K [0x00000000eab00000, 0x00000000ed000000, 0x0000000100000000)
  eden space 16384K, 100% used [0x00000000eab00000,0x00000000ebb00000,0x00000000ebb00000)
  from space 2560K, 99% used [0x00000000ebb00000,0x00000000ebd7deb8,0x00000000ebd80000)
  to   space 2560K, 0% used [0x00000000ecd80000,0x00000000ecd80000,0x00000000ed000000)
 ParOldGen       total 44032K, used 5038K [0x00000000c0000000, 0x00000000c2b00000, 0x00000000eab00000)
  object space 44032K, 11% used [0x00000000c0000000,0x00000000c04eb818,0x00000000c2b00000)
 Metaspace       used 6170K, capacity 7088K, committed 7296K, reserved 1056768K
  class space    used 592K, capacity 616K, committed 640K, reserved 1048576K
Event: 2.268 GC heap after
Heap after GC invocations=4 (full 0):
 PSYoungGen      total 35328K, used 2552K [0x00000000eab00000, 0x00000000ed000000, 0x0000000100000000)
  eden space 32768K, 0% used [0x00000000eab00000,0x00000000eab00000,0x00000000ecb00000)
  from space 2560K, 99% used [0x00000000ecd80000,0x00000000ecffe1e8,0x00000000ed000000)
  to   space 2560K, 0% used [0x00000000ecb00000,0x00000000ecb00000,0x00000000ecd80000)
 ParOldGen       total 44032K, used 7811K [0x00000000c0000000, 0x00000000c2b00000, 0x00000000eab00000)
  object space 44032K, 17% used [0x00000000c0000000,0x00000000c07a0d20,0x00000000c2b00000)
 Metaspace       used 6170K, capacity 7088K, committed 7296K, reserved 1056768K
  class space    used 592K, capacity 616K, committed 640K, reserved 1048576K
}
Event: 2.592 GC heap before
{Heap before GC invocations=5 (full 0):
 PSYoungGen      total 35328K, used 35320K [0x00000000eab00000, 0x00000000ed000000, 0x0000000100000000)
  eden space 32768K, 100% used [0x00000000eab00000,0x00000000ecb00000,0x00000000ecb00000)
  from space 2560K, 99% used [0x00000000ecd80000,0x00000000ecffe1e8,0x00000000ed000000)
  to   space 2560K, 0% used [0x00000000ecb00000,0x00000000ecb00000,0x00000000ecd80000)
 ParOldGen       total 44032K, used 7811K [0x00000000c0000000, 0x00000000c2b00000, 0x00000000eab00000)
  object space 44032K, 17% used [0x00000000c0000000,0x00000000c07a0d20,0x00000000c2b00000)
 Metaspace       used 6198K, capacity 7088K, committed 7296K, reserved 1056768K
  class space    used 592K, capacity 616K, committed 640K, reserved 1048576K
Event: 2.611 GC heap after
Heap after GC invocations=5 (full 0):
 PSYoungGen      total 35328K, used 2536K [0x00000000eab00000, 0x00000000efa00000, 0x0000000100000000)
  eden space 32768K, 0% used [0x00000000eab00000,0x00000000eab00000,0x00000000ecb00000)
  from space 2560K, 99% used [0x00000000ecb00000,0x00000000ecd7a1f8,0x00000000ecd80000)
  to   space 7680K, 0% used [0x00000000ef280000,0x00000000ef280000,0x00000000efa00000)
 ParOldGen       total 44032K, used 12196K [0x00000000c0000000, 0x00000000c2b00000, 0x00000000eab00000)
  object space 44032K, 27% used [0x00000000c0000000,0x00000000c0be9018,0x00000000c2b00000)
 Metaspace       used 6198K, capacity 7088K, committed 7296K, reserved 1056768K
  class space    used 592K, capacity 616K, committed 640K, reserved 1048576K
}
Event: 2.971 GC heap before
{Heap before GC invocations=6 (full 0):
 PSYoungGen      total 35328K, used 35304K [0x00000000eab00000, 0x00000000efa00000, 0x0000000100000000)
  eden space 32768K, 100% used [0x00000000eab00000,0x00000000ecb00000,0x00000000ecb00000)
  from space 2560K, 99% used [0x00000000ecb00000,0x00000000ecd7a1f8,0x00000000ecd80000)
  to   space 7680K, 0% used [0x00000000ef280000,0x00000000ef280000,0x00000000efa00000)
 ParOldGen       total 44032K, used 12196K [0x00000000c0000000, 0x00000000c2b00000, 0x00000000eab00000)
  object space 44032K, 27% used [0x00000000c0000000,0x00000000c0be9018,0x00000000c2b00000)
 Metaspace       used 6240K, capacity 7152K, committed 7296K, reserved 1056768K
  class space    used 593K, capacity 616K, committed 640K, reserved 1048576K
Event: 3.072 GC heap after
Heap after GC invocations=6 (full 0):
 PSYoungGen      total 71680K, used 7672K [0x00000000eab00000, 0x00000000efd00000, 0x0000000100000000)
  eden space 64000K, 0% used [0x00000000eab00000,0x00000000eab00000,0x00000000ee980000)
  from space 7680K, 99% used [0x00000000ef280000,0x00000000ef9fe1f8,0x00000000efa00000)
  to   space 9216K, 0% used [0x00000000ee980000,0x00000000ee980000,0x00000000ef280000)
 ParOldGen       total 44032K, used 12409K [0x00000000c0000000, 0x00000000c2b00000, 0x00000000eab00000)
  object space 44032K, 28% used [0x00000000c0000000,0x00000000c0c1e638,0x00000000c2b00000)
 Metaspace       used 6240K, capacity 7152K, committed 7296K, reserved 1056768K
  class space    used 593K, capacity 616K, committed 640K, reserved 1048576K
}
Event: 3.634 GC heap before
{Heap before GC invocations=7 (full 0):
 PSYoungGen      total 71680K, used 71672K [0x00000000eab00000, 0x00000000efd00000, 0x0000000100000000)
  eden space 64000K, 100% used [0x00000000eab00000,0x00000000ee980000,0x00000000ee980000)
  from space 7680K, 99% used [0x00000000ef280000,0x00000000ef9fe1f8,0x00000000efa00000)
  to   space 9216K, 0% used [0x00000000ee980000,0x00000000ee980000,0x00000000ef280000)
 ParOldGen       total 44032K, used 12409K [0x00000000c0000000, 0x00000000c2b00000, 0x00000000eab00000)
  object space 44032K, 28% used [0x00000000c0000000,0x00000000c0c1e638,0x00000000c2b00000)
 Metaspace       used 6351K, capacity 7192K, committed 7424K, reserved 1056768K
  class space    used 613K, capacity 656K, committed 768K, reserved 1048576K
Event: 3.686 GC heap after
Heap after GC invocations=7 (full 0):
 PSYoungGen      total 73216K, used 9193K [0x00000000eab00000, 0x00000000f4400000, 0x0000000100000000)
  eden space 64000K, 0% used [0x00000000eab00000,0x00000000eab00000,0x00000000ee980000)
  from space 9216K, 99% used [0x00000000ee980000,0x00000000ef27a6e8,0x00000000ef280000)
  to   space 14336K, 0% used [0x00000000f3600000,0x00000000f3600000,0x00000000f4400000)
 ParOldGen       total 44032K, used 20604K [0x00000000c0000000, 0x00000000c2b00000, 0x00000000eab00000)
  object space 44032K, 46% used [0x00000000c0000000,0x00000000c141f040,0x00000000c2b00000)
 Metaspace       used 6351K, capacity 7192K, committed 7424K, reserved 1056768K
  class space    used 613K, capacity 656K, committed 768K, reserved 1048576K
}
Event: 4.213 GC heap before
{Heap before GC invocations=8 (full 0):
 PSYoungGen      total 73216K, used 73193K [0x00000000eab00000, 0x00000000f4400000, 0x0000000100000000)
  eden space 64000K, 100% used [0x00000000eab00000,0x00000000ee980000,0x00000000ee980000)
  from space 9216K, 99% used [0x00000000ee980000,0x00000000ef27a6e8,0x00000000ef280000)
  to   space 14336K, 0% used [0x00000000f3600000,0x00000000f3600000,0x00000000f4400000)
 ParOldGen       total 44032K, used 20604K [0x00000000c0000000, 0x00000000c2b00000, 0x00000000eab00000)
  object space 44032K, 46% used [0x00000000c0000000,0x00000000c141f040,0x00000000c2b00000)
 Metaspace       used 6398K, capacity 7256K, committed 7424K, reserved 1056768K
  class space    used 613K, capacity 656K, committed 768K, reserved 1048576K
Event: 4.263 GC heap after
Heap after GC invocations=8 (full 0):
 PSYoungGen      total 138240K, used 14324K [0x00000000eab00000, 0x00000000f4c00000, 0x0000000100000000)
  eden space 123904K, 0% used [0x00000000eab00000,0x00000000eab00000,0x00000000f2400000)
  from space 14336K, 99% used [0x00000000f3600000,0x00000000f43fd088,0x00000000f4400000)
  to   space 18432K, 0% used [0x00000000f2400000,0x00000000f2400000,0x00000000f3600000)
 ParOldGen       total 44032K, used 24829K [0x00000000c0000000, 0x00000000c2b00000, 0x00000000eab00000)
  object space 44032K, 56% used [0x00000000c0000000,0x00000000c183f6c0,0x00000000c2b00000)
 Metaspace       used 6398K, capacity 7256K, committed 7424K, reserved 1056768K
  class space    used 613K, capacity 656K, committed 768K, reserved 1048576K
}

Deoptimization events (10 events):
Event: 3.919 Thread 0x000000001684f800 Uncommon trap: reason=bimorphic action=maybe_recompile pc=0x0000000002d44884 method=com.android.dx.cf.code.BytecodeArray.parseInstruction(ILcom/android/dx/cf/code/BytecodeArray$Visitor;)I @ 1130
Event: 3.919 Thread 0x000000001684f800 Uncommon trap: reason=bimorphic action=maybe_recompile pc=0x0000000002d44420 method=com.android.dx.cf.code.BytecodeArray.parseInstruction(ILcom/android/dx/cf/code/BytecodeArray$Visitor;)I @ 955
Event: 3.919 Thread 0x000000001684f800 Uncommon trap: reason=bimorphic action=maybe_recompile pc=0x0000000002d4449c method=com.android.dx.cf.code.BytecodeArray.parseInstruction(ILcom/android/dx/cf/code/BytecodeArray$Visitor;)I @ 971
Event: 3.919 Thread 0x000000001684f800 Uncommon trap: reason=bimorphic action=maybe_recompile pc=0x0000000002d44518 method=com.android.dx.cf.code.BytecodeArray.parseInstruction(ILcom/android/dx/cf/code/BytecodeArray$Visitor;)I @ 987
Event: 3.919 Thread 0x000000001684f800 Uncommon trap: reason=bimorphic action=maybe_recompile pc=0x0000000002d44884 method=com.android.dx.cf.code.BytecodeArray.parseInstruction(ILcom/android/dx/cf/code/BytecodeArray$Visitor;)I @ 1130
Event: 3.923 Thread 0x00000000168a6800 Uncommon trap: reason=unreached action=reinterpret pc=0x0000000002d59e54 method=com.android.dx.ssa.MoveParamCombiner$1.visitNonMoveInsn(Lcom/android/dx/ssa/NormalSsaInsn;)V @ 27
Event: 4.038 Thread 0x00000000168a6000 Uncommon trap: reason=unreached action=reinterpret pc=0x0000000002d25914 method=java.util.HashMap.resize()[Ljava/util/HashMap$Node; @ 206
Event: 4.588 Thread 0x00000000168a6800 Uncommon trap: reason=class_check action=maybe_recompile pc=0x0000000002d6dc90 method=com.android.dx.cf.code.OneLocalsArray.set(ILcom/android/dx/rop/type/TypeBearer;)V @ 85
Event: 4.905 Thread 0x000000001684f800 Uncommon trap: reason=bimorphic action=maybe_recompile pc=0x0000000002df00c0 method=com.android.dx.cf.code.BytecodeArray.parseInstruction(ILcom/android/dx/cf/code/BytecodeArray$Visitor;)I @ 1287
Event: 4.906 Thread 0x000000001684f800 Uncommon trap: reason=bimorphic action=maybe_recompile pc=0x0000000002df00c0 method=com.android.dx.cf.code.BytecodeArray.parseInstruction(ILcom/android/dx/cf/code/BytecodeArray$Visitor;)I @ 1287

Internal exceptions (10 events):
Event: 1.313 Thread 0x00000000168a6800 Exception <a 'java/security/PrivilegedActionException'> (0x00000000eaf311e0) thrown at [D:\re\workspace\8-2-build-windows-amd64-cygwin\jdk8u25\1677\hotspot\src\share\vm\prims\jvm.cpp, line 1312]
Event: 1.325 Thread 0x000000000266e000 Exception <a 'java/security/PrivilegedActionException'> (0x00000000eadbc298) thrown at [D:\re\workspace\8-2-build-windows-amd64-cygwin\jdk8u25\1677\hotspot\src\share\vm\prims\jvm.cpp, line 1312]
Event: 1.361 Thread 0x000000000266e000 Exception <a 'java/security/PrivilegedActionException'> (0x00000000eb0e9268) thrown at [D:\re\workspace\8-2-build-windows-amd64-cygwin\jdk8u25\1677\hotspot\src\share\vm\prims\jvm.cpp, line 1312]
Event: 1.365 Thread 0x000000000266e000 Exception <a 'java/security/PrivilegedActionException'> (0x00000000eb108c30) thrown at [D:\re\workspace\8-2-build-windows-amd64-cygwin\jdk8u25\1677\hotspot\src\share\vm\prims\jvm.cpp, line 1312]
Event: 2.122 Thread 0x000000000266e000 Exception <a 'java/security/PrivilegedActionException'> (0x00000000eafcac30) thrown at [D:\re\workspace\8-2-build-windows-amd64-cygwin\jdk8u25\1677\hotspot\src\share\vm\prims\jvm.cpp, line 1312]
Event: 2.883 Thread 0x00000000168a6000 Exception <a 'java/security/PrivilegedActionException'> (0x00000000ebe68460) thrown at [D:\re\workspace\8-2-build-windows-amd64-cygwin\jdk8u25\1677\hotspot\src\share\vm\prims\jvm.cpp, line 1312]
Event: 3.583 Thread 0x00000000168a6000 Exception <a 'java/lang/ArrayIndexOutOfBoundsException': 18> (0x00000000ee17c2a8) thrown at [D:\re\workspace\8-2-build-windows-amd64-cygwin\jdk8u25\1677\hotspot\src\share\vm\interpreter\interpreterRuntime.cpp, line 366]
Event: 3.584 Thread 0x00000000168a6000 Exception <a 'java/lang/ArrayIndexOutOfBoundsException'> (0x00000000ee17dd40) thrown at [D:\re\workspace\8-2-build-windows-amd64-cygwin\jdk8u25\1677\hotspot\src\share\vm\runtime\sharedRuntime.cpp, line 604]
Event: 3.587 Thread 0x00000000168a6000 Exception <a 'java/lang/ArrayIndexOutOfBoundsException'> (0x00000000ee17ef58) thrown at [D:\re\workspace\8-2-build-windows-amd64-cygwin\jdk8u25\1677\hotspot\src\share\vm\runtime\sharedRuntime.cpp, line 604]
Event: 6.904 Thread 0x000000000266e000 Exception <a 'java/security/PrivilegedActionException'> (0x00000000f01d77d0) thrown at [D:\re\workspace\8-2-build-windows-amd64-cygwin\jdk8u25\1677\hotspot\src\share\vm\prims\jvm.cpp, line 1312]

Events (10 events):
Event: 6.482 loading class java/util/HashMap$KeyIterator
Event: 6.482 loading class java/util/HashMap$KeyIterator done
Event: 6.483 Thread 0x000000001684f800 Thread exited: 0x000000001684f800
Event: 6.484 Thread 0x00000000168a6800 Thread exited: 0x00000000168a6800
Event: 6.484 Thread 0x00000000168a6000 Thread exited: 0x00000000168a6000
Event: 6.902 Thread 0x00000000168a7800 Thread exited: 0x00000000168a7800
Event: 6.903 Thread 0x00000000168a5000 Thread exited: 0x00000000168a5000
Event: 6.904 loading class com/android/dx/command/dexer/Main$DexWriter
Event: 6.904 loading class com/android/dx/command/dexer/Main$DexWriter done
Event: 6.905 Thread 0x000000001684f800 Thread added: 0x000000001684f800


Dynamic libraries:
0x00007ff619710000 - 0x00007ff619744000 	C:\Program Files\Java\jdk1.8.0_25\bin\java.exe
0x00007ffdb2fd0000 - 0x00007ffdb3191000 	C:\WINDOWS\SYSTEM32\ntdll.dll
0x00007ffdb2650000 - 0x00007ffdb26fd000 	C:\WINDOWS\system32\KERNEL32.DLL
0x00007ffdafe10000 - 0x00007ffdafff8000 	C:\WINDOWS\system32\KERNELBASE.dll
0x00007ffdb0d80000 - 0x00007ffdb0e27000 	C:\WINDOWS\system32\ADVAPI32.dll
0x00007ffdb1050000 - 0x00007ffdb10ed000 	C:\WINDOWS\system32\msvcrt.dll
0x00007ffdb2f70000 - 0x00007ffdb2fcb000 	C:\WINDOWS\system32\sechost.dll
0x00007ffdb0780000 - 0x00007ffdb089c000 	C:\WINDOWS\system32\RPCRT4.dll
0x00007ffdb2cf0000 - 0x00007ffdb2e46000 	C:\WINDOWS\system32\USER32.dll
0x00007ffdb0520000 - 0x00007ffdb06a6000 	C:\WINDOWS\system32\GDI32.dll
0x00007ffda7820000 - 0x00007ffda7a94000 	C:\WINDOWS\WinSxS\amd64_microsoft.windows.common-controls_6595b64144ccf1df_6.0.10586.494_none_a2d8b04ea53e3145\COMCTL32.dll
0x00007ffdb08a0000 - 0x00007ffdb0b1d000 	C:\WINDOWS\system32\combase.dll
0x00007ffdafd80000 - 0x00007ffdafdea000 	C:\WINDOWS\system32\bcryptPrimitives.dll
0x00007ffdb03d0000 - 0x00007ffdb040b000 	C:\WINDOWS\system32\IMM32.DLL
0x0000000056f00000 - 0x0000000056fd2000 	C:\Program Files\Java\jdk1.8.0_25\jre\bin\msvcr100.dll
0x00000000573c0000 - 0x0000000057c1a000 	C:\Program Files\Java\jdk1.8.0_25\jre\bin\server\jvm.dll
0x00007ffdb0d00000 - 0x00007ffdb0d08000 	C:\WINDOWS\system32\PSAPI.DLL
0x00007ffd9d1c0000 - 0x00007ffd9d1c9000 	C:\WINDOWS\SYSTEM32\WSOCK32.dll
0x00007ffdb0d10000 - 0x00007ffdb0d7b000 	C:\WINDOWS\system32\WS2_32.dll
0x00007ffdad8c0000 - 0x00007ffdad8e3000 	C:\WINDOWS\SYSTEM32\WINMM.dll
0x00007ffdad030000 - 0x00007ffdad05c000 	C:\WINDOWS\SYSTEM32\WINMMBASE.dll
0x00007ffdb0000000 - 0x00007ffdb0043000 	C:\WINDOWS\system32\cfgmgr32.dll
0x00000000573b0000 - 0x00000000573bf000 	C:\Program Files\Java\jdk1.8.0_25\jre\bin\verify.dll
0x0000000057380000 - 0x00000000573a8000 	C:\Program Files\Java\jdk1.8.0_25\jre\bin\java.dll
0x0000000057360000 - 0x0000000057376000 	C:\Program Files\Java\jdk1.8.0_25\jre\bin\zip.dll
0x00007ffdb10f0000 - 0x00007ffdb264c000 	C:\WINDOWS\system32\SHELL32.dll
0x00007ffdaf730000 - 0x00007ffdafd75000 	C:\WINDOWS\system32\windows.storage.dll
0x00007ffdb2c90000 - 0x00007ffdb2ce2000 	C:\WINDOWS\system32\shlwapi.dll
0x00007ffdaf670000 - 0x00007ffdaf67f000 	C:\WINDOWS\system32\kernel.appcore.dll
0x00007ffdb0140000 - 0x00007ffdb01f5000 	C:\WINDOWS\system32\shcore.dll
0x00007ffdaf5f0000 - 0x00007ffdaf63b000 	C:\WINDOWS\system32\powrprof.dll
0x00007ffdaf640000 - 0x00007ffdaf654000 	C:\WINDOWS\system32\profapi.dll
0x00007ffd9aee0000 - 0x00007ffd9b06c000 	C:\WINDOWS\SYSTEM32\dbghelp.dll

VM Arguments:
jvm_args: -Djava.awt.headless=true -Xmx1024M -Dfile.encoding=windows-1252 -Duser.country=FR -Duser.language=fr -Duser.variant 
java_command: com.android.dx.command.Main --dex --force-jumbo --num-threads=4 --multi-dex --output C:\Users\Famille\AndroidStudioProjects\Niviel\app\build\intermediates\transforms\dex\debug\folders\1000\10\com.android.support-appcompat-v7-24.2.0_a90505fa36c560e57855edbc9a661c2fe1e4b7ac C:\Users\Famille\AndroidStudioProjects\Niviel\app\build\intermediates\exploded-aar\com.android.support\appcompat-v7\24.2.0\jars\classes.jar
java_class_path (initial): C:\Users\Famille\AppData\Local\Android\sdk\build-tools\23.0.2\lib\dx.jar
Launcher Type: SUN_STANDARD

Environment Variables:
JAVA_HOME=C:\Program Files\Java\jdk1.8.0_25
PATH=C:\Program Files\Broadcom\Broadcom 802.11 Network Adapter;;C:\Program Files\Broadcom\Broadcom 802.11;C:\ProgramData\Oracle\Java\javapath;C:\Program Files (x86)\Intel\iCLS Client\;C:\Program Files\Intel\iCLS Client\;C:\Windows\system32;C:\Windows;C:\Windows\System32\Wbem;C:\Windows\System32\WindowsPowerShell\v1.0\;C:\Program Files\Hewlett-Packard\SimplePass\;C:\wamp\bin\php\php5.5.12;C:\Python27;C:\Users\Famille\AppData\Roaming\npm\;C:\Program Files\nodejs\;C:\Program Files\Git\cmd;C:\Program Files (x86)\Brackets\command;C:\Program Files (x86)\Ant\bin;C:\Program Files (x86)\Maven\bin;C:\Program Files (x86)\Intel\Intel(R) Management Engine Components\DAL;C:\Program Files\Intel\Intel(R) Management Engine Components\DAL;C:\Program Files (x86)\Intel\Intel(R) Management Engine Components\IPT;C:\Program Files\Intel\Intel(R) Management Engine Components\IPT;C:\Users\Famille\AppData\Local\atom\bin;C:\Users\Famille\AppData\Roaming\npm
USERNAME=de Lachaux
OS=Windows_NT
PROCESSOR_IDENTIFIER=Intel64 Family 6 Model 69 Stepping 1, GenuineIntel



---------------  S Y S T E M  ---------------

OS: Windows 8.1 , 64 bit Build 9600 

CPU:total 4 (2 cores per cpu, 2 threads per core) family 6 model 69 stepping 1, cmov, cx8, fxsr, mmx, sse, sse2, sse3, ssse3, sse4.1, sse4.2, popcnt, avx, avx2, aes, clmul, erms, lzcnt, ht, tsc, tscinvbit, bmi1, bmi2

Memory: 4k page, physical 4122776k(396680k free), swap 5555352k(3652k free)

vm_info: Java HotSpot(TM) 64-Bit Server VM (25.25-b02) for windows-amd64 JRE (1.8.0_25-b18), built on Oct  7 2014 14:25:37 by "java_re" with MS VC++ 10.0 (VS2010)

time: Tue Aug 23 12:35:59 2016
elapsed time: 7 seconds (0d 0h 0m 7s)

