#
# There is insufficient memory for the Java Runtime Environment to continue.
# Native memory allocation (malloc) failed to allocate 177856 bytes for Chunk::new
# Possible reasons:
#   The system is out of physical RAM or swap space
#   In 32 bit mode, the process size limit was hit
# Possible solutions:
#   Reduce memory load on the system
#   Increase physical memory or swap space
#   Check if swap backing store is full
#   Use 64 bit Java on a 64 bit OS
#   Decrease Java heap size (-Xmx/-Xms)
#   Decrease number of Java threads
#   Decrease Java thread stack sizes (-Xss)
#   Set larger code cache with -XX:ReservedCodeCacheSize=
# This output file may be truncated or incomplete.
#
#  Out of Memory Error (allocation.cpp:390), pid=35380, tid=35412
#
# JRE version: Java(TM) SE Runtime Environment (8.0_25-b18) (build 1.8.0_25-b18)
# Java VM: Java HotSpot(TM) 64-Bit Server VM (25.25-b02 mixed mode windows-amd64 compressed oops)
# Failed to write core dump. Minidumps are not enabled by default on client versions of Windows
#

---------------  T H R E A D  ---------------

Current thread (0x0000000014ca1000):  JavaThread "C2 CompilerThread1" daemon [_thread_in_native, id=35412, stack(0x0000000016300000,0x0000000016400000)]

Stack: [0x0000000016300000,0x0000000016400000]
Native frames: (J=compiled Java code, j=interpreted, Vv=VM code, C=native code)
V  [jvm.dll+0x31667a]
V  [jvm.dll+0x267073]
V  [jvm.dll+0x267cb3]
V  [jvm.dll+0x25f5b5]
V  [jvm.dll+0xbf165]
V  [jvm.dll+0xbf60c]
V  [jvm.dll+0x45d672]
V  [jvm.dll+0x49e8ef]
V  [jvm.dll+0x452b41]
V  [jvm.dll+0x453864]
V  [jvm.dll+0x437372]
V  [jvm.dll+0x98a02]
V  [jvm.dll+0x991f3]
V  [jvm.dll+0x22bde4]
V  [jvm.dll+0x2852fa]
C  [msvcr100.dll+0x21d9f]
C  [msvcr100.dll+0x21e3b]
C  [KERNEL32.DLL+0x18102]
C  [ntdll.dll+0x5c5b4]


Current CompileTask:
C2:   8604 1992       4       com.android.dx.dex.code.OutputFinisher::addConstants (93 bytes)


---------------  P R O C E S S  ---------------

Java Threads: ( => current thread )
  0x00000000167cb000 JavaThread "pool-1-thread-1" [_thread_in_Java, id=35836, stack(0x00000000187d0000,0x00000000188d0000)]
  0x0000000016538000 JavaThread "Service Thread" daemon [_thread_blocked, id=35460, stack(0x0000000016900000,0x0000000016a00000)]
  0x0000000014cad000 JavaThread "C1 CompilerThread2" daemon [_thread_blocked, id=35456, stack(0x0000000016400000,0x0000000016500000)]
=>0x0000000014ca1000 JavaThread "C2 CompilerThread1" daemon [_thread_in_native, id=35412, stack(0x0000000016300000,0x0000000016400000)]
  0x0000000014c9c000 JavaThread "C2 CompilerThread0" daemon [_thread_in_native, id=35408, stack(0x0000000016200000,0x0000000016300000)]
  0x0000000014c9a800 JavaThread "Attach Listener" daemon [_thread_blocked, id=35404, stack(0x0000000016100000,0x0000000016200000)]
  0x0000000014c99000 JavaThread "Signal Dispatcher" daemon [_thread_blocked, id=35400, stack(0x0000000016000000,0x0000000016100000)]
  0x00000000024be800 JavaThread "Finalizer" daemon [_thread_blocked, id=35396, stack(0x0000000015f00000,0x0000000016000000)]
  0x00000000024bd800 JavaThread "Reference Handler" daemon [_thread_blocked, id=35760, stack(0x0000000015e00000,0x0000000015f00000)]
  0x00000000025ce000 JavaThread "main" [_thread_blocked, id=35756, stack(0x0000000002270000,0x0000000002370000)]

Other Threads:
  0x0000000014c66800 VMThread [stack: 0x0000000015d00000,0x0000000015e00000] [id=35736]
  0x0000000016539800 WatcherThread [stack: 0x0000000016a00000,0x0000000016b00000] [id=35464]

VM state:not at safepoint (normal execution)

VM Mutex/Monitor currently owned by a thread: None

Heap:
 PSYoungGen      total 73216K, used 32858K [0x00000000eab00000, 0x00000000efc00000, 0x0000000100000000)
  eden space 64512K, 37% used [0x00000000eab00000,0x00000000ec29dd40,0x00000000eea00000)
  from space 8704K, 99% used [0x00000000eea00000,0x00000000ef278af0,0x00000000ef280000)
  to   space 7680K, 0% used [0x00000000ef280000,0x00000000ef280000,0x00000000efa00000)
 ParOldGen       total 44032K, used 21795K [0x00000000c0000000, 0x00000000c2b00000, 0x00000000eab00000)
  object space 44032K, 49% used [0x00000000c0000000,0x00000000c1548dd8,0x00000000c2b00000)
 Metaspace       used 6634K, capacity 7448K, committed 7680K, reserved 1056768K
  class space    used 626K, capacity 656K, committed 768K, reserved 1048576K

Card table byte_map: [0x0000000011990000,0x0000000011ba0000] byte_map_base: 0x0000000011390000

Marking Bits: (ParMarkBitMap*) 0x000000005c36d490
 Begin Bits: [0x0000000012100000, 0x0000000013100000)
 End Bits:   [0x0000000013100000, 0x0000000014100000)

Polling page: 0x0000000000ac0000

CodeCache: size=245760Kb used=8591Kb max_used=8591Kb free=237168Kb
 bounds [0x00000000025d0000, 0x0000000002e40000, 0x00000000115d0000]
 total_blobs=2469 nmethods=2204 adapters=178
 compilation: enabled

Compilation events (10 events):
Event: 7.620 Thread 0x0000000014ca1000 nmethod 1983 0x0000000002d9f090 code [0x0000000002d9f4a0, 0x0000000002da31c0]
Event: 7.840 Thread 0x0000000014c9c000 1989       4       com.android.dx.rop.cst.CstMemberRef::hashCode (19 bytes)
Event: 7.841 Thread 0x0000000014ca1000 1990       4       com.android.dx.dex.code.OutputFinisher::getAllConstants (47 bytes)
Event: 7.844 Thread 0x0000000014cad000 1991       3       com.android.dx.dex.code.StdCatchBuilder::getCatchTypes (97 bytes)
Event: 7.846 Thread 0x0000000014cad000 nmethod 1991 0x0000000002d8f010 code [0x0000000002d8f2e0, 0x0000000002d908b8]
Event: 7.848 Thread 0x0000000014ca1000 nmethod 1990 0x0000000002d7e990 code [0x0000000002d7eb00, 0x0000000002d7ee08]
Event: 7.850 Thread 0x0000000014c9c000 nmethod 1989 0x0000000002d8ca90 code [0x0000000002d8cbe0, 0x0000000002d8d058]
Event: 7.851 Thread 0x0000000014ca1000 1992       4       com.android.dx.dex.code.OutputFinisher::addConstants (93 bytes)
Event: 7.851 Thread 0x0000000014cad000 1993       1       com.android.dx.dex.code.LocalStart::getLocal (5 bytes)
Event: 7.851 Thread 0x0000000014cad000 nmethod 1993 0x0000000002d78d90 code [0x0000000002d78ee0, 0x0000000002d78ff0]

GC Heap History (10 events):
Event: 3.083 GC heap before
{Heap before GC invocations=3 (full 0):
 PSYoungGen      total 18944K, used 18938K [0x00000000eab00000, 0x00000000ed000000, 0x0000000100000000)
  eden space 16384K, 100% used [0x00000000eab00000,0x00000000ebb00000,0x00000000ebb00000)
  from space 2560K, 99% used [0x00000000ebd80000,0x00000000ebffea80,0x00000000ec000000)
  to   space 2560K, 0% used [0x00000000ebb00000,0x00000000ebb00000,0x00000000ebd80000)
 ParOldGen       total 44032K, used 3817K [0x00000000c0000000, 0x00000000c2b00000, 0x00000000eab00000)
  object space 44032K, 8% used [0x00000000c0000000,0x00000000c03ba620,0x00000000c2b00000)
 Metaspace       used 6025K, capacity 6960K, committed 7040K, reserved 1056768K
  class space    used 586K, capacity 616K, committed 640K, reserved 1048576K
Event: 3.094 GC heap after
Heap after GC invocations=3 (full 0):
 PSYoungGen      total 18944K, used 2538K [0x00000000eab00000, 0x00000000ed000000, 0x0000000100000000)
  eden space 16384K, 0% used [0x00000000eab00000,0x00000000eab00000,0x00000000ebb00000)
  from space 2560K, 99% used [0x00000000ebb00000,0x00000000ebd7aaa0,0x00000000ebd80000)
  to   space 2560K, 0% used [0x00000000ecd80000,0x00000000ecd80000,0x00000000ed000000)
 ParOldGen       total 44032K, used 5655K [0x00000000c0000000, 0x00000000c2b00000, 0x00000000eab00000)
  object space 44032K, 12% used [0x00000000c0000000,0x00000000c0585e00,0x00000000c2b00000)
 Metaspace       used 6025K, capacity 6960K, committed 7040K, reserved 1056768K
  class space    used 586K, capacity 616K, committed 640K, reserved 1048576K
}
Event: 3.303 GC heap before
{Heap before GC invocations=4 (full 0):
 PSYoungGen      total 18944K, used 18922K [0x00000000eab00000, 0x00000000ed000000, 0x0000000100000000)
  eden space 16384K, 100% used [0x00000000eab00000,0x00000000ebb00000,0x00000000ebb00000)
  from space 2560K, 99% used [0x00000000ebb00000,0x00000000ebd7aaa0,0x00000000ebd80000)
  to   space 2560K, 0% used [0x00000000ecd80000,0x00000000ecd80000,0x00000000ed000000)
 ParOldGen       total 44032K, used 5655K [0x00000000c0000000, 0x00000000c2b00000, 0x00000000eab00000)
  object space 44032K, 12% used [0x00000000c0000000,0x00000000c0585e00,0x00000000c2b00000)
 Metaspace       used 6193K, capacity 7064K, committed 7424K, reserved 1056768K
  class space    used 607K, capacity 656K, committed 768K, reserved 1048576K
Event: 3.325 GC heap after
Heap after GC invocations=4 (full 0):
 PSYoungGen      total 35328K, used 2560K [0x00000000eab00000, 0x00000000ed000000, 0x0000000100000000)
  eden space 32768K, 0% used [0x00000000eab00000,0x00000000eab00000,0x00000000ecb00000)
  from space 2560K, 100% used [0x00000000ecd80000,0x00000000ed000000,0x00000000ed000000)
  to   space 2560K, 0% used [0x00000000ecb00000,0x00000000ecb00000,0x00000000ecd80000)
 ParOldGen       total 44032K, used 8472K [0x00000000c0000000, 0x00000000c2b00000, 0x00000000eab00000)
  object space 44032K, 19% used [0x00000000c0000000,0x00000000c08463a8,0x00000000c2b00000)
 Metaspace       used 6193K, capacity 7064K, committed 7424K, reserved 1056768K
  class space    used 607K, capacity 656K, committed 768K, reserved 1048576K
}
Event: 3.694 GC heap before
{Heap before GC invocations=5 (full 0):
 PSYoungGen      total 35328K, used 35328K [0x00000000eab00000, 0x00000000ed000000, 0x0000000100000000)
  eden space 32768K, 100% used [0x00000000eab00000,0x00000000ecb00000,0x00000000ecb00000)
  from space 2560K, 100% used [0x00000000ecd80000,0x00000000ed000000,0x00000000ed000000)
  to   space 2560K, 0% used [0x00000000ecb00000,0x00000000ecb00000,0x00000000ecd80000)
 ParOldGen       total 44032K, used 8472K [0x00000000c0000000, 0x00000000c2b00000, 0x00000000eab00000)
  object space 44032K, 19% used [0x00000000c0000000,0x00000000c08463a8,0x00000000c2b00000)
 Metaspace       used 6249K, capacity 7128K, committed 7424K, reserved 1056768K
  class space    used 607K, capacity 656K, committed 768K, reserved 1048576K
Event: 3.724 GC heap after
Heap after GC invocations=5 (full 0):
 PSYoungGen      total 35328K, used 2530K [0x00000000eab00000, 0x00000000efa00000, 0x0000000100000000)
  eden space 32768K, 0% used [0x00000000eab00000,0x00000000eab00000,0x00000000ecb00000)
  from space 2560K, 98% used [0x00000000ecb00000,0x00000000ecd78ae0,0x00000000ecd80000)
  to   space 7680K, 0% used [0x00000000ef280000,0x00000000ef280000,0x00000000efa00000)
 ParOldGen       total 44032K, used 13583K [0x00000000c0000000, 0x00000000c2b00000, 0x00000000eab00000)
  object space 44032K, 30% used [0x00000000c0000000,0x00000000c0d43dc8,0x00000000c2b00000)
 Metaspace       used 6249K, capacity 7128K, committed 7424K, reserved 1056768K
  class space    used 607K, capacity 656K, committed 768K, reserved 1048576K
}
Event: 4.146 GC heap before
{Heap before GC invocations=6 (full 0):
 PSYoungGen      total 35328K, used 35298K [0x00000000eab00000, 0x00000000efa00000, 0x0000000100000000)
  eden space 32768K, 100% used [0x00000000eab00000,0x00000000ecb00000,0x00000000ecb00000)
  from space 2560K, 98% used [0x00000000ecb00000,0x00000000ecd78ae0,0x00000000ecd80000)
  to   space 7680K, 0% used [0x00000000ef280000,0x00000000ef280000,0x00000000efa00000)
 ParOldGen       total 44032K, used 13583K [0x00000000c0000000, 0x00000000c2b00000, 0x00000000eab00000)
  object space 44032K, 30% used [0x00000000c0000000,0x00000000c0d43dc8,0x00000000c2b00000)
 Metaspace       used 6282K, capacity 7128K, committed 7424K, reserved 1056768K
  class space    used 607K, capacity 656K, committed 768K, reserved 1048576K
Event: 4.181 GC heap after
Heap after GC invocations=6 (full 0):
 PSYoungGen      total 72192K, used 7666K [0x00000000eab00000, 0x00000000efc00000, 0x0000000100000000)
  eden space 64512K, 0% used [0x00000000eab00000,0x00000000eab00000,0x00000000eea00000)
  from space 7680K, 99% used [0x00000000ef280000,0x00000000ef9fcaf0,0x00000000efa00000)
  to   space 8704K, 0% used [0x00000000eea00000,0x00000000eea00000,0x00000000ef280000)
 ParOldGen       total 44032K, used 13748K [0x00000000c0000000, 0x00000000c2b00000, 0x00000000eab00000)
  object space 44032K, 31% used [0x00000000c0000000,0x00000000c0d6d118,0x00000000c2b00000)
 Metaspace       used 6282K, capacity 7128K, committed 7424K, reserved 1056768K
  class space    used 607K, capacity 656K, committed 768K, reserved 1048576K
}
Event: 5.561 GC heap before
{Heap before GC invocations=7 (full 0):
 PSYoungGen      total 72192K, used 72178K [0x00000000eab00000, 0x00000000efc00000, 0x0000000100000000)
  eden space 64512K, 100% used [0x00000000eab00000,0x00000000eea00000,0x00000000eea00000)
  from space 7680K, 99% used [0x00000000ef280000,0x00000000ef9fcaf0,0x00000000efa00000)
  to   space 8704K, 0% used [0x00000000eea00000,0x00000000eea00000,0x00000000ef280000)
 ParOldGen       total 44032K, used 13748K [0x00000000c0000000, 0x00000000c2b00000, 0x00000000eab00000)
  object space 44032K, 31% used [0x00000000c0000000,0x00000000c0d6d118,0x00000000c2b00000)
 Metaspace       used 6320K, capacity 7192K, committed 7424K, reserved 1056768K
  class space    used 607K, capacity 656K, committed 768K, reserved 1048576K
Event: 5.683 GC heap after
Heap after GC invocations=7 (full 0):
 PSYoungGen      total 73216K, used 8674K [0x00000000eab00000, 0x00000000efc00000, 0x0000000100000000)
  eden space 64512K, 0% used [0x00000000eab00000,0x00000000eab00000,0x00000000eea00000)
  from space 8704K, 99% used [0x00000000eea00000,0x00000000ef278af0,0x00000000ef280000)
  to   space 7680K, 0% used [0x00000000ef280000,0x00000000ef280000,0x00000000efa00000)
 ParOldGen       total 44032K, used 21795K [0x00000000c0000000, 0x00000000c2b00000, 0x00000000eab00000)
  object space 44032K, 49% used [0x00000000c0000000,0x00000000c1548dd8,0x00000000c2b00000)
 Metaspace       used 6320K, capacity 7192K, committed 7424K, reserved 1056768K
  class space    used 607K, capacity 656K, committed 768K, reserved 1048576K
}

Deoptimization events (10 events):
Event: 6.104 Thread 0x0000000016768800 Uncommon trap: reason=bimorphic action=maybe_recompile pc=0x0000000002d0649c method=com.android.dx.cf.code.BytecodeArray.parseInstruction(ILcom/android/dx/cf/code/BytecodeArray$Visitor;)I @ 2135
Event: 7.058 Thread 0x00000000167cb000 Uncommon trap: reason=class_check action=maybe_recompile pc=0x0000000002b38ea0 method=java.util.Arrays.hashCode([Ljava/lang/Object;)I @ 43
Event: 7.058 Thread 0x00000000167cb000 Uncommon trap: reason=class_check action=maybe_recompile pc=0x0000000002b38ea0 method=java.util.Arrays.hashCode([Ljava/lang/Object;)I @ 43
Event: 7.058 Thread 0x00000000167cb000 Uncommon trap: reason=class_check action=maybe_recompile pc=0x0000000002b38ea0 method=java.util.Arrays.hashCode([Ljava/lang/Object;)I @ 43
Event: 7.058 Thread 0x00000000167cb000 Uncommon trap: reason=class_check action=maybe_recompile pc=0x0000000002b38ea0 method=java.util.Arrays.hashCode([Ljava/lang/Object;)I @ 43
Event: 7.058 Thread 0x00000000167cb000 Uncommon trap: reason=class_check action=maybe_recompile pc=0x0000000002a92bc0 method=java.util.Arrays.hashCode([Ljava/lang/Object;)I @ 43
Event: 7.702 Thread 0x00000000167cb000 Uncommon trap: reason=bimorphic action=maybe_recompile pc=0x0000000002d96cb8 method=java.util.HashMap.putVal(ILjava/lang/Object;Ljava/lang/Object;ZZ)Ljava/lang/Object; @ 203
Event: 7.704 Thread 0x00000000167cb000 Uncommon trap: reason=bimorphic action=maybe_recompile pc=0x0000000002d96cb8 method=java.util.HashMap.putVal(ILjava/lang/Object;Ljava/lang/Object;ZZ)Ljava/lang/Object; @ 203
Event: 7.848 Thread 0x00000000167cb000 Uncommon trap: reason=bimorphic action=maybe_recompile pc=0x0000000002d96cb8 method=java.util.HashMap.putVal(ILjava/lang/Object;Ljava/lang/Object;ZZ)Ljava/lang/Object; @ 203
Event: 7.851 Thread 0x00000000167cb000 Uncommon trap: reason=bimorphic action=maybe_recompile pc=0x0000000002d96cb8 method=java.util.HashMap.putVal(ILjava/lang/Object;Ljava/lang/Object;ZZ)Ljava/lang/Object; @ 203

Internal exceptions (10 events):
Event: 2.584 Thread 0x00000000025ce000 Exception <a 'java/security/PrivilegedActionException'> (0x00000000eabe52b8) thrown at [D:\re\workspace\8-2-build-windows-amd64-cygwin\jdk8u25\1677\hotspot\src\share\vm\prims\jvm.cpp, line 1312]
Event: 2.651 Thread 0x00000000167cf800 Implicit null exception at 0x000000000291b771 to 0x000000000291dba9
Event: 3.118 Thread 0x00000000167cf000 Exception <a 'java/lang/ArrayIndexOutOfBoundsException': 18> (0x00000000eacffdd0) thrown at [D:\re\workspace\8-2-build-windows-amd64-cygwin\jdk8u25\1677\hotspot\src\share\vm\interpreter\interpreterRuntime.cpp, line 366]
Event: 3.119 Thread 0x00000000167cf000 Exception <a 'java/lang/ArrayIndexOutOfBoundsException': 145> (0x00000000ead01868) thrown at [D:\re\workspace\8-2-build-windows-amd64-cygwin\jdk8u25\1677\hotspot\src\share\vm\interpreter\interpreterRuntime.cpp, line 366]
Event: 3.119 Thread 0x00000000167cf000 Exception <a 'java/lang/ArrayIndexOutOfBoundsException': 40> (0x00000000ead02a80) thrown at [D:\re\workspace\8-2-build-windows-amd64-cygwin\jdk8u25\1677\hotspot\src\share\vm\interpreter\interpreterRuntime.cpp, line 366]
Event: 3.171 Thread 0x0000000016768800 Exception <a 'java/security/PrivilegedActionException'> (0x00000000eb02ec98) thrown at [D:\re\workspace\8-2-build-windows-amd64-cygwin\jdk8u25\1677\hotspot\src\share\vm\prims\jvm.cpp, line 1312]
Event: 3.251 Thread 0x00000000167cf000 Exception <a 'java/security/PrivilegedActionException'> (0x00000000eb69f498) thrown at [D:\re\workspace\8-2-build-windows-amd64-cygwin\jdk8u25\1677\hotspot\src\share\vm\prims\jvm.cpp, line 1312]
Event: 6.150 Thread 0x00000000025ce000 Exception <a 'java/security/PrivilegedActionException'> (0x00000000eb43f340) thrown at [D:\re\workspace\8-2-build-windows-amd64-cygwin\jdk8u25\1677\hotspot\src\share\vm\prims\jvm.cpp, line 1312]
Event: 7.062 Thread 0x00000000167cb000 Exception <a 'java/security/PrivilegedActionException'> (0x00000000ebc752b8) thrown at [D:\re\workspace\8-2-build-windows-amd64-cygwin\jdk8u25\1677\hotspot\src\share\vm\prims\jvm.cpp, line 1312]
Event: 7.112 Thread 0x00000000167cb000 Exception <a 'java/security/PrivilegedActionException'> (0x00000000ebcc1368) thrown at [D:\re\workspace\8-2-build-windows-amd64-cygwin\jdk8u25\1677\hotspot\src\share\vm\prims\jvm.cpp, line 1312]

Events (10 events):
Event: 7.704 Thread 0x00000000167cb000 DEOPT PACKING pc=0x0000000002d96cb8 sp=0x00000000188cecb0
Event: 7.704 Thread 0x00000000167cb000 DEOPT UNPACKING pc=0x000000000261556a sp=0x00000000188ceb38 mode 2
Event: 7.843 Thread 0x00000000167cb000 DEOPT PACKING pc=0x0000000002d6e461 sp=0x00000000188ced70
Event: 7.843 Thread 0x00000000167cb000 DEOPT UNPACKING pc=0x00000000026175bf sp=0x00000000188ceb00 mode 0
Event: 7.848 Thread 0x00000000167cb000 Uncommon trap: trap_request=0xffffffc6 fr.pc=0x0000000002d96cb8
Event: 7.848 Thread 0x00000000167cb000 DEOPT PACKING pc=0x0000000002d96cb8 sp=0x00000000188cecb0
Event: 7.848 Thread 0x00000000167cb000 DEOPT UNPACKING pc=0x000000000261556a sp=0x00000000188ceb38 mode 2
Event: 7.851 Thread 0x00000000167cb000 Uncommon trap: trap_request=0xffffffc6 fr.pc=0x0000000002d96cb8
Event: 7.851 Thread 0x00000000167cb000 DEOPT PACKING pc=0x0000000002d96cb8 sp=0x00000000188ced30
Event: 7.851 Thread 0x00000000167cb000 DEOPT UNPACKING pc=0x000000000261556a sp=0x00000000188cebb8 mode 2


Dynamic libraries:
0x00007ff62bc50000 - 0x00007ff62bc84000 	C:\Program Files\Java\jdk1.8.0_25\bin\java.exe
0x00007ffd05500000 - 0x00007ffd056c1000 	C:\WINDOWS\SYSTEM32\ntdll.dll
0x00007ffd03280000 - 0x00007ffd0332d000 	C:\WINDOWS\system32\KERNEL32.DLL
0x00007ffd024b0000 - 0x00007ffd02698000 	C:\WINDOWS\system32\KERNELBASE.dll
0x00007ffd04cd0000 - 0x00007ffd04d77000 	C:\WINDOWS\system32\ADVAPI32.dll
0x00007ffd029d0000 - 0x00007ffd02a6d000 	C:\WINDOWS\system32\msvcrt.dll
0x00007ffd054a0000 - 0x00007ffd054fb000 	C:\WINDOWS\system32\sechost.dll
0x00007ffd04da0000 - 0x00007ffd04ebc000 	C:\WINDOWS\system32\RPCRT4.dll
0x00007ffd04f10000 - 0x00007ffd05066000 	C:\WINDOWS\system32\USER32.dll
0x00007ffd03390000 - 0x00007ffd03516000 	C:\WINDOWS\system32\GDI32.dll
0x00007ffcfab30000 - 0x00007ffcfada4000 	C:\WINDOWS\WinSxS\amd64_microsoft.windows.common-controls_6595b64144ccf1df_6.0.10586.494_none_a2d8b04ea53e3145\COMCTL32.dll
0x00007ffd02a70000 - 0x00007ffd02ced000 	C:\WINDOWS\system32\combase.dll
0x00007ffd02440000 - 0x00007ffd024aa000 	C:\WINDOWS\system32\bcryptPrimitives.dll
0x00007ffd04ed0000 - 0x00007ffd04f0b000 	C:\WINDOWS\system32\IMM32.DLL
0x000000005b6d0000 - 0x000000005b7a2000 	C:\Program Files\Java\jdk1.8.0_25\jre\bin\msvcr100.dll
0x000000005bb90000 - 0x000000005c3ea000 	C:\Program Files\Java\jdk1.8.0_25\jre\bin\server\jvm.dll
0x00007ffd04a80000 - 0x00007ffd04a88000 	C:\WINDOWS\system32\PSAPI.DLL
0x00007ffcee7b0000 - 0x00007ffcee7b9000 	C:\WINDOWS\SYSTEM32\WSOCK32.dll
0x00007ffd04a90000 - 0x00007ffd04afb000 	C:\WINDOWS\system32\WS2_32.dll
0x00007ffcffe00000 - 0x00007ffcffe23000 	C:\WINDOWS\SYSTEM32\WINMM.dll
0x00007ffcffbb0000 - 0x00007ffcffbdc000 	C:\WINDOWS\SYSTEM32\WINMMBASE.dll
0x00007ffd02220000 - 0x00007ffd02263000 	C:\WINDOWS\system32\cfgmgr32.dll
0x000000005bb80000 - 0x000000005bb8f000 	C:\Program Files\Java\jdk1.8.0_25\jre\bin\verify.dll
0x000000005bb50000 - 0x000000005bb78000 	C:\Program Files\Java\jdk1.8.0_25\jre\bin\java.dll
0x000000005bb30000 - 0x000000005bb46000 	C:\Program Files\Java\jdk1.8.0_25\jre\bin\zip.dll
0x00007ffd03520000 - 0x00007ffd04a7c000 	C:\WINDOWS\system32\SHELL32.dll
0x00007ffd01bb0000 - 0x00007ffd021f5000 	C:\WINDOWS\system32\windows.storage.dll
0x00007ffd03170000 - 0x00007ffd031c2000 	C:\WINDOWS\system32\shlwapi.dll
0x00007ffd01b40000 - 0x00007ffd01b4f000 	C:\WINDOWS\system32\kernel.appcore.dll
0x00007ffd026a0000 - 0x00007ffd02755000 	C:\WINDOWS\system32\shcore.dll
0x00007ffd01b60000 - 0x00007ffd01bab000 	C:\WINDOWS\system32\powrprof.dll
0x00007ffd01b20000 - 0x00007ffd01b34000 	C:\WINDOWS\system32\profapi.dll
0x00007ffcf0f70000 - 0x00007ffcf10fc000 	C:\WINDOWS\SYSTEM32\dbghelp.dll

VM Arguments:
jvm_args: -Djava.awt.headless=true -Xmx1024M -Dfile.encoding=windows-1252 -Duser.country=FR -Duser.language=fr -Duser.variant 
java_command: com.android.dx.command.Main --dex --force-jumbo --num-threads=4 --multi-dex --output C:\Users\Famille\AndroidStudioProjects\Niviel\app\build\intermediates\transforms\dex\debug\folders\1000\10\okhttp-3.4.1_7bee02bc48e70d4713b4b9950d57f817e30b9c11 C:\Users\Famille\.gradle\caches\modules-2\files-2.1\com.squareup.okhttp3\okhttp\3.4.1\c7c4f9e35c2fd5900da24f9872e3971801f08ce0\okhttp-3.4.1.jar
java_class_path (initial): C:\Users\Famille\AppData\Local\Android\sdk\build-tools\23.0.2\lib\dx.jar
Launcher Type: SUN_STANDARD

Environment Variables:
JAVA_HOME=C:\Program Files\Java\jdk1.8.0_25
PATH=C:\Program Files\Broadcom\Broadcom 802.11 Network Adapter;;C:\Program Files\Broadcom\Broadcom 802.11;C:\ProgramData\Oracle\Java\javapath;C:\Program Files (x86)\Intel\iCLS Client\;C:\Program Files\Intel\iCLS Client\;C:\Windows\system32;C:\Windows;C:\Windows\System32\Wbem;C:\Windows\System32\WindowsPowerShell\v1.0\;C:\Program Files\Hewlett-Packard\SimplePass\;C:\wamp\bin\php\php5.5.12;C:\Python27;C:\Users\Famille\AppData\Roaming\npm\;C:\Program Files\nodejs\;C:\Program Files\Git\cmd;C:\Program Files (x86)\Brackets\command;C:\Program Files (x86)\Ant\bin;C:\Program Files (x86)\Maven\bin;C:\Program Files (x86)\Intel\Intel(R) Management Engine Components\DAL;C:\Program Files\Intel\Intel(R) Management Engine Components\DAL;C:\Program Files (x86)\Intel\Intel(R) Management Engine Components\IPT;C:\Program Files\Intel\Intel(R) Management Engine Components\IPT;C:\Users\Famille\AppData\Local\atom\bin;C:\Users\Famille\AppData\Roaming\npm
USERNAME=de Lachaux
OS=Windows_NT
PROCESSOR_IDENTIFIER=Intel64 Family 6 Model 69 Stepping 1, GenuineIntel



---------------  S Y S T E M  ---------------

OS: Windows 8.1 , 64 bit Build 9600 

CPU:total 4 (2 cores per cpu, 2 threads per core) family 6 model 69 stepping 1, cmov, cx8, fxsr, mmx, sse, sse2, sse3, ssse3, sse4.1, sse4.2, popcnt, avx, avx2, aes, clmul, erms, lzcnt, ht, tsc, tscinvbit, bmi1, bmi2

Memory: 4k page, physical 4122776k(302784k free), swap 5555352k(148108k free)

vm_info: Java HotSpot(TM) 64-Bit Server VM (25.25-b02) for windows-amd64 JRE (1.8.0_25-b18), built on Oct  7 2014 14:25:37 by "java_re" with MS VC++ 10.0 (VS2010)

time: Fri Sep 09 20:47:56 2016
elapsed time: 8 seconds (0d 0h 0m 8s)

