#
# There is insufficient memory for the Java Runtime Environment to continue.
# Native memory allocation (malloc) failed to allocate 1910016 bytes for Chunk::new
# Possible reasons:
#   The system is out of physical RAM or swap space
#   In 32 bit mode, the process size limit was hit
# Possible solutions:
#   Reduce memory load on the system
#   Increase physical memory or swap space
#   Check if swap backing store is full
#   Use 64 bit Java on a 64 bit OS
#   Decrease Java heap size (-Xmx/-Xms)
#   Decrease number of Java threads
#   Decrease Java thread stack sizes (-Xss)
#   Set larger code cache with -XX:ReservedCodeCacheSize=
# This output file may be truncated or incomplete.
#
#  Out of Memory Error (allocation.cpp:390), pid=21276, tid=7492
#
# JRE version: Java(TM) SE Runtime Environment (8.0_25-b18) (build 1.8.0_25-b18)
# Java VM: Java HotSpot(TM) 64-Bit Server VM (25.25-b02 mixed mode windows-amd64 compressed oops)
# Failed to write core dump. Minidumps are not enabled by default on client versions of Windows
#

---------------  T H R E A D  ---------------

Current thread (0x000000001492c000):  JavaThread "C2 CompilerThread0" daemon [_thread_in_native, id=7492, stack(0x0000000015e90000,0x0000000015f90000)]

Stack: [0x0000000015e90000,0x0000000015f90000]
Native frames: (J=compiled Java code, j=interpreted, Vv=VM code, C=native code)
V  [jvm.dll+0x31667a]
V  [jvm.dll+0x267073]
V  [jvm.dll+0x267cb3]
V  [jvm.dll+0x25f5b5]
V  [jvm.dll+0xbf165]
V  [jvm.dll+0xbf60c]
V  [jvm.dll+0x45d672]
V  [jvm.dll+0x49e8ef]
V  [jvm.dll+0x4527d4]
V  [jvm.dll+0x453864]
V  [jvm.dll+0x437372]
V  [jvm.dll+0x98a02]
V  [jvm.dll+0x991f3]
V  [jvm.dll+0x22bde4]
V  [jvm.dll+0x2852fa]
C  [msvcr100.dll+0x21d9f]
C  [msvcr100.dll+0x21e3b]
C  [KERNEL32.DLL+0x18102]
C  [ntdll.dll+0x5c5b4]


Current CompileTask:
C2:   4290 1684   !   4       com.android.dx.cf.code.BytecodeArray::parseInstruction (2764 bytes)


---------------  P R O C E S S  ---------------

Java Threads: ( => current thread )
  0x00000000163c5000 JavaThread "pool-1-thread-4" [_thread_blocked, id=9372, stack(0x0000000016b90000,0x0000000016c90000)]
  0x00000000163f5800 JavaThread "pool-1-thread-3" [_thread_blocked, id=14776, stack(0x0000000016a90000,0x0000000016b90000)]
  0x00000000163ec000 JavaThread "pool-1-thread-2" [_thread_in_Java, id=7356, stack(0x0000000016990000,0x0000000016a90000)]
  0x0000000016403000 JavaThread "pool-2-thread-1" [_thread_blocked, id=21856, stack(0x0000000016890000,0x0000000016990000)]
  0x0000000016402000 JavaThread "pool-1-thread-1" [_thread_in_Java, id=20792, stack(0x0000000016790000,0x0000000016890000)]
  0x0000000016194800 JavaThread "Service Thread" daemon [_thread_blocked, id=7980, stack(0x0000000016590000,0x0000000016690000)]
  0x000000001498b800 JavaThread "C1 CompilerThread2" daemon [_thread_blocked, id=18056, stack(0x0000000016090000,0x0000000016190000)]
  0x0000000014977000 JavaThread "C2 CompilerThread1" daemon [_thread_in_native, id=8860, stack(0x0000000015f90000,0x0000000016090000)]
=>0x000000001492c000 JavaThread "C2 CompilerThread0" daemon [_thread_in_native, id=7492, stack(0x0000000015e90000,0x0000000015f90000)]
  0x000000001492a800 JavaThread "Attach Listener" daemon [_thread_blocked, id=12716, stack(0x0000000015d90000,0x0000000015e90000)]
  0x0000000014929800 JavaThread "Signal Dispatcher" daemon [_thread_blocked, id=16172, stack(0x0000000015c90000,0x0000000015d90000)]
  0x0000000002250800 JavaThread "Finalizer" daemon [_thread_blocked, id=21876, stack(0x0000000015b90000,0x0000000015c90000)]
  0x000000000224d000 JavaThread "Reference Handler" daemon [_thread_blocked, id=10832, stack(0x0000000015a90000,0x0000000015b90000)]
  0x000000000215e000 JavaThread "main" [_thread_blocked, id=21716, stack(0x0000000001f60000,0x0000000002060000)]

Other Threads:
  0x00000000148f6800 VMThread [stack: 0x0000000015990000,0x0000000015a90000] [id=12316]
  0x0000000016196800 WatcherThread [stack: 0x0000000016690000,0x0000000016790000] [id=2748]

VM state:not at safepoint (normal execution)

VM Mutex/Monitor currently owned by a thread: None

Heap:
 PSYoungGen      total 68096K, used 32982K [0x00000000eab00000, 0x00000000ef000000, 0x0000000100000000)
  eden space 65536K, 46% used [0x00000000eab00000,0x00000000ec8b91a8,0x00000000eeb00000)
  from space 2560K, 99% used [0x00000000eed80000,0x00000000eeffc7f8,0x00000000ef000000)
  to   space 2560K, 0% used [0x00000000eeb00000,0x00000000eeb00000,0x00000000eed80000)
 ParOldGen       total 44032K, used 14162K [0x00000000c0000000, 0x00000000c2b00000, 0x00000000eab00000)
  object space 44032K, 32% used [0x00000000c0000000,0x00000000c0dd48d8,0x00000000c2b00000)
 Metaspace       used 6276K, capacity 7128K, committed 7424K, reserved 1056768K
  class space    used 612K, capacity 656K, committed 768K, reserved 1048576K

Card table byte_map: [0x0000000011620000,0x0000000011830000] byte_map_base: 0x0000000011020000

Marking Bits: (ParMarkBitMap*) 0x000000005836d490
 Begin Bits: [0x0000000011d90000, 0x0000000012d90000)
 End Bits:   [0x0000000012d90000, 0x0000000013d90000)

Polling page: 0x0000000000770000

CodeCache: size=245760Kb used=7109Kb max_used=7156Kb free=238650Kb
 bounds [0x0000000002260000, 0x0000000002970000, 0x0000000011260000]
 total_blobs=1914 nmethods=1650 adapters=178
 compilation: enabled

Compilation events (10 events):
Event: 3.771 Thread 0x000000001492c000 nmethod 1668 0x0000000002916790 code [0x0000000002916900, 0x0000000002916ef8]
Event: 3.771 Thread 0x000000001492c000 1645       4       com.android.dx.ssa.DeadCodeRemover::isCircularNoSideEffect (140 bytes)
Event: 3.873 Thread 0x000000001492c000 nmethod 1645 0x000000000292ecd0 code [0x000000000292ef40, 0x00000000029307c8]
Event: 3.873 Thread 0x000000001492c000 1684   !   4       com.android.dx.cf.code.BytecodeArray::parseInstruction (2764 bytes)
Event: 4.038 Thread 0x000000001498b800 1689       1       com.android.dx.rop.cst.CstKnownNull::hashCode (3 bytes)
Event: 4.038 Thread 0x000000001498b800 nmethod 1689 0x00000000028f6f90 code [0x00000000028f70e0, 0x00000000028f71f0]
Event: 4.041 Thread 0x000000001498b800 1690       2       com.android.dx.ssa.PhiInsn::updateSourcesToDefinitions (68 bytes)
Event: 4.042 Thread 0x000000001498b800 nmethod 1690 0x0000000002915e90 code [0x0000000002916040, 0x00000000029163f8]
Event: 4.052 Thread 0x000000001498b800 1691       2       java.util.HashMap$TreeNode::find (172 bytes)
Event: 4.053 Thread 0x000000001498b800 nmethod 1691 0x00000000029155d0 code [0x0000000002915780, 0x0000000002915bb8]

GC Heap History (8 events):
Event: 1.358 GC heap before
{Heap before GC invocations=1 (full 0):
 PSYoungGen      total 18944K, used 16384K [0x00000000eab00000, 0x00000000ec000000, 0x0000000100000000)
  eden space 16384K, 100% used [0x00000000eab00000,0x00000000ebb00000,0x00000000ebb00000)
  from space 2560K, 0% used [0x00000000ebd80000,0x00000000ebd80000,0x00000000ec000000)
  to   space 2560K, 0% used [0x00000000ebb00000,0x00000000ebb00000,0x00000000ebd80000)
 ParOldGen       total 44032K, used 0K [0x00000000c0000000, 0x00000000c2b00000, 0x00000000eab00000)
  object space 44032K, 0% used [0x00000000c0000000,0x00000000c0000000,0x00000000c2b00000)
 Metaspace       used 5710K, capacity 6704K, committed 6784K, reserved 1056768K
  class space    used 587K, capacity 616K, committed 640K, reserved 1048576K
Event: 1.374 GC heap after
Heap after GC invocations=1 (full 0):
 PSYoungGen      total 18944K, used 2551K [0x00000000eab00000, 0x00000000ed000000, 0x0000000100000000)
  eden space 16384K, 0% used [0x00000000eab00000,0x00000000eab00000,0x00000000ebb00000)
  from space 2560K, 99% used [0x00000000ebb00000,0x00000000ebd7dc78,0x00000000ebd80000)
  to   space 2560K, 0% used [0x00000000ecd80000,0x00000000ecd80000,0x00000000ed000000)
 ParOldGen       total 44032K, used 1423K [0x00000000c0000000, 0x00000000c2b00000, 0x00000000eab00000)
  object space 44032K, 3% used [0x00000000c0000000,0x00000000c0163f10,0x00000000c2b00000)
 Metaspace       used 5710K, capacity 6704K, committed 6784K, reserved 1056768K
  class space    used 587K, capacity 616K, committed 640K, reserved 1048576K
}
Event: 1.986 GC heap before
{Heap before GC invocations=2 (full 0):
 PSYoungGen      total 18944K, used 18935K [0x00000000eab00000, 0x00000000ed000000, 0x0000000100000000)
  eden space 16384K, 100% used [0x00000000eab00000,0x00000000ebb00000,0x00000000ebb00000)
  from space 2560K, 99% used [0x00000000ebb00000,0x00000000ebd7dc78,0x00000000ebd80000)
  to   space 2560K, 0% used [0x00000000ecd80000,0x00000000ecd80000,0x00000000ed000000)
 ParOldGen       total 44032K, used 1423K [0x00000000c0000000, 0x00000000c2b00000, 0x00000000eab00000)
  object space 44032K, 3% used [0x00000000c0000000,0x00000000c0163f10,0x00000000c2b00000)
 Metaspace       used 5969K, capacity 6960K, committed 7040K, reserved 1056768K
  class space    used 589K, capacity 616K, committed 640K, reserved 1048576K
Event: 2.013 GC heap after
Heap after GC invocations=2 (full 0):
 PSYoungGen      total 35328K, used 2535K [0x00000000eab00000, 0x00000000ed000000, 0x0000000100000000)
  eden space 32768K, 0% used [0x00000000eab00000,0x00000000eab00000,0x00000000ecb00000)
  from space 2560K, 99% used [0x00000000ecd80000,0x00000000ecff9c68,0x00000000ed000000)
  to   space 2560K, 0% used [0x00000000ecb00000,0x00000000ecb00000,0x00000000ecd80000)
 ParOldGen       total 44032K, used 3718K [0x00000000c0000000, 0x00000000c2b00000, 0x00000000eab00000)
  object space 44032K, 8% used [0x00000000c0000000,0x00000000c03a1850,0x00000000c2b00000)
 Metaspace       used 5969K, capacity 6960K, committed 7040K, reserved 1056768K
  class space    used 589K, capacity 616K, committed 640K, reserved 1048576K
}
Event: 2.985 GC heap before
{Heap before GC invocations=3 (full 0):
 PSYoungGen      total 35328K, used 35303K [0x00000000eab00000, 0x00000000ed000000, 0x0000000100000000)
  eden space 32768K, 100% used [0x00000000eab00000,0x00000000ecb00000,0x00000000ecb00000)
  from space 2560K, 99% used [0x00000000ecd80000,0x00000000ecff9c68,0x00000000ed000000)
  to   space 2560K, 0% used [0x00000000ecb00000,0x00000000ecb00000,0x00000000ecd80000)
 ParOldGen       total 44032K, used 3718K [0x00000000c0000000, 0x00000000c2b00000, 0x00000000eab00000)
  object space 44032K, 8% used [0x00000000c0000000,0x00000000c03a1850,0x00000000c2b00000)
 Metaspace       used 6159K, capacity 7088K, committed 7296K, reserved 1056768K
  class space    used 593K, capacity 616K, committed 640K, reserved 1048576K
Event: 3.006 GC heap after
Heap after GC invocations=3 (full 0):
 PSYoungGen      total 35328K, used 2541K [0x00000000eab00000, 0x00000000ef000000, 0x0000000100000000)
  eden space 32768K, 0% used [0x00000000eab00000,0x00000000eab00000,0x00000000ecb00000)
  from space 2560K, 99% used [0x00000000ecb00000,0x00000000ecd7b7c0,0x00000000ecd80000)
  to   space 2560K, 0% used [0x00000000eed80000,0x00000000eed80000,0x00000000ef000000)
 ParOldGen       total 44032K, used 9197K [0x00000000c0000000, 0x00000000c2b00000, 0x00000000eab00000)
  object space 44032K, 20% used [0x00000000c0000000,0x00000000c08fb4e8,0x00000000c2b00000)
 Metaspace       used 6159K, capacity 7088K, committed 7296K, reserved 1056768K
  class space    used 593K, capacity 616K, committed 640K, reserved 1048576K
}
Event: 3.485 GC heap before
{Heap before GC invocations=4 (full 0):
 PSYoungGen      total 35328K, used 35309K [0x00000000eab00000, 0x00000000ef000000, 0x0000000100000000)
  eden space 32768K, 100% used [0x00000000eab00000,0x00000000ecb00000,0x00000000ecb00000)
  from space 2560K, 99% used [0x00000000ecb00000,0x00000000ecd7b7c0,0x00000000ecd80000)
  to   space 2560K, 0% used [0x00000000eed80000,0x00000000eed80000,0x00000000ef000000)
 ParOldGen       total 44032K, used 9197K [0x00000000c0000000, 0x00000000c2b00000, 0x00000000eab00000)
  object space 44032K, 20% used [0x00000000c0000000,0x00000000c08fb4e8,0x00000000c2b00000)
 Metaspace       used 6268K, capacity 7128K, committed 7424K, reserved 1056768K
  class space    used 612K, capacity 656K, committed 768K, reserved 1048576K
Event: 3.546 GC heap after
Heap after GC invocations=4 (full 0):
 PSYoungGen      total 68096K, used 2545K [0x00000000eab00000, 0x00000000ef000000, 0x0000000100000000)
  eden space 65536K, 0% used [0x00000000eab00000,0x00000000eab00000,0x00000000eeb00000)
  from space 2560K, 99% used [0x00000000eed80000,0x00000000eeffc7f8,0x00000000ef000000)
  to   space 2560K, 0% used [0x00000000eeb00000,0x00000000eeb00000,0x00000000eed80000)
 ParOldGen       total 44032K, used 14162K [0x00000000c0000000, 0x00000000c2b00000, 0x00000000eab00000)
  object space 44032K, 32% used [0x00000000c0000000,0x00000000c0dd48d8,0x00000000c2b00000)
 Metaspace       used 6268K, capacity 7128K, committed 7424K, reserved 1056768K
  class space    used 612K, capacity 656K, committed 768K, reserved 1048576K
}

Deoptimization events (10 events):
Event: 1.459 Thread 0x000000000215e000 Uncommon trap: reason=bimorphic action=maybe_recompile pc=0x000000000247f8a8 method=java.util.HashMap.getNode(ILjava/lang/Object;)Ljava/util/HashMap$Node; @ 126
Event: 1.459 Thread 0x000000000215e000 Uncommon trap: reason=bimorphic action=maybe_recompile pc=0x0000000002481610 method=java.util.HashMap.getNode(ILjava/lang/Object;)Ljava/util/HashMap$Node; @ 126
Event: 2.476 Thread 0x00000000163c5000 Uncommon trap: reason=unreached action=reinterpret pc=0x00000000027e75a8 method=com.android.dx.cf.code.BytecodeArray.parseInstruction(ILcom/android/dx/cf/code/BytecodeArray$Visitor;)I @ 1198
Event: 3.020 Thread 0x0000000016402000 Uncommon trap: reason=unreached action=reinterpret pc=0x000000000283d014 method=com.android.dx.ssa.SCCP.simulateBranch(Lcom/android/dx/ssa/SsaInsn;)V @ 132
Event: 3.037 Thread 0x0000000016402000 Uncommon trap: reason=null_check action=make_not_entrant pc=0x000000000254f2dc method=com.android.dx.ssa.SsaRenamer.getLocalForNewReg(I)Lcom/android/dx/rop/code/LocalItem; @ 19
Event: 3.062 Thread 0x000000000215e000 Uncommon trap: reason=unreached action=reinterpret pc=0x0000000002642ed4 method=java.util.HashMap.getNode(ILjava/lang/Object;)Ljava/util/HashMap$Node; @ 84
Event: 3.082 Thread 0x000000000215e000 Uncommon trap: reason=unreached action=reinterpret pc=0x0000000002624370 method=java.util.HashMap.getNode(ILjava/lang/Object;)Ljava/util/HashMap$Node; @ 84
Event: 3.149 Thread 0x00000000163ec000 Uncommon trap: reason=bimorphic action=maybe_recompile pc=0x0000000002899bec method=com.android.dx.ssa.LiteralOpUpgrader.tryReplacingWithConstant(Lcom/android/dx/ssa/NormalSsaInsn;)Z @ 52
Event: 3.159 Thread 0x00000000163ec000 Uncommon trap: reason=bimorphic action=maybe_recompile pc=0x0000000002899bec method=com.android.dx.ssa.LiteralOpUpgrader.tryReplacingWithConstant(Lcom/android/dx/ssa/NormalSsaInsn;)Z @ 52
Event: 3.294 Thread 0x00000000163c5000 Uncommon trap: reason=unreached action=reinterpret pc=0x0000000002720aac method=java.util.HashMap.putVal(ILjava/lang/Object;Ljava/lang/Object;ZZ)Ljava/lang/Object; @ 109

Internal exceptions (10 events):
Event: 1.662 Thread 0x000000000215e000 Exception <a 'java/security/PrivilegedActionException'> (0x00000000eb3c33d8) thrown at [D:\re\workspace\8-2-build-windows-amd64-cygwin\jdk8u25\1677\hotspot\src\share\vm\prims\jvm.cpp, line 1312]
Event: 2.598 Thread 0x000000000215e000 Exception <a 'java/security/PrivilegedActionException'> (0x00000000ec058868) thrown at [D:\re\workspace\8-2-build-windows-amd64-cygwin\jdk8u25\1677\hotspot\src\share\vm\prims\jvm.cpp, line 1312]
Event: 2.598 Thread 0x000000000215e000 Exception <a 'java/security/PrivilegedActionException'> (0x00000000ec05b070) thrown at [D:\re\workspace\8-2-build-windows-amd64-cygwin\jdk8u25\1677\hotspot\src\share\vm\prims\jvm.cpp, line 1312]
Event: 2.621 Thread 0x00000000163ec000 Exception <a 'java/security/PrivilegedActionException'> (0x00000000ec21cf78) thrown at [D:\re\workspace\8-2-build-windows-amd64-cygwin\jdk8u25\1677\hotspot\src\share\vm\prims\jvm.cpp, line 1312]
Event: 2.622 Thread 0x00000000163ec000 Exception <a 'java/security/PrivilegedActionException'> (0x00000000ec2229e8) thrown at [D:\re\workspace\8-2-build-windows-amd64-cygwin\jdk8u25\1677\hotspot\src\share\vm\prims\jvm.cpp, line 1312]
Event: 2.623 Thread 0x00000000163ec000 Exception <a 'java/security/PrivilegedActionException'> (0x00000000ec228210) thrown at [D:\re\workspace\8-2-build-windows-amd64-cygwin\jdk8u25\1677\hotspot\src\share\vm\prims\jvm.cpp, line 1312]
Event: 3.037 Thread 0x0000000016402000 Implicit null exception at 0x000000000254ce79 to 0x000000000254f2b5
Event: 3.060 Thread 0x000000000215e000 Exception <a 'java/lang/ArrayIndexOutOfBoundsException': 18> (0x00000000eb50b5f0) thrown at [D:\re\workspace\8-2-build-windows-amd64-cygwin\jdk8u25\1677\hotspot\src\share\vm\interpreter\interpreterRuntime.cpp, line 366]
Event: 3.060 Thread 0x000000000215e000 Exception <a 'java/lang/ArrayIndexOutOfBoundsException'> (0x00000000eb50d088) thrown at [D:\re\workspace\8-2-build-windows-amd64-cygwin\jdk8u25\1677\hotspot\src\share\vm\runtime\sharedRuntime.cpp, line 604]
Event: 3.062 Thread 0x000000000215e000 Exception <a 'java/lang/ArrayIndexOutOfBoundsException'> (0x00000000eb50e2a0) thrown at [D:\re\workspace\8-2-build-windows-amd64-cygwin\jdk8u25\1677\hotspot\src\share\vm\runtime\sharedRuntime.cpp, line 604]

Events (10 events):
Event: 3.159 Thread 0x00000000163ec000 Uncommon trap: trap_request=0xffffffc6 fr.pc=0x0000000002899bec
Event: 3.159 Thread 0x00000000163ec000 DEOPT PACKING pc=0x0000000002899bec sp=0x0000000016a8ecd0
Event: 3.159 Thread 0x00000000163ec000 DEOPT UNPACKING pc=0x00000000022a556a sp=0x0000000016a8ec80 mode 2
Event: 3.294 Thread 0x00000000163c5000 Uncommon trap: trap_request=0xffffffad fr.pc=0x0000000002720aac
Event: 3.294 Thread 0x00000000163c5000 DEOPT PACKING pc=0x0000000002720aac sp=0x0000000016c8e3e0
Event: 3.294 Thread 0x00000000163c5000 DEOPT UNPACKING pc=0x00000000022a556a sp=0x0000000016c8e360 mode 2
Event: 3.458 Executing VM operation: ParallelGCFailedAllocation
Event: 3.546 Executing VM operation: ParallelGCFailedAllocation done
Event: 3.577 Thread 0x0000000016402000 DEOPT PACKING pc=0x000000000261e933 sp=0x000000001688eba0
Event: 3.577 Thread 0x0000000016402000 DEOPT UNPACKING pc=0x00000000022a75bf sp=0x000000001688e8f0 mode 0


Dynamic libraries:
0x00007ff7a4ce0000 - 0x00007ff7a4d14000 	C:\Program Files\Java\jdk1.8.0_25\bin\java.exe
0x00007ff8752c0000 - 0x00007ff875481000 	C:\WINDOWS\SYSTEM32\ntdll.dll
0x00007ff875210000 - 0x00007ff8752bd000 	C:\WINDOWS\system32\KERNEL32.DLL
0x00007ff871bc0000 - 0x00007ff871da8000 	C:\WINDOWS\system32\KERNELBASE.dll
0x00007ff874260000 - 0x00007ff874307000 	C:\WINDOWS\system32\ADVAPI32.dll
0x00007ff875170000 - 0x00007ff87520d000 	C:\WINDOWS\system32\msvcrt.dll
0x00007ff873e30000 - 0x00007ff873e8b000 	C:\WINDOWS\system32\sechost.dll
0x00007ff874450000 - 0x00007ff87456c000 	C:\WINDOWS\system32\RPCRT4.dll
0x00007ff873c20000 - 0x00007ff873d76000 	C:\WINDOWS\system32\USER32.dll
0x00007ff874580000 - 0x00007ff874706000 	C:\WINDOWS\system32\GDI32.dll
0x00007ff86cd80000 - 0x00007ff86cff4000 	C:\WINDOWS\WinSxS\amd64_microsoft.windows.common-controls_6595b64144ccf1df_6.0.10586.494_none_a2d8b04ea53e3145\COMCTL32.dll
0x00007ff873f00000 - 0x00007ff87417d000 	C:\WINDOWS\system32\combase.dll
0x00007ff871b50000 - 0x00007ff871bba000 	C:\WINDOWS\system32\bcryptPrimitives.dll
0x00007ff8750b0000 - 0x00007ff8750eb000 	C:\WINDOWS\system32\IMM32.DLL
0x00000000576d0000 - 0x00000000577a2000 	C:\Program Files\Java\jdk1.8.0_25\jre\bin\msvcr100.dll
0x0000000057b90000 - 0x00000000583ea000 	C:\Program Files\Java\jdk1.8.0_25\jre\bin\server\jvm.dll
0x00007ff874250000 - 0x00007ff874258000 	C:\WINDOWS\system32\PSAPI.DLL
0x00007ff85fa40000 - 0x00007ff85fa49000 	C:\WINDOWS\SYSTEM32\WSOCK32.dll
0x00007ff874380000 - 0x00007ff8743eb000 	C:\WINDOWS\system32\WS2_32.dll
0x00007ff86fe60000 - 0x00007ff86fe83000 	C:\WINDOWS\SYSTEM32\WINMM.dll
0x00007ff86fe00000 - 0x00007ff86fe2c000 	C:\WINDOWS\SYSTEM32\WINMMBASE.dll
0x00007ff871b00000 - 0x00007ff871b43000 	C:\WINDOWS\system32\cfgmgr32.dll
0x0000000057b80000 - 0x0000000057b8f000 	C:\Program Files\Java\jdk1.8.0_25\jre\bin\verify.dll
0x0000000057b50000 - 0x0000000057b78000 	C:\Program Files\Java\jdk1.8.0_25\jre\bin\java.dll
0x0000000057b30000 - 0x0000000057b46000 	C:\Program Files\Java\jdk1.8.0_25\jre\bin\zip.dll
0x00007ff8726c0000 - 0x00007ff873c1c000 	C:\WINDOWS\system32\SHELL32.dll
0x00007ff872070000 - 0x00007ff8726b5000 	C:\WINDOWS\system32\windows.storage.dll
0x00007ff8743f0000 - 0x00007ff874442000 	C:\WINDOWS\system32\shlwapi.dll
0x00007ff871910000 - 0x00007ff87191f000 	C:\WINDOWS\system32\kernel.appcore.dll
0x00007ff871970000 - 0x00007ff871a25000 	C:\WINDOWS\system32\shcore.dll
0x00007ff871920000 - 0x00007ff87196b000 	C:\WINDOWS\system32\powrprof.dll
0x00007ff8718f0000 - 0x00007ff871904000 	C:\WINDOWS\system32\profapi.dll
0x00007ff85cae0000 - 0x00007ff85cc6c000 	C:\WINDOWS\SYSTEM32\dbghelp.dll

VM Arguments:
jvm_args: -Djava.awt.headless=true -Xmx1024M -Dfile.encoding=windows-1252 -Duser.country=FR -Duser.language=fr -Duser.variant 
java_command: com.android.dx.command.Main --dex --num-threads=4 --output C:\Users\Famille\AndroidStudioProjects\Niviel\app\build\intermediates\pre-dexed\debug\com.android.support-recyclerview-v7-24.1.0_f88c8a02634e37cfa8817043a67a79a5ee0dac80.jar C:\Users\Famille\AndroidStudioProjects\Niviel\app\build\intermediates\exploded-aar\com.android.support\recyclerview-v7\24.1.0\jars\classes.jar
java_class_path (initial): C:\Users\Famille\AppData\Local\Android\sdk\build-tools\23.0.2\lib\dx.jar
Launcher Type: SUN_STANDARD

Environment Variables:
JAVA_HOME=C:\Program Files\Java\jdk1.8.0_25
PATH=C:\Program Files\Broadcom\Broadcom 802.11 Network Adapter;;C:\Program Files\Broadcom\Broadcom 802.11;C:\ProgramData\Oracle\Java\javapath;C:\Program Files (x86)\Intel\iCLS Client\;C:\Program Files\Intel\iCLS Client\;C:\Windows\system32;C:\Windows;C:\Windows\System32\Wbem;C:\Windows\System32\WindowsPowerShell\v1.0\;C:\Program Files\Hewlett-Packard\SimplePass\;C:\wamp\bin\php\php5.5.12;C:\Python27;C:\Users\Famille\AppData\Roaming\npm\;C:\Program Files\nodejs\;C:\Program Files\Git\cmd;C:\Program Files (x86)\Brackets\command;C:\Program Files (x86)\Ant\bin;C:\Program Files (x86)\Maven\bin;C:\Program Files (x86)\Intel\Intel(R) Management Engine Components\DAL;C:\Program Files\Intel\Intel(R) Management Engine Components\DAL;C:\Program Files (x86)\Intel\Intel(R) Management Engine Components\IPT;C:\Program Files\Intel\Intel(R) Management Engine Components\IPT;C:\Users\Famille\AppData\Local\atom\bin;C:\Users\Famille\AppData\Roaming\npm
USERNAME=de Lachaux
OS=Windows_NT
PROCESSOR_IDENTIFIER=Intel64 Family 6 Model 69 Stepping 1, GenuineIntel



---------------  S Y S T E M  ---------------

OS: Windows 8.1 , 64 bit Build 9600 

CPU:total 4 (2 cores per cpu, 2 threads per core) family 6 model 69 stepping 1, cmov, cx8, fxsr, mmx, sse, sse2, sse3, ssse3, sse4.1, sse4.2, popcnt, avx, avx2, aes, clmul, erms, lzcnt, ht, tsc, tscinvbit, bmi1, bmi2

Memory: 4k page, physical 4122776k(240652k free), swap 5555352k(15136k free)

vm_info: Java HotSpot(TM) 64-Bit Server VM (25.25-b02) for windows-amd64 JRE (1.8.0_25-b18), built on Oct  7 2014 14:25:37 by "java_re" with MS VC++ 10.0 (VS2010)

time: Tue Jul 19 12:29:32 2016
elapsed time: 4 seconds (0d 0h 0m 4s)

