#
# There is insufficient memory for the Java Runtime Environment to continue.
# Native memory allocation (malloc) failed to allocate 287216 bytes for Chunk::new
# Possible reasons:
#   The system is out of physical RAM or swap space
#   In 32 bit mode, the process size limit was hit
# Possible solutions:
#   Reduce memory load on the system
#   Increase physical memory or swap space
#   Check if swap backing store is full
#   Use 64 bit Java on a 64 bit OS
#   Decrease Java heap size (-Xmx/-Xms)
#   Decrease number of Java threads
#   Decrease Java thread stack sizes (-Xss)
#   Set larger code cache with -XX:ReservedCodeCacheSize=
# This output file may be truncated or incomplete.
#
#  Out of Memory Error (allocation.cpp:390), pid=44772, tid=43960
#
# JRE version: Java(TM) SE Runtime Environment (8.0_25-b18) (build 1.8.0_25-b18)
# Java VM: Java HotSpot(TM) 64-Bit Server VM (25.25-b02 mixed mode windows-amd64 compressed oops)
# Failed to write core dump. Minidumps are not enabled by default on client versions of Windows
#

---------------  T H R E A D  ---------------

Current thread (0x00000000147ef000):  JavaThread "C2 CompilerThread1" daemon [_thread_in_native, id=43960, stack(0x0000000015df0000,0x0000000015ef0000)]

Stack: [0x0000000015df0000,0x0000000015ef0000]
Native frames: (J=compiled Java code, j=interpreted, Vv=VM code, C=native code)
V  [jvm.dll+0x31667a]
V  [jvm.dll+0x267073]
V  [jvm.dll+0x267cb3]
V  [jvm.dll+0x25f5b5]
V  [jvm.dll+0xbf165]
V  [jvm.dll+0xbf60c]
V  [jvm.dll+0x45d672]
V  [jvm.dll+0x49e8ef]
V  [jvm.dll+0x452b41]
V  [jvm.dll+0x453864]
V  [jvm.dll+0x437372]
V  [jvm.dll+0x98a02]
V  [jvm.dll+0x991f3]
V  [jvm.dll+0x22bde4]
V  [jvm.dll+0x2852fa]
C  [msvcr100.dll+0x21d9f]
C  [msvcr100.dll+0x21e3b]
C  [KERNEL32.DLL+0x18102]
C  [ntdll.dll+0x5c5b4]


Current CompileTask:
C2:   8329 1359 %     4       com.android.dx.ssa.back.IdenticalBlockCombiner::process @ 161 (323 bytes)


---------------  P R O C E S S  ---------------

Java Threads: ( => current thread )
  0x00000000164af800 JavaThread "pool-2-thread-3" [_thread_in_Java, id=45700, stack(0x00000000168f0000,0x00000000169f0000)]
  0x000000001641d800 JavaThread "pool-2-thread-2" [_thread_in_Java, id=45128, stack(0x00000000167f0000,0x00000000168f0000)]
  0x0000000016415000 JavaThread "pool-3-thread-1" [_thread_blocked, id=45432, stack(0x00000000166f0000,0x00000000167f0000)]
  0x0000000016412000 JavaThread "pool-2-thread-1" [_thread_in_Java, id=45264, stack(0x00000000165f0000,0x00000000166f0000)]
  0x00000000147f3800 JavaThread "Service Thread" daemon [_thread_blocked, id=43068, stack(0x0000000015ff0000,0x00000000160f0000)]
  0x00000000147f0000 JavaThread "C1 CompilerThread2" daemon [_thread_blocked, id=46012, stack(0x0000000015ef0000,0x0000000015ff0000)]
=>0x00000000147ef000 JavaThread "C2 CompilerThread1" daemon [_thread_in_native, id=43960, stack(0x0000000015df0000,0x0000000015ef0000)]
  0x000000001479c000 JavaThread "C2 CompilerThread0" daemon [_thread_in_native, id=45544, stack(0x0000000015cf0000,0x0000000015df0000)]
  0x000000001479a800 JavaThread "Attach Listener" daemon [_thread_blocked, id=45556, stack(0x0000000015bf0000,0x0000000015cf0000)]
  0x0000000014799800 JavaThread "Signal Dispatcher" daemon [_thread_blocked, id=45304, stack(0x0000000015af0000,0x0000000015bf0000)]
  0x00000000020c0800 JavaThread "Finalizer" daemon [_thread_blocked, id=43296, stack(0x00000000159f0000,0x0000000015af0000)]
  0x00000000020bd000 JavaThread "Reference Handler" daemon [_thread_blocked, id=43428, stack(0x00000000158f0000,0x00000000159f0000)]
  0x0000000001f5e000 JavaThread "main" [_thread_blocked, id=45020, stack(0x0000000001e00000,0x0000000001f00000)]

Other Threads:
  0x0000000014766800 VMThread [stack: 0x00000000157f0000,0x00000000158f0000] [id=45976]
  0x00000000147f6800 WatcherThread [stack: 0x00000000160f0000,0x00000000161f0000] [id=45664]

VM state:not at safepoint (normal execution)

VM Mutex/Monitor currently owned by a thread: None

Heap:
 PSYoungGen      total 68096K, used 8423K [0x00000000eab00000, 0x00000000ef000000, 0x0000000100000000)
  eden space 65536K, 12% used [0x00000000eab00000,0x00000000eb339df8,0x00000000eeb00000)
  from space 2560K, 0% used [0x00000000eed80000,0x00000000eed80000,0x00000000ef000000)
  to   space 2560K, 0% used [0x00000000eeb00000,0x00000000eeb00000,0x00000000eed80000)
 ParOldGen       total 73216K, used 30997K [0x00000000c0000000, 0x00000000c4780000, 0x00000000eab00000)
  object space 73216K, 42% used [0x00000000c0000000,0x00000000c1e454c8,0x00000000c4780000)
 Metaspace       used 5895K, capacity 6896K, committed 7040K, reserved 1056768K
  class space    used 592K, capacity 616K, committed 640K, reserved 1048576K

Card table byte_map: [0x0000000011490000,0x00000000116a0000] byte_map_base: 0x0000000010e90000

Marking Bits: (ParMarkBitMap*) 0x0000000057cfd490
 Begin Bits: [0x0000000011c00000, 0x0000000012c00000)
 End Bits:   [0x0000000012c00000, 0x0000000013c00000)

Polling page: 0x00000000006b0000

CodeCache: size=245760Kb used=5767Kb max_used=5767Kb free=239992Kb
 bounds [0x00000000020d0000, 0x0000000002680000, 0x00000000110d0000]
 total_blobs=1596 nmethods=1332 adapters=178
 compilation: enabled

Compilation events (10 events):
Event: 8.251 Thread 0x00000000147ef000 nmethod 1355 0x0000000002639f90 code [0x000000000263a0e0, 0x000000000263a2b8]
Event: 8.251 Thread 0x00000000147ef000 1353       4       com.android.dx.util.BitIntSet::add (15 bytes)
Event: 8.255 Thread 0x00000000147ef000 nmethod 1353 0x0000000002667190 code [0x00000000026672e0, 0x0000000002667518]
Event: 8.255 Thread 0x00000000147ef000 1348       4       com.android.dx.rop.code.SourcePosition::equals (46 bytes)
Event: 8.257 Thread 0x00000000147ef000 nmethod 1348 0x0000000002666e50 code [0x0000000002666fa0, 0x0000000002667088]
Event: 8.281 Thread 0x00000000147f0000 1357 %     3       com.android.dx.ssa.back.IdenticalBlockCombiner::process @ 161 (323 bytes)
Event: 8.284 Thread 0x00000000147f0000 nmethod 1357% 0x000000000266b310 code [0x000000000266b6c0, 0x000000000266dfb8]
Event: 8.284 Thread 0x00000000147f0000 1358       3       com.android.dx.ssa.back.IdenticalBlockCombiner::process (323 bytes)
Event: 8.286 Thread 0x00000000147f0000 nmethod 1358 0x000000000266f550 code [0x000000000266f8e0, 0x0000000002671d98]
Event: 8.290 Thread 0x00000000147ef000 1359 %     4       com.android.dx.ssa.back.IdenticalBlockCombiner::process @ 161 (323 bytes)

GC Heap History (10 events):
Event: 3.954 GC heap before
{Heap before GC invocations=1 (full 0):
 PSYoungGen      total 18944K, used 16384K [0x00000000eab00000, 0x00000000ec000000, 0x0000000100000000)
  eden space 16384K, 100% used [0x00000000eab00000,0x00000000ebb00000,0x00000000ebb00000)
  from space 2560K, 0% used [0x00000000ebd80000,0x00000000ebd80000,0x00000000ec000000)
  to   space 2560K, 0% used [0x00000000ebb00000,0x00000000ebb00000,0x00000000ebd80000)
 ParOldGen       total 44032K, used 0K [0x00000000c0000000, 0x00000000c2b00000, 0x00000000eab00000)
  object space 44032K, 0% used [0x00000000c0000000,0x00000000c0000000,0x00000000c2b00000)
 Metaspace       used 5643K, capacity 6704K, committed 6784K, reserved 1056768K
  class space    used 583K, capacity 616K, committed 640K, reserved 1048576K
Event: 4.017 GC heap after
Heap after GC invocations=1 (full 0):
 PSYoungGen      total 18944K, used 2528K [0x00000000eab00000, 0x00000000ed000000, 0x0000000100000000)
  eden space 16384K, 0% used [0x00000000eab00000,0x00000000eab00000,0x00000000ebb00000)
  from space 2560K, 98% used [0x00000000ebb00000,0x00000000ebd78380,0x00000000ebd80000)
  to   space 2560K, 0% used [0x00000000ecd80000,0x00000000ecd80000,0x00000000ed000000)
 ParOldGen       total 44032K, used 2041K [0x00000000c0000000, 0x00000000c2b00000, 0x00000000eab00000)
  object space 44032K, 4% used [0x00000000c0000000,0x00000000c01fe5e0,0x00000000c2b00000)
 Metaspace       used 5643K, capacity 6704K, committed 6784K, reserved 1056768K
  class space    used 583K, capacity 616K, committed 640K, reserved 1048576K
}
Event: 5.665 GC heap before
{Heap before GC invocations=2 (full 0):
 PSYoungGen      total 18944K, used 18912K [0x00000000eab00000, 0x00000000ed000000, 0x0000000100000000)
  eden space 16384K, 100% used [0x00000000eab00000,0x00000000ebb00000,0x00000000ebb00000)
  from space 2560K, 98% used [0x00000000ebb00000,0x00000000ebd78380,0x00000000ebd80000)
  to   space 2560K, 0% used [0x00000000ecd80000,0x00000000ecd80000,0x00000000ed000000)
 ParOldGen       total 44032K, used 2041K [0x00000000c0000000, 0x00000000c2b00000, 0x00000000eab00000)
  object space 44032K, 4% used [0x00000000c0000000,0x00000000c01fe5e0,0x00000000c2b00000)
 Metaspace       used 5839K, capacity 6896K, committed 7040K, reserved 1056768K
  class space    used 587K, capacity 616K, committed 640K, reserved 1048576K
Event: 5.778 GC heap after
Heap after GC invocations=2 (full 0):
 PSYoungGen      total 35328K, used 2532K [0x00000000eab00000, 0x00000000ed000000, 0x0000000100000000)
  eden space 32768K, 0% used [0x00000000eab00000,0x00000000eab00000,0x00000000ecb00000)
  from space 2560K, 98% used [0x00000000ecd80000,0x00000000ecff93c0,0x00000000ed000000)
  to   space 2560K, 0% used [0x00000000ecb00000,0x00000000ecb00000,0x00000000ecd80000)
 ParOldGen       total 44032K, used 8024K [0x00000000c0000000, 0x00000000c2b00000, 0x00000000eab00000)
  object space 44032K, 18% used [0x00000000c0000000,0x00000000c07d6398,0x00000000c2b00000)
 Metaspace       used 5839K, capacity 6896K, committed 7040K, reserved 1056768K
  class space    used 587K, capacity 616K, committed 640K, reserved 1048576K
}
Event: 6.290 GC heap before
{Heap before GC invocations=3 (full 0):
 PSYoungGen      total 35328K, used 35300K [0x00000000eab00000, 0x00000000ed000000, 0x0000000100000000)
  eden space 32768K, 100% used [0x00000000eab00000,0x00000000ecb00000,0x00000000ecb00000)
  from space 2560K, 98% used [0x00000000ecd80000,0x00000000ecff93c0,0x00000000ed000000)
  to   space 2560K, 0% used [0x00000000ecb00000,0x00000000ecb00000,0x00000000ecd80000)
 ParOldGen       total 44032K, used 8024K [0x00000000c0000000, 0x00000000c2b00000, 0x00000000eab00000)
  object space 44032K, 18% used [0x00000000c0000000,0x00000000c07d6398,0x00000000c2b00000)
 Metaspace       used 5856K, capacity 6896K, committed 7040K, reserved 1056768K
  class space    used 589K, capacity 616K, committed 640K, reserved 1048576K
Event: 6.370 GC heap after
Heap after GC invocations=3 (full 0):
 PSYoungGen      total 35328K, used 2559K [0x00000000eab00000, 0x00000000ef000000, 0x0000000100000000)
  eden space 32768K, 0% used [0x00000000eab00000,0x00000000eab00000,0x00000000ecb00000)
  from space 2560K, 99% used [0x00000000ecb00000,0x00000000ecd7fe50,0x00000000ecd80000)
  to   space 2560K, 0% used [0x00000000eed80000,0x00000000eed80000,0x00000000ef000000)
 ParOldGen       total 44032K, used 24926K [0x00000000c0000000, 0x00000000c2b00000, 0x00000000eab00000)
  object space 44032K, 56% used [0x00000000c0000000,0x00000000c1857b30,0x00000000c2b00000)
 Metaspace       used 5856K, capacity 6896K, committed 7040K, reserved 1056768K
  class space    used 589K, capacity 616K, committed 640K, reserved 1048576K
}
Event: 7.649 GC heap before
{Heap before GC invocations=4 (full 0):
 PSYoungGen      total 35328K, used 35327K [0x00000000eab00000, 0x00000000ef000000, 0x0000000100000000)
  eden space 32768K, 100% used [0x00000000eab00000,0x00000000ecb00000,0x00000000ecb00000)
  from space 2560K, 99% used [0x00000000ecb00000,0x00000000ecd7fe50,0x00000000ecd80000)
  to   space 2560K, 0% used [0x00000000eed80000,0x00000000eed80000,0x00000000ef000000)
 ParOldGen       total 44032K, used 24926K [0x00000000c0000000, 0x00000000c2b00000, 0x00000000eab00000)
  object space 44032K, 56% used [0x00000000c0000000,0x00000000c1857b30,0x00000000c2b00000)
 Metaspace       used 5882K, capacity 6896K, committed 7040K, reserved 1056768K
  class space    used 592K, capacity 616K, committed 640K, reserved 1048576K
Event: 7.704 GC heap after
Heap after GC invocations=4 (full 0):
 PSYoungGen      total 68096K, used 2549K [0x00000000eab00000, 0x00000000ef000000, 0x0000000100000000)
  eden space 65536K, 0% used [0x00000000eab00000,0x00000000eab00000,0x00000000eeb00000)
  from space 2560K, 99% used [0x00000000eed80000,0x00000000eeffd5a8,0x00000000ef000000)
  to   space 2560K, 0% used [0x00000000eeb00000,0x00000000eeb00000,0x00000000eed80000)
 ParOldGen       total 44032K, used 35532K [0x00000000c0000000, 0x00000000c2b00000, 0x00000000eab00000)
  object space 44032K, 80% used [0x00000000c0000000,0x00000000c22b3268,0x00000000c2b00000)
 Metaspace       used 5882K, capacity 6896K, committed 7040K, reserved 1056768K
  class space    used 592K, capacity 616K, committed 640K, reserved 1048576K
}
Event: 7.704 GC heap before
{Heap before GC invocations=5 (full 1):
 PSYoungGen      total 68096K, used 2549K [0x00000000eab00000, 0x00000000ef000000, 0x0000000100000000)
  eden space 65536K, 0% used [0x00000000eab00000,0x00000000eab00000,0x00000000eeb00000)
  from space 2560K, 99% used [0x00000000eed80000,0x00000000eeffd5a8,0x00000000ef000000)
  to   space 2560K, 0% used [0x00000000eeb00000,0x00000000eeb00000,0x00000000eed80000)
 ParOldGen       total 44032K, used 35532K [0x00000000c0000000, 0x00000000c2b00000, 0x00000000eab00000)
  object space 44032K, 80% used [0x00000000c0000000,0x00000000c22b3268,0x00000000c2b00000)
 Metaspace       used 5882K, capacity 6896K, committed 7040K, reserved 1056768K
  class space    used 592K, capacity 616K, committed 640K, reserved 1048576K
Event: 8.145 GC heap after
Heap after GC invocations=5 (full 1):
 PSYoungGen      total 68096K, used 0K [0x00000000eab00000, 0x00000000ef000000, 0x0000000100000000)
  eden space 65536K, 0% used [0x00000000eab00000,0x00000000eab00000,0x00000000eeb00000)
  from space 2560K, 0% used [0x00000000eed80000,0x00000000eed80000,0x00000000ef000000)
  to   space 2560K, 0% used [0x00000000eeb00000,0x00000000eeb00000,0x00000000eed80000)
 ParOldGen       total 73216K, used 30997K [0x00000000c0000000, 0x00000000c4780000, 0x00000000eab00000)
  object space 73216K, 42% used [0x00000000c0000000,0x00000000c1e454c8,0x00000000c4780000)
 Metaspace       used 5882K, capacity 6896K, committed 7040K, reserved 1056768K
  class space    used 592K, capacity 616K, committed 640K, reserved 1048576K
}

Deoptimization events (10 events):
Event: 6.138 Thread 0x00000000164a6000 Uncommon trap: reason=bimorphic action=maybe_recompile pc=0x00000000024bb9c8 method=com.android.dx.cf.code.BaseMachine.getLocalTarget(Z)Lcom/android/dx/rop/code/RegisterSpec; @ 70
Event: 6.588 Thread 0x00000000164a6000 Uncommon trap: reason=bimorphic action=maybe_recompile pc=0x00000000024c93a4 method=com.android.dx.cf.code.BytecodeArray.parseInstruction(ILcom/android/dx/cf/code/BytecodeArray$Visitor;)I @ 923
Event: 6.589 Thread 0x00000000164a6000 Uncommon trap: reason=bimorphic action=maybe_recompile pc=0x00000000024c9324 method=com.android.dx.cf.code.BytecodeArray.parseInstruction(ILcom/android/dx/cf/code/BytecodeArray$Visitor;)I @ 907
Event: 6.589 Thread 0x00000000164a6000 Uncommon trap: reason=bimorphic action=maybe_recompile pc=0x00000000024c9764 method=com.android.dx.cf.code.BytecodeArray.parseInstruction(ILcom/android/dx/cf/code/BytecodeArray$Visitor;)I @ 1224
Event: 6.589 Thread 0x00000000164a6000 Uncommon trap: reason=bimorphic action=maybe_recompile pc=0x00000000024c93a4 method=com.android.dx.cf.code.BytecodeArray.parseInstruction(ILcom/android/dx/cf/code/BytecodeArray$Visitor;)I @ 923
Event: 7.552 Thread 0x000000001641d800 Uncommon trap: reason=class_check action=maybe_recompile pc=0x00000000023d5e50 method=com.android.dx.ssa.NormalSsaInsn.accept(Lcom/android/dx/ssa/SsaInsn$Visitor;)V @ 9
Event: 7.552 Thread 0x00000000164af800 Uncommon trap: reason=class_check action=maybe_recompile pc=0x00000000023d5e50 method=com.android.dx.ssa.NormalSsaInsn.accept(Lcom/android/dx/ssa/SsaInsn$Visitor;)V @ 9
Event: 7.552 Thread 0x00000000164af800 Uncommon trap: reason=class_check action=maybe_recompile pc=0x00000000023d5e50 method=com.android.dx.ssa.NormalSsaInsn.accept(Lcom/android/dx/ssa/SsaInsn$Visitor;)V @ 9
Event: 7.552 Thread 0x0000000016412000 Uncommon trap: reason=class_check action=maybe_recompile pc=0x00000000023d5e50 method=com.android.dx.ssa.NormalSsaInsn.accept(Lcom/android/dx/ssa/SsaInsn$Visitor;)V @ 9
Event: 7.552 Thread 0x0000000016412000 Uncommon trap: reason=class_check action=maybe_recompile pc=0x00000000023e4674 method=com.android.dx.ssa.NormalSsaInsn.accept(Lcom/android/dx/ssa/SsaInsn$Visitor;)V @ 9

Internal exceptions (10 events):
Event: 3.737 Thread 0x000000001641d800 Exception <a 'java/security/PrivilegedActionException'> (0x00000000eb770640) thrown at [D:\re\workspace\8-2-build-windows-amd64-cygwin\jdk8u25\1677\hotspot\src\share\vm\prims\jvm.cpp, line 1312]
Event: 3.816 Thread 0x00000000164a6000 Implicit null exception at 0x00000000023a71e3 to 0x00000000023a9551
Event: 4.222 Thread 0x0000000001f5e000 Exception <a 'java/security/PrivilegedActionException'> (0x00000000eab06c18) thrown at [D:\re\workspace\8-2-build-windows-amd64-cygwin\jdk8u25\1677\hotspot\src\share\vm\prims\jvm.cpp, line 1312]
Event: 5.475 Thread 0x00000000164a6000 Exception <a 'java/security/PrivilegedActionException'> (0x00000000eb85e890) thrown at [D:\re\workspace\8-2-build-windows-amd64-cygwin\jdk8u25\1677\hotspot\src\share\vm\prims\jvm.cpp, line 1312]
Event: 5.477 Thread 0x00000000164a6000 Exception <a 'java/security/PrivilegedActionException'> (0x00000000eb864300) thrown at [D:\re\workspace\8-2-build-windows-amd64-cygwin\jdk8u25\1677\hotspot\src\share\vm\prims\jvm.cpp, line 1312]
Event: 5.478 Thread 0x00000000164a6000 Exception <a 'java/security/PrivilegedActionException'> (0x00000000eb869b28) thrown at [D:\re\workspace\8-2-build-windows-amd64-cygwin\jdk8u25\1677\hotspot\src\share\vm\prims\jvm.cpp, line 1312]
Event: 6.009 Thread 0x0000000016412000 Exception <a 'java/security/PrivilegedActionException'> (0x00000000ebdc82e0) thrown at [D:\re\workspace\8-2-build-windows-amd64-cygwin\jdk8u25\1677\hotspot\src\share\vm\prims\jvm.cpp, line 1312]
Event: 6.285 Thread 0x0000000016412000 Exception <a 'java/security/PrivilegedActionException'> (0x00000000ec59e8b0) thrown at [D:\re\workspace\8-2-build-windows-amd64-cygwin\jdk8u25\1677\hotspot\src\share\vm\prims\jvm.cpp, line 1312]
Event: 6.371 Thread 0x00000000164a6000 Exception <a 'java/security/PrivilegedActionException'> (0x00000000eab10ab8) thrown at [D:\re\workspace\8-2-build-windows-amd64-cygwin\jdk8u25\1677\hotspot\src\share\vm\prims\jvm.cpp, line 1312]
Event: 6.510 Thread 0x0000000016412000 Exception <a 'java/security/PrivilegedActionException'> (0x00000000eac8b500) thrown at [D:\re\workspace\8-2-build-windows-amd64-cygwin\jdk8u25\1677\hotspot\src\share\vm\prims\jvm.cpp, line 1312]

Events (10 events):
Event: 7.605 Thread 0x00000000164af800 DEOPT PACKING pc=0x00000000025cd54d sp=0x00000000169ee270
Event: 7.605 Thread 0x00000000164af800 DEOPT UNPACKING pc=0x00000000021175bf sp=0x00000000169edf70 mode 0
Event: 7.606 Thread 0x00000000164af800 DEOPT PACKING pc=0x00000000025783f8 sp=0x00000000169ee300
Event: 7.606 Thread 0x00000000164af800 DEOPT UNPACKING pc=0x00000000021175bf sp=0x00000000169ee038 mode 0
Event: 7.607 Thread 0x00000000164af800 DEOPT PACKING pc=0x00000000025783f8 sp=0x00000000169ee1e0
Event: 7.607 Thread 0x00000000164af800 DEOPT UNPACKING pc=0x00000000021175bf sp=0x00000000169edf08 mode 0
Event: 7.608 Thread 0x00000000164af800 DEOPT PACKING pc=0x00000000025783f8 sp=0x00000000169ee1e0
Event: 7.608 Thread 0x00000000164af800 DEOPT UNPACKING pc=0x00000000021175bf sp=0x00000000169edf08 mode 0
Event: 7.613 Executing VM operation: ParallelGCFailedAllocation
Event: 8.145 Executing VM operation: ParallelGCFailedAllocation done


Dynamic libraries:
0x00007ff776570000 - 0x00007ff7765a4000 	C:\Program Files\Java\jdk1.8.0_25\bin\java.exe
0x00007ffa827f0000 - 0x00007ffa829b1000 	C:\WINDOWS\SYSTEM32\ntdll.dll
0x00007ffa82340000 - 0x00007ffa823ed000 	C:\WINDOWS\system32\KERNEL32.DLL
0x00007ffa7eea0000 - 0x00007ffa7f088000 	C:\WINDOWS\system32\KERNELBASE.dll
0x00007ffa820c0000 - 0x00007ffa82167000 	C:\WINDOWS\system32\ADVAPI32.dll
0x00007ffa82020000 - 0x00007ffa820bd000 	C:\WINDOWS\system32\msvcrt.dll
0x00007ffa81c30000 - 0x00007ffa81c8b000 	C:\WINDOWS\system32\sechost.dll
0x00007ffa81c90000 - 0x00007ffa81dac000 	C:\WINDOWS\system32\RPCRT4.dll
0x00007ffa81db0000 - 0x00007ffa81f06000 	C:\WINDOWS\system32\USER32.dll
0x00007ffa82580000 - 0x00007ffa82706000 	C:\WINDOWS\system32\GDI32.dll
0x00007ffa79220000 - 0x00007ffa79494000 	C:\WINDOWS\WinSxS\amd64_microsoft.windows.common-controls_6595b64144ccf1df_6.0.10586.0_none_8c15ae12515e1c22\COMCTL32.dll
0x00007ffa813c0000 - 0x00007ffa8163d000 	C:\WINDOWS\system32\combase.dll
0x00007ffa7f090000 - 0x00007ffa7f0fa000 	C:\WINDOWS\system32\bcryptPrimitives.dll
0x00007ffa82710000 - 0x00007ffa8274b000 	C:\WINDOWS\system32\IMM32.DLL
0x0000000057150000 - 0x0000000057222000 	C:\Program Files\Java\jdk1.8.0_25\jre\bin\msvcr100.dll
0x0000000057520000 - 0x0000000057d7a000 	C:\Program Files\Java\jdk1.8.0_25\jre\bin\server\jvm.dll
0x00007ffa81640000 - 0x00007ffa81648000 	C:\WINDOWS\system32\PSAPI.DLL
0x00007ffa6e5f0000 - 0x00007ffa6e5f9000 	C:\WINDOWS\SYSTEM32\WSOCK32.dll
0x00007ffa82750000 - 0x00007ffa827bb000 	C:\WINDOWS\system32\WS2_32.dll
0x00007ffa7cc00000 - 0x00007ffa7cc23000 	C:\WINDOWS\SYSTEM32\WINMM.dll
0x00007ffa7cab0000 - 0x00007ffa7cadc000 	C:\WINDOWS\SYSTEM32\WINMMBASE.dll
0x00007ffa7f2d0000 - 0x00007ffa7f313000 	C:\WINDOWS\system32\cfgmgr32.dll
0x0000000057e80000 - 0x0000000057e8f000 	C:\Program Files\Java\jdk1.8.0_25\jre\bin\verify.dll
0x0000000057e50000 - 0x0000000057e78000 	C:\Program Files\Java\jdk1.8.0_25\jre\bin\java.dll
0x0000000057e30000 - 0x0000000057e46000 	C:\Program Files\Java\jdk1.8.0_25\jre\bin\zip.dll
0x00007ffa7fdb0000 - 0x00007ffa8130c000 	C:\WINDOWS\system32\SHELL32.dll
0x00007ffa7f5a0000 - 0x00007ffa7fbe4000 	C:\WINDOWS\system32\windows.storage.dll
0x00007ffa82520000 - 0x00007ffa82572000 	C:\WINDOWS\system32\shlwapi.dll
0x00007ffa7ee80000 - 0x00007ffa7ee8f000 	C:\WINDOWS\system32\kernel.appcore.dll
0x00007ffa7f3a0000 - 0x00007ffa7f455000 	C:\WINDOWS\system32\shcore.dll
0x00007ffa7ee10000 - 0x00007ffa7ee5b000 	C:\WINDOWS\system32\powrprof.dll
0x00007ffa7ee60000 - 0x00007ffa7ee74000 	C:\WINDOWS\system32\profapi.dll
0x00007ffa6af10000 - 0x00007ffa6b09c000 	C:\WINDOWS\SYSTEM32\dbghelp.dll

VM Arguments:
jvm_args: -Djava.awt.headless=true -Xmx1024M -Dfile.encoding=windows-1252 -Duser.country=FR -Duser.language=fr -Duser.variant 
java_command: com.android.dx.command.Main --dex --force-jumbo --num-threads=4 --multi-dex --output C:\Users\Famille\AndroidStudioProjects\Niviel\app\build\intermediates\transforms\dex\debug\folders\1000\5\slice_1 C:\Users\Famille\AndroidStudioProjects\Niviel\app\build\intermediates\transforms\instantRunSlicer\debug\folders\1\5\slice_1
java_class_path (initial): C:\Users\Famille\AppData\Local\Android\sdk\build-tools\23.0.2\lib\dx.jar
Launcher Type: SUN_STANDARD

Environment Variables:
JAVA_HOME=C:\Program Files\Java\jdk1.8.0_25
PATH=C:\Program Files\Broadcom\Broadcom 802.11 Network Adapter;;C:\Program Files\Broadcom\Broadcom 802.11;C:\ProgramData\Oracle\Java\javapath;C:\Program Files (x86)\Intel\iCLS Client\;C:\Program Files\Intel\iCLS Client\;C:\Windows\system32;C:\Windows;C:\Windows\System32\Wbem;C:\Windows\System32\WindowsPowerShell\v1.0\;C:\Program Files\Hewlett-Packard\SimplePass\;C:\wamp\bin\php\php5.5.12;C:\Python27;C:\Users\Famille\AppData\Roaming\npm\;C:\Program Files\nodejs\;C:\Program Files\Git\cmd;C:\Program Files (x86)\Brackets\command;C:\Program Files (x86)\Ant\bin;C:\Program Files (x86)\Maven\bin;C:\Program Files (x86)\Intel\Intel(R) Management Engine Components\DAL;C:\Program Files\Intel\Intel(R) Management Engine Components\DAL;C:\Program Files (x86)\Intel\Intel(R) Management Engine Components\IPT;C:\Program Files\Intel\Intel(R) Management Engine Components\IPT;C:\Users\Famille\AppData\Local\atom\bin;C:\Users\Famille\AppData\Roaming\npm
USERNAME=de Lachaux
OS=Windows_NT
PROCESSOR_IDENTIFIER=Intel64 Family 6 Model 69 Stepping 1, GenuineIntel



---------------  S Y S T E M  ---------------

OS: Windows 8.1 , 64 bit Build 9600 

CPU:total 4 (2 cores per cpu, 2 threads per core) family 6 model 69 stepping 1, cmov, cx8, fxsr, mmx, sse, sse2, sse3, ssse3, sse4.1, sse4.2, popcnt, avx, avx2, aes, clmul, erms, lzcnt, ht, tsc, tscinvbit, bmi1, bmi2

Memory: 4k page, physical 4122776k(178028k free), swap 5555352k(4096k free)

vm_info: Java HotSpot(TM) 64-Bit Server VM (25.25-b02) for windows-amd64 JRE (1.8.0_25-b18), built on Oct  7 2014 14:25:37 by "java_re" with MS VC++ 10.0 (VS2010)

time: Sun Jun 26 20:35:32 2016
elapsed time: 8 seconds (0d 0h 0m 8s)

