#
# There is insufficient memory for the Java Runtime Environment to continue.
# Native memory allocation (malloc) failed to allocate 1232528 bytes for Chunk::new
# Possible reasons:
#   The system is out of physical RAM or swap space
#   In 32 bit mode, the process size limit was hit
# Possible solutions:
#   Reduce memory load on the system
#   Increase physical memory or swap space
#   Check if swap backing store is full
#   Use 64 bit Java on a 64 bit OS
#   Decrease Java heap size (-Xmx/-Xms)
#   Decrease number of Java threads
#   Decrease Java thread stack sizes (-Xss)
#   Set larger code cache with -XX:ReservedCodeCacheSize=
# This output file may be truncated or incomplete.
#
#  Out of Memory Error (allocation.cpp:390), pid=22292, tid=22116
#
# JRE version: Java(TM) SE Runtime Environment (8.0_25-b18) (build 1.8.0_25-b18)
# Java VM: Java HotSpot(TM) 64-Bit Server VM (25.25-b02 mixed mode windows-amd64 compressed oops)
# Failed to write core dump. Minidumps are not enabled by default on client versions of Windows
#

---------------  T H R E A D  ---------------

Current thread (0x0000000014cac000):  JavaThread "C2 CompilerThread0" daemon [_thread_in_native, id=22116, stack(0x0000000016230000,0x0000000016330000)]

Stack: [0x0000000016230000,0x0000000016330000]
Native frames: (J=compiled Java code, j=interpreted, Vv=VM code, C=native code)
V  [jvm.dll+0x31667a]


Current CompileTask:
C2:   9520 1301   !   4       com.android.dx.cf.code.Ropper::processBlock (1101 bytes)


---------------  P R O C E S S  ---------------

Java Threads: ( => current thread )
  0x000000001677d800 JavaThread "pool-2-thread-4" [_thread_in_Java, id=20112, stack(0x0000000016f30000,0x0000000017030000)]
  0x000000001677c800 JavaThread "pool-2-thread-3" [_thread_in_Java, id=22460, stack(0x0000000016e30000,0x0000000016f30000)]
  0x000000001676f000 JavaThread "pool-3-thread-1" [_thread_blocked, id=21116, stack(0x0000000016c30000,0x0000000016d30000)]
  0x0000000016766800 JavaThread "pool-2-thread-1" [_thread_in_Java, id=17160, stack(0x0000000016b30000,0x0000000016c30000)]
  0x0000000016533800 JavaThread "Service Thread" daemon [_thread_blocked, id=22416, stack(0x0000000016930000,0x0000000016a30000)]
  0x0000000014d09000 JavaThread "C1 CompilerThread2" daemon [_thread_blocked, id=20368, stack(0x0000000016430000,0x0000000016530000)]
  0x0000000014ced800 JavaThread "C2 CompilerThread1" daemon [_thread_in_native, id=21556, stack(0x0000000016330000,0x0000000016430000)]
=>0x0000000014cac000 JavaThread "C2 CompilerThread0" daemon [_thread_in_native, id=22116, stack(0x0000000016230000,0x0000000016330000)]
  0x0000000014caa800 JavaThread "Attach Listener" daemon [_thread_blocked, id=21524, stack(0x0000000016130000,0x0000000016230000)]
  0x0000000014ca9800 JavaThread "Signal Dispatcher" daemon [_thread_blocked, id=21604, stack(0x0000000016030000,0x0000000016130000)]
  0x00000000025a0800 JavaThread "Finalizer" daemon [_thread_blocked, id=19844, stack(0x0000000015f20000,0x0000000016020000)]
  0x000000000259d000 JavaThread "Reference Handler" daemon [_thread_blocked, id=21824, stack(0x0000000015e20000,0x0000000015f20000)]
  0x0000000000d6e000 JavaThread "main" [_thread_blocked, id=21240, stack(0x0000000000c60000,0x0000000000d60000)]

Other Threads:
  0x0000000014c76800 VMThread [stack: 0x0000000015d20000,0x0000000015e20000] [id=22288]
  0x0000000016535800 WatcherThread [stack: 0x0000000016a30000,0x0000000016b30000] [id=21760]

VM state:not at safepoint (normal execution)

VM Mutex/Monitor currently owned by a thread: None

Heap:
 PSYoungGen      total 35328K, used 26204K [0x00000000eab00000, 0x00000000ef000000, 0x0000000100000000)
  eden space 32768K, 72% used [0x00000000eab00000,0x00000000ec21bdb8,0x00000000ecb00000)
  from space 2560K, 99% used [0x00000000ecb00000,0x00000000ecd7b568,0x00000000ecd80000)
  to   space 2560K, 0% used [0x00000000eed80000,0x00000000eed80000,0x00000000ef000000)
 ParOldGen       total 44032K, used 23787K [0x00000000c0000000, 0x00000000c2b00000, 0x00000000eab00000)
  object space 44032K, 54% used [0x00000000c0000000,0x00000000c173ad98,0x00000000c2b00000)
 Metaspace       used 5909K, capacity 6960K, committed 7040K, reserved 1056768K
  class space    used 590K, capacity 616K, committed 640K, reserved 1048576K

Card table byte_map: [0x0000000011980000,0x0000000011b90000] byte_map_base: 0x0000000011380000

Marking Bits: (ParMarkBitMap*) 0x0000000066b8d490
 Begin Bits: [0x00000000120f0000, 0x00000000130f0000)
 End Bits:   [0x00000000130f0000, 0x00000000140f0000)

Polling page: 0x0000000000b20000

CodeCache: size=245760Kb used=5811Kb max_used=5824Kb free=239948Kb
 bounds [0x00000000025c0000, 0x0000000002b80000, 0x00000000115c0000]
 total_blobs=1570 nmethods=1306 adapters=178
 compilation: enabled

Compilation events (10 events):
Event: 9.406 Thread 0x0000000014ced800 nmethod 1298 0x0000000002b6f290 code [0x0000000002b6f520, 0x0000000002b70470]
Event: 9.406 Thread 0x0000000014ced800 1315       4       com.android.dx.ssa.ConstCollector$2::map (28 bytes)
Event: 9.411 Thread 0x0000000014ced800 nmethod 1315 0x0000000002b67810 code [0x0000000002b67960, 0x0000000002b67d28]
Event: 9.411 Thread 0x0000000014ced800 1295       4       com.android.dx.cf.code.Frame::<init> (52 bytes)
Event: 9.412 Thread 0x0000000014ced800 nmethod 1295 0x0000000002b674d0 code [0x0000000002b67620, 0x0000000002b67718]
Event: 9.412 Thread 0x0000000014ced800 1328       4       com.android.dx.ssa.LiteralOpUpgrader$1::visitNonMoveInsn (203 bytes)
Event: 9.427 Thread 0x0000000014ced800 nmethod 1328 0x0000000002b681d0 code [0x0000000002b684c0, 0x0000000002b68d88]
Event: 9.427 Thread 0x0000000014ced800 1329       4       com.android.dx.ssa.PhiInsn::mapSourceRegisters (78 bytes)
Event: 9.444 Thread 0x0000000014ced800 nmethod 1329 0x0000000002b73b10 code [0x0000000002b73ca0, 0x0000000002b74428]
Event: 9.444 Thread 0x0000000014ced800 1333       4       com.android.dx.ssa.back.LivenessAnalyzer::run (231 bytes)

GC Heap History (6 events):
Event: 3.865 GC heap before
{Heap before GC invocations=1 (full 0):
 PSYoungGen      total 18944K, used 16384K [0x00000000eab00000, 0x00000000ec000000, 0x0000000100000000)
  eden space 16384K, 100% used [0x00000000eab00000,0x00000000ebb00000,0x00000000ebb00000)
  from space 2560K, 0% used [0x00000000ebd80000,0x00000000ebd80000,0x00000000ec000000)
  to   space 2560K, 0% used [0x00000000ebb00000,0x00000000ebb00000,0x00000000ebd80000)
 ParOldGen       total 44032K, used 0K [0x00000000c0000000, 0x00000000c2b00000, 0x00000000eab00000)
  object space 44032K, 0% used [0x00000000c0000000,0x00000000c0000000,0x00000000c2b00000)
 Metaspace       used 5695K, capacity 6768K, committed 7040K, reserved 1056768K
  class space    used 583K, capacity 616K, committed 640K, reserved 1048576K
Event: 4.081 GC heap after
Heap after GC invocations=1 (full 0):
 PSYoungGen      total 18944K, used 2530K [0x00000000eab00000, 0x00000000ed000000, 0x0000000100000000)
  eden space 16384K, 0% used [0x00000000eab00000,0x00000000eab00000,0x00000000ebb00000)
  from space 2560K, 98% used [0x00000000ebb00000,0x00000000ebd78898,0x00000000ebd80000)
  to   space 2560K, 0% used [0x00000000ecd80000,0x00000000ecd80000,0x00000000ed000000)
 ParOldGen       total 44032K, used 2333K [0x00000000c0000000, 0x00000000c2b00000, 0x00000000eab00000)
  object space 44032K, 5% used [0x00000000c0000000,0x00000000c0247590,0x00000000c2b00000)
 Metaspace       used 5695K, capacity 6768K, committed 7040K, reserved 1056768K
  class space    used 583K, capacity 616K, committed 640K, reserved 1048576K
}
Event: 5.283 GC heap before
{Heap before GC invocations=2 (full 0):
 PSYoungGen      total 18944K, used 18914K [0x00000000eab00000, 0x00000000ed000000, 0x0000000100000000)
  eden space 16384K, 100% used [0x00000000eab00000,0x00000000ebb00000,0x00000000ebb00000)
  from space 2560K, 98% used [0x00000000ebb00000,0x00000000ebd78898,0x00000000ebd80000)
  to   space 2560K, 0% used [0x00000000ecd80000,0x00000000ecd80000,0x00000000ed000000)
 ParOldGen       total 44032K, used 2333K [0x00000000c0000000, 0x00000000c2b00000, 0x00000000eab00000)
  object space 44032K, 5% used [0x00000000c0000000,0x00000000c0247590,0x00000000c2b00000)
 Metaspace       used 5817K, capacity 6832K, committed 7040K, reserved 1056768K
  class space    used 586K, capacity 616K, committed 640K, reserved 1048576K
Event: 5.340 GC heap after
Heap after GC invocations=2 (full 0):
 PSYoungGen      total 35328K, used 2530K [0x00000000eab00000, 0x00000000ed000000, 0x0000000100000000)
  eden space 32768K, 0% used [0x00000000eab00000,0x00000000eab00000,0x00000000ecb00000)
  from space 2560K, 98% used [0x00000000ecd80000,0x00000000ecff8960,0x00000000ed000000)
  to   space 2560K, 0% used [0x00000000ecb00000,0x00000000ecb00000,0x00000000ecd80000)
 ParOldGen       total 44032K, used 7989K [0x00000000c0000000, 0x00000000c2b00000, 0x00000000eab00000)
  object space 44032K, 18% used [0x00000000c0000000,0x00000000c07cd668,0x00000000c2b00000)
 Metaspace       used 5817K, capacity 6832K, committed 7040K, reserved 1056768K
  class space    used 586K, capacity 616K, committed 640K, reserved 1048576K
}
Event: 6.911 GC heap before
{Heap before GC invocations=3 (full 0):
 PSYoungGen      total 35328K, used 35298K [0x00000000eab00000, 0x00000000ed000000, 0x0000000100000000)
  eden space 32768K, 100% used [0x00000000eab00000,0x00000000ecb00000,0x00000000ecb00000)
  from space 2560K, 98% used [0x00000000ecd80000,0x00000000ecff8960,0x00000000ed000000)
  to   space 2560K, 0% used [0x00000000ecb00000,0x00000000ecb00000,0x00000000ecd80000)
 ParOldGen       total 44032K, used 7989K [0x00000000c0000000, 0x00000000c2b00000, 0x00000000eab00000)
  object space 44032K, 18% used [0x00000000c0000000,0x00000000c07cd668,0x00000000c2b00000)
 Metaspace       used 5852K, capacity 6896K, committed 7040K, reserved 1056768K
  class space    used 589K, capacity 616K, committed 640K, reserved 1048576K
Event: 7.450 GC heap after
Heap after GC invocations=3 (full 0):
 PSYoungGen      total 35328K, used 2541K [0x00000000eab00000, 0x00000000ef000000, 0x0000000100000000)
  eden space 32768K, 0% used [0x00000000eab00000,0x00000000eab00000,0x00000000ecb00000)
  from space 2560K, 99% used [0x00000000ecb00000,0x00000000ecd7b568,0x00000000ecd80000)
  to   space 2560K, 0% used [0x00000000eed80000,0x00000000eed80000,0x00000000ef000000)
 ParOldGen       total 44032K, used 23787K [0x00000000c0000000, 0x00000000c2b00000, 0x00000000eab00000)
  object space 44032K, 54% used [0x00000000c0000000,0x00000000c173ad98,0x00000000c2b00000)
 Metaspace       used 5852K, capacity 6896K, committed 7040K, reserved 1056768K
  class space    used 589K, capacity 616K, committed 640K, reserved 1048576K
}

Deoptimization events (10 events):
Event: 7.475 Thread 0x0000000016771800 Uncommon trap: reason=class_check action=maybe_recompile pc=0x0000000002a65630 method=com.android.dx.cf.code.RopperMachine.run(Lcom/android/dx/cf/code/Frame;II)V @ 978
Event: 7.475 Thread 0x0000000016771800 Uncommon trap: reason=class_check action=maybe_recompile pc=0x0000000002a65630 method=com.android.dx.cf.code.RopperMachine.run(Lcom/android/dx/cf/code/Frame;II)V @ 978
Event: 7.504 Thread 0x0000000016771800 Uncommon trap: reason=class_check action=maybe_recompile pc=0x0000000002a65630 method=com.android.dx.cf.code.RopperMachine.run(Lcom/android/dx/cf/code/Frame;II)V @ 978
Event: 7.504 Thread 0x0000000016771800 Uncommon trap: reason=class_check action=maybe_recompile pc=0x0000000002a65630 method=com.android.dx.cf.code.RopperMachine.run(Lcom/android/dx/cf/code/Frame;II)V @ 978
Event: 8.893 Thread 0x0000000016771800 Uncommon trap: reason=class_check action=maybe_recompile pc=0x00000000029ecdfc method=com.android.dx.cf.code.BaseMachine.getLocalTarget(Z)Lcom/android/dx/rop/code/RegisterSpec; @ 70
Event: 8.893 Thread 0x0000000016771800 Uncommon trap: reason=class_check action=maybe_recompile pc=0x0000000002af98c4 method=com.android.dx.cf.code.BaseMachine.getLocalTarget(Z)Lcom/android/dx/rop/code/RegisterSpec; @ 70
Event: 8.929 Thread 0x0000000016771800 Uncommon trap: reason=bimorphic action=maybe_recompile pc=0x0000000002a4c598 method=com.android.dx.cf.code.BytecodeArray.parseInstruction(ILcom/android/dx/cf/code/BytecodeArray$Visitor;)I @ 923
Event: 8.929 Thread 0x0000000016771800 Uncommon trap: reason=bimorphic action=maybe_recompile pc=0x0000000002a4c518 method=com.android.dx.cf.code.BytecodeArray.parseInstruction(ILcom/android/dx/cf/code/BytecodeArray$Visitor;)I @ 907
Event: 8.929 Thread 0x0000000016771800 Uncommon trap: reason=bimorphic action=maybe_recompile pc=0x0000000002a4c978 method=com.android.dx.cf.code.BytecodeArray.parseInstruction(ILcom/android/dx/cf/code/BytecodeArray$Visitor;)I @ 1224
Event: 8.929 Thread 0x0000000016771800 Uncommon trap: reason=bimorphic action=maybe_recompile pc=0x0000000002a4c598 method=com.android.dx.cf.code.BytecodeArray.parseInstruction(ILcom/android/dx/cf/code/BytecodeArray$Visitor;)I @ 923

Internal exceptions (10 events):
Event: 3.176 Thread 0x0000000000d6e000 Exception <a 'java/security/PrivilegedActionException'> (0x00000000eb82deb0) thrown at [D:\re\workspace\8-2-build-windows-amd64-cygwin\jdk8u25\1677\hotspot\src\share\vm\prims\jvm.cpp, line 1312]
Event: 4.221 Thread 0x0000000016771800 Implicit null exception at 0x000000000290f8ce to 0x0000000002911d29
Event: 4.221 Thread 0x0000000016771800 Implicit null exception at 0x00000000028eba5c to 0x00000000028edfa9
Event: 4.404 Thread 0x0000000000d6e000 Exception <a 'java/security/PrivilegedActionException'> (0x00000000eae3e490) thrown at [D:\re\workspace\8-2-build-windows-amd64-cygwin\jdk8u25\1677\hotspot\src\share\vm\prims\jvm.cpp, line 1312]
Event: 5.653 Thread 0x0000000016771800 Exception <a 'java/security/PrivilegedActionException'> (0x00000000eacebbb0) thrown at [D:\re\workspace\8-2-build-windows-amd64-cygwin\jdk8u25\1677\hotspot\src\share\vm\prims\jvm.cpp, line 1312]
Event: 5.654 Thread 0x0000000016771800 Exception <a 'java/security/PrivilegedActionException'> (0x00000000eacf1620) thrown at [D:\re\workspace\8-2-build-windows-amd64-cygwin\jdk8u25\1677\hotspot\src\share\vm\prims\jvm.cpp, line 1312]
Event: 5.654 Thread 0x0000000016771800 Exception <a 'java/security/PrivilegedActionException'> (0x00000000eacf6e48) thrown at [D:\re\workspace\8-2-build-windows-amd64-cygwin\jdk8u25\1677\hotspot\src\share\vm\prims\jvm.cpp, line 1312]
Event: 6.554 Thread 0x0000000016766800 Exception <a 'java/security/PrivilegedActionException'> (0x00000000ec05e1c0) thrown at [D:\re\workspace\8-2-build-windows-amd64-cygwin\jdk8u25\1677\hotspot\src\share\vm\prims\jvm.cpp, line 1312]
Event: 6.874 Thread 0x000000001677c800 Exception <a 'java/security/PrivilegedActionException'> (0x00000000ec170ce8) thrown at [D:\re\workspace\8-2-build-windows-amd64-cygwin\jdk8u25\1677\hotspot\src\share\vm\prims\jvm.cpp, line 1312]
Event: 8.928 Thread 0x0000000016771800 Exception <a 'java/security/PrivilegedActionException'> (0x00000000eb5ce740) thrown at [D:\re\workspace\8-2-build-windows-amd64-cygwin\jdk8u25\1677\hotspot\src\share\vm\prims\jvm.cpp, line 1312]

Events (10 events):
Event: 9.428 Thread 0x000000001677c800 DEOPT PACKING pc=0x0000000002b1a9a1 sp=0x0000000016f2ea70
Event: 9.428 Thread 0x000000001677c800 DEOPT UNPACKING pc=0x00000000026075bf sp=0x0000000016f2e808 mode 0
Event: 9.429 Thread 0x000000001677c800 DEOPT PACKING pc=0x0000000002b1a9a1 sp=0x0000000016f2ea70
Event: 9.429 Thread 0x000000001677c800 DEOPT UNPACKING pc=0x00000000026075bf sp=0x0000000016f2e808 mode 0
Event: 9.429 Thread 0x000000001677c800 DEOPT PACKING pc=0x0000000002b1a9a1 sp=0x0000000016f2ea70
Event: 9.429 Thread 0x000000001677c800 DEOPT UNPACKING pc=0x00000000026075bf sp=0x0000000016f2e808 mode 0
Event: 9.430 Thread 0x000000001677c800 DEOPT PACKING pc=0x0000000002b1a9a1 sp=0x0000000016f2ea70
Event: 9.430 Thread 0x000000001677c800 DEOPT UNPACKING pc=0x00000000026075bf sp=0x0000000016f2e808 mode 0
Event: 9.431 Thread 0x000000001677c800 DEOPT PACKING pc=0x0000000002b1a9a1 sp=0x0000000016f2ea70
Event: 9.431 Thread 0x000000001677c800 DEOPT UNPACKING pc=0x00000000026075bf sp=0x0000000016f2e808 mode 0


Dynamic libraries:
0x00007ff627060000 - 0x00007ff627094000 	C:\Program Files\Java\jdk1.8.0_25\bin\java.exe
0x00007ffc8bdb0000 - 0x00007ffc8bf71000 	C:\WINDOWS\SYSTEM32\ntdll.dll
0x00007ffc8b8a0000 - 0x00007ffc8b94d000 	C:\WINDOWS\system32\KERNEL32.DLL
0x00007ffc885d0000 - 0x00007ffc887b8000 	C:\WINDOWS\system32\KERNELBASE.dll
0x00007ffc8baf0000 - 0x00007ffc8bb97000 	C:\WINDOWS\system32\ADVAPI32.dll
0x00007ffc89f90000 - 0x00007ffc8a02d000 	C:\WINDOWS\system32\msvcrt.dll
0x00007ffc8b950000 - 0x00007ffc8b9ab000 	C:\WINDOWS\system32\sechost.dll
0x00007ffc89740000 - 0x00007ffc8985c000 	C:\WINDOWS\system32\RPCRT4.dll
0x00007ffc891b0000 - 0x00007ffc89306000 	C:\WINDOWS\system32\USER32.dll
0x00007ffc89860000 - 0x00007ffc899e6000 	C:\WINDOWS\system32\GDI32.dll
0x00007ffc7cf00000 - 0x00007ffc7d174000 	C:\WINDOWS\WinSxS\amd64_microsoft.windows.common-controls_6595b64144ccf1df_6.0.10586.0_none_8c15ae12515e1c22\COMCTL32.dll
0x00007ffc89cd0000 - 0x00007ffc89f4d000 	C:\WINDOWS\system32\combase.dll
0x00007ffc889e0000 - 0x00007ffc88a4a000 	C:\WINDOWS\system32\bcryptPrimitives.dll
0x00007ffc89f50000 - 0x00007ffc89f8b000 	C:\WINDOWS\system32\IMM32.DLL
0x0000000065ef0000 - 0x0000000065fc2000 	C:\Program Files\Java\jdk1.8.0_25\jre\bin\msvcr100.dll
0x00000000663b0000 - 0x0000000066c0a000 	C:\Program Files\Java\jdk1.8.0_25\jre\bin\server\jvm.dll
0x00007ffc8a2c0000 - 0x00007ffc8a2c8000 	C:\WINDOWS\system32\PSAPI.DLL
0x00007ffc75280000 - 0x00007ffc75289000 	C:\WINDOWS\SYSTEM32\WSOCK32.dll
0x00007ffc89b00000 - 0x00007ffc89b6b000 	C:\WINDOWS\system32\WS2_32.dll
0x00007ffc86a30000 - 0x00007ffc86a53000 	C:\WINDOWS\SYSTEM32\WINMM.dll
0x00007ffc869d0000 - 0x00007ffc869fc000 	C:\WINDOWS\SYSTEM32\WINMMBASE.dll
0x00007ffc88990000 - 0x00007ffc889d3000 	C:\WINDOWS\system32\cfgmgr32.dll
0x00000000663a0000 - 0x00000000663af000 	C:\Program Files\Java\jdk1.8.0_25\jre\bin\verify.dll
0x0000000066370000 - 0x0000000066398000 	C:\Program Files\Java\jdk1.8.0_25\jre\bin\java.dll
0x0000000066350000 - 0x0000000066366000 	C:\Program Files\Java\jdk1.8.0_25\jre\bin\zip.dll
0x00007ffc8a340000 - 0x00007ffc8b89c000 	C:\WINDOWS\system32\SHELL32.dll
0x00007ffc88ab0000 - 0x00007ffc890f4000 	C:\WINDOWS\system32\windows.storage.dll
0x00007ffc8bd50000 - 0x00007ffc8bda2000 	C:\WINDOWS\system32\shlwapi.dll
0x00007ffc883e0000 - 0x00007ffc883ef000 	C:\WINDOWS\system32\kernel.appcore.dll
0x00007ffc88510000 - 0x00007ffc885c5000 	C:\WINDOWS\system32\shcore.dll
0x00007ffc88410000 - 0x00007ffc8845b000 	C:\WINDOWS\system32\powrprof.dll
0x00007ffc883f0000 - 0x00007ffc88404000 	C:\WINDOWS\system32\profapi.dll

VM Arguments:
jvm_args: -Djava.awt.headless=true -Xmx1024M -Dfile.encoding=windows-1252 -Duser.country=FR -Duser.language=fr -Duser.variant 
java_command: com.android.dx.command.Main --dex --force-jumbo --num-threads=4 --multi-dex --output C:\Users\Famille\AndroidStudioProjects\Niviel\app\build\intermediates\transforms\dex\debug\folders\1000\5\slice_1 C:\Users\Famille\AndroidStudioProjects\Niviel\app\build\intermediates\transforms\instantRunSlicer\debug\folders\1\5\slice_1
java_class_path (initial): C:\Users\Famille\AppData\Local\Android\sdk\build-tools\23.0.2\lib\dx.jar
Launcher Type: SUN_STANDARD

Environment Variables:
JAVA_HOME=C:\Program Files\Java\jdk1.8.0_25
PATH=C:\Program Files\Broadcom\Broadcom 802.11 Network Adapter;;C:\Program Files\Broadcom\Broadcom 802.11;C:\ProgramData\Oracle\Java\javapath;C:\Program Files (x86)\Intel\iCLS Client\;C:\Program Files\Intel\iCLS Client\;C:\Windows\system32;C:\Windows;C:\Windows\System32\Wbem;C:\Windows\System32\WindowsPowerShell\v1.0\;C:\Program Files\Hewlett-Packard\SimplePass\;C:\wamp\bin\php\php5.5.12;C:\Python27;C:\Users\Famille\AppData\Roaming\npm\;C:\Program Files\nodejs\;C:\Program Files\Git\cmd;C:\Program Files (x86)\Brackets\command;C:\Program Files (x86)\Ant\bin;C:\Program Files (x86)\Maven\bin;C:\Program Files (x86)\Intel\Intel(R) Management Engine Components\DAL;C:\Program Files\Intel\Intel(R) Management Engine Components\DAL;C:\Program Files (x86)\Intel\Intel(R) Management Engine Components\IPT;C:\Program Files\Intel\Intel(R) Management Engine Components\IPT;C:\Users\Famille\AppData\Local\atom\bin;C:\Users\Famille\AppData\Roaming\npm
USERNAME=de Lachaux
OS=Windows_NT
PROCESSOR_IDENTIFIER=Intel64 Family 6 Model 69 Stepping 1, GenuineIntel



---------------  S Y S T E M  ---------------

OS: Windows 8.1 , 64 bit Build 9600 

CPU:total 4 (2 cores per cpu, 2 threads per core) family 6 model 69 stepping 1, cmov, cx8, fxsr, mmx, sse, sse2, sse3, ssse3, sse4.1, sse4.2, popcnt, avx, avx2, aes, clmul, erms, lzcnt, ht, tsc, tscinvbit, bmi1, bmi2

Memory: 4k page, physical 4122776k(278692k free), swap 5555352k(4700k free)

vm_info: Java HotSpot(TM) 64-Bit Server VM (25.25-b02) for windows-amd64 JRE (1.8.0_25-b18), built on Oct  7 2014 14:25:37 by "java_re" with MS VC++ 10.0 (VS2010)

time: Mon Jul 04 16:26:45 2016
elapsed time: 9 seconds (0d 0h 0m 9s)

