#
# There is insufficient memory for the Java Runtime Environment to continue.
# Native memory allocation (malloc) failed to allocate 492336 bytes for Chunk::new
# Possible reasons:
#   The system is out of physical RAM or swap space
#   In 32 bit mode, the process size limit was hit
# Possible solutions:
#   Reduce memory load on the system
#   Increase physical memory or swap space
#   Check if swap backing store is full
#   Use 64 bit Java on a 64 bit OS
#   Decrease Java heap size (-Xmx/-Xms)
#   Decrease number of Java threads
#   Decrease Java thread stack sizes (-Xss)
#   Set larger code cache with -XX:ReservedCodeCacheSize=
# This output file may be truncated or incomplete.
#
#  Out of Memory Error (allocation.cpp:390), pid=47048, tid=21960
#
# JRE version: Java(TM) SE Runtime Environment (8.0_25-b18) (build 1.8.0_25-b18)
# Java VM: Java HotSpot(TM) 64-Bit Server VM (25.25-b02 mixed mode windows-amd64 compressed oops)
# Failed to write core dump. Minidumps are not enabled by default on client versions of Windows
#

---------------  T H R E A D  ---------------

Current thread (0x00000000150cd000):  JavaThread "C2 CompilerThread0" daemon [_thread_in_native, id=21960, stack(0x0000000016620000,0x0000000016720000)]

Stack: [0x0000000016620000,0x0000000016720000]
Native frames: (J=compiled Java code, j=interpreted, Vv=VM code, C=native code)
V  [jvm.dll+0x31667a]
V  [jvm.dll+0x267073]
V  [jvm.dll+0x267cb3]
V  [jvm.dll+0x25f5b5]
V  [jvm.dll+0xbf165]
V  [jvm.dll+0xbf60c]
V  [jvm.dll+0x45d672]
V  [jvm.dll+0x49e8ef]
V  [jvm.dll+0x4524ef]
V  [jvm.dll+0x453864]
V  [jvm.dll+0x437372]
V  [jvm.dll+0x98a02]
V  [jvm.dll+0x991f3]
V  [jvm.dll+0x22bde4]
V  [jvm.dll+0x2852fa]
C  [msvcr100.dll+0x21d9f]
C  [msvcr100.dll+0x21e3b]
C  [KERNEL32.DLL+0x8364]
C  [ntdll.dll+0x65e91]


Current CompileTask:
C2:    890  696       4       com.android.dx.ssa.SsaBasicBlock::forEachInsn (37 bytes)


---------------  P R O C E S S  ---------------

Java Threads: ( => current thread )
  0x0000000016af6800 JavaThread "pool-1-thread-4" [_thread_in_Java, id=41620, stack(0x0000000017320000,0x0000000017420000)]
  0x0000000016ae9000 JavaThread "pool-1-thread-3" [_thread_blocked, id=45284, stack(0x0000000017220000,0x0000000017320000)]
  0x0000000016ab3800 JavaThread "pool-1-thread-2" [_thread_blocked, id=46256, stack(0x0000000017120000,0x0000000017220000)]
  0x0000000016aad800 JavaThread "pool-2-thread-1" [_thread_blocked, id=46184, stack(0x0000000017020000,0x0000000017120000)]
  0x0000000016aac800 JavaThread "pool-1-thread-1" [_thread_in_Java, id=46208, stack(0x0000000016f20000,0x0000000017020000)]
  0x000000001512b000 JavaThread "Service Thread" daemon [_thread_blocked, id=46204, stack(0x0000000016d20000,0x0000000016e20000)]
  0x00000000150d7000 JavaThread "C1 CompilerThread2" daemon [_thread_blocked, id=46240, stack(0x0000000016820000,0x0000000016920000)]
  0x00000000150d2800 JavaThread "C2 CompilerThread1" daemon [_thread_in_native, id=25568, stack(0x0000000016720000,0x0000000016820000)]
=>0x00000000150cd000 JavaThread "C2 CompilerThread0" daemon [_thread_in_native, id=21960, stack(0x0000000016620000,0x0000000016720000)]
  0x00000000150cb800 JavaThread "Attach Listener" daemon [_thread_blocked, id=10776, stack(0x0000000016520000,0x0000000016620000)]
  0x00000000150ca800 JavaThread "Signal Dispatcher" daemon [_thread_blocked, id=12880, stack(0x0000000016420000,0x0000000016520000)]
  0x0000000015097800 JavaThread "Finalizer" daemon [_thread_blocked, id=29824, stack(0x0000000016320000,0x0000000016420000)]
  0x00000000029ef800 JavaThread "Reference Handler" daemon [_thread_blocked, id=21672, stack(0x0000000016220000,0x0000000016320000)]
  0x00000000027fd800 JavaThread "main" [_thread_blocked, id=46084, stack(0x0000000002800000,0x0000000002900000)]

Other Threads:
  0x0000000015096800 VMThread [stack: 0x0000000016120000,0x0000000016220000] [id=22848]
  0x000000001512d800 WatcherThread [stack: 0x0000000016e20000,0x0000000016f20000] [id=46156]

VM state:not at safepoint (normal execution)

VM Mutex/Monitor currently owned by a thread: None

Heap:
 PSYoungGen      total 18944K, used 5530K [0x00000000eab00000, 0x00000000ec000000, 0x0000000100000000)
  eden space 16384K, 18% used [0x00000000eab00000,0x00000000eadecc78,0x00000000ebb00000)
  from space 2560K, 99% used [0x00000000ebb00000,0x00000000ebd79c68,0x00000000ebd80000)
  to   space 2560K, 0% used [0x00000000ebd80000,0x00000000ebd80000,0x00000000ec000000)
 ParOldGen       total 44032K, used 1624K [0x00000000c0000000, 0x00000000c2b00000, 0x00000000eab00000)
  object space 44032K, 3% used [0x00000000c0000000,0x00000000c01961e0,0x00000000c2b00000)
 Metaspace       used 5721K, capacity 6768K, committed 7040K, reserved 1056768K
  class space    used 589K, capacity 616K, committed 640K, reserved 1048576K

Card table byte_map: [0x0000000011dc0000,0x0000000011fd0000] byte_map_base: 0x00000000117c0000

Marking Bits: (ParMarkBitMap*) 0x000000005f3bd490
 Begin Bits: [0x0000000012530000, 0x0000000013530000)
 End Bits:   [0x0000000013530000, 0x0000000014530000)

Polling page: 0x0000000002700000

CodeCache: size=245760Kb used=3289Kb max_used=3289Kb free=242470Kb
 bounds [0x0000000002a00000, 0x0000000002d40000, 0x0000000011a00000]
 total_blobs=1111 nmethods=846 adapters=179
 compilation: enabled

Compilation events (10 events):
Event: 0.797 Thread 0x00000000150d7000  723       3       com.android.dx.ssa.RegisterMapper::<init> (5 bytes)
Event: 0.797 Thread 0x00000000150d7000 nmethod 723 0x0000000002ccb310 code [0x0000000002ccb460, 0x0000000002ccb610]
Event: 0.797 Thread 0x00000000150d2800 nmethod 724 0x0000000002ccb0d0 code [0x0000000002ccb200, 0x0000000002ccb278]
Event: 0.797 Thread 0x00000000150d7000  722       3       com.android.dx.ssa.SsaBasicBlock::isExitBlock (20 bytes)
Event: 0.797 Thread 0x00000000150d7000 nmethod 722 0x0000000002cd4f90 code [0x0000000002cd5100, 0x0000000002cd5350]
Event: 0.797 Thread 0x00000000150d7000  721       3       com.android.dx.ssa.SsaConverter::nodeNeedsUniquePredecessor (32 bytes)
Event: 0.798 Thread 0x00000000150d7000 nmethod 721 0x0000000002cd4410 code [0x0000000002cd45c0, 0x0000000002cd4bf8]
Event: 0.798 Thread 0x00000000150d7000  718       3       com.android.dx.rop.code.Rops::ropFor (771 bytes)
Event: 0.799 Thread 0x00000000150d2800  732       4       java.util.BitSet::<init> (56 bytes)
Event: 0.801 Thread 0x00000000150d2800 nmethod 732 0x0000000002cd2b90 code [0x0000000002cd2ce0, 0x0000000002cd2e38]

GC Heap History (0 events):
No events

Deoptimization events (0 events):
No events

Internal exceptions (10 events):
Event: 0.590 Thread 0x0000000016af6800 Exception <a 'java/security/PrivilegedActionException'> (0x00000000eb4f2a18) thrown at [D:\re\workspace\8-2-build-windows-amd64-cygwin\jdk8u25\1677\hotspot\src\share\vm\prims\jvm.cpp, line 1312]
Event: 0.590 Thread 0x0000000016af6800 Exception <a 'java/security/PrivilegedActionException'> (0x00000000eb4f7f78) thrown at [D:\re\workspace\8-2-build-windows-amd64-cygwin\jdk8u25\1677\hotspot\src\share\vm\prims\jvm.cpp, line 1312]
Event: 0.591 Thread 0x0000000016af6800 Exception <a 'java/security/PrivilegedActionException'> (0x00000000eb4fb798) thrown at [D:\re\workspace\8-2-build-windows-amd64-cygwin\jdk8u25\1677\hotspot\src\share\vm\prims\jvm.cpp, line 1312]
Event: 0.595 Thread 0x0000000016af6800 Exception <a 'java/security/PrivilegedActionException'> (0x00000000eb507fc8) thrown at [D:\re\workspace\8-2-build-windows-amd64-cygwin\jdk8u25\1677\hotspot\src\share\vm\prims\jvm.cpp, line 1312]
Event: 0.596 Thread 0x0000000016af6800 Exception <a 'java/security/PrivilegedActionException'> (0x00000000eb50e230) thrown at [D:\re\workspace\8-2-build-windows-amd64-cygwin\jdk8u25\1677\hotspot\src\share\vm\prims\jvm.cpp, line 1312]
Event: 0.596 Thread 0x0000000016af6800 Exception <a 'java/security/PrivilegedActionException'> (0x00000000eb512930) thrown at [D:\re\workspace\8-2-build-windows-amd64-cygwin\jdk8u25\1677\hotspot\src\share\vm\prims\jvm.cpp, line 1312]
Event: 0.600 Thread 0x0000000016af6800 Exception <a 'java/security/PrivilegedActionException'> (0x00000000eb51bfd8) thrown at [D:\re\workspace\8-2-build-windows-amd64-cygwin\jdk8u25\1677\hotspot\src\share\vm\prims\jvm.cpp, line 1312]
Event: 0.608 Thread 0x0000000016af6800 Exception <a 'java/security/PrivilegedActionException'> (0x00000000eb534f18) thrown at [D:\re\workspace\8-2-build-windows-amd64-cygwin\jdk8u25\1677\hotspot\src\share\vm\prims\jvm.cpp, line 1312]
Event: 0.622 Thread 0x0000000016aac800 Exception <a 'java/security/PrivilegedActionException'> (0x00000000eb2884c8) thrown at [D:\re\workspace\8-2-build-windows-amd64-cygwin\jdk8u25\1677\hotspot\src\share\vm\prims\jvm.cpp, line 1312]
Event: 0.649 Thread 0x00000000027fd800 Exception <a 'java/security/PrivilegedActionException'> (0x00000000eb5d7be8) thrown at [D:\re\workspace\8-2-build-windows-amd64-cygwin\jdk8u25\1677\hotspot\src\share\vm\prims\jvm.cpp, line 1312]

Events (10 events):
Event: 0.605 loading class java/util/HashMap$ValueIterator
Event: 0.605 loading class java/util/HashMap$ValueIterator done
Event: 0.608 loading class com/android/dx/ssa/PhiInsn$Operand
Event: 0.608 loading class com/android/dx/ssa/PhiInsn$Operand done
Event: 0.622 loading class com/android/dx/ssa/back/FirstFitLocalCombiningAllocator$Multiset
Event: 0.622 loading class com/android/dx/ssa/back/FirstFitLocalCombiningAllocator$Multiset done
Event: 0.649 loading class com/android/dx/dex/file/MethodAnnotationStruct
Event: 0.649 loading class com/android/dx/dex/file/MethodAnnotationStruct done
Event: 0.699 loading class java/util/ArrayList$1
Event: 0.699 loading class java/util/ArrayList$1 done


Dynamic libraries:
0x00007ff782e60000 - 0x00007ff782e94000 	C:\Program Files\Java\jdk1.8.0_25\bin\java.exe
0x00007ffaf1dd0000 - 0x00007ffaf1fa1000 	C:\WINDOWS\SYSTEM32\ntdll.dll
0x00007ffaf16a0000 - 0x00007ffaf174b000 	C:\WINDOWS\System32\KERNEL32.DLL
0x00007ffaee2c0000 - 0x00007ffaee4dd000 	C:\WINDOWS\System32\KERNELBASE.dll
0x00007ffaf1490000 - 0x00007ffaf1532000 	C:\WINDOWS\System32\ADVAPI32.dll
0x00007ffaf1a40000 - 0x00007ffaf1ade000 	C:\WINDOWS\System32\msvcrt.dll
0x00007ffaf18b0000 - 0x00007ffaf1909000 	C:\WINDOWS\System32\sechost.dll
0x00007ffaf1910000 - 0x00007ffaf1a31000 	C:\WINDOWS\System32\RPCRT4.dll
0x00007ffaef480000 - 0x00007ffaef5e5000 	C:\WINDOWS\System32\USER32.dll
0x00007ffaeea00000 - 0x00007ffaeea1e000 	C:\WINDOWS\System32\win32u.dll
0x00007ffaef440000 - 0x00007ffaef474000 	C:\WINDOWS\System32\GDI32.dll
0x00007ffaee630000 - 0x00007ffaee7b2000 	C:\WINDOWS\System32\gdi32full.dll
0x00007ffae9220000 - 0x00007ffae9499000 	C:\WINDOWS\WinSxS\amd64_microsoft.windows.common-controls_6595b64144ccf1df_6.0.14393.0_none_2d0f50fcbdb171b8\COMCTL32.dll
0x00007ffaf1ae0000 - 0x00007ffaf1da7000 	C:\WINDOWS\System32\combase.dll
0x00007ffaeea20000 - 0x00007ffaeeb15000 	C:\WINDOWS\System32\ucrtbase.dll
0x00007ffaee7c0000 - 0x00007ffaee82a000 	C:\WINDOWS\System32\bcryptPrimitives.dll
0x00007ffaf0d00000 - 0x00007ffaf0d2e000 	C:\WINDOWS\System32\IMM32.DLL
0x0000000060ed0000 - 0x0000000060fa2000 	C:\Program Files\Java\jdk1.8.0_25\jre\bin\msvcr100.dll
0x000000005ebe0000 - 0x000000005f43a000 	C:\Program Files\Java\jdk1.8.0_25\jre\bin\server\jvm.dll
0x00007ffaef360000 - 0x00007ffaef368000 	C:\WINDOWS\System32\PSAPI.DLL
0x00007ffadcb70000 - 0x00007ffadcb79000 	C:\WINDOWS\SYSTEM32\WSOCK32.dll
0x00007ffaf1420000 - 0x00007ffaf148a000 	C:\WINDOWS\System32\WS2_32.dll
0x00007ffaec6c0000 - 0x00007ffaec6e3000 	C:\WINDOWS\SYSTEM32\WINMM.dll
0x00007ffaec580000 - 0x00007ffaec5ab000 	C:\WINDOWS\SYSTEM32\WINMMBASE.dll
0x00007ffaeeb20000 - 0x00007ffaeeb62000 	C:\WINDOWS\System32\cfgmgr32.dll
0x00000000614b0000 - 0x00000000614bf000 	C:\Program Files\Java\jdk1.8.0_25\jre\bin\verify.dll
0x0000000061140000 - 0x0000000061168000 	C:\Program Files\Java\jdk1.8.0_25\jre\bin\java.dll
0x0000000061120000 - 0x0000000061136000 	C:\Program Files\Java\jdk1.8.0_25\jre\bin\zip.dll
0x00007ffaef650000 - 0x00007ffaf0b58000 	C:\WINDOWS\System32\SHELL32.dll
0x00007ffaeeb70000 - 0x00007ffaef24a000 	C:\WINDOWS\System32\windows.storage.dll
0x00007ffaee260000 - 0x00007ffaee2ac000 	C:\WINDOWS\System32\powrprof.dll
0x00007ffaef5f0000 - 0x00007ffaef642000 	C:\WINDOWS\System32\shlwapi.dll
0x00007ffaee2b0000 - 0x00007ffaee2bf000 	C:\WINDOWS\System32\kernel.appcore.dll
0x00007ffaef250000 - 0x00007ffaef2f9000 	C:\WINDOWS\System32\shcore.dll
0x00007ffaee230000 - 0x00007ffaee244000 	C:\WINDOWS\System32\profapi.dll
0x00007ffaded10000 - 0x00007ffadeea2000 	C:\WINDOWS\SYSTEM32\dbghelp.dll

VM Arguments:
jvm_args: -Djava.awt.headless=true -Xmx1024M -Dfile.encoding=windows-1252 -Duser.country=FR -Duser.language=fr -Duser.variant 
java_command: com.android.dx.command.Main --dex --num-threads=4 --output C:\Users\Famille\AndroidStudioProjects\Niviel\app\build\intermediates\pre-dexed\debug\com.android.support-support-core-utils-24.2.1_f773f2474e744e13039882e8d31f9520d079cf57.jar C:\Users\Famille\AndroidStudioProjects\Niviel\app\build\intermediates\exploded-aar\com.android.support\support-core-utils\24.2.1\jars\classes.jar
java_class_path (initial): C:\Users\Famille\AppData\Local\Android\sdk\build-tools\23.0.2\lib\dx.jar
Launcher Type: SUN_STANDARD

Environment Variables:
JAVA_HOME=C:\Program Files\Java\jdk1.8.0_25
PATH=C:\Program Files\Broadcom\Broadcom 802.11 Network Adapter;C:\Program Files\Broadcom\Broadcom 802.11;C:\ProgramData\Oracle\Java\javapath;C:\Program Files (x86)\Intel\iCLS Client\;C:\Program Files\Intel\iCLS Client\;C:\Windows\system32;C:\Windows;C:\Windows\System32\Wbem;C:\Windows\System32\WindowsPowerShell\v1.0\;C:\Program Files\Hewlett-Packard\SimplePass\;C:\wamp\bin\php\php5.5.12;C:\Python27;C:\Users\Famille\AppData\Roaming\npm\;C:\Program Files\nodejs\;C:\Program Files\Git\cmd;C:\Program Files (x86)\Brackets\command;C:\Program Files (x86)\Ant\bin;C:\Program Files (x86)\Maven\bin;C:\Program Files (x86)\Intel\Intel(R) Management Engine Components\DAL;C:\Program Files\Intel\Intel(R) Management Engine Components\DAL;C:\Program Files (x86)\Intel\Intel(R) Management Engine Components\IPT;C:\Program Files\Intel\Intel(R) Management Engine Components\IPT;C:\Users\Famille\AppData\Local\Android\sdk\platform-tools;C:\WINDOWS\system32;C:\WINDOWS;C:\WINDOWS\System32\Wbem;C:\WINDOWS\System32\WindowsPowerShell\v1.0\;C:\Users\Famille\AppData\Local\atom\bin;C:\Users\Famille\AppData\Roaming\npm;%USERPROFILE%\AppData\Local\Microsoft\WindowsApps;
USERNAME=de Lachaux
OS=Windows_NT
PROCESSOR_IDENTIFIER=Intel64 Family 6 Model 69 Stepping 1, GenuineIntel



---------------  S Y S T E M  ---------------

OS: Windows 8.1 , 64 bit Build 9600 

CPU:total 4 (2 cores per cpu, 2 threads per core) family 6 model 69 stepping 1, cmov, cx8, fxsr, mmx, sse, sse2, sse3, ssse3, sse4.1, sse4.2, popcnt, avx, avx2, aes, clmul, erms, lzcnt, ht, tsc, tscinvbit, bmi1, bmi2

Memory: 4k page, physical 4122776k(407568k free), swap 5555352k(141064k free)

vm_info: Java HotSpot(TM) 64-Bit Server VM (25.25-b02) for windows-amd64 JRE (1.8.0_25-b18), built on Oct  7 2014 14:25:37 by "java_re" with MS VC++ 10.0 (VS2010)

time: Sun Oct 09 18:33:01 2016
elapsed time: 0 seconds (0d 0h 0m 0s)

