#
# There is insufficient memory for the Java Runtime Environment to continue.
# Native memory allocation (malloc) failed to allocate 236496 bytes for Chunk::new
# Possible reasons:
#   The system is out of physical RAM or swap space
#   In 32 bit mode, the process size limit was hit
# Possible solutions:
#   Reduce memory load on the system
#   Increase physical memory or swap space
#   Check if swap backing store is full
#   Use 64 bit Java on a 64 bit OS
#   Decrease Java heap size (-Xmx/-Xms)
#   Decrease number of Java threads
#   Decrease Java thread stack sizes (-Xss)
#   Set larger code cache with -XX:ReservedCodeCacheSize=
# This output file may be truncated or incomplete.
#
#  Out of Memory Error (allocation.cpp:390), pid=29360, tid=36404
#
# JRE version: Java(TM) SE Runtime Environment (8.0_25-b18) (build 1.8.0_25-b18)
# Java VM: Java HotSpot(TM) 64-Bit Server VM (25.25-b02 mixed mode windows-amd64 compressed oops)
# Failed to write core dump. Minidumps are not enabled by default on client versions of Windows
#

---------------  T H R E A D  ---------------

Current thread (0x0000000014c0c000):  JavaThread "C2 CompilerThread0" daemon [_thread_in_native, id=36404, stack(0x0000000016170000,0x0000000016270000)]

Stack: [0x0000000016170000,0x0000000016270000]
Native frames: (J=compiled Java code, j=interpreted, Vv=VM code, C=native code)
V  [jvm.dll+0x31667a]


Current CompileTask:
C2:    877  173       4       java.util.regex.Pattern::compile (406 bytes)


---------------  P R O C E S S  ---------------

Java Threads: ( => current thread )
  0x00000000164a3800 JavaThread "Service Thread" daemon [_thread_blocked, id=43576, stack(0x0000000016870000,0x0000000016970000)]
  0x0000000014c52000 JavaThread "C1 CompilerThread2" daemon [_thread_blocked, id=32972, stack(0x0000000016370000,0x0000000016470000)]
  0x0000000014c11800 JavaThread "C2 CompilerThread1" daemon [_thread_blocked, id=37464, stack(0x0000000016270000,0x0000000016370000)]
=>0x0000000014c0c000 JavaThread "C2 CompilerThread0" daemon [_thread_in_native, id=36404, stack(0x0000000016170000,0x0000000016270000)]
  0x0000000014c0a800 JavaThread "Attach Listener" daemon [_thread_blocked, id=37312, stack(0x0000000016070000,0x0000000016170000)]
  0x0000000014c09800 JavaThread "Signal Dispatcher" daemon [_thread_blocked, id=37436, stack(0x0000000015f70000,0x0000000016070000)]
  0x000000000252f000 JavaThread "Finalizer" daemon [_thread_blocked, id=43020, stack(0x0000000015e70000,0x0000000015f70000)]
  0x000000000252c000 JavaThread "Reference Handler" daemon [_thread_blocked, id=41224, stack(0x0000000015d70000,0x0000000015e70000)]
  0x0000000000d1d800 JavaThread "main" [_thread_in_native, id=35536, stack(0x00000000022e0000,0x00000000023e0000)]

Other Threads:
  0x0000000014bd6800 VMThread [stack: 0x0000000015c70000,0x0000000015d70000] [id=39164]
  0x00000000164a6000 WatcherThread [stack: 0x0000000016970000,0x0000000016a70000] [id=1072]

VM state:not at safepoint (normal execution)

VM Mutex/Monitor currently owned by a thread: None

Heap:
 PSYoungGen      total 18944K, used 5307K [0x00000000eab00000, 0x00000000ec000000, 0x0000000100000000)
  eden space 16384K, 32% used [0x00000000eab00000,0x00000000eb02ecf8,0x00000000ebb00000)
  from space 2560K, 0% used [0x00000000ebd80000,0x00000000ebd80000,0x00000000ec000000)
  to   space 2560K, 0% used [0x00000000ebb00000,0x00000000ebb00000,0x00000000ebd80000)
 ParOldGen       total 44032K, used 0K [0x00000000c0000000, 0x00000000c2b00000, 0x00000000eab00000)
  object space 44032K, 0% used [0x00000000c0000000,0x00000000c0000000,0x00000000c2b00000)
 Metaspace       used 3491K, capacity 4784K, committed 5120K, reserved 1056768K
  class space    used 377K, capacity 424K, committed 512K, reserved 1048576K

Card table byte_map: [0x0000000011900000,0x0000000011b10000] byte_map_base: 0x0000000011300000

Marking Bits: (ParMarkBitMap*) 0x000000006ffcd490
 Begin Bits: [0x0000000012070000, 0x0000000013070000)
 End Bits:   [0x0000000013070000, 0x0000000014070000)

Polling page: 0x0000000000d00000

CodeCache: size=245760Kb used=1420Kb max_used=1431Kb free=244339Kb
 bounds [0x0000000002540000, 0x00000000027b0000, 0x0000000011540000]
 total_blobs=422 nmethods=175 adapters=161
 compilation: enabled

Compilation events (10 events):
Event: 0.820 Thread 0x0000000014c0c000 nmethod 168 0x00000000026a3110 code [0x00000000026a3280, 0x00000000026a3978]
Event: 0.821 Thread 0x0000000014c0c000  171       4       java.util.regex.Matcher::search (109 bytes)
Event: 0.831 Thread 0x0000000014c11800 nmethod 170 0x00000000026a3c50 code [0x00000000026a3da0, 0x00000000026a4218]
Event: 0.833 Thread 0x0000000014c0c000 nmethod 171 0x00000000026a43d0 code [0x00000000026a4540, 0x00000000026a4bb8]
Event: 0.863 Thread 0x0000000014c11800  172       4       java.util.regex.Pattern::newSlice (181 bytes)
Event: 0.864 Thread 0x0000000014c0c000  173       4       java.util.regex.Pattern::compile (406 bytes)
Event: 0.872 Thread 0x0000000014c11800 nmethod 172 0x00000000026a5090 code [0x00000000026a5220, 0x00000000026a56a8]
Event: 0.872 Thread 0x0000000014c11800  174       4       java.lang.String::compareTo (78 bytes)
Event: 0.874 Thread 0x0000000014c52000  176       3       java.lang.AbstractStringBuilder::expandCapacity (50 bytes)
Event: 0.874 Thread 0x0000000014c52000 nmethod 176 0x00000000026a1ed0 code [0x00000000026a2060, 0x00000000026a2598]

GC Heap History (0 events):
No events

Deoptimization events (0 events):
No events

Internal exceptions (10 events):
Event: 0.729 Thread 0x0000000000d1d800 Exception <a 'java/security/PrivilegedActionException'> (0x00000000eacaa418) thrown at [D:\re\workspace\8-2-build-windows-amd64-cygwin\jdk8u25\1677\hotspot\src\share\vm\prims\jvm.cpp, line 1312]
Event: 0.730 Thread 0x0000000000d1d800 Exception <a 'java/security/PrivilegedActionException'> (0x00000000eacaf1f8) thrown at [D:\re\workspace\8-2-build-windows-amd64-cygwin\jdk8u25\1677\hotspot\src\share\vm\prims\jvm.cpp, line 1312]
Event: 0.730 Thread 0x0000000000d1d800 Exception <a 'java/security/PrivilegedActionException'> (0x00000000eacb3830) thrown at [D:\re\workspace\8-2-build-windows-amd64-cygwin\jdk8u25\1677\hotspot\src\share\vm\prims\jvm.cpp, line 1312]
Event: 0.732 Thread 0x0000000000d1d800 Exception <a 'java/security/PrivilegedActionException'> (0x00000000eacb8428) thrown at [D:\re\workspace\8-2-build-windows-amd64-cygwin\jdk8u25\1677\hotspot\src\share\vm\prims\jvm.cpp, line 1312]
Event: 0.733 Thread 0x0000000000d1d800 Exception <a 'java/security/PrivilegedActionException'> (0x00000000eacbcc00) thrown at [D:\re\workspace\8-2-build-windows-amd64-cygwin\jdk8u25\1677\hotspot\src\share\vm\prims\jvm.cpp, line 1312]
Event: 0.740 Thread 0x0000000000d1d800 Exception <a 'java/security/PrivilegedActionException'> (0x00000000eacc64a0) thrown at [D:\re\workspace\8-2-build-windows-amd64-cygwin\jdk8u25\1677\hotspot\src\share\vm\prims\jvm.cpp, line 1312]
Event: 0.741 Thread 0x0000000000d1d800 Exception <a 'java/security/PrivilegedActionException'> (0x00000000eaccbe78) thrown at [D:\re\workspace\8-2-build-windows-amd64-cygwin\jdk8u25\1677\hotspot\src\share\vm\prims\jvm.cpp, line 1312]
Event: 0.741 Thread 0x0000000000d1d800 Exception <a 'java/security/PrivilegedActionException'> (0x00000000eacce1c8) thrown at [D:\re\workspace\8-2-build-windows-amd64-cygwin\jdk8u25\1677\hotspot\src\share\vm\prims\jvm.cpp, line 1312]
Event: 0.779 Thread 0x0000000000d1d800 Exception <a 'java/security/PrivilegedActionException'> (0x00000000eacf2ba0) thrown at [D:\re\workspace\8-2-build-windows-amd64-cygwin\jdk8u25\1677\hotspot\src\share\vm\prims\jvm.cpp, line 1312]
Event: 0.873 Thread 0x0000000000d1d800 Exception <a 'java/security/PrivilegedActionException'> (0x00000000eafdd0b8) thrown at [D:\re\workspace\8-2-build-windows-amd64-cygwin\jdk8u25\1677\hotspot\src\share\vm\prims\jvm.cpp, line 1312]

Events (10 events):
Event: 0.782 loading class java/util/regex/MatchResult done
Event: 0.782 loading class java/util/regex/Matcher done
Event: 0.820 Thread 0x0000000000d1d800 DEOPT PACKING pc=0x000000000266cf4e sp=0x00000000023ded20
Event: 0.820 Thread 0x0000000000d1d800 DEOPT UNPACKING pc=0x00000000025875bf sp=0x00000000023dea30 mode 0
Event: 0.872 loading class java/util/ArrayList$Itr
Event: 0.872 loading class java/util/ArrayList$Itr done
Event: 0.873 loading class java/util/TreeMap$Entry
Event: 0.873 loading class java/util/TreeMap$Entry done
Event: 0.873 loading class com/android/dx/command/dexer/Main$DirectClassFileConsumer
Event: 0.873 loading class com/android/dx/command/dexer/Main$DirectClassFileConsumer done


Dynamic libraries:
0x00007ff6d7c10000 - 0x00007ff6d7c44000 	C:\Program Files\Java\jdk1.8.0_25\bin\java.exe
0x00007fff4cae0000 - 0x00007fff4ccb1000 	C:\WINDOWS\SYSTEM32\ntdll.dll
0x00007fff4c580000 - 0x00007fff4c62b000 	C:\WINDOWS\System32\KERNEL32.DLL
0x00007fff49cb0000 - 0x00007fff49ecd000 	C:\WINDOWS\System32\KERNELBASE.dll
0x00007fff4bf30000 - 0x00007fff4bfd2000 	C:\WINDOWS\System32\ADVAPI32.dll
0x00007fff4be30000 - 0x00007fff4bece000 	C:\WINDOWS\System32\msvcrt.dll
0x00007fff4b720000 - 0x00007fff4b779000 	C:\WINDOWS\System32\sechost.dll
0x00007fff4c630000 - 0x00007fff4c751000 	C:\WINDOWS\System32\RPCRT4.dll
0x00007fff4b7f0000 - 0x00007fff4b955000 	C:\WINDOWS\System32\USER32.dll
0x00007fff49a50000 - 0x00007fff49a6e000 	C:\WINDOWS\System32\win32u.dll
0x00007fff4c7d0000 - 0x00007fff4c804000 	C:\WINDOWS\System32\GDI32.dll
0x00007fff49030000 - 0x00007fff491b2000 	C:\WINDOWS\System32\gdi32full.dll
0x00007fff41b70000 - 0x00007fff41dea000 	C:\WINDOWS\WinSxS\amd64_microsoft.windows.common-controls_6595b64144ccf1df_6.0.14393.351_none_4213128bc687e6d3\COMCTL32.dll
0x00007fff4c810000 - 0x00007fff4cad7000 	C:\WINDOWS\System32\combase.dll
0x00007fff491c0000 - 0x00007fff492b5000 	C:\WINDOWS\System32\ucrtbase.dll
0x00007fff49a70000 - 0x00007fff49ada000 	C:\WINDOWS\System32\bcryptPrimitives.dll
0x00007fff4b6f0000 - 0x00007fff4b71e000 	C:\WINDOWS\System32\IMM32.DLL
0x0000000071450000 - 0x0000000071522000 	C:\Program Files\Java\jdk1.8.0_25\jre\bin\msvcr100.dll
0x000000006f7f0000 - 0x000000007004a000 	C:\Program Files\Java\jdk1.8.0_25\jre\bin\server\jvm.dll
0x00007fff4b6e0000 - 0x00007fff4b6e8000 	C:\WINDOWS\System32\PSAPI.DLL
0x00007fff47380000 - 0x00007fff47389000 	C:\WINDOWS\SYSTEM32\WSOCK32.dll
0x00007fff4bc60000 - 0x00007fff4bcca000 	C:\WINDOWS\System32\WS2_32.dll
0x00007fff472b0000 - 0x00007fff472d3000 	C:\WINDOWS\SYSTEM32\WINMM.dll
0x00007fff47250000 - 0x00007fff4727b000 	C:\WINDOWS\SYSTEM32\WINMMBASE.dll
0x00007fff49f80000 - 0x00007fff49fc2000 	C:\WINDOWS\System32\cfgmgr32.dll
0x0000000071c50000 - 0x0000000071c5f000 	C:\Program Files\Java\jdk1.8.0_25\jre\bin\verify.dll
0x0000000071900000 - 0x0000000071928000 	C:\Program Files\Java\jdk1.8.0_25\jre\bin\java.dll
0x00000000718e0000 - 0x00000000718f6000 	C:\Program Files\Java\jdk1.8.0_25\jre\bin\zip.dll
0x00007fff4a1d0000 - 0x00007fff4b6d9000 	C:\WINDOWS\System32\SHELL32.dll
0x00007fff492c0000 - 0x00007fff4999a000 	C:\WINDOWS\System32\windows.storage.dll
0x00007fff48f60000 - 0x00007fff48fac000 	C:\WINDOWS\System32\powrprof.dll
0x00007fff4bed0000 - 0x00007fff4bf22000 	C:\WINDOWS\System32\shlwapi.dll
0x00007fff48fb0000 - 0x00007fff48fbf000 	C:\WINDOWS\System32\kernel.appcore.dll
0x00007fff499a0000 - 0x00007fff49a49000 	C:\WINDOWS\System32\shcore.dll
0x00007fff48f40000 - 0x00007fff48f54000 	C:\WINDOWS\System32\profapi.dll

VM Arguments:
jvm_args: -Djava.awt.headless=true -Xmx1024M -Dfile.encoding=windows-1252 -Duser.country=FR -Duser.language=fr -Duser.variant 
java_command: com.android.dx.command.Main --dex --num-threads=4 --output C:\Users\Famille\AndroidStudioProjects\Niviel\app\build\intermediates\pre-dexed\debug\com.android.support-design-24.2.1_f58b488d6be8778d5023be803f3d3b11b54d5740.jar C:\Users\Famille\AndroidStudioProjects\Niviel\app\build\intermediates\exploded-aar\com.android.support\design\24.2.1\jars\classes.jar
java_class_path (initial): C:\Users\Famille\AppData\Local\Android\sdk\build-tools\23.0.2\lib\dx.jar
Launcher Type: SUN_STANDARD

Environment Variables:
JAVA_HOME=C:\Program Files\Java\jdk1.8.0_25
PATH=C:\Program Files\Broadcom\Broadcom 802.11 Network Adapter;C:\Program Files\Broadcom\Broadcom 802.11;C:\ProgramData\Oracle\Java\javapath;C:\Program Files (x86)\Intel\iCLS Client\;C:\Program Files\Intel\iCLS Client\;C:\Windows\system32;C:\Windows;C:\Windows\System32\Wbem;C:\Windows\System32\WindowsPowerShell\v1.0\;C:\Program Files\Hewlett-Packard\SimplePass\;C:\wamp\bin\php\php5.5.12;C:\Python34;C:\Users\Famille\AppData\Roaming\npm\;C:\Program Files\nodejs\;C:\Program Files\Git\cmd;C:\Program Files (x86)\Brackets\command;C:\Program Files (x86)\Ant\bin;C:\Program Files (x86)\Maven\bin;C:\Program Files (x86)\Intel\Intel(R) Management Engine Components\DAL;C:\Program Files\Intel\Intel(R) Management Engine Components\DAL;C:\Program Files (x86)\Intel\Intel(R) Management Engine Components\IPT;C:\Program Files\Intel\Intel(R) Management Engine Components\IPT;C:\Users\Famille\AppData\Local\Android\sdk\platform-tools;C:\WINDOWS\system32;C:\WINDOWS;C:\WINDOWS\System32\Wbem;C:\WINDOWS\System32\WindowsPowerShell\v1.0\;C:\Users\Famille\AppData\Local\atom\bin;C:\Users\Famille\AppData\Roaming\npm;%USERPROFILE%\AppData\Local\Microsoft\WindowsApps;
USERNAME=de Lachaux
OS=Windows_NT
PROCESSOR_IDENTIFIER=Intel64 Family 6 Model 69 Stepping 1, GenuineIntel



---------------  S Y S T E M  ---------------

OS: Windows 8.1 , 64 bit Build 9600 

CPU:total 4 (2 cores per cpu, 2 threads per core) family 6 model 69 stepping 1, cmov, cx8, fxsr, mmx, sse, sse2, sse3, ssse3, sse4.1, sse4.2, popcnt, avx, avx2, aes, clmul, erms, lzcnt, ht, tsc, tscinvbit, bmi1, bmi2

Memory: 4k page, physical 4122776k(503940k free), swap 5555352k(5116k free)

vm_info: Java HotSpot(TM) 64-Bit Server VM (25.25-b02) for windows-amd64 JRE (1.8.0_25-b18), built on Oct  7 2014 14:25:37 by "java_re" with MS VC++ 10.0 (VS2010)

time: Tue Nov 08 18:44:46 2016
elapsed time: 0 seconds (0d 0h 0m 0s)

