#
# There is insufficient memory for the Java Runtime Environment to continue.
# Native memory allocation (malloc) failed to allocate 447056 bytes for Chunk::new
# Possible reasons:
#   The system is out of physical RAM or swap space
#   In 32 bit mode, the process size limit was hit
# Possible solutions:
#   Reduce memory load on the system
#   Increase physical memory or swap space
#   Check if swap backing store is full
#   Use 64 bit Java on a 64 bit OS
#   Decrease Java heap size (-Xmx/-Xms)
#   Decrease number of Java threads
#   Decrease Java thread stack sizes (-Xss)
#   Set larger code cache with -XX:ReservedCodeCacheSize=
# This output file may be truncated or incomplete.
#
#  Out of Memory Error (allocation.cpp:390), pid=33296, tid=32580
#
# JRE version: Java(TM) SE Runtime Environment (8.0_25-b18) (build 1.8.0_25-b18)
# Java VM: Java HotSpot(TM) 64-Bit Server VM (25.25-b02 mixed mode windows-amd64 compressed oops)
# Failed to write core dump. Minidumps are not enabled by default on client versions of Windows
#

---------------  T H R E A D  ---------------

Current thread (0x0000000014912800):  JavaThread "C2 CompilerThread1" daemon [_thread_in_native, id=32580, stack(0x0000000015f60000,0x0000000016060000)]

Stack: [0x0000000015f60000,0x0000000016060000]
Native frames: (J=compiled Java code, j=interpreted, Vv=VM code, C=native code)
V  [jvm.dll+0x31667a]


Current CompileTask:
C2:   1107  342   !   4       com.android.dx.cf.cst.ConstantPoolParser::parse0 (731 bytes)


---------------  P R O C E S S  ---------------

Java Threads: ( => current thread )
  0x00000000163a0000 JavaThread "pool-2-thread-4" [_thread_blocked, id=32944, stack(0x0000000016b60000,0x0000000016c60000)]
  0x0000000016398000 JavaThread "pool-2-thread-3" [_thread_blocked, id=31892, stack(0x0000000016a60000,0x0000000016b60000)]
  0x000000001635a000 JavaThread "pool-2-thread-2" [_thread_blocked, id=32796, stack(0x0000000016960000,0x0000000016a60000)]
  0x0000000016296800 JavaThread "pool-3-thread-1" [_thread_blocked, id=33468, stack(0x0000000016860000,0x0000000016960000)]
  0x0000000016296000 JavaThread "pool-2-thread-1" [_thread_in_vm, id=30764, stack(0x0000000016760000,0x0000000016860000)]
  0x000000001496b000 JavaThread "Service Thread" daemon [_thread_blocked, id=33696, stack(0x0000000016560000,0x0000000016660000)]
  0x0000000014917000 JavaThread "C1 CompilerThread2" daemon [_thread_in_native, id=32220, stack(0x0000000016060000,0x0000000016160000)]
=>0x0000000014912800 JavaThread "C2 CompilerThread1" daemon [_thread_in_native, id=32580, stack(0x0000000015f60000,0x0000000016060000)]
  0x000000001490d000 JavaThread "C2 CompilerThread0" daemon [_thread_blocked, id=32856, stack(0x0000000015e60000,0x0000000015f60000)]
  0x000000001490b800 JavaThread "Attach Listener" daemon [_thread_blocked, id=32800, stack(0x0000000015d60000,0x0000000015e60000)]
  0x000000001490a800 JavaThread "Signal Dispatcher" daemon [_thread_blocked, id=33236, stack(0x0000000015c60000,0x0000000015d60000)]
  0x0000000002186000 JavaThread "Finalizer" daemon [_thread_blocked, id=33360, stack(0x0000000015b60000,0x0000000015c60000)]
  0x000000000217d000 JavaThread "Reference Handler" daemon [_thread_blocked, id=33364, stack(0x0000000015a60000,0x0000000015b60000)]
  0x000000000223e000 JavaThread "main" [_thread_blocked, id=32784, stack(0x0000000001f70000,0x0000000002070000)]

Other Threads:
  0x00000000148d6800 VMThread [stack: 0x0000000015960000,0x0000000015a60000] [id=33256]
  0x000000001496d800 WatcherThread [stack: 0x0000000016660000,0x0000000016760000] [id=30400]

VM state:not at safepoint (normal execution)

VM Mutex/Monitor currently owned by a thread: None

Heap:
 PSYoungGen      total 18944K, used 8542K [0x00000000eab00000, 0x00000000ec000000, 0x0000000100000000)
  eden space 16384K, 52% used [0x00000000eab00000,0x00000000eb3578d8,0x00000000ebb00000)
  from space 2560K, 0% used [0x00000000ebd80000,0x00000000ebd80000,0x00000000ec000000)
  to   space 2560K, 0% used [0x00000000ebb00000,0x00000000ebb00000,0x00000000ebd80000)
 ParOldGen       total 44032K, used 0K [0x00000000c0000000, 0x00000000c2b00000, 0x00000000eab00000)
  object space 44032K, 0% used [0x00000000c0000000,0x00000000c0000000,0x00000000c2b00000)
 Metaspace       used 4737K, capacity 5936K, committed 6272K, reserved 1058816K
  class space    used 520K, capacity 552K, committed 640K, reserved 1048576K

Card table byte_map: [0x0000000011600000,0x0000000011810000] byte_map_base: 0x0000000011000000

Marking Bits: (ParMarkBitMap*) 0x0000000057b9d490
 Begin Bits: [0x0000000011d70000, 0x0000000012d70000)
 End Bits:   [0x0000000012d70000, 0x0000000013d70000)

Polling page: 0x0000000000980000

CodeCache: size=245760Kb used=1929Kb max_used=1941Kb free=243830Kb
 bounds [0x0000000002240000, 0x00000000024b0000, 0x0000000011240000]
 total_blobs=651 nmethods=392 adapters=173
 compilation: enabled

Compilation events (10 events):
Event: 1.072 Thread 0x0000000014917000 nmethod 366 0x0000000002413d10 code [0x0000000002413e60, 0x0000000002413f70]
Event: 1.072 Thread 0x0000000014917000  367   !   3       com.android.dx.rop.type.Type::intern (319 bytes)
Event: 1.075 Thread 0x0000000014917000 nmethod 367 0x0000000002414cd0 code [0x0000000002415120, 0x0000000002417ae8]
Event: 1.075 Thread 0x0000000014917000  372       3       com.android.dx.rop.type.Type::equals (31 bytes)
Event: 1.076 Thread 0x0000000014917000 nmethod 372 0x00000000024135d0 code [0x0000000002413760, 0x0000000002413be8]
Event: 1.076 Thread 0x0000000014917000  368       1       com.android.dx.rop.cst.CstMemberRef::getDefiningClass (5 bytes)
Event: 1.076 Thread 0x0000000014917000 nmethod 368 0x0000000002413310 code [0x0000000002413460, 0x0000000002413570]
Event: 1.076 Thread 0x0000000014917000  369       1       com.android.dx.dex.file.DexFile::getFieldIds (5 bytes)
Event: 1.076 Thread 0x0000000014917000 nmethod 369 0x0000000002413050 code [0x00000000024131a0, 0x00000000024132b0]
Event: 1.076 Thread 0x0000000014917000  370       1       com.android.dx.cf.iface.StdMember::getNat (5 bytes)

GC Heap History (0 events):
No events

Deoptimization events (0 events):
No events

Internal exceptions (10 events):
Event: 1.048 Thread 0x000000001635a000 Exception <a 'java/security/PrivilegedActionException'> (0x00000000eb1d94f0) thrown at [D:\re\workspace\8-2-build-windows-amd64-cygwin\jdk8u25\1677\hotspot\src\share\vm\prims\jvm.cpp, line 1312]
Event: 1.048 Thread 0x000000001635a000 Exception <a 'java/security/PrivilegedActionException'> (0x00000000eb1dbd60) thrown at [D:\re\workspace\8-2-build-windows-amd64-cygwin\jdk8u25\1677\hotspot\src\share\vm\prims\jvm.cpp, line 1312]
Event: 1.049 Thread 0x000000001635a000 Exception <a 'java/security/PrivilegedActionException'> (0x00000000eb1e5390) thrown at [D:\re\workspace\8-2-build-windows-amd64-cygwin\jdk8u25\1677\hotspot\src\share\vm\prims\jvm.cpp, line 1312]
Event: 1.050 Thread 0x000000001635a000 Exception <a 'java/security/PrivilegedActionException'> (0x00000000eb1eab58) thrown at [D:\re\workspace\8-2-build-windows-amd64-cygwin\jdk8u25\1677\hotspot\src\share\vm\prims\jvm.cpp, line 1312]
Event: 1.051 Thread 0x000000001635a000 Exception <a 'java/security/PrivilegedActionException'> (0x00000000eb1ed048) thrown at [D:\re\workspace\8-2-build-windows-amd64-cygwin\jdk8u25\1677\hotspot\src\share\vm\prims\jvm.cpp, line 1312]
Event: 1.052 Thread 0x000000001635a000 Exception <a 'java/security/PrivilegedActionException'> (0x00000000eb1f5a58) thrown at [D:\re\workspace\8-2-build-windows-amd64-cygwin\jdk8u25\1677\hotspot\src\share\vm\prims\jvm.cpp, line 1312]
Event: 1.052 Thread 0x000000001635a000 Exception <a 'java/security/PrivilegedActionException'> (0x00000000eb1f7878) thrown at [D:\re\workspace\8-2-build-windows-amd64-cygwin\jdk8u25\1677\hotspot\src\share\vm\prims\jvm.cpp, line 1312]
Event: 1.053 Thread 0x000000001635a000 Exception <a 'java/security/PrivilegedActionException'> (0x00000000eb1fa708) thrown at [D:\re\workspace\8-2-build-windows-amd64-cygwin\jdk8u25\1677\hotspot\src\share\vm\prims\jvm.cpp, line 1312]
Event: 1.055 Thread 0x000000001635a000 Exception <a 'java/security/PrivilegedActionException'> (0x00000000eb1fd618) thrown at [D:\re\workspace\8-2-build-windows-amd64-cygwin\jdk8u25\1677\hotspot\src\share\vm\prims\jvm.cpp, line 1312]
Event: 1.057 Thread 0x000000001635a000 Exception <a 'java/security/PrivilegedActionException'> (0x00000000eb201dd0) thrown at [D:\re\workspace\8-2-build-windows-amd64-cygwin\jdk8u25\1677\hotspot\src\share\vm\prims\jvm.cpp, line 1312]

Events (10 events):
Event: 1.052 loading class com/android/dx/ssa/PhiInsn$Visitor done
Event: 1.052 loading class com/android/dx/ssa/RegisterMapper
Event: 1.052 loading class com/android/dx/ssa/RegisterMapper done
Event: 1.052 loading class com/android/dx/ssa/SsaRenamer$BlockRenamer$RenamingMapper
Event: 1.053 loading class com/android/dx/ssa/SsaRenamer$BlockRenamer$RenamingMapper done
Event: 1.054 loading class com/android/dx/ssa/SsaRenamer$BlockRenamer$1
Event: 1.054 loading class com/android/dx/ssa/SsaRenamer$BlockRenamer$1 done
Event: 1.057 loading class com/android/dx/ssa/PhiInsn$Operand
Event: 1.057 loading class com/android/dx/ssa/PhiInsn$Operand done
Event: 1.063 loading class com/android/dx/ssa/MoveParamCombiner


Dynamic libraries:
0x00007ff619710000 - 0x00007ff619744000 	C:\Program Files\Java\jdk1.8.0_25\bin\java.exe
0x00007ffdb2fd0000 - 0x00007ffdb3191000 	C:\WINDOWS\SYSTEM32\ntdll.dll
0x00007ffdb2650000 - 0x00007ffdb26fd000 	C:\WINDOWS\system32\KERNEL32.DLL
0x00007ffdafe10000 - 0x00007ffdafff8000 	C:\WINDOWS\system32\KERNELBASE.dll
0x00007ffdb0d80000 - 0x00007ffdb0e27000 	C:\WINDOWS\system32\ADVAPI32.dll
0x00007ffdb1050000 - 0x00007ffdb10ed000 	C:\WINDOWS\system32\msvcrt.dll
0x00007ffdb2f70000 - 0x00007ffdb2fcb000 	C:\WINDOWS\system32\sechost.dll
0x00007ffdb0780000 - 0x00007ffdb089c000 	C:\WINDOWS\system32\RPCRT4.dll
0x00007ffdb2cf0000 - 0x00007ffdb2e46000 	C:\WINDOWS\system32\USER32.dll
0x00007ffdb0520000 - 0x00007ffdb06a6000 	C:\WINDOWS\system32\GDI32.dll
0x00007ffda7820000 - 0x00007ffda7a94000 	C:\WINDOWS\WinSxS\amd64_microsoft.windows.common-controls_6595b64144ccf1df_6.0.10586.494_none_a2d8b04ea53e3145\COMCTL32.dll
0x00007ffdb08a0000 - 0x00007ffdb0b1d000 	C:\WINDOWS\system32\combase.dll
0x00007ffdafd80000 - 0x00007ffdafdea000 	C:\WINDOWS\system32\bcryptPrimitives.dll
0x00007ffdb03d0000 - 0x00007ffdb040b000 	C:\WINDOWS\system32\IMM32.DLL
0x0000000056f00000 - 0x0000000056fd2000 	C:\Program Files\Java\jdk1.8.0_25\jre\bin\msvcr100.dll
0x00000000573c0000 - 0x0000000057c1a000 	C:\Program Files\Java\jdk1.8.0_25\jre\bin\server\jvm.dll
0x00007ffdb0d00000 - 0x00007ffdb0d08000 	C:\WINDOWS\system32\PSAPI.DLL
0x00007ffd9d1c0000 - 0x00007ffd9d1c9000 	C:\WINDOWS\SYSTEM32\WSOCK32.dll
0x00007ffdb0d10000 - 0x00007ffdb0d7b000 	C:\WINDOWS\system32\WS2_32.dll
0x00007ffdad8c0000 - 0x00007ffdad8e3000 	C:\WINDOWS\SYSTEM32\WINMM.dll
0x00007ffdad030000 - 0x00007ffdad05c000 	C:\WINDOWS\SYSTEM32\WINMMBASE.dll
0x00007ffdb0000000 - 0x00007ffdb0043000 	C:\WINDOWS\system32\cfgmgr32.dll
0x00000000573b0000 - 0x00000000573bf000 	C:\Program Files\Java\jdk1.8.0_25\jre\bin\verify.dll
0x0000000057380000 - 0x00000000573a8000 	C:\Program Files\Java\jdk1.8.0_25\jre\bin\java.dll
0x0000000057360000 - 0x0000000057376000 	C:\Program Files\Java\jdk1.8.0_25\jre\bin\zip.dll
0x00007ffdb10f0000 - 0x00007ffdb264c000 	C:\WINDOWS\system32\SHELL32.dll
0x00007ffdaf730000 - 0x00007ffdafd75000 	C:\WINDOWS\system32\windows.storage.dll
0x00007ffdb2c90000 - 0x00007ffdb2ce2000 	C:\WINDOWS\system32\shlwapi.dll
0x00007ffdaf670000 - 0x00007ffdaf67f000 	C:\WINDOWS\system32\kernel.appcore.dll
0x00007ffdb0140000 - 0x00007ffdb01f5000 	C:\WINDOWS\system32\shcore.dll
0x00007ffdaf5f0000 - 0x00007ffdaf63b000 	C:\WINDOWS\system32\powrprof.dll
0x00007ffdaf640000 - 0x00007ffdaf654000 	C:\WINDOWS\system32\profapi.dll

VM Arguments:
jvm_args: -Djava.awt.headless=true -Xmx1024M -Dfile.encoding=windows-1252 -Duser.country=FR -Duser.language=fr -Duser.variant 
java_command: com.android.dx.command.Main --dex --force-jumbo --num-threads=4 --multi-dex --output C:\Users\Famille\AndroidStudioProjects\Niviel\app\build\intermediates\transforms\dex\debug\folders\1000\5\slice_0 C:\Users\Famille\AndroidStudioProjects\Niviel\app\build\intermediates\transforms\instantRunSlicer\debug\folders\1\5\slice_0
java_class_path (initial): C:\Users\Famille\AppData\Local\Android\sdk\build-tools\23.0.2\lib\dx.jar
Launcher Type: SUN_STANDARD

Environment Variables:
JAVA_HOME=C:\Program Files\Java\jdk1.8.0_25
PATH=C:\Program Files\Broadcom\Broadcom 802.11 Network Adapter;;C:\Program Files\Broadcom\Broadcom 802.11;C:\ProgramData\Oracle\Java\javapath;C:\Program Files (x86)\Intel\iCLS Client\;C:\Program Files\Intel\iCLS Client\;C:\Windows\system32;C:\Windows;C:\Windows\System32\Wbem;C:\Windows\System32\WindowsPowerShell\v1.0\;C:\Program Files\Hewlett-Packard\SimplePass\;C:\wamp\bin\php\php5.5.12;C:\Python27;C:\Users\Famille\AppData\Roaming\npm\;C:\Program Files\nodejs\;C:\Program Files\Git\cmd;C:\Program Files (x86)\Brackets\command;C:\Program Files (x86)\Ant\bin;C:\Program Files (x86)\Maven\bin;C:\Program Files (x86)\Intel\Intel(R) Management Engine Components\DAL;C:\Program Files\Intel\Intel(R) Management Engine Components\DAL;C:\Program Files (x86)\Intel\Intel(R) Management Engine Components\IPT;C:\Program Files\Intel\Intel(R) Management Engine Components\IPT;C:\Users\Famille\AppData\Local\atom\bin;C:\Users\Famille\AppData\Roaming\npm
USERNAME=de Lachaux
OS=Windows_NT
PROCESSOR_IDENTIFIER=Intel64 Family 6 Model 69 Stepping 1, GenuineIntel



---------------  S Y S T E M  ---------------

OS: Windows 8.1 , 64 bit Build 9600 

CPU:total 4 (2 cores per cpu, 2 threads per core) family 6 model 69 stepping 1, cmov, cx8, fxsr, mmx, sse, sse2, sse3, ssse3, sse4.1, sse4.2, popcnt, avx, avx2, aes, clmul, erms, lzcnt, ht, tsc, tscinvbit, bmi1, bmi2

Memory: 4k page, physical 4122776k(349696k free), swap 5555352k(2224k free)

vm_info: Java HotSpot(TM) 64-Bit Server VM (25.25-b02) for windows-amd64 JRE (1.8.0_25-b18), built on Oct  7 2014 14:25:37 by "java_re" with MS VC++ 10.0 (VS2010)

time: Tue Aug 23 11:33:00 2016
elapsed time: 1 seconds (0d 0h 0m 1s)

