#
# There is insufficient memory for the Java Runtime Environment to continue.
# Native memory allocation (malloc) failed to allocate 82736 bytes for Chunk::new
# Possible reasons:
#   The system is out of physical RAM or swap space
#   In 32 bit mode, the process size limit was hit
# Possible solutions:
#   Reduce memory load on the system
#   Increase physical memory or swap space
#   Check if swap backing store is full
#   Use 64 bit Java on a 64 bit OS
#   Decrease Java heap size (-Xmx/-Xms)
#   Decrease number of Java threads
#   Decrease Java thread stack sizes (-Xss)
#   Set larger code cache with -XX:ReservedCodeCacheSize=
# This output file may be truncated or incomplete.
#
#  Out of Memory Error (allocation.cpp:390), pid=19072, tid=19220
#
# JRE version: Java(TM) SE Runtime Environment (8.0_25-b18) (build 1.8.0_25-b18)
# Java VM: Java HotSpot(TM) 64-Bit Server VM (25.25-b02 mixed mode windows-amd64 compressed oops)
# Failed to write core dump. Minidumps are not enabled by default on client versions of Windows
#

---------------  T H R E A D  ---------------

Current thread (0x0000000014d31800):  JavaThread "C2 CompilerThread1" daemon [_thread_in_native, id=19220, stack(0x0000000016380000,0x0000000016480000)]

Stack: [0x0000000016380000,0x0000000016480000]
Native frames: (J=compiled Java code, j=interpreted, Vv=VM code, C=native code)
V  [jvm.dll+0x31667a]
V  [jvm.dll+0x267073]
V  [jvm.dll+0x267cb3]
V  [jvm.dll+0x25f5b5]
V  [jvm.dll+0xbf165]
V  [jvm.dll+0xbf60c]
V  [jvm.dll+0x45d672]
V  [jvm.dll+0x49e8ef]
V  [jvm.dll+0x452668]
V  [jvm.dll+0x453864]
V  [jvm.dll+0x437372]
V  [jvm.dll+0x98a02]
V  [jvm.dll+0x991f3]
V  [jvm.dll+0x22bde4]
V  [jvm.dll+0x2852fa]
C  [msvcr100.dll+0x21d9f]
C  [msvcr100.dll+0x21e3b]
C  [KERNEL32.DLL+0x18102]
C  [ntdll.dll+0x5c5b4]


Current CompileTask:
C2:    638  233       4       com.android.dx.rop.cst.CstString::utf8BytesToString (391 bytes)


---------------  P R O C E S S  ---------------

Java Threads: ( => current thread )
  0x00000000166e6800 JavaThread "pool-2-thread-4" [_thread_blocked, id=19264, stack(0x0000000016f80000,0x0000000017080000)]
  0x00000000166e5800 JavaThread "pool-2-thread-3" [_thread_in_Java, id=18696, stack(0x0000000016e80000,0x0000000016f80000)]
  0x00000000166c6000 JavaThread "pool-2-thread-2" [_thread_blocked, id=19124, stack(0x0000000016d80000,0x0000000016e80000)]
  0x00000000166c9800 JavaThread "pool-3-thread-1" [_thread_blocked, id=19164, stack(0x0000000016c80000,0x0000000016d80000)]
  0x00000000166c9000 JavaThread "pool-2-thread-1" [_thread_in_Java, id=17732, stack(0x0000000016b80000,0x0000000016c80000)]
  0x0000000016584000 JavaThread "Service Thread" daemon [_thread_blocked, id=19152, stack(0x0000000016980000,0x0000000016a80000)]
  0x0000000014d7b800 JavaThread "C1 CompilerThread2" daemon [_thread_in_vm, id=19032, stack(0x0000000016480000,0x0000000016580000)]
=>0x0000000014d31800 JavaThread "C2 CompilerThread1" daemon [_thread_in_native, id=19220, stack(0x0000000016380000,0x0000000016480000)]
  0x0000000014d2c800 JavaThread "C2 CompilerThread0" daemon [_thread_in_vm, id=18856, stack(0x0000000016280000,0x0000000016380000)]
  0x0000000014d2b800 JavaThread "Attach Listener" daemon [_thread_blocked, id=18892, stack(0x0000000016180000,0x0000000016280000)]
  0x0000000014d2a800 JavaThread "Signal Dispatcher" daemon [_thread_blocked, id=18364, stack(0x0000000016080000,0x0000000016180000)]
  0x0000000002658000 JavaThread "Finalizer" daemon [_thread_blocked, id=18508, stack(0x0000000015f80000,0x0000000016080000)]
  0x000000000264f000 JavaThread "Reference Handler" daemon [_thread_blocked, id=18660, stack(0x0000000015e80000,0x0000000015f80000)]
  0x000000000245e000 JavaThread "main" [_thread_in_vm, id=19372, stack(0x0000000002460000,0x0000000002560000)]

Other Threads:
  0x0000000014cf6800 VMThread [stack: 0x0000000015d80000,0x0000000015e80000] [id=19352]
  0x0000000016586000 WatcherThread [stack: 0x0000000016a80000,0x0000000016b80000] [id=19256]

VM state:not at safepoint (normal execution)

VM Mutex/Monitor currently owned by a thread:  ([mutex/lock_event])
[0x000000000245c450] CodeCache_lock - owner thread: 0x00000000166c9000
[0x000000000245d320] AdapterHandlerLibrary_lock - owner thread: 0x0000000000000000

Heap:
 PSYoungGen      total 18944K, used 7547K [0x00000000eab00000, 0x00000000ec000000, 0x0000000100000000)
  eden space 16384K, 46% used [0x00000000eab00000,0x00000000eb25ec08,0x00000000ebb00000)
  from space 2560K, 0% used [0x00000000ebd80000,0x00000000ebd80000,0x00000000ec000000)
  to   space 2560K, 0% used [0x00000000ebb00000,0x00000000ebb00000,0x00000000ebd80000)
 ParOldGen       total 44032K, used 0K [0x00000000c0000000, 0x00000000c2b00000, 0x00000000eab00000)
  object space 44032K, 0% used [0x00000000c0000000,0x00000000c0000000,0x00000000c2b00000)
 Metaspace       used 4395K, capacity 5648K, committed 6016K, reserved 1056768K
  class space    used 482K, capacity 520K, committed 640K, reserved 1048576K

Card table byte_map: [0x0000000011a20000,0x0000000011c30000] byte_map_base: 0x0000000011420000

Marking Bits: (ParMarkBitMap*) 0x000000007333d490
 Begin Bits: [0x0000000012190000, 0x0000000013190000)
 End Bits:   [0x0000000013190000, 0x0000000014190000)

Polling page: 0x0000000002380000

CodeCache: size=245760Kb used=1685Kb max_used=1685Kb free=244074Kb
 bounds [0x0000000002660000, 0x00000000028d0000, 0x0000000011660000]
 total_blobs=521 nmethods=262 adapters=173
 compilation: enabled

Compilation events (10 events):
Event: 0.475 Thread 0x0000000014d7b800  224       3       com.android.dx.rop.cst.CstInteger::make (47 bytes)
Event: 0.476 Thread 0x0000000014d7b800 nmethod 224 0x00000000027db550 code [0x00000000027db700, 0x00000000027dbe30]
Event: 0.476 Thread 0x0000000014d7b800  225   !   3       com.android.dx.cf.direct.AttributeFactory::parse (248 bytes)
Event: 0.480 Thread 0x0000000014d7b800 nmethod 225 0x00000000027dc1d0 code [0x00000000027dc780, 0x00000000027e0428]
Event: 0.480 Thread 0x0000000014d7b800  232       1       com.android.dx.rop.cst.CstString::isCategory2 (2 bytes)
Event: 0.480 Thread 0x0000000014d7b800 nmethod 232 0x00000000027e3010 code [0x00000000027e3160, 0x00000000027e3270]
Event: 0.480 Thread 0x0000000014d7b800  228       3       com.android.dx.util.MutabilityControl::<init> (10 bytes)
Event: 0.480 Thread 0x0000000014d7b800 nmethod 228 0x00000000027e32d0 code [0x00000000027e3420, 0x00000000027e35d0]
Event: 0.480 Thread 0x0000000014d7b800  226       3       com.android.dx.cf.direct.StdAttributeFactory::parse0 (532 bytes)
Event: 0.481 Thread 0x0000000014d31800  233       4       com.android.dx.rop.cst.CstString::utf8BytesToString (391 bytes)

GC Heap History (0 events):
No events

Deoptimization events (0 events):
No events

Internal exceptions (10 events):
Event: 0.439 Thread 0x00000000166c9000 Exception <a 'java/security/PrivilegedActionException'> (0x00000000eaeb32b0) thrown at [D:\re\workspace\8-2-build-windows-amd64-cygwin\jdk8u25\1677\hotspot\src\share\vm\prims\jvm.cpp, line 1312]
Event: 0.442 Thread 0x00000000166c9000 Exception <a 'java/security/PrivilegedActionException'> (0x00000000eaeb81f0) thrown at [D:\re\workspace\8-2-build-windows-amd64-cygwin\jdk8u25\1677\hotspot\src\share\vm\prims\jvm.cpp, line 1312]
Event: 0.443 Thread 0x00000000166c9000 Exception <a 'java/security/PrivilegedActionException'> (0x00000000eaebca48) thrown at [D:\re\workspace\8-2-build-windows-amd64-cygwin\jdk8u25\1677\hotspot\src\share\vm\prims\jvm.cpp, line 1312]
Event: 0.445 Thread 0x00000000166c9000 Exception <a 'java/security/PrivilegedActionException'> (0x00000000eaec0fd8) thrown at [D:\re\workspace\8-2-build-windows-amd64-cygwin\jdk8u25\1677\hotspot\src\share\vm\prims\jvm.cpp, line 1312]
Event: 0.452 Thread 0x00000000166c9000 Exception <a 'java/security/PrivilegedActionException'> (0x00000000eaeca500) thrown at [D:\re\workspace\8-2-build-windows-amd64-cygwin\jdk8u25\1677\hotspot\src\share\vm\prims\jvm.cpp, line 1312]
Event: 0.456 Thread 0x00000000166c9000 Exception <a 'java/security/PrivilegedActionException'> (0x00000000eaed3ab0) thrown at [D:\re\workspace\8-2-build-windows-amd64-cygwin\jdk8u25\1677\hotspot\src\share\vm\prims\jvm.cpp, line 1312]
Event: 0.457 Thread 0x00000000166c9000 Exception <a 'java/security/PrivilegedActionException'> (0x00000000eaed8c98) thrown at [D:\re\workspace\8-2-build-windows-amd64-cygwin\jdk8u25\1677\hotspot\src\share\vm\prims\jvm.cpp, line 1312]
Event: 0.461 Thread 0x000000000245e000 Exception <a 'java/security/PrivilegedActionException'> (0x00000000eae52ed0) thrown at [D:\re\workspace\8-2-build-windows-amd64-cygwin\jdk8u25\1677\hotspot\src\share\vm\prims\jvm.cpp, line 1312]
Event: 0.469 Thread 0x00000000166c9000 Exception <a 'java/security/PrivilegedActionException'> (0x00000000eaee2ed8) thrown at [D:\re\workspace\8-2-build-windows-amd64-cygwin\jdk8u25\1677\hotspot\src\share\vm\prims\jvm.cpp, line 1312]
Event: 0.471 Thread 0x00000000166c9000 Exception <a 'java/security/PrivilegedActionException'> (0x00000000eaee4e10) thrown at [D:\re\workspace\8-2-build-windows-amd64-cygwin\jdk8u25\1677\hotspot\src\share\vm\prims\jvm.cpp, line 1312]

Events (10 events):
Event: 0.457 loading class com/android/dx/dex/cf/AttributeTranslator done
Event: 0.461 loading class com/android/dx/cf/attrib/AttConstantValue
Event: 0.461 loading class com/android/dx/cf/attrib/AttConstantValue done
Event: 0.462 Thread 0x00000000166c6000 Thread added: 0x00000000166c6000
Event: 0.469 loading class com/android/dx/util/Warning
Event: 0.469 loading class com/android/dx/util/Warning done
Event: 0.471 loading class com/android/dx/rop/annotation/Annotations
Event: 0.471 loading class com/android/dx/rop/annotation/Annotations done
Event: 0.471 Thread 0x00000000166e5800 Thread added: 0x00000000166e5800
Event: 0.474 Thread 0x00000000166e6800 Thread added: 0x00000000166e6800


Dynamic libraries:
0x00007ff7f70c0000 - 0x00007ff7f70f4000 	C:\Program Files\Java\jdk1.8.0_25\bin\java.exe
0x00007fff80c20000 - 0x00007fff80de1000 	C:\WINDOWS\SYSTEM32\ntdll.dll
0x00007fff80400000 - 0x00007fff804ad000 	C:\WINDOWS\system32\KERNEL32.DLL
0x00007fff7d680000 - 0x00007fff7d868000 	C:\WINDOWS\system32\KERNELBASE.dll
0x00007fff80850000 - 0x00007fff808f7000 	C:\WINDOWS\system32\ADVAPI32.dll
0x00007fff801e0000 - 0x00007fff8027d000 	C:\WINDOWS\system32\msvcrt.dll
0x00007fff7ec20000 - 0x00007fff7ec7b000 	C:\WINDOWS\system32\sechost.dll
0x00007fff804b0000 - 0x00007fff805cc000 	C:\WINDOWS\system32\RPCRT4.dll
0x00007fff7e030000 - 0x00007fff7e186000 	C:\WINDOWS\system32\USER32.dll
0x00007fff7e450000 - 0x00007fff7e5d6000 	C:\WINDOWS\system32\GDI32.dll
0x00007fff76200000 - 0x00007fff76474000 	C:\WINDOWS\WinSxS\amd64_microsoft.windows.common-controls_6595b64144ccf1df_6.0.10586.494_none_a2d8b04ea53e3145\COMCTL32.dll
0x00007fff805d0000 - 0x00007fff8084d000 	C:\WINDOWS\system32\combase.dll
0x00007fff7d4f0000 - 0x00007fff7d55a000 	C:\WINDOWS\system32\bcryptPrimitives.dll
0x00007fff80be0000 - 0x00007fff80c1b000 	C:\WINDOWS\system32\IMM32.DLL
0x00000000726a0000 - 0x0000000072772000 	C:\Program Files\Java\jdk1.8.0_25\jre\bin\msvcr100.dll
0x0000000072b60000 - 0x00000000733ba000 	C:\Program Files\Java\jdk1.8.0_25\jre\bin\server\jvm.dll
0x00007fff7e190000 - 0x00007fff7e198000 	C:\WINDOWS\system32\PSAPI.DLL
0x00007fff65bb0000 - 0x00007fff65bb9000 	C:\WINDOWS\SYSTEM32\WSOCK32.dll
0x00007fff7ebb0000 - 0x00007fff7ec1b000 	C:\WINDOWS\system32\WS2_32.dll
0x00007fff7b560000 - 0x00007fff7b583000 	C:\WINDOWS\SYSTEM32\WINMM.dll
0x00007fff7b110000 - 0x00007fff7b13c000 	C:\WINDOWS\SYSTEM32\WINMMBASE.dll
0x00007fff7d4a0000 - 0x00007fff7d4e3000 	C:\WINDOWS\system32\cfgmgr32.dll
0x0000000072b50000 - 0x0000000072b5f000 	C:\Program Files\Java\jdk1.8.0_25\jre\bin\verify.dll
0x0000000072b20000 - 0x0000000072b48000 	C:\Program Files\Java\jdk1.8.0_25\jre\bin\java.dll
0x0000000072b00000 - 0x0000000072b16000 	C:\Program Files\Java\jdk1.8.0_25\jre\bin\zip.dll
0x00007fff7ec80000 - 0x00007fff801dc000 	C:\WINDOWS\system32\SHELL32.dll
0x00007fff7d870000 - 0x00007fff7deb5000 	C:\WINDOWS\system32\windows.storage.dll
0x00007fff80b80000 - 0x00007fff80bd2000 	C:\WINDOWS\system32\shlwapi.dll
0x00007fff7d2c0000 - 0x00007fff7d2cf000 	C:\WINDOWS\system32\kernel.appcore.dll
0x00007fff7d5c0000 - 0x00007fff7d675000 	C:\WINDOWS\system32\shcore.dll
0x00007fff7d270000 - 0x00007fff7d2bb000 	C:\WINDOWS\system32\powrprof.dll
0x00007fff7d240000 - 0x00007fff7d254000 	C:\WINDOWS\system32\profapi.dll
0x00007fff63a80000 - 0x00007fff63c0c000 	C:\WINDOWS\SYSTEM32\dbghelp.dll

VM Arguments:
jvm_args: -Djava.awt.headless=true -Xmx1024M -Dfile.encoding=windows-1252 -Duser.country=FR -Duser.language=fr -Duser.variant 
java_command: com.android.dx.command.Main --dex --force-jumbo --num-threads=4 --multi-dex --output C:\Users\Famille\AndroidStudioProjects\Niviel\app\build\intermediates\transforms\dex\debug\folders\1000\5\slice_0 C:\Users\Famille\AndroidStudioProjects\Niviel\app\build\intermediates\transforms\instantRunSlicer\debug\folders\1\5\slice_0
java_class_path (initial): C:\Users\Famille\AppData\Local\Android\sdk\build-tools\23.0.2\lib\dx.jar
Launcher Type: SUN_STANDARD

Environment Variables:
JAVA_HOME=C:\Program Files\Java\jdk1.8.0_25
PATH=C:\Program Files\Broadcom\Broadcom 802.11 Network Adapter;;C:\Program Files\Broadcom\Broadcom 802.11;C:\ProgramData\Oracle\Java\javapath;C:\Program Files (x86)\Intel\iCLS Client\;C:\Program Files\Intel\iCLS Client\;C:\Windows\system32;C:\Windows;C:\Windows\System32\Wbem;C:\Windows\System32\WindowsPowerShell\v1.0\;C:\Program Files\Hewlett-Packard\SimplePass\;C:\wamp\bin\php\php5.5.12;C:\Python27;C:\Users\Famille\AppData\Roaming\npm\;C:\Program Files\nodejs\;C:\Program Files\Git\cmd;C:\Program Files (x86)\Brackets\command;C:\Program Files (x86)\Ant\bin;C:\Program Files (x86)\Maven\bin;C:\Program Files (x86)\Intel\Intel(R) Management Engine Components\DAL;C:\Program Files\Intel\Intel(R) Management Engine Components\DAL;C:\Program Files (x86)\Intel\Intel(R) Management Engine Components\IPT;C:\Program Files\Intel\Intel(R) Management Engine Components\IPT;C:\Users\Famille\AppData\Local\atom\bin;C:\Users\Famille\AppData\Roaming\npm
USERNAME=de Lachaux
OS=Windows_NT
PROCESSOR_IDENTIFIER=Intel64 Family 6 Model 69 Stepping 1, GenuineIntel



---------------  S Y S T E M  ---------------

OS: Windows 8.1 , 64 bit Build 9600 

CPU:total 4 (2 cores per cpu, 2 threads per core) family 6 model 69 stepping 1, cmov, cx8, fxsr, mmx, sse, sse2, sse3, ssse3, sse4.1, sse4.2, popcnt, avx, avx2, aes, clmul, erms, lzcnt, ht, tsc, tscinvbit, bmi1, bmi2

Memory: 4k page, physical 4122776k(330728k free), swap 5555352k(16936k free)

vm_info: Java HotSpot(TM) 64-Bit Server VM (25.25-b02) for windows-amd64 JRE (1.8.0_25-b18), built on Oct  7 2014 14:25:37 by "java_re" with MS VC++ 10.0 (VS2010)

time: Tue Aug 23 20:15:10 2016
elapsed time: 0 seconds (0d 0h 0m 0s)

