#
# There is insufficient memory for the Java Runtime Environment to continue.
# Native memory allocation (malloc) failed to allocate 66880 bytes for Chunk::new
# Possible reasons:
#   The system is out of physical RAM or swap space
#   In 32 bit mode, the process size limit was hit
# Possible solutions:
#   Reduce memory load on the system
#   Increase physical memory or swap space
#   Check if swap backing store is full
#   Use 64 bit Java on a 64 bit OS
#   Decrease Java heap size (-Xmx/-Xms)
#   Decrease number of Java threads
#   Decrease Java thread stack sizes (-Xss)
#   Set larger code cache with -XX:ReservedCodeCacheSize=
# This output file may be truncated or incomplete.
#
#  Out of Memory Error (allocation.cpp:390), pid=29692, tid=29140
#
# JRE version: Java(TM) SE Runtime Environment (8.0_25-b18) (build 1.8.0_25-b18)
# Java VM: Java HotSpot(TM) 64-Bit Server VM (25.25-b02 mixed mode windows-amd64 compressed oops)
# Failed to write core dump. Minidumps are not enabled by default on client versions of Windows
#

---------------  T H R E A D  ---------------

Current thread (0x000000001527c000):  JavaThread "C2 CompilerThread0" daemon [_thread_in_native, id=29140, stack(0x00000000167d0000,0x00000000168d0000)]

Stack: [0x00000000167d0000,0x00000000168d0000]
Native frames: (J=compiled Java code, j=interpreted, Vv=VM code, C=native code)
V  [jvm.dll+0x31667a]


Current CompileTask:
C2:   7574 1592       4       com.android.dx.rop.code.LocalVariableExtractor::processBlock (327 bytes)


---------------  P R O C E S S  ---------------

Java Threads: ( => current thread )
  0x0000000017068000 JavaThread "pool-1-thread-4" [_thread_in_Java, id=29628, stack(0x0000000017cd0000,0x0000000017dd0000)]
  0x0000000017067000 JavaThread "pool-1-thread-3" [_thread_in_Java, id=29584, stack(0x0000000017bd0000,0x0000000017cd0000)]
  0x0000000017066000 JavaThread "pool-1-thread-2" [_thread_in_Java, id=29576, stack(0x0000000017ad0000,0x0000000017bd0000)]
  0x0000000017065800 JavaThread "pool-2-thread-1" [_thread_blocked, id=29516, stack(0x00000000179d0000,0x0000000017ad0000)]
  0x0000000017023000 JavaThread "pool-1-thread-1" [_thread_in_Java, id=29512, stack(0x00000000178d0000,0x00000000179d0000)]
  0x00000000152d3800 JavaThread "Service Thread" daemon [_thread_blocked, id=28916, stack(0x0000000016ad0000,0x0000000016bd0000)]
  0x00000000152d0000 JavaThread "C1 CompilerThread2" daemon [_thread_blocked, id=28944, stack(0x00000000169d0000,0x0000000016ad0000)]
  0x00000000152cf000 JavaThread "C2 CompilerThread1" daemon [_thread_in_native, id=29184, stack(0x00000000168d0000,0x00000000169d0000)]
=>0x000000001527c000 JavaThread "C2 CompilerThread0" daemon [_thread_in_native, id=29140, stack(0x00000000167d0000,0x00000000168d0000)]
  0x000000001527a800 JavaThread "Attach Listener" daemon [_thread_blocked, id=29624, stack(0x00000000166d0000,0x00000000167d0000)]
  0x0000000015279800 JavaThread "Signal Dispatcher" daemon [_thread_blocked, id=28052, stack(0x00000000165d0000,0x00000000166d0000)]
  0x0000000002ba0800 JavaThread "Finalizer" daemon [_thread_blocked, id=29552, stack(0x00000000164d0000,0x00000000165d0000)]
  0x0000000002b9d000 JavaThread "Reference Handler" daemon [_thread_blocked, id=29340, stack(0x00000000163d0000,0x00000000164d0000)]
  0x000000000292e000 JavaThread "main" [_thread_in_Java, id=28716, stack(0x00000000029b0000,0x0000000002ab0000)]

Other Threads:
  0x0000000015246800 VMThread [stack: 0x00000000162d0000,0x00000000163d0000] [id=28800]
  0x00000000152d6800 WatcherThread [stack: 0x0000000016bd0000,0x0000000016cd0000] [id=27136]

VM state:not at safepoint (normal execution)

VM Mutex/Monitor currently owned by a thread: None

Heap:
 PSYoungGen      total 35328K, used 19777K [0x00000000eab00000, 0x00000000ef000000, 0x0000000100000000)
  eden space 32768K, 52% used [0x00000000eab00000,0x00000000ebbd1fa8,0x00000000ecb00000)
  from space 2560K, 99% used [0x00000000ecb00000,0x00000000ecd7e558,0x00000000ecd80000)
  to   space 2560K, 0% used [0x00000000eed80000,0x00000000eed80000,0x00000000ef000000)
 ParOldGen       total 44032K, used 7130K [0x00000000c0000000, 0x00000000c2b00000, 0x00000000eab00000)
  object space 44032K, 16% used [0x00000000c0000000,0x00000000c06f6a08,0x00000000c2b00000)
 Metaspace       used 6198K, capacity 7088K, committed 7296K, reserved 1056768K
  class space    used 593K, capacity 616K, committed 640K, reserved 1048576K

Card table byte_map: [0x0000000011f70000,0x0000000012180000] byte_map_base: 0x0000000011970000

Marking Bits: (ParMarkBitMap*) 0x000000005836d490
 Begin Bits: [0x00000000126e0000, 0x00000000136e0000)
 End Bits:   [0x00000000136e0000, 0x00000000146e0000)

Polling page: 0x0000000001140000

CodeCache: size=245760Kb used=7021Kb max_used=7039Kb free=238739Kb
 bounds [0x0000000002bb0000, 0x00000000032a0000, 0x0000000011bb0000]
 total_blobs=1893 nmethods=1629 adapters=178
 compilation: enabled

Compilation events (10 events):
Event: 7.452 Thread 0x00000000152d0000 1637       3       java.lang.String::lastIndexOf (151 bytes)
Event: 7.453 Thread 0x00000000152d0000 nmethod 1637 0x0000000003285b90 code [0x0000000003285d40, 0x0000000003286290]
Event: 7.456 Thread 0x00000000152d0000 1638       3       com.android.dx.rop.code.CstInsn::contentEquals (31 bytes)
Event: 7.456 Thread 0x00000000152d0000 nmethod 1638 0x0000000003286710 code [0x00000000032868a0, 0x0000000003286d38]
Event: 7.462 Thread 0x00000000152d0000 1640       3       com.android.dx.dex.cf.CfTranslator::translate0 (259 bytes)
Event: 7.466 Thread 0x00000000152d0000 nmethod 1640 0x0000000003286e50 code [0x00000000032872c0, 0x000000000328a178]
Event: 7.521 Thread 0x000000001527c000 nmethod 1590 0x0000000003290cd0 code [0x0000000003290f80, 0x00000000032930c0]
Event: 7.522 Thread 0x000000001527c000 1616       4       java.util.HashMap::getNode (148 bytes)
Event: 7.526 Thread 0x000000001527c000 nmethod 1616 0x000000000328d950 code [0x000000000328daa0, 0x000000000328dcb8]
Event: 7.526 Thread 0x000000001527c000 1592       4       com.android.dx.rop.code.LocalVariableExtractor::processBlock (327 bytes)

GC Heap History (6 events):
Event: 4.836 GC heap before
{Heap before GC invocations=1 (full 0):
 PSYoungGen      total 18944K, used 16384K [0x00000000eab00000, 0x00000000ec000000, 0x0000000100000000)
  eden space 16384K, 100% used [0x00000000eab00000,0x00000000ebb00000,0x00000000ebb00000)
  from space 2560K, 0% used [0x00000000ebd80000,0x00000000ebd80000,0x00000000ec000000)
  to   space 2560K, 0% used [0x00000000ebb00000,0x00000000ebb00000,0x00000000ebd80000)
 ParOldGen       total 44032K, used 0K [0x00000000c0000000, 0x00000000c2b00000, 0x00000000eab00000)
  object space 44032K, 0% used [0x00000000c0000000,0x00000000c0000000,0x00000000c2b00000)
 Metaspace       used 5422K, capacity 6448K, committed 6528K, reserved 1056768K
  class space    used 586K, capacity 616K, committed 640K, reserved 1048576K
Event: 4.888 GC heap after
Heap after GC invocations=1 (full 0):
 PSYoungGen      total 18944K, used 2553K [0x00000000eab00000, 0x00000000ed000000, 0x0000000100000000)
  eden space 16384K, 0% used [0x00000000eab00000,0x00000000eab00000,0x00000000ebb00000)
  from space 2560K, 99% used [0x00000000ebb00000,0x00000000ebd7e438,0x00000000ebd80000)
  to   space 2560K, 0% used [0x00000000ecd80000,0x00000000ecd80000,0x00000000ed000000)
 ParOldGen       total 44032K, used 552K [0x00000000c0000000, 0x00000000c2b00000, 0x00000000eab00000)
  object space 44032K, 1% used [0x00000000c0000000,0x00000000c008a228,0x00000000c2b00000)
 Metaspace       used 5422K, capacity 6448K, committed 6528K, reserved 1056768K
  class space    used 586K, capacity 616K, committed 640K, reserved 1048576K
}
Event: 5.686 GC heap before
{Heap before GC invocations=2 (full 0):
 PSYoungGen      total 18944K, used 18937K [0x00000000eab00000, 0x00000000ed000000, 0x0000000100000000)
  eden space 16384K, 100% used [0x00000000eab00000,0x00000000ebb00000,0x00000000ebb00000)
  from space 2560K, 99% used [0x00000000ebb00000,0x00000000ebd7e438,0x00000000ebd80000)
  to   space 2560K, 0% used [0x00000000ecd80000,0x00000000ecd80000,0x00000000ed000000)
 ParOldGen       total 44032K, used 552K [0x00000000c0000000, 0x00000000c2b00000, 0x00000000eab00000)
  object space 44032K, 1% used [0x00000000c0000000,0x00000000c008a228,0x00000000c2b00000)
 Metaspace       used 5937K, capacity 6896K, committed 7040K, reserved 1056768K
  class space    used 592K, capacity 616K, committed 640K, reserved 1048576K
Event: 5.748 GC heap after
Heap after GC invocations=2 (full 0):
 PSYoungGen      total 35328K, used 2554K [0x00000000eab00000, 0x00000000ed000000, 0x0000000100000000)
  eden space 32768K, 0% used [0x00000000eab00000,0x00000000eab00000,0x00000000ecb00000)
  from space 2560K, 99% used [0x00000000ecd80000,0x00000000ecffead8,0x00000000ed000000)
  to   space 2560K, 0% used [0x00000000ecb00000,0x00000000ecb00000,0x00000000ecd80000)
 ParOldGen       total 44032K, used 2061K [0x00000000c0000000, 0x00000000c2b00000, 0x00000000eab00000)
  object space 44032K, 4% used [0x00000000c0000000,0x00000000c0203610,0x00000000c2b00000)
 Metaspace       used 5937K, capacity 6896K, committed 7040K, reserved 1056768K
  class space    used 592K, capacity 616K, committed 640K, reserved 1048576K
}
Event: 6.938 GC heap before
{Heap before GC invocations=3 (full 0):
 PSYoungGen      total 35328K, used 35322K [0x00000000eab00000, 0x00000000ed000000, 0x0000000100000000)
  eden space 32768K, 100% used [0x00000000eab00000,0x00000000ecb00000,0x00000000ecb00000)
  from space 2560K, 99% used [0x00000000ecd80000,0x00000000ecffead8,0x00000000ed000000)
  to   space 2560K, 0% used [0x00000000ecb00000,0x00000000ecb00000,0x00000000ecd80000)
 ParOldGen       total 44032K, used 2061K [0x00000000c0000000, 0x00000000c2b00000, 0x00000000eab00000)
  object space 44032K, 4% used [0x00000000c0000000,0x00000000c0203610,0x00000000c2b00000)
 Metaspace       used 6164K, capacity 7088K, committed 7296K, reserved 1056768K
  class space    used 593K, capacity 616K, committed 640K, reserved 1048576K
Event: 7.227 GC heap after
Heap after GC invocations=3 (full 0):
 PSYoungGen      total 35328K, used 2553K [0x00000000eab00000, 0x00000000ef000000, 0x0000000100000000)
  eden space 32768K, 0% used [0x00000000eab00000,0x00000000eab00000,0x00000000ecb00000)
  from space 2560K, 99% used [0x00000000ecb00000,0x00000000ecd7e558,0x00000000ecd80000)
  to   space 2560K, 0% used [0x00000000eed80000,0x00000000eed80000,0x00000000ef000000)
 ParOldGen       total 44032K, used 7130K [0x00000000c0000000, 0x00000000c2b00000, 0x00000000eab00000)
  object space 44032K, 16% used [0x00000000c0000000,0x00000000c06f6a08,0x00000000c2b00000)
 Metaspace       used 6164K, capacity 7088K, committed 7296K, reserved 1056768K
  class space    used 593K, capacity 616K, committed 640K, reserved 1048576K
}

Deoptimization events (10 events):
Event: 6.795 Thread 0x0000000017067000 Uncommon trap: reason=unreached action=reinterpret pc=0x000000000313b274 method=com.android.dx.ssa.SCCP.simulateBranch(Lcom/android/dx/ssa/SsaInsn;)V @ 132
Event: 6.808 Thread 0x0000000017067000 Uncommon trap: reason=null_check action=make_not_entrant pc=0x0000000002f0b6d0 method=com.android.dx.ssa.SsaRenamer.getLocalForNewReg(I)Lcom/android/dx/rop/code/LocalItem; @ 19
Event: 6.815 Thread 0x000000000292e000 Uncommon trap: reason=uninitialized action=reinterpret pc=0x0000000003153478 method=com.android.dx.cf.code.BytecodeArray.parseInstruction(ILcom/android/dx/cf/code/BytecodeArray$Visitor;)I @ 999
Event: 6.835 Thread 0x000000000292e000 Uncommon trap: reason=bimorphic action=maybe_recompile pc=0x0000000002df5c90 method=java.util.HashMap.getNode(ILjava/lang/Object;)Ljava/util/HashMap$Node; @ 126
Event: 6.835 Thread 0x000000000292e000 Uncommon trap: reason=bimorphic action=maybe_recompile pc=0x0000000003057174 method=java.util.HashMap.putVal(ILjava/lang/Object;Ljava/lang/Object;ZZ)Ljava/lang/Object; @ 203
Event: 6.871 Thread 0x0000000017023000 Uncommon trap: reason=unreached action=reinterpret pc=0x0000000002f1511c method=com.android.dx.rop.cst.Constant.compareTo(Lcom/android/dx/rop/cst/Constant;)I @ 12
Event: 7.323 Thread 0x0000000017023000 Uncommon trap: reason=unreached action=reinterpret pc=0x00000000031a7f64 method=com.android.dx.ssa.LocalVariableExtractor.processBlock(I)V @ 251
Event: 7.364 Thread 0x000000000292e000 Uncommon trap: reason=unloaded action=reinterpret pc=0x000000000311c2ec method=com.android.dx.cf.cst.ConstantPoolParser.parse0(ILjava/util/BitSet;)Lcom/android/dx/rop/cst/Constant; @ 198
Event: 7.387 Thread 0x0000000017066000 Uncommon trap: reason=bimorphic action=maybe_recompile pc=0x0000000002df5c90 method=java.util.HashMap.getNode(ILjava/lang/Object;)Ljava/util/HashMap$Node; @ 126
Event: 7.387 Thread 0x0000000017066000 Uncommon trap: reason=bimorphic action=maybe_recompile pc=0x0000000002df5c90 method=java.util.HashMap.getNode(ILjava/lang/Object;)Ljava/util/HashMap$Node; @ 126

Internal exceptions (10 events):
Event: 4.820 Thread 0x0000000017066000 Exception <a 'java/security/PrivilegedActionException'> (0x00000000ebab6740) thrown at [D:\re\workspace\8-2-build-windows-amd64-cygwin\jdk8u25\1677\hotspot\src\share\vm\prims\jvm.cpp, line 1312]
Event: 4.895 Thread 0x000000000292e000 Exception <a 'java/security/PrivilegedActionException'> (0x00000000eac024e0) thrown at [D:\re\workspace\8-2-build-windows-amd64-cygwin\jdk8u25\1677\hotspot\src\share\vm\prims\jvm.cpp, line 1312]
Event: 4.929 Thread 0x0000000017067000 Exception <a 'java/security/PrivilegedActionException'> (0x00000000ead719d8) thrown at [D:\re\workspace\8-2-build-windows-amd64-cygwin\jdk8u25\1677\hotspot\src\share\vm\prims\jvm.cpp, line 1312]
Event: 4.930 Thread 0x0000000017068000 Exception <a 'java/security/PrivilegedActionException'> (0x00000000ead9de30) thrown at [D:\re\workspace\8-2-build-windows-amd64-cygwin\jdk8u25\1677\hotspot\src\share\vm\prims\jvm.cpp, line 1312]
Event: 5.040 Thread 0x0000000017067000 Exception <a 'java/security/PrivilegedActionException'> (0x00000000eafbfe48) thrown at [D:\re\workspace\8-2-build-windows-amd64-cygwin\jdk8u25\1677\hotspot\src\share\vm\prims\jvm.cpp, line 1312]
Event: 5.407 Thread 0x0000000017068000 Exception <a 'java/security/PrivilegedActionException'> (0x00000000eb27f510) thrown at [D:\re\workspace\8-2-build-windows-amd64-cygwin\jdk8u25\1677\hotspot\src\share\vm\prims\jvm.cpp, line 1312]
Event: 6.420 Thread 0x0000000017067000 Implicit null exception at 0x0000000002f17f0b to 0x0000000002f19d29
Event: 6.443 Thread 0x000000000292e000 Exception <a 'java/security/PrivilegedActionException'> (0x00000000ebcbf458) thrown at [D:\re\workspace\8-2-build-windows-amd64-cygwin\jdk8u25\1677\hotspot\src\share\vm\prims\jvm.cpp, line 1312]
Event: 6.761 Thread 0x0000000017067000 Exception <a 'java/security/PrivilegedActionException'> (0x00000000ebe50a98) thrown at [D:\re\workspace\8-2-build-windows-amd64-cygwin\jdk8u25\1677\hotspot\src\share\vm\prims\jvm.cpp, line 1312]
Event: 6.808 Thread 0x0000000017067000 Implicit null exception at 0x0000000002f0929c to 0x0000000002f0b6ad

Events (10 events):
Event: 7.355 Thread 0x0000000017067000 DEOPT UNPACKING pc=0x0000000002bf75bf sp=0x0000000017cce9d0 mode 0
Event: 7.364 Thread 0x000000000292e000 Uncommon trap: trap_request=0x000000d0 fr.pc=0x000000000311c2ec
Event: 7.364 Thread 0x000000000292e000 DEOPT PACKING pc=0x000000000311c2ec sp=0x0000000002aae820
Event: 7.364 Thread 0x000000000292e000 DEOPT UNPACKING pc=0x0000000002bf556a sp=0x0000000002aae7d8 mode 2
Event: 7.387 Thread 0x0000000017066000 Uncommon trap: trap_request=0xffffffc6 fr.pc=0x0000000002df5c90
Event: 7.387 Thread 0x0000000017066000 DEOPT PACKING pc=0x0000000002df5c90 sp=0x0000000017bceb80
Event: 7.387 Thread 0x0000000017066000 DEOPT UNPACKING pc=0x0000000002bf556a sp=0x0000000017bceaf0 mode 2
Event: 7.387 Thread 0x0000000017066000 Uncommon trap: trap_request=0xffffffc6 fr.pc=0x0000000002df5c90
Event: 7.387 Thread 0x0000000017066000 DEOPT PACKING pc=0x0000000002df5c90 sp=0x0000000017bceb80
Event: 7.387 Thread 0x0000000017066000 DEOPT UNPACKING pc=0x0000000002bf556a sp=0x0000000017bceaf0 mode 2


Dynamic libraries:
0x00007ff7d2f30000 - 0x00007ff7d2f64000 	C:\Program Files\Java\jdk1.8.0_25\bin\java.exe
0x00007ff8752c0000 - 0x00007ff875481000 	C:\WINDOWS\SYSTEM32\ntdll.dll
0x00007ff875210000 - 0x00007ff8752bd000 	C:\WINDOWS\system32\KERNEL32.DLL
0x00007ff871bc0000 - 0x00007ff871da8000 	C:\WINDOWS\system32\KERNELBASE.dll
0x00007ff874260000 - 0x00007ff874307000 	C:\WINDOWS\system32\ADVAPI32.dll
0x00007ff875170000 - 0x00007ff87520d000 	C:\WINDOWS\system32\msvcrt.dll
0x00007ff873e30000 - 0x00007ff873e8b000 	C:\WINDOWS\system32\sechost.dll
0x00007ff874450000 - 0x00007ff87456c000 	C:\WINDOWS\system32\RPCRT4.dll
0x00007ff873c20000 - 0x00007ff873d76000 	C:\WINDOWS\system32\USER32.dll
0x00007ff874580000 - 0x00007ff874706000 	C:\WINDOWS\system32\GDI32.dll
0x00007ff86cd80000 - 0x00007ff86cff4000 	C:\WINDOWS\WinSxS\amd64_microsoft.windows.common-controls_6595b64144ccf1df_6.0.10586.494_none_a2d8b04ea53e3145\COMCTL32.dll
0x00007ff873f00000 - 0x00007ff87417d000 	C:\WINDOWS\system32\combase.dll
0x00007ff871b50000 - 0x00007ff871bba000 	C:\WINDOWS\system32\bcryptPrimitives.dll
0x00007ff8750b0000 - 0x00007ff8750eb000 	C:\WINDOWS\system32\IMM32.DLL
0x00000000576d0000 - 0x00000000577a2000 	C:\Program Files\Java\jdk1.8.0_25\jre\bin\msvcr100.dll
0x0000000057b90000 - 0x00000000583ea000 	C:\Program Files\Java\jdk1.8.0_25\jre\bin\server\jvm.dll
0x00007ff874250000 - 0x00007ff874258000 	C:\WINDOWS\system32\PSAPI.DLL
0x00007ff85fa40000 - 0x00007ff85fa49000 	C:\WINDOWS\SYSTEM32\WSOCK32.dll
0x00007ff874380000 - 0x00007ff8743eb000 	C:\WINDOWS\system32\WS2_32.dll
0x00007ff86fe60000 - 0x00007ff86fe83000 	C:\WINDOWS\SYSTEM32\WINMM.dll
0x00007ff86fe00000 - 0x00007ff86fe2c000 	C:\WINDOWS\SYSTEM32\WINMMBASE.dll
0x00007ff871b00000 - 0x00007ff871b43000 	C:\WINDOWS\system32\cfgmgr32.dll
0x0000000057b80000 - 0x0000000057b8f000 	C:\Program Files\Java\jdk1.8.0_25\jre\bin\verify.dll
0x0000000057b50000 - 0x0000000057b78000 	C:\Program Files\Java\jdk1.8.0_25\jre\bin\java.dll
0x0000000057b30000 - 0x0000000057b46000 	C:\Program Files\Java\jdk1.8.0_25\jre\bin\zip.dll
0x00007ff8726c0000 - 0x00007ff873c1c000 	C:\WINDOWS\system32\SHELL32.dll
0x00007ff872070000 - 0x00007ff8726b5000 	C:\WINDOWS\system32\windows.storage.dll
0x00007ff8743f0000 - 0x00007ff874442000 	C:\WINDOWS\system32\shlwapi.dll
0x00007ff871910000 - 0x00007ff87191f000 	C:\WINDOWS\system32\kernel.appcore.dll
0x00007ff871970000 - 0x00007ff871a25000 	C:\WINDOWS\system32\shcore.dll
0x00007ff871920000 - 0x00007ff87196b000 	C:\WINDOWS\system32\powrprof.dll
0x00007ff8718f0000 - 0x00007ff871904000 	C:\WINDOWS\system32\profapi.dll

VM Arguments:
jvm_args: -Djava.awt.headless=true -Xmx1024M -Dfile.encoding=windows-1252 -Duser.country=FR -Duser.language=fr -Duser.variant 
java_command: com.android.dx.command.Main --dex --num-threads=4 --output C:\Users\Famille\AndroidStudioProjects\Niviel\app\build\intermediates\pre-dexed\debug\com.android.support-appcompat-v7-24.1.0_fc4dd5ed4795d875025427cd8fadcb6b629ac67b.jar C:\Users\Famille\AndroidStudioProjects\Niviel\app\build\intermediates\exploded-aar\com.android.support\appcompat-v7\24.1.0\jars\classes.jar
java_class_path (initial): C:\Users\Famille\AppData\Local\Android\sdk\build-tools\23.0.2\lib\dx.jar
Launcher Type: SUN_STANDARD

Environment Variables:
JAVA_HOME=C:\Program Files\Java\jdk1.8.0_25
PATH=C:\Program Files\Broadcom\Broadcom 802.11 Network Adapter;;C:\Program Files\Broadcom\Broadcom 802.11;C:\ProgramData\Oracle\Java\javapath;C:\Program Files (x86)\Intel\iCLS Client\;C:\Program Files\Intel\iCLS Client\;C:\Windows\system32;C:\Windows;C:\Windows\System32\Wbem;C:\Windows\System32\WindowsPowerShell\v1.0\;C:\Program Files\Hewlett-Packard\SimplePass\;C:\wamp\bin\php\php5.5.12;C:\Python27;C:\Users\Famille\AppData\Roaming\npm\;C:\Program Files\nodejs\;C:\Program Files\Git\cmd;C:\Program Files (x86)\Brackets\command;C:\Program Files (x86)\Ant\bin;C:\Program Files (x86)\Maven\bin;C:\Program Files (x86)\Intel\Intel(R) Management Engine Components\DAL;C:\Program Files\Intel\Intel(R) Management Engine Components\DAL;C:\Program Files (x86)\Intel\Intel(R) Management Engine Components\IPT;C:\Program Files\Intel\Intel(R) Management Engine Components\IPT;C:\Users\Famille\AppData\Local\atom\bin;C:\Users\Famille\AppData\Roaming\npm
USERNAME=de Lachaux
OS=Windows_NT
PROCESSOR_IDENTIFIER=Intel64 Family 6 Model 69 Stepping 1, GenuineIntel



---------------  S Y S T E M  ---------------

OS: Windows 8.1 , 64 bit Build 9600 

CPU:total 4 (2 cores per cpu, 2 threads per core) family 6 model 69 stepping 1, cmov, cx8, fxsr, mmx, sse, sse2, sse3, ssse3, sse4.1, sse4.2, popcnt, avx, avx2, aes, clmul, erms, lzcnt, ht, tsc, tscinvbit, bmi1, bmi2

Memory: 4k page, physical 4122776k(257196k free), swap 5555352k(5216k free)

vm_info: Java HotSpot(TM) 64-Bit Server VM (25.25-b02) for windows-amd64 JRE (1.8.0_25-b18), built on Oct  7 2014 14:25:37 by "java_re" with MS VC++ 10.0 (VS2010)

time: Tue Jul 19 15:55:41 2016
elapsed time: 7 seconds (0d 0h 0m 7s)

