#
# There is insufficient memory for the Java Runtime Environment to continue.
# Native memory allocation (malloc) failed to allocate 32744 bytes for ChunkPool::allocate
# Possible reasons:
#   The system is out of physical RAM or swap space
#   In 32 bit mode, the process size limit was hit
# Possible solutions:
#   Reduce memory load on the system
#   Increase physical memory or swap space
#   Check if swap backing store is full
#   Use 64 bit Java on a 64 bit OS
#   Decrease Java heap size (-Xmx/-Xms)
#   Decrease number of Java threads
#   Decrease Java thread stack sizes (-Xss)
#   Set larger code cache with -XX:ReservedCodeCacheSize=
# This output file may be truncated or incomplete.
#
#  Out of Memory Error (allocation.cpp:273), pid=40020, tid=39036
#
# JRE version: Java(TM) SE Runtime Environment (8.0_25-b18) (build 1.8.0_25-b18)
# Java VM: Java HotSpot(TM) 64-Bit Server VM (25.25-b02 mixed mode windows-amd64 compressed oops)
# Failed to write core dump. Minidumps are not enabled by default on client versions of Windows
#

---------------  T H R E A D  ---------------

Current thread (0x0000000015786800):  JavaThread "C1 CompilerThread2" daemon [_thread_in_native, id=39036, stack(0x0000000016ee0000,0x0000000016fe0000)]

Stack: [0x0000000016ee0000,0x0000000016fe0000]
Native frames: (J=compiled Java code, j=interpreted, Vv=VM code, C=native code)
V  [jvm.dll+0x31667a]
V  [jvm.dll+0x267073]
V  [jvm.dll+0x267cb3]
V  [jvm.dll+0x25f5b5]
V  [jvm.dll+0xbeec1]
V  [jvm.dll+0xbf60c]
V  [jvm.dll+0x409349]
V  [jvm.dll+0x40e6ce]
V  [jvm.dll+0x3ed2c0]
V  [jvm.dll+0x3ed690]
V  [jvm.dll+0x3ed7c2]
V  [jvm.dll+0x3ed98e]
V  [jvm.dll+0x3edb8f]
V  [jvm.dll+0x98a02]
V  [jvm.dll+0x991f3]
V  [jvm.dll+0x22bde4]
V  [jvm.dll+0x2852fa]
C  [msvcr100.dll+0x21d9f]
C  [msvcr100.dll+0x21e3b]
C  [KERNEL32.DLL+0x8364]
C  [ntdll.dll+0x65e91]


Current CompileTask:
C1:   5201  115       3       sun.nio.cs.UTF_8$Decoder::decode (779 bytes)


---------------  P R O C E S S  ---------------

Java Threads: ( => current thread )
  0x00000000172b6800 JavaThread "pool-1-thread-4" [_thread_blocked, id=37464, stack(0x0000000017be0000,0x0000000017ce0000)]
  0x0000000017296800 JavaThread "pool-1-thread-3" [_thread_blocked, id=36900, stack(0x0000000017ae0000,0x0000000017be0000)]
  0x0000000017248800 JavaThread "pool-1-thread-2" [_thread_blocked, id=37044, stack(0x00000000179e0000,0x0000000017ae0000)]
  0x000000001722d000 JavaThread "pool-2-thread-1" [_thread_blocked, id=37580, stack(0x00000000176e0000,0x00000000177e0000)]
  0x000000001722c000 JavaThread "pool-1-thread-1" [_thread_in_native, id=24184, stack(0x00000000175e0000,0x00000000176e0000)]
  0x0000000017008800 JavaThread "Service Thread" daemon [_thread_blocked, id=37140, stack(0x00000000173e0000,0x00000000174e0000)]
=>0x0000000015786800 JavaThread "C1 CompilerThread2" daemon [_thread_in_native, id=39036, stack(0x0000000016ee0000,0x0000000016fe0000)]
  0x0000000015781800 JavaThread "C2 CompilerThread1" daemon [_thread_blocked, id=40084, stack(0x0000000016de0000,0x0000000016ee0000)]
  0x000000001577c000 JavaThread "C2 CompilerThread0" daemon [_thread_in_native, id=39040, stack(0x0000000016ce0000,0x0000000016de0000)]
  0x000000001577a800 JavaThread "Attach Listener" daemon [_thread_blocked, id=30000, stack(0x0000000016be0000,0x0000000016ce0000)]
  0x0000000015779800 JavaThread "Signal Dispatcher" daemon [_thread_blocked, id=40660, stack(0x0000000016ae0000,0x0000000016be0000)]
  0x00000000030a4800 JavaThread "Finalizer" daemon [_thread_blocked, id=41240, stack(0x00000000169e0000,0x0000000016ae0000)]
  0x000000000309d800 JavaThread "Reference Handler" daemon [_thread_blocked, id=40476, stack(0x00000000168e0000,0x00000000169e0000)]
  0x0000000002ddd800 JavaThread "main" [_thread_blocked, id=38940, stack(0x0000000002eb0000,0x0000000002fb0000)]

Other Threads:
  0x0000000015746800 VMThread [stack: 0x00000000167e0000,0x00000000168e0000] [id=40372]
  0x000000001700a800 WatcherThread [stack: 0x00000000174e0000,0x00000000175e0000] [id=43576]

VM state:not at safepoint (normal execution)

VM Mutex/Monitor currently owned by a thread: None

Heap:
 PSYoungGen      total 18944K, used 6142K [0x00000000eab00000, 0x00000000ec000000, 0x0000000100000000)
  eden space 16384K, 37% used [0x00000000eab00000,0x00000000eb0ffb30,0x00000000ebb00000)
  from space 2560K, 0% used [0x00000000ebb00000,0x00000000ebb00000,0x00000000ebd80000)
  to   space 2560K, 0% used [0x00000000ebd80000,0x00000000ebd80000,0x00000000ec000000)
 ParOldGen       total 17408K, used 846K [0x00000000c0000000, 0x00000000c1100000, 0x00000000eab00000)
  object space 17408K, 4% used [0x00000000c0000000,0x00000000c00d3bc8,0x00000000c1100000)
 Metaspace       used 4885K, capacity 6032K, committed 6272K, reserved 1058816K
  class space    used 540K, capacity 584K, committed 640K, reserved 1048576K

Card table byte_map: [0x0000000012470000,0x0000000012680000] byte_map_base: 0x0000000011e70000

Marking Bits: (ParMarkBitMap*) 0x000000006ffcd490
 Begin Bits: [0x0000000012be0000, 0x0000000013be0000)
 End Bits:   [0x0000000013be0000, 0x0000000014be0000)

Polling page: 0x00000000014d0000

CodeCache: size=245760Kb used=1284Kb max_used=1295Kb free=244475Kb
 bounds [0x00000000030b0000, 0x0000000003320000, 0x00000000120b0000]
 total_blobs=386 nmethods=124 adapters=176
 compilation: enabled

Compilation events (10 events):
Event: 3.607 Thread 0x0000000015786800 nmethod 108 0x00000000031eab50 code [0x00000000031eace0, 0x00000000031eafb8]
Event: 3.607 Thread 0x0000000015786800  110       3       java.util.Date::getCalendarSystem (15 bytes)
Event: 3.608 Thread 0x0000000015786800 nmethod 110 0x00000000031eb0d0 code [0x00000000031eb260, 0x00000000031eb768]
Event: 3.608 Thread 0x0000000015786800  109       1       java.util.zip.ZipCoder::isUTF8 (5 bytes)
Event: 3.608 Thread 0x0000000015786800 nmethod 109 0x00000000031eb8d0 code [0x00000000031eba20, 0x00000000031ebb30]
Event: 3.608 Thread 0x0000000015786800  111       1       sun.util.calendar.CalendarDate::isStandardTime (5 bytes)
Event: 3.608 Thread 0x0000000015786800 nmethod 111 0x00000000031ebb90 code [0x00000000031ebce0, 0x00000000031ebdf0]
Event: 3.608 Thread 0x0000000015786800  112       1       sun.util.calendar.BaseCalendar$Date::getCachedYear (5 bytes)
Event: 3.608 Thread 0x0000000015786800 nmethod 112 0x00000000031ebe50 code [0x00000000031ebfa0, 0x00000000031ec0b0]
Event: 3.612 Thread 0x0000000015786800  115       3       sun.nio.cs.UTF_8$Decoder::decode (779 bytes)

GC Heap History (0 events):
No events

Deoptimization events (0 events):
No events

Internal exceptions (10 events):
Event: 2.905 Thread 0x0000000002ddd800 Exception <a 'java/security/PrivilegedActionException'> (0x00000000eacfa0f8) thrown at [D:\re\workspace\8-2-build-windows-amd64-cygwin\jdk8u25\1677\hotspot\src\share\vm\prims\jvm.cpp, line 1312]
Event: 2.906 Thread 0x0000000002ddd800 Exception <a 'java/security/PrivilegedActionException'> (0x00000000eacfc340) thrown at [D:\re\workspace\8-2-build-windows-amd64-cygwin\jdk8u25\1677\hotspot\src\share\vm\prims\jvm.cpp, line 1312]
Event: 2.907 Thread 0x0000000002ddd800 Exception <a 'java/security/PrivilegedActionException'> (0x00000000ead01120) thrown at [D:\re\workspace\8-2-build-windows-amd64-cygwin\jdk8u25\1677\hotspot\src\share\vm\prims\jvm.cpp, line 1312]
Event: 2.914 Thread 0x0000000002ddd800 Exception <a 'java/security/PrivilegedActionException'> (0x00000000ead05758) thrown at [D:\re\workspace\8-2-build-windows-amd64-cygwin\jdk8u25\1677\hotspot\src\share\vm\prims\jvm.cpp, line 1312]
Event: 2.916 Thread 0x0000000002ddd800 Exception <a 'java/security/PrivilegedActionException'> (0x00000000ead0a350) thrown at [D:\re\workspace\8-2-build-windows-amd64-cygwin\jdk8u25\1677\hotspot\src\share\vm\prims\jvm.cpp, line 1312]
Event: 2.920 Thread 0x0000000002ddd800 Exception <a 'java/security/PrivilegedActionException'> (0x00000000ead0eb28) thrown at [D:\re\workspace\8-2-build-windows-amd64-cygwin\jdk8u25\1677\hotspot\src\share\vm\prims\jvm.cpp, line 1312]
Event: 3.564 Thread 0x0000000002ddd800 Exception <a 'java/security/PrivilegedActionException'> (0x00000000ead18388) thrown at [D:\re\workspace\8-2-build-windows-amd64-cygwin\jdk8u25\1677\hotspot\src\share\vm\prims\jvm.cpp, line 1312]
Event: 3.602 Thread 0x0000000002ddd800 Exception <a 'java/security/PrivilegedActionException'> (0x00000000ead1dd60) thrown at [D:\re\workspace\8-2-build-windows-amd64-cygwin\jdk8u25\1677\hotspot\src\share\vm\prims\jvm.cpp, line 1312]
Event: 3.602 Thread 0x0000000002ddd800 Exception <a 'java/security/PrivilegedActionException'> (0x00000000ead200b0) thrown at [D:\re\workspace\8-2-build-windows-amd64-cygwin\jdk8u25\1677\hotspot\src\share\vm\prims\jvm.cpp, line 1312]
Event: 3.613 Thread 0x0000000002ddd800 Exception <a 'java/security/PrivilegedActionException'> (0x00000000ead3a848) thrown at [D:\re\workspace\8-2-build-windows-amd64-cygwin\jdk8u25\1677\hotspot\src\share\vm\prims\jvm.cpp, line 1312]

Events (10 events):
Event: 3.564 loading class com/android/dx/cf/direct/ClassPathOpener done
Event: 3.601 loading class com/android/dx/cf/direct/ClassPathOpener$1
Event: 3.601 loading class com/android/dx/cf/direct/ClassPathOpener$1 done
Event: 3.602 loading class com/android/dx/command/dexer/Main$FileBytesConsumer
Event: 3.602 loading class com/android/dx/command/dexer/Main$FileBytesConsumer done
Event: 3.604 loading class java/util/zip/ZipFile$ZipEntryIterator
Event: 3.604 loading class java/util/zip/ZipFile$ZipEntryIterator done
Event: 3.613 loading class com/android/dx/cf/direct/ClassPathOpener$3
Event: 3.613 loading class com/android/dx/cf/direct/ClassPathOpener$3 done
Event: 3.614 loading class java/util/TimSort


Dynamic libraries:
0x00007ff6d7c10000 - 0x00007ff6d7c44000 	C:\Program Files\Java\jdk1.8.0_25\bin\java.exe
0x00007fff4cae0000 - 0x00007fff4ccb1000 	C:\WINDOWS\SYSTEM32\ntdll.dll
0x00007fff4c580000 - 0x00007fff4c62b000 	C:\WINDOWS\System32\KERNEL32.DLL
0x00007fff49cb0000 - 0x00007fff49ecd000 	C:\WINDOWS\System32\KERNELBASE.dll
0x00007fff4bf30000 - 0x00007fff4bfd2000 	C:\WINDOWS\System32\ADVAPI32.dll
0x00007fff4be30000 - 0x00007fff4bece000 	C:\WINDOWS\System32\msvcrt.dll
0x00007fff4b720000 - 0x00007fff4b779000 	C:\WINDOWS\System32\sechost.dll
0x00007fff4c630000 - 0x00007fff4c751000 	C:\WINDOWS\System32\RPCRT4.dll
0x00007fff4b7f0000 - 0x00007fff4b955000 	C:\WINDOWS\System32\USER32.dll
0x00007fff49a50000 - 0x00007fff49a6e000 	C:\WINDOWS\System32\win32u.dll
0x00007fff4c7d0000 - 0x00007fff4c804000 	C:\WINDOWS\System32\GDI32.dll
0x00007fff49030000 - 0x00007fff491b2000 	C:\WINDOWS\System32\gdi32full.dll
0x00007fff41b70000 - 0x00007fff41dea000 	C:\WINDOWS\WinSxS\amd64_microsoft.windows.common-controls_6595b64144ccf1df_6.0.14393.351_none_4213128bc687e6d3\COMCTL32.dll
0x00007fff4c810000 - 0x00007fff4cad7000 	C:\WINDOWS\System32\combase.dll
0x00007fff491c0000 - 0x00007fff492b5000 	C:\WINDOWS\System32\ucrtbase.dll
0x00007fff49a70000 - 0x00007fff49ada000 	C:\WINDOWS\System32\bcryptPrimitives.dll
0x00007fff4b6f0000 - 0x00007fff4b71e000 	C:\WINDOWS\System32\IMM32.DLL
0x0000000071450000 - 0x0000000071522000 	C:\Program Files\Java\jdk1.8.0_25\jre\bin\msvcr100.dll
0x000000006f7f0000 - 0x000000007004a000 	C:\Program Files\Java\jdk1.8.0_25\jre\bin\server\jvm.dll
0x00007fff4b6e0000 - 0x00007fff4b6e8000 	C:\WINDOWS\System32\PSAPI.DLL
0x00007fff47380000 - 0x00007fff47389000 	C:\WINDOWS\SYSTEM32\WSOCK32.dll
0x00007fff4bc60000 - 0x00007fff4bcca000 	C:\WINDOWS\System32\WS2_32.dll
0x00007fff472b0000 - 0x00007fff472d3000 	C:\WINDOWS\SYSTEM32\WINMM.dll
0x00007fff47250000 - 0x00007fff4727b000 	C:\WINDOWS\SYSTEM32\WINMMBASE.dll
0x00007fff49f80000 - 0x00007fff49fc2000 	C:\WINDOWS\System32\cfgmgr32.dll
0x0000000071c50000 - 0x0000000071c5f000 	C:\Program Files\Java\jdk1.8.0_25\jre\bin\verify.dll
0x0000000071900000 - 0x0000000071928000 	C:\Program Files\Java\jdk1.8.0_25\jre\bin\java.dll
0x00000000718e0000 - 0x00000000718f6000 	C:\Program Files\Java\jdk1.8.0_25\jre\bin\zip.dll
0x00007fff4a1d0000 - 0x00007fff4b6d9000 	C:\WINDOWS\System32\SHELL32.dll
0x00007fff492c0000 - 0x00007fff4999a000 	C:\WINDOWS\System32\windows.storage.dll
0x00007fff48f60000 - 0x00007fff48fac000 	C:\WINDOWS\System32\powrprof.dll
0x00007fff4bed0000 - 0x00007fff4bf22000 	C:\WINDOWS\System32\shlwapi.dll
0x00007fff48fb0000 - 0x00007fff48fbf000 	C:\WINDOWS\System32\kernel.appcore.dll
0x00007fff499a0000 - 0x00007fff49a49000 	C:\WINDOWS\System32\shcore.dll
0x00007fff48f40000 - 0x00007fff48f54000 	C:\WINDOWS\System32\profapi.dll
0x00007fff39d40000 - 0x00007fff39ed2000 	C:\WINDOWS\SYSTEM32\dbghelp.dll

VM Arguments:
jvm_args: -Djava.awt.headless=true -Xmx1024M -Dfile.encoding=windows-1252 -Duser.country=FR -Duser.language=fr -Duser.variant 
java_command: com.android.dx.command.Main --dex --num-threads=4 --output C:\Users\Famille\AndroidStudioProjects\Niviel\app\build\intermediates\pre-dexed\debug\com.google.firebase-firebase-analytics-impl-9.8.0_46f114e85b664e0f6305bbe1a065d46e7b6cb5b0.jar C:\Users\Famille\AndroidStudioProjects\Niviel\app\build\intermediates\exploded-aar\com.google.firebase\firebase-analytics-impl\9.8.0\jars\classes.jar
java_class_path (initial): C:\Users\Famille\AppData\Local\Android\sdk\build-tools\23.0.2\lib\dx.jar
Launcher Type: SUN_STANDARD

Environment Variables:
JAVA_HOME=C:\Program Files\Java\jdk1.8.0_25
PATH=C:\Program Files\Broadcom\Broadcom 802.11 Network Adapter;C:\Program Files\Broadcom\Broadcom 802.11;C:\ProgramData\Oracle\Java\javapath;C:\Program Files (x86)\Intel\iCLS Client\;C:\Program Files\Intel\iCLS Client\;C:\Windows\system32;C:\Windows;C:\Windows\System32\Wbem;C:\Windows\System32\WindowsPowerShell\v1.0\;C:\Program Files\Hewlett-Packard\SimplePass\;C:\wamp\bin\php\php5.5.12;C:\Python34;C:\Users\Famille\AppData\Roaming\npm\;C:\Program Files\nodejs\;C:\Program Files\Git\cmd;C:\Program Files (x86)\Brackets\command;C:\Program Files (x86)\Ant\bin;C:\Program Files (x86)\Maven\bin;C:\Program Files (x86)\Intel\Intel(R) Management Engine Components\DAL;C:\Program Files\Intel\Intel(R) Management Engine Components\DAL;C:\Program Files (x86)\Intel\Intel(R) Management Engine Components\IPT;C:\Program Files\Intel\Intel(R) Management Engine Components\IPT;C:\Users\Famille\AppData\Local\Android\sdk\platform-tools;C:\WINDOWS\system32;C:\WINDOWS;C:\WINDOWS\System32\Wbem;C:\WINDOWS\System32\WindowsPowerShell\v1.0\;C:\Users\Famille\AppData\Local\atom\bin;C:\Users\Famille\AppData\Roaming\npm;%USERPROFILE%\AppData\Local\Microsoft\WindowsApps;
USERNAME=de Lachaux
OS=Windows_NT
PROCESSOR_IDENTIFIER=Intel64 Family 6 Model 69 Stepping 1, GenuineIntel



---------------  S Y S T E M  ---------------

OS: Windows 8.1 , 64 bit Build 9600 

CPU:total 4 (2 cores per cpu, 2 threads per core) family 6 model 69 stepping 1, cmov, cx8, fxsr, mmx, sse, sse2, sse3, ssse3, sse4.1, sse4.2, popcnt, avx, avx2, aes, clmul, erms, lzcnt, ht, tsc, tscinvbit, bmi1, bmi2

Memory: 4k page, physical 4122776k(332268k free), swap 5555352k(20348k free)

vm_info: Java HotSpot(TM) 64-Bit Server VM (25.25-b02) for windows-amd64 JRE (1.8.0_25-b18), built on Oct  7 2014 14:25:37 by "java_re" with MS VC++ 10.0 (VS2010)

time: Tue Nov 08 18:42:54 2016
elapsed time: 5 seconds (0d 0h 0m 5s)

