#
# There is insufficient memory for the Java Runtime Environment to continue.
# Native memory allocation (malloc) failed to allocate 662992 bytes for Chunk::new
# Possible reasons:
#   The system is out of physical RAM or swap space
#   In 32 bit mode, the process size limit was hit
# Possible solutions:
#   Reduce memory load on the system
#   Increase physical memory or swap space
#   Check if swap backing store is full
#   Use 64 bit Java on a 64 bit OS
#   Decrease Java heap size (-Xmx/-Xms)
#   Decrease number of Java threads
#   Decrease Java thread stack sizes (-Xss)
#   Set larger code cache with -XX:ReservedCodeCacheSize=
# This output file may be truncated or incomplete.
#
#  Out of Memory Error (allocation.cpp:390), pid=30764, tid=33644
#
# JRE version: Java(TM) SE Runtime Environment (8.0_25-b18) (build 1.8.0_25-b18)
# Java VM: Java HotSpot(TM) 64-Bit Server VM (25.25-b02 mixed mode windows-amd64 compressed oops)
# Failed to write core dump. Minidumps are not enabled by default on client versions of Windows
#

---------------  T H R E A D  ---------------

Current thread (0x0000000015501000):  JavaThread "C2 CompilerThread1" daemon [_thread_in_native, id=33644, stack(0x0000000016b60000,0x0000000016c60000)]

Stack: [0x0000000016b60000,0x0000000016c60000]
Native frames: (J=compiled Java code, j=interpreted, Vv=VM code, C=native code)
V  [jvm.dll+0x31667a]
V  [jvm.dll+0x267073]
V  [jvm.dll+0x267cb3]
V  [jvm.dll+0x25f5b5]
V  [jvm.dll+0xbf165]
V  [jvm.dll+0xbf60c]
V  [jvm.dll+0x44af32]
V  [jvm.dll+0x4c06e5]
V  [jvm.dll+0x4c131f]
V  [jvm.dll+0x451121]
V  [jvm.dll+0x4538f8]
V  [jvm.dll+0x437372]
V  [jvm.dll+0x98a02]
V  [jvm.dll+0x991f3]
V  [jvm.dll+0x22bde4]
V  [jvm.dll+0x2852fa]
C  [msvcr100.dll+0x21d9f]
C  [msvcr100.dll+0x21e3b]
C  [KERNEL32.DLL+0x18102]
C  [ntdll.dll+0x5c5b4]


Current CompileTask:
C2:    686  763       4       com.android.dx.ssa.SsaBasicBlock::forEachInsn (37 bytes)


---------------  P R O C E S S  ---------------

Java Threads: ( => current thread )
  0x0000000017023000 JavaThread "pool-2-thread-4" [_thread_in_vm, id=33544, stack(0x0000000017760000,0x0000000017860000)]
  0x0000000017021800 JavaThread "pool-2-thread-3" [_thread_in_Java, id=33124, stack(0x0000000017660000,0x0000000017760000)]
  0x0000000017020800 JavaThread "pool-2-thread-2" [_thread_in_vm, id=29872, stack(0x0000000017560000,0x0000000017660000)]
  0x0000000017048000 JavaThread "pool-3-thread-1" [_thread_blocked, id=33020, stack(0x0000000017460000,0x0000000017560000)]
  0x0000000017047800 JavaThread "pool-2-thread-1" [_thread_in_Java, id=33628, stack(0x0000000017360000,0x0000000017460000)]
  0x000000001555b000 JavaThread "Service Thread" daemon [_thread_blocked, id=27844, stack(0x0000000017160000,0x0000000017260000)]
  0x0000000015507800 JavaThread "C1 CompilerThread2" daemon [_thread_in_native, id=33592, stack(0x0000000016c60000,0x0000000016d60000)]
=>0x0000000015501000 JavaThread "C2 CompilerThread1" daemon [_thread_in_native, id=33644, stack(0x0000000016b60000,0x0000000016c60000)]
  0x00000000154fc000 JavaThread "C2 CompilerThread0" daemon [_thread_in_native, id=33080, stack(0x0000000016a60000,0x0000000016b60000)]
  0x00000000154fa800 JavaThread "Attach Listener" daemon [_thread_blocked, id=33352, stack(0x0000000016960000,0x0000000016a60000)]
  0x00000000154f9000 JavaThread "Signal Dispatcher" daemon [_thread_blocked, id=33404, stack(0x0000000016860000,0x0000000016960000)]
  0x0000000002d24800 JavaThread "Finalizer" daemon [_thread_blocked, id=33100, stack(0x0000000016760000,0x0000000016860000)]
  0x0000000002d1d800 JavaThread "Reference Handler" daemon [_thread_blocked, id=33096, stack(0x0000000016660000,0x0000000016760000)]
  0x0000000002e2e000 JavaThread "main" [_thread_in_vm, id=33332, stack(0x0000000002b00000,0x0000000002c00000)]

Other Threads:
  0x00000000154c6800 VMThread [stack: 0x0000000016560000,0x0000000016660000] [id=33220]
  0x000000001555d000 WatcherThread [stack: 0x0000000017260000,0x0000000017360000] [id=32780]

VM state:not at safepoint (normal execution)

VM Mutex/Monitor currently owned by a thread: None

Heap:
 PSYoungGen      total 18944K, used 16374K [0x00000000eab00000, 0x00000000ec000000, 0x0000000100000000)
  eden space 16384K, 99% used [0x00000000eab00000,0x00000000ebafd950,0x00000000ebb00000)
  from space 2560K, 0% used [0x00000000ebd80000,0x00000000ebd80000,0x00000000ec000000)
  to   space 2560K, 0% used [0x00000000ebb00000,0x00000000ebb00000,0x00000000ebd80000)
 ParOldGen       total 44032K, used 0K [0x00000000c0000000, 0x00000000c2b00000, 0x00000000eab00000)
  object space 44032K, 0% used [0x00000000c0000000,0x00000000c0000000,0x00000000c2b00000)
 Metaspace       used 5660K, capacity 6640K, committed 6784K, reserved 1056768K
  class space    used 585K, capacity 616K, committed 640K, reserved 1048576K

Card table byte_map: [0x00000000121f0000,0x0000000012400000] byte_map_base: 0x0000000011bf0000

Marking Bits: (ParMarkBitMap*) 0x0000000057b9d490
 Begin Bits: [0x0000000012960000, 0x0000000013960000)
 End Bits:   [0x0000000013960000, 0x0000000014960000)

Polling page: 0x0000000001550000

CodeCache: size=245760Kb used=3211Kb max_used=3211Kb free=242548Kb
 bounds [0x0000000002e30000, 0x0000000003160000, 0x0000000011e30000]
 total_blobs=1105 nmethods=841 adapters=178
 compilation: enabled

Compilation events (10 events):
Event: 0.661 Thread 0x0000000015507800  806       3       com.android.dx.dex.code.RopTranslator$LocalVariableAwareTranslationVisitor::addIntroductionIfNecessary (30 bytes)
Event: 0.662 Thread 0x0000000015507800 nmethod 806 0x0000000003130b50 code [0x0000000003130d40, 0x00000000031317c8]
Event: 0.662 Thread 0x0000000015507800  810       3       com.android.dx.ssa.SCCP::simulateBlock (54 bytes)
Event: 0.663 Thread 0x0000000015507800 nmethod 810 0x0000000003131cd0 code [0x0000000003131ec0, 0x0000000003132808]
Event: 0.663 Thread 0x0000000015507800  807       3       com.android.dx.ssa.SsaMethod::indexListFromLabelList (47 bytes)
Event: 0.664 Thread 0x0000000015507800 nmethod 807 0x0000000003132bd0 code [0x0000000003132d80, 0x0000000003133538]
Event: 0.664 Thread 0x0000000015507800  816       3       com.android.dx.ssa.back.LivenessAnalyzer::run (231 bytes)
Event: 0.664 Thread 0x00000000154fc000  819   !   4       com.android.dx.rop.code.RegisterSpecSet::put (104 bytes)
Event: 0.665 Thread 0x0000000015507800 nmethod 816 0x00000000031337d0 code [0x0000000003133ae0, 0x0000000003135188]
Event: 0.665 Thread 0x0000000015507800  818       3       com.android.dx.ssa.LocalVariableExtractor::processBlock (383 bytes)

GC Heap History (0 events):
No events

Deoptimization events (4 events):
Event: 0.567 Thread 0x0000000017021800 Uncommon trap: reason=class_check action=maybe_recompile pc=0x000000000308e830 method=com.android.dx.ssa.NormalSsaInsn.accept(Lcom/android/dx/ssa/SsaInsn$Visitor;)V @ 9
Event: 0.567 Thread 0x0000000017021800 Uncommon trap: reason=class_check action=maybe_recompile pc=0x000000000308e830 method=com.android.dx.ssa.NormalSsaInsn.accept(Lcom/android/dx/ssa/SsaInsn$Visitor;)V @ 9
Event: 0.567 Thread 0x0000000017021800 Uncommon trap: reason=class_check action=maybe_recompile pc=0x000000000308e830 method=com.android.dx.ssa.NormalSsaInsn.accept(Lcom/android/dx/ssa/SsaInsn$Visitor;)V @ 9
Event: 0.567 Thread 0x0000000017021800 Uncommon trap: reason=class_check action=maybe_recompile pc=0x000000000308e830 method=com.android.dx.ssa.NormalSsaInsn.accept(Lcom/android/dx/ssa/SsaInsn$Visitor;)V @ 9

Internal exceptions (10 events):
Event: 0.429 Thread 0x0000000017021800 Exception <a 'java/security/PrivilegedActionException'> (0x00000000eb685230) thrown at [D:\re\workspace\8-2-build-windows-amd64-cygwin\jdk8u25\1677\hotspot\src\share\vm\prims\jvm.cpp, line 1312]
Event: 0.429 Thread 0x0000000017021800 Exception <a 'java/security/PrivilegedActionException'> (0x00000000eb68a790) thrown at [D:\re\workspace\8-2-build-windows-amd64-cygwin\jdk8u25\1677\hotspot\src\share\vm\prims\jvm.cpp, line 1312]
Event: 0.430 Thread 0x0000000002e2e000 Exception <a 'java/security/PrivilegedActionException'> (0x00000000eb5073d8) thrown at [D:\re\workspace\8-2-build-windows-amd64-cygwin\jdk8u25\1677\hotspot\src\share\vm\prims\jvm.cpp, line 1312]
Event: 0.434 Thread 0x0000000002e2e000 Exception <a 'java/security/PrivilegedActionException'> (0x00000000eb513f90) thrown at [D:\re\workspace\8-2-build-windows-amd64-cygwin\jdk8u25\1677\hotspot\src\share\vm\prims\jvm.cpp, line 1312]
Event: 0.436 Thread 0x0000000002e2e000 Exception <a 'java/security/PrivilegedActionException'> (0x00000000eb51a518) thrown at [D:\re\workspace\8-2-build-windows-amd64-cygwin\jdk8u25\1677\hotspot\src\share\vm\prims\jvm.cpp, line 1312]
Event: 0.437 Thread 0x0000000002e2e000 Exception <a 'java/security/PrivilegedActionException'> (0x00000000eb51f148) thrown at [D:\re\workspace\8-2-build-windows-amd64-cygwin\jdk8u25\1677\hotspot\src\share\vm\prims\jvm.cpp, line 1312]
Event: 0.459 Thread 0x0000000002e2e000 Exception <a 'java/security/PrivilegedActionException'> (0x00000000eb736fb0) thrown at [D:\re\workspace\8-2-build-windows-amd64-cygwin\jdk8u25\1677\hotspot\src\share\vm\prims\jvm.cpp, line 1312]
Event: 0.461 Thread 0x0000000002e2e000 Exception <a 'java/security/PrivilegedActionException'> (0x00000000eb73e5f8) thrown at [D:\re\workspace\8-2-build-windows-amd64-cygwin\jdk8u25\1677\hotspot\src\share\vm\prims\jvm.cpp, line 1312]
Event: 0.463 Thread 0x0000000017047800 Exception <a 'java/security/PrivilegedActionException'> (0x00000000eb6fe3c8) thrown at [D:\re\workspace\8-2-build-windows-amd64-cygwin\jdk8u25\1677\hotspot\src\share\vm\prims\jvm.cpp, line 1312]
Event: 0.562 Thread 0x0000000017021800 Exception <a 'java/security/PrivilegedActionException'> (0x00000000eb7a6ed8) thrown at [D:\re\workspace\8-2-build-windows-amd64-cygwin\jdk8u25\1677\hotspot\src\share\vm\prims\jvm.cpp, line 1312]

Events (10 events):
Event: 0.567 Thread 0x0000000017021800 DEOPT PACKING pc=0x000000000308e830 sp=0x000000001775e840
Event: 0.567 Thread 0x0000000017021800 DEOPT UNPACKING pc=0x0000000002e7556a sp=0x000000001775e7d0 mode 2
Event: 0.567 Thread 0x0000000017021800 Uncommon trap: trap_request=0xffffffde fr.pc=0x000000000308e830
Event: 0.567 Thread 0x0000000017021800 DEOPT PACKING pc=0x000000000308e830 sp=0x000000001775e840
Event: 0.567 Thread 0x0000000017021800 DEOPT UNPACKING pc=0x0000000002e7556a sp=0x000000001775e7d0 mode 2
Event: 0.567 Thread 0x0000000017021800 Uncommon trap: trap_request=0xffffffde fr.pc=0x000000000308e830
Event: 0.567 Thread 0x0000000017021800 DEOPT PACKING pc=0x000000000308e830 sp=0x000000001775e840
Event: 0.567 Thread 0x0000000017021800 DEOPT UNPACKING pc=0x0000000002e7556a sp=0x000000001775e7d0 mode 2
Event: 0.595 loading class java/util/ArrayList$1
Event: 0.596 loading class java/util/ArrayList$1 done


Dynamic libraries:
0x00007ff619710000 - 0x00007ff619744000 	C:\Program Files\Java\jdk1.8.0_25\bin\java.exe
0x00007ffdb2fd0000 - 0x00007ffdb3191000 	C:\WINDOWS\SYSTEM32\ntdll.dll
0x00007ffdb2650000 - 0x00007ffdb26fd000 	C:\WINDOWS\system32\KERNEL32.DLL
0x00007ffdafe10000 - 0x00007ffdafff8000 	C:\WINDOWS\system32\KERNELBASE.dll
0x00007ffdb0d80000 - 0x00007ffdb0e27000 	C:\WINDOWS\system32\ADVAPI32.dll
0x00007ffdb1050000 - 0x00007ffdb10ed000 	C:\WINDOWS\system32\msvcrt.dll
0x00007ffdb2f70000 - 0x00007ffdb2fcb000 	C:\WINDOWS\system32\sechost.dll
0x00007ffdb0780000 - 0x00007ffdb089c000 	C:\WINDOWS\system32\RPCRT4.dll
0x00007ffdb2cf0000 - 0x00007ffdb2e46000 	C:\WINDOWS\system32\USER32.dll
0x00007ffdb0520000 - 0x00007ffdb06a6000 	C:\WINDOWS\system32\GDI32.dll
0x00007ffda7820000 - 0x00007ffda7a94000 	C:\WINDOWS\WinSxS\amd64_microsoft.windows.common-controls_6595b64144ccf1df_6.0.10586.494_none_a2d8b04ea53e3145\COMCTL32.dll
0x00007ffdb08a0000 - 0x00007ffdb0b1d000 	C:\WINDOWS\system32\combase.dll
0x00007ffdafd80000 - 0x00007ffdafdea000 	C:\WINDOWS\system32\bcryptPrimitives.dll
0x00007ffdb03d0000 - 0x00007ffdb040b000 	C:\WINDOWS\system32\IMM32.DLL
0x0000000056f00000 - 0x0000000056fd2000 	C:\Program Files\Java\jdk1.8.0_25\jre\bin\msvcr100.dll
0x00000000573c0000 - 0x0000000057c1a000 	C:\Program Files\Java\jdk1.8.0_25\jre\bin\server\jvm.dll
0x00007ffdb0d00000 - 0x00007ffdb0d08000 	C:\WINDOWS\system32\PSAPI.DLL
0x00007ffd9d1c0000 - 0x00007ffd9d1c9000 	C:\WINDOWS\SYSTEM32\WSOCK32.dll
0x00007ffdb0d10000 - 0x00007ffdb0d7b000 	C:\WINDOWS\system32\WS2_32.dll
0x00007ffdad8c0000 - 0x00007ffdad8e3000 	C:\WINDOWS\SYSTEM32\WINMM.dll
0x00007ffdad030000 - 0x00007ffdad05c000 	C:\WINDOWS\SYSTEM32\WINMMBASE.dll
0x00007ffdb0000000 - 0x00007ffdb0043000 	C:\WINDOWS\system32\cfgmgr32.dll
0x00000000573b0000 - 0x00000000573bf000 	C:\Program Files\Java\jdk1.8.0_25\jre\bin\verify.dll
0x0000000057380000 - 0x00000000573a8000 	C:\Program Files\Java\jdk1.8.0_25\jre\bin\java.dll
0x0000000057360000 - 0x0000000057376000 	C:\Program Files\Java\jdk1.8.0_25\jre\bin\zip.dll
0x00007ffdb10f0000 - 0x00007ffdb264c000 	C:\WINDOWS\system32\SHELL32.dll
0x00007ffdaf730000 - 0x00007ffdafd75000 	C:\WINDOWS\system32\windows.storage.dll
0x00007ffdb2c90000 - 0x00007ffdb2ce2000 	C:\WINDOWS\system32\shlwapi.dll
0x00007ffdaf670000 - 0x00007ffdaf67f000 	C:\WINDOWS\system32\kernel.appcore.dll
0x00007ffdb0140000 - 0x00007ffdb01f5000 	C:\WINDOWS\system32\shcore.dll
0x00007ffdaf5f0000 - 0x00007ffdaf63b000 	C:\WINDOWS\system32\powrprof.dll
0x00007ffdaf640000 - 0x00007ffdaf654000 	C:\WINDOWS\system32\profapi.dll
0x00007ffd9aee0000 - 0x00007ffd9b06c000 	C:\WINDOWS\SYSTEM32\dbghelp.dll

VM Arguments:
jvm_args: -Djava.awt.headless=true -Xmx1024M -Dfile.encoding=windows-1252 -Duser.country=FR -Duser.language=fr -Duser.variant 
java_command: com.android.dx.command.Main --dex --force-jumbo --num-threads=4 --multi-dex --output C:\Users\Famille\AndroidStudioProjects\Niviel\app\build\intermediates\transforms\dex\debug\folders\1000\10\gson-2.5_5e8b5468139ba08580ff9ef35e6638782f5f99af C:\Users\Famille\.gradle\caches\modules-2\files-2.1\com.google.code.gson\gson\2.5\686c608d1805b6d4d425ec4459e88164ffc85870\gson-2.5.jar
java_class_path (initial): C:\Users\Famille\AppData\Local\Android\sdk\build-tools\23.0.2\lib\dx.jar
Launcher Type: SUN_STANDARD

Environment Variables:
JAVA_HOME=C:\Program Files\Java\jdk1.8.0_25
PATH=C:\Program Files\Broadcom\Broadcom 802.11 Network Adapter;;C:\Program Files\Broadcom\Broadcom 802.11;C:\ProgramData\Oracle\Java\javapath;C:\Program Files (x86)\Intel\iCLS Client\;C:\Program Files\Intel\iCLS Client\;C:\Windows\system32;C:\Windows;C:\Windows\System32\Wbem;C:\Windows\System32\WindowsPowerShell\v1.0\;C:\Program Files\Hewlett-Packard\SimplePass\;C:\wamp\bin\php\php5.5.12;C:\Python27;C:\Users\Famille\AppData\Roaming\npm\;C:\Program Files\nodejs\;C:\Program Files\Git\cmd;C:\Program Files (x86)\Brackets\command;C:\Program Files (x86)\Ant\bin;C:\Program Files (x86)\Maven\bin;C:\Program Files (x86)\Intel\Intel(R) Management Engine Components\DAL;C:\Program Files\Intel\Intel(R) Management Engine Components\DAL;C:\Program Files (x86)\Intel\Intel(R) Management Engine Components\IPT;C:\Program Files\Intel\Intel(R) Management Engine Components\IPT;C:\Users\Famille\AppData\Local\atom\bin;C:\Users\Famille\AppData\Roaming\npm
USERNAME=de Lachaux
OS=Windows_NT
PROCESSOR_IDENTIFIER=Intel64 Family 6 Model 69 Stepping 1, GenuineIntel



---------------  S Y S T E M  ---------------

OS: Windows 8.1 , 64 bit Build 9600 

CPU:total 4 (2 cores per cpu, 2 threads per core) family 6 model 69 stepping 1, cmov, cx8, fxsr, mmx, sse, sse2, sse3, ssse3, sse4.1, sse4.2, popcnt, avx, avx2, aes, clmul, erms, lzcnt, ht, tsc, tscinvbit, bmi1, bmi2

Memory: 4k page, physical 4122776k(353312k free), swap 5555352k(5284k free)

vm_info: Java HotSpot(TM) 64-Bit Server VM (25.25-b02) for windows-amd64 JRE (1.8.0_25-b18), built on Oct  7 2014 14:25:37 by "java_re" with MS VC++ 10.0 (VS2010)

time: Tue Aug 23 11:33:05 2016
elapsed time: 0 seconds (0d 0h 0m 0s)

