#
# There is insufficient memory for the Java Runtime Environment to continue.
# Native memory allocation (malloc) failed to allocate 32744 bytes for ChunkPool::allocate
# Possible reasons:
#   The system is out of physical RAM or swap space
#   In 32 bit mode, the process size limit was hit
# Possible solutions:
#   Reduce memory load on the system
#   Increase physical memory or swap space
#   Check if swap backing store is full
#   Use 64 bit Java on a 64 bit OS
#   Decrease Java heap size (-Xmx/-Xms)
#   Decrease number of Java threads
#   Decrease Java thread stack sizes (-Xss)
#   Set larger code cache with -XX:ReservedCodeCacheSize=
# This output file may be truncated or incomplete.
#
#  Out of Memory Error (allocation.cpp:273), pid=13672, tid=13892
#
# JRE version: Java(TM) SE Runtime Environment (8.0_25-b18) (build 1.8.0_25-b18)
# Java VM: Java HotSpot(TM) 64-Bit Server VM (25.25-b02 mixed mode windows-amd64 compressed oops)
# Failed to write core dump. Minidumps are not enabled by default on client versions of Windows
#

---------------  T H R E A D  ---------------

Current thread (0x0000000014d7c000):  JavaThread "C2 CompilerThread0" daemon [_thread_in_native, id=13892, stack(0x00000000162e0000,0x00000000163e0000)]

Stack: [0x00000000162e0000,0x00000000163e0000]
Native frames: (J=compiled Java code, j=interpreted, Vv=VM code, C=native code)
V  [jvm.dll+0x31667a]
V  [jvm.dll+0x267073]
V  [jvm.dll+0x267cb3]
V  [jvm.dll+0x25f5b5]
V  [jvm.dll+0xbeec1]
V  [jvm.dll+0xbf60c]
V  [jvm.dll+0x47dad0]
V  [jvm.dll+0x47db5f]
V  [jvm.dll+0x494b95]
V  [jvm.dll+0x4953be]
V  [jvm.dll+0x446404]
V  [jvm.dll+0x45130e]
V  [jvm.dll+0x4538f8]
V  [jvm.dll+0x437372]
V  [jvm.dll+0x98a02]
V  [jvm.dll+0x991f3]
V  [jvm.dll+0x22bde4]
V  [jvm.dll+0x2852fa]
C  [msvcr100.dll+0x21d9f]
C  [msvcr100.dll+0x21e3b]
C  [KERNEL32.DLL+0x18102]
C  [ntdll.dll+0x5c5b4]


Current CompileTask:
C2:   2139  584       4       java.util.HashMap::getNode (148 bytes)


---------------  P R O C E S S  ---------------

Java Threads: ( => current thread )
  0x0000000016759000 JavaThread "pool-2-thread-4" [_thread_in_Java, id=14220, stack(0x0000000016fe0000,0x00000000170e0000)]
  0x0000000016753800 JavaThread "pool-2-thread-3" [_thread_in_Java, id=14208, stack(0x0000000016ee0000,0x0000000016fe0000)]
  0x0000000016752000 JavaThread "pool-2-thread-2" [_thread_in_Java, id=14212, stack(0x0000000016de0000,0x0000000016ee0000)]
  0x0000000016748000 JavaThread "pool-3-thread-1" [_thread_blocked, id=14200, stack(0x0000000016ce0000,0x0000000016de0000)]
  0x0000000016744800 JavaThread "pool-2-thread-1" [_thread_in_Java, id=14204, stack(0x0000000016be0000,0x0000000016ce0000)]
  0x00000000164eb000 JavaThread "Service Thread" daemon [_thread_blocked, id=13952, stack(0x00000000169e0000,0x0000000016ae0000)]
  0x00000000164e8800 JavaThread "C1 CompilerThread2" daemon [_thread_in_native, id=13924, stack(0x00000000168e0000,0x00000000169e0000)]
  0x0000000014d81000 JavaThread "C2 CompilerThread1" daemon [_thread_in_native, id=13908, stack(0x00000000163e0000,0x00000000164e0000)]
=>0x0000000014d7c000 JavaThread "C2 CompilerThread0" daemon [_thread_in_native, id=13892, stack(0x00000000162e0000,0x00000000163e0000)]
  0x0000000014d7a800 JavaThread "Attach Listener" daemon [_thread_blocked, id=13888, stack(0x00000000161e0000,0x00000000162e0000)]
  0x0000000014d79800 JavaThread "Signal Dispatcher" daemon [_thread_blocked, id=13928, stack(0x00000000160e0000,0x00000000161e0000)]
  0x00000000026a0800 JavaThread "Finalizer" daemon [_thread_blocked, id=13876, stack(0x0000000015fe0000,0x00000000160e0000)]
  0x000000000269d000 JavaThread "Reference Handler" daemon [_thread_blocked, id=13868, stack(0x0000000015ee0000,0x0000000015fe0000)]
  0x000000000254e000 JavaThread "main" [_thread_in_vm, id=13768, stack(0x0000000002430000,0x0000000002530000)]

Other Threads:
  0x0000000014d46800 VMThread [stack: 0x0000000015de0000,0x0000000015ee0000] [id=13852]
  0x00000000164ec000 WatcherThread [stack: 0x0000000016ae0000,0x0000000016be0000] [id=13944]

VM state:not at safepoint (normal execution)

VM Mutex/Monitor currently owned by a thread: None

Heap:
 PSYoungGen      total 18944K, used 14147K [0x00000000eab00000, 0x00000000ec000000, 0x0000000100000000)
  eden space 16384K, 70% used [0x00000000eab00000,0x00000000eb656210,0x00000000ebb00000)
  from space 2560K, 99% used [0x00000000ebb00000,0x00000000ebd7aac8,0x00000000ebd80000)
  to   space 2560K, 0% used [0x00000000ebd80000,0x00000000ebd80000,0x00000000ec000000)
 ParOldGen       total 44032K, used 1527K [0x00000000c0000000, 0x00000000c2b00000, 0x00000000eab00000)
  object space 44032K, 3% used [0x00000000c0000000,0x00000000c017dcb8,0x00000000c2b00000)
 Metaspace       used 5678K, capacity 6640K, committed 6784K, reserved 1056768K
  class space    used 587K, capacity 616K, committed 640K, reserved 1048576K

Card table byte_map: [0x0000000011a70000,0x0000000011c80000] byte_map_base: 0x0000000011470000

Marking Bits: (ParMarkBitMap*) 0x0000000057b9d490
 Begin Bits: [0x00000000121e0000, 0x00000000131e0000)
 End Bits:   [0x00000000131e0000, 0x00000000141e0000)

Polling page: 0x0000000000bb0000

CodeCache: size=245760Kb used=2252Kb max_used=2263Kb free=243507Kb
 bounds [0x00000000026b0000, 0x0000000002920000, 0x00000000116b0000]
 total_blobs=839 nmethods=575 adapters=178
 compilation: enabled

Compilation events (10 events):
Event: 1.630 Thread 0x0000000014d81000 nmethod 621 0x00000000028e0e50 code [0x00000000028e0fa0, 0x00000000028e1218]
Event: 1.630 Thread 0x0000000014d81000  622       4       com.android.dx.util.IntList::add (65 bytes)
Event: 1.635 Thread 0x0000000014d81000 nmethod 622 0x00000000028e5ad0 code [0x00000000028e5c20, 0x00000000028e5f78]
Event: 1.635 Thread 0x0000000014d81000  626       4       com.android.dx.rop.code.RegisterSpec::getCategory (13 bytes)
Event: 1.636 Thread 0x0000000014d81000 nmethod 626 0x00000000028e57d0 code [0x00000000028e5920, 0x00000000028e59f8]
Event: 1.636 Thread 0x0000000014d81000  628       4       com.android.dx.rop.code.InsnList::get (9 bytes)
Event: 1.637 Thread 0x0000000014d81000 nmethod 628 0x00000000028e5450 code [0x00000000028e55a0, 0x00000000028e5698]
Event: 1.637 Thread 0x0000000014d81000  627       4       com.android.dx.util.MutabilityControl::<init> (10 bytes)
Event: 1.637 Thread 0x0000000014d81000 nmethod 627 0x00000000028e6250 code [0x00000000028e6380, 0x00000000028e63d8]
Event: 1.637 Thread 0x0000000014d81000  631       4       java.util.HashMap::get (23 bytes)

GC Heap History (0 events):
No events

Deoptimization events (0 events):
No events

Internal exceptions (10 events):
Event: 1.540 Thread 0x0000000016759000 Exception <a 'java/security/PrivilegedActionException'> (0x00000000eb572200) thrown at [D:\re\workspace\8-2-build-windows-amd64-cygwin\jdk8u25\1677\hotspot\src\share\vm\prims\jvm.cpp, line 1312]
Event: 1.541 Thread 0x0000000016759000 Exception <a 'java/security/PrivilegedActionException'> (0x00000000eb577c38) thrown at [D:\re\workspace\8-2-build-windows-amd64-cygwin\jdk8u25\1677\hotspot\src\share\vm\prims\jvm.cpp, line 1312]
Event: 1.542 Thread 0x0000000016759000 Exception <a 'java/security/PrivilegedActionException'> (0x00000000eb580718) thrown at [D:\re\workspace\8-2-build-windows-amd64-cygwin\jdk8u25\1677\hotspot\src\share\vm\prims\jvm.cpp, line 1312]
Event: 1.543 Thread 0x0000000016759000 Exception <a 'java/security/PrivilegedActionException'> (0x00000000eb585dc0) thrown at [D:\re\workspace\8-2-build-windows-amd64-cygwin\jdk8u25\1677\hotspot\src\share\vm\prims\jvm.cpp, line 1312]
Event: 1.543 Thread 0x0000000016759000 Exception <a 'java/security/PrivilegedActionException'> (0x00000000eb588dc8) thrown at [D:\re\workspace\8-2-build-windows-amd64-cygwin\jdk8u25\1677\hotspot\src\share\vm\prims\jvm.cpp, line 1312]
Event: 1.548 Thread 0x0000000016753800 Exception <a 'java/security/PrivilegedActionException'> (0x00000000eb68f880) thrown at [D:\re\workspace\8-2-build-windows-amd64-cygwin\jdk8u25\1677\hotspot\src\share\vm\prims\jvm.cpp, line 1312]
Event: 1.554 Thread 0x0000000016752000 Exception <a 'java/security/PrivilegedActionException'> (0x00000000eb388ae8) thrown at [D:\re\workspace\8-2-build-windows-amd64-cygwin\jdk8u25\1677\hotspot\src\share\vm\prims\jvm.cpp, line 1312]
Event: 1.561 Thread 0x0000000016744800 Exception <a 'java/security/PrivilegedActionException'> (0x00000000eb3fe318) thrown at [D:\re\workspace\8-2-build-windows-amd64-cygwin\jdk8u25\1677\hotspot\src\share\vm\prims\jvm.cpp, line 1312]
Event: 1.573 Thread 0x0000000016744800 Exception <a 'java/security/PrivilegedActionException'> (0x00000000eb7a21b8) thrown at [D:\re\workspace\8-2-build-windows-amd64-cygwin\jdk8u25\1677\hotspot\src\share\vm\prims\jvm.cpp, line 1312]
Event: 1.579 Thread 0x000000000254e000 Exception <a 'java/security/PrivilegedActionException'> (0x00000000eb76ed38) thrown at [D:\re\workspace\8-2-build-windows-amd64-cygwin\jdk8u25\1677\hotspot\src\share\vm\prims\jvm.cpp, line 1312]

Events (10 events):
Event: 1.548 loading class com/android/dx/ssa/PhiInsn$Operand
Event: 1.548 loading class com/android/dx/ssa/PhiInsn$Operand done
Event: 1.554 loading class com/android/dx/cf/code/BytecodeArray$ConstantParserVisitor
Event: 1.554 loading class com/android/dx/cf/code/BytecodeArray$ConstantParserVisitor done
Event: 1.561 loading class com/android/dx/dex/file/MethodAnnotationStruct
Event: 1.561 loading class com/android/dx/dex/file/MethodAnnotationStruct done
Event: 1.573 loading class com/android/dx/ssa/back/FirstFitLocalCombiningAllocator$Multiset
Event: 1.573 loading class com/android/dx/ssa/back/FirstFitLocalCombiningAllocator$Multiset done
Event: 1.579 loading class com/android/dx/cf/code/SwitchList
Event: 1.579 loading class com/android/dx/cf/code/SwitchList done


Dynamic libraries:
0x00007ff620af0000 - 0x00007ff620b24000 	C:\Program Files\Java\jdk1.8.0_25\bin\java.exe
0x00007ffdb2fd0000 - 0x00007ffdb3191000 	C:\WINDOWS\SYSTEM32\ntdll.dll
0x00007ffdb2650000 - 0x00007ffdb26fd000 	C:\WINDOWS\system32\KERNEL32.DLL
0x00007ffdafe10000 - 0x00007ffdafff8000 	C:\WINDOWS\system32\KERNELBASE.dll
0x00007ffdb0d80000 - 0x00007ffdb0e27000 	C:\WINDOWS\system32\ADVAPI32.dll
0x00007ffdb1050000 - 0x00007ffdb10ed000 	C:\WINDOWS\system32\msvcrt.dll
0x00007ffdb2f70000 - 0x00007ffdb2fcb000 	C:\WINDOWS\system32\sechost.dll
0x00007ffdb0780000 - 0x00007ffdb089c000 	C:\WINDOWS\system32\RPCRT4.dll
0x00007ffdb2cf0000 - 0x00007ffdb2e46000 	C:\WINDOWS\system32\USER32.dll
0x00007ffdb0520000 - 0x00007ffdb06a6000 	C:\WINDOWS\system32\GDI32.dll
0x00007ffda7820000 - 0x00007ffda7a94000 	C:\WINDOWS\WinSxS\amd64_microsoft.windows.common-controls_6595b64144ccf1df_6.0.10586.494_none_a2d8b04ea53e3145\COMCTL32.dll
0x00007ffdb08a0000 - 0x00007ffdb0b1d000 	C:\WINDOWS\system32\combase.dll
0x00007ffdafd80000 - 0x00007ffdafdea000 	C:\WINDOWS\system32\bcryptPrimitives.dll
0x00007ffdb03d0000 - 0x00007ffdb040b000 	C:\WINDOWS\system32\IMM32.DLL
0x0000000056f00000 - 0x0000000056fd2000 	C:\Program Files\Java\jdk1.8.0_25\jre\bin\msvcr100.dll
0x00000000573c0000 - 0x0000000057c1a000 	C:\Program Files\Java\jdk1.8.0_25\jre\bin\server\jvm.dll
0x00007ffdb0d00000 - 0x00007ffdb0d08000 	C:\WINDOWS\system32\PSAPI.DLL
0x00007ffd9d1c0000 - 0x00007ffd9d1c9000 	C:\WINDOWS\SYSTEM32\WSOCK32.dll
0x00007ffdb0d10000 - 0x00007ffdb0d7b000 	C:\WINDOWS\system32\WS2_32.dll
0x00007ffdad8c0000 - 0x00007ffdad8e3000 	C:\WINDOWS\SYSTEM32\WINMM.dll
0x00007ffdad030000 - 0x00007ffdad05c000 	C:\WINDOWS\SYSTEM32\WINMMBASE.dll
0x00007ffdb0000000 - 0x00007ffdb0043000 	C:\WINDOWS\system32\cfgmgr32.dll
0x00000000573b0000 - 0x00000000573bf000 	C:\Program Files\Java\jdk1.8.0_25\jre\bin\verify.dll
0x0000000057380000 - 0x00000000573a8000 	C:\Program Files\Java\jdk1.8.0_25\jre\bin\java.dll
0x0000000057360000 - 0x0000000057376000 	C:\Program Files\Java\jdk1.8.0_25\jre\bin\zip.dll
0x00007ffdb10f0000 - 0x00007ffdb264c000 	C:\WINDOWS\system32\SHELL32.dll
0x00007ffdaf730000 - 0x00007ffdafd75000 	C:\WINDOWS\system32\windows.storage.dll
0x00007ffdb2c90000 - 0x00007ffdb2ce2000 	C:\WINDOWS\system32\shlwapi.dll
0x00007ffdaf670000 - 0x00007ffdaf67f000 	C:\WINDOWS\system32\kernel.appcore.dll
0x00007ffdb0140000 - 0x00007ffdb01f5000 	C:\WINDOWS\system32\shcore.dll
0x00007ffdaf5f0000 - 0x00007ffdaf63b000 	C:\WINDOWS\system32\powrprof.dll
0x00007ffdaf640000 - 0x00007ffdaf654000 	C:\WINDOWS\system32\profapi.dll
0x00007ffd9aee0000 - 0x00007ffd9b06c000 	C:\WINDOWS\SYSTEM32\dbghelp.dll

VM Arguments:
jvm_args: -Djava.awt.headless=true -Xmx1024M -Dfile.encoding=windows-1252 -Duser.country=FR -Duser.language=fr -Duser.variant 
java_command: com.android.dx.command.Main --dex --force-jumbo --num-threads=4 --multi-dex --output C:\Users\Famille\AndroidStudioProjects\Niviel\app\build\intermediates\transforms\dex\debug\folders\1000\10\com.android.support-recyclerview-v7-24.2.0_eb420716c5d28490ae4791adc3064b541522631e C:\Users\Famille\AndroidStudioProjects\Niviel\app\build\intermediates\exploded-aar\com.android.support\recyclerview-v7\24.2.0\jars\classes.jar
java_class_path (initial): C:\Users\Famille\AppData\Local\Android\sdk\build-tools\23.0.2\lib\dx.jar
Launcher Type: SUN_STANDARD

Environment Variables:
JAVA_HOME=C:\Program Files\Java\jdk1.8.0_25
PATH=C:\Program Files\Broadcom\Broadcom 802.11 Network Adapter;;C:\Program Files\Broadcom\Broadcom 802.11;C:\ProgramData\Oracle\Java\javapath;C:\Program Files (x86)\Intel\iCLS Client\;C:\Program Files\Intel\iCLS Client\;C:\Windows\system32;C:\Windows;C:\Windows\System32\Wbem;C:\Windows\System32\WindowsPowerShell\v1.0\;C:\Program Files\Hewlett-Packard\SimplePass\;C:\wamp\bin\php\php5.5.12;C:\Python27;C:\Users\Famille\AppData\Roaming\npm\;C:\Program Files\nodejs\;C:\Program Files\Git\cmd;C:\Program Files (x86)\Brackets\command;C:\Program Files (x86)\Ant\bin;C:\Program Files (x86)\Maven\bin;C:\Program Files (x86)\Intel\Intel(R) Management Engine Components\DAL;C:\Program Files\Intel\Intel(R) Management Engine Components\DAL;C:\Program Files (x86)\Intel\Intel(R) Management Engine Components\IPT;C:\Program Files\Intel\Intel(R) Management Engine Components\IPT;C:\Users\Famille\AppData\Local\atom\bin;C:\Users\Famille\AppData\Roaming\npm
USERNAME=de Lachaux
OS=Windows_NT
PROCESSOR_IDENTIFIER=Intel64 Family 6 Model 69 Stepping 1, GenuineIntel



---------------  S Y S T E M  ---------------

OS: Windows 8.1 , 64 bit Build 9600 

CPU:total 4 (2 cores per cpu, 2 threads per core) family 6 model 69 stepping 1, cmov, cx8, fxsr, mmx, sse, sse2, sse3, ssse3, sse4.1, sse4.2, popcnt, avx, avx2, aes, clmul, erms, lzcnt, ht, tsc, tscinvbit, bmi1, bmi2

Memory: 4k page, physical 4122776k(674712k free), swap 5555352k(263496k free)

vm_info: Java HotSpot(TM) 64-Bit Server VM (25.25-b02) for windows-amd64 JRE (1.8.0_25-b18), built on Oct  7 2014 14:25:37 by "java_re" with MS VC++ 10.0 (VS2010)

time: Mon Aug 22 17:55:29 2016
elapsed time: 2 seconds (0d 0h 0m 2s)

