#
# There is insufficient memory for the Java Runtime Environment to continue.
# Native memory allocation (malloc) failed to allocate 521216 bytes for Chunk::new
# Possible reasons:
#   The system is out of physical RAM or swap space
#   In 32 bit mode, the process size limit was hit
# Possible solutions:
#   Reduce memory load on the system
#   Increase physical memory or swap space
#   Check if swap backing store is full
#   Use 64 bit Java on a 64 bit OS
#   Decrease Java heap size (-Xmx/-Xms)
#   Decrease number of Java threads
#   Decrease Java thread stack sizes (-Xss)
#   Set larger code cache with -XX:ReservedCodeCacheSize=
# This output file may be truncated or incomplete.
#
#  Out of Memory Error (allocation.cpp:390), pid=11592, tid=13692
#
# JRE version: Java(TM) SE Runtime Environment (8.0_25-b18) (build 1.8.0_25-b18)
# Java VM: Java HotSpot(TM) 64-Bit Server VM (25.25-b02 mixed mode windows-amd64 compressed oops)
# Failed to write core dump. Minidumps are not enabled by default on client versions of Windows
#

---------------  T H R E A D  ---------------

Current thread (0x0000000014b6c000):  JavaThread "C2 CompilerThread0" daemon [_thread_in_native, id=13692, stack(0x00000000160e0000,0x00000000161e0000)]

Stack: [0x00000000160e0000,0x00000000161e0000]
Native frames: (J=compiled Java code, j=interpreted, Vv=VM code, C=native code)
V  [jvm.dll+0x31667a]


Current CompileTask:
C2:    988  707       4       com.android.dx.ssa.SsaBasicBlock::forEachInsn (37 bytes)


---------------  P R O C E S S  ---------------

Java Threads: ( => current thread )
  0x0000000016514000 JavaThread "pool-2-thread-4" [_thread_in_vm, id=13856, stack(0x0000000016de0000,0x0000000016ee0000)]
  0x0000000016512800 JavaThread "pool-2-thread-3" [_thread_in_Java, id=13848, stack(0x0000000016ce0000,0x0000000016de0000)]
  0x0000000016513000 JavaThread "pool-2-thread-2" [_thread_in_Java, id=13828, stack(0x0000000016be0000,0x0000000016ce0000)]
  0x000000001650f800 JavaThread "pool-3-thread-1" [_thread_blocked, id=13820, stack(0x0000000016ae0000,0x0000000016be0000)]
  0x000000001650e000 JavaThread "pool-2-thread-1" [_thread_in_Java, id=13812, stack(0x00000000169e0000,0x0000000016ae0000)]
  0x00000000163ec000 JavaThread "Service Thread" daemon [_thread_blocked, id=13776, stack(0x00000000167e0000,0x00000000168e0000)]
  0x0000000014bb8000 JavaThread "C1 CompilerThread2" daemon [_thread_in_native, id=13536, stack(0x00000000162e0000,0x00000000163e0000)]
  0x0000000014b71000 JavaThread "C2 CompilerThread1" daemon [_thread_in_native, id=13684, stack(0x00000000161e0000,0x00000000162e0000)]
=>0x0000000014b6c000 JavaThread "C2 CompilerThread0" daemon [_thread_in_native, id=13692, stack(0x00000000160e0000,0x00000000161e0000)]
  0x0000000014b6a800 JavaThread "Attach Listener" daemon [_thread_blocked, id=13648, stack(0x0000000015fe0000,0x00000000160e0000)]
  0x0000000014b69800 JavaThread "Signal Dispatcher" daemon [_thread_blocked, id=13636, stack(0x0000000015ee0000,0x0000000015fe0000)]
  0x00000000023f6000 JavaThread "Finalizer" daemon [_thread_blocked, id=13460, stack(0x0000000015de0000,0x0000000015ee0000)]
  0x00000000023ed000 JavaThread "Reference Handler" daemon [_thread_blocked, id=12568, stack(0x0000000015ce0000,0x0000000015de0000)]
  0x000000000249e000 JavaThread "main" [_thread_blocked, id=13408, stack(0x00000000021b0000,0x00000000022b0000)]

Other Threads:
  0x0000000014b36800 VMThread [stack: 0x0000000015be0000,0x0000000015ce0000] [id=13428]
  0x00000000163ee000 WatcherThread [stack: 0x00000000168e0000,0x00000000169e0000] [id=13764]

VM state:not at safepoint (normal execution)

VM Mutex/Monitor currently owned by a thread: None

Heap:
 PSYoungGen      total 18944K, used 9851K [0x00000000eab00000, 0x00000000ec000000, 0x0000000100000000)
  eden space 16384K, 60% used [0x00000000eab00000,0x00000000eb49ed10,0x00000000ebb00000)
  from space 2560K, 0% used [0x00000000ebb00000,0x00000000ebb00000,0x00000000ebd80000)
  to   space 2560K, 0% used [0x00000000ebd80000,0x00000000ebd80000,0x00000000ec000000)
 ParOldGen       total 32768K, used 1721K [0x00000000c0000000, 0x00000000c2000000, 0x00000000eab00000)
  object space 32768K, 5% used [0x00000000c0000000,0x00000000c01ae4a8,0x00000000c2000000)
 Metaspace       used 5616K, capacity 6704K, committed 6784K, reserved 1058816K
  class space    used 586K, capacity 616K, committed 640K, reserved 1048576K

Card table byte_map: [0x0000000011860000,0x0000000011a70000] byte_map_base: 0x0000000011260000

Marking Bits: (ParMarkBitMap*) 0x0000000057b9d490
 Begin Bits: [0x0000000011fd0000, 0x0000000012fd0000)
 End Bits:   [0x0000000012fd0000, 0x0000000013fd0000)

Polling page: 0x00000000022b0000

CodeCache: size=245760Kb used=2840Kb max_used=2840Kb free=242919Kb
 bounds [0x00000000024a0000, 0x0000000002770000, 0x00000000114a0000]
 total_blobs=982 nmethods=717 adapters=178
 compilation: enabled

Compilation events (10 events):
Event: 0.981 Thread 0x0000000014bb8000 nmethod 726 0x000000000273aad0 code [0x000000000273ac20, 0x000000000273ad30]
Event: 0.981 Thread 0x0000000014bb8000  729       3       com.android.dx.ssa.back.RegisterAllocator::getDefinitionSpecForSsaReg (22 bytes)
Event: 0.981 Thread 0x0000000014bb8000 nmethod 729 0x000000000272d590 code [0x000000000272d700, 0x000000000272da08]
Event: 0.982 Thread 0x0000000014bb8000  736       3       java.util.TreeMap$PrivateEntryIterator::hasNext (13 bytes)
Event: 0.982 Thread 0x0000000014bb8000 nmethod 736 0x000000000273a750 code [0x000000000273a8a0, 0x000000000273aa50]
Event: 0.982 Thread 0x0000000014bb8000  721       3       com.android.dx.ssa.DeadCodeRemover::access$000 (5 bytes)
Event: 0.982 Thread 0x0000000014bb8000 nmethod 721 0x000000000273da90 code [0x000000000273dc00, 0x000000000273dea8]
Event: 0.982 Thread 0x0000000014bb8000  737       3       java.util.TreeMap$PrivateEntryIterator::nextEntry (54 bytes)
Event: 0.982 Thread 0x0000000014bb8000 nmethod 737 0x000000000273d410 code [0x000000000273d5a0, 0x000000000273d908]
Event: 0.982 Thread 0x0000000014bb8000  702       3       com.android.dx.ssa.SsaMethod$2::visitNonMoveInsn (6 bytes)

GC Heap History (4 events):
Event: 0.520 GC heap before
{Heap before GC invocations=1 (full 0):
 PSYoungGen      total 18944K, used 5988K [0x00000000eab00000, 0x00000000ec000000, 0x0000000100000000)
  eden space 16384K, 36% used [0x00000000eab00000,0x00000000eb0d9260,0x00000000ebb00000)
  from space 2560K, 0% used [0x00000000ebd80000,0x00000000ebd80000,0x00000000ec000000)
  to   space 2560K, 0% used [0x00000000ebb00000,0x00000000ebb00000,0x00000000ebd80000)
 ParOldGen       total 44032K, used 0K [0x00000000c0000000, 0x00000000c2b00000, 0x00000000eab00000)
  object space 44032K, 0% used [0x00000000c0000000,0x00000000c0000000,0x00000000c2b00000)
 Metaspace       used 4102K, capacity 5296K, committed 5376K, reserved 1062912K
  class space    used 459K, capacity 488K, committed 512K, reserved 1048576K
Event: 0.523 GC heap after
Heap after GC invocations=1 (full 0):
 PSYoungGen      total 18944K, used 1808K [0x00000000eab00000, 0x00000000ec000000, 0x0000000100000000)
  eden space 16384K, 0% used [0x00000000eab00000,0x00000000eab00000,0x00000000ebb00000)
  from space 2560K, 70% used [0x00000000ebb00000,0x00000000ebcc4378,0x00000000ebd80000)
  to   space 2560K, 0% used [0x00000000ebd80000,0x00000000ebd80000,0x00000000ec000000)
 ParOldGen       total 44032K, used 8K [0x00000000c0000000, 0x00000000c2b00000, 0x00000000eab00000)
  object space 44032K, 0% used [0x00000000c0000000,0x00000000c0002000,0x00000000c2b00000)
 Metaspace       used 4102K, capacity 5296K, committed 5376K, reserved 1062912K
  class space    used 459K, capacity 488K, committed 512K, reserved 1048576K
}
Event: 0.523 GC heap before
{Heap before GC invocations=2 (full 1):
 PSYoungGen      total 18944K, used 1808K [0x00000000eab00000, 0x00000000ec000000, 0x0000000100000000)
  eden space 16384K, 0% used [0x00000000eab00000,0x00000000eab00000,0x00000000ebb00000)
  from space 2560K, 70% used [0x00000000ebb00000,0x00000000ebcc4378,0x00000000ebd80000)
  to   space 2560K, 0% used [0x00000000ebd80000,0x00000000ebd80000,0x00000000ec000000)
 ParOldGen       total 44032K, used 8K [0x00000000c0000000, 0x00000000c2b00000, 0x00000000eab00000)
  object space 44032K, 0% used [0x00000000c0000000,0x00000000c0002000,0x00000000c2b00000)
 Metaspace       used 4102K, capacity 5296K, committed 5376K, reserved 1062912K
  class space    used 459K, capacity 488K, committed 512K, reserved 1048576K
Event: 0.545 GC heap after
Heap after GC invocations=2 (full 1):
 PSYoungGen      total 18944K, used 0K [0x00000000eab00000, 0x00000000ec000000, 0x0000000100000000)
  eden space 16384K, 0% used [0x00000000eab00000,0x00000000eab00000,0x00000000ebb00000)
  from space 2560K, 0% used [0x00000000ebb00000,0x00000000ebb00000,0x00000000ebd80000)
  to   space 2560K, 0% used [0x00000000ebd80000,0x00000000ebd80000,0x00000000ec000000)
 ParOldGen       total 32768K, used 1721K [0x00000000c0000000, 0x00000000c2000000, 0x00000000eab00000)
  object space 32768K, 5% used [0x00000000c0000000,0x00000000c01ae4a8,0x00000000c2000000)
 Metaspace       used 4102K, capacity 5296K, committed 5376K, reserved 1058816K
  class space    used 459K, capacity 488K, committed 512K, reserved 1048576K
}

Deoptimization events (1 events):
Event: 0.948 Thread 0x0000000016512800 Uncommon trap: reason=unreached action=reinterpret pc=0x000000000271dd1c method=com.android.dx.rop.cst.Constant.compareTo(Lcom/android/dx/rop/cst/Constant;)I @ 12

Internal exceptions (10 events):
Event: 0.781 Thread 0x0000000016514000 Exception <a 'java/security/PrivilegedActionException'> (0x00000000eae47690) thrown at [D:\re\workspace\8-2-build-windows-amd64-cygwin\jdk8u25\1677\hotspot\src\share\vm\prims\jvm.cpp, line 1312]
Event: 0.783 Thread 0x0000000016514000 Exception <a 'java/security/PrivilegedActionException'> (0x00000000eae4d8f8) thrown at [D:\re\workspace\8-2-build-windows-amd64-cygwin\jdk8u25\1677\hotspot\src\share\vm\prims\jvm.cpp, line 1312]
Event: 0.783 Thread 0x0000000016513000 Exception <a 'java/security/PrivilegedActionException'> (0x00000000eae90398) thrown at [D:\re\workspace\8-2-build-windows-amd64-cygwin\jdk8u25\1677\hotspot\src\share\vm\prims\jvm.cpp, line 1312]
Event: 0.815 Thread 0x0000000016513000 Exception <a 'java/security/PrivilegedActionException'> (0x00000000eb07ca18) thrown at [D:\re\workspace\8-2-build-windows-amd64-cygwin\jdk8u25\1677\hotspot\src\share\vm\prims\jvm.cpp, line 1312]
Event: 0.822 Thread 0x0000000016513000 Exception <a 'java/security/PrivilegedActionException'> (0x00000000eb096870) thrown at [D:\re\workspace\8-2-build-windows-amd64-cygwin\jdk8u25\1677\hotspot\src\share\vm\prims\jvm.cpp, line 1312]
Event: 0.920 Thread 0x0000000016514000 Exception <a 'java/security/PrivilegedActionException'> (0x00000000eb1e8cd8) thrown at [D:\re\workspace\8-2-build-windows-amd64-cygwin\jdk8u25\1677\hotspot\src\share\vm\prims\jvm.cpp, line 1312]
Event: 0.921 Thread 0x0000000016514000 Exception <a 'java/security/PrivilegedActionException'> (0x00000000eb1ee748) thrown at [D:\re\workspace\8-2-build-windows-amd64-cygwin\jdk8u25\1677\hotspot\src\share\vm\prims\jvm.cpp, line 1312]
Event: 0.922 Thread 0x0000000016514000 Exception <a 'java/security/PrivilegedActionException'> (0x00000000eb1f3ea8) thrown at [D:\re\workspace\8-2-build-windows-amd64-cygwin\jdk8u25\1677\hotspot\src\share\vm\prims\jvm.cpp, line 1312]
Event: 0.939 Thread 0x0000000016513000 Exception <a 'java/security/PrivilegedActionException'> (0x00000000eb0c47a0) thrown at [D:\re\workspace\8-2-build-windows-amd64-cygwin\jdk8u25\1677\hotspot\src\share\vm\prims\jvm.cpp, line 1312]
Event: 0.942 Thread 0x0000000016513000 Exception <a 'java/security/PrivilegedActionException'> (0x00000000eb2c3168) thrown at [D:\re\workspace\8-2-build-windows-amd64-cygwin\jdk8u25\1677\hotspot\src\share\vm\prims\jvm.cpp, line 1312]

Events (10 events):
Event: 0.922 loading class com/android/dx/dex/file/AnnotationSetRefItem done
Event: 0.927 loading class java/util/ArrayList$1
Event: 0.928 loading class java/util/ArrayList$1 done
Event: 0.939 loading class com/android/dx/ssa/back/FirstFitLocalCombiningAllocator$Multiset
Event: 0.939 loading class com/android/dx/ssa/back/FirstFitLocalCombiningAllocator$Multiset done
Event: 0.942 loading class com/android/dx/cf/code/BytecodeArray$ConstantParserVisitor
Event: 0.942 loading class com/android/dx/cf/code/BytecodeArray$ConstantParserVisitor done
Event: 0.948 Thread 0x0000000016512800 Uncommon trap: trap_request=0xffffffad fr.pc=0x000000000271dd1c
Event: 0.948 Thread 0x0000000016512800 DEOPT PACKING pc=0x000000000271dd1c sp=0x0000000016dde590
Event: 0.948 Thread 0x0000000016512800 DEOPT UNPACKING pc=0x00000000024e556a sp=0x0000000016dde530 mode 2


Dynamic libraries:
0x00007ff620af0000 - 0x00007ff620b24000 	C:\Program Files\Java\jdk1.8.0_25\bin\java.exe
0x00007ffdb2fd0000 - 0x00007ffdb3191000 	C:\WINDOWS\SYSTEM32\ntdll.dll
0x00007ffdb2650000 - 0x00007ffdb26fd000 	C:\WINDOWS\system32\KERNEL32.DLL
0x00007ffdafe10000 - 0x00007ffdafff8000 	C:\WINDOWS\system32\KERNELBASE.dll
0x00007ffdb0d80000 - 0x00007ffdb0e27000 	C:\WINDOWS\system32\ADVAPI32.dll
0x00007ffdb1050000 - 0x00007ffdb10ed000 	C:\WINDOWS\system32\msvcrt.dll
0x00007ffdb2f70000 - 0x00007ffdb2fcb000 	C:\WINDOWS\system32\sechost.dll
0x00007ffdb0780000 - 0x00007ffdb089c000 	C:\WINDOWS\system32\RPCRT4.dll
0x00007ffdb2cf0000 - 0x00007ffdb2e46000 	C:\WINDOWS\system32\USER32.dll
0x00007ffdb0520000 - 0x00007ffdb06a6000 	C:\WINDOWS\system32\GDI32.dll
0x00007ffda7820000 - 0x00007ffda7a94000 	C:\WINDOWS\WinSxS\amd64_microsoft.windows.common-controls_6595b64144ccf1df_6.0.10586.494_none_a2d8b04ea53e3145\COMCTL32.dll
0x00007ffdb08a0000 - 0x00007ffdb0b1d000 	C:\WINDOWS\system32\combase.dll
0x00007ffdafd80000 - 0x00007ffdafdea000 	C:\WINDOWS\system32\bcryptPrimitives.dll
0x00007ffdb03d0000 - 0x00007ffdb040b000 	C:\WINDOWS\system32\IMM32.DLL
0x0000000056f00000 - 0x0000000056fd2000 	C:\Program Files\Java\jdk1.8.0_25\jre\bin\msvcr100.dll
0x00000000573c0000 - 0x0000000057c1a000 	C:\Program Files\Java\jdk1.8.0_25\jre\bin\server\jvm.dll
0x00007ffdb0d00000 - 0x00007ffdb0d08000 	C:\WINDOWS\system32\PSAPI.DLL
0x00007ffd9d1c0000 - 0x00007ffd9d1c9000 	C:\WINDOWS\SYSTEM32\WSOCK32.dll
0x00007ffdb0d10000 - 0x00007ffdb0d7b000 	C:\WINDOWS\system32\WS2_32.dll
0x00007ffdad8c0000 - 0x00007ffdad8e3000 	C:\WINDOWS\SYSTEM32\WINMM.dll
0x00007ffdad030000 - 0x00007ffdad05c000 	C:\WINDOWS\SYSTEM32\WINMMBASE.dll
0x00007ffdb0000000 - 0x00007ffdb0043000 	C:\WINDOWS\system32\cfgmgr32.dll
0x00000000573b0000 - 0x00000000573bf000 	C:\Program Files\Java\jdk1.8.0_25\jre\bin\verify.dll
0x0000000057380000 - 0x00000000573a8000 	C:\Program Files\Java\jdk1.8.0_25\jre\bin\java.dll
0x0000000057360000 - 0x0000000057376000 	C:\Program Files\Java\jdk1.8.0_25\jre\bin\zip.dll
0x00007ffdb10f0000 - 0x00007ffdb264c000 	C:\WINDOWS\system32\SHELL32.dll
0x00007ffdaf730000 - 0x00007ffdafd75000 	C:\WINDOWS\system32\windows.storage.dll
0x00007ffdb2c90000 - 0x00007ffdb2ce2000 	C:\WINDOWS\system32\shlwapi.dll
0x00007ffdaf670000 - 0x00007ffdaf67f000 	C:\WINDOWS\system32\kernel.appcore.dll
0x00007ffdb0140000 - 0x00007ffdb01f5000 	C:\WINDOWS\system32\shcore.dll
0x00007ffdaf5f0000 - 0x00007ffdaf63b000 	C:\WINDOWS\system32\powrprof.dll
0x00007ffdaf640000 - 0x00007ffdaf654000 	C:\WINDOWS\system32\profapi.dll
0x00007ffd9aee0000 - 0x00007ffd9b06c000 	C:\WINDOWS\SYSTEM32\dbghelp.dll

VM Arguments:
jvm_args: -Djava.awt.headless=true -Xmx1024M -Dfile.encoding=windows-1252 -Duser.country=FR -Duser.language=fr -Duser.variant 
java_command: com.android.dx.command.Main --dex --force-jumbo --num-threads=4 --multi-dex --output C:\Users\Famille\AndroidStudioProjects\Niviel\app\build\intermediates\transforms\dex\debug\folders\1000\10\com.android.support-cardview-v7-24.2.0_46eeed6c6b5dbcaa6b97e7f98391f4c66ccbb7df C:\Users\Famille\AndroidStudioProjects\Niviel\app\build\intermediates\exploded-aar\com.android.support\cardview-v7\24.2.0\jars\classes.jar
java_class_path (initial): C:\Users\Famille\AppData\Local\Android\sdk\build-tools\23.0.2\lib\dx.jar
Launcher Type: SUN_STANDARD

Environment Variables:
JAVA_HOME=C:\Program Files\Java\jdk1.8.0_25
PATH=C:\Program Files\Broadcom\Broadcom 802.11 Network Adapter;;C:\Program Files\Broadcom\Broadcom 802.11;C:\ProgramData\Oracle\Java\javapath;C:\Program Files (x86)\Intel\iCLS Client\;C:\Program Files\Intel\iCLS Client\;C:\Windows\system32;C:\Windows;C:\Windows\System32\Wbem;C:\Windows\System32\WindowsPowerShell\v1.0\;C:\Program Files\Hewlett-Packard\SimplePass\;C:\wamp\bin\php\php5.5.12;C:\Python27;C:\Users\Famille\AppData\Roaming\npm\;C:\Program Files\nodejs\;C:\Program Files\Git\cmd;C:\Program Files (x86)\Brackets\command;C:\Program Files (x86)\Ant\bin;C:\Program Files (x86)\Maven\bin;C:\Program Files (x86)\Intel\Intel(R) Management Engine Components\DAL;C:\Program Files\Intel\Intel(R) Management Engine Components\DAL;C:\Program Files (x86)\Intel\Intel(R) Management Engine Components\IPT;C:\Program Files\Intel\Intel(R) Management Engine Components\IPT;C:\Users\Famille\AppData\Local\atom\bin;C:\Users\Famille\AppData\Roaming\npm
USERNAME=de Lachaux
OS=Windows_NT
PROCESSOR_IDENTIFIER=Intel64 Family 6 Model 69 Stepping 1, GenuineIntel



---------------  S Y S T E M  ---------------

OS: Windows 8.1 , 64 bit Build 9600 

CPU:total 4 (2 cores per cpu, 2 threads per core) family 6 model 69 stepping 1, cmov, cx8, fxsr, mmx, sse, sse2, sse3, ssse3, sse4.1, sse4.2, popcnt, avx, avx2, aes, clmul, erms, lzcnt, ht, tsc, tscinvbit, bmi1, bmi2

Memory: 4k page, physical 4122776k(559468k free), swap 5555352k(4340k free)

vm_info: Java HotSpot(TM) 64-Bit Server VM (25.25-b02) for windows-amd64 JRE (1.8.0_25-b18), built on Oct  7 2014 14:25:37 by "java_re" with MS VC++ 10.0 (VS2010)

time: Mon Aug 22 17:55:40 2016
elapsed time: 0 seconds (0d 0h 0m 0s)

