#
# There is insufficient memory for the Java Runtime Environment to continue.
# Native memory allocation (malloc) failed to allocate 436016 bytes for Chunk::new
# Possible reasons:
#   The system is out of physical RAM or swap space
#   In 32 bit mode, the process size limit was hit
# Possible solutions:
#   Reduce memory load on the system
#   Increase physical memory or swap space
#   Check if swap backing store is full
#   Use 64 bit Java on a 64 bit OS
#   Decrease Java heap size (-Xmx/-Xms)
#   Decrease number of Java threads
#   Decrease Java thread stack sizes (-Xss)
#   Set larger code cache with -XX:ReservedCodeCacheSize=
# This output file may be truncated or incomplete.
#
#  Out of Memory Error (allocation.cpp:390), pid=49740, tid=36436
#
# JRE version: Java(TM) SE Runtime Environment (8.0_25-b18) (build 1.8.0_25-b18)
# Java VM: Java HotSpot(TM) 64-Bit Server VM (25.25-b02 mixed mode windows-amd64 compressed oops)
# Failed to write core dump. Minidumps are not enabled by default on client versions of Windows
#

---------------  T H R E A D  ---------------

Current thread (0x00000000154bc000):  JavaThread "C2 CompilerThread0" daemon [_thread_in_native, id=36436, stack(0x0000000016a30000,0x0000000016b30000)]

Stack: [0x0000000016a30000,0x0000000016b30000]
Native frames: (J=compiled Java code, j=interpreted, Vv=VM code, C=native code)
V  [jvm.dll+0x31667a]
V  [jvm.dll+0x267073]
V  [jvm.dll+0x267cb3]
V  [jvm.dll+0x25f5b5]
V  [jvm.dll+0xbf165]
V  [jvm.dll+0xbf60c]
V  [jvm.dll+0x45d672]
V  [jvm.dll+0x49e8ef]
V  [jvm.dll+0x452668]
V  [jvm.dll+0x453864]
V  [jvm.dll+0x437372]
V  [jvm.dll+0x98a02]
V  [jvm.dll+0x991f3]
V  [jvm.dll+0x22bde4]
V  [jvm.dll+0x2852fa]
C  [msvcr100.dll+0x21d9f]
C  [msvcr100.dll+0x21e3b]
C  [KERNEL32.DLL+0x8364]
C  [ntdll.dll+0x65e91]


Current CompileTask:
C2:   2219  914       4       com.android.dx.ssa.back.LivenessAnalyzer::handleTailRecursion (94 bytes)


---------------  P R O C E S S  ---------------

Java Threads: ( => current thread )
  0x0000000016e9d000 JavaThread "pool-1-thread-4" [_thread_in_vm, id=35352, stack(0x0000000017730000,0x0000000017830000)]
  0x0000000016e85800 JavaThread "pool-1-thread-3" [_thread_in_Java, id=43992, stack(0x0000000017630000,0x0000000017730000)]
  0x0000000016e81800 JavaThread "pool-2-thread-1" [_thread_blocked, id=42576, stack(0x0000000017430000,0x0000000017530000)]
  0x0000000016e7d000 JavaThread "pool-1-thread-1" [_thread_in_Java, id=49884, stack(0x0000000017330000,0x0000000017430000)]
  0x0000000016d35800 JavaThread "Service Thread" daemon [_thread_blocked, id=8996, stack(0x0000000017130000,0x0000000017230000)]
  0x000000001550d800 JavaThread "C1 CompilerThread2" daemon [_thread_blocked, id=42052, stack(0x0000000016c30000,0x0000000016d30000)]
  0x00000000154f8000 JavaThread "C2 CompilerThread1" daemon [_thread_in_native, id=49032, stack(0x0000000016b30000,0x0000000016c30000)]
=>0x00000000154bc000 JavaThread "C2 CompilerThread0" daemon [_thread_in_native, id=36436, stack(0x0000000016a30000,0x0000000016b30000)]
  0x00000000154ba800 JavaThread "Attach Listener" daemon [_thread_blocked, id=46896, stack(0x0000000016930000,0x0000000016a30000)]
  0x00000000154b9800 JavaThread "Signal Dispatcher" daemon [_thread_blocked, id=27156, stack(0x0000000016830000,0x0000000016930000)]
  0x0000000002ddf000 JavaThread "Finalizer" daemon [_thread_blocked, id=42072, stack(0x0000000016730000,0x0000000016830000)]
  0x0000000002ddc000 JavaThread "Reference Handler" daemon [_thread_blocked, id=41000, stack(0x0000000016630000,0x0000000016730000)]
  0x0000000002b7d800 JavaThread "main" [_thread_blocked, id=44880, stack(0x0000000002bf0000,0x0000000002cf0000)]

Other Threads:
  0x0000000015486800 VMThread [stack: 0x0000000016530000,0x0000000016630000] [id=38152]
  0x0000000016d38000 WatcherThread [stack: 0x0000000017230000,0x0000000017330000] [id=44328]

VM state:not at safepoint (normal execution)

VM Mutex/Monitor currently owned by a thread: None

Heap:
 PSYoungGen      total 18944K, used 6764K [0x00000000eab00000, 0x00000000ed000000, 0x0000000100000000)
  eden space 16384K, 25% used [0x00000000eab00000,0x00000000eaf22fe0,0x00000000ebb00000)
  from space 2560K, 98% used [0x00000000ebb00000,0x00000000ebd78038,0x00000000ebd80000)
  to   space 2560K, 0% used [0x00000000ecd80000,0x00000000ecd80000,0x00000000ed000000)
 ParOldGen       total 44032K, used 1724K [0x00000000c0000000, 0x00000000c2b00000, 0x00000000eab00000)
  object space 44032K, 3% used [0x00000000c0000000,0x00000000c01af1c8,0x00000000c2b00000)
 Metaspace       used 5761K, capacity 6768K, committed 7040K, reserved 1056768K
  class space    used 588K, capacity 616K, committed 640K, reserved 1048576K

Card table byte_map: [0x00000000121b0000,0x00000000123c0000] byte_map_base: 0x0000000011bb0000

Marking Bits: (ParMarkBitMap*) 0x000000005c28d490
 Begin Bits: [0x0000000012920000, 0x0000000013920000)
 End Bits:   [0x0000000013920000, 0x0000000014920000)

Polling page: 0x0000000001210000

CodeCache: size=245760Kb used=3554Kb max_used=3554Kb free=242205Kb
 bounds [0x0000000002df0000, 0x0000000003170000, 0x0000000011df0000]
 total_blobs=1194 nmethods=929 adapters=179
 compilation: enabled

Compilation events (10 events):
Event: 2.197 Thread 0x000000001550d800 nmethod 875 0x000000000313e850 code [0x000000000313e9a0, 0x000000000313eb10]
Event: 2.197 Thread 0x000000001550d800  814       3       com.android.dx.dex.code.RopTranslator$LocalVariableAwareTranslationVisitor::visitPlainInsn (11 bytes)
Event: 2.198 Thread 0x000000001550d800 nmethod 814 0x0000000003151290 code [0x00000000031514a0, 0x0000000003151fd8]
Event: 2.198 Thread 0x000000001550d800  815       3       com.android.dx.dex.code.RopTranslator$TranslationVisitor::visitPlainInsn (161 bytes)
Event: 2.199 Thread 0x000000001550d800 nmethod 815 0x0000000003152610 code [0x00000000031528a0, 0x0000000003153bf8]
Event: 2.199 Thread 0x000000001550d800  822       3       com.android.dx.cf.code.ByteBlockList::get (9 bytes)
Event: 2.199 Thread 0x000000001550d800 nmethod 822 0x0000000003154650 code [0x00000000031547c0, 0x0000000003154aa8]
Event: 2.199 Thread 0x000000001550d800  861       3       com.android.dx.rop.type.StdTypeList::<init> (6 bytes)
Event: 2.200 Thread 0x000000001550d800 nmethod 861 0x0000000003154b50 code [0x0000000003154cc0, 0x0000000003154e48]
Event: 2.200 Thread 0x000000001550d800  819       3       com.android.dx.cf.code.Simulator$SimVisitor::visitConstant (332 bytes)

GC Heap History (2 events):
Event: 2.059 GC heap before
{Heap before GC invocations=1 (full 0):
 PSYoungGen      total 18944K, used 16384K [0x00000000eab00000, 0x00000000ec000000, 0x0000000100000000)
  eden space 16384K, 100% used [0x00000000eab00000,0x00000000ebb00000,0x00000000ebb00000)
  from space 2560K, 0% used [0x00000000ebd80000,0x00000000ebd80000,0x00000000ec000000)
  to   space 2560K, 0% used [0x00000000ebb00000,0x00000000ebb00000,0x00000000ebd80000)
 ParOldGen       total 44032K, used 0K [0x00000000c0000000, 0x00000000c2b00000, 0x00000000eab00000)
  object space 44032K, 0% used [0x00000000c0000000,0x00000000c0000000,0x00000000c2b00000)
 Metaspace       used 5712K, capacity 6704K, committed 6784K, reserved 1056768K
  class space    used 588K, capacity 616K, committed 640K, reserved 1048576K
Event: 2.111 GC heap after
Heap after GC invocations=1 (full 0):
 PSYoungGen      total 18944K, used 2528K [0x00000000eab00000, 0x00000000ed000000, 0x0000000100000000)
  eden space 16384K, 0% used [0x00000000eab00000,0x00000000eab00000,0x00000000ebb00000)
  from space 2560K, 98% used [0x00000000ebb00000,0x00000000ebd78038,0x00000000ebd80000)
  to   space 2560K, 0% used [0x00000000ecd80000,0x00000000ecd80000,0x00000000ed000000)
 ParOldGen       total 44032K, used 1724K [0x00000000c0000000, 0x00000000c2b00000, 0x00000000eab00000)
  object space 44032K, 3% used [0x00000000c0000000,0x00000000c01af1c8,0x00000000c2b00000)
 Metaspace       used 5712K, capacity 6704K, committed 6784K, reserved 1056768K
  class space    used 588K, capacity 616K, committed 640K, reserved 1048576K
}

Deoptimization events (2 events):
Event: 2.161 Thread 0x0000000016e85800 Uncommon trap: reason=null_check action=make_not_entrant pc=0x0000000003123560 method=com.android.dx.ssa.SsaRenamer.getLocalForNewReg(I)Lcom/android/dx/rop/code/LocalItem; @ 19
Event: 2.173 Thread 0x0000000016e7d000 Uncommon trap: reason=unreached action=reinterpret pc=0x000000000311de9c method=com.android.dx.rop.cst.Constant.compareTo(Lcom/android/dx/rop/cst/Constant;)I @ 12

Internal exceptions (10 events):
Event: 1.703 Thread 0x0000000002b7d800 Exception <a 'java/security/PrivilegedActionException'> (0x00000000eb281750) thrown at [D:\re\workspace\8-2-build-windows-amd64-cygwin\jdk8u25\1677\hotspot\src\share\vm\prims\jvm.cpp, line 1312]
Event: 1.704 Thread 0x0000000002b7d800 Exception <a 'java/security/PrivilegedActionException'> (0x00000000eb2871f8) thrown at [D:\re\workspace\8-2-build-windows-amd64-cygwin\jdk8u25\1677\hotspot\src\share\vm\prims\jvm.cpp, line 1312]
Event: 1.709 Thread 0x0000000002b7d800 Exception <a 'java/security/PrivilegedActionException'> (0x00000000eb297cd8) thrown at [D:\re\workspace\8-2-build-windows-amd64-cygwin\jdk8u25\1677\hotspot\src\share\vm\prims\jvm.cpp, line 1312]
Event: 1.713 Thread 0x0000000002b7d800 Exception <a 'java/security/PrivilegedActionException'> (0x00000000eb2a3e98) thrown at [D:\re\workspace\8-2-build-windows-amd64-cygwin\jdk8u25\1677\hotspot\src\share\vm\prims\jvm.cpp, line 1312]
Event: 1.716 Thread 0x0000000002b7d800 Exception <a 'java/security/PrivilegedActionException'> (0x00000000eb2ae548) thrown at [D:\re\workspace\8-2-build-windows-amd64-cygwin\jdk8u25\1677\hotspot\src\share\vm\prims\jvm.cpp, line 1312]
Event: 1.919 Thread 0x0000000016e7d000 Exception <a 'java/security/PrivilegedActionException'> (0x00000000eb6446b0) thrown at [D:\re\workspace\8-2-build-windows-amd64-cygwin\jdk8u25\1677\hotspot\src\share\vm\prims\jvm.cpp, line 1312]
Event: 1.986 Thread 0x0000000016e82800 Exception <a 'java/security/PrivilegedActionException'> (0x00000000eb9fc8a0) thrown at [D:\re\workspace\8-2-build-windows-amd64-cygwin\jdk8u25\1677\hotspot\src\share\vm\prims\jvm.cpp, line 1312]
Event: 1.998 Thread 0x0000000016e82800 Exception <a 'java/security/PrivilegedActionException'> (0x00000000eba4d850) thrown at [D:\re\workspace\8-2-build-windows-amd64-cygwin\jdk8u25\1677\hotspot\src\share\vm\prims\jvm.cpp, line 1312]
Event: 2.026 Thread 0x0000000002b7d800 Exception <a 'java/security/PrivilegedActionException'> (0x00000000ebac1ba0) thrown at [D:\re\workspace\8-2-build-windows-amd64-cygwin\jdk8u25\1677\hotspot\src\share\vm\prims\jvm.cpp, line 1312]
Event: 2.161 Thread 0x0000000016e85800 Implicit null exception at 0x00000000031211d6 to 0x0000000003123539

Events (10 events):
Event: 2.111 Executing VM operation: ParallelGCFailedAllocation done
Event: 2.112 loading class sun/misc/Cleaner
Event: 2.112 loading class sun/misc/Cleaner done
Event: 2.161 Thread 0x0000000016e85800 Uncommon trap: trap_request=0xfffffff4 fr.pc=0x0000000003123560
Event: 2.161 Thread 0x0000000016e85800 DEOPT PACKING pc=0x0000000003123560 sp=0x000000001772e750
Event: 2.161 Thread 0x0000000016e85800 DEOPT UNPACKING pc=0x0000000002e3556a sp=0x000000001772e588 mode 2
Event: 2.173 Thread 0x0000000016e7d000 Uncommon trap: trap_request=0xffffffad fr.pc=0x000000000311de9c
Event: 2.173 Thread 0x0000000016e7d000 DEOPT PACKING pc=0x000000000311de9c sp=0x000000001742e5a0
Event: 2.173 Thread 0x0000000016e7d000 DEOPT UNPACKING pc=0x0000000002e3556a sp=0x000000001742e540 mode 2
Event: 2.181 Thread 0x0000000016e82800 Thread exited: 0x0000000016e82800


Dynamic libraries:
0x00007ff6a1ad0000 - 0x00007ff6a1b04000 	C:\Program Files\Java\jdk1.8.0_25\bin\java.exe
0x00007ffb77dc0000 - 0x00007ffb77f91000 	C:\WINDOWS\SYSTEM32\ntdll.dll
0x00007ffb777e0000 - 0x00007ffb7788b000 	C:\WINDOWS\System32\KERNEL32.DLL
0x00007ffb74760000 - 0x00007ffb7497d000 	C:\WINDOWS\System32\KERNELBASE.dll
0x00007ffb76a50000 - 0x00007ffb76af2000 	C:\WINDOWS\System32\ADVAPI32.dll
0x00007ffb77ab0000 - 0x00007ffb77b4e000 	C:\WINDOWS\System32\msvcrt.dll
0x00007ffb76d90000 - 0x00007ffb76de9000 	C:\WINDOWS\System32\sechost.dll
0x00007ffb76c60000 - 0x00007ffb76d81000 	C:\WINDOWS\System32\RPCRT4.dll
0x00007ffb77b50000 - 0x00007ffb77cb5000 	C:\WINDOWS\System32\USER32.dll
0x00007ffb74310000 - 0x00007ffb7432e000 	C:\WINDOWS\System32\win32u.dll
0x00007ffb76910000 - 0x00007ffb76944000 	C:\WINDOWS\System32\GDI32.dll
0x00007ffb74980000 - 0x00007ffb74b02000 	C:\WINDOWS\System32\gdi32full.dll
0x00007ffb68940000 - 0x00007ffb68bba000 	C:\WINDOWS\WinSxS\amd64_microsoft.windows.common-controls_6595b64144ccf1df_6.0.14393.351_none_4213128bc687e6d3\COMCTL32.dll
0x00007ffb77510000 - 0x00007ffb777d7000 	C:\WINDOWS\System32\combase.dll
0x00007ffb74330000 - 0x00007ffb74425000 	C:\WINDOWS\System32\ucrtbase.dll
0x00007ffb746a0000 - 0x00007ffb7470a000 	C:\WINDOWS\System32\bcryptPrimitives.dll
0x00007ffb77d20000 - 0x00007ffb77d4e000 	C:\WINDOWS\System32\IMM32.DLL
0x000000005e0a0000 - 0x000000005e172000 	C:\Program Files\Java\jdk1.8.0_25\jre\bin\msvcr100.dll
0x000000005bab0000 - 0x000000005c30a000 	C:\Program Files\Java\jdk1.8.0_25\jre\bin\server\jvm.dll
0x00007ffb76900000 - 0x00007ffb76908000 	C:\WINDOWS\System32\PSAPI.DLL
0x00007ffb68180000 - 0x00007ffb68189000 	C:\WINDOWS\SYSTEM32\WSOCK32.dll
0x00007ffb77d50000 - 0x00007ffb77dba000 	C:\WINDOWS\System32\WS2_32.dll
0x00007ffb725d0000 - 0x00007ffb725f3000 	C:\WINDOWS\SYSTEM32\WINMM.dll
0x00007ffb72560000 - 0x00007ffb7258b000 	C:\WINDOWS\SYSTEM32\WINMMBASE.dll
0x00007ffb74710000 - 0x00007ffb74752000 	C:\WINDOWS\System32\cfgmgr32.dll
0x000000005e090000 - 0x000000005e09f000 	C:\Program Files\Java\jdk1.8.0_25\jre\bin\verify.dll
0x000000005e060000 - 0x000000005e088000 	C:\Program Files\Java\jdk1.8.0_25\jre\bin\java.dll
0x000000005e040000 - 0x000000005e056000 	C:\Program Files\Java\jdk1.8.0_25\jre\bin\zip.dll
0x00007ffb75350000 - 0x00007ffb76859000 	C:\WINDOWS\System32\SHELL32.dll
0x00007ffb74b10000 - 0x00007ffb751ea000 	C:\WINDOWS\System32\windows.storage.dll
0x00007ffb74260000 - 0x00007ffb742ac000 	C:\WINDOWS\System32\powrprof.dll
0x00007ffb77890000 - 0x00007ffb778e2000 	C:\WINDOWS\System32\shlwapi.dll
0x00007ffb74250000 - 0x00007ffb7425f000 	C:\WINDOWS\System32\kernel.appcore.dll
0x00007ffb751f0000 - 0x00007ffb75299000 	C:\WINDOWS\System32\shcore.dll
0x00007ffb74230000 - 0x00007ffb74244000 	C:\WINDOWS\System32\profapi.dll
0x00007ffb63ef0000 - 0x00007ffb64082000 	C:\WINDOWS\SYSTEM32\dbghelp.dll

VM Arguments:
jvm_args: -Djava.awt.headless=true -Xmx1024M -Dfile.encoding=windows-1252 -Duser.country=FR -Duser.language=fr -Duser.variant 
java_command: com.android.dx.command.Main --dex --num-threads=4 --output C:\Users\Famille\AndroidStudioProjects\Niviel\app\build\intermediates\pre-dexed\debug\internal_impl-24.2.1_a6bfba02fdf8738a410b5308a7371810bc20deae.jar C:\Users\Famille\AndroidStudioProjects\Niviel\app\build\intermediates\exploded-aar\com.android.support\support-core-utils\24.2.1\jars\libs\internal_impl-24.2.1.jar
java_class_path (initial): C:\Users\Famille\AppData\Local\Android\sdk\build-tools\23.0.2\lib\dx.jar
Launcher Type: SUN_STANDARD

Environment Variables:
JAVA_HOME=C:\Program Files\Java\jdk1.8.0_25
PATH=C:\Program Files\Broadcom\Broadcom 802.11 Network Adapter;C:\Program Files\Broadcom\Broadcom 802.11;C:\ProgramData\Oracle\Java\javapath;C:\Program Files (x86)\Intel\iCLS Client\;C:\Program Files\Intel\iCLS Client\;C:\Windows\system32;C:\Windows;C:\Windows\System32\Wbem;C:\Windows\System32\WindowsPowerShell\v1.0\;C:\Program Files\Hewlett-Packard\SimplePass\;C:\wamp\bin\php\php5.5.12;C:\Python34;C:\Users\Famille\AppData\Roaming\npm\;C:\Program Files\nodejs\;C:\Program Files\Git\cmd;C:\Program Files (x86)\Brackets\command;C:\Program Files (x86)\Ant\bin;C:\Program Files (x86)\Maven\bin;C:\Program Files (x86)\Intel\Intel(R) Management Engine Components\DAL;C:\Program Files\Intel\Intel(R) Management Engine Components\DAL;C:\Program Files (x86)\Intel\Intel(R) Management Engine Components\IPT;C:\Program Files\Intel\Intel(R) Management Engine Components\IPT;C:\Users\Famille\AppData\Local\Android\sdk\platform-tools;C:\WINDOWS\system32;C:\WINDOWS;C:\WINDOWS\System32\Wbem;C:\WINDOWS\System32\WindowsPowerShell\v1.0\;C:\Users\Famille\AppData\Local\atom\bin;C:\Users\Famille\AppData\Roaming\npm;%USERPROFILE%\AppData\Local\Microsoft\WindowsApps;
USERNAME=de Lachaux
OS=Windows_NT
PROCESSOR_IDENTIFIER=Intel64 Family 6 Model 69 Stepping 1, GenuineIntel



---------------  S Y S T E M  ---------------

OS: Windows 8.1 , 64 bit Build 9600 

CPU:total 4 (2 cores per cpu, 2 threads per core) family 6 model 69 stepping 1, cmov, cx8, fxsr, mmx, sse, sse2, sse3, ssse3, sse4.1, sse4.2, popcnt, avx, avx2, aes, clmul, erms, lzcnt, ht, tsc, tscinvbit, bmi1, bmi2

Memory: 4k page, physical 4122776k(310104k free), swap 5555352k(4148k free)

vm_info: Java HotSpot(TM) 64-Bit Server VM (25.25-b02) for windows-amd64 JRE (1.8.0_25-b18), built on Oct  7 2014 14:25:37 by "java_re" with MS VC++ 10.0 (VS2010)

time: Sat Nov 05 19:13:02 2016
elapsed time: 2 seconds (0d 0h 0m 2s)

