#
# There is insufficient memory for the Java Runtime Environment to continue.
# Native memory allocation (malloc) failed to allocate 1925856 bytes for Chunk::new
# Possible reasons:
#   The system is out of physical RAM or swap space
#   In 32 bit mode, the process size limit was hit
# Possible solutions:
#   Reduce memory load on the system
#   Increase physical memory or swap space
#   Check if swap backing store is full
#   Use 64 bit Java on a 64 bit OS
#   Decrease Java heap size (-Xmx/-Xms)
#   Decrease number of Java threads
#   Decrease Java thread stack sizes (-Xss)
#   Set larger code cache with -XX:ReservedCodeCacheSize=
# This output file may be truncated or incomplete.
#
#  Out of Memory Error (allocation.cpp:390), pid=62888, tid=64284
#
# JRE version: Java(TM) SE Runtime Environment (8.0_25-b18) (build 1.8.0_25-b18)
# Java VM: Java HotSpot(TM) 64-Bit Server VM (25.25-b02 mixed mode windows-amd64 compressed oops)
# Failed to write core dump. Minidumps are not enabled by default on client versions of Windows
#

---------------  T H R E A D  ---------------

Current thread (0x0000000014fbb800):  JavaThread "C2 CompilerThread0" daemon [_thread_in_native, id=64284, stack(0x0000000016520000,0x0000000016620000)]

Stack: [0x0000000016520000,0x0000000016620000]
Native frames: (J=compiled Java code, j=interpreted, Vv=VM code, C=native code)
V  [jvm.dll+0x31667a]
V  [jvm.dll+0x267073]
V  [jvm.dll+0x267cb3]
V  [jvm.dll+0x25f5b5]
V  [jvm.dll+0xbf165]
V  [jvm.dll+0xbf60c]
V  [jvm.dll+0x45d672]
V  [jvm.dll+0x49e8ef]
V  [jvm.dll+0x452275]
V  [jvm.dll+0x453864]
V  [jvm.dll+0x437372]
V  [jvm.dll+0x98a02]
V  [jvm.dll+0x991f3]
V  [jvm.dll+0x22bde4]
V  [jvm.dll+0x2852fa]
C  [msvcr100.dll+0x21d9f]
C  [msvcr100.dll+0x21e3b]
C  [KERNEL32.DLL+0x18102]
C  [ntdll.dll+0x5c5b4]


Current CompileTask:
C2:   4103 1718   !   4       com.android.dx.cf.code.BytecodeArray::parseInstruction (2764 bytes)


---------------  P R O C E S S  ---------------

Java Threads: ( => current thread )
  0x0000000016a79000 JavaThread "pool-2-thread-4" [_thread_in_vm, id=63300, stack(0x0000000017220000,0x0000000017320000)]
  0x0000000016a74800 JavaThread "pool-2-thread-3" [_thread_blocked, id=62496, stack(0x0000000017120000,0x0000000017220000)]
  0x0000000016a72000 JavaThread "pool-2-thread-2" [_thread_blocked, id=65452, stack(0x0000000017020000,0x0000000017120000)]
  0x0000000016a71800 JavaThread "pool-3-thread-1" [_thread_blocked, id=61228, stack(0x0000000016f20000,0x0000000017020000)]
  0x0000000016a6e000 JavaThread "pool-2-thread-1" [_thread_blocked, id=65488, stack(0x0000000016e20000,0x0000000016f20000)]
  0x000000001682c800 JavaThread "Service Thread" daemon [_thread_blocked, id=62764, stack(0x0000000016c20000,0x0000000016d20000)]
  0x0000000015007800 JavaThread "C1 CompilerThread2" daemon [_thread_in_native, id=64572, stack(0x0000000016720000,0x0000000016820000)]
  0x0000000014fc1000 JavaThread "C2 CompilerThread1" daemon [_thread_in_native, id=64132, stack(0x0000000016620000,0x0000000016720000)]
=>0x0000000014fbb800 JavaThread "C2 CompilerThread0" daemon [_thread_in_native, id=64284, stack(0x0000000016520000,0x0000000016620000)]
  0x0000000014fba800 JavaThread "Attach Listener" daemon [_thread_blocked, id=64304, stack(0x0000000016420000,0x0000000016520000)]
  0x0000000014fb9000 JavaThread "Signal Dispatcher" daemon [_thread_blocked, id=64336, stack(0x0000000016320000,0x0000000016420000)]
  0x000000000289e800 JavaThread "Finalizer" daemon [_thread_blocked, id=64040, stack(0x0000000016210000,0x0000000016310000)]
  0x000000000289d800 JavaThread "Reference Handler" daemon [_thread_blocked, id=64880, stack(0x0000000016110000,0x0000000016210000)]
  0x00000000028ee000 JavaThread "main" [_thread_in_vm, id=63692, stack(0x0000000002680000,0x0000000002780000)]

Other Threads:
  0x0000000014f86800 VMThread [stack: 0x0000000016010000,0x0000000016110000] [id=63876]
  0x000000001682e000 WatcherThread [stack: 0x0000000016d20000,0x0000000016e20000] [id=65500]

VM state:not at safepoint (normal execution)

VM Mutex/Monitor currently owned by a thread: None

Heap:
 PSYoungGen      total 35328K, used 34516K [0x00000000eab00000, 0x00000000ef000000, 0x0000000100000000)
  eden space 32768K, 97% used [0x00000000eab00000,0x00000000eca39348,0x00000000ecb00000)
  from space 2560K, 99% used [0x00000000ecb00000,0x00000000ecd7c038,0x00000000ecd80000)
  to   space 2560K, 0% used [0x00000000eed80000,0x00000000eed80000,0x00000000ef000000)
 ParOldGen       total 44032K, used 8889K [0x00000000c0000000, 0x00000000c2b00000, 0x00000000eab00000)
  object space 44032K, 20% used [0x00000000c0000000,0x00000000c08ae540,0x00000000c2b00000)
 Metaspace       used 6212K, capacity 7088K, committed 7296K, reserved 1056768K
  class space    used 589K, capacity 616K, committed 640K, reserved 1048576K

Card table byte_map: [0x0000000011cb0000,0x0000000011ec0000] byte_map_base: 0x00000000116b0000

Marking Bits: (ParMarkBitMap*) 0x000000007333d490
 Begin Bits: [0x0000000012420000, 0x0000000013420000)
 End Bits:   [0x0000000013420000, 0x0000000014420000)

Polling page: 0x0000000002780000

CodeCache: size=245760Kb used=7121Kb max_used=7139Kb free=238639Kb
 bounds [0x00000000028f0000, 0x0000000002ff0000, 0x00000000118f0000]
 total_blobs=1974 nmethods=1710 adapters=178
 compilation: enabled

Compilation events (10 events):
Event: 3.775 Thread 0x0000000015007800 1721       2       com.android.dx.cf.code.Ropper$CatchInfo::getSetup (53 bytes)
Event: 3.775 Thread 0x0000000015007800 nmethod 1721 0x0000000002fdb1d0 code [0x0000000002fdb360, 0x0000000002fdb6a8]
Event: 4.024 Thread 0x0000000014fbb800 nmethod 1662 0x0000000002fe1d10 code [0x0000000002fe2180, 0x0000000002fe5860]
Event: 4.025 Thread 0x0000000014fbb800 1718   !   4       com.android.dx.cf.code.BytecodeArray::parseInstruction (2764 bytes)
Event: 4.077 Thread 0x0000000015007800 1722       2       com.android.dx.rop.code.RegisterSpec::withLocalItem (41 bytes)
Event: 4.078 Thread 0x0000000015007800 nmethod 1722 0x0000000002fe1810 code [0x0000000002fe1980, 0x0000000002fe1bd8]
Event: 4.079 Thread 0x0000000015007800 1723       2       com.android.dx.cf.code.ByteCatchList::typeNotFound (47 bytes)
Event: 4.080 Thread 0x0000000015007800 nmethod 1723 0x0000000002fe12d0 code [0x0000000002fe1440, 0x0000000002fe1650]
Event: 4.081 Thread 0x0000000015007800 1724       1       com.android.dx.rop.cst.TypedConstant::getFrameType (2 bytes)
Event: 4.081 Thread 0x0000000015007800 nmethod 1724 0x0000000002fe1010 code [0x0000000002fe1160, 0x0000000002fe1270]

GC Heap History (6 events):
Event: 1.048 GC heap before
{Heap before GC invocations=1 (full 0):
 PSYoungGen      total 18944K, used 16384K [0x00000000eab00000, 0x00000000ec000000, 0x0000000100000000)
  eden space 16384K, 100% used [0x00000000eab00000,0x00000000ebb00000,0x00000000ebb00000)
  from space 2560K, 0% used [0x00000000ebd80000,0x00000000ebd80000,0x00000000ec000000)
  to   space 2560K, 0% used [0x00000000ebb00000,0x00000000ebb00000,0x00000000ebd80000)
 ParOldGen       total 44032K, used 0K [0x00000000c0000000, 0x00000000c2b00000, 0x00000000eab00000)
  object space 44032K, 0% used [0x00000000c0000000,0x00000000c0000000,0x00000000c2b00000)
 Metaspace       used 5666K, capacity 6640K, committed 6784K, reserved 1056768K
  class space    used 584K, capacity 616K, committed 640K, reserved 1048576K
Event: 1.157 GC heap after
Heap after GC invocations=1 (full 0):
 PSYoungGen      total 18944K, used 2538K [0x00000000eab00000, 0x00000000ed000000, 0x0000000100000000)
  eden space 16384K, 0% used [0x00000000eab00000,0x00000000eab00000,0x00000000ebb00000)
  from space 2560K, 99% used [0x00000000ebb00000,0x00000000ebd7aaa8,0x00000000ebd80000)
  to   space 2560K, 0% used [0x00000000ecd80000,0x00000000ecd80000,0x00000000ed000000)
 ParOldGen       total 44032K, used 1624K [0x00000000c0000000, 0x00000000c2b00000, 0x00000000eab00000)
  object space 44032K, 3% used [0x00000000c0000000,0x00000000c0196078,0x00000000c2b00000)
 Metaspace       used 5666K, capacity 6640K, committed 6784K, reserved 1056768K
  class space    used 584K, capacity 616K, committed 640K, reserved 1048576K
}
Event: 1.909 GC heap before
{Heap before GC invocations=2 (full 0):
 PSYoungGen      total 18944K, used 18922K [0x00000000eab00000, 0x00000000ed000000, 0x0000000100000000)
  eden space 16384K, 100% used [0x00000000eab00000,0x00000000ebb00000,0x00000000ebb00000)
  from space 2560K, 99% used [0x00000000ebb00000,0x00000000ebd7aaa8,0x00000000ebd80000)
  to   space 2560K, 0% used [0x00000000ecd80000,0x00000000ecd80000,0x00000000ed000000)
 ParOldGen       total 44032K, used 1624K [0x00000000c0000000, 0x00000000c2b00000, 0x00000000eab00000)
  object space 44032K, 3% used [0x00000000c0000000,0x00000000c0196078,0x00000000c2b00000)
 Metaspace       used 5970K, capacity 6960K, committed 7040K, reserved 1056768K
  class space    used 588K, capacity 616K, committed 640K, reserved 1048576K
Event: 2.112 GC heap after
Heap after GC invocations=2 (full 0):
 PSYoungGen      total 35328K, used 2528K [0x00000000eab00000, 0x00000000ed000000, 0x0000000100000000)
  eden space 32768K, 0% used [0x00000000eab00000,0x00000000eab00000,0x00000000ecb00000)
  from space 2560K, 98% used [0x00000000ecd80000,0x00000000ecff8048,0x00000000ed000000)
  to   space 2560K, 0% used [0x00000000ecb00000,0x00000000ecb00000,0x00000000ecd80000)
 ParOldGen       total 44032K, used 3785K [0x00000000c0000000, 0x00000000c2b00000, 0x00000000eab00000)
  object space 44032K, 8% used [0x00000000c0000000,0x00000000c03b2640,0x00000000c2b00000)
 Metaspace       used 5970K, capacity 6960K, committed 7040K, reserved 1056768K
  class space    used 588K, capacity 616K, committed 640K, reserved 1048576K
}
Event: 3.469 GC heap before
{Heap before GC invocations=3 (full 0):
 PSYoungGen      total 35328K, used 35296K [0x00000000eab00000, 0x00000000ed000000, 0x0000000100000000)
  eden space 32768K, 100% used [0x00000000eab00000,0x00000000ecb00000,0x00000000ecb00000)
  from space 2560K, 98% used [0x00000000ecd80000,0x00000000ecff8048,0x00000000ed000000)
  to   space 2560K, 0% used [0x00000000ecb00000,0x00000000ecb00000,0x00000000ecd80000)
 ParOldGen       total 44032K, used 3785K [0x00000000c0000000, 0x00000000c2b00000, 0x00000000eab00000)
  object space 44032K, 8% used [0x00000000c0000000,0x00000000c03b2640,0x00000000c2b00000)
 Metaspace       used 6161K, capacity 7088K, committed 7296K, reserved 1056768K
  class space    used 588K, capacity 616K, committed 640K, reserved 1048576K
Event: 3.502 GC heap after
Heap after GC invocations=3 (full 0):
 PSYoungGen      total 35328K, used 2544K [0x00000000eab00000, 0x00000000ef000000, 0x0000000100000000)
  eden space 32768K, 0% used [0x00000000eab00000,0x00000000eab00000,0x00000000ecb00000)
  from space 2560K, 99% used [0x00000000ecb00000,0x00000000ecd7c038,0x00000000ecd80000)
  to   space 2560K, 0% used [0x00000000eed80000,0x00000000eed80000,0x00000000ef000000)
 ParOldGen       total 44032K, used 8889K [0x00000000c0000000, 0x00000000c2b00000, 0x00000000eab00000)
  object space 44032K, 20% used [0x00000000c0000000,0x00000000c08ae540,0x00000000c2b00000)
 Metaspace       used 6161K, capacity 7088K, committed 7296K, reserved 1056768K
  class space    used 588K, capacity 616K, committed 640K, reserved 1048576K
}

Deoptimization events (10 events):
Event: 2.529 Thread 0x0000000016a6e000 Uncommon trap: reason=class_check action=maybe_recompile pc=0x0000000002db76a8 method=com.android.dx.cf.code.BytecodeArray.parseInstruction(ILcom/android/dx/cf/code/BytecodeArray$Visitor;)I @ 2135
Event: 2.530 Thread 0x0000000016a6e000 Uncommon trap: reason=class_check action=maybe_recompile pc=0x0000000002db76a8 method=com.android.dx.cf.code.BytecodeArray.parseInstruction(ILcom/android/dx/cf/code/BytecodeArray$Visitor;)I @ 2135
Event: 2.530 Thread 0x0000000016a6e000 Uncommon trap: reason=class_check action=maybe_recompile pc=0x0000000002db76a8 method=com.android.dx.cf.code.BytecodeArray.parseInstruction(ILcom/android/dx/cf/code/BytecodeArray$Visitor;)I @ 2135
Event: 3.378 Thread 0x0000000016a6e000 Uncommon trap: reason=unreached action=reinterpret pc=0x0000000002bd125c method=com.android.dx.rop.cst.Constant.compareTo(Lcom/android/dx/rop/cst/Constant;)I @ 12
Event: 3.520 Thread 0x00000000028ee000 Uncommon trap: reason=unreached action=reinterpret pc=0x0000000002e0e84c method=com.android.dx.ssa.MoveParamCombiner$1.visitNonMoveInsn(Lcom/android/dx/ssa/NormalSsaInsn;)V @ 27
Event: 3.573 Thread 0x0000000016a6e000 Uncommon trap: reason=bimorphic action=maybe_recompile pc=0x0000000002edf2a4 method=com.android.dx.cf.code.BytecodeArray.parseInstruction(ILcom/android/dx/cf/code/BytecodeArray$Visitor;)I @ 2281
Event: 3.574 Thread 0x0000000016a6e000 Uncommon trap: reason=bimorphic action=maybe_recompile pc=0x0000000002edf2a4 method=com.android.dx.cf.code.BytecodeArray.parseInstruction(ILcom/android/dx/cf/code/BytecodeArray$Visitor;)I @ 2281
Event: 3.725 Thread 0x0000000016a79000 Uncommon trap: reason=unreached action=reinterpret pc=0x0000000002facde0 method=com.android.dx.rop.code.LocalItem.compareHandlesNulls(Lcom/android/dx/rop/cst/CstString;Lcom/android/dx/rop/cst/CstString;)I @ 14
Event: 3.749 Thread 0x0000000016a79000 Uncommon trap: reason=bimorphic action=maybe_recompile pc=0x0000000002edf2a4 method=com.android.dx.cf.code.BytecodeArray.parseInstruction(ILcom/android/dx/cf/code/BytecodeArray$Visitor;)I @ 2281
Event: 3.749 Thread 0x0000000016a79000 Uncommon trap: reason=bimorphic action=maybe_recompile pc=0x0000000002edf2a4 method=com.android.dx.cf.code.BytecodeArray.parseInstruction(ILcom/android/dx/cf/code/BytecodeArray$Visitor;)I @ 2281

Internal exceptions (10 events):
Event: 1.191 Thread 0x00000000028ee000 Exception <a 'java/security/PrivilegedActionException'> (0x00000000eadae258) thrown at [D:\re\workspace\8-2-build-windows-amd64-cygwin\jdk8u25\1677\hotspot\src\share\vm\prims\jvm.cpp, line 1312]
Event: 1.196 Thread 0x00000000028ee000 Exception <a 'java/security/PrivilegedActionException'> (0x00000000eadb0708) thrown at [D:\re\workspace\8-2-build-windows-amd64-cygwin\jdk8u25\1677\hotspot\src\share\vm\prims\jvm.cpp, line 1312]
Event: 1.198 Thread 0x00000000028ee000 Exception <a 'java/security/PrivilegedActionException'> (0x00000000eadba9b0) thrown at [D:\re\workspace\8-2-build-windows-amd64-cygwin\jdk8u25\1677\hotspot\src\share\vm\prims\jvm.cpp, line 1312]
Event: 1.198 Thread 0x00000000028ee000 Exception <a 'java/security/PrivilegedActionException'> (0x00000000eadbd0c0) thrown at [D:\re\workspace\8-2-build-windows-amd64-cygwin\jdk8u25\1677\hotspot\src\share\vm\prims\jvm.cpp, line 1312]
Event: 1.218 Thread 0x00000000028ee000 Implicit null exception at 0x0000000002be2410 to 0x0000000002be44a9
Event: 1.666 Thread 0x00000000028ee000 Exception <a 'java/security/PrivilegedActionException'> (0x00000000eb7e2388) thrown at [D:\re\workspace\8-2-build-windows-amd64-cygwin\jdk8u25\1677\hotspot\src\share\vm\prims\jvm.cpp, line 1312]
Event: 2.502 Thread 0x00000000028ee000 Implicit null exception at 0x0000000002e122f4 to 0x0000000002e137a5
Event: 3.402 Thread 0x00000000028ee000 Exception <a 'java/security/PrivilegedActionException'> (0x00000000ecad5a08) thrown at [D:\re\workspace\8-2-build-windows-amd64-cygwin\jdk8u25\1677\hotspot\src\share\vm\prims\jvm.cpp, line 1312]
Event: 3.573 Thread 0x0000000016a6e000 Exception <a 'java/security/PrivilegedActionException'> (0x00000000eb4e9de0) thrown at [D:\re\workspace\8-2-build-windows-amd64-cygwin\jdk8u25\1677\hotspot\src\share\vm\prims\jvm.cpp, line 1312]
Event: 3.725 Thread 0x0000000016a79000 Implicit null exception at 0x0000000002fab7ca to 0x0000000002facdc1

Events (10 events):
Event: 3.574 Thread 0x0000000016a6e000 DEOPT UNPACKING pc=0x000000000293556a sp=0x0000000016f1e640 mode 2
Event: 3.725 Thread 0x0000000016a79000 Uncommon trap: trap_request=0xffffffad fr.pc=0x0000000002facde0
Event: 3.725 Thread 0x0000000016a79000 DEOPT PACKING pc=0x0000000002facde0 sp=0x000000001731e550
Event: 3.725 Thread 0x0000000016a79000 DEOPT UNPACKING pc=0x000000000293556a sp=0x000000001731e2d8 mode 2
Event: 3.748 Thread 0x0000000016a79000 Uncommon trap: trap_request=0xffffffc6 fr.pc=0x0000000002edf2a4
Event: 3.749 Thread 0x0000000016a79000 DEOPT PACKING pc=0x0000000002edf2a4 sp=0x000000001731e430
Event: 3.749 Thread 0x0000000016a79000 DEOPT UNPACKING pc=0x000000000293556a sp=0x000000001731e3f0 mode 2
Event: 3.749 Thread 0x0000000016a79000 Uncommon trap: trap_request=0xffffffc6 fr.pc=0x0000000002edf2a4
Event: 3.749 Thread 0x0000000016a79000 DEOPT PACKING pc=0x0000000002edf2a4 sp=0x000000001731e290
Event: 3.749 Thread 0x0000000016a79000 DEOPT UNPACKING pc=0x000000000293556a sp=0x000000001731e250 mode 2


Dynamic libraries:
0x00007ff690dd0000 - 0x00007ff690e04000 	C:\Program Files\Java\jdk1.8.0_25\bin\java.exe
0x00007fff80c20000 - 0x00007fff80de1000 	C:\WINDOWS\SYSTEM32\ntdll.dll
0x00007fff80400000 - 0x00007fff804ad000 	C:\WINDOWS\system32\KERNEL32.DLL
0x00007fff7d680000 - 0x00007fff7d868000 	C:\WINDOWS\system32\KERNELBASE.dll
0x00007fff80850000 - 0x00007fff808f7000 	C:\WINDOWS\system32\ADVAPI32.dll
0x00007fff801e0000 - 0x00007fff8027d000 	C:\WINDOWS\system32\msvcrt.dll
0x00007fff7ec20000 - 0x00007fff7ec7b000 	C:\WINDOWS\system32\sechost.dll
0x00007fff804b0000 - 0x00007fff805cc000 	C:\WINDOWS\system32\RPCRT4.dll
0x00007fff7e030000 - 0x00007fff7e186000 	C:\WINDOWS\system32\USER32.dll
0x00007fff7e450000 - 0x00007fff7e5d6000 	C:\WINDOWS\system32\GDI32.dll
0x00007fff76200000 - 0x00007fff76474000 	C:\WINDOWS\WinSxS\amd64_microsoft.windows.common-controls_6595b64144ccf1df_6.0.10586.494_none_a2d8b04ea53e3145\COMCTL32.dll
0x00007fff805d0000 - 0x00007fff8084d000 	C:\WINDOWS\system32\combase.dll
0x00007fff7d4f0000 - 0x00007fff7d55a000 	C:\WINDOWS\system32\bcryptPrimitives.dll
0x00007fff80be0000 - 0x00007fff80c1b000 	C:\WINDOWS\system32\IMM32.DLL
0x00000000726a0000 - 0x0000000072772000 	C:\Program Files\Java\jdk1.8.0_25\jre\bin\msvcr100.dll
0x0000000072b60000 - 0x00000000733ba000 	C:\Program Files\Java\jdk1.8.0_25\jre\bin\server\jvm.dll
0x00007fff7e190000 - 0x00007fff7e198000 	C:\WINDOWS\system32\PSAPI.DLL
0x00007fff65bb0000 - 0x00007fff65bb9000 	C:\WINDOWS\SYSTEM32\WSOCK32.dll
0x00007fff7ebb0000 - 0x00007fff7ec1b000 	C:\WINDOWS\system32\WS2_32.dll
0x00007fff7b560000 - 0x00007fff7b583000 	C:\WINDOWS\SYSTEM32\WINMM.dll
0x00007fff7b110000 - 0x00007fff7b13c000 	C:\WINDOWS\SYSTEM32\WINMMBASE.dll
0x00007fff7d4a0000 - 0x00007fff7d4e3000 	C:\WINDOWS\system32\cfgmgr32.dll
0x0000000072b50000 - 0x0000000072b5f000 	C:\Program Files\Java\jdk1.8.0_25\jre\bin\verify.dll
0x0000000072b20000 - 0x0000000072b48000 	C:\Program Files\Java\jdk1.8.0_25\jre\bin\java.dll
0x0000000072b00000 - 0x0000000072b16000 	C:\Program Files\Java\jdk1.8.0_25\jre\bin\zip.dll
0x00007fff7ec80000 - 0x00007fff801dc000 	C:\WINDOWS\system32\SHELL32.dll
0x00007fff7d870000 - 0x00007fff7deb5000 	C:\WINDOWS\system32\windows.storage.dll
0x00007fff80b80000 - 0x00007fff80bd2000 	C:\WINDOWS\system32\shlwapi.dll
0x00007fff7d2c0000 - 0x00007fff7d2cf000 	C:\WINDOWS\system32\kernel.appcore.dll
0x00007fff7d5c0000 - 0x00007fff7d675000 	C:\WINDOWS\system32\shcore.dll
0x00007fff7d270000 - 0x00007fff7d2bb000 	C:\WINDOWS\system32\powrprof.dll
0x00007fff7d240000 - 0x00007fff7d254000 	C:\WINDOWS\system32\profapi.dll
0x00007fff63a80000 - 0x00007fff63c0c000 	C:\WINDOWS\SYSTEM32\dbghelp.dll

VM Arguments:
jvm_args: -Djava.awt.headless=true -Xmx1024M -Dfile.encoding=windows-1252 -Duser.country=FR -Duser.language=fr -Duser.variant 
java_command: com.android.dx.command.Main --dex --force-jumbo --num-threads=4 --multi-dex --output C:\Users\Famille\AndroidStudioProjects\Niviel\app\build\intermediates\transforms\dex\debug\folders\1000\10\gson-2.5_5e8b5468139ba08580ff9ef35e6638782f5f99af C:\Users\Famille\.gradle\caches\modules-2\files-2.1\com.google.code.gson\gson\2.5\686c608d1805b6d4d425ec4459e88164ffc85870\gson-2.5.jar
java_class_path (initial): C:\Users\Famille\AppData\Local\Android\sdk\build-tools\23.0.2\lib\dx.jar
Launcher Type: SUN_STANDARD

Environment Variables:
JAVA_HOME=C:\Program Files\Java\jdk1.8.0_25
PATH=C:\Program Files\Broadcom\Broadcom 802.11 Network Adapter;;C:\Program Files\Broadcom\Broadcom 802.11;C:\ProgramData\Oracle\Java\javapath;C:\Program Files (x86)\Intel\iCLS Client\;C:\Program Files\Intel\iCLS Client\;C:\Windows\system32;C:\Windows;C:\Windows\System32\Wbem;C:\Windows\System32\WindowsPowerShell\v1.0\;C:\Program Files\Hewlett-Packard\SimplePass\;C:\wamp\bin\php\php5.5.12;C:\Python27;C:\Users\Famille\AppData\Roaming\npm\;C:\Program Files\nodejs\;C:\Program Files\Git\cmd;C:\Program Files (x86)\Brackets\command;C:\Program Files (x86)\Ant\bin;C:\Program Files (x86)\Maven\bin;C:\Program Files (x86)\Intel\Intel(R) Management Engine Components\DAL;C:\Program Files\Intel\Intel(R) Management Engine Components\DAL;C:\Program Files (x86)\Intel\Intel(R) Management Engine Components\IPT;C:\Program Files\Intel\Intel(R) Management Engine Components\IPT;C:\Users\Famille\AppData\Local\atom\bin;C:\Users\Famille\AppData\Roaming\npm
USERNAME=de Lachaux
OS=Windows_NT
PROCESSOR_IDENTIFIER=Intel64 Family 6 Model 69 Stepping 1, GenuineIntel



---------------  S Y S T E M  ---------------

OS: Windows 8.1 , 64 bit Build 9600 

CPU:total 4 (2 cores per cpu, 2 threads per core) family 6 model 69 stepping 1, cmov, cx8, fxsr, mmx, sse, sse2, sse3, ssse3, sse4.1, sse4.2, popcnt, avx, avx2, aes, clmul, erms, lzcnt, ht, tsc, tscinvbit, bmi1, bmi2

Memory: 4k page, physical 4122776k(374212k free), swap 5555352k(7464k free)

vm_info: Java HotSpot(TM) 64-Bit Server VM (25.25-b02) for windows-amd64 JRE (1.8.0_25-b18), built on Oct  7 2014 14:25:37 by "java_re" with MS VC++ 10.0 (VS2010)

time: Thu Aug 25 19:30:25 2016
elapsed time: 4 seconds (0d 0h 0m 4s)

