#
# There is insufficient memory for the Java Runtime Environment to continue.
# Native memory allocation (malloc) failed to allocate 35760 bytes for Chunk::new
# Possible reasons:
#   The system is out of physical RAM or swap space
#   In 32 bit mode, the process size limit was hit
# Possible solutions:
#   Reduce memory load on the system
#   Increase physical memory or swap space
#   Check if swap backing store is full
#   Use 64 bit Java on a 64 bit OS
#   Decrease Java heap size (-Xmx/-Xms)
#   Decrease number of Java threads
#   Decrease Java thread stack sizes (-Xss)
#   Set larger code cache with -XX:ReservedCodeCacheSize=
# This output file may be truncated or incomplete.
#
#  Out of Memory Error (allocation.cpp:390), pid=28092, tid=28612
#
# JRE version: Java(TM) SE Runtime Environment (8.0_25-b18) (build 1.8.0_25-b18)
# Java VM: Java HotSpot(TM) 64-Bit Server VM (25.25-b02 mixed mode windows-amd64 compressed oops)
# Failed to write core dump. Minidumps are not enabled by default on client versions of Windows
#

---------------  T H R E A D  ---------------

Current thread (0x00000000152cc000):  JavaThread "C2 CompilerThread0" daemon [_thread_in_native, id=28612, stack(0x0000000016830000,0x0000000016930000)]

Stack: [0x0000000016830000,0x0000000016930000]
Native frames: (J=compiled Java code, j=interpreted, Vv=VM code, C=native code)
V  [jvm.dll+0x31667a]
V  [jvm.dll+0x267073]
V  [jvm.dll+0x267cb3]
V  [jvm.dll+0x25f5b5]
V  [jvm.dll+0xbf165]
V  [jvm.dll+0xbf60c]
V  [jvm.dll+0x49e68a]
V  [jvm.dll+0x452275]
V  [jvm.dll+0x453864]
V  [jvm.dll+0x437372]
V  [jvm.dll+0x98a02]
V  [jvm.dll+0x991f3]
V  [jvm.dll+0x22bde4]
V  [jvm.dll+0x2852fa]
C  [msvcr100.dll+0x21d9f]
C  [msvcr100.dll+0x21e3b]
C  [KERNEL32.DLL+0x18102]
C  [ntdll.dll+0x5c5b4]


Current CompileTask:
C2:   8199 1223       4       com.android.dx.ssa.SCCP::simulateStmt (481 bytes)


---------------  P R O C E S S  ---------------

Java Threads: ( => current thread )
  0x0000000016da7000 JavaThread "pool-2-thread-4" [_thread_in_Java, id=28360, stack(0x0000000017530000,0x0000000017630000)]
  0x0000000016da6000 JavaThread "pool-2-thread-3" [_thread_in_Java, id=27716, stack(0x0000000017430000,0x0000000017530000)]
  0x0000000016da4000 JavaThread "pool-2-thread-2" [_thread_in_Java, id=11276, stack(0x0000000017330000,0x0000000017430000)]
  0x0000000016d8c800 JavaThread "pool-3-thread-1" [_thread_blocked, id=10708, stack(0x0000000017230000,0x0000000017330000)]
  0x0000000016d8b800 JavaThread "pool-2-thread-1" [_thread_in_Java, id=28292, stack(0x0000000017130000,0x0000000017230000)]
  0x0000000016b34800 JavaThread "Service Thread" daemon [_thread_blocked, id=27872, stack(0x0000000016f30000,0x0000000017030000)]
  0x000000001532c000 JavaThread "C1 CompilerThread2" daemon [_thread_in_vm, id=28104, stack(0x0000000016a30000,0x0000000016b30000)]
  0x00000000152ec800 JavaThread "C2 CompilerThread1" daemon [_thread_in_native, id=11424, stack(0x0000000016930000,0x0000000016a30000)]
=>0x00000000152cc000 JavaThread "C2 CompilerThread0" daemon [_thread_in_native, id=28612, stack(0x0000000016830000,0x0000000016930000)]
  0x00000000152ca800 JavaThread "Attach Listener" daemon [_thread_blocked, id=28600, stack(0x0000000016730000,0x0000000016830000)]
  0x00000000152c9800 JavaThread "Signal Dispatcher" daemon [_thread_blocked, id=28456, stack(0x0000000016630000,0x0000000016730000)]
  0x0000000002bf0800 JavaThread "Finalizer" daemon [_thread_blocked, id=28424, stack(0x0000000016530000,0x0000000016630000)]
  0x0000000002bed000 JavaThread "Reference Handler" daemon [_thread_blocked, id=28620, stack(0x0000000016430000,0x0000000016530000)]
  0x0000000002afe000 JavaThread "main" [_thread_in_Java, id=28088, stack(0x0000000002920000,0x0000000002a20000)]

Other Threads:
  0x0000000015296800 VMThread [stack: 0x0000000016330000,0x0000000016430000] [id=26648]
  0x0000000016b36800 WatcherThread [stack: 0x0000000017030000,0x0000000017130000] [id=27856]

VM state:not at safepoint (normal execution)

VM Mutex/Monitor currently owned by a thread: None

Heap:
 PSYoungGen      total 68096K, used 60232K [0x00000000eab00000, 0x00000000ef000000, 0x0000000100000000)
  eden space 65536K, 88% used [0x00000000eab00000,0x00000000ee355178,0x00000000eeb00000)
  from space 2560K, 99% used [0x00000000eed80000,0x00000000eeffd270,0x00000000ef000000)
  to   space 2560K, 0% used [0x00000000eeb00000,0x00000000eeb00000,0x00000000eed80000)
 ParOldGen       total 44032K, used 13972K [0x00000000c0000000, 0x00000000c2b00000, 0x00000000eab00000)
  object space 44032K, 31% used [0x00000000c0000000,0x00000000c0da52f0,0x00000000c2b00000)
 Metaspace       used 6277K, capacity 7128K, committed 7424K, reserved 1056768K
  class space    used 611K, capacity 656K, committed 768K, reserved 1048576K

Card table byte_map: [0x0000000011fc0000,0x00000000121d0000] byte_map_base: 0x00000000119c0000

Marking Bits: (ParMarkBitMap*) 0x000000005e08d490
 Begin Bits: [0x0000000012730000, 0x0000000013730000)
 End Bits:   [0x0000000013730000, 0x0000000014730000)

Polling page: 0x0000000000f20000

CodeCache: size=245760Kb used=5904Kb max_used=5904Kb free=239855Kb
 bounds [0x0000000002c00000, 0x00000000031d0000, 0x0000000011c00000]
 total_blobs=1902 nmethods=1638 adapters=178
 compilation: enabled

Compilation events (10 events):
Event: 7.124 Thread 0x000000001532c000 nmethod 1256 0x00000000030b37d0 code [0x00000000030b3980, 0x00000000030b3ec8]
Event: 7.126 Thread 0x000000001532c000 1257       3       com.android.dx.ssa.back.FirstFitLocalCombiningAllocator::tryMapReg (41 bytes)
Event: 7.127 Thread 0x000000001532c000 nmethod 1257 0x00000000030b40d0 code [0x00000000030b4300, 0x00000000030b50c8]
Event: 7.127 Thread 0x000000001532c000 1258       3       com.android.dx.rop.code.Rops::opConst (85 bytes)
Event: 7.128 Thread 0x000000001532c000 nmethod 1258 0x00000000030b5790 code [0x00000000030b59c0, 0x00000000030b66a8]
Event: 7.128 Thread 0x000000001532c000 1261       3       com.android.dx.ssa.BasicRegisterMapper::oldToNew (22 bytes)
Event: 7.128 Thread 0x000000001532c000 nmethod 1261 0x0000000003090790 code [0x0000000003090900, 0x0000000003090be8]
Event: 7.128 Thread 0x000000001532c000 1259       3       java.util.TreeMap$EntryIterator::next (5 bytes)
Event: 7.128 Thread 0x000000001532c000 nmethod 1259 0x00000000030b6c10 code [0x00000000030b6d80, 0x00000000030b7068]
Event: 7.128 Thread 0x000000001532c000 1264       3       com.android.dx.util.FixedSizeList::shrinkToFit (103 bytes)

GC Heap History (4 events):
Event: 6.012 GC heap before
{Heap before GC invocations=1 (full 0):
 PSYoungGen      total 18944K, used 16384K [0x00000000eab00000, 0x00000000ec000000, 0x0000000100000000)
  eden space 16384K, 100% used [0x00000000eab00000,0x00000000ebb00000,0x00000000ebb00000)
  from space 2560K, 0% used [0x00000000ebd80000,0x00000000ebd80000,0x00000000ec000000)
  to   space 2560K, 0% used [0x00000000ebb00000,0x00000000ebb00000,0x00000000ebd80000)
 ParOldGen       total 44032K, used 0K [0x00000000c0000000, 0x00000000c2b00000, 0x00000000eab00000)
  object space 44032K, 0% used [0x00000000c0000000,0x00000000c0000000,0x00000000c2b00000)
 Metaspace       used 5699K, capacity 6704K, committed 6784K, reserved 1056768K
  class space    used 586K, capacity 616K, committed 640K, reserved 1048576K
Event: 6.247 GC heap after
Heap after GC invocations=1 (full 0):
 PSYoungGen      total 18944K, used 2535K [0x00000000eab00000, 0x00000000ed000000, 0x0000000100000000)
  eden space 16384K, 0% used [0x00000000eab00000,0x00000000eab00000,0x00000000ebb00000)
  from space 2560K, 99% used [0x00000000ebb00000,0x00000000ebd79c88,0x00000000ebd80000)
  to   space 2560K, 0% used [0x00000000ecd80000,0x00000000ecd80000,0x00000000ed000000)
 ParOldGen       total 44032K, used 1493K [0x00000000c0000000, 0x00000000c2b00000, 0x00000000eab00000)
  object space 44032K, 3% used [0x00000000c0000000,0x00000000c0175750,0x00000000c2b00000)
 Metaspace       used 5699K, capacity 6704K, committed 6784K, reserved 1056768K
  class space    used 586K, capacity 616K, committed 640K, reserved 1048576K
}
Event: 7.037 GC heap before
{Heap before GC invocations=2 (full 0):
 PSYoungGen      total 18944K, used 18919K [0x00000000eab00000, 0x00000000ed000000, 0x0000000100000000)
  eden space 16384K, 100% used [0x00000000eab00000,0x00000000ebb00000,0x00000000ebb00000)
  from space 2560K, 99% used [0x00000000ebb00000,0x00000000ebd79c88,0x00000000ebd80000)
  to   space 2560K, 0% used [0x00000000ecd80000,0x00000000ecd80000,0x00000000ed000000)
 ParOldGen       total 44032K, used 1493K [0x00000000c0000000, 0x00000000c2b00000, 0x00000000eab00000)
  object space 44032K, 3% used [0x00000000c0000000,0x00000000c0175750,0x00000000c2b00000)
 Metaspace       used 5904K, capacity 6896K, committed 7040K, reserved 1056768K
  class space    used 588K, capacity 616K, committed 640K, reserved 1048576K
Event: 7.054 GC heap after
Heap after GC invocations=2 (full 0):
 PSYoungGen      total 35328K, used 2544K [0x00000000eab00000, 0x00000000ed000000, 0x0000000100000000)
  eden space 32768K, 0% used [0x00000000eab00000,0x00000000eab00000,0x00000000ecb00000)
  from space 2560K, 99% used [0x00000000ecd80000,0x00000000ecffc038,0x00000000ed000000)
  to   space 2560K, 0% used [0x00000000ecb00000,0x00000000ecb00000,0x00000000ecd80000)
 ParOldGen       total 44032K, used 3590K [0x00000000c0000000, 0x00000000c2b00000, 0x00000000eab00000)
  object space 44032K, 8% used [0x00000000c0000000,0x00000000c0381af8,0x00000000c2b00000)
 Metaspace       used 5904K, capacity 6896K, committed 7040K, reserved 1056768K
  class space    used 588K, capacity 616K, committed 640K, reserved 1048576K
}

Deoptimization events (7 events):
Event: 6.347 Thread 0x0000000002afe000 Uncommon trap: reason=bimorphic action=maybe_recompile pc=0x0000000002e4e738 method=java.util.HashMap.getNode(ILjava/lang/Object;)Ljava/util/HashMap$Node; @ 126
Event: 6.354 Thread 0x0000000002afe000 Uncommon trap: reason=bimorphic action=maybe_recompile pc=0x0000000002e4e738 method=java.util.HashMap.getNode(ILjava/lang/Object;)Ljava/util/HashMap$Node; @ 126
Event: 6.354 Thread 0x0000000002afe000 Uncommon trap: reason=bimorphic action=maybe_recompile pc=0x0000000002e4e738 method=java.util.HashMap.getNode(ILjava/lang/Object;)Ljava/util/HashMap$Node; @ 126
Event: 6.354 Thread 0x0000000002afe000 Uncommon trap: reason=bimorphic action=maybe_recompile pc=0x0000000002e4e738 method=java.util.HashMap.getNode(ILjava/lang/Object;)Ljava/util/HashMap$Node; @ 126
Event: 6.354 Thread 0x0000000002afe000 Uncommon trap: reason=bimorphic action=maybe_recompile pc=0x0000000002e27cd0 method=java.util.HashMap.getNode(ILjava/lang/Object;)Ljava/util/HashMap$Node; @ 126
Event: 6.354 Thread 0x0000000002afe000 Uncommon trap: reason=unreached action=reinterpret pc=0x0000000002f3fadc method=com.android.dx.rop.cst.Constant.compareTo(Lcom/android/dx/rop/cst/Constant;)I @ 12
Event: 6.927 Thread 0x0000000016da4000 Uncommon trap: reason=null_check action=make_not_entrant pc=0x0000000002f2abe4 method=com.android.dx.rop.type.Type.equals(Ljava/lang/Object;)Z @ 8

Internal exceptions (10 events):
Event: 5.161 Thread 0x0000000016da4000 Exception <a 'java/security/PrivilegedActionException'> (0x00000000eb3d8168) thrown at [D:\re\workspace\8-2-build-windows-amd64-cygwin\jdk8u25\1677\hotspot\src\share\vm\prims\jvm.cpp, line 1312]
Event: 5.164 Thread 0x0000000002afe000 Exception <a 'java/security/PrivilegedActionException'> (0x00000000eb6d94e0) thrown at [D:\re\workspace\8-2-build-windows-amd64-cygwin\jdk8u25\1677\hotspot\src\share\vm\prims\jvm.cpp, line 1312]
Event: 5.170 Thread 0x0000000002afe000 Exception <a 'java/security/PrivilegedActionException'> (0x00000000eb6eb698) thrown at [D:\re\workspace\8-2-build-windows-amd64-cygwin\jdk8u25\1677\hotspot\src\share\vm\prims\jvm.cpp, line 1312]
Event: 5.173 Thread 0x0000000002afe000 Exception <a 'java/security/PrivilegedActionException'> (0x00000000eb6f8508) thrown at [D:\re\workspace\8-2-build-windows-amd64-cygwin\jdk8u25\1677\hotspot\src\share\vm\prims\jvm.cpp, line 1312]
Event: 5.470 Thread 0x0000000016da4000 Exception <a 'java/security/PrivilegedActionException'> (0x00000000eb741bc0) thrown at [D:\re\workspace\8-2-build-windows-amd64-cygwin\jdk8u25\1677\hotspot\src\share\vm\prims\jvm.cpp, line 1312]
Event: 5.622 Thread 0x0000000002afe000 Exception <a 'java/security/PrivilegedActionException'> (0x00000000eba70920) thrown at [D:\re\workspace\8-2-build-windows-amd64-cygwin\jdk8u25\1677\hotspot\src\share\vm\prims\jvm.cpp, line 1312]
Event: 6.312 Thread 0x0000000016da7000 Exception <a 'java/security/PrivilegedActionException'> (0x00000000eac31dc0) thrown at [D:\re\workspace\8-2-build-windows-amd64-cygwin\jdk8u25\1677\hotspot\src\share\vm\prims\jvm.cpp, line 1312]
Event: 6.644 Thread 0x0000000002afe000 Exception <a 'java/security/PrivilegedActionException'> (0x00000000eb3d05f8) thrown at [D:\re\workspace\8-2-build-windows-amd64-cygwin\jdk8u25\1677\hotspot\src\share\vm\prims\jvm.cpp, line 1312]
Event: 6.644 Thread 0x0000000002afe000 Exception <a 'java/security/PrivilegedActionException'> (0x00000000eb3d2f70) thrown at [D:\re\workspace\8-2-build-windows-amd64-cygwin\jdk8u25\1677\hotspot\src\share\vm\prims\jvm.cpp, line 1312]
Event: 6.927 Thread 0x0000000016da4000 Implicit null exception at 0x0000000002f2aae2 to 0x0000000002f2abd5

Events (10 events):
Event: 6.644 loading class com/android/dx/cf/attrib/AttRuntimeInvisibleParameterAnnotations done
Event: 6.644 loading class com/android/dx/cf/attrib/BaseParameterAnnotations
Event: 6.644 loading class com/android/dx/cf/attrib/BaseParameterAnnotations done
Event: 6.659 Executing VM operation: ForceSafepoint
Event: 6.815 Executing VM operation: ForceSafepoint done
Event: 6.927 Thread 0x0000000016da4000 Uncommon trap: trap_request=0xfffffff4 fr.pc=0x0000000002f2abe4
Event: 6.927 Thread 0x0000000016da4000 DEOPT PACKING pc=0x0000000002f2abe4 sp=0x000000001742e9c0
Event: 6.927 Thread 0x0000000016da4000 DEOPT UNPACKING pc=0x0000000002c4556a sp=0x000000001742e948 mode 2
Event: 6.954 Executing VM operation: ParallelGCFailedAllocation
Event: 7.054 Executing VM operation: ParallelGCFailedAllocation done


Dynamic libraries:
0x00007ff63d500000 - 0x00007ff63d534000 	C:\Program Files\Java\jdk1.8.0_25\bin\java.exe
0x00007ffd31b90000 - 0x00007ffd31d51000 	C:\WINDOWS\SYSTEM32\ntdll.dll
0x00007ffd30ea0000 - 0x00007ffd30f4d000 	C:\WINDOWS\system32\KERNEL32.DLL
0x00007ffd2ed80000 - 0x00007ffd2ef68000 	C:\WINDOWS\system32\KERNELBASE.dll
0x00007ffd31390000 - 0x00007ffd31437000 	C:\WINDOWS\system32\ADVAPI32.dll
0x00007ffd30e00000 - 0x00007ffd30e9d000 	C:\WINDOWS\system32\msvcrt.dll
0x00007ffd31210000 - 0x00007ffd3126b000 	C:\WINDOWS\system32\sechost.dll
0x00007ffd31270000 - 0x00007ffd3138c000 	C:\WINDOWS\system32\RPCRT4.dll
0x00007ffd31980000 - 0x00007ffd31ad6000 	C:\WINDOWS\system32\USER32.dll
0x00007ffd2f0d0000 - 0x00007ffd2f256000 	C:\WINDOWS\system32\GDI32.dll
0x00007ffd268a0000 - 0x00007ffd26b14000 	C:\WINDOWS\WinSxS\amd64_microsoft.windows.common-controls_6595b64144ccf1df_6.0.10586.494_none_a2d8b04ea53e3145\COMCTL32.dll
0x00007ffd31520000 - 0x00007ffd3179d000 	C:\WINDOWS\system32\combase.dll
0x00007ffd2e4f0000 - 0x00007ffd2e55a000 	C:\WINDOWS\system32\bcryptPrimitives.dll
0x00007ffd30dc0000 - 0x00007ffd30dfb000 	C:\WINDOWS\system32\IMM32.DLL
0x000000005d3f0000 - 0x000000005d4c2000 	C:\Program Files\Java\jdk1.8.0_25\jre\bin\msvcr100.dll
0x000000005d8b0000 - 0x000000005e10a000 	C:\Program Files\Java\jdk1.8.0_25\jre\bin\server\jvm.dll
0x00007ffd2f260000 - 0x00007ffd2f268000 	C:\WINDOWS\system32\PSAPI.DLL
0x00007ffd1b6e0000 - 0x00007ffd1b6e9000 	C:\WINDOWS\SYSTEM32\WSOCK32.dll
0x00007ffd314b0000 - 0x00007ffd3151b000 	C:\WINDOWS\system32\WS2_32.dll
0x00007ffd2c0d0000 - 0x00007ffd2c0f3000 	C:\WINDOWS\SYSTEM32\WINMM.dll
0x00007ffd2bff0000 - 0x00007ffd2c01c000 	C:\WINDOWS\SYSTEM32\WINMMBASE.dll
0x00007ffd2e240000 - 0x00007ffd2e283000 	C:\WINDOWS\system32\cfgmgr32.dll
0x000000005d8a0000 - 0x000000005d8af000 	C:\Program Files\Java\jdk1.8.0_25\jre\bin\verify.dll
0x000000005d870000 - 0x000000005d898000 	C:\Program Files\Java\jdk1.8.0_25\jre\bin\java.dll
0x000000005d850000 - 0x000000005d866000 	C:\Program Files\Java\jdk1.8.0_25\jre\bin\zip.dll
0x00007ffd2f2d0000 - 0x00007ffd3082c000 	C:\WINDOWS\system32\SHELL32.dll
0x00007ffd2e560000 - 0x00007ffd2eba5000 	C:\WINDOWS\system32\windows.storage.dll
0x00007ffd2ef90000 - 0x00007ffd2efe2000 	C:\WINDOWS\system32\shlwapi.dll
0x00007ffd2e1d0000 - 0x00007ffd2e1df000 	C:\WINDOWS\system32\kernel.appcore.dll
0x00007ffd2ebb0000 - 0x00007ffd2ec65000 	C:\WINDOWS\system32\shcore.dll
0x00007ffd2e1e0000 - 0x00007ffd2e22b000 	C:\WINDOWS\system32\powrprof.dll
0x00007ffd2e1b0000 - 0x00007ffd2e1c4000 	C:\WINDOWS\system32\profapi.dll
0x00007ffd17fb0000 - 0x00007ffd1813c000 	C:\WINDOWS\SYSTEM32\dbghelp.dll

VM Arguments:
jvm_args: -Djava.awt.headless=true -Xmx1024M -Dfile.encoding=windows-1252 -Duser.country=FR -Duser.language=fr -Duser.variant 
java_command: com.android.dx.command.Main --dex --force-jumbo --num-threads=4 --multi-dex --output C:\Users\Famille\AndroidStudioProjects\Niviel\app\build\intermediates\transforms\dex\debug\folders\1000\10\com.android.support-recyclerview-v7-24.1.0_f88c8a02634e37cfa8817043a67a79a5ee0dac80 C:\Users\Famille\AndroidStudioProjects\Niviel\app\build\intermediates\exploded-aar\com.android.support\recyclerview-v7\24.1.0\jars\classes.jar
java_class_path (initial): C:\Users\Famille\AppData\Local\Android\sdk\build-tools\23.0.2\lib\dx.jar
Launcher Type: SUN_STANDARD

Environment Variables:
JAVA_HOME=C:\Program Files\Java\jdk1.8.0_25
PATH=C:\Program Files\Broadcom\Broadcom 802.11 Network Adapter;;C:\Program Files\Broadcom\Broadcom 802.11;C:\ProgramData\Oracle\Java\javapath;C:\Program Files (x86)\Intel\iCLS Client\;C:\Program Files\Intel\iCLS Client\;C:\Windows\system32;C:\Windows;C:\Windows\System32\Wbem;C:\Windows\System32\WindowsPowerShell\v1.0\;C:\Program Files\Hewlett-Packard\SimplePass\;C:\wamp\bin\php\php5.5.12;C:\Python27;C:\Users\Famille\AppData\Roaming\npm\;C:\Program Files\nodejs\;C:\Program Files\Git\cmd;C:\Program Files (x86)\Brackets\command;C:\Program Files (x86)\Ant\bin;C:\Program Files (x86)\Maven\bin;C:\Program Files (x86)\Intel\Intel(R) Management Engine Components\DAL;C:\Program Files\Intel\Intel(R) Management Engine Components\DAL;C:\Program Files (x86)\Intel\Intel(R) Management Engine Components\IPT;C:\Program Files\Intel\Intel(R) Management Engine Components\IPT;C:\Users\Famille\AppData\Local\atom\bin;C:\Users\Famille\AppData\Roaming\npm
USERNAME=de Lachaux
OS=Windows_NT
PROCESSOR_IDENTIFIER=Intel64 Family 6 Model 69 Stepping 1, GenuineIntel



---------------  S Y S T E M  ---------------

OS: Windows 8.1 , 64 bit Build 9600 

CPU:total 4 (2 cores per cpu, 2 threads per core) family 6 model 69 stepping 1, cmov, cx8, fxsr, mmx, sse, sse2, sse3, ssse3, sse4.1, sse4.2, popcnt, avx, avx2, aes, clmul, erms, lzcnt, ht, tsc, tscinvbit, bmi1, bmi2

Memory: 4k page, physical 4122776k(377220k free), swap 5555352k(445704k free)

vm_info: Java HotSpot(TM) 64-Bit Server VM (25.25-b02) for windows-amd64 JRE (1.8.0_25-b18), built on Oct  7 2014 14:25:37 by "java_re" with MS VC++ 10.0 (VS2010)

time: Sun Aug 21 12:13:04 2016
elapsed time: 8 seconds (0d 0h 0m 8s)

