#
# There is insufficient memory for the Java Runtime Environment to continue.
# Native memory allocation (malloc) failed to allocate 22536 bytes for AllocateHeap
# Possible reasons:
#   The system is out of physical RAM or swap space
#   In 32 bit mode, the process size limit was hit
# Possible solutions:
#   Reduce memory load on the system
#   Increase physical memory or swap space
#   Check if swap backing store is full
#   Use 64 bit Java on a 64 bit OS
#   Decrease Java heap size (-Xmx/-Xms)
#   Decrease number of Java threads
#   Decrease Java thread stack sizes (-Xss)
#   Set larger code cache with -XX:ReservedCodeCacheSize=
# This output file may be truncated or incomplete.
#
#  Out of Memory Error (memory/allocation.inline.hpp:62), pid=30428, tid=32912
#
# JRE version: Java(TM) SE Runtime Environment (8.0_25-b18) (build 1.8.0_25-b18)
# Java VM: Java HotSpot(TM) 64-Bit Server VM (25.25-b02 mixed mode windows-amd64 compressed oops)
# Failed to write core dump. Minidumps are not enabled by default on client versions of Windows
#

---------------  T H R E A D  ---------------

Current thread (0x00000000169d7000):  JavaThread "pool-2-thread-3" [_thread_in_vm, id=32912, stack(0x0000000017740000,0x0000000017840000)]

Stack: [0x0000000017740000,0x0000000017840000]
Native frames: (J=compiled Java code, j=interpreted, Vv=VM code, C=native code)
V  [GDI32.dll+0x31667a]

Java frames: (J=compiled Java code, j=interpreted, Vv=VM code)
v  ~RuntimeStub::monitorenter_nofpu Runtime1 stub
J 183 C1 java.lang.ClassLoader.loadClass(Ljava/lang/String;Z)Ljava/lang/Class; (122 bytes) @ 0x000000000288ad67 [0x0000000002889000+0x1d67]
j  sun.misc.Launcher$AppClassLoader.loadClass(Ljava/lang/String;Z)Ljava/lang/Class;+36
j  java.lang.ClassLoader.loadClass(Ljava/lang/String;)Ljava/lang/Class;+3
v  ~StubRoutines::call_stub
j  com.android.dx.dex.file.AnnotationUtils.makeSignature(Lcom/android/dx/rop/cst/CstString;)Lcom/android/dx/rop/annotation/Annotation;+166
j  com.android.dx.dex.cf.AttributeTranslator.getSignature(Lcom/android/dx/cf/iface/AttributeList;)Lcom/android/dx/rop/annotation/Annotation;+22
j  com.android.dx.dex.cf.AttributeTranslator.getAnnotations(Lcom/android/dx/cf/iface/AttributeList;)Lcom/android/dx/rop/annotation/Annotations;+6
j  com.android.dx.dex.cf.AttributeTranslator.getClassAnnotations(Lcom/android/dx/cf/direct/DirectClassFile;Lcom/android/dx/dex/cf/CfOptions;)Lcom/android/dx/rop/annotation/Annotations;+11
j  com.android.dx.dex.cf.CfTranslator.translate0(Lcom/android/dx/cf/direct/DirectClassFile;[BLcom/android/dx/dex/cf/CfOptions;Lcom/android/dx/dex/DexOptions;Lcom/android/dx/dex/file/DexFile;)Lcom/android/dx/dex/file/ClassDefItem;+69
j  com.android.dx.dex.cf.CfTranslator.translate(Lcom/android/dx/cf/direct/DirectClassFile;[BLcom/android/dx/dex/cf/CfOptions;Lcom/android/dx/dex/DexOptions;Lcom/android/dx/dex/file/DexFile;)Lcom/android/dx/dex/file/ClassDefItem;+6
j  com.android.dx.command.dexer.Main.translateClass([BLcom/android/dx/cf/direct/DirectClassFile;)Lcom/android/dx/dex/file/ClassDefItem;+17
j  com.android.dx.command.dexer.Main.access$2700([BLcom/android/dx/cf/direct/DirectClassFile;)Lcom/android/dx/dex/file/ClassDefItem;+2
j  com.android.dx.command.dexer.Main$ClassTranslatorTask.call()Lcom/android/dx/dex/file/ClassDefItem;+8
j  com.android.dx.command.dexer.Main$ClassTranslatorTask.call()Ljava/lang/Object;+1
j  java.util.concurrent.FutureTask.run()V+42
j  java.util.concurrent.ThreadPoolExecutor.runWorker(Ljava/util/concurrent/ThreadPoolExecutor$Worker;)V+95
j  java.util.concurrent.ThreadPoolExecutor$Worker.run()V+5
j  java.lang.Thread.run()V+11
v  ~StubRoutines::call_stub

---------------  P R O C E S S  ---------------

Java Threads: ( => current thread )
  0x00000000169d7800 JavaThread "pool-2-thread-4" [_thread_blocked, id=32916, stack(0x0000000017840000,0x0000000017940000)]
=>0x00000000169d7000 JavaThread "pool-2-thread-3" [_thread_in_vm, id=32912, stack(0x0000000017740000,0x0000000017840000)]
  0x00000000169fa000 JavaThread "pool-2-thread-2" [_thread_in_vm, id=32908, stack(0x0000000017640000,0x0000000017740000)]
  0x0000000016b17000 JavaThread "pool-3-thread-1" [_thread_blocked, id=32896, stack(0x0000000017540000,0x0000000017640000)]
  0x0000000016b13000 JavaThread "pool-2-thread-1" [_thread_blocked, id=32892, stack(0x0000000017440000,0x0000000017540000)]
  0x0000000014e4d800 JavaThread "Service Thread" daemon [_thread_blocked, id=32832, stack(0x0000000016640000,0x0000000016740000)]
  0x0000000014e46000 JavaThread "C1 CompilerThread2" daemon [_thread_blocked, id=32812, stack(0x0000000016540000,0x0000000016640000)]
  0x0000000014df3000 JavaThread "C2 CompilerThread1" daemon [_thread_blocked, id=32796, stack(0x0000000016440000,0x0000000016540000)]
  0x0000000014ded000 JavaThread "C2 CompilerThread0" daemon [_thread_blocked, id=32784, stack(0x0000000016340000,0x0000000016440000)]
  0x0000000014deb800 JavaThread "Attach Listener" daemon [_thread_blocked, id=32780, stack(0x0000000016240000,0x0000000016340000)]
  0x0000000014dea800 JavaThread "Signal Dispatcher" daemon [_thread_blocked, id=32776, stack(0x0000000016140000,0x0000000016240000)]
  0x0000000002716000 JavaThread "Finalizer" daemon [_thread_blocked, id=30572, stack(0x0000000016040000,0x0000000016140000)]
  0x000000000270d000 JavaThread "Reference Handler" daemon [_thread_blocked, id=30788, stack(0x0000000015f40000,0x0000000016040000)]
  0x000000000261e000 JavaThread "main" [_thread_in_Java, id=30748, stack(0x0000000002470000,0x0000000002570000)]

Other Threads:
  0x0000000014db6800 VMThread [stack: 0x0000000015e40000,0x0000000015f40000] [id=21620]
  0x0000000014e4e800 WatcherThread [stack: 0x0000000016b40000,0x0000000016c40000] [id=32836]

VM state:not at safepoint (normal execution)

VM Mutex/Monitor currently owned by a thread: None

Heap:
 PSYoungGen      total 18944K, used 9192K [0x00000000eab00000, 0x00000000ec000000, 0x0000000100000000)
  eden space 16384K, 56% used [0x00000000eab00000,0x00000000eb3fa3b8,0x00000000ebb00000)
  from space 2560K, 0% used [0x00000000ebd80000,0x00000000ebd80000,0x00000000ec000000)
  to   space 2560K, 0% used [0x00000000ebb00000,0x00000000ebb00000,0x00000000ebd80000)
 ParOldGen       total 44032K, used 0K [0x00000000c0000000, 0x00000000c2b00000, 0x00000000eab00000)
  object space 44032K, 0% used [0x00000000c0000000,0x00000000c0000000,0x00000000c2b00000)
 Metaspace       used 4464K, capacity 5648K, committed 6016K, reserved 1056768K
  class space    used 487K, capacity 520K, committed 640K, reserved 1048576K

Card table byte_map: [0x0000000011ae0000,0x0000000011cf0000] byte_map_base: 0x00000000114e0000

Marking Bits: (ParMarkBitMap*) 0x0000000057b9d490
 Begin Bits: [0x0000000012250000, 0x0000000013250000)
 End Bits:   [0x0000000013250000, 0x0000000014250000)

Polling page: 0x0000000002570000

CodeCache: size=245760Kb used=1833Kb max_used=1833Kb free=243926Kb
 bounds [0x0000000002720000, 0x0000000002990000, 0x0000000011720000]
 total_blobs=598 nmethods=338 adapters=174
 compilation: enabled

Compilation events (10 events):
Event: 0.910 Thread 0x0000000014e46000  303       1       com.android.dx.rop.cst.CstString::isCategory2 (2 bytes)
Event: 0.910 Thread 0x0000000014e46000 nmethod 303 0x00000000028ce3d0 code [0x00000000028ce520, 0x00000000028ce630]
Event: 0.910 Thread 0x0000000014e46000  301   !   3       com.android.dx.rop.type.Type::intern (319 bytes)
Event: 0.913 Thread 0x0000000014e46000 nmethod 301 0x00000000028d5890 code [0x00000000028d5ce0, 0x00000000028d86a8]
Event: 0.913 Thread 0x0000000014e46000  302       3       com.android.dx.rop.cst.CstNat::<init> (43 bytes)
Event: 0.913 Thread 0x0000000014e46000 nmethod 302 0x00000000028cdcd0 code [0x00000000028cde60, 0x00000000028ce258]
Event: 0.913 Thread 0x0000000014e46000  304       1       com.android.dx.cf.direct.MemberListParser::getDefiner (5 bytes)
Event: 0.914 Thread 0x0000000014e46000 nmethod 304 0x00000000028cda10 code [0x00000000028cdb60, 0x00000000028cdc70]
Event: 0.914 Thread 0x0000000014e46000  305       1       com.android.dx.rop.type.Prototype::getDescriptor (5 bytes)
Event: 0.914 Thread 0x0000000014e46000 nmethod 305 0x00000000028cd750 code [0x00000000028cd8a0, 0x00000000028cd9b0]

GC Heap History (0 events):
No events

Deoptimization events (0 events):
No events

Internal exceptions (10 events):
Event: 0.901 Thread 0x0000000016b13000 Exception <a 'java/security/PrivilegedActionException'> (0x00000000eb1bbea8) thrown at [D:\re\workspace\8-2-build-windows-amd64-cygwin\jdk8u25\1677\hotspot\src\share\vm\prims\jvm.cpp, line 1312]
Event: 0.902 Thread 0x0000000016b13000 Exception <a 'java/security/PrivilegedActionException'> (0x00000000eb212838) thrown at [D:\re\workspace\8-2-build-windows-amd64-cygwin\jdk8u25\1677\hotspot\src\share\vm\prims\jvm.cpp, line 1312]
Event: 0.903 Thread 0x0000000016b13000 Exception <a 'java/security/PrivilegedActionException'> (0x00000000eb217120) thrown at [D:\re\workspace\8-2-build-windows-amd64-cygwin\jdk8u25\1677\hotspot\src\share\vm\prims\jvm.cpp, line 1312]
Event: 0.907 Thread 0x0000000016b13000 Exception <a 'java/security/PrivilegedActionException'> (0x00000000eb219100) thrown at [D:\re\workspace\8-2-build-windows-amd64-cygwin\jdk8u25\1677\hotspot\src\share\vm\prims\jvm.cpp, line 1312]
Event: 0.909 Thread 0x0000000016b13000 Exception <a 'java/security/PrivilegedActionException'> (0x00000000eb2215e8) thrown at [D:\re\workspace\8-2-build-windows-amd64-cygwin\jdk8u25\1677\hotspot\src\share\vm\prims\jvm.cpp, line 1312]
Event: 0.909 Thread 0x0000000016b13000 Exception <a 'java/security/PrivilegedActionException'> (0x00000000eb224b20) thrown at [D:\re\workspace\8-2-build-windows-amd64-cygwin\jdk8u25\1677\hotspot\src\share\vm\prims\jvm.cpp, line 1312]
Event: 0.911 Thread 0x000000000261e000 Exception <a 'java/security/PrivilegedActionException'> (0x00000000eb268de8) thrown at [D:\re\workspace\8-2-build-windows-amd64-cygwin\jdk8u25\1677\hotspot\src\share\vm\prims\jvm.cpp, line 1312]
Event: 0.934 Thread 0x000000000261e000 Exception <a 'java/security/PrivilegedActionException'> (0x00000000eb26f550) thrown at [D:\re\workspace\8-2-build-windows-amd64-cygwin\jdk8u25\1677\hotspot\src\share\vm\prims\jvm.cpp, line 1312]
Event: 0.934 Thread 0x0000000016b13000 Exception <a 'java/security/PrivilegedActionException'> (0x00000000eb22a1a8) thrown at [D:\re\workspace\8-2-build-windows-amd64-cygwin\jdk8u25\1677\hotspot\src\share\vm\prims\jvm.cpp, line 1312]
Event: 0.934 Thread 0x00000000169d7800 Exception <a 'java/security/PrivilegedActionException'> (0x00000000eb357050) thrown at [D:\re\workspace\8-2-build-windows-amd64-cygwin\jdk8u25\1677\hotspot\src\share\vm\prims\jvm.cpp, line 1312]

Events (10 events):
Event: 0.909 loading class com/android/dx/util/IntList
Event: 0.909 loading class com/android/dx/util/IntList done
Event: 0.910 loading class com/android/dx/dex/file/AnnotationUtils
Event: 0.910 loading class com/android/dx/dex/file/AnnotationUtils done
Event: 0.934 loading class com/android/dx/cf/code/ByteOps
Event: 0.934 loading class com/android/dx/cf/code/ByteOps done
Event: 0.934 loading class com/android/dx/rop/annotation/NameValuePair
Event: 0.934 loading class com/android/dx/rop/annotation/NameValuePair done
Event: 0.934 loading class com/android/dx/rop/cst/CstArray$List
Event: 0.934 loading class com/android/dx/rop/cst/CstArray$List done


Dynamic libraries:
0x00007ff619710000 - 0x00007ff619744000 	C:\Program Files\Java\jdk1.8.0_25\bin\java.exe
0x00007ffdb2fd0000 - 0x00007ffdb3191000 	C:\WINDOWS\SYSTEM32\ntdll.dll
0x00007ffdb2650000 - 0x00007ffdb26fd000 	C:\WINDOWS\system32\KERNEL32.DLL
0x00007ffdafe10000 - 0x00007ffdafff8000 	C:\WINDOWS\system32\KERNELBASE.dll
0x00007ffdb0d80000 - 0x00007ffdb0e27000 	C:\WINDOWS\system32\ADVAPI32.dll
0x00007ffdb1050000 - 0x00007ffdb10ed000 	C:\WINDOWS\system32\msvcrt.dll
0x00007ffdb2f70000 - 0x00007ffdb2fcb000 	C:\WINDOWS\system32\sechost.dll
0x00007ffdb0780000 - 0x00007ffdb089c000 	C:\WINDOWS\system32\RPCRT4.dll
0x00007ffdb2cf0000 - 0x00007ffdb2e46000 	C:\WINDOWS\system32\USER32.dll
0x00007ffdb0520000 - 0x00007ffdb06a6000 	C:\WINDOWS\system32\GDI32.dll
0x00007ffda7820000 - 0x00007ffda7a94000 	C:\WINDOWS\WinSxS\amd64_microsoft.windows.common-controls_6595b64144ccf1df_6.0.10586.494_none_a2d8b04ea53e3145\COMCTL32.dll
0x00007ffdb08a0000 - 0x00007ffdb0b1d000 	C:\WINDOWS\system32\combase.dll
0x00007ffdafd80000 - 0x00007ffdafdea000 	C:\WINDOWS\system32\bcryptPrimitives.dll
0x00007ffdb03d0000 - 0x00007ffdb040b000 	C:\WINDOWS\system32\IMM32.DLL
0x0000000056f00000 - 0x0000000056fd2000 	C:\Program Files\Java\jdk1.8.0_25\jre\bin\msvcr100.dll
0x00000000573c0000 - 0x0000000057c1a000 	C:\Program Files\Java\jdk1.8.0_25\jre\bin\server\jvm.dll
0x00007ffdb0d00000 - 0x00007ffdb0d08000 	C:\WINDOWS\system32\PSAPI.DLL
0x00007ffd9d1c0000 - 0x00007ffd9d1c9000 	C:\WINDOWS\SYSTEM32\WSOCK32.dll
0x00007ffdb0d10000 - 0x00007ffdb0d7b000 	C:\WINDOWS\system32\WS2_32.dll
0x00007ffdad8c0000 - 0x00007ffdad8e3000 	C:\WINDOWS\SYSTEM32\WINMM.dll
0x00007ffdad030000 - 0x00007ffdad05c000 	C:\WINDOWS\SYSTEM32\WINMMBASE.dll
0x00007ffdb0000000 - 0x00007ffdb0043000 	C:\WINDOWS\system32\cfgmgr32.dll
0x00000000573b0000 - 0x00000000573bf000 	C:\Program Files\Java\jdk1.8.0_25\jre\bin\verify.dll
0x0000000057380000 - 0x00000000573a8000 	C:\Program Files\Java\jdk1.8.0_25\jre\bin\java.dll
0x0000000057360000 - 0x0000000057376000 	C:\Program Files\Java\jdk1.8.0_25\jre\bin\zip.dll
0x00007ffdb10f0000 - 0x00007ffdb264c000 	C:\WINDOWS\system32\SHELL32.dll
0x00007ffdaf730000 - 0x00007ffdafd75000 	C:\WINDOWS\system32\windows.storage.dll
0x00007ffdb2c90000 - 0x00007ffdb2ce2000 	C:\WINDOWS\system32\shlwapi.dll
0x00007ffdaf670000 - 0x00007ffdaf67f000 	C:\WINDOWS\system32\kernel.appcore.dll
0x00007ffdb0140000 - 0x00007ffdb01f5000 	C:\WINDOWS\system32\shcore.dll
0x00007ffdaf5f0000 - 0x00007ffdaf63b000 	C:\WINDOWS\system32\powrprof.dll
0x00007ffdaf640000 - 0x00007ffdaf654000 	C:\WINDOWS\system32\profapi.dll

VM Arguments:
jvm_args: -Djava.awt.headless=true -Xmx1024M -Dfile.encoding=windows-1252 -Duser.country=FR -Duser.language=fr -Duser.variant 
java_command: com.android.dx.command.Main --dex --force-jumbo --num-threads=4 --multi-dex --output C:\Users\Famille\AndroidStudioProjects\Niviel\app\build\intermediates\transforms\dex\debug\folders\1000\10\com.android.support-recyclerview-v7-24.2.0_eb420716c5d28490ae4791adc3064b541522631e C:\Users\Famille\AndroidStudioProjects\Niviel\app\build\intermediates\exploded-aar\com.android.support\recyclerview-v7\24.2.0\jars\classes.jar
java_class_path (initial): C:\Users\Famille\AppData\Local\Android\sdk\build-tools\23.0.2\lib\dx.jar
Launcher Type: SUN_STANDARD

Environment Variables:
JAVA_HOME=C:\Program Files\Java\jdk1.8.0_25
PATH=C:\Program Files\Broadcom\Broadcom 802.11 Network Adapter;;C:\Program Files\Broadcom\Broadcom 802.11;C:\ProgramData\Oracle\Java\javapath;C:\Program Files (x86)\Intel\iCLS Client\;C:\Program Files\Intel\iCLS Client\;C:\Windows\system32;C:\Windows;C:\Windows\System32\Wbem;C:\Windows\System32\WindowsPowerShell\v1.0\;C:\Program Files\Hewlett-Packard\SimplePass\;C:\wamp\bin\php\php5.5.12;C:\Python27;C:\Users\Famille\AppData\Roaming\npm\;C:\Program Files\nodejs\;C:\Program Files\Git\cmd;C:\Program Files (x86)\Brackets\command;C:\Program Files (x86)\Ant\bin;C:\Program Files (x86)\Maven\bin;C:\Program Files (x86)\Intel\Intel(R) Management Engine Components\DAL;C:\Program Files\Intel\Intel(R) Management Engine Components\DAL;C:\Program Files (x86)\Intel\Intel(R) Management Engine Components\IPT;C:\Program Files\Intel\Intel(R) Management Engine Components\IPT;C:\Users\Famille\AppData\Local\atom\bin;C:\Users\Famille\AppData\Roaming\npm
USERNAME=de Lachaux
OS=Windows_NT
PROCESSOR_IDENTIFIER=Intel64 Family 6 Model 69 Stepping 1, GenuineIntel



---------------  S Y S T E M  ---------------

OS: Windows 8.1 , 64 bit Build 9600 

CPU:total 4 (2 cores per cpu, 2 threads per core) family 6 model 69 stepping 1, cmov, cx8, fxsr, mmx, sse, sse2, sse3, ssse3, sse4.1, sse4.2, popcnt, avx, avx2, aes, clmul, erms, lzcnt, ht, tsc, tscinvbit, bmi1, bmi2

Memory: 4k page, physical 4122776k(420892k free), swap 5555352k(4572k free)

vm_info: Java HotSpot(TM) 64-Bit Server VM (25.25-b02) for windows-amd64 JRE (1.8.0_25-b18), built on Oct  7 2014 14:25:37 by "java_re" with MS VC++ 10.0 (VS2010)

time: Tue Aug 23 11:32:38 2016
elapsed time: 0 seconds (0d 0h 0m 0s)

