#
# There is insufficient memory for the Java Runtime Environment to continue.
# Native memory allocation (malloc) failed to allocate 32744 bytes for ChunkPool::allocate
# Possible reasons:
#   The system is out of physical RAM or swap space
#   In 32 bit mode, the process size limit was hit
# Possible solutions:
#   Reduce memory load on the system
#   Increase physical memory or swap space
#   Check if swap backing store is full
#   Use 64 bit Java on a 64 bit OS
#   Decrease Java heap size (-Xmx/-Xms)
#   Decrease number of Java threads
#   Decrease Java thread stack sizes (-Xss)
#   Set larger code cache with -XX:ReservedCodeCacheSize=
# This output file may be truncated or incomplete.
#
#  Out of Memory Error (allocation.cpp:273), pid=18348, tid=18416
#
# JRE version: Java(TM) SE Runtime Environment (8.0_25-b18) (build 1.8.0_25-b18)
# Java VM: Java HotSpot(TM) 64-Bit Server VM (25.25-b02 mixed mode windows-amd64 compressed oops)
# Failed to write core dump. Minidumps are not enabled by default on client versions of Windows
#

---------------  T H R E A D  ---------------

Current thread (0x00000000152e0000):  JavaThread "C1 CompilerThread2" daemon [_thread_in_native, id=18416, stack(0x00000000169e0000,0x0000000016ae0000)]

Stack: [0x00000000169e0000,0x0000000016ae0000]
Native frames: (J=compiled Java code, j=interpreted, Vv=VM code, C=native code)
V  [jvm.dll+0x31667a]
V  [jvm.dll+0x267073]
V  [jvm.dll+0x267cb3]
V  [jvm.dll+0x25f5b5]
V  [jvm.dll+0xbeec1]
V  [jvm.dll+0xbf60c]
V  [jvm.dll+0x25dc3b]
V  [jvm.dll+0x2b056a]
V  [jvm.dll+0x41720a]
V  [jvm.dll+0x421543]
V  [jvm.dll+0x416290]
V  [jvm.dll+0x400520]
V  [jvm.dll+0x3ed21d]
V  [jvm.dll+0x3ed690]
V  [jvm.dll+0x3ed7c2]
V  [jvm.dll+0x3ed98e]
V  [jvm.dll+0x3edb8f]
V  [jvm.dll+0x98a02]
V  [jvm.dll+0x991f3]
V  [jvm.dll+0x22bde4]
V  [jvm.dll+0x2852fa]
C  [msvcr100.dll+0x21d9f]
C  [msvcr100.dll+0x21e3b]
C  [KERNEL32.DLL+0x18102]
C  [ntdll.dll+0x5c5b4]


Current CompileTask:
C1:   6009  143   !   3       com.android.dx.cf.cst.ConstantPoolParser::parse0 (731 bytes)


---------------  P R O C E S S  ---------------

Java Threads: ( => current thread )
  0x00000000152e3800 JavaThread "Service Thread" daemon [_thread_blocked, id=18392, stack(0x0000000016ae0000,0x0000000016be0000)]
=>0x00000000152e0000 JavaThread "C1 CompilerThread2" daemon [_thread_in_native, id=18416, stack(0x00000000169e0000,0x0000000016ae0000)]
  0x00000000152df000 JavaThread "C2 CompilerThread1" daemon [_thread_blocked, id=18400, stack(0x00000000168e0000,0x00000000169e0000)]
  0x000000001528c000 JavaThread "C2 CompilerThread0" daemon [_thread_blocked, id=14300, stack(0x00000000167e0000,0x00000000168e0000)]
  0x000000001528a800 JavaThread "Attach Listener" daemon [_thread_blocked, id=9960, stack(0x00000000166e0000,0x00000000167e0000)]
  0x0000000015289800 JavaThread "Signal Dispatcher" daemon [_thread_blocked, id=14592, stack(0x00000000165e0000,0x00000000166e0000)]
  0x0000000002bb0800 JavaThread "Finalizer" daemon [_thread_blocked, id=13916, stack(0x00000000164e0000,0x00000000165e0000)]
  0x0000000002bad000 JavaThread "Reference Handler" daemon [_thread_blocked, id=14484, stack(0x00000000163e0000,0x00000000164e0000)]
  0x00000000011be000 JavaThread "main" [_thread_blocked, id=17512, stack(0x0000000002960000,0x0000000002a60000)]

Other Threads:
  0x0000000015256800 VMThread [stack: 0x00000000162e0000,0x00000000163e0000] [id=14504]
  0x00000000152e6800 WatcherThread [stack: 0x0000000016be0000,0x0000000016ce0000] [id=5968]

VM state:at safepoint (normal execution)

VM Mutex/Monitor currently owned by a thread:  ([mutex/lock_event])
[0x00000000011bcc20] Threads_lock - owner thread: 0x0000000015256800
[0x00000000011bd2a0] Heap_lock - owner thread: 0x00000000011be000

Heap:
 PSYoungGen      total 18944K, used 1379K [0x00000000eab00000, 0x00000000ec000000, 0x0000000100000000)
  eden space 16384K, 0% used [0x00000000eab00000,0x00000000eab00000,0x00000000ebb00000)
  from space 2560K, 53% used [0x00000000ebb00000,0x00000000ebc58c70,0x00000000ebd80000)
  to   space 2560K, 0% used [0x00000000ebd80000,0x00000000ebd80000,0x00000000ec000000)
 ParOldGen       total 44032K, used 8K [0x00000000c0000000, 0x00000000c2b00000, 0x00000000eab00000)
  object space 44032K, 0% used [0x00000000c0000000,0x00000000c0002000,0x00000000c2b00000)
 Metaspace       used 3736K, capacity 5040K, committed 5120K, reserved 1060864K
  class space    used 420K, capacity 488K, committed 512K, reserved 1048576K

Card table byte_map: [0x0000000011f80000,0x0000000012190000] byte_map_base: 0x0000000011980000

Marking Bits: (ParMarkBitMap*) 0x0000000057e2d490
 Begin Bits: [0x00000000126f0000, 0x00000000136f0000)
 End Bits:   [0x00000000136f0000, 0x00000000146f0000)

Polling page: 0x00000000011a0000

CodeCache: size=245760Kb used=1319Kb max_used=1328Kb free=244440Kb
 bounds [0x0000000002bc0000, 0x0000000002e30000, 0x0000000011bc0000]
 total_blobs=394 nmethods=143 adapters=165
 compilation: enabled

Compilation events (10 events):
Event: 4.211 Thread 0x00000000152e0000 nmethod 138 0x0000000002d06c90 code [0x0000000002d06de0, 0x0000000002d06f10]
Event: 4.211 Thread 0x00000000152e0000  139       3       java.util.BitSet::checkInvariants (111 bytes)
Event: 4.211 Thread 0x00000000152e0000 nmethod 139 0x0000000002d06950 code [0x0000000002d06aa0, 0x0000000002d06c30]
Event: 4.224 Thread 0x00000000152e0000  140   !   3       com.android.dx.rop.cst.StdConstantPool::getOrNull (13 bytes)
Event: 4.225 Thread 0x00000000152e0000 nmethod 140 0x0000000002d09a50 code [0x0000000002d09c40, 0x0000000002d0a508]
Event: 4.225 Thread 0x00000000152e0000  141       3       com.android.dx.util.MutabilityControl::throwIfImmutable (18 bytes)
Event: 4.225 Thread 0x00000000152e0000 nmethod 141 0x0000000002d095d0 code [0x0000000002d09740, 0x0000000002d09988]
Event: 4.226 Thread 0x000000001528c000  142       4       com.android.dx.util.ByteArray::checkOffsets (66 bytes)
Event: 4.226 Thread 0x000000001528c000 nmethod 142 0x0000000002d07e90 code [0x0000000002d07fc0, 0x0000000002d08058]
Event: 4.226 Thread 0x00000000152e0000  143   !   3       com.android.dx.cf.cst.ConstantPoolParser::parse0 (731 bytes)

GC Heap History (0 events):
No events

Deoptimization events (0 events):
No events

Internal exceptions (10 events):
Event: 3.993 Thread 0x00000000011be000 Exception <a 'java/security/PrivilegedActionException'> (0x00000000ead9a5a0) thrown at [D:\re\workspace\8-2-build-windows-amd64-cygwin\jdk8u25\1677\hotspot\src\share\vm\prims\jvm.cpp, line 1312]
Event: 3.994 Thread 0x00000000011be000 Exception <a 'java/security/PrivilegedActionException'> (0x00000000ead9df28) thrown at [D:\re\workspace\8-2-build-windows-amd64-cygwin\jdk8u25\1677\hotspot\src\share\vm\prims\jvm.cpp, line 1312]
Event: 3.996 Thread 0x00000000011be000 Exception <a 'java/security/PrivilegedActionException'> (0x00000000eada0c18) thrown at [D:\re\workspace\8-2-build-windows-amd64-cygwin\jdk8u25\1677\hotspot\src\share\vm\prims\jvm.cpp, line 1312]
Event: 3.997 Thread 0x00000000011be000 Exception <a 'java/security/PrivilegedActionException'> (0x00000000eada4508) thrown at [D:\re\workspace\8-2-build-windows-amd64-cygwin\jdk8u25\1677\hotspot\src\share\vm\prims\jvm.cpp, line 1312]
Event: 3.997 Thread 0x00000000011be000 Exception <a 'java/security/PrivilegedActionException'> (0x00000000eada7b60) thrown at [D:\re\workspace\8-2-build-windows-amd64-cygwin\jdk8u25\1677\hotspot\src\share\vm\prims\jvm.cpp, line 1312]
Event: 3.999 Thread 0x00000000011be000 Exception <a 'java/security/PrivilegedActionException'> (0x00000000eadaa838) thrown at [D:\re\workspace\8-2-build-windows-amd64-cygwin\jdk8u25\1677\hotspot\src\share\vm\prims\jvm.cpp, line 1312]
Event: 4.005 Thread 0x00000000011be000 Exception <a 'java/security/PrivilegedActionException'> (0x00000000eadb0a88) thrown at [D:\re\workspace\8-2-build-windows-amd64-cygwin\jdk8u25\1677\hotspot\src\share\vm\prims\jvm.cpp, line 1312]
Event: 4.011 Thread 0x00000000011be000 Exception <a 'java/security/PrivilegedActionException'> (0x00000000eadbd528) thrown at [D:\re\workspace\8-2-build-windows-amd64-cygwin\jdk8u25\1677\hotspot\src\share\vm\prims\jvm.cpp, line 1312]
Event: 4.012 Thread 0x00000000011be000 Exception <a 'java/security/PrivilegedActionException'> (0x00000000eadc3a78) thrown at [D:\re\workspace\8-2-build-windows-amd64-cygwin\jdk8u25\1677\hotspot\src\share\vm\prims\jvm.cpp, line 1312]
Event: 4.019 Thread 0x00000000011be000 Exception <a 'java/security/PrivilegedActionException'> (0x00000000eadc9c48) thrown at [D:\re\workspace\8-2-build-windows-amd64-cygwin\jdk8u25\1677\hotspot\src\share\vm\prims\jvm.cpp, line 1312]

Events (10 events):
Event: 4.011 loading class com/android/dx/rop/type/Prototype
Event: 4.011 loading class com/android/dx/rop/type/Prototype done
Event: 4.012 loading class com/android/dx/rop/type/StdTypeList
Event: 4.012 loading class com/android/dx/rop/type/StdTypeList done
Event: 4.019 loading class com/android/dx/util/FixedSizeList
Event: 4.019 loading class com/android/dx/util/FixedSizeList done
Event: 4.206 loading class java/lang/NegativeArraySizeException
Event: 4.206 loading class java/lang/NegativeArraySizeException done
Event: 4.206 loading class java/lang/ArrayIndexOutOfBoundsException
Event: 4.206 loading class java/lang/ArrayIndexOutOfBoundsException done


Dynamic libraries:
0x00007ff62aac0000 - 0x00007ff62aaf4000 	C:\Program Files\Java\jdk1.8.0_25\bin\java.exe
0x00007ffa827f0000 - 0x00007ffa829b1000 	C:\WINDOWS\SYSTEM32\ntdll.dll
0x00007ffa82340000 - 0x00007ffa823ed000 	C:\WINDOWS\system32\KERNEL32.DLL
0x00007ffa7eea0000 - 0x00007ffa7f088000 	C:\WINDOWS\system32\KERNELBASE.dll
0x00007ffa820c0000 - 0x00007ffa82167000 	C:\WINDOWS\system32\ADVAPI32.dll
0x00007ffa82020000 - 0x00007ffa820bd000 	C:\WINDOWS\system32\msvcrt.dll
0x00007ffa81c30000 - 0x00007ffa81c8b000 	C:\WINDOWS\system32\sechost.dll
0x00007ffa81c90000 - 0x00007ffa81dac000 	C:\WINDOWS\system32\RPCRT4.dll
0x00007ffa81db0000 - 0x00007ffa81f06000 	C:\WINDOWS\system32\USER32.dll
0x00007ffa82580000 - 0x00007ffa82706000 	C:\WINDOWS\system32\GDI32.dll
0x00007ffa79220000 - 0x00007ffa79494000 	C:\WINDOWS\WinSxS\amd64_microsoft.windows.common-controls_6595b64144ccf1df_6.0.10586.0_none_8c15ae12515e1c22\COMCTL32.dll
0x00007ffa813c0000 - 0x00007ffa8163d000 	C:\WINDOWS\system32\combase.dll
0x00007ffa7f090000 - 0x00007ffa7f0fa000 	C:\WINDOWS\system32\bcryptPrimitives.dll
0x00007ffa82710000 - 0x00007ffa8274b000 	C:\WINDOWS\system32\IMM32.DLL
0x0000000057190000 - 0x0000000057262000 	C:\Program Files\Java\jdk1.8.0_25\jre\bin\msvcr100.dll
0x0000000057650000 - 0x0000000057eaa000 	C:\Program Files\Java\jdk1.8.0_25\jre\bin\server\jvm.dll
0x00007ffa81640000 - 0x00007ffa81648000 	C:\WINDOWS\system32\PSAPI.DLL
0x00007ffa6e5f0000 - 0x00007ffa6e5f9000 	C:\WINDOWS\SYSTEM32\WSOCK32.dll
0x00007ffa82750000 - 0x00007ffa827bb000 	C:\WINDOWS\system32\WS2_32.dll
0x00007ffa7cc00000 - 0x00007ffa7cc23000 	C:\WINDOWS\SYSTEM32\WINMM.dll
0x00007ffa7cab0000 - 0x00007ffa7cadc000 	C:\WINDOWS\SYSTEM32\WINMMBASE.dll
0x00007ffa7f2d0000 - 0x00007ffa7f313000 	C:\WINDOWS\system32\cfgmgr32.dll
0x0000000057640000 - 0x000000005764f000 	C:\Program Files\Java\jdk1.8.0_25\jre\bin\verify.dll
0x0000000057610000 - 0x0000000057638000 	C:\Program Files\Java\jdk1.8.0_25\jre\bin\java.dll
0x00000000575f0000 - 0x0000000057606000 	C:\Program Files\Java\jdk1.8.0_25\jre\bin\zip.dll
0x00007ffa7fdb0000 - 0x00007ffa8130c000 	C:\WINDOWS\system32\SHELL32.dll
0x00007ffa7f5a0000 - 0x00007ffa7fbe4000 	C:\WINDOWS\system32\windows.storage.dll
0x00007ffa82520000 - 0x00007ffa82572000 	C:\WINDOWS\system32\shlwapi.dll
0x00007ffa7ee80000 - 0x00007ffa7ee8f000 	C:\WINDOWS\system32\kernel.appcore.dll
0x00007ffa7f3a0000 - 0x00007ffa7f455000 	C:\WINDOWS\system32\shcore.dll
0x00007ffa7ee10000 - 0x00007ffa7ee5b000 	C:\WINDOWS\system32\powrprof.dll
0x00007ffa7ee60000 - 0x00007ffa7ee74000 	C:\WINDOWS\system32\profapi.dll
0x00007ffa6af10000 - 0x00007ffa6b09c000 	C:\WINDOWS\SYSTEM32\dbghelp.dll

VM Arguments:
jvm_args: -Djava.awt.headless=true -Xmx1024M -Dfile.encoding=windows-1252 -Duser.country=FR -Duser.language=fr -Duser.variant 
java_command: com.android.dx.command.Main --dex --force-jumbo --num-threads=4 --multi-dex --output C:\Users\Famille\AndroidStudioProjects\Niviel\app\build\intermediates\transforms\dex\debug\folders\1000\5\slice_1 C:\Users\Famille\AndroidStudioProjects\Niviel\app\build\intermediates\transforms\instantRunSlicer\debug\folders\1\5\slice_1
java_class_path (initial): C:\Users\Famille\AppData\Local\Android\sdk\build-tools\23.0.2\lib\dx.jar
Launcher Type: SUN_STANDARD

Environment Variables:
JAVA_HOME=C:\Program Files\Java\jdk1.8.0_25
PATH=C:\Program Files\Broadcom\Broadcom 802.11 Network Adapter;;C:\Program Files\Broadcom\Broadcom 802.11;C:\ProgramData\Oracle\Java\javapath;C:\Program Files (x86)\Intel\iCLS Client\;C:\Program Files\Intel\iCLS Client\;C:\Windows\system32;C:\Windows;C:\Windows\System32\Wbem;C:\Windows\System32\WindowsPowerShell\v1.0\;C:\Program Files\Hewlett-Packard\SimplePass\;C:\wamp\bin\php\php5.5.12;C:\Python27;C:\Users\Famille\AppData\Roaming\npm\;C:\Program Files\nodejs\;C:\Program Files\Git\cmd;C:\Program Files (x86)\Brackets\command;C:\Program Files (x86)\Ant\bin;C:\Program Files (x86)\Maven\bin;C:\Program Files (x86)\Intel\Intel(R) Management Engine Components\DAL;C:\Program Files\Intel\Intel(R) Management Engine Components\DAL;C:\Program Files (x86)\Intel\Intel(R) Management Engine Components\IPT;C:\Program Files\Intel\Intel(R) Management Engine Components\IPT;C:\Users\Famille\AppData\Local\atom\bin;C:\Users\Famille\AppData\Roaming\npm
USERNAME=de Lachaux
OS=Windows_NT
PROCESSOR_IDENTIFIER=Intel64 Family 6 Model 69 Stepping 1, GenuineIntel



---------------  S Y S T E M  ---------------

OS: Windows 8.1 , 64 bit Build 9600 

CPU:total 4 (2 cores per cpu, 2 threads per core) family 6 model 69 stepping 1, cmov, cx8, fxsr, mmx, sse, sse2, sse3, ssse3, sse4.1, sse4.2, popcnt, avx, avx2, aes, clmul, erms, lzcnt, ht, tsc, tscinvbit, bmi1, bmi2

Memory: 4k page, physical 4122776k(440024k free), swap 5555352k(589744k free)

vm_info: Java HotSpot(TM) 64-Bit Server VM (25.25-b02) for windows-amd64 JRE (1.8.0_25-b18), built on Oct  7 2014 14:25:37 by "java_re" with MS VC++ 10.0 (VS2010)

time: Sat Jun 25 18:14:46 2016
elapsed time: 6 seconds (0d 0h 0m 6s)

