#
# There is insufficient memory for the Java Runtime Environment to continue.
# Native memory allocation (malloc) failed to allocate 1048576 bytes for AllocateHeap
# Possible reasons:
#   The system is out of physical RAM or swap space
#   In 32 bit mode, the process size limit was hit
# Possible solutions:
#   Reduce memory load on the system
#   Increase physical memory or swap space
#   Check if swap backing store is full
#   Use 64 bit Java on a 64 bit OS
#   Decrease Java heap size (-Xmx/-Xms)
#   Decrease number of Java threads
#   Decrease Java thread stack sizes (-Xss)
#   Set larger code cache with -XX:ReservedCodeCacheSize=
# This output file may be truncated or incomplete.
#
#  Out of Memory Error (memory/allocation.inline.hpp:62), pid=20968, tid=21248
#
# JRE version:  (8.0_25-b18) (build )
# Java VM: Java HotSpot(TM) 64-Bit Server VM (25.25-b02 mixed mode windows-amd64 compressed oops)
# Failed to write core dump. Minidumps are not enabled by default on client versions of Windows
#

---------------  T H R E A D  ---------------

Current thread (0x0000000000bde000):  JavaThread "Unknown thread" [_thread_in_vm, id=21248, stack(0x0000000002380000,0x0000000002480000)]

Stack: [0x0000000002380000,0x0000000002480000]
Native frames: (J=compiled Java code, j=interpreted, Vv=VM code, C=native code)
V  [jvm.dll+0x31667a]
V  [jvm.dll+0x267073]
V  [jvm.dll+0x267cb3]
V  [jvm.dll+0x25f5b5]
V  [jvm.dll+0x3defbf]
V  [jvm.dll+0x3dfaff]
V  [jvm.dll+0x3dfc14]
V  [jvm.dll+0x3dfde3]
V  [jvm.dll+0xe53f2]
V  [jvm.dll+0x1f9b19]
V  [jvm.dll+0x22b2e4]
V  [jvm.dll+0x14d571]
C  [java.exe+0x20b6]
C  [java.exe+0xc9bb]
C  [java.exe+0xca4f]
C  [KERNEL32.DLL+0x18102]
C  [ntdll.dll+0x5c5b4]


---------------  P R O C E S S  ---------------

Java Threads: ( => current thread )

Other Threads:

=>0x0000000000bde000 (exited) JavaThread "Unknown thread" [_thread_in_vm, id=21248, stack(0x0000000002380000,0x0000000002480000)]

VM state:not at safepoint (normal execution)

VM Mutex/Monitor currently owned by a thread: None

Heap:
 PSYoungGen      total 18944K, used 327K [0x00000000eab00000, 0x00000000ec000000, 0x0000000100000000)
  eden space 16384K, 2% used [0x00000000eab00000,0x00000000eab51ec8,0x00000000ebb00000)
  from space 2560K, 0% used [0x00000000ebd80000,0x00000000ebd80000,0x00000000ec000000)
  to   space 2560K, 0% used [0x00000000ebb00000,0x00000000ebb00000,0x00000000ebd80000)
 ParOldGen       total 44032K, used 0K [0x00000000c0000000, 0x00000000c2b00000, 0x00000000eab00000)
  object space 44032K, 0% used [0x00000000c0000000,0x00000000c0000000,0x00000000c2b00000)
 Metaspace       used 674K, capacity 4480K, committed 4480K, reserved 1056768K
  class space    used 66K, capacity 384K, committed 384K, reserved 1048576K

Card table byte_map: [0x0000000011940000,0x0000000011b50000] byte_map_base: 0x0000000011340000

Marking Bits: (ParMarkBitMap*) 0x0000000062e3d490
 Begin Bits: [0x00000000120b0000, 0x00000000130b0000)
 End Bits:   [0x00000000130b0000, 0x00000000140b0000)

Polling page: 0x0000000000b40000

CodeCache: size=245760Kb used=327Kb max_used=327Kb free=245432Kb
 bounds [0x0000000002580000, 0x00000000027f0000, 0x0000000011580000]
 total_blobs=56 nmethods=0 adapters=37
 compilation: enabled

Compilation events (0 events):
No events

GC Heap History (0 events):
No events

Deoptimization events (0 events):
No events

Internal exceptions (0 events):
No events

Events (10 events):
Event: 1.755 loading class java/lang/Short
Event: 1.755 loading class java/lang/Short done
Event: 1.755 loading class java/lang/Integer
Event: 1.756 loading class java/lang/Integer done
Event: 1.756 loading class java/lang/Long
Event: 1.756 loading class java/lang/Long done
Event: 1.757 loading class java/lang/NullPointerException
Event: 1.757 loading class java/lang/NullPointerException done
Event: 1.757 loading class java/lang/ArithmeticException
Event: 1.757 loading class java/lang/ArithmeticException done


Dynamic libraries:
0x00007ff63b070000 - 0x00007ff63b0a4000 	C:\Program Files\Java\jdk1.8.0_25\bin\java.exe
0x00007ff89f780000 - 0x00007ff89f941000 	C:\WINDOWS\SYSTEM32\ntdll.dll
0x00007ff89f060000 - 0x00007ff89f10d000 	C:\WINDOWS\system32\KERNEL32.DLL
0x00007ff89c170000 - 0x00007ff89c358000 	C:\WINDOWS\system32\KERNELBASE.dll
0x00007ff89ecc0000 - 0x00007ff89ed67000 	C:\WINDOWS\system32\ADVAPI32.dll
0x00007ff89edd0000 - 0x00007ff89ee6d000 	C:\WINDOWS\system32\msvcrt.dll
0x00007ff89ea60000 - 0x00007ff89eabb000 	C:\WINDOWS\system32\sechost.dll
0x00007ff89e940000 - 0x00007ff89ea5c000 	C:\WINDOWS\system32\RPCRT4.dll
0x00007ff89e7e0000 - 0x00007ff89e936000 	C:\WINDOWS\system32\USER32.dll
0x00007ff89eb30000 - 0x00007ff89ecb6000 	C:\WINDOWS\system32\GDI32.dll
0x00007ff8919c0000 - 0x00007ff891c34000 	C:\WINDOWS\WinSxS\amd64_microsoft.windows.common-controls_6595b64144ccf1df_6.0.10586.589_none_a2ddb3caa539acce\COMCTL32.dll
0x00007ff89e490000 - 0x00007ff89e70d000 	C:\WINDOWS\system32\combase.dll
0x00007ff89c360000 - 0x00007ff89c3ca000 	C:\WINDOWS\system32\bcryptPrimitives.dll
0x00007ff89ee70000 - 0x00007ff89eeab000 	C:\WINDOWS\system32\IMM32.DLL
0x00000000621a0000 - 0x0000000062272000 	C:\Program Files\Java\jdk1.8.0_25\jre\bin\msvcr100.dll
0x0000000062660000 - 0x0000000062eba000 	C:\Program Files\Java\jdk1.8.0_25\jre\bin\server\jvm.dll
0x00007ff89cf10000 - 0x00007ff89cf18000 	C:\WINDOWS\system32\PSAPI.DLL
0x00007ff88a830000 - 0x00007ff88a839000 	C:\WINDOWS\SYSTEM32\WSOCK32.dll
0x00007ff89eac0000 - 0x00007ff89eb2b000 	C:\WINDOWS\system32\WS2_32.dll
0x00007ff89a0d0000 - 0x00007ff89a0f3000 	C:\WINDOWS\SYSTEM32\WINMM.dll
0x00007ff89a060000 - 0x00007ff89a08c000 	C:\WINDOWS\SYSTEM32\WINMMBASE.dll
0x00007ff89bef0000 - 0x00007ff89bf33000 	C:\WINDOWS\system32\cfgmgr32.dll
0x0000000062650000 - 0x000000006265f000 	C:\Program Files\Java\jdk1.8.0_25\jre\bin\verify.dll
0x0000000062620000 - 0x0000000062648000 	C:\Program Files\Java\jdk1.8.0_25\jre\bin\java.dll
0x0000000062600000 - 0x0000000062616000 	C:\Program Files\Java\jdk1.8.0_25\jre\bin\zip.dll
0x00007ff887f80000 - 0x00007ff88810c000 	C:\WINDOWS\SYSTEM32\dbghelp.dll

VM Arguments:
jvm_args: -Djava.awt.headless=true -Xmx1024M -Dfile.encoding=windows-1252 -Duser.country=FR -Duser.language=fr -Duser.variant 
java_command: com.android.dx.command.Main --dex --num-threads=4 --output C:\Users\Famille\AndroidStudioProjects\Niviel\app\build\intermediates\pre-dexed\debug\com.android.support-cardview-v7-24.2.0_46eeed6c6b5dbcaa6b97e7f98391f4c66ccbb7df.jar C:\Users\Famille\AndroidStudioProjects\Niviel\app\build\intermediates\exploded-aar\com.android.support\cardview-v7\24.2.0\jars\classes.jar
java_class_path (initial): C:\Users\Famille\AppData\Local\Android\sdk\build-tools\23.0.2\lib\dx.jar
Launcher Type: SUN_STANDARD

Environment Variables:
JAVA_HOME=C:\Program Files\Java\jdk1.8.0_25
PATH=C:\Program Files\Broadcom\Broadcom 802.11 Network Adapter;C:\Program Files\Broadcom\Broadcom 802.11;C:\ProgramData\Oracle\Java\javapath;C:\Program Files (x86)\Intel\iCLS Client\;C:\Program Files\Intel\iCLS Client\;C:\Windows\system32;C:\Windows;C:\Windows\System32\Wbem;C:\Windows\System32\WindowsPowerShell\v1.0\;C:\Program Files\Hewlett-Packard\SimplePass\;C:\wamp\bin\php\php5.5.12;C:\Python27;C:\Users\Famille\AppData\Roaming\npm\;C:\Program Files\nodejs\;C:\Program Files\Git\cmd;C:\Program Files (x86)\Brackets\command;C:\Program Files (x86)\Ant\bin;C:\Program Files (x86)\Maven\bin;C:\Program Files (x86)\Intel\Intel(R) Management Engine Components\DAL;C:\Program Files\Intel\Intel(R) Management Engine Components\DAL;C:\Program Files (x86)\Intel\Intel(R) Management Engine Components\IPT;C:\Program Files\Intel\Intel(R) Management Engine Components\IPT;C:\Users\Famille\AppData\Local\Android\sdk\platform-tools;C:\Users\Famille\AppData\Local\atom\bin;C:\Users\Famille\AppData\Roaming\npm
USERNAME=de Lachaux
OS=Windows_NT
PROCESSOR_IDENTIFIER=Intel64 Family 6 Model 69 Stepping 1, GenuineIntel



---------------  S Y S T E M  ---------------

OS: Windows 8.1 , 64 bit Build 9600 

CPU:total 4 (2 cores per cpu, 2 threads per core) family 6 model 69 stepping 1, cmov, cx8, fxsr, mmx, sse, sse2, sse3, ssse3, sse4.1, sse4.2, popcnt, avx, avx2, aes, clmul, erms, lzcnt, ht, tsc, tscinvbit, bmi1, bmi2

Memory: 4k page, physical 4122776k(407596k free), swap 5555352k(187328k free)

vm_info: Java HotSpot(TM) 64-Bit Server VM (25.25-b02) for windows-amd64 JRE (1.8.0_25-b18), built on Oct  7 2014 14:25:37 by "java_re" with MS VC++ 10.0 (VS2010)

time: Sun Sep 18 19:00:51 2016
elapsed time: 2 seconds (0d 0h 0m 2s)

