#
# There is insufficient memory for the Java Runtime Environment to continue.
# Native memory allocation (malloc) failed to allocate 538496 bytes for Chunk::new
# Possible reasons:
#   The system is out of physical RAM or swap space
#   In 32 bit mode, the process size limit was hit
# Possible solutions:
#   Reduce memory load on the system
#   Increase physical memory or swap space
#   Check if swap backing store is full
#   Use 64 bit Java on a 64 bit OS
#   Decrease Java heap size (-Xmx/-Xms)
#   Decrease number of Java threads
#   Decrease Java thread stack sizes (-Xss)
#   Set larger code cache with -XX:ReservedCodeCacheSize=
# This output file may be truncated or incomplete.
#
#  Out of Memory Error (allocation.cpp:390), pid=45896, tid=46012
#
# JRE version: Java(TM) SE Runtime Environment (8.0_25-b18) (build 1.8.0_25-b18)
# Java VM: Java HotSpot(TM) 64-Bit Server VM (25.25-b02 mixed mode windows-amd64 compressed oops)
# Failed to write core dump. Minidumps are not enabled by default on client versions of Windows
#

---------------  T H R E A D  ---------------

Current thread (0x000000001555d000):  JavaThread "C2 CompilerThread0" daemon [_thread_in_native, id=46012, stack(0x0000000016ab0000,0x0000000016bb0000)]

Stack: [0x0000000016ab0000,0x0000000016bb0000]
Native frames: (J=compiled Java code, j=interpreted, Vv=VM code, C=native code)
V  [jvm.dll+0x31667a]
V  [jvm.dll+0x267073]
V  [jvm.dll+0x267cb3]
V  [jvm.dll+0x25f5b5]
V  [jvm.dll+0xbf165]
V  [jvm.dll+0xbf60c]
V  [jvm.dll+0x45d672]
V  [jvm.dll+0x49e8ef]
V  [jvm.dll+0x452668]
V  [jvm.dll+0x453864]
V  [jvm.dll+0x437372]
V  [jvm.dll+0x98a02]
V  [jvm.dll+0x991f3]
V  [jvm.dll+0x22bde4]
V  [jvm.dll+0x2852fa]
C  [msvcr100.dll+0x21d9f]
C  [msvcr100.dll+0x21e3b]
C  [KERNEL32.DLL+0x8364]
C  [ntdll.dll+0x65e91]


Current CompileTask:
C2:   2900 1117   !   4       com.android.dx.cf.cst.ConstantPoolParser::parse0 (731 bytes)


---------------  P R O C E S S  ---------------

Java Threads: ( => current thread )
  0x0000000016ddc800 JavaThread "Service Thread" daemon [_thread_blocked, id=42076, stack(0x00000000171b0000,0x00000000172b0000)]
  0x00000000155b4000 JavaThread "C1 CompilerThread2" daemon [_thread_blocked, id=45980, stack(0x0000000016cb0000,0x0000000016db0000)]
  0x00000000155ab000 JavaThread "C2 CompilerThread1" daemon [_thread_in_native, id=28956, stack(0x0000000016bb0000,0x0000000016cb0000)]
=>0x000000001555d000 JavaThread "C2 CompilerThread0" daemon [_thread_in_native, id=46012, stack(0x0000000016ab0000,0x0000000016bb0000)]
  0x000000001555b800 JavaThread "Attach Listener" daemon [_thread_blocked, id=45156, stack(0x00000000169b0000,0x0000000016ab0000)]
  0x000000001555a800 JavaThread "Signal Dispatcher" daemon [_thread_blocked, id=45112, stack(0x00000000168b0000,0x00000000169b0000)]
  0x0000000002e80800 JavaThread "Finalizer" daemon [_thread_blocked, id=43852, stack(0x00000000167b0000,0x00000000168b0000)]
  0x0000000015528000 JavaThread "Reference Handler" daemon [_thread_blocked, id=46076, stack(0x00000000166b0000,0x00000000167b0000)]
  0x00000000014bd800 JavaThread "main" [_thread_in_Java, id=45636, stack(0x0000000002bf0000,0x0000000002cf0000)]

Other Threads:
  0x0000000015526800 VMThread [stack: 0x00000000165b0000,0x00000000166b0000] [id=41092]
  0x0000000016de2800 WatcherThread [stack: 0x00000000172b0000,0x00000000173b0000] [id=38324]

VM state:not at safepoint (normal execution)

VM Mutex/Monitor currently owned by a thread: None

Heap:
 PSYoungGen      total 18944K, used 6371K [0x00000000eab00000, 0x00000000ec000000, 0x0000000100000000)
  eden space 16384K, 23% used [0x00000000eab00000,0x00000000eaec05d8,0x00000000ebb00000)
  from space 2560K, 98% used [0x00000000ebd80000,0x00000000ebff8708,0x00000000ec000000)
  to   space 2560K, 0% used [0x00000000ebb00000,0x00000000ebb00000,0x00000000ebd80000)
 ParOldGen       total 44032K, used 8876K [0x00000000c0000000, 0x00000000c2b00000, 0x00000000eab00000)
  object space 44032K, 20% used [0x00000000c0000000,0x00000000c08ab2a0,0x00000000c2b00000)
 Metaspace       used 6308K, capacity 7248K, committed 7424K, reserved 1056768K
  class space    used 612K, capacity 648K, committed 768K, reserved 1048576K

Card table byte_map: [0x0000000012250000,0x0000000012460000] byte_map_base: 0x0000000011c50000

Marking Bits: (ParMarkBitMap*) 0x000000005f3bd490
 Begin Bits: [0x00000000129c0000, 0x00000000139c0000)
 End Bits:   [0x00000000139c0000, 0x00000000149c0000)

Polling page: 0x0000000001480000

CodeCache: size=245760Kb used=5492Kb max_used=5492Kb free=240267Kb
 bounds [0x0000000002e90000, 0x0000000003400000, 0x0000000011e90000]
 total_blobs=1848 nmethods=1574 adapters=186
 compilation: disabled (not enough contiguous free space left)

Compilation events (10 events):
Event: 1.689 Thread 0x00000000155b4000 nmethod 1139 0x00000000032d6f90 code [0x00000000032d70e0, 0x00000000032d7230]
Event: 1.689 Thread 0x00000000155b4000 1140   !   3       com.android.dx.cf.code.OneLocalsArray::set (106 bytes)
Event: 1.690 Thread 0x00000000155b4000 nmethod 1140 0x00000000032d72d0 code [0x00000000032d7500, 0x00000000032d82d8]
Event: 1.691 Thread 0x00000000155b4000 1142       3       com.android.dx.rop.code.BasicBlockList$RegCountVisitor::visitPlainCstInsn (6 bytes)
Event: 1.691 Thread 0x00000000155b4000 nmethod 1142 0x00000000032d88d0 code [0x00000000032d8a40, 0x00000000032d8bc8]
Event: 1.692 Thread 0x00000000155b4000 1143       3       com.android.dx.ssa.Dominators::run (506 bytes)
Event: 1.695 Thread 0x00000000155ab000 nmethod 1135 0x00000000032dbf10 code [0x00000000032dc0a0, 0x00000000032dc748]
Event: 1.695 Thread 0x00000000155ab000 1141 %     4       com.android.dx.cf.code.Ropper::labelToResultIndex @ 10 (47 bytes)
Event: 1.697 Thread 0x00000000155b4000 nmethod 1143 0x00000000032dce10 code [0x00000000032dd400, 0x00000000032e1518]
Event: 1.698 Thread 0x00000000155b4000 1144       3       com.android.dx.ssa.DomFront::calcDomFronts (154 bytes)

GC Heap History (2 events):
Event: 1.228 GC heap before
{Heap before GC invocations=1 (full 0):
 PSYoungGen      total 18944K, used 16384K [0x00000000eab00000, 0x00000000ec000000, 0x0000000100000000)
  eden space 16384K, 100% used [0x00000000eab00000,0x00000000ebb00000,0x00000000ebb00000)
  from space 2560K, 0% used [0x00000000ebd80000,0x00000000ebd80000,0x00000000ec000000)
  to   space 2560K, 0% used [0x00000000ebb00000,0x00000000ebb00000,0x00000000ebd80000)
 ParOldGen       total 44032K, used 0K [0x00000000c0000000, 0x00000000c2b00000, 0x00000000eab00000)
  object space 44032K, 0% used [0x00000000c0000000,0x00000000c0000000,0x00000000c2b00000)
 Metaspace       used 5738K, capacity 6768K, committed 7040K, reserved 1056768K
  class space    used 587K, capacity 616K, committed 640K, reserved 1048576K
Event: 1.297 GC heap after
Heap after GC invocations=1 (full 0):
 PSYoungGen      total 18944K, used 2554K [0x00000000eab00000, 0x00000000ec000000, 0x0000000100000000)
  eden space 16384K, 0% used [0x00000000eab00000,0x00000000eab00000,0x00000000ebb00000)
  from space 2560K, 99% used [0x00000000ebb00000,0x00000000ebd7eaa0,0x00000000ebd80000)
  to   space 2560K, 0% used [0x00000000ebd80000,0x00000000ebd80000,0x00000000ec000000)
 ParOldGen       total 44032K, used 1920K [0x00000000c0000000, 0x00000000c2b00000, 0x00000000eab00000)
  object space 44032K, 4% used [0x00000000c0000000,0x00000000c01e00b0,0x00000000c2b00000)
 Metaspace       used 5738K, capacity 6768K, committed 7040K, reserved 1056768K
  class space    used 587K, capacity 616K, committed 640K, reserved 1048576K
}

Deoptimization events (1 events):
Event: 1.354 Thread 0x0000000016ff5000 Uncommon trap: reason=null_check action=make_not_entrant pc=0x00000000031abf14 method=com.android.dx.ssa.SsaRenamer.getLocalForNewReg(I)Lcom/android/dx/rop/code/LocalItem; @ 19

Internal exceptions (10 events):
Event: 0.964 Thread 0x00000000014bd800 Exception <a 'java/security/PrivilegedActionException'> (0x00000000eb3e40c8) thrown at [D:\re\workspace\8-2-build-windows-amd64-cygwin\jdk8u25\1677\hotspot\src\share\vm\prims\jvm.cpp, line 1312]
Event: 0.978 Thread 0x0000000016f30800 Exception <a 'java/security/PrivilegedActionException'> (0x00000000eb482e30) thrown at [D:\re\workspace\8-2-build-windows-amd64-cygwin\jdk8u25\1677\hotspot\src\share\vm\prims\jvm.cpp, line 1312]
Event: 0.995 Thread 0x0000000016ff5000 Exception <a 'java/security/PrivilegedActionException'> (0x00000000eb650dd0) thrown at [D:\re\workspace\8-2-build-windows-amd64-cygwin\jdk8u25\1677\hotspot\src\share\vm\prims\jvm.cpp, line 1312]
Event: 1.007 Thread 0x00000000014bd800 Exception <a 'java/security/PrivilegedActionException'> (0x00000000eb61b500) thrown at [D:\re\workspace\8-2-build-windows-amd64-cygwin\jdk8u25\1677\hotspot\src\share\vm\prims\jvm.cpp, line 1312]
Event: 1.120 Thread 0x00000000014bd800 Exception <a 'java/security/PrivilegedActionException'> (0x00000000eb86e168) thrown at [D:\re\workspace\8-2-build-windows-amd64-cygwin\jdk8u25\1677\hotspot\src\share\vm\prims\jvm.cpp, line 1312]
Event: 1.122 Thread 0x00000000014bd800 Exception <a 'java/security/PrivilegedActionException'> (0x00000000eb8782c8) thrown at [D:\re\workspace\8-2-build-windows-amd64-cygwin\jdk8u25\1677\hotspot\src\share\vm\prims\jvm.cpp, line 1312]
Event: 1.122 Thread 0x00000000014bd800 Exception <a 'java/security/PrivilegedActionException'> (0x00000000eb87a8a0) thrown at [D:\re\workspace\8-2-build-windows-amd64-cygwin\jdk8u25\1677\hotspot\src\share\vm\prims\jvm.cpp, line 1312]
Event: 1.140 Thread 0x00000000014bd800 Exception <a 'java/security/PrivilegedActionException'> (0x00000000eb8de8a0) thrown at [D:\re\workspace\8-2-build-windows-amd64-cygwin\jdk8u25\1677\hotspot\src\share\vm\prims\jvm.cpp, line 1312]
Event: 1.141 Thread 0x00000000014bd800 Exception <a 'java/security/PrivilegedActionException'> (0x00000000eb8e10a8) thrown at [D:\re\workspace\8-2-build-windows-amd64-cygwin\jdk8u25\1677\hotspot\src\share\vm\prims\jvm.cpp, line 1312]
Event: 1.354 Thread 0x0000000016ff5000 Implicit null exception at 0x00000000031a9c61 to 0x00000000031abeed

Events (10 events):
Event: 1.297 Executing VM operation: ParallelGCFailedAllocation done
Event: 1.298 loading class sun/misc/Cleaner
Event: 1.298 loading class sun/misc/Cleaner done
Event: 1.342 loading class java/util/TreeMap$EntrySet
Event: 1.343 loading class java/util/TreeMap$EntrySet done
Event: 1.343 loading class java/util/TreeMap$EntryIterator
Event: 1.343 loading class java/util/TreeMap$EntryIterator done
Event: 1.354 Thread 0x0000000016ff5000 Uncommon trap: trap_request=0xfffffff4 fr.pc=0x00000000031abf14
Event: 1.354 Thread 0x0000000016ff5000 DEOPT PACKING pc=0x00000000031abf14 sp=0x00000000178aec70
Event: 1.354 Thread 0x0000000016ff5000 DEOPT UNPACKING pc=0x0000000002ed556a sp=0x00000000178aeab8 mode 2


Dynamic libraries:
0x00007ff782e60000 - 0x00007ff782e94000 	C:\Program Files\Java\jdk1.8.0_25\bin\java.exe
0x00007ffaf1dd0000 - 0x00007ffaf1fa1000 	C:\WINDOWS\SYSTEM32\ntdll.dll
0x00007ffaf16a0000 - 0x00007ffaf174b000 	C:\WINDOWS\System32\KERNEL32.DLL
0x00007ffaee2c0000 - 0x00007ffaee4dd000 	C:\WINDOWS\System32\KERNELBASE.dll
0x00007ffaf1490000 - 0x00007ffaf1532000 	C:\WINDOWS\System32\ADVAPI32.dll
0x00007ffaf1a40000 - 0x00007ffaf1ade000 	C:\WINDOWS\System32\msvcrt.dll
0x00007ffaf18b0000 - 0x00007ffaf1909000 	C:\WINDOWS\System32\sechost.dll
0x00007ffaf1910000 - 0x00007ffaf1a31000 	C:\WINDOWS\System32\RPCRT4.dll
0x00007ffaef480000 - 0x00007ffaef5e5000 	C:\WINDOWS\System32\USER32.dll
0x00007ffaeea00000 - 0x00007ffaeea1e000 	C:\WINDOWS\System32\win32u.dll
0x00007ffaef440000 - 0x00007ffaef474000 	C:\WINDOWS\System32\GDI32.dll
0x00007ffaee630000 - 0x00007ffaee7b2000 	C:\WINDOWS\System32\gdi32full.dll
0x00007ffae9220000 - 0x00007ffae9499000 	C:\WINDOWS\WinSxS\amd64_microsoft.windows.common-controls_6595b64144ccf1df_6.0.14393.0_none_2d0f50fcbdb171b8\COMCTL32.dll
0x00007ffaf1ae0000 - 0x00007ffaf1da7000 	C:\WINDOWS\System32\combase.dll
0x00007ffaeea20000 - 0x00007ffaeeb15000 	C:\WINDOWS\System32\ucrtbase.dll
0x00007ffaee7c0000 - 0x00007ffaee82a000 	C:\WINDOWS\System32\bcryptPrimitives.dll
0x00007ffaf0d00000 - 0x00007ffaf0d2e000 	C:\WINDOWS\System32\IMM32.DLL
0x0000000060ed0000 - 0x0000000060fa2000 	C:\Program Files\Java\jdk1.8.0_25\jre\bin\msvcr100.dll
0x000000005ebe0000 - 0x000000005f43a000 	C:\Program Files\Java\jdk1.8.0_25\jre\bin\server\jvm.dll
0x00007ffaef360000 - 0x00007ffaef368000 	C:\WINDOWS\System32\PSAPI.DLL
0x00007ffadcb70000 - 0x00007ffadcb79000 	C:\WINDOWS\SYSTEM32\WSOCK32.dll
0x00007ffaf1420000 - 0x00007ffaf148a000 	C:\WINDOWS\System32\WS2_32.dll
0x00007ffaec6c0000 - 0x00007ffaec6e3000 	C:\WINDOWS\SYSTEM32\WINMM.dll
0x00007ffaec580000 - 0x00007ffaec5ab000 	C:\WINDOWS\SYSTEM32\WINMMBASE.dll
0x00007ffaeeb20000 - 0x00007ffaeeb62000 	C:\WINDOWS\System32\cfgmgr32.dll
0x00000000614b0000 - 0x00000000614bf000 	C:\Program Files\Java\jdk1.8.0_25\jre\bin\verify.dll
0x0000000061140000 - 0x0000000061168000 	C:\Program Files\Java\jdk1.8.0_25\jre\bin\java.dll
0x0000000061120000 - 0x0000000061136000 	C:\Program Files\Java\jdk1.8.0_25\jre\bin\zip.dll
0x00007ffaef650000 - 0x00007ffaf0b58000 	C:\WINDOWS\System32\SHELL32.dll
0x00007ffaeeb70000 - 0x00007ffaef24a000 	C:\WINDOWS\System32\windows.storage.dll
0x00007ffaee260000 - 0x00007ffaee2ac000 	C:\WINDOWS\System32\powrprof.dll
0x00007ffaef5f0000 - 0x00007ffaef642000 	C:\WINDOWS\System32\shlwapi.dll
0x00007ffaee2b0000 - 0x00007ffaee2bf000 	C:\WINDOWS\System32\kernel.appcore.dll
0x00007ffaef250000 - 0x00007ffaef2f9000 	C:\WINDOWS\System32\shcore.dll
0x00007ffaee230000 - 0x00007ffaee244000 	C:\WINDOWS\System32\profapi.dll
0x00007ffaded10000 - 0x00007ffadeea2000 	C:\WINDOWS\SYSTEM32\dbghelp.dll

VM Arguments:
jvm_args: -Djava.awt.headless=true -Xmx1024M -Dfile.encoding=windows-1252 -Duser.country=FR -Duser.language=fr -Duser.variant 
java_command: com.android.dx.command.Main --dex --num-threads=4 --output C:\Users\Famille\AndroidStudioProjects\Niviel\app\build\intermediates\pre-dexed\debug\picasso-2.5.2_56fb709d046e358ab2039dfa1476d769d7188c68.jar C:\Users\Famille\.gradle\caches\modules-2\files-2.1\com.squareup.picasso\picasso\2.5.2\7446d06ec8d4f7ffcc53f1da37c95f200dcb9387\picasso-2.5.2.jar
java_class_path (initial): C:\Users\Famille\AppData\Local\Android\sdk\build-tools\23.0.2\lib\dx.jar
Launcher Type: SUN_STANDARD

Environment Variables:
JAVA_HOME=C:\Program Files\Java\jdk1.8.0_25
PATH=C:\Program Files\Broadcom\Broadcom 802.11 Network Adapter;C:\Program Files\Broadcom\Broadcom 802.11;C:\ProgramData\Oracle\Java\javapath;C:\Program Files (x86)\Intel\iCLS Client\;C:\Program Files\Intel\iCLS Client\;C:\Windows\system32;C:\Windows;C:\Windows\System32\Wbem;C:\Windows\System32\WindowsPowerShell\v1.0\;C:\Program Files\Hewlett-Packard\SimplePass\;C:\wamp\bin\php\php5.5.12;C:\Python27;C:\Users\Famille\AppData\Roaming\npm\;C:\Program Files\nodejs\;C:\Program Files\Git\cmd;C:\Program Files (x86)\Brackets\command;C:\Program Files (x86)\Ant\bin;C:\Program Files (x86)\Maven\bin;C:\Program Files (x86)\Intel\Intel(R) Management Engine Components\DAL;C:\Program Files\Intel\Intel(R) Management Engine Components\DAL;C:\Program Files (x86)\Intel\Intel(R) Management Engine Components\IPT;C:\Program Files\Intel\Intel(R) Management Engine Components\IPT;C:\Users\Famille\AppData\Local\Android\sdk\platform-tools;C:\WINDOWS\system32;C:\WINDOWS;C:\WINDOWS\System32\Wbem;C:\WINDOWS\System32\WindowsPowerShell\v1.0\;C:\Users\Famille\AppData\Local\atom\bin;C:\Users\Famille\AppData\Roaming\npm;%USERPROFILE%\AppData\Local\Microsoft\WindowsApps;
USERNAME=de Lachaux
OS=Windows_NT
PROCESSOR_IDENTIFIER=Intel64 Family 6 Model 69 Stepping 1, GenuineIntel



---------------  S Y S T E M  ---------------

OS: Windows 8.1 , 64 bit Build 9600 

CPU:total 4 (2 cores per cpu, 2 threads per core) family 6 model 69 stepping 1, cmov, cx8, fxsr, mmx, sse, sse2, sse3, ssse3, sse4.1, sse4.2, popcnt, avx, avx2, aes, clmul, erms, lzcnt, ht, tsc, tscinvbit, bmi1, bmi2

Memory: 4k page, physical 4122776k(303204k free), swap 5555352k(1136k free)

vm_info: Java HotSpot(TM) 64-Bit Server VM (25.25-b02) for windows-amd64 JRE (1.8.0_25-b18), built on Oct  7 2014 14:25:37 by "java_re" with MS VC++ 10.0 (VS2010)

time: Sun Oct 09 18:32:57 2016
elapsed time: 2 seconds (0d 0h 0m 2s)

