#
# There is insufficient memory for the Java Runtime Environment to continue.
# Native memory allocation (malloc) failed to allocate 298576 bytes for Chunk::new
# Possible reasons:
#   The system is out of physical RAM or swap space
#   In 32 bit mode, the process size limit was hit
# Possible solutions:
#   Reduce memory load on the system
#   Increase physical memory or swap space
#   Check if swap backing store is full
#   Use 64 bit Java on a 64 bit OS
#   Decrease Java heap size (-Xmx/-Xms)
#   Decrease number of Java threads
#   Decrease Java thread stack sizes (-Xss)
#   Set larger code cache with -XX:ReservedCodeCacheSize=
# This output file may be truncated or incomplete.
#
#  Out of Memory Error (allocation.cpp:390), pid=19176, tid=20272
#
# JRE version: Java(TM) SE Runtime Environment (8.0_25-b18) (build 1.8.0_25-b18)
# Java VM: Java HotSpot(TM) 64-Bit Server VM (25.25-b02 mixed mode windows-amd64 compressed oops)
# Failed to write core dump. Minidumps are not enabled by default on client versions of Windows
#

---------------  T H R E A D  ---------------

Current thread (0x0000000014dec000):  JavaThread "C2 CompilerThread0" daemon [_thread_in_native, id=20272, stack(0x0000000016360000,0x0000000016460000)]

Stack: [0x0000000016360000,0x0000000016460000]
Native frames: (J=compiled Java code, j=interpreted, Vv=VM code, C=native code)
V  [jvm.dll+0x31667a]
V  [jvm.dll+0x267073]
V  [jvm.dll+0x267cb3]
V  [jvm.dll+0x25f5b5]
V  [jvm.dll+0xbf165]
V  [jvm.dll+0xbf60c]
V  [jvm.dll+0x478fbc]
V  [jvm.dll+0x4462a4]
V  [jvm.dll+0x45130e]
V  [jvm.dll+0x4538f8]
V  [jvm.dll+0x437372]
V  [jvm.dll+0x98a02]
V  [jvm.dll+0x991f3]
V  [jvm.dll+0x22bde4]
V  [jvm.dll+0x2852fa]
C  [msvcr100.dll+0x21d9f]
C  [msvcr100.dll+0x21e3b]
C  [KERNEL32.DLL+0x18102]
C  [ntdll.dll+0x5c5b4]


Current CompileTask:
C2:  19058 2204       4       com.android.dx.ssa.back.IdenticalBlockCombiner::process (323 bytes)


---------------  P R O C E S S  ---------------

Java Threads: ( => current thread )
  0x0000000016b8f800 JavaThread "pool-2-thread-4" [_thread_blocked, id=19964, stack(0x0000000017860000,0x0000000017960000)]
  0x0000000016b8e000 JavaThread "pool-2-thread-3" [_thread_blocked, id=9960, stack(0x0000000017760000,0x0000000017860000)]
  0x0000000016c8c000 JavaThread "pool-2-thread-2" [_thread_blocked, id=19528, stack(0x0000000017660000,0x0000000017760000)]
  0x0000000016ad1800 JavaThread "pool-3-thread-1" [_thread_blocked, id=15404, stack(0x0000000017560000,0x0000000017660000)]
  0x0000000016ad0800 JavaThread "pool-2-thread-1" [_thread_blocked, id=19696, stack(0x0000000017460000,0x0000000017560000)]
  0x0000000014e47000 JavaThread "Service Thread" daemon [_thread_blocked, id=19472, stack(0x0000000016660000,0x0000000016760000)]
  0x0000000014e40000 JavaThread "C1 CompilerThread2" daemon [_thread_blocked, id=19640, stack(0x0000000016560000,0x0000000016660000)]
  0x0000000014df1000 JavaThread "C2 CompilerThread1" daemon [_thread_in_native, id=20092, stack(0x0000000016460000,0x0000000016560000)]
=>0x0000000014dec000 JavaThread "C2 CompilerThread0" daemon [_thread_in_native, id=20272, stack(0x0000000016360000,0x0000000016460000)]
  0x0000000014dea800 JavaThread "Attach Listener" daemon [_thread_blocked, id=19616, stack(0x0000000016260000,0x0000000016360000)]
  0x0000000014dea000 JavaThread "Signal Dispatcher" daemon [_thread_blocked, id=16732, stack(0x0000000016160000,0x0000000016260000)]
  0x0000000002710800 JavaThread "Finalizer" daemon [_thread_blocked, id=19272, stack(0x0000000016060000,0x0000000016160000)]
  0x000000000270d000 JavaThread "Reference Handler" daemon [_thread_blocked, id=13216, stack(0x0000000015f60000,0x0000000016060000)]
  0x000000000245e000 JavaThread "main" [_thread_in_Java, id=15864, stack(0x0000000002520000,0x0000000002620000)]

Other Threads:
  0x0000000014db6800 VMThread [stack: 0x0000000015e60000,0x0000000015f60000] [id=19728]
  0x0000000014e49800 WatcherThread [stack: 0x0000000016760000,0x0000000016860000] [id=20324]

VM state:not at safepoint (normal execution)

VM Mutex/Monitor currently owned by a thread: None

Heap:
 PSYoungGen      total 143872K, used 90117K [0x00000000eab00000, 0x00000000f4e00000, 0x0000000100000000)
  eden space 128512K, 59% used [0x00000000eab00000,0x00000000ef5be748,0x00000000f2880000)
  from space 15360K, 88% used [0x00000000f3a00000,0x00000000f4742cf8,0x00000000f4900000)
  to   space 17920K, 0% used [0x00000000f2880000,0x00000000f2880000,0x00000000f3a00000)
 ParOldGen       total 44032K, used 22986K [0x00000000c0000000, 0x00000000c2b00000, 0x00000000eab00000)
  object space 44032K, 52% used [0x00000000c0000000,0x00000000c1672948,0x00000000c2b00000)
 Metaspace       used 6462K, capacity 7256K, committed 7424K, reserved 1056768K
  class space    used 612K, capacity 656K, committed 768K, reserved 1048576K

Card table byte_map: [0x0000000011ae0000,0x0000000011cf0000] byte_map_base: 0x00000000114e0000

Marking Bits: (ParMarkBitMap*) 0x0000000057e2d490
 Begin Bits: [0x0000000012250000, 0x0000000013250000)
 End Bits:   [0x0000000013250000, 0x0000000014250000)

Polling page: 0x0000000000b50000

CodeCache: size=245760Kb used=9482Kb max_used=9486Kb free=236277Kb
 bounds [0x0000000002720000, 0x0000000003070000, 0x0000000011720000]
 total_blobs=2354 nmethods=2089 adapters=178
 compilation: enabled

Compilation events (10 events):
Event: 18.630 Thread 0x0000000014e40000 2203       2       java.util.concurrent.locks.AbstractQueuedSynchronizer::parkAndCheckInterrupt (8 bytes)
Event: 18.630 Thread 0x0000000014e40000 nmethod 2203 0x0000000003055950 code [0x0000000003055ac0, 0x0000000003055cf8]
Event: 18.790 Thread 0x0000000014e40000 2205   !   2       com.android.dx.command.dexer.Main$ClassDefItemConsumer::call (161 bytes)
Event: 18.792 Thread 0x0000000014e40000 nmethod 2205 0x0000000003053050 code [0x0000000003053240, 0x0000000003053bf8]
Event: 18.792 Thread 0x0000000014e40000 2206       2       java.util.concurrent.FutureTask::report (37 bytes)
Event: 18.792 Thread 0x0000000014e40000 nmethod 2206 0x0000000003052ad0 code [0x0000000003052c40, 0x0000000003052ed8]
Event: 18.792 Thread 0x0000000014e40000 2207   !   2       com.android.dx.dex.file.ClassDefsSection::add (75 bytes)
Event: 18.793 Thread 0x0000000014e40000 nmethod 2207 0x0000000003064310 code [0x0000000003064500, 0x0000000003064ad8]
Event: 18.795 Thread 0x0000000014dec000 nmethod 2192 0x0000000003064f90 code [0x0000000003065300, 0x0000000003068900]
Event: 18.796 Thread 0x0000000014dec000 2204       4       com.android.dx.ssa.back.IdenticalBlockCombiner::process (323 bytes)

GC Heap History (10 events):
Event: 8.502 GC heap before
{Heap before GC invocations=2 (full 0):
 PSYoungGen      total 18944K, used 17445K [0x00000000eab00000, 0x00000000ed000000, 0x0000000100000000)
  eden space 16384K, 100% used [0x00000000eab00000,0x00000000ebb00000,0x00000000ebb00000)
  from space 2560K, 41% used [0x00000000ebb00000,0x00000000ebc095f0,0x00000000ebd80000)
  to   space 2560K, 0% used [0x00000000ecd80000,0x00000000ecd80000,0x00000000ed000000)
 ParOldGen       total 44032K, used 0K [0x00000000c0000000, 0x00000000c2b00000, 0x00000000eab00000)
  object space 44032K, 0% used [0x00000000c0000000,0x00000000c0000000,0x00000000c2b00000)
 Metaspace       used 5877K, capacity 6832K, committed 7040K, reserved 1056768K
  class space    used 590K, capacity 616K, committed 640K, reserved 1048576K
Event: 8.522 GC heap after
Heap after GC invocations=2 (full 0):
 PSYoungGen      total 35328K, used 2554K [0x00000000eab00000, 0x00000000ed000000, 0x0000000100000000)
  eden space 32768K, 0% used [0x00000000eab00000,0x00000000eab00000,0x00000000ecb00000)
  from space 2560K, 99% used [0x00000000ecd80000,0x00000000ecffea68,0x00000000ed000000)
  to   space 2560K, 0% used [0x00000000ecb00000,0x00000000ecb00000,0x00000000ecd80000)
 ParOldGen       total 44032K, used 2316K [0x00000000c0000000, 0x00000000c2b00000, 0x00000000eab00000)
  object space 44032K, 5% used [0x00000000c0000000,0x00000000c02431a8,0x00000000c2b00000)
 Metaspace       used 5877K, capacity 6832K, committed 7040K, reserved 1056768K
  class space    used 590K, capacity 616K, committed 640K, reserved 1048576K
}
Event: 10.313 GC heap before
{Heap before GC invocations=3 (full 0):
 PSYoungGen      total 35328K, used 35322K [0x00000000eab00000, 0x00000000ed000000, 0x0000000100000000)
  eden space 32768K, 100% used [0x00000000eab00000,0x00000000ecb00000,0x00000000ecb00000)
  from space 2560K, 99% used [0x00000000ecd80000,0x00000000ecffea68,0x00000000ed000000)
  to   space 2560K, 0% used [0x00000000ecb00000,0x00000000ecb00000,0x00000000ecd80000)
 ParOldGen       total 44032K, used 2316K [0x00000000c0000000, 0x00000000c2b00000, 0x00000000eab00000)
  object space 44032K, 5% used [0x00000000c0000000,0x00000000c02431a8,0x00000000c2b00000)
 Metaspace       used 6177K, capacity 7088K, committed 7296K, reserved 1056768K
  class space    used 591K, capacity 616K, committed 640K, reserved 1048576K
Event: 10.394 GC heap after
Heap after GC invocations=3 (full 0):
 PSYoungGen      total 35328K, used 2553K [0x00000000eab00000, 0x00000000ef000000, 0x0000000100000000)
  eden space 32768K, 0% used [0x00000000eab00000,0x00000000eab00000,0x00000000ecb00000)
  from space 2560K, 99% used [0x00000000ecb00000,0x00000000ecd7e650,0x00000000ecd80000)
  to   space 2560K, 0% used [0x00000000eed80000,0x00000000eed80000,0x00000000ef000000)
 ParOldGen       total 44032K, used 7252K [0x00000000c0000000, 0x00000000c2b00000, 0x00000000eab00000)
  object space 44032K, 16% used [0x00000000c0000000,0x00000000c07150a8,0x00000000c2b00000)
 Metaspace       used 6177K, capacity 7088K, committed 7296K, reserved 1056768K
  class space    used 591K, capacity 616K, committed 640K, reserved 1048576K
}
Event: 11.162 GC heap before
{Heap before GC invocations=4 (full 0):
 PSYoungGen      total 35328K, used 35321K [0x00000000eab00000, 0x00000000ef000000, 0x0000000100000000)
  eden space 32768K, 100% used [0x00000000eab00000,0x00000000ecb00000,0x00000000ecb00000)
  from space 2560K, 99% used [0x00000000ecb00000,0x00000000ecd7e650,0x00000000ecd80000)
  to   space 2560K, 0% used [0x00000000eed80000,0x00000000eed80000,0x00000000ef000000)
 ParOldGen       total 44032K, used 7252K [0x00000000c0000000, 0x00000000c2b00000, 0x00000000eab00000)
  object space 44032K, 16% used [0x00000000c0000000,0x00000000c07150a8,0x00000000c2b00000)
 Metaspace       used 6201K, capacity 7088K, committed 7296K, reserved 1056768K
  class space    used 592K, capacity 616K, committed 640K, reserved 1048576K
Event: 11.279 GC heap after
Heap after GC invocations=4 (full 0):
 PSYoungGen      total 68096K, used 2553K [0x00000000eab00000, 0x00000000ef000000, 0x0000000100000000)
  eden space 65536K, 0% used [0x00000000eab00000,0x00000000eab00000,0x00000000eeb00000)
  from space 2560K, 99% used [0x00000000eed80000,0x00000000eeffe650,0x00000000ef000000)
  to   space 2560K, 0% used [0x00000000eeb00000,0x00000000eeb00000,0x00000000eed80000)
 ParOldGen       total 44032K, used 12863K [0x00000000c0000000, 0x00000000c2b00000, 0x00000000eab00000)
  object space 44032K, 29% used [0x00000000c0000000,0x00000000c0c8fcd0,0x00000000c2b00000)
 Metaspace       used 6201K, capacity 7088K, committed 7296K, reserved 1056768K
  class space    used 592K, capacity 616K, committed 640K, reserved 1048576K
}
Event: 13.783 GC heap before
{Heap before GC invocations=5 (full 0):
 PSYoungGen      total 68096K, used 68089K [0x00000000eab00000, 0x00000000ef000000, 0x0000000100000000)
  eden space 65536K, 100% used [0x00000000eab00000,0x00000000eeb00000,0x00000000eeb00000)
  from space 2560K, 99% used [0x00000000eed80000,0x00000000eeffe650,0x00000000ef000000)
  to   space 2560K, 0% used [0x00000000eeb00000,0x00000000eeb00000,0x00000000eed80000)
 ParOldGen       total 44032K, used 12863K [0x00000000c0000000, 0x00000000c2b00000, 0x00000000eab00000)
  object space 44032K, 29% used [0x00000000c0000000,0x00000000c0c8fcd0,0x00000000c2b00000)
 Metaspace       used 6248K, capacity 7152K, committed 7296K, reserved 1056768K
  class space    used 592K, capacity 616K, committed 640K, reserved 1048576K
Event: 13.978 GC heap after
Heap after GC invocations=5 (full 0):
 PSYoungGen      total 68096K, used 2553K [0x00000000eab00000, 0x00000000f4900000, 0x0000000100000000)
  eden space 65536K, 0% used [0x00000000eab00000,0x00000000eab00000,0x00000000eeb00000)
  from space 2560K, 99% used [0x00000000eeb00000,0x00000000eed7e638,0x00000000eed80000)
  to   space 15360K, 0% used [0x00000000f3a00000,0x00000000f3a00000,0x00000000f4900000)
 ParOldGen       total 44032K, used 22986K [0x00000000c0000000, 0x00000000c2b00000, 0x00000000eab00000)
  object space 44032K, 52% used [0x00000000c0000000,0x00000000c1672948,0x00000000c2b00000)
 Metaspace       used 6248K, capacity 7152K, committed 7296K, reserved 1056768K
  class space    used 592K, capacity 616K, committed 640K, reserved 1048576K
}
Event: 16.033 GC heap before
{Heap before GC invocations=6 (full 0):
 PSYoungGen      total 68096K, used 68089K [0x00000000eab00000, 0x00000000f4900000, 0x0000000100000000)
  eden space 65536K, 100% used [0x00000000eab00000,0x00000000eeb00000,0x00000000eeb00000)
  from space 2560K, 99% used [0x00000000eeb00000,0x00000000eed7e638,0x00000000eed80000)
  to   space 15360K, 0% used [0x00000000f3a00000,0x00000000f3a00000,0x00000000f4900000)
 ParOldGen       total 44032K, used 22986K [0x00000000c0000000, 0x00000000c2b00000, 0x00000000eab00000)
  object space 44032K, 52% used [0x00000000c0000000,0x00000000c1672948,0x00000000c2b00000)
 Metaspace       used 6355K, capacity 7216K, committed 7296K, reserved 1056768K
  class space    used 592K, capacity 616K, committed 640K, reserved 1048576K
Event: 16.512 GC heap after
Heap after GC invocations=6 (full 0):
 PSYoungGen      total 143872K, used 13579K [0x00000000eab00000, 0x00000000f4e00000, 0x0000000100000000)
  eden space 128512K, 0% used [0x00000000eab00000,0x00000000eab00000,0x00000000f2880000)
  from space 15360K, 88% used [0x00000000f3a00000,0x00000000f4742cf8,0x00000000f4900000)
  to   space 17920K, 0% used [0x00000000f2880000,0x00000000f2880000,0x00000000f3a00000)
 ParOldGen       total 44032K, used 22986K [0x00000000c0000000, 0x00000000c2b00000, 0x00000000eab00000)
  object space 44032K, 52% used [0x00000000c0000000,0x00000000c1672948,0x00000000c2b00000)
 Metaspace       used 6355K, capacity 7216K, committed 7296K, reserved 1056768K
  class space    used 592K, capacity 616K, committed 640K, reserved 1048576K
}

Deoptimization events (10 events):
Event: 15.083 Thread 0x000000000245e000 Uncommon trap: reason=unloaded action=reinterpret pc=0x0000000002de030c method=com.android.dx.cf.cst.ConstantPoolParser.parse0(ILjava/util/BitSet;)Lcom/android/dx/rop/cst/Constant; @ 220
Event: 15.095 Thread 0x0000000016b8f800 Uncommon trap: reason=class_check action=maybe_recompile pc=0x0000000002e90558 method=com.android.dx.cf.code.RopperMachine.run(Lcom/android/dx/cf/code/Frame;II)V @ 1024
Event: 15.095 Thread 0x0000000016b8f800 Uncommon trap: reason=class_check action=maybe_recompile pc=0x0000000002e90558 method=com.android.dx.cf.code.RopperMachine.run(Lcom/android/dx/cf/code/Frame;II)V @ 1024
Event: 15.095 Thread 0x0000000016b8f800 Uncommon trap: reason=class_check action=maybe_recompile pc=0x0000000002e90558 method=com.android.dx.cf.code.RopperMachine.run(Lcom/android/dx/cf/code/Frame;II)V @ 1024
Event: 15.095 Thread 0x0000000016b8f800 Uncommon trap: reason=class_check action=maybe_recompile pc=0x0000000002e90558 method=com.android.dx.cf.code.RopperMachine.run(Lcom/android/dx/cf/code/Frame;II)V @ 1024
Event: 15.700 Thread 0x0000000016b8f800 Uncommon trap: reason=class_check action=maybe_recompile pc=0x0000000002bb6438 method=java.util.HashMap.putVal(ILjava/lang/Object;Ljava/lang/Object;ZZ)Ljava/lang/Object; @ 203
Event: 15.715 Thread 0x0000000016b8f800 Uncommon trap: reason=uninitialized action=reinterpret pc=0x0000000002f0f33c method=com.android.dx.cf.code.BytecodeArray.parseInstruction(ILcom/android/dx/cf/code/BytecodeArray$Visitor;)I @ 1079
Event: 16.853 Thread 0x0000000016ad0800 Uncommon trap: reason=unreached action=reinterpret pc=0x0000000002c4c2d0 method=com.android.dx.rop.code.LocalItem.compareHandlesNulls(Lcom/android/dx/rop/cst/CstString;Lcom/android/dx/rop/cst/CstString;)I @ 14
Event: 18.493 Thread 0x0000000016ad0800 Uncommon trap: reason=unreached action=reinterpret pc=0x0000000002dff920 method=java.util.HashMap.getNode(ILjava/lang/Object;)Ljava/util/HashMap$Node; @ 84
Event: 18.612 Thread 0x0000000016ad0800 Uncommon trap: reason=unreached action=reinterpret pc=0x0000000002e3a664 method=java.util.HashMap.getNode(ILjava/lang/Object;)Ljava/util/HashMap$Node; @ 84

Internal exceptions (10 events):
Event: 8.213 Thread 0x000000000245e000 Exception <a 'java/security/PrivilegedActionException'> (0x00000000eb667b40) thrown at [D:\re\workspace\8-2-build-windows-amd64-cygwin\jdk8u25\1677\hotspot\src\share\vm\prims\jvm.cpp, line 1312]
Event: 8.407 Thread 0x000000000245e000 Exception <a 'java/security/PrivilegedActionException'> (0x00000000eb7648f0) thrown at [D:\re\workspace\8-2-build-windows-amd64-cygwin\jdk8u25\1677\hotspot\src\share\vm\prims\jvm.cpp, line 1312]
Event: 9.644 Thread 0x0000000016b8f800 Implicit null exception at 0x0000000002afeaa2 to 0x0000000002afeba5
Event: 9.775 Thread 0x0000000016ad0800 Exception <a 'java/security/PrivilegedActionException'> (0x00000000ebe73c10) thrown at [D:\re\workspace\8-2-build-windows-amd64-cygwin\jdk8u25\1677\hotspot\src\share\vm\prims\jvm.cpp, line 1312]
Event: 10.875 Thread 0x000000000245e000 Exception <a 'java/security/PrivilegedActionException'> (0x00000000ebd68b88) thrown at [D:\re\workspace\8-2-build-windows-amd64-cygwin\jdk8u25\1677\hotspot\src\share\vm\prims\jvm.cpp, line 1312]
Event: 13.387 Thread 0x0000000016b8e000 Exception <a 'java/security/PrivilegedActionException'> (0x00000000ed9ea280) thrown at [D:\re\workspace\8-2-build-windows-amd64-cygwin\jdk8u25\1677\hotspot\src\share\vm\prims\jvm.cpp, line 1312]
Event: 16.853 Thread 0x0000000016ad0800 Implicit null exception at 0x0000000002c4af17 to 0x0000000002c4c2ad
Event: 18.490 Thread 0x0000000016ad0800 Exception <a 'java/lang/ArrayIndexOutOfBoundsException': 18> (0x00000000edab3468) thrown at [D:\re\workspace\8-2-build-windows-amd64-cygwin\jdk8u25\1677\hotspot\src\share\vm\interpreter\interpreterRuntime.cpp, line 366]
Event: 18.492 Thread 0x0000000016ad0800 Exception <a 'java/lang/ArrayIndexOutOfBoundsException'> (0x00000000edab4f00) thrown at [D:\re\workspace\8-2-build-windows-amd64-cygwin\jdk8u25\1677\hotspot\src\share\vm\runtime\sharedRuntime.cpp, line 604]
Event: 18.492 Thread 0x0000000016ad0800 Exception <a 'java/lang/ArrayIndexOutOfBoundsException'> (0x00000000edab6118) thrown at [D:\re\workspace\8-2-build-windows-amd64-cygwin\jdk8u25\1677\hotspot\src\share\vm\runtime\sharedRuntime.cpp, line 604]

Events (10 events):
Event: 18.493 loading class sun/reflect/generics/reflectiveObjects/TypeVariableImpl
Event: 18.493 loading class sun/reflect/generics/reflectiveObjects/LazyReflectiveObjectGenerator
Event: 18.493 loading class sun/reflect/generics/reflectiveObjects/LazyReflectiveObjectGenerator done
Event: 18.493 loading class sun/reflect/generics/reflectiveObjects/TypeVariableImpl done
Event: 18.493 Thread 0x0000000016ad0800 Uncommon trap: trap_request=0xffffffad fr.pc=0x0000000002dff920
Event: 18.493 Thread 0x0000000016ad0800 DEOPT PACKING pc=0x0000000002dff920 sp=0x000000001755de60
Event: 18.493 Thread 0x0000000016ad0800 DEOPT UNPACKING pc=0x000000000276556a sp=0x000000001755dd70 mode 2
Event: 18.612 Thread 0x0000000016ad0800 Uncommon trap: trap_request=0xffffffad fr.pc=0x0000000002e3a664
Event: 18.612 Thread 0x0000000016ad0800 DEOPT PACKING pc=0x0000000002e3a664 sp=0x000000001755e5d0
Event: 18.612 Thread 0x0000000016ad0800 DEOPT UNPACKING pc=0x000000000276556a sp=0x000000001755e548 mode 2


Dynamic libraries:
0x00007ff62aac0000 - 0x00007ff62aaf4000 	C:\Program Files\Java\jdk1.8.0_25\bin\java.exe
0x00007ffa827f0000 - 0x00007ffa829b1000 	C:\WINDOWS\SYSTEM32\ntdll.dll
0x00007ffa82340000 - 0x00007ffa823ed000 	C:\WINDOWS\system32\KERNEL32.DLL
0x00007ffa7eea0000 - 0x00007ffa7f088000 	C:\WINDOWS\system32\KERNELBASE.dll
0x00007ffa820c0000 - 0x00007ffa82167000 	C:\WINDOWS\system32\ADVAPI32.dll
0x00007ffa82020000 - 0x00007ffa820bd000 	C:\WINDOWS\system32\msvcrt.dll
0x00007ffa81c30000 - 0x00007ffa81c8b000 	C:\WINDOWS\system32\sechost.dll
0x00007ffa81c90000 - 0x00007ffa81dac000 	C:\WINDOWS\system32\RPCRT4.dll
0x00007ffa81db0000 - 0x00007ffa81f06000 	C:\WINDOWS\system32\USER32.dll
0x00007ffa82580000 - 0x00007ffa82706000 	C:\WINDOWS\system32\GDI32.dll
0x00007ffa79220000 - 0x00007ffa79494000 	C:\WINDOWS\WinSxS\amd64_microsoft.windows.common-controls_6595b64144ccf1df_6.0.10586.0_none_8c15ae12515e1c22\COMCTL32.dll
0x00007ffa813c0000 - 0x00007ffa8163d000 	C:\WINDOWS\system32\combase.dll
0x00007ffa7f090000 - 0x00007ffa7f0fa000 	C:\WINDOWS\system32\bcryptPrimitives.dll
0x00007ffa82710000 - 0x00007ffa8274b000 	C:\WINDOWS\system32\IMM32.DLL
0x0000000057190000 - 0x0000000057262000 	C:\Program Files\Java\jdk1.8.0_25\jre\bin\msvcr100.dll
0x0000000057650000 - 0x0000000057eaa000 	C:\Program Files\Java\jdk1.8.0_25\jre\bin\server\jvm.dll
0x00007ffa81640000 - 0x00007ffa81648000 	C:\WINDOWS\system32\PSAPI.DLL
0x00007ffa6e5f0000 - 0x00007ffa6e5f9000 	C:\WINDOWS\SYSTEM32\WSOCK32.dll
0x00007ffa82750000 - 0x00007ffa827bb000 	C:\WINDOWS\system32\WS2_32.dll
0x00007ffa7cc00000 - 0x00007ffa7cc23000 	C:\WINDOWS\SYSTEM32\WINMM.dll
0x00007ffa7cab0000 - 0x00007ffa7cadc000 	C:\WINDOWS\SYSTEM32\WINMMBASE.dll
0x00007ffa7f2d0000 - 0x00007ffa7f313000 	C:\WINDOWS\system32\cfgmgr32.dll
0x0000000057640000 - 0x000000005764f000 	C:\Program Files\Java\jdk1.8.0_25\jre\bin\verify.dll
0x0000000057610000 - 0x0000000057638000 	C:\Program Files\Java\jdk1.8.0_25\jre\bin\java.dll
0x00000000575f0000 - 0x0000000057606000 	C:\Program Files\Java\jdk1.8.0_25\jre\bin\zip.dll
0x00007ffa7fdb0000 - 0x00007ffa8130c000 	C:\WINDOWS\system32\SHELL32.dll
0x00007ffa7f5a0000 - 0x00007ffa7fbe4000 	C:\WINDOWS\system32\windows.storage.dll
0x00007ffa82520000 - 0x00007ffa82572000 	C:\WINDOWS\system32\shlwapi.dll
0x00007ffa7ee80000 - 0x00007ffa7ee8f000 	C:\WINDOWS\system32\kernel.appcore.dll
0x00007ffa7f3a0000 - 0x00007ffa7f455000 	C:\WINDOWS\system32\shcore.dll
0x00007ffa7ee10000 - 0x00007ffa7ee5b000 	C:\WINDOWS\system32\powrprof.dll
0x00007ffa7ee60000 - 0x00007ffa7ee74000 	C:\WINDOWS\system32\profapi.dll
0x00007ffa6af10000 - 0x00007ffa6b09c000 	C:\WINDOWS\SYSTEM32\dbghelp.dll

VM Arguments:
jvm_args: -Djava.awt.headless=true -Xmx1024M -Dfile.encoding=windows-1252 -Duser.country=FR -Duser.language=fr -Duser.variant 
java_command: com.android.dx.command.Main --dex --force-jumbo --num-threads=4 --multi-dex --output C:\Users\Famille\AndroidStudioProjects\Niviel\app\build\intermediates\transforms\dex\debug\folders\1000\10\com.android.support-support-v4-24.0.0_56c594c056d7d0e1bbdfe7ac0bccb7015f28172f C:\Users\Famille\AndroidStudioProjects\Niviel\app\build\intermediates\exploded-aar\com.android.support\support-v4\24.0.0\jars\classes.jar
java_class_path (initial): C:\Users\Famille\AppData\Local\Android\sdk\build-tools\23.0.2\lib\dx.jar
Launcher Type: SUN_STANDARD

Environment Variables:
JAVA_HOME=C:\Program Files\Java\jdk1.8.0_25
PATH=C:\Program Files\Broadcom\Broadcom 802.11 Network Adapter;;C:\Program Files\Broadcom\Broadcom 802.11;C:\ProgramData\Oracle\Java\javapath;C:\Program Files (x86)\Intel\iCLS Client\;C:\Program Files\Intel\iCLS Client\;C:\Windows\system32;C:\Windows;C:\Windows\System32\Wbem;C:\Windows\System32\WindowsPowerShell\v1.0\;C:\Program Files\Hewlett-Packard\SimplePass\;C:\wamp\bin\php\php5.5.12;C:\Python27;C:\Users\Famille\AppData\Roaming\npm\;C:\Program Files\nodejs\;C:\Program Files\Git\cmd;C:\Program Files (x86)\Brackets\command;C:\Program Files (x86)\Ant\bin;C:\Program Files (x86)\Maven\bin;C:\Program Files (x86)\Intel\Intel(R) Management Engine Components\DAL;C:\Program Files\Intel\Intel(R) Management Engine Components\DAL;C:\Program Files (x86)\Intel\Intel(R) Management Engine Components\IPT;C:\Program Files\Intel\Intel(R) Management Engine Components\IPT;C:\Users\Famille\AppData\Local\atom\bin;C:\Users\Famille\AppData\Roaming\npm
USERNAME=de Lachaux
OS=Windows_NT
PROCESSOR_IDENTIFIER=Intel64 Family 6 Model 69 Stepping 1, GenuineIntel



---------------  S Y S T E M  ---------------

OS: Windows 8.1 , 64 bit Build 9600 

CPU:total 4 (2 cores per cpu, 2 threads per core) family 6 model 69 stepping 1, cmov, cx8, fxsr, mmx, sse, sse2, sse3, ssse3, sse4.1, sse4.2, popcnt, avx, avx2, aes, clmul, erms, lzcnt, ht, tsc, tscinvbit, bmi1, bmi2

Memory: 4k page, physical 4122776k(263660k free), swap 5555352k(248k free)

vm_info: Java HotSpot(TM) 64-Bit Server VM (25.25-b02) for windows-amd64 JRE (1.8.0_25-b18), built on Oct  7 2014 14:25:37 by "java_re" with MS VC++ 10.0 (VS2010)

time: Sat Jun 25 18:30:33 2016
elapsed time: 19 seconds (0d 0h 0m 19s)

