#
# There is insufficient memory for the Java Runtime Environment to continue.
# Native memory allocation (malloc) failed to allocate 1784 bytes for AllocateHeap
# Possible reasons:
#   The system is out of physical RAM or swap space
#   In 32 bit mode, the process size limit was hit
# Possible solutions:
#   Reduce memory load on the system
#   Increase physical memory or swap space
#   Check if swap backing store is full
#   Use 64 bit Java on a 64 bit OS
#   Decrease Java heap size (-Xmx/-Xms)
#   Decrease number of Java threads
#   Decrease Java thread stack sizes (-Xss)
#   Set larger code cache with -XX:ReservedCodeCacheSize=
# This output file may be truncated or incomplete.
#
#  Out of Memory Error (memory/allocation.inline.hpp:62), pid=34728, tid=47888
#
# JRE version: Java(TM) SE Runtime Environment (8.0_25-b18) (build 1.8.0_25-b18)
# Java VM: Java HotSpot(TM) 64-Bit Server VM (25.25-b02 mixed mode windows-amd64 compressed oops)
# Failed to write core dump. Minidumps are not enabled by default on client versions of Windows
#

---------------  T H R E A D  ---------------

Current thread (0x00000000156e4800):  JavaThread "C1 CompilerThread2" daemon [_thread_in_vm, id=47888, stack(0x0000000016df0000,0x0000000016ef0000)]

Stack: [0x0000000016df0000,0x0000000016ef0000]
Native frames: (J=compiled Java code, j=interpreted, Vv=VM code, C=native code)
V  [jvm.dll+0x31667a]


Current CompileTask:
C1:   1580 1013       3       com.android.dx.dex.code.LocalList$MakeState::add (75 bytes)


---------------  P R O C E S S  ---------------

Java Threads: ( => current thread )
  0x0000000016ef4800 JavaThread "Service Thread" daemon [_thread_blocked, id=47520, stack(0x00000000172f0000,0x00000000173f0000)]
=>0x00000000156e4800 JavaThread "C1 CompilerThread2" daemon [_thread_in_vm, id=47888, stack(0x0000000016df0000,0x0000000016ef0000)]
  0x0000000015692800 JavaThread "C2 CompilerThread1" daemon [_thread_blocked, id=40284, stack(0x0000000016cf0000,0x0000000016df0000)]
  0x000000001568d000 JavaThread "C2 CompilerThread0" daemon [_thread_blocked, id=44328, stack(0x0000000016bf0000,0x0000000016cf0000)]
  0x000000001568b800 JavaThread "Attach Listener" daemon [_thread_blocked, id=44864, stack(0x0000000016af0000,0x0000000016bf0000)]
  0x000000001568a800 JavaThread "Signal Dispatcher" daemon [_thread_blocked, id=40716, stack(0x00000000169f0000,0x0000000016af0000)]
  0x0000000002eff000 JavaThread "Finalizer" daemon [_thread_blocked, id=41888, stack(0x00000000168f0000,0x00000000169f0000)]
  0x0000000002efc000 JavaThread "Reference Handler" daemon [_thread_blocked, id=49724, stack(0x00000000167f0000,0x00000000168f0000)]
  0x0000000002fbd800 JavaThread "main" [_thread_blocked, id=45864, stack(0x0000000002ca0000,0x0000000002da0000)]

Other Threads:
  0x0000000015656800 VMThread [stack: 0x00000000166f0000,0x00000000167f0000] [id=43716]
  0x0000000016ef7800 WatcherThread [stack: 0x00000000173f0000,0x00000000174f0000] [id=29012]

VM state:not at safepoint (normal execution)

VM Mutex/Monitor currently owned by a thread:  ([mutex/lock_event])
[0x0000000002fb8ab0] CodeCache_lock - owner thread: 0x00000000156e4800
[0x0000000002e110d0] Compile_lock - owner thread: 0x00000000156e4800
[0x0000000002e10850] MethodCompileQueue_lock - owner thread: 0x00000000156e4800

Heap:
 PSYoungGen      total 18944K, used 15418K [0x00000000eab00000, 0x00000000ec000000, 0x0000000100000000)
  eden space 16384K, 94% used [0x00000000eab00000,0x00000000eba0eb48,0x00000000ebb00000)
  from space 2560K, 0% used [0x00000000ebd80000,0x00000000ebd80000,0x00000000ec000000)
  to   space 2560K, 0% used [0x00000000ebb00000,0x00000000ebb00000,0x00000000ebd80000)
 ParOldGen       total 44032K, used 0K [0x00000000c0000000, 0x00000000c2b00000, 0x00000000eab00000)
  object space 44032K, 0% used [0x00000000c0000000,0x00000000c0000000,0x00000000c2b00000)
 Metaspace       used 5891K, capacity 6896K, committed 7040K, reserved 1056768K
  class space    used 603K, capacity 616K, committed 640K, reserved 1048576K

Card table byte_map: [0x0000000012380000,0x0000000012590000] byte_map_base: 0x0000000011d80000

Marking Bits: (ParMarkBitMap*) 0x000000005c28d490
 Begin Bits: [0x0000000012af0000, 0x0000000013af0000)
 End Bits:   [0x0000000013af0000, 0x0000000014af0000)

Polling page: 0x0000000001330000

CodeCache: size=245760Kb used=3886Kb max_used=3892Kb free=241873Kb
 bounds [0x0000000002fc0000, 0x0000000003390000, 0x0000000011fc0000]
 total_blobs=1278 nmethods=1012 adapters=179
 compilation: enabled

Compilation events (10 events):
Event: 1.496 Thread 0x00000000156e4800 1009       3       com.android.dx.dex.code.StdCatchBuilder::handlersFor (216 bytes)
Event: 1.497 Thread 0x0000000015692800 nmethod 1008 0x00000000033832d0 code [0x0000000003383420, 0x0000000003383518]
Event: 1.498 Thread 0x000000001568d000 1012       4       com.android.dx.rop.type.Type::compareTo (9 bytes)
Event: 1.499 Thread 0x00000000156e4800 nmethod 1009 0x000000000338ae10 code [0x000000000338b180, 0x000000000338d278]
Event: 1.499 Thread 0x00000000156e4800 1010       3       com.android.dx.dex.code.InsnFormat::unsignedFitsInByte (15 bytes)
Event: 1.499 Thread 0x00000000156e4800 nmethod 1010 0x0000000003387e10 code [0x0000000003387f60, 0x00000000033880f0]
Event: 1.499 Thread 0x00000000156e4800 1011       3       com.android.dx.dex.code.PositionList$Entry::<init> (43 bytes)
Event: 1.499 Thread 0x00000000156e4800 nmethod 1011 0x00000000033877d0 code [0x0000000003387960, 0x0000000003387cd8]
Event: 1.500 Thread 0x00000000156e4800 1013       3       com.android.dx.dex.code.LocalList$MakeState::add (75 bytes)
Event: 1.500 Thread 0x000000001568d000 nmethod 1012 0x0000000003387390 code [0x00000000033874e0, 0x00000000033876b8]

GC Heap History (0 events):
No events

Deoptimization events (1 events):
Event: 1.371 Thread 0x0000000002fbd800 Uncommon trap: reason=bimorphic action=maybe_recompile pc=0x0000000003221950 method=java.util.HashMap.getNode(ILjava/lang/Object;)Ljava/util/HashMap$Node; @ 126

Internal exceptions (10 events):
Event: 1.389 Thread 0x0000000002fbd800 Exception <a 'java/security/PrivilegedActionException'> (0x00000000eaf28f50) thrown at [D:\re\workspace\8-2-build-windows-amd64-cygwin\jdk8u25\1677\hotspot\src\share\vm\prims\jvm.cpp, line 1312]
Event: 1.390 Thread 0x0000000002fbd800 Exception <a 'java/security/PrivilegedActionException'> (0x00000000eaf2c590) thrown at [D:\re\workspace\8-2-build-windows-amd64-cygwin\jdk8u25\1677\hotspot\src\share\vm\prims\jvm.cpp, line 1312]
Event: 1.390 Thread 0x0000000002fbd800 Exception <a 'java/security/PrivilegedActionException'> (0x00000000eaf2f058) thrown at [D:\re\workspace\8-2-build-windows-amd64-cygwin\jdk8u25\1677\hotspot\src\share\vm\prims\jvm.cpp, line 1312]
Event: 1.391 Thread 0x0000000002fbd800 Exception <a 'java/security/PrivilegedActionException'> (0x00000000eaf34318) thrown at [D:\re\workspace\8-2-build-windows-amd64-cygwin\jdk8u25\1677\hotspot\src\share\vm\prims\jvm.cpp, line 1312]
Event: 1.392 Thread 0x0000000002fbd800 Exception <a 'java/security/PrivilegedActionException'> (0x00000000eb9c0160) thrown at [D:\re\workspace\8-2-build-windows-amd64-cygwin\jdk8u25\1677\hotspot\src\share\vm\prims\jvm.cpp, line 1312]
Event: 1.393 Thread 0x0000000002fbd800 Exception <a 'java/security/PrivilegedActionException'> (0x00000000eb9c31a0) thrown at [D:\re\workspace\8-2-build-windows-amd64-cygwin\jdk8u25\1677\hotspot\src\share\vm\prims\jvm.cpp, line 1312]
Event: 1.394 Thread 0x0000000002fbd800 Exception <a 'java/security/PrivilegedActionException'> (0x00000000eb9c80d0) thrown at [D:\re\workspace\8-2-build-windows-amd64-cygwin\jdk8u25\1677\hotspot\src\share\vm\prims\jvm.cpp, line 1312]
Event: 1.395 Thread 0x0000000002fbd800 Exception <a 'java/security/PrivilegedActionException'> (0x00000000eb9cc8a8) thrown at [D:\re\workspace\8-2-build-windows-amd64-cygwin\jdk8u25\1677\hotspot\src\share\vm\prims\jvm.cpp, line 1312]
Event: 1.405 Thread 0x0000000002fbd800 Exception <a 'java/security/PrivilegedActionException'> (0x00000000eb9db508) thrown at [D:\re\workspace\8-2-build-windows-amd64-cygwin\jdk8u25\1677\hotspot\src\share\vm\prims\jvm.cpp, line 1312]
Event: 1.500 Thread 0x0000000002fbd800 Exception <a 'java/security/PrivilegedActionException'> (0x00000000eb9f0230) thrown at [D:\re\workspace\8-2-build-windows-amd64-cygwin\jdk8u25\1677\hotspot\src\share\vm\prims\jvm.cpp, line 1312]

Events (10 events):
Event: 1.393 loading class com/android/dx/dex/code/LocalList$Entry
Event: 1.393 loading class com/android/dx/dex/code/LocalList$Entry done
Event: 1.394 loading class com/android/dx/dex/code/CatchHandlerList
Event: 1.394 loading class com/android/dx/dex/code/CatchHandlerList done
Event: 1.395 loading class com/android/dx/dex/code/CatchTable
Event: 1.395 loading class com/android/dx/dex/code/CatchTable done
Event: 1.405 loading class com/android/dx/rop/code/RegisterSpecList$Expander
Event: 1.405 loading class com/android/dx/rop/code/RegisterSpecList$Expander done
Event: 1.500 loading class com/android/dx/dex/file/DebugInfoEncoder
Event: 1.500 loading class com/android/dx/dex/file/DebugInfoEncoder done


Dynamic libraries:
0x00007ff6a1ad0000 - 0x00007ff6a1b04000 	C:\Program Files\Java\jdk1.8.0_25\bin\java.exe
0x00007ffb77dc0000 - 0x00007ffb77f91000 	C:\WINDOWS\SYSTEM32\ntdll.dll
0x00007ffb777e0000 - 0x00007ffb7788b000 	C:\WINDOWS\System32\KERNEL32.DLL
0x00007ffb74760000 - 0x00007ffb7497d000 	C:\WINDOWS\System32\KERNELBASE.dll
0x00007ffb76a50000 - 0x00007ffb76af2000 	C:\WINDOWS\System32\ADVAPI32.dll
0x00007ffb77ab0000 - 0x00007ffb77b4e000 	C:\WINDOWS\System32\msvcrt.dll
0x00007ffb76d90000 - 0x00007ffb76de9000 	C:\WINDOWS\System32\sechost.dll
0x00007ffb76c60000 - 0x00007ffb76d81000 	C:\WINDOWS\System32\RPCRT4.dll
0x00007ffb77b50000 - 0x00007ffb77cb5000 	C:\WINDOWS\System32\USER32.dll
0x00007ffb74310000 - 0x00007ffb7432e000 	C:\WINDOWS\System32\win32u.dll
0x00007ffb76910000 - 0x00007ffb76944000 	C:\WINDOWS\System32\GDI32.dll
0x00007ffb74980000 - 0x00007ffb74b02000 	C:\WINDOWS\System32\gdi32full.dll
0x00007ffb68940000 - 0x00007ffb68bba000 	C:\WINDOWS\WinSxS\amd64_microsoft.windows.common-controls_6595b64144ccf1df_6.0.14393.351_none_4213128bc687e6d3\COMCTL32.dll
0x00007ffb77510000 - 0x00007ffb777d7000 	C:\WINDOWS\System32\combase.dll
0x00007ffb74330000 - 0x00007ffb74425000 	C:\WINDOWS\System32\ucrtbase.dll
0x00007ffb746a0000 - 0x00007ffb7470a000 	C:\WINDOWS\System32\bcryptPrimitives.dll
0x00007ffb77d20000 - 0x00007ffb77d4e000 	C:\WINDOWS\System32\IMM32.DLL
0x000000005e0a0000 - 0x000000005e172000 	C:\Program Files\Java\jdk1.8.0_25\jre\bin\msvcr100.dll
0x000000005bab0000 - 0x000000005c30a000 	C:\Program Files\Java\jdk1.8.0_25\jre\bin\server\jvm.dll
0x00007ffb76900000 - 0x00007ffb76908000 	C:\WINDOWS\System32\PSAPI.DLL
0x00007ffb68180000 - 0x00007ffb68189000 	C:\WINDOWS\SYSTEM32\WSOCK32.dll
0x00007ffb77d50000 - 0x00007ffb77dba000 	C:\WINDOWS\System32\WS2_32.dll
0x00007ffb725d0000 - 0x00007ffb725f3000 	C:\WINDOWS\SYSTEM32\WINMM.dll
0x00007ffb72560000 - 0x00007ffb7258b000 	C:\WINDOWS\SYSTEM32\WINMMBASE.dll
0x00007ffb74710000 - 0x00007ffb74752000 	C:\WINDOWS\System32\cfgmgr32.dll
0x000000005e090000 - 0x000000005e09f000 	C:\Program Files\Java\jdk1.8.0_25\jre\bin\verify.dll
0x000000005e060000 - 0x000000005e088000 	C:\Program Files\Java\jdk1.8.0_25\jre\bin\java.dll
0x000000005e040000 - 0x000000005e056000 	C:\Program Files\Java\jdk1.8.0_25\jre\bin\zip.dll
0x00007ffb75350000 - 0x00007ffb76859000 	C:\WINDOWS\System32\SHELL32.dll
0x00007ffb74b10000 - 0x00007ffb751ea000 	C:\WINDOWS\System32\windows.storage.dll
0x00007ffb74260000 - 0x00007ffb742ac000 	C:\WINDOWS\System32\powrprof.dll
0x00007ffb77890000 - 0x00007ffb778e2000 	C:\WINDOWS\System32\shlwapi.dll
0x00007ffb74250000 - 0x00007ffb7425f000 	C:\WINDOWS\System32\kernel.appcore.dll
0x00007ffb751f0000 - 0x00007ffb75299000 	C:\WINDOWS\System32\shcore.dll
0x00007ffb74230000 - 0x00007ffb74244000 	C:\WINDOWS\System32\profapi.dll
0x00007ffb63ef0000 - 0x00007ffb64082000 	C:\WINDOWS\SYSTEM32\dbghelp.dll

VM Arguments:
jvm_args: -Djava.awt.headless=true -Xmx1024M -Dfile.encoding=windows-1252 -Duser.country=FR -Duser.language=fr -Duser.variant 
java_command: com.android.dx.command.Main --dex --num-threads=4 --output C:\Users\Famille\AndroidStudioProjects\Niviel\app\build\intermediates\pre-dexed\debug\internal_impl-24.2.1_81b5347b74d7a96092c83b1ab2b723d491fb066f.jar C:\Users\Famille\AndroidStudioProjects\Niviel\app\build\intermediates\exploded-aar\com.android.support\support-fragment\24.2.1\jars\libs\internal_impl-24.2.1.jar
java_class_path (initial): C:\Users\Famille\AppData\Local\Android\sdk\build-tools\23.0.2\lib\dx.jar
Launcher Type: SUN_STANDARD

Environment Variables:
JAVA_HOME=C:\Program Files\Java\jdk1.8.0_25
PATH=C:\Program Files\Broadcom\Broadcom 802.11 Network Adapter;C:\Program Files\Broadcom\Broadcom 802.11;C:\ProgramData\Oracle\Java\javapath;C:\Program Files (x86)\Intel\iCLS Client\;C:\Program Files\Intel\iCLS Client\;C:\Windows\system32;C:\Windows;C:\Windows\System32\Wbem;C:\Windows\System32\WindowsPowerShell\v1.0\;C:\Program Files\Hewlett-Packard\SimplePass\;C:\wamp\bin\php\php5.5.12;C:\Python34;C:\Users\Famille\AppData\Roaming\npm\;C:\Program Files\nodejs\;C:\Program Files\Git\cmd;C:\Program Files (x86)\Brackets\command;C:\Program Files (x86)\Ant\bin;C:\Program Files (x86)\Maven\bin;C:\Program Files (x86)\Intel\Intel(R) Management Engine Components\DAL;C:\Program Files\Intel\Intel(R) Management Engine Components\DAL;C:\Program Files (x86)\Intel\Intel(R) Management Engine Components\IPT;C:\Program Files\Intel\Intel(R) Management Engine Components\IPT;C:\Users\Famille\AppData\Local\Android\sdk\platform-tools;C:\WINDOWS\system32;C:\WINDOWS;C:\WINDOWS\System32\Wbem;C:\WINDOWS\System32\WindowsPowerShell\v1.0\;C:\Users\Famille\AppData\Local\atom\bin;C:\Users\Famille\AppData\Roaming\npm;%USERPROFILE%\AppData\Local\Microsoft\WindowsApps;
USERNAME=de Lachaux
OS=Windows_NT
PROCESSOR_IDENTIFIER=Intel64 Family 6 Model 69 Stepping 1, GenuineIntel



---------------  S Y S T E M  ---------------

OS: Windows 8.1 , 64 bit Build 9600 

CPU:total 4 (2 cores per cpu, 2 threads per core) family 6 model 69 stepping 1, cmov, cx8, fxsr, mmx, sse, sse2, sse3, ssse3, sse4.1, sse4.2, popcnt, avx, avx2, aes, clmul, erms, lzcnt, ht, tsc, tscinvbit, bmi1, bmi2

Memory: 4k page, physical 4122776k(507352k free), swap 5555352k(2080k free)

vm_info: Java HotSpot(TM) 64-Bit Server VM (25.25-b02) for windows-amd64 JRE (1.8.0_25-b18), built on Oct  7 2014 14:25:37 by "java_re" with MS VC++ 10.0 (VS2010)

time: Sat Nov 05 19:14:49 2016
elapsed time: 1 seconds (0d 0h 0m 1s)

