#
# There is insufficient memory for the Java Runtime Environment to continue.
# Native memory allocation (malloc) failed to allocate 1217872 bytes for Chunk::new
# Possible reasons:
#   The system is out of physical RAM or swap space
#   In 32 bit mode, the process size limit was hit
# Possible solutions:
#   Reduce memory load on the system
#   Increase physical memory or swap space
#   Check if swap backing store is full
#   Use 64 bit Java on a 64 bit OS
#   Decrease Java heap size (-Xmx/-Xms)
#   Decrease number of Java threads
#   Decrease Java thread stack sizes (-Xss)
#   Set larger code cache with -XX:ReservedCodeCacheSize=
# This output file may be truncated or incomplete.
#
#  Out of Memory Error (allocation.cpp:390), pid=19480, tid=22588
#
# JRE version: Java(TM) SE Runtime Environment (8.0_25-b18) (build 1.8.0_25-b18)
# Java VM: Java HotSpot(TM) 64-Bit Server VM (25.25-b02 mixed mode windows-amd64 compressed oops)
# Failed to write core dump. Minidumps are not enabled by default on client versions of Windows
#

---------------  T H R E A D  ---------------

Current thread (0x0000000014c1a800):  JavaThread "C2 CompilerThread1" daemon [_thread_in_native, id=22588, stack(0x0000000016230000,0x0000000016330000)]

Stack: [0x0000000016230000,0x0000000016330000]
Native frames: (J=compiled Java code, j=interpreted, Vv=VM code, C=native code)
V  [jvm.dll+0x31667a]
V  [jvm.dll+0x267073]
V  [jvm.dll+0x267cb3]
V  [jvm.dll+0x25f5b5]
V  [jvm.dll+0xbf165]
V  [jvm.dll+0xbf60c]
V  [jvm.dll+0x44af32]
V  [jvm.dll+0x4c06e5]
V  [jvm.dll+0x4c131f]
V  [jvm.dll+0x451121]
V  [jvm.dll+0x4538f8]
V  [jvm.dll+0x437372]
V  [jvm.dll+0x98a02]
V  [jvm.dll+0x991f3]
V  [jvm.dll+0x22bde4]
V  [jvm.dll+0x2852fa]
C  [msvcr100.dll+0x21d9f]
C  [msvcr100.dll+0x21e3b]
C  [KERNEL32.DLL+0x18102]
C  [ntdll.dll+0x5c5b4]


Current CompileTask:
C2:  12330 1143   !   4       com.android.dx.cf.code.RopperMachine::run (1550 bytes)


---------------  P R O C E S S  ---------------

Java Threads: ( => current thread )
  0x0000000016eaf000 JavaThread "pool-2-thread-4" [_thread_blocked, id=23332, stack(0x0000000017630000,0x0000000017730000)]
  0x0000000016eae800 JavaThread "pool-2-thread-3" [_thread_blocked, id=23344, stack(0x0000000017530000,0x0000000017630000)]
  0x00000000168cb000 JavaThread "pool-2-thread-2" [_thread_in_Java, id=23396, stack(0x0000000016c30000,0x0000000016d30000)]
  0x00000000168c7800 JavaThread "pool-3-thread-1" [_thread_blocked, id=23296, stack(0x0000000016b30000,0x0000000016c30000)]
  0x00000000168c0800 JavaThread "pool-2-thread-1" [_thread_in_vm, id=23316, stack(0x0000000016a30000,0x0000000016b30000)]
  0x0000000014c2b000 JavaThread "Service Thread" daemon [_thread_blocked, id=22656, stack(0x0000000016430000,0x0000000016530000)]
  0x0000000014c23800 JavaThread "C1 CompilerThread2" daemon [_thread_blocked, id=22592, stack(0x0000000016330000,0x0000000016430000)]
=>0x0000000014c1a800 JavaThread "C2 CompilerThread1" daemon [_thread_in_native, id=22588, stack(0x0000000016230000,0x0000000016330000)]
  0x0000000014bcc000 JavaThread "C2 CompilerThread0" daemon [_thread_blocked, id=21728, stack(0x0000000016130000,0x0000000016230000)]
  0x0000000014bca800 JavaThread "Attach Listener" daemon [_thread_blocked, id=19844, stack(0x0000000016030000,0x0000000016130000)]
  0x0000000014bc9800 JavaThread "Signal Dispatcher" daemon [_thread_blocked, id=22512, stack(0x0000000015f30000,0x0000000016030000)]
  0x00000000024f0800 JavaThread "Finalizer" daemon [_thread_blocked, id=22428, stack(0x0000000015e30000,0x0000000015f30000)]
  0x00000000024ed000 JavaThread "Reference Handler" daemon [_thread_blocked, id=22824, stack(0x0000000015d30000,0x0000000015e30000)]
  0x00000000022ae000 JavaThread "main" [_thread_blocked, id=22800, stack(0x00000000022b0000,0x00000000023b0000)]

Other Threads:
  0x0000000014b96800 VMThread [stack: 0x0000000015c30000,0x0000000015d30000] [id=23052]
  0x0000000014c2d000 WatcherThread [stack: 0x0000000016530000,0x0000000016630000] [id=19540]

VM state:synchronizing (normal execution)

VM Mutex/Monitor currently owned by a thread:  ([mutex/lock_event])
[0x00000000022ad420] Safepoint_lock - owner thread: 0x0000000014b96800
[0x00000000022ad4a0] Threads_lock - owner thread: 0x0000000014b96800

Heap:
 PSYoungGen      total 35328K, used 7714K [0x00000000eab00000, 0x00000000ed000000, 0x0000000100000000)
  eden space 32768K, 15% used [0x00000000eab00000,0x00000000eb00add8,0x00000000ecb00000)
  from space 2560K, 99% used [0x00000000ecd80000,0x00000000ecffddc0,0x00000000ed000000)
  to   space 2560K, 0% used [0x00000000ecb00000,0x00000000ecb00000,0x00000000ecd80000)
 ParOldGen       total 44032K, used 8108K [0x00000000c0000000, 0x00000000c2b00000, 0x00000000eab00000)
  object space 44032K, 18% used [0x00000000c0000000,0x00000000c07eb028,0x00000000c2b00000)
 Metaspace       used 5877K, capacity 6832K, committed 7040K, reserved 1056768K
  class space    used 589K, capacity 616K, committed 640K, reserved 1048576K

Card table byte_map: [0x00000000118c0000,0x0000000011ad0000] byte_map_base: 0x00000000112c0000

Marking Bits: (ParMarkBitMap*) 0x0000000066b8d490
 Begin Bits: [0x0000000012030000, 0x0000000013030000)
 End Bits:   [0x0000000013030000, 0x0000000014030000)

Polling page: 0x0000000000940000

CodeCache: size=245760Kb used=4748Kb max_used=4748Kb free=241011Kb
 bounds [0x0000000002500000, 0x00000000029b0000, 0x0000000011500000]
 total_blobs=1429 nmethods=1163 adapters=178
 compilation: enabled

Compilation events (10 events):
Event: 11.854 Thread 0x0000000014c23800 1164       3       com.android.dx.ssa.SsaMethod::forEachBlockDepthFirst (194 bytes)
Event: 11.858 Thread 0x0000000014c23800 nmethod 1164 0x00000000029977d0 code [0x0000000002997c60, 0x000000000299b048]
Event: 11.859 Thread 0x0000000014c23800 1165       3       com.android.dx.ssa.ConstCollector$2::<init> (20 bytes)
Event: 11.860 Thread 0x0000000014c23800 nmethod 1165 0x000000000299d550 code [0x000000000299d6c0, 0x000000000299d910]
Event: 11.861 Thread 0x0000000014c23800 1166       1       com.android.dx.ssa.BasicRegisterMapper::getNewRegisterCount (5 bytes)
Event: 11.861 Thread 0x0000000014c23800 nmethod 1166 0x0000000002966990 code [0x0000000002966ae0, 0x0000000002966bf0]
Event: 11.862 Thread 0x0000000014c23800 1167       3       com.android.dx.rop.code.BasicBlockList::getInstructionCount (48 bytes)
Event: 11.862 Thread 0x0000000014c23800 nmethod 1167 0x00000000029a0110 code [0x00000000029a02a0, 0x00000000029a0930]
Event: 11.863 Thread 0x0000000014bcc000 nmethod 1148 0x00000000029a0b90 code [0x00000000029a0fe0, 0x00000000029a2df8]
Event: 11.863 Thread 0x0000000014bcc000 1150       4       com.android.dx.ssa.SsaMethod$2::addToUses (48 bytes)

GC Heap History (4 events):
Event: 9.537 GC heap before
{Heap before GC invocations=1 (full 0):
 PSYoungGen      total 18944K, used 16384K [0x00000000eab00000, 0x00000000ec000000, 0x0000000100000000)
  eden space 16384K, 100% used [0x00000000eab00000,0x00000000ebb00000,0x00000000ebb00000)
  from space 2560K, 0% used [0x00000000ebd80000,0x00000000ebd80000,0x00000000ec000000)
  to   space 2560K, 0% used [0x00000000ebb00000,0x00000000ebb00000,0x00000000ebd80000)
 ParOldGen       total 44032K, used 0K [0x00000000c0000000, 0x00000000c2b00000, 0x00000000eab00000)
  object space 44032K, 0% used [0x00000000c0000000,0x00000000c0000000,0x00000000c2b00000)
 Metaspace       used 5780K, capacity 6768K, committed 7040K, reserved 1056768K
  class space    used 583K, capacity 616K, committed 640K, reserved 1048576K
Event: 9.712 GC heap after
Heap after GC invocations=1 (full 0):
 PSYoungGen      total 18944K, used 2556K [0x00000000eab00000, 0x00000000ed000000, 0x0000000100000000)
  eden space 16384K, 0% used [0x00000000eab00000,0x00000000eab00000,0x00000000ebb00000)
  from space 2560K, 99% used [0x00000000ebb00000,0x00000000ebd7f148,0x00000000ebd80000)
  to   space 2560K, 0% used [0x00000000ecd80000,0x00000000ecd80000,0x00000000ed000000)
 ParOldGen       total 44032K, used 2063K [0x00000000c0000000, 0x00000000c2b00000, 0x00000000eab00000)
  object space 44032K, 4% used [0x00000000c0000000,0x00000000c0203cd0,0x00000000c2b00000)
 Metaspace       used 5780K, capacity 6768K, committed 7040K, reserved 1056768K
  class space    used 583K, capacity 616K, committed 640K, reserved 1048576K
}
Event: 11.881 GC heap before
{Heap before GC invocations=2 (full 0):
 PSYoungGen      total 18944K, used 18940K [0x00000000eab00000, 0x00000000ed000000, 0x0000000100000000)
  eden space 16384K, 100% used [0x00000000eab00000,0x00000000ebb00000,0x00000000ebb00000)
  from space 2560K, 99% used [0x00000000ebb00000,0x00000000ebd7f148,0x00000000ebd80000)
  to   space 2560K, 0% used [0x00000000ecd80000,0x00000000ecd80000,0x00000000ed000000)
 ParOldGen       total 44032K, used 2063K [0x00000000c0000000, 0x00000000c2b00000, 0x00000000eab00000)
  object space 44032K, 4% used [0x00000000c0000000,0x00000000c0203cd0,0x00000000c2b00000)
 Metaspace       used 5849K, capacity 6832K, committed 7040K, reserved 1056768K
  class space    used 584K, capacity 616K, committed 640K, reserved 1048576K
Event: 11.998 GC heap after
Heap after GC invocations=2 (full 0):
 PSYoungGen      total 35328K, used 2551K [0x00000000eab00000, 0x00000000ed000000, 0x0000000100000000)
  eden space 32768K, 0% used [0x00000000eab00000,0x00000000eab00000,0x00000000ecb00000)
  from space 2560K, 99% used [0x00000000ecd80000,0x00000000ecffddc0,0x00000000ed000000)
  to   space 2560K, 0% used [0x00000000ecb00000,0x00000000ecb00000,0x00000000ecd80000)
 ParOldGen       total 44032K, used 8108K [0x00000000c0000000, 0x00000000c2b00000, 0x00000000eab00000)
  object space 44032K, 18% used [0x00000000c0000000,0x00000000c07eb028,0x00000000c2b00000)
 Metaspace       used 5849K, capacity 6832K, committed 7040K, reserved 1056768K
  class space    used 584K, capacity 616K, committed 640K, reserved 1048576K
}

Deoptimization events (9 events):
Event: 9.438 Thread 0x00000000168cb000 Uncommon trap: reason=null_check action=make_not_entrant pc=0x000000000282b234 method=com.android.dx.ssa.SsaRenamer.getLocalForNewReg(I)Lcom/android/dx/rop/code/LocalItem; @ 19
Event: 9.763 Thread 0x00000000168c0800 Uncommon trap: reason=class_check action=maybe_recompile pc=0x00000000028d61f4 method=com.android.dx.cf.code.BytecodeArray.parseInstruction(ILcom/android/dx/cf/code/BytecodeArray$Visitor;)I @ 971
Event: 9.763 Thread 0x00000000168c0800 Uncommon trap: reason=class_check action=maybe_recompile pc=0x00000000028d6244 method=com.android.dx.cf.code.BytecodeArray.parseInstruction(ILcom/android/dx/cf/code/BytecodeArray$Visitor;)I @ 987
Event: 9.779 Thread 0x00000000168c0800 Uncommon trap: reason=class_check action=maybe_recompile pc=0x00000000028d61f4 method=com.android.dx.cf.code.BytecodeArray.parseInstruction(ILcom/android/dx/cf/code/BytecodeArray$Visitor;)I @ 971
Event: 9.799 Thread 0x00000000168c0800 Uncommon trap: reason=class_check action=maybe_recompile pc=0x00000000028d61f4 method=com.android.dx.cf.code.BytecodeArray.parseInstruction(ILcom/android/dx/cf/code/BytecodeArray$Visitor;)I @ 971
Event: 10.410 Thread 0x00000000022ae000 Uncommon trap: reason=bimorphic action=maybe_recompile pc=0x0000000002931ff0 method=com.android.dx.cf.code.BytecodeArray.parseInstruction(ILcom/android/dx/cf/code/BytecodeArray$Visitor;)I @ 923
Event: 10.410 Thread 0x00000000022ae000 Uncommon trap: reason=bimorphic action=maybe_recompile pc=0x0000000002931f04 method=com.android.dx.cf.code.BytecodeArray.parseInstruction(ILcom/android/dx/cf/code/BytecodeArray$Visitor;)I @ 907
Event: 10.410 Thread 0x00000000022ae000 Uncommon trap: reason=bimorphic action=maybe_recompile pc=0x00000000029336dc method=com.android.dx.cf.code.BytecodeArray.parseInstruction(ILcom/android/dx/cf/code/BytecodeArray$Visitor;)I @ 1224
Event: 10.410 Thread 0x00000000022ae000 Uncommon trap: reason=bimorphic action=maybe_recompile pc=0x0000000002931ff0 method=com.android.dx.cf.code.BytecodeArray.parseInstruction(ILcom/android/dx/cf/code/BytecodeArray$Visitor;)I @ 923

Internal exceptions (10 events):
Event: 8.209 Thread 0x00000000168cb000 Exception <a 'java/security/PrivilegedActionException'> (0x00000000eb575ca0) thrown at [D:\re\workspace\8-2-build-windows-amd64-cygwin\jdk8u25\1677\hotspot\src\share\vm\prims\jvm.cpp, line 1312]
Event: 8.210 Thread 0x00000000168cb000 Exception <a 'java/security/PrivilegedActionException'> (0x00000000eb57a388) thrown at [D:\re\workspace\8-2-build-windows-amd64-cygwin\jdk8u25\1677\hotspot\src\share\vm\prims\jvm.cpp, line 1312]
Event: 8.210 Thread 0x00000000168cb000 Exception <a 'java/security/PrivilegedActionException'> (0x00000000eb57fdc0) thrown at [D:\re\workspace\8-2-build-windows-amd64-cygwin\jdk8u25\1677\hotspot\src\share\vm\prims\jvm.cpp, line 1312]
Event: 8.212 Thread 0x00000000168cb000 Exception <a 'java/security/PrivilegedActionException'> (0x00000000eb588ab0) thrown at [D:\re\workspace\8-2-build-windows-amd64-cygwin\jdk8u25\1677\hotspot\src\share\vm\prims\jvm.cpp, line 1312]
Event: 8.266 Thread 0x00000000168cb000 Exception <a 'java/security/PrivilegedActionException'> (0x00000000eb5ad540) thrown at [D:\re\workspace\8-2-build-windows-amd64-cygwin\jdk8u25\1677\hotspot\src\share\vm\prims\jvm.cpp, line 1312]
Event: 8.723 Thread 0x0000000016eaf000 Exception <a 'java/security/PrivilegedActionException'> (0x00000000eb690b20) thrown at [D:\re\workspace\8-2-build-windows-amd64-cygwin\jdk8u25\1677\hotspot\src\share\vm\prims\jvm.cpp, line 1312]
Event: 9.438 Thread 0x00000000168cb000 Implicit null exception at 0x0000000002829470 to 0x000000000282b215
Event: 10.329 Thread 0x0000000016eaf000 Exception <a 'java/security/PrivilegedActionException'> (0x00000000eadacd80) thrown at [D:\re\workspace\8-2-build-windows-amd64-cygwin\jdk8u25\1677\hotspot\src\share\vm\prims\jvm.cpp, line 1312]
Event: 10.352 Thread 0x00000000022ae000 Exception <a 'java/security/PrivilegedActionException'> (0x00000000eadefb28) thrown at [D:\re\workspace\8-2-build-windows-amd64-cygwin\jdk8u25\1677\hotspot\src\share\vm\prims\jvm.cpp, line 1312]
Event: 10.409 Thread 0x00000000022ae000 Exception <a 'java/security/PrivilegedActionException'> (0x00000000eb097c98) thrown at [D:\re\workspace\8-2-build-windows-amd64-cygwin\jdk8u25\1677\hotspot\src\share\vm\prims\jvm.cpp, line 1312]

Events (10 events):
Event: 10.410 Thread 0x00000000022ae000 DEOPT PACKING pc=0x0000000002931f04 sp=0x00000000023adb90
Event: 10.410 Thread 0x00000000022ae000 DEOPT UNPACKING pc=0x000000000254556a sp=0x00000000023adb28 mode 2
Event: 10.410 Thread 0x00000000022ae000 Uncommon trap: trap_request=0xffffffc6 fr.pc=0x00000000029336dc
Event: 10.410 Thread 0x00000000022ae000 DEOPT PACKING pc=0x00000000029336dc sp=0x00000000023adb90
Event: 10.410 Thread 0x00000000022ae000 DEOPT UNPACKING pc=0x000000000254556a sp=0x00000000023adb28 mode 2
Event: 10.410 Thread 0x00000000022ae000 Uncommon trap: trap_request=0xffffffc6 fr.pc=0x0000000002931ff0
Event: 10.410 Thread 0x00000000022ae000 DEOPT PACKING pc=0x0000000002931ff0 sp=0x00000000023ad940
Event: 10.410 Thread 0x00000000022ae000 DEOPT UNPACKING pc=0x000000000254556a sp=0x00000000023ad8d8 mode 2
Event: 11.881 Executing VM operation: ParallelGCFailedAllocation
Event: 11.998 Executing VM operation: ParallelGCFailedAllocation done


Dynamic libraries:
0x00007ff627060000 - 0x00007ff627094000 	C:\Program Files\Java\jdk1.8.0_25\bin\java.exe
0x00007ffc8bdb0000 - 0x00007ffc8bf71000 	C:\WINDOWS\SYSTEM32\ntdll.dll
0x00007ffc8b8a0000 - 0x00007ffc8b94d000 	C:\WINDOWS\system32\KERNEL32.DLL
0x00007ffc885d0000 - 0x00007ffc887b8000 	C:\WINDOWS\system32\KERNELBASE.dll
0x00007ffc8baf0000 - 0x00007ffc8bb97000 	C:\WINDOWS\system32\ADVAPI32.dll
0x00007ffc89f90000 - 0x00007ffc8a02d000 	C:\WINDOWS\system32\msvcrt.dll
0x00007ffc8b950000 - 0x00007ffc8b9ab000 	C:\WINDOWS\system32\sechost.dll
0x00007ffc89740000 - 0x00007ffc8985c000 	C:\WINDOWS\system32\RPCRT4.dll
0x00007ffc891b0000 - 0x00007ffc89306000 	C:\WINDOWS\system32\USER32.dll
0x00007ffc89860000 - 0x00007ffc899e6000 	C:\WINDOWS\system32\GDI32.dll
0x00007ffc7cf00000 - 0x00007ffc7d174000 	C:\WINDOWS\WinSxS\amd64_microsoft.windows.common-controls_6595b64144ccf1df_6.0.10586.0_none_8c15ae12515e1c22\COMCTL32.dll
0x00007ffc89cd0000 - 0x00007ffc89f4d000 	C:\WINDOWS\system32\combase.dll
0x00007ffc889e0000 - 0x00007ffc88a4a000 	C:\WINDOWS\system32\bcryptPrimitives.dll
0x00007ffc89f50000 - 0x00007ffc89f8b000 	C:\WINDOWS\system32\IMM32.DLL
0x0000000065ef0000 - 0x0000000065fc2000 	C:\Program Files\Java\jdk1.8.0_25\jre\bin\msvcr100.dll
0x00000000663b0000 - 0x0000000066c0a000 	C:\Program Files\Java\jdk1.8.0_25\jre\bin\server\jvm.dll
0x00007ffc8a2c0000 - 0x00007ffc8a2c8000 	C:\WINDOWS\system32\PSAPI.DLL
0x00007ffc75280000 - 0x00007ffc75289000 	C:\WINDOWS\SYSTEM32\WSOCK32.dll
0x00007ffc89b00000 - 0x00007ffc89b6b000 	C:\WINDOWS\system32\WS2_32.dll
0x00007ffc86a30000 - 0x00007ffc86a53000 	C:\WINDOWS\SYSTEM32\WINMM.dll
0x00007ffc869d0000 - 0x00007ffc869fc000 	C:\WINDOWS\SYSTEM32\WINMMBASE.dll
0x00007ffc88990000 - 0x00007ffc889d3000 	C:\WINDOWS\system32\cfgmgr32.dll
0x00000000663a0000 - 0x00000000663af000 	C:\Program Files\Java\jdk1.8.0_25\jre\bin\verify.dll
0x0000000066370000 - 0x0000000066398000 	C:\Program Files\Java\jdk1.8.0_25\jre\bin\java.dll
0x0000000066350000 - 0x0000000066366000 	C:\Program Files\Java\jdk1.8.0_25\jre\bin\zip.dll
0x00007ffc8a340000 - 0x00007ffc8b89c000 	C:\WINDOWS\system32\SHELL32.dll
0x00007ffc88ab0000 - 0x00007ffc890f4000 	C:\WINDOWS\system32\windows.storage.dll
0x00007ffc8bd50000 - 0x00007ffc8bda2000 	C:\WINDOWS\system32\shlwapi.dll
0x00007ffc883e0000 - 0x00007ffc883ef000 	C:\WINDOWS\system32\kernel.appcore.dll
0x00007ffc88510000 - 0x00007ffc885c5000 	C:\WINDOWS\system32\shcore.dll
0x00007ffc88410000 - 0x00007ffc8845b000 	C:\WINDOWS\system32\powrprof.dll
0x00007ffc883f0000 - 0x00007ffc88404000 	C:\WINDOWS\system32\profapi.dll
0x00007ffc7a280000 - 0x00007ffc7a40c000 	C:\WINDOWS\SYSTEM32\dbghelp.dll

VM Arguments:
jvm_args: -Djava.awt.headless=true -Xmx1024M -Dfile.encoding=windows-1252 -Duser.country=FR -Duser.language=fr -Duser.variant 
java_command: com.android.dx.command.Main --dex --force-jumbo --num-threads=4 --multi-dex --output C:\Users\Famille\AndroidStudioProjects\Niviel\app\build\intermediates\transforms\dex\debug\folders\1000\5\slice_1 C:\Users\Famille\AndroidStudioProjects\Niviel\app\build\intermediates\transforms\instantRunSlicer\debug\folders\1\5\slice_1
java_class_path (initial): C:\Users\Famille\AppData\Local\Android\sdk\build-tools\23.0.2\lib\dx.jar
Launcher Type: SUN_STANDARD

Environment Variables:
JAVA_HOME=C:\Program Files\Java\jdk1.8.0_25
PATH=C:\Program Files\Broadcom\Broadcom 802.11 Network Adapter;;C:\Program Files\Broadcom\Broadcom 802.11;C:\ProgramData\Oracle\Java\javapath;C:\Program Files (x86)\Intel\iCLS Client\;C:\Program Files\Intel\iCLS Client\;C:\Windows\system32;C:\Windows;C:\Windows\System32\Wbem;C:\Windows\System32\WindowsPowerShell\v1.0\;C:\Program Files\Hewlett-Packard\SimplePass\;C:\wamp\bin\php\php5.5.12;C:\Python27;C:\Users\Famille\AppData\Roaming\npm\;C:\Program Files\nodejs\;C:\Program Files\Git\cmd;C:\Program Files (x86)\Brackets\command;C:\Program Files (x86)\Ant\bin;C:\Program Files (x86)\Maven\bin;C:\Program Files (x86)\Intel\Intel(R) Management Engine Components\DAL;C:\Program Files\Intel\Intel(R) Management Engine Components\DAL;C:\Program Files (x86)\Intel\Intel(R) Management Engine Components\IPT;C:\Program Files\Intel\Intel(R) Management Engine Components\IPT;C:\Users\Famille\AppData\Local\atom\bin;C:\Users\Famille\AppData\Roaming\npm
USERNAME=de Lachaux
OS=Windows_NT
PROCESSOR_IDENTIFIER=Intel64 Family 6 Model 69 Stepping 1, GenuineIntel



---------------  S Y S T E M  ---------------

OS: Windows 8.1 , 64 bit Build 9600 

CPU:total 4 (2 cores per cpu, 2 threads per core) family 6 model 69 stepping 1, cmov, cx8, fxsr, mmx, sse, sse2, sse3, ssse3, sse4.1, sse4.2, popcnt, avx, avx2, aes, clmul, erms, lzcnt, ht, tsc, tscinvbit, bmi1, bmi2

Memory: 4k page, physical 4122776k(204364k free), swap 5555352k(3804k free)

vm_info: Java HotSpot(TM) 64-Bit Server VM (25.25-b02) for windows-amd64 JRE (1.8.0_25-b18), built on Oct  7 2014 14:25:37 by "java_re" with MS VC++ 10.0 (VS2010)

time: Mon Jul 04 16:28:43 2016
elapsed time: 12 seconds (0d 0h 0m 12s)

