#
# There is insufficient memory for the Java Runtime Environment to continue.
# Native memory allocation (malloc) failed to allocate 458736 bytes for Chunk::new
# Possible reasons:
#   The system is out of physical RAM or swap space
#   In 32 bit mode, the process size limit was hit
# Possible solutions:
#   Reduce memory load on the system
#   Increase physical memory or swap space
#   Check if swap backing store is full
#   Use 64 bit Java on a 64 bit OS
#   Decrease Java heap size (-Xmx/-Xms)
#   Decrease number of Java threads
#   Decrease Java thread stack sizes (-Xss)
#   Set larger code cache with -XX:ReservedCodeCacheSize=
# This output file may be truncated or incomplete.
#
#  Out of Memory Error (allocation.cpp:390), pid=27516, tid=26952
#
# JRE version: Java(TM) SE Runtime Environment (8.0_25-b18) (build 1.8.0_25-b18)
# Java VM: Java HotSpot(TM) 64-Bit Server VM (25.25-b02 mixed mode windows-amd64 compressed oops)
# Failed to write core dump. Minidumps are not enabled by default on client versions of Windows
#

---------------  T H R E A D  ---------------

Current thread (0x0000000014bd1000):  JavaThread "C2 CompilerThread1" daemon [_thread_in_native, id=26952, stack(0x0000000016220000,0x0000000016320000)]

Stack: [0x0000000016220000,0x0000000016320000]
Native frames: (J=compiled Java code, j=interpreted, Vv=VM code, C=native code)
V  [jvm.dll+0x31667a]
V  [jvm.dll+0x267073]
V  [jvm.dll+0x267cb3]
V  [jvm.dll+0x25f5b5]
V  [jvm.dll+0xbf165]
V  [jvm.dll+0xbf60c]
V  [jvm.dll+0x45d672]
V  [jvm.dll+0x49e8ef]
V  [jvm.dll+0x452275]
V  [jvm.dll+0x453864]
V  [jvm.dll+0x437372]
V  [jvm.dll+0x98a02]
V  [jvm.dll+0x991f3]
V  [jvm.dll+0x22bde4]
V  [jvm.dll+0x2852fa]
C  [msvcr100.dll+0x21d9f]
C  [msvcr100.dll+0x21e3b]
C  [KERNEL32.DLL+0x18102]
C  [ntdll.dll+0x5c5b4]


Current CompileTask:
C2:  20859 2194       4       com.android.dx.ssa.back.IdenticalBlockCombiner::process (323 bytes)


---------------  P R O C E S S  ---------------

Java Threads: ( => current thread )
  0x00000000023fe000 JavaThread "DestroyJavaVM" [_thread_blocked, id=23384, stack(0x0000000002250000,0x0000000002350000)]
  0x0000000014c24800 JavaThread "Service Thread" daemon [_thread_blocked, id=26304, stack(0x0000000016420000,0x0000000016520000)]
  0x0000000014c20000 JavaThread "C1 CompilerThread2" daemon [_thread_blocked, id=27192, stack(0x0000000016320000,0x0000000016420000)]
=>0x0000000014bd1000 JavaThread "C2 CompilerThread1" daemon [_thread_in_native, id=26952, stack(0x0000000016220000,0x0000000016320000)]
  0x0000000014bcc000 JavaThread "C2 CompilerThread0" daemon [_thread_in_native, id=27460, stack(0x0000000016120000,0x0000000016220000)]
  0x0000000014bca800 JavaThread "Attach Listener" daemon [_thread_blocked, id=26528, stack(0x0000000016020000,0x0000000016120000)]
  0x0000000014bc9800 JavaThread "Signal Dispatcher" daemon [_thread_blocked, id=27576, stack(0x0000000015f20000,0x0000000016020000)]
  0x00000000024f0800 JavaThread "Finalizer" daemon [_thread_blocked, id=25492, stack(0x0000000015e20000,0x0000000015f20000)]
  0x00000000024ed000 JavaThread "Reference Handler" daemon [_thread_blocked, id=26608, stack(0x0000000015d20000,0x0000000015e20000)]

Other Threads:
  0x0000000014b96800 VMThread [stack: 0x0000000015c20000,0x0000000015d20000] [id=26652]
  0x0000000014c27800 WatcherThread [stack: 0x0000000016520000,0x0000000016620000] [id=27108]

VM state:not at safepoint (normal execution)

VM Mutex/Monitor currently owned by a thread: None

Heap:
 PSYoungGen      total 143872K, used 101695K [0x00000000eab00000, 0x00000000fa700000, 0x0000000100000000)
  eden space 123392K, 82% used [0x00000000eab00000,0x00000000f0e4ff00,0x00000000f2380000)
  from space 20480K, 0% used [0x00000000f2380000,0x00000000f2380000,0x00000000f3780000)
  to   space 30208K, 0% used [0x00000000f8980000,0x00000000f8980000,0x00000000fa700000)
 ParOldGen       total 44032K, used 44023K [0x00000000c0000000, 0x00000000c2b00000, 0x00000000eab00000)
  object space 44032K, 99% used [0x00000000c0000000,0x00000000c2afde00,0x00000000c2b00000)
 Metaspace       used 7253K, capacity 7768K, committed 7936K, reserved 1056768K
  class space    used 666K, capacity 720K, committed 768K, reserved 1048576K

Card table byte_map: [0x00000000118c0000,0x0000000011ad0000] byte_map_base: 0x00000000112c0000

Marking Bits: (ParMarkBitMap*) 0x0000000064a5d490
 Begin Bits: [0x0000000012030000, 0x0000000013030000)
 End Bits:   [0x0000000013030000, 0x0000000014030000)

Polling page: 0x00000000021c0000

CodeCache: size=245760Kb used=10445Kb max_used=10445Kb free=235314Kb
 bounds [0x0000000002500000, 0x0000000002f40000, 0x0000000011500000]
 total_blobs=2965 nmethods=2692 adapters=186
 compilation: enabled

Compilation events (10 events):
Event: 18.493 Thread 0x0000000014c20000 2219       2       com.android.dx.rop.code.RegisterSpecList::indexOfRegister (38 bytes)
Event: 18.494 Thread 0x0000000014c20000 nmethod 2219 0x0000000002d7d750 code [0x0000000002d7d8c0, 0x0000000002d7db28]
Event: 18.509 Thread 0x0000000014c20000 2220   !   2       com.android.dx.cf.code.ExecutionStack::change (116 bytes)
Event: 18.510 Thread 0x0000000014c20000 nmethod 2220 0x0000000002d8e2d0 code [0x0000000002d8e560, 0x0000000002d8ef58]
Event: 18.517 Thread 0x0000000014c20000 2221       2       com.android.dx.ssa.DeadCodeRemover$NoSideEffectVisitor::visitMoveInsn (22 bytes)
Event: 18.518 Thread 0x0000000014c20000 nmethod 2221 0x0000000002d8f7d0 code [0x0000000002d8f940, 0x0000000002d8fb38]
Event: 18.550 Thread 0x0000000014bd1000 nmethod 2192 0x0000000002d97090 code [0x0000000002d97780, 0x0000000002d9bca0]
Event: 18.550 Thread 0x0000000014bd1000 2201       4       java.util.HashMap::getNode (148 bytes)
Event: 18.555 Thread 0x0000000014bd1000 nmethod 2201 0x0000000002d93bd0 code [0x0000000002d93d40, 0x0000000002d93f98]
Event: 18.555 Thread 0x0000000014bd1000 2194       4       com.android.dx.ssa.back.IdenticalBlockCombiner::process (323 bytes)

GC Heap History (10 events):
Event: 7.762 GC heap before
{Heap before GC invocations=7 (full 0):
 PSYoungGen      total 72704K, used 72088K [0x00000000eab00000, 0x00000000eff00000, 0x0000000100000000)
  eden space 64000K, 100% used [0x00000000eab00000,0x00000000ee980000,0x00000000ee980000)
  from space 8704K, 92% used [0x00000000ef380000,0x00000000efb662d0,0x00000000efc00000)
  to   space 10240K, 0% used [0x00000000ee980000,0x00000000ee980000,0x00000000ef380000)
 ParOldGen       total 44032K, used 11873K [0x00000000c0000000, 0x00000000c2b00000, 0x00000000eab00000)
  object space 44032K, 26% used [0x00000000c0000000,0x00000000c0b98548,0x00000000c2b00000)
 Metaspace       used 6275K, capacity 7152K, committed 7296K, reserved 1056768K
  class space    used 592K, capacity 616K, committed 640K, reserved 1048576K
Event: 8.131 GC heap after
Heap after GC invocations=7 (full 0):
 PSYoungGen      total 74240K, used 10213K [0x00000000eab00000, 0x00000000f4700000, 0x0000000100000000)
  eden space 64000K, 0% used [0x00000000eab00000,0x00000000eab00000,0x00000000ee980000)
  from space 10240K, 99% used [0x00000000ee980000,0x00000000ef3794d8,0x00000000ef380000)
  to   space 15872K, 0% used [0x00000000f3780000,0x00000000f3780000,0x00000000f4700000)
 ParOldGen       total 44032K, used 19028K [0x00000000c0000000, 0x00000000c2b00000, 0x00000000eab00000)
  object space 44032K, 43% used [0x00000000c0000000,0x00000000c1295028,0x00000000c2b00000)
 Metaspace       used 6275K, capacity 7152K, committed 7296K, reserved 1056768K
  class space    used 592K, capacity 616K, committed 640K, reserved 1048576K
}
Event: 9.728 GC heap before
{Heap before GC invocations=8 (full 0):
 PSYoungGen      total 74240K, used 74213K [0x00000000eab00000, 0x00000000f4700000, 0x0000000100000000)
  eden space 64000K, 100% used [0x00000000eab00000,0x00000000ee980000,0x00000000ee980000)
  from space 10240K, 99% used [0x00000000ee980000,0x00000000ef3794d8,0x00000000ef380000)
  to   space 15872K, 0% used [0x00000000f3780000,0x00000000f3780000,0x00000000f4700000)
 ParOldGen       total 44032K, used 19028K [0x00000000c0000000, 0x00000000c2b00000, 0x00000000eab00000)
  object space 44032K, 43% used [0x00000000c0000000,0x00000000c1295028,0x00000000c2b00000)
 Metaspace       used 6320K, capacity 7152K, committed 7296K, reserved 1056768K
  class space    used 592K, capacity 616K, committed 640K, reserved 1048576K
Event: 10.072 GC heap after
Heap after GC invocations=8 (full 0):
 PSYoungGen      total 139264K, used 15841K [0x00000000eab00000, 0x00000000f5000000, 0x0000000100000000)
  eden space 123392K, 0% used [0x00000000eab00000,0x00000000eab00000,0x00000000f2380000)
  from space 15872K, 99% used [0x00000000f3780000,0x00000000f46f86d8,0x00000000f4700000)
  to   space 20480K, 0% used [0x00000000f2380000,0x00000000f2380000,0x00000000f3780000)
 ParOldGen       total 44032K, used 24012K [0x00000000c0000000, 0x00000000c2b00000, 0x00000000eab00000)
  object space 44032K, 54% used [0x00000000c0000000,0x00000000c1773278,0x00000000c2b00000)
 Metaspace       used 6320K, capacity 7152K, committed 7296K, reserved 1056768K
  class space    used 592K, capacity 616K, committed 640K, reserved 1048576K
}
Event: 13.491 GC heap before
{Heap before GC invocations=9 (full 0):
 PSYoungGen      total 139264K, used 139233K [0x00000000eab00000, 0x00000000f5000000, 0x0000000100000000)
  eden space 123392K, 100% used [0x00000000eab00000,0x00000000f2380000,0x00000000f2380000)
  from space 15872K, 99% used [0x00000000f3780000,0x00000000f46f86d8,0x00000000f4700000)
  to   space 20480K, 0% used [0x00000000f2380000,0x00000000f2380000,0x00000000f3780000)
 ParOldGen       total 44032K, used 24012K [0x00000000c0000000, 0x00000000c2b00000, 0x00000000eab00000)
  object space 44032K, 54% used [0x00000000c0000000,0x00000000c1773278,0x00000000c2b00000)
 Metaspace       used 6469K, capacity 7256K, committed 7424K, reserved 1056768K
  class space    used 612K, capacity 656K, committed 768K, reserved 1048576K
Event: 13.660 GC heap after
Heap after GC invocations=9 (full 0):
 PSYoungGen      total 143872K, used 20457K [0x00000000eab00000, 0x00000000fa700000, 0x0000000100000000)
  eden space 123392K, 0% used [0x00000000eab00000,0x00000000eab00000,0x00000000f2380000)
  from space 20480K, 99% used [0x00000000f2380000,0x00000000f377a4a8,0x00000000f3780000)
  to   space 30208K, 0% used [0x00000000f8980000,0x00000000f8980000,0x00000000fa700000)
 ParOldGen       total 44032K, used 38851K [0x00000000c0000000, 0x00000000c2b00000, 0x00000000eab00000)
  object space 44032K, 88% used [0x00000000c0000000,0x00000000c25f0db0,0x00000000c2b00000)
 Metaspace       used 6469K, capacity 7256K, committed 7424K, reserved 1056768K
  class space    used 612K, capacity 656K, committed 768K, reserved 1048576K
}
Event: 13.660 GC heap before
{Heap before GC invocations=10 (full 1):
 PSYoungGen      total 143872K, used 20457K [0x00000000eab00000, 0x00000000fa700000, 0x0000000100000000)
  eden space 123392K, 0% used [0x00000000eab00000,0x00000000eab00000,0x00000000f2380000)
  from space 20480K, 99% used [0x00000000f2380000,0x00000000f377a4a8,0x00000000f3780000)
  to   space 30208K, 0% used [0x00000000f8980000,0x00000000f8980000,0x00000000fa700000)
 ParOldGen       total 44032K, used 38851K [0x00000000c0000000, 0x00000000c2b00000, 0x00000000eab00000)
  object space 44032K, 88% used [0x00000000c0000000,0x00000000c25f0db0,0x00000000c2b00000)
 Metaspace       used 6469K, capacity 7256K, committed 7424K, reserved 1056768K
  class space    used 612K, capacity 656K, committed 768K, reserved 1048576K
Event: 17.656 GC heap after
Heap after GC invocations=10 (full 1):
 PSYoungGen      total 143872K, used 11216K [0x00000000eab00000, 0x00000000fa700000, 0x0000000100000000)
  eden space 123392K, 0% used [0x00000000eab00000,0x00000000eab00000,0x00000000f2380000)
  from space 20480K, 54% used [0x00000000f2380000,0x00000000f2e74318,0x00000000f3780000)
  to   space 30208K, 0% used [0x00000000f8980000,0x00000000f8980000,0x00000000fa700000)
 ParOldGen       total 44032K, used 43753K [0x00000000c0000000, 0x00000000c2b00000, 0x00000000eab00000)
  object space 44032K, 99% used [0x00000000c0000000,0x00000000c2aba548,0x00000000c2b00000)
 Metaspace       used 6469K, capacity 7256K, committed 7424K, reserved 1056768K
  class space    used 612K, capacity 656K, committed 768K, reserved 1048576K
}
Event: 18.562 GC heap before
{Heap before GC invocations=11 (full 2):
 PSYoungGen      total 143872K, used 134608K [0x00000000eab00000, 0x00000000fa700000, 0x0000000100000000)
  eden space 123392K, 100% used [0x00000000eab00000,0x00000000f2380000,0x00000000f2380000)
  from space 20480K, 54% used [0x00000000f2380000,0x00000000f2e74318,0x00000000f3780000)
  to   space 30208K, 0% used [0x00000000f8980000,0x00000000f8980000,0x00000000fa700000)
 ParOldGen       total 44032K, used 43753K [0x00000000c0000000, 0x00000000c2b00000, 0x00000000eab00000)
  object space 44032K, 99% used [0x00000000c0000000,0x00000000c2aba548,0x00000000c2b00000)
 Metaspace       used 6475K, capacity 7256K, committed 7424K, reserved 1056768K
  class space    used 612K, capacity 656K, committed 768K, reserved 1048576K
Event: 19.348 GC heap after
Heap after GC invocations=11 (full 2):
 PSYoungGen      total 143872K, used 27965K [0x00000000eab00000, 0x00000000fa700000, 0x0000000100000000)
  eden space 123392K, 22% used [0x00000000eab00000,0x00000000ec64f780,0x00000000f2380000)
  from space 20480K, 0% used [0x00000000f2380000,0x00000000f2380000,0x00000000f3780000)
  to   space 30208K, 0% used [0x00000000f8980000,0x00000000f8980000,0x00000000fa700000)
 ParOldGen       total 44032K, used 44023K [0x00000000c0000000, 0x00000000c2b00000, 0x00000000eab00000)
  object space 44032K, 99% used [0x00000000c0000000,0x00000000c2afde00,0x00000000c2b00000)
 Metaspace       used 6475K, capacity 7256K, committed 7424K, reserved 1056768K
  class space    used 612K, capacity 656K, committed 768K, reserved 1048576K
}

Deoptimization events (10 events):
Event: 9.316 Thread 0x00000000168d2800 Uncommon trap: reason=unreached action=reinterpret pc=0x0000000002b89c34 method=com.android.dx.rop.code.LocalItem.compareHandlesNulls(Lcom/android/dx/rop/cst/CstString;Lcom/android/dx/rop/cst/CstString;)I @ 14
Event: 10.889 Thread 0x00000000168f2800 Uncommon trap: reason=unreached action=reinterpret pc=0x0000000002b98058 method=java.util.HashMap.getNode(ILjava/lang/Object;)Ljava/util/HashMap$Node; @ 84
Event: 10.891 Thread 0x00000000168f2800 Uncommon trap: reason=unreached action=reinterpret pc=0x0000000002c12038 method=java.util.HashMap.getNode(ILjava/lang/Object;)Ljava/util/HashMap$Node; @ 84
Event: 11.078 Thread 0x00000000168d1000 Uncommon trap: reason=unreached action=reinterpret pc=0x00000000028a19e8 method=java.util.HashMap.putVal(ILjava/lang/Object;Ljava/lang/Object;ZZ)Ljava/lang/Object; @ 109
Event: 11.119 Thread 0x00000000168f2800 Uncommon trap: reason=unreached action=reinterpret pc=0x0000000002b44954 method=com.android.dx.ssa.MoveParamCombiner$1.visitNonMoveInsn(Lcom/android/dx/ssa/NormalSsaInsn;)V @ 27
Event: 11.554 Thread 0x00000000168d2800 Uncommon trap: reason=bimorphic action=maybe_recompile pc=0x0000000002b94084 method=com.android.dx.ssa.LiteralOpUpgrader.tryReplacingWithConstant(Lcom/android/dx/ssa/NormalSsaInsn;)Z @ 62
Event: 11.559 Thread 0x00000000168d2800 Uncommon trap: reason=bimorphic action=maybe_recompile pc=0x0000000002b94084 method=com.android.dx.ssa.LiteralOpUpgrader.tryReplacingWithConstant(Lcom/android/dx/ssa/NormalSsaInsn;)Z @ 62
Event: 11.633 Thread 0x00000000168d3000 Uncommon trap: reason=unreached action=reinterpret pc=0x0000000002cd2890 method=com.android.dx.ssa.back.SsaToRop.convertBasicBlocks()Lcom/android/dx/rop/code/BasicBlockList; @ 33
Event: 17.918 Thread 0x00000000168f2800 Uncommon trap: reason=unreached action=reinterpret pc=0x0000000002c4d03c method=java.util.HashMap.putVal(ILjava/lang/Object;Ljava/lang/Object;ZZ)Ljava/lang/Object; @ 109
Event: 18.357 Thread 0x00000000168d1000 Uncommon trap: reason=unreached action=reinterpret pc=0x0000000002b1ec28 method=java.util.HashMap.resize()[Ljava/util/HashMap$Node; @ 206

Internal exceptions (10 events):
Event: 4.426 Thread 0x00000000023fe000 Exception <a 'java/security/PrivilegedActionException'> (0x00000000eb7274d8) thrown at [D:\re\workspace\8-2-build-windows-amd64-cygwin\jdk8u25\1677\hotspot\src\share\vm\prims\jvm.cpp, line 1312]
Event: 4.629 Thread 0x00000000168d3000 Exception <a 'java/security/PrivilegedActionException'> (0x00000000eb9d0060) thrown at [D:\re\workspace\8-2-build-windows-amd64-cygwin\jdk8u25\1677\hotspot\src\share\vm\prims\jvm.cpp, line 1312]
Event: 4.705 Thread 0x00000000168f2800 Implicit null exception at 0x00000000028aa4e2 to 0x00000000028aa5e5
Event: 4.864 Thread 0x00000000168d1000 Exception <a 'java/security/PrivilegedActionException'> (0x00000000eb0d31e0) thrown at [D:\re\workspace\8-2-build-windows-amd64-cygwin\jdk8u25\1677\hotspot\src\share\vm\prims\jvm.cpp, line 1312]
Event: 6.807 Thread 0x00000000168f2800 Exception <a 'java/security/PrivilegedActionException'> (0x00000000ebbb9aa8) thrown at [D:\re\workspace\8-2-build-windows-amd64-cygwin\jdk8u25\1677\hotspot\src\share\vm\prims\jvm.cpp, line 1312]
Event: 9.316 Thread 0x00000000168d2800 Implicit null exception at 0x0000000002b8834d to 0x0000000002b89c15
Event: 10.887 Thread 0x00000000168f2800 Exception <a 'java/lang/ArrayIndexOutOfBoundsException': 18> (0x00000000ec2fa7c0) thrown at [D:\re\workspace\8-2-build-windows-amd64-cygwin\jdk8u25\1677\hotspot\src\share\vm\interpreter\interpreterRuntime.cpp, line 366]
Event: 10.888 Thread 0x00000000168f2800 Exception <a 'java/lang/ArrayIndexOutOfBoundsException': 145> (0x00000000ec2fc258) thrown at [D:\re\workspace\8-2-build-windows-amd64-cygwin\jdk8u25\1677\hotspot\src\share\vm\interpreter\interpreterRuntime.cpp, line 366]
Event: 10.889 Thread 0x00000000168f2800 Exception <a 'java/lang/ArrayIndexOutOfBoundsException': 40> (0x00000000ec2fd470) thrown at [D:\re\workspace\8-2-build-windows-amd64-cygwin\jdk8u25\1677\hotspot\src\share\vm\interpreter\interpreterRuntime.cpp, line 366]
Event: 11.633 Thread 0x00000000168d3000 Implicit null exception at 0x0000000002ccfb33 to 0x0000000002cd287d

Events (10 events):
Event: 18.132 Thread 0x00000000168d1000 DEOPT UNPACKING pc=0x00000000025475bf sp=0x000000001751e900 mode 0
Event: 18.357 Thread 0x00000000168d1000 Uncommon trap: trap_request=0xffffffad fr.pc=0x0000000002b1ec28
Event: 18.357 Thread 0x00000000168d1000 DEOPT PACKING pc=0x0000000002b1ec28 sp=0x000000001751e7a0
Event: 18.357 Thread 0x00000000168d1000 DEOPT UNPACKING pc=0x000000000254556a sp=0x000000001751e708 mode 2
Event: 18.396 Thread 0x00000000168d2800 DEOPT PACKING pc=0x0000000002879c3d sp=0x000000001761e770
Event: 18.396 Thread 0x00000000168d2800 DEOPT UNPACKING pc=0x00000000025475bf sp=0x000000001761e510 mode 0
Event: 18.553 Thread 0x00000000168d1000 DEOPT PACKING pc=0x0000000002879c3d sp=0x000000001751eb60
Event: 18.553 Thread 0x00000000168d1000 DEOPT UNPACKING pc=0x00000000025475bf sp=0x000000001751e900 mode 0
Event: 18.562 Executing VM operation: ParallelGCFailedAllocation
Event: 19.348 Executing VM operation: ParallelGCFailedAllocation done


Dynamic libraries:
0x00007ff6ad6d0000 - 0x00007ff6ad704000 	C:\Program Files\Java\jdk1.8.0_25\bin\java.exe
0x00007ff967100000 - 0x00007ff9672c1000 	C:\WINDOWS\SYSTEM32\ntdll.dll
0x00007ff967050000 - 0x00007ff9670fd000 	C:\WINDOWS\system32\KERNEL32.DLL
0x00007ff963c30000 - 0x00007ff963e18000 	C:\WINDOWS\system32\KERNELBASE.dll
0x00007ff9648e0000 - 0x00007ff964987000 	C:\WINDOWS\system32\ADVAPI32.dll
0x00007ff964780000 - 0x00007ff96481d000 	C:\WINDOWS\system32\msvcrt.dll
0x00007ff964820000 - 0x00007ff96487b000 	C:\WINDOWS\system32\sechost.dll
0x00007ff965500000 - 0x00007ff96561c000 	C:\WINDOWS\system32\RPCRT4.dll
0x00007ff964ac0000 - 0x00007ff964c16000 	C:\WINDOWS\system32\USER32.dll
0x00007ff965370000 - 0x00007ff9654f6000 	C:\WINDOWS\system32\GDI32.dll
0x00007ff95eba0000 - 0x00007ff95ee14000 	C:\WINDOWS\WinSxS\amd64_microsoft.windows.common-controls_6595b64144ccf1df_6.0.10586.0_none_8c15ae12515e1c22\COMCTL32.dll
0x00007ff965620000 - 0x00007ff96589d000 	C:\WINDOWS\system32\combase.dll
0x00007ff963b60000 - 0x00007ff963bca000 	C:\WINDOWS\system32\bcryptPrimitives.dll
0x00007ff964c90000 - 0x00007ff964ccb000 	C:\WINDOWS\system32\IMM32.DLL
0x0000000063e30000 - 0x0000000063f02000 	C:\Program Files\Java\jdk1.8.0_25\jre\bin\msvcr100.dll
0x0000000064280000 - 0x0000000064ada000 	C:\Program Files\Java\jdk1.8.0_25\jre\bin\server\jvm.dll
0x00007ff964c80000 - 0x00007ff964c88000 	C:\WINDOWS\system32\PSAPI.DLL
0x00007ff954370000 - 0x00007ff954379000 	C:\WINDOWS\SYSTEM32\WSOCK32.dll
0x00007ff9658d0000 - 0x00007ff96593b000 	C:\WINDOWS\system32\WS2_32.dll
0x00007ff9613d0000 - 0x00007ff9613f3000 	C:\WINDOWS\SYSTEM32\WINMM.dll
0x00007ff961270000 - 0x00007ff96129c000 	C:\WINDOWS\SYSTEM32\WINMMBASE.dll
0x00007ff963a40000 - 0x00007ff963a83000 	C:\WINDOWS\system32\cfgmgr32.dll
0x0000000064bf0000 - 0x0000000064bff000 	C:\Program Files\Java\jdk1.8.0_25\jre\bin\verify.dll
0x0000000064250000 - 0x0000000064278000 	C:\Program Files\Java\jdk1.8.0_25\jre\bin\java.dll
0x0000000064bd0000 - 0x0000000064be6000 	C:\Program Files\Java\jdk1.8.0_25\jre\bin\zip.dll
0x00007ff965af0000 - 0x00007ff96704c000 	C:\WINDOWS\system32\SHELL32.dll
0x00007ff963eb0000 - 0x00007ff9644f4000 	C:\WINDOWS\system32\windows.storage.dll
0x00007ff964a60000 - 0x00007ff964ab2000 	C:\WINDOWS\system32\shlwapi.dll
0x00007ff963730000 - 0x00007ff96373f000 	C:\WINDOWS\system32\kernel.appcore.dll
0x00007ff9637b0000 - 0x00007ff963865000 	C:\WINDOWS\system32\shcore.dll
0x00007ff963760000 - 0x00007ff9637ab000 	C:\WINDOWS\system32\powrprof.dll
0x00007ff963740000 - 0x00007ff963754000 	C:\WINDOWS\system32\profapi.dll
0x00007ff952310000 - 0x00007ff95249c000 	C:\WINDOWS\SYSTEM32\dbghelp.dll

VM Arguments:
jvm_args: -Djava.awt.headless=true -Xmx1024M -Dfile.encoding=windows-1252 -Duser.country=FR -Duser.language=fr -Duser.variant 
java_command: com.android.dx.command.Main --dex --force-jumbo --num-threads=4 --multi-dex --output C:\Users\Famille\AndroidStudioProjects\Niviel\app\build\intermediates\transforms\dex\debug\folders\1000\10\com.android.support-support-v4-24.0.0_56c594c056d7d0e1bbdfe7ac0bccb7015f28172f C:\Users\Famille\AndroidStudioProjects\Niviel\app\build\intermediates\exploded-aar\com.android.support\support-v4\24.0.0\jars\classes.jar
java_class_path (initial): C:\Users\Famille\AppData\Local\Android\sdk\build-tools\23.0.2\lib\dx.jar
Launcher Type: SUN_STANDARD

Environment Variables:
JAVA_HOME=C:\Program Files\Java\jdk1.8.0_25
PATH=C:\Program Files\Broadcom\Broadcom 802.11 Network Adapter;;C:\Program Files\Broadcom\Broadcom 802.11;C:\ProgramData\Oracle\Java\javapath;C:\Program Files (x86)\Intel\iCLS Client\;C:\Program Files\Intel\iCLS Client\;C:\Windows\system32;C:\Windows;C:\Windows\System32\Wbem;C:\Windows\System32\WindowsPowerShell\v1.0\;C:\Program Files\Hewlett-Packard\SimplePass\;C:\wamp\bin\php\php5.5.12;C:\Python27;C:\Users\Famille\AppData\Roaming\npm\;C:\Program Files\nodejs\;C:\Program Files\Git\cmd;C:\Program Files (x86)\Brackets\command;C:\Program Files (x86)\Ant\bin;C:\Program Files (x86)\Maven\bin;C:\Program Files (x86)\Intel\Intel(R) Management Engine Components\DAL;C:\Program Files\Intel\Intel(R) Management Engine Components\DAL;C:\Program Files (x86)\Intel\Intel(R) Management Engine Components\IPT;C:\Program Files\Intel\Intel(R) Management Engine Components\IPT;C:\Users\Famille\AppData\Local\atom\bin;C:\Users\Famille\AppData\Roaming\npm
USERNAME=de Lachaux
OS=Windows_NT
PROCESSOR_IDENTIFIER=Intel64 Family 6 Model 69 Stepping 1, GenuineIntel



---------------  S Y S T E M  ---------------

OS: Windows 8.1 , 64 bit Build 9600 

CPU:total 4 (2 cores per cpu, 2 threads per core) family 6 model 69 stepping 1, cmov, cx8, fxsr, mmx, sse, sse2, sse3, ssse3, sse4.1, sse4.2, popcnt, avx, avx2, aes, clmul, erms, lzcnt, ht, tsc, tscinvbit, bmi1, bmi2

Memory: 4k page, physical 4122776k(246788k free), swap 5555352k(273772k free)

vm_info: Java HotSpot(TM) 64-Bit Server VM (25.25-b02) for windows-amd64 JRE (1.8.0_25-b18), built on Oct  7 2014 14:25:37 by "java_re" with MS VC++ 10.0 (VS2010)

time: Mon Jun 20 18:55:01 2016
elapsed time: 20 seconds (0d 0h 0m 20s)

