#
# There is insufficient memory for the Java Runtime Environment to continue.
# Native memory allocation (malloc) failed to allocate 32744 bytes for ChunkPool::allocate
# Possible reasons:
#   The system is out of physical RAM or swap space
#   In 32 bit mode, the process size limit was hit
# Possible solutions:
#   Reduce memory load on the system
#   Increase physical memory or swap space
#   Check if swap backing store is full
#   Use 64 bit Java on a 64 bit OS
#   Decrease Java heap size (-Xmx/-Xms)
#   Decrease number of Java threads
#   Decrease Java thread stack sizes (-Xss)
#   Set larger code cache with -XX:ReservedCodeCacheSize=
# This output file may be truncated or incomplete.
#
#  Out of Memory Error (allocation.cpp:273), pid=46212, tid=45516
#
# JRE version: Java(TM) SE Runtime Environment (8.0_25-b18) (build 1.8.0_25-b18)
# Java VM: Java HotSpot(TM) 64-Bit Server VM (25.25-b02 mixed mode windows-amd64 compressed oops)
# Failed to write core dump. Minidumps are not enabled by default on client versions of Windows
#

---------------  T H R E A D  ---------------

Current thread (0x0000000014c81000):  JavaThread "C2 CompilerThread1" daemon [_thread_in_native, id=45516, stack(0x00000000162f0000,0x00000000163f0000)]

Stack: [0x00000000162f0000,0x00000000163f0000]
Native frames: (J=compiled Java code, j=interpreted, Vv=VM code, C=native code)
V  [jvm.dll+0x31667a]
V  [jvm.dll+0x267073]
V  [jvm.dll+0x267cb3]
V  [jvm.dll+0x25f5b5]
V  [jvm.dll+0xbeec1]
V  [jvm.dll+0xbf60c]
V  [jvm.dll+0x42124]
V  [jvm.dll+0x430f2]
V  [jvm.dll+0x43dce]
V  [jvm.dll+0x44bdd]
V  [jvm.dll+0x44ffb]
V  [jvm.dll+0x4511e]
V  [jvm.dll+0x2f3de]
V  [jvm.dll+0x43606e]
V  [jvm.dll+0x436ed2]
V  [jvm.dll+0x45aa4c]
V  [jvm.dll+0x45c43e]
V  [jvm.dll+0x4e21c8]
V  [jvm.dll+0x4dace7]
V  [jvm.dll+0x4db069]
V  [jvm.dll+0x4db5d6]
V  [jvm.dll+0x438271]
V  [jvm.dll+0x45c4c4]
V  [jvm.dll+0x4e21c8]
V  [jvm.dll+0x4dace7]
V  [jvm.dll+0x4db069]
V  [jvm.dll+0x4db5d6]
V  [jvm.dll+0x438271]
V  [jvm.dll+0x45366b]
V  [jvm.dll+0x437372]
V  [jvm.dll+0x98a02]
V  [jvm.dll+0x991f3]
V  [jvm.dll+0x22bde4]
V  [jvm.dll+0x2852fa]
C  [msvcr100.dll+0x21d9f]
C  [msvcr100.dll+0x21e3b]
C  [KERNEL32.DLL+0x8364]
C  [ntdll.dll+0x65e91]


Current CompileTask:
C2:   1102  652       4       java.util.HashSet::contains (9 bytes)


---------------  P R O C E S S  ---------------

Java Threads: ( => current thread )
  0x0000000016785800 JavaThread "pool-1-thread-4" [_thread_blocked, id=46316, stack(0x0000000016ef0000,0x0000000016ff0000)]
  0x000000001674c000 JavaThread "pool-1-thread-3" [_thread_in_vm, id=46296, stack(0x0000000016df0000,0x0000000016ef0000)]
  0x000000001676d800 JavaThread "pool-1-thread-2" [_thread_blocked, id=40532, stack(0x0000000016cf0000,0x0000000016df0000)]
  0x0000000016764800 JavaThread "pool-2-thread-1" [_thread_blocked, id=46264, stack(0x0000000016bf0000,0x0000000016cf0000)]
  0x0000000016764000 JavaThread "pool-1-thread-1" [_thread_blocked, id=39576, stack(0x0000000016af0000,0x0000000016bf0000)]
  0x000000001651c800 JavaThread "Service Thread" daemon [_thread_blocked, id=44688, stack(0x00000000168f0000,0x00000000169f0000)]
  0x0000000014c82800 JavaThread "C1 CompilerThread2" daemon [_thread_in_native, id=45132, stack(0x00000000163f0000,0x00000000164f0000)]
=>0x0000000014c81000 JavaThread "C2 CompilerThread1" daemon [_thread_in_native, id=45516, stack(0x00000000162f0000,0x00000000163f0000)]
  0x0000000014c7c000 JavaThread "C2 CompilerThread0" daemon [_thread_in_native, id=43032, stack(0x00000000161f0000,0x00000000162f0000)]
  0x0000000014c7a800 JavaThread "Attach Listener" daemon [_thread_blocked, id=46068, stack(0x00000000160f0000,0x00000000161f0000)]
  0x0000000014c79800 JavaThread "Signal Dispatcher" daemon [_thread_blocked, id=45804, stack(0x0000000015ff0000,0x00000000160f0000)]
  0x00000000024b4800 JavaThread "Finalizer" daemon [_thread_blocked, id=23548, stack(0x0000000015ef0000,0x0000000015ff0000)]
  0x00000000024ad800 JavaThread "Reference Handler" daemon [_thread_blocked, id=46012, stack(0x0000000015df0000,0x0000000015ef0000)]
  0x00000000025ad800 JavaThread "main" [_thread_blocked, id=45644, stack(0x0000000002290000,0x0000000002390000)]

Other Threads:
  0x0000000014c46800 VMThread [stack: 0x0000000015cf0000,0x0000000015df0000] [id=45320]
  0x000000001651f800 WatcherThread [stack: 0x00000000169f0000,0x0000000016af0000] [id=39864]

VM state:not at safepoint (normal execution)

VM Mutex/Monitor currently owned by a thread:  ([mutex/lock_event])
[0x00000000023c12d0] MethodData_lock - owner thread: 0x000000001674c000

Heap:
 PSYoungGen      total 18944K, used 14416K [0x00000000eab00000, 0x00000000ec000000, 0x0000000100000000)
  eden space 16384K, 87% used [0x00000000eab00000,0x00000000eb914308,0x00000000ebb00000)
  from space 2560K, 0% used [0x00000000ebd80000,0x00000000ebd80000,0x00000000ec000000)
  to   space 2560K, 0% used [0x00000000ebb00000,0x00000000ebb00000,0x00000000ebd80000)
 ParOldGen       total 44032K, used 0K [0x00000000c0000000, 0x00000000c2b00000, 0x00000000eab00000)
  object space 44032K, 0% used [0x00000000c0000000,0x00000000c0000000,0x00000000c2b00000)
 Metaspace       used 5510K, capacity 6576K, committed 6784K, reserved 1056768K
  class space    used 586K, capacity 616K, committed 640K, reserved 1048576K

Card table byte_map: [0x0000000011970000,0x0000000011b80000] byte_map_base: 0x0000000011370000

Marking Bits: (ParMarkBitMap*) 0x000000005f3bd490
 Begin Bits: [0x00000000120e0000, 0x00000000130e0000)
 End Bits:   [0x00000000130e0000, 0x00000000140e0000)

Polling page: 0x0000000000ad0000

CodeCache: size=245760Kb used=2313Kb max_used=2327Kb free=243446Kb
 bounds [0x00000000025b0000, 0x0000000002820000, 0x00000000115b0000]
 total_blobs=897 nmethods=632 adapters=179
 compilation: enabled

Compilation events (10 events):
Event: 0.721 Thread 0x0000000014c81000 nmethod 642 0x00000000027f0a10 code [0x00000000027f0b60, 0x00000000027f0ce8]
Event: 0.721 Thread 0x0000000014c81000  643       4       com.android.dx.ssa.NormalSsaInsn::accept (25 bytes)
Event: 0.723 Thread 0x0000000014c81000 nmethod 643 0x00000000027ede90 code [0x00000000027edfe0, 0x00000000027ee0e8]
Event: 0.724 Thread 0x0000000014c81000  649       4       com.android.dx.ssa.NormalSsaInsn::getOpcode (8 bytes)
Event: 0.725 Thread 0x0000000014c81000 nmethod 649 0x00000000027e8010 code [0x00000000027e8140, 0x00000000027e81b8]
Event: 0.725 Thread 0x0000000014c81000  650       4       com.android.dx.ssa.NormalSsaInsn::isNormalMoveInsn (20 bytes)
Event: 0.726 Thread 0x0000000014c81000 nmethod 650 0x00000000027f0790 code [0x00000000027f08c0, 0x00000000027f0958]
Event: 0.727 Thread 0x0000000014c7c000 nmethod 625 0x00000000027f5b10 code [0x00000000027f5ca0, 0x00000000027f6598]
Event: 0.729 Thread 0x0000000014c81000  652       4       java.util.HashSet::contains (9 bytes)
Event: 0.729 Thread 0x0000000014c7c000  654       4       java.util.ArrayList::isEmpty (13 bytes)

GC Heap History (0 events):
No events

Deoptimization events (0 events):
No events

Internal exceptions (10 events):
Event: 0.669 Thread 0x000000001674c000 Exception <a 'java/security/PrivilegedActionException'> (0x00000000eb5a5048) thrown at [D:\re\workspace\8-2-build-windows-amd64-cygwin\jdk8u25\1677\hotspot\src\share\vm\prims\jvm.cpp, line 1312]
Event: 0.670 Thread 0x000000001674c000 Exception <a 'java/security/PrivilegedActionException'> (0x00000000eb5ab2b0) thrown at [D:\re\workspace\8-2-build-windows-amd64-cygwin\jdk8u25\1677\hotspot\src\share\vm\prims\jvm.cpp, line 1312]
Event: 0.671 Thread 0x000000001676d800 Exception <a 'java/security/PrivilegedActionException'> (0x00000000eb630388) thrown at [D:\re\workspace\8-2-build-windows-amd64-cygwin\jdk8u25\1677\hotspot\src\share\vm\prims\jvm.cpp, line 1312]
Event: 0.672 Thread 0x000000001676d800 Exception <a 'java/security/PrivilegedActionException'> (0x00000000eb635dc0) thrown at [D:\re\workspace\8-2-build-windows-amd64-cygwin\jdk8u25\1677\hotspot\src\share\vm\prims\jvm.cpp, line 1312]
Event: 0.673 Thread 0x000000001676d800 Exception <a 'java/security/PrivilegedActionException'> (0x00000000eb63e8a0) thrown at [D:\re\workspace\8-2-build-windows-amd64-cygwin\jdk8u25\1677\hotspot\src\share\vm\prims\jvm.cpp, line 1312]
Event: 0.674 Thread 0x000000001674c000 Exception <a 'java/security/PrivilegedActionException'> (0x00000000eb5b07e8) thrown at [D:\re\workspace\8-2-build-windows-amd64-cygwin\jdk8u25\1677\hotspot\src\share\vm\prims\jvm.cpp, line 1312]
Event: 0.687 Thread 0x000000001676d800 Exception <a 'java/security/PrivilegedActionException'> (0x00000000eb74a930) thrown at [D:\re\workspace\8-2-build-windows-amd64-cygwin\jdk8u25\1677\hotspot\src\share\vm\prims\jvm.cpp, line 1312]
Event: 0.689 Thread 0x00000000025ad800 Exception <a 'java/security/PrivilegedActionException'> (0x00000000eb7ae0e8) thrown at [D:\re\workspace\8-2-build-windows-amd64-cygwin\jdk8u25\1677\hotspot\src\share\vm\prims\jvm.cpp, line 1312]
Event: 0.690 Thread 0x00000000025ad800 Exception <a 'java/security/PrivilegedActionException'> (0x00000000eb7b3e78) thrown at [D:\re\workspace\8-2-build-windows-amd64-cygwin\jdk8u25\1677\hotspot\src\share\vm\prims\jvm.cpp, line 1312]
Event: 0.715 Thread 0x00000000025ad800 Exception <a 'java/security/PrivilegedActionException'> (0x00000000eb7b9988) thrown at [D:\re\workspace\8-2-build-windows-amd64-cygwin\jdk8u25\1677\hotspot\src\share\vm\prims\jvm.cpp, line 1312]

Events (10 events):
Event: 0.674 loading class com/android/dx/cf/code/SwitchList
Event: 0.674 loading class com/android/dx/cf/code/SwitchList done
Event: 0.687 loading class com/android/dx/dex/file/MethodAnnotationStruct
Event: 0.687 loading class com/android/dx/dex/file/MethodAnnotationStruct done
Event: 0.689 loading class com/android/dx/dex/file/ParameterAnnotationStruct
Event: 0.689 loading class com/android/dx/dex/file/ParameterAnnotationStruct done
Event: 0.690 loading class com/android/dx/dex/file/UniformListItem
Event: 0.690 loading class com/android/dx/dex/file/UniformListItem done
Event: 0.690 loading class com/android/dx/dex/file/AnnotationSetRefItem
Event: 0.714 loading class com/android/dx/dex/file/AnnotationSetRefItem done


Dynamic libraries:
0x00007ff782e60000 - 0x00007ff782e94000 	C:\Program Files\Java\jdk1.8.0_25\bin\java.exe
0x00007ffaf1dd0000 - 0x00007ffaf1fa1000 	C:\WINDOWS\SYSTEM32\ntdll.dll
0x00007ffaf16a0000 - 0x00007ffaf174b000 	C:\WINDOWS\System32\KERNEL32.DLL
0x00007ffaee2c0000 - 0x00007ffaee4dd000 	C:\WINDOWS\System32\KERNELBASE.dll
0x00007ffaf1490000 - 0x00007ffaf1532000 	C:\WINDOWS\System32\ADVAPI32.dll
0x00007ffaf1a40000 - 0x00007ffaf1ade000 	C:\WINDOWS\System32\msvcrt.dll
0x00007ffaf18b0000 - 0x00007ffaf1909000 	C:\WINDOWS\System32\sechost.dll
0x00007ffaf1910000 - 0x00007ffaf1a31000 	C:\WINDOWS\System32\RPCRT4.dll
0x00007ffaef480000 - 0x00007ffaef5e5000 	C:\WINDOWS\System32\USER32.dll
0x00007ffaeea00000 - 0x00007ffaeea1e000 	C:\WINDOWS\System32\win32u.dll
0x00007ffaef440000 - 0x00007ffaef474000 	C:\WINDOWS\System32\GDI32.dll
0x00007ffaee630000 - 0x00007ffaee7b2000 	C:\WINDOWS\System32\gdi32full.dll
0x00007ffae9220000 - 0x00007ffae9499000 	C:\WINDOWS\WinSxS\amd64_microsoft.windows.common-controls_6595b64144ccf1df_6.0.14393.0_none_2d0f50fcbdb171b8\COMCTL32.dll
0x00007ffaf1ae0000 - 0x00007ffaf1da7000 	C:\WINDOWS\System32\combase.dll
0x00007ffaeea20000 - 0x00007ffaeeb15000 	C:\WINDOWS\System32\ucrtbase.dll
0x00007ffaee7c0000 - 0x00007ffaee82a000 	C:\WINDOWS\System32\bcryptPrimitives.dll
0x00007ffaf0d00000 - 0x00007ffaf0d2e000 	C:\WINDOWS\System32\IMM32.DLL
0x0000000060ed0000 - 0x0000000060fa2000 	C:\Program Files\Java\jdk1.8.0_25\jre\bin\msvcr100.dll
0x000000005ebe0000 - 0x000000005f43a000 	C:\Program Files\Java\jdk1.8.0_25\jre\bin\server\jvm.dll
0x00007ffaef360000 - 0x00007ffaef368000 	C:\WINDOWS\System32\PSAPI.DLL
0x00007ffadcb70000 - 0x00007ffadcb79000 	C:\WINDOWS\SYSTEM32\WSOCK32.dll
0x00007ffaf1420000 - 0x00007ffaf148a000 	C:\WINDOWS\System32\WS2_32.dll
0x00007ffaec6c0000 - 0x00007ffaec6e3000 	C:\WINDOWS\SYSTEM32\WINMM.dll
0x00007ffaec580000 - 0x00007ffaec5ab000 	C:\WINDOWS\SYSTEM32\WINMMBASE.dll
0x00007ffaeeb20000 - 0x00007ffaeeb62000 	C:\WINDOWS\System32\cfgmgr32.dll
0x00000000614b0000 - 0x00000000614bf000 	C:\Program Files\Java\jdk1.8.0_25\jre\bin\verify.dll
0x0000000061140000 - 0x0000000061168000 	C:\Program Files\Java\jdk1.8.0_25\jre\bin\java.dll
0x0000000061120000 - 0x0000000061136000 	C:\Program Files\Java\jdk1.8.0_25\jre\bin\zip.dll
0x00007ffaef650000 - 0x00007ffaf0b58000 	C:\WINDOWS\System32\SHELL32.dll
0x00007ffaeeb70000 - 0x00007ffaef24a000 	C:\WINDOWS\System32\windows.storage.dll
0x00007ffaee260000 - 0x00007ffaee2ac000 	C:\WINDOWS\System32\powrprof.dll
0x00007ffaef5f0000 - 0x00007ffaef642000 	C:\WINDOWS\System32\shlwapi.dll
0x00007ffaee2b0000 - 0x00007ffaee2bf000 	C:\WINDOWS\System32\kernel.appcore.dll
0x00007ffaef250000 - 0x00007ffaef2f9000 	C:\WINDOWS\System32\shcore.dll
0x00007ffaee230000 - 0x00007ffaee244000 	C:\WINDOWS\System32\profapi.dll
0x00007ffaded10000 - 0x00007ffadeea2000 	C:\WINDOWS\SYSTEM32\dbghelp.dll

VM Arguments:
jvm_args: -Djava.awt.headless=true -Xmx1024M -Dfile.encoding=windows-1252 -Duser.country=FR -Duser.language=fr -Duser.variant 
java_command: com.android.dx.command.Main --dex --num-threads=4 --output C:\Users\Famille\AndroidStudioProjects\Niviel\app\build\intermediates\pre-dexed\debug\com.android.support-support-media-compat-24.2.1_c6daa86f10fe3a99bd3968c3f6df1d03d03077f4.jar C:\Users\Famille\AndroidStudioProjects\Niviel\app\build\intermediates\exploded-aar\com.android.support\support-media-compat\24.2.1\jars\classes.jar
java_class_path (initial): C:\Users\Famille\AppData\Local\Android\sdk\build-tools\23.0.2\lib\dx.jar
Launcher Type: SUN_STANDARD

Environment Variables:
JAVA_HOME=C:\Program Files\Java\jdk1.8.0_25
PATH=C:\Program Files\Broadcom\Broadcom 802.11 Network Adapter;C:\Program Files\Broadcom\Broadcom 802.11;C:\ProgramData\Oracle\Java\javapath;C:\Program Files (x86)\Intel\iCLS Client\;C:\Program Files\Intel\iCLS Client\;C:\Windows\system32;C:\Windows;C:\Windows\System32\Wbem;C:\Windows\System32\WindowsPowerShell\v1.0\;C:\Program Files\Hewlett-Packard\SimplePass\;C:\wamp\bin\php\php5.5.12;C:\Python27;C:\Users\Famille\AppData\Roaming\npm\;C:\Program Files\nodejs\;C:\Program Files\Git\cmd;C:\Program Files (x86)\Brackets\command;C:\Program Files (x86)\Ant\bin;C:\Program Files (x86)\Maven\bin;C:\Program Files (x86)\Intel\Intel(R) Management Engine Components\DAL;C:\Program Files\Intel\Intel(R) Management Engine Components\DAL;C:\Program Files (x86)\Intel\Intel(R) Management Engine Components\IPT;C:\Program Files\Intel\Intel(R) Management Engine Components\IPT;C:\Users\Famille\AppData\Local\Android\sdk\platform-tools;C:\WINDOWS\system32;C:\WINDOWS;C:\WINDOWS\System32\Wbem;C:\WINDOWS\System32\WindowsPowerShell\v1.0\;C:\Users\Famille\AppData\Local\atom\bin;C:\Users\Famille\AppData\Roaming\npm;%USERPROFILE%\AppData\Local\Microsoft\WindowsApps;
USERNAME=de Lachaux
OS=Windows_NT
PROCESSOR_IDENTIFIER=Intel64 Family 6 Model 69 Stepping 1, GenuineIntel



---------------  S Y S T E M  ---------------

OS: Windows 8.1 , 64 bit Build 9600 

CPU:total 4 (2 cores per cpu, 2 threads per core) family 6 model 69 stepping 1, cmov, cx8, fxsr, mmx, sse, sse2, sse3, ssse3, sse4.1, sse4.2, popcnt, avx, avx2, aes, clmul, erms, lzcnt, ht, tsc, tscinvbit, bmi1, bmi2

Memory: 4k page, physical 4122776k(402768k free), swap 5555352k(5852k free)

vm_info: Java HotSpot(TM) 64-Bit Server VM (25.25-b02) for windows-amd64 JRE (1.8.0_25-b18), built on Oct  7 2014 14:25:37 by "java_re" with MS VC++ 10.0 (VS2010)

time: Sun Oct 09 18:33:03 2016
elapsed time: 1 seconds (0d 0h 0m 1s)

