#
# There is insufficient memory for the Java Runtime Environment to continue.
# Native memory allocation (malloc) failed to allocate 1643136 bytes for Chunk::new
# Possible reasons:
#   The system is out of physical RAM or swap space
#   In 32 bit mode, the process size limit was hit
# Possible solutions:
#   Reduce memory load on the system
#   Increase physical memory or swap space
#   Check if swap backing store is full
#   Use 64 bit Java on a 64 bit OS
#   Decrease Java heap size (-Xmx/-Xms)
#   Decrease number of Java threads
#   Decrease Java thread stack sizes (-Xss)
#   Set larger code cache with -XX:ReservedCodeCacheSize=
# This output file may be truncated or incomplete.
#
#  Out of Memory Error (allocation.cpp:390), pid=43660, tid=40356
#
# JRE version: Java(TM) SE Runtime Environment (8.0_25-b18) (build 1.8.0_25-b18)
# Java VM: Java HotSpot(TM) 64-Bit Server VM (25.25-b02 mixed mode windows-amd64 compressed oops)
# Failed to write core dump. Minidumps are not enabled by default on client versions of Windows
#

---------------  T H R E A D  ---------------

Current thread (0x0000000014e2f800):  JavaThread "C2 CompilerThread1" daemon [_thread_in_native, id=40356, stack(0x0000000016430000,0x0000000016530000)]

Stack: [0x0000000016430000,0x0000000016530000]
Native frames: (J=compiled Java code, j=interpreted, Vv=VM code, C=native code)
V  [jvm.dll+0x31667a]


Current CompileTask:
C2:   9172 1791   !   4       com.android.dx.cf.code.Ropper::processBlock (1101 bytes)


---------------  P R O C E S S  ---------------

Java Threads: ( => current thread )
  0x0000000016ab7000 JavaThread "pool-1-thread-4" [_thread_blocked, id=40512, stack(0x0000000017030000,0x0000000017130000)]
  0x0000000016ab6000 JavaThread "pool-1-thread-3" [_thread_blocked, id=38100, stack(0x0000000016f30000,0x0000000017030000)]
  0x0000000016ab4800 JavaThread "pool-1-thread-2" [_thread_blocked, id=46528, stack(0x0000000016e30000,0x0000000016f30000)]
  0x0000000016a88800 JavaThread "pool-2-thread-1" [_thread_blocked, id=44100, stack(0x0000000016d30000,0x0000000016e30000)]
  0x0000000016a86000 JavaThread "pool-1-thread-1" [_thread_blocked, id=36564, stack(0x0000000016c30000,0x0000000016d30000)]
  0x0000000014e3a800 JavaThread "Service Thread" daemon [_thread_blocked, id=42324, stack(0x0000000016630000,0x0000000016730000)]
  0x0000000014e33800 JavaThread "C1 CompilerThread2" daemon [_thread_blocked, id=41836, stack(0x0000000016530000,0x0000000016630000)]
=>0x0000000014e2f800 JavaThread "C2 CompilerThread1" daemon [_thread_in_native, id=40356, stack(0x0000000016430000,0x0000000016530000)]
  0x0000000014ddc000 JavaThread "C2 CompilerThread0" daemon [_thread_in_native, id=40048, stack(0x0000000016330000,0x0000000016430000)]
  0x0000000014dda800 JavaThread "Attach Listener" daemon [_thread_blocked, id=40956, stack(0x0000000016230000,0x0000000016330000)]
  0x0000000014dda000 JavaThread "Signal Dispatcher" daemon [_thread_blocked, id=44296, stack(0x0000000016130000,0x0000000016230000)]
  0x000000000269f000 JavaThread "Finalizer" daemon [_thread_blocked, id=47100, stack(0x0000000016030000,0x0000000016130000)]
  0x000000000269c000 JavaThread "Reference Handler" daemon [_thread_blocked, id=36168, stack(0x0000000015f30000,0x0000000016030000)]
  0x000000000270d800 JavaThread "main" [_thread_in_Java, id=46652, stack(0x0000000002480000,0x0000000002580000)]

Other Threads:
  0x0000000014da6800 VMThread [stack: 0x0000000015e30000,0x0000000015f30000] [id=40620]
  0x0000000014e3d800 WatcherThread [stack: 0x0000000016730000,0x0000000016830000] [id=27268]

VM state:not at safepoint (normal execution)

VM Mutex/Monitor currently owned by a thread: None

Heap:
 PSYoungGen      total 68096K, used 28990K [0x00000000eab00000, 0x00000000ef000000, 0x0000000100000000)
  eden space 65536K, 40% used [0x00000000eab00000,0x00000000ec4d5598,0x00000000eeb00000)
  from space 2560K, 99% used [0x00000000eed80000,0x00000000eeffa5d8,0x00000000ef000000)
  to   space 2560K, 0% used [0x00000000eeb00000,0x00000000eeb00000,0x00000000eed80000)
 ParOldGen       total 44032K, used 13698K [0x00000000c0000000, 0x00000000c2b00000, 0x00000000eab00000)
  object space 44032K, 31% used [0x00000000c0000000,0x00000000c0d60bb8,0x00000000c2b00000)
 Metaspace       used 6296K, capacity 7128K, committed 7424K, reserved 1056768K
  class space    used 613K, capacity 656K, committed 768K, reserved 1048576K

Card table byte_map: [0x0000000011ad0000,0x0000000011ce0000] byte_map_base: 0x00000000114d0000

Marking Bits: (ParMarkBitMap*) 0x000000005c28d490
 Begin Bits: [0x0000000012240000, 0x0000000013240000)
 End Bits:   [0x0000000013240000, 0x0000000014240000)

Polling page: 0x0000000000d30000

CodeCache: size=245760Kb used=7359Kb max_used=7362Kb free=238400Kb
 bounds [0x0000000002710000, 0x0000000002e50000, 0x0000000011710000]
 total_blobs=1998 nmethods=1731 adapters=179
 compilation: enabled

Compilation events (10 events):
Event: 9.134 Thread 0x0000000014ddc000 nmethod 1810 0x0000000002e45450 code [0x0000000002e45620, 0x0000000002e46118]
Event: 9.134 Thread 0x0000000014ddc000 1811       4       com.android.dx.rop.code.BasicBlockList$RegCountVisitor::visitPlainCstInsn (6 bytes)
Event: 9.140 Thread 0x0000000014ddc000 nmethod 1811 0x0000000002e43110 code [0x0000000002e43280, 0x0000000002e43538]
Event: 9.140 Thread 0x0000000014ddc000 1812       4       com.android.dx.cf.code.ByteBlock::<init> (181 bytes)
Event: 9.144 Thread 0x0000000014ddc000 nmethod 1812 0x0000000002e3aed0 code [0x0000000002e3b020, 0x0000000002e3b238]
Event: 9.146 Thread 0x0000000014ddc000 1813       4       com.android.dx.cf.code.OneLocalsArray::copy (5 bytes)
Event: 9.150 Thread 0x0000000014ddc000 nmethod 1813 0x0000000002e3a910 code [0x0000000002e3aa60, 0x0000000002e3ad18]
Event: 9.151 Thread 0x0000000014ddc000 1814       4       com.android.dx.cf.code.ByteBlockList::labelToBlock (46 bytes)
Event: 9.153 Thread 0x0000000014ddc000 nmethod 1814 0x0000000002e3a350 code [0x0000000002e3a4a0, 0x0000000002e3a5d8]
Event: 9.154 Thread 0x0000000014ddc000 1815       4       com.android.dx.cf.code.RopperMachine::jopToRopOpcode (1103 bytes)

GC Heap History (8 events):
Event: 3.731 GC heap before
{Heap before GC invocations=1 (full 0):
 PSYoungGen      total 18944K, used 16384K [0x00000000eab00000, 0x00000000ec000000, 0x0000000100000000)
  eden space 16384K, 100% used [0x00000000eab00000,0x00000000ebb00000,0x00000000ebb00000)
  from space 2560K, 0% used [0x00000000ebd80000,0x00000000ebd80000,0x00000000ec000000)
  to   space 2560K, 0% used [0x00000000ebb00000,0x00000000ebb00000,0x00000000ebd80000)
 ParOldGen       total 44032K, used 0K [0x00000000c0000000, 0x00000000c2b00000, 0x00000000eab00000)
  object space 44032K, 0% used [0x00000000c0000000,0x00000000c0000000,0x00000000c2b00000)
 Metaspace       used 5758K, capacity 6768K, committed 7040K, reserved 1056768K
  class space    used 586K, capacity 616K, committed 640K, reserved 1048576K
Event: 4.038 GC heap after
Heap after GC invocations=1 (full 0):
 PSYoungGen      total 18944K, used 2551K [0x00000000eab00000, 0x00000000ed000000, 0x0000000100000000)
  eden space 16384K, 0% used [0x00000000eab00000,0x00000000eab00000,0x00000000ebb00000)
  from space 2560K, 99% used [0x00000000ebb00000,0x00000000ebd7dc98,0x00000000ebd80000)
  to   space 2560K, 0% used [0x00000000ecd80000,0x00000000ecd80000,0x00000000ed000000)
 ParOldGen       total 44032K, used 1492K [0x00000000c0000000, 0x00000000c2b00000, 0x00000000eab00000)
  object space 44032K, 3% used [0x00000000c0000000,0x00000000c01752c0,0x00000000c2b00000)
 Metaspace       used 5758K, capacity 6768K, committed 7040K, reserved 1056768K
  class space    used 586K, capacity 616K, committed 640K, reserved 1048576K
}
Event: 4.433 GC heap before
{Heap before GC invocations=2 (full 0):
 PSYoungGen      total 18944K, used 18935K [0x00000000eab00000, 0x00000000ed000000, 0x0000000100000000)
  eden space 16384K, 100% used [0x00000000eab00000,0x00000000ebb00000,0x00000000ebb00000)
  from space 2560K, 99% used [0x00000000ebb00000,0x00000000ebd7dc98,0x00000000ebd80000)
  to   space 2560K, 0% used [0x00000000ecd80000,0x00000000ecd80000,0x00000000ed000000)
 ParOldGen       total 44032K, used 1492K [0x00000000c0000000, 0x00000000c2b00000, 0x00000000eab00000)
  object space 44032K, 3% used [0x00000000c0000000,0x00000000c01752c0,0x00000000c2b00000)
 Metaspace       used 5919K, capacity 6896K, committed 7040K, reserved 1056768K
  class space    used 589K, capacity 616K, committed 640K, reserved 1048576K
Event: 4.468 GC heap after
Heap after GC invocations=2 (full 0):
 PSYoungGen      total 35328K, used 2528K [0x00000000eab00000, 0x00000000ed000000, 0x0000000100000000)
  eden space 32768K, 0% used [0x00000000eab00000,0x00000000eab00000,0x00000000ecb00000)
  from space 2560K, 98% used [0x00000000ecd80000,0x00000000ecff8028,0x00000000ed000000)
  to   space 2560K, 0% used [0x00000000ecb00000,0x00000000ecb00000,0x00000000ecd80000)
 ParOldGen       total 44032K, used 3452K [0x00000000c0000000, 0x00000000c2b00000, 0x00000000eab00000)
  object space 44032K, 7% used [0x00000000c0000000,0x00000000c035f278,0x00000000c2b00000)
 Metaspace       used 5919K, capacity 6896K, committed 7040K, reserved 1056768K
  class space    used 589K, capacity 616K, committed 640K, reserved 1048576K
}
Event: 6.947 GC heap before
{Heap before GC invocations=3 (full 0):
 PSYoungGen      total 35328K, used 35296K [0x00000000eab00000, 0x00000000ed000000, 0x0000000100000000)
  eden space 32768K, 100% used [0x00000000eab00000,0x00000000ecb00000,0x00000000ecb00000)
  from space 2560K, 98% used [0x00000000ecd80000,0x00000000ecff8028,0x00000000ed000000)
  to   space 2560K, 0% used [0x00000000ecb00000,0x00000000ecb00000,0x00000000ecd80000)
 ParOldGen       total 44032K, used 3452K [0x00000000c0000000, 0x00000000c2b00000, 0x00000000eab00000)
  object space 44032K, 7% used [0x00000000c0000000,0x00000000c035f278,0x00000000c2b00000)
 Metaspace       used 6164K, capacity 7064K, committed 7424K, reserved 1056768K
  class space    used 612K, capacity 656K, committed 768K, reserved 1048576K
Event: 7.032 GC heap after
Heap after GC invocations=3 (full 0):
 PSYoungGen      total 35328K, used 2529K [0x00000000eab00000, 0x00000000ef000000, 0x0000000100000000)
  eden space 32768K, 0% used [0x00000000eab00000,0x00000000eab00000,0x00000000ecb00000)
  from space 2560K, 98% used [0x00000000ecb00000,0x00000000ecd78720,0x00000000ecd80000)
  to   space 2560K, 0% used [0x00000000eed80000,0x00000000eed80000,0x00000000ef000000)
 ParOldGen       total 44032K, used 8171K [0x00000000c0000000, 0x00000000c2b00000, 0x00000000eab00000)
  object space 44032K, 18% used [0x00000000c0000000,0x00000000c07faf08,0x00000000c2b00000)
 Metaspace       used 6164K, capacity 7064K, committed 7424K, reserved 1056768K
  class space    used 612K, capacity 656K, committed 768K, reserved 1048576K
}
Event: 7.884 GC heap before
{Heap before GC invocations=4 (full 0):
 PSYoungGen      total 35328K, used 35297K [0x00000000eab00000, 0x00000000ef000000, 0x0000000100000000)
  eden space 32768K, 100% used [0x00000000eab00000,0x00000000ecb00000,0x00000000ecb00000)
  from space 2560K, 98% used [0x00000000ecb00000,0x00000000ecd78720,0x00000000ecd80000)
  to   space 2560K, 0% used [0x00000000eed80000,0x00000000eed80000,0x00000000ef000000)
 ParOldGen       total 44032K, used 8171K [0x00000000c0000000, 0x00000000c2b00000, 0x00000000eab00000)
  object space 44032K, 18% used [0x00000000c0000000,0x00000000c07faf08,0x00000000c2b00000)
 Metaspace       used 6255K, capacity 7128K, committed 7424K, reserved 1056768K
  class space    used 613K, capacity 656K, committed 768K, reserved 1048576K
Event: 8.144 GC heap after
Heap after GC invocations=4 (full 0):
 PSYoungGen      total 68096K, used 2537K [0x00000000eab00000, 0x00000000ef000000, 0x0000000100000000)
  eden space 65536K, 0% used [0x00000000eab00000,0x00000000eab00000,0x00000000eeb00000)
  from space 2560K, 99% used [0x00000000eed80000,0x00000000eeffa5d8,0x00000000ef000000)
  to   space 2560K, 0% used [0x00000000eeb00000,0x00000000eeb00000,0x00000000eed80000)
 ParOldGen       total 44032K, used 13698K [0x00000000c0000000, 0x00000000c2b00000, 0x00000000eab00000)
  object space 44032K, 31% used [0x00000000c0000000,0x00000000c0d60bb8,0x00000000c2b00000)
 Metaspace       used 6255K, capacity 7128K, committed 7424K, reserved 1056768K
  class space    used 613K, capacity 656K, committed 768K, reserved 1048576K
}

Deoptimization events (10 events):
Event: 7.198 Thread 0x0000000016ab4800 Uncommon trap: reason=class_check action=maybe_recompile pc=0x0000000002b625f8 method=java.util.HashMap.putVal(ILjava/lang/Object;Ljava/lang/Object;ZZ)Ljava/lang/Object; @ 203
Event: 7.198 Thread 0x0000000016ab4800 Uncommon trap: reason=class_check action=maybe_recompile pc=0x0000000002b625f8 method=java.util.HashMap.putVal(ILjava/lang/Object;Ljava/lang/Object;ZZ)Ljava/lang/Object; @ 203
Event: 7.198 Thread 0x0000000016ab4800 Uncommon trap: reason=class_check action=maybe_recompile pc=0x0000000002b625f8 method=java.util.HashMap.putVal(ILjava/lang/Object;Ljava/lang/Object;ZZ)Ljava/lang/Object; @ 203
Event: 7.211 Thread 0x0000000016a86000 Uncommon trap: reason=bimorphic action=maybe_recompile pc=0x0000000002cfcc00 method=com.android.dx.ssa.LiteralOpUpgrader.tryReplacingWithConstant(Lcom/android/dx/ssa/NormalSsaInsn;)Z @ 52
Event: 7.230 Thread 0x0000000016ab7000 Uncommon trap: reason=unreached action=reinterpret pc=0x0000000002cb7898 method=com.android.dx.ssa.SCCP.simulateBranch(Lcom/android/dx/ssa/SsaInsn;)V @ 132
Event: 7.266 Thread 0x000000000270d800 Uncommon trap: reason=unreached action=reinterpret pc=0x0000000002b4361c method=java.util.HashMap.putVal(ILjava/lang/Object;Ljava/lang/Object;ZZ)Ljava/lang/Object; @ 109
Event: 7.623 Thread 0x0000000016a86000 Uncommon trap: reason=bimorphic action=maybe_recompile pc=0x0000000002cfcc00 method=com.android.dx.ssa.LiteralOpUpgrader.tryReplacingWithConstant(Lcom/android/dx/ssa/NormalSsaInsn;)Z @ 52
Event: 7.629 Thread 0x0000000016a86000 Uncommon trap: reason=bimorphic action=maybe_recompile pc=0x0000000002cfcc00 method=com.android.dx.ssa.LiteralOpUpgrader.tryReplacingWithConstant(Lcom/android/dx/ssa/NormalSsaInsn;)Z @ 52
Event: 8.293 Thread 0x0000000016a86000 Uncommon trap: reason=unreached action=reinterpret pc=0x0000000002cf04e4 method=java.util.HashMap.resize()[Ljava/util/HashMap$Node; @ 206
Event: 8.806 Thread 0x0000000016ab6000 Uncommon trap: reason=bimorphic action=maybe_recompile pc=0x0000000002cfcc00 method=com.android.dx.ssa.LiteralOpUpgrader.tryReplacingWithConstant(Lcom/android/dx/ssa/NormalSsaInsn;)Z @ 52

Internal exceptions (10 events):
Event: 4.544 Thread 0x000000000270d800 Exception <a 'java/security/PrivilegedActionException'> (0x00000000eafb2cf8) thrown at [D:\re\workspace\8-2-build-windows-amd64-cygwin\jdk8u25\1677\hotspot\src\share\vm\prims\jvm.cpp, line 1312]
Event: 4.545 Thread 0x000000000270d800 Exception <a 'java/security/PrivilegedActionException'> (0x00000000eafb5670) thrown at [D:\re\workspace\8-2-build-windows-amd64-cygwin\jdk8u25\1677\hotspot\src\share\vm\prims\jvm.cpp, line 1312]
Event: 5.901 Thread 0x0000000016ab7000 Exception <a 'java/security/PrivilegedActionException'> (0x00000000ec4912d0) thrown at [D:\re\workspace\8-2-build-windows-amd64-cygwin\jdk8u25\1677\hotspot\src\share\vm\prims\jvm.cpp, line 1312]
Event: 5.901 Thread 0x0000000016ab7000 Exception <a 'java/security/PrivilegedActionException'> (0x00000000ec496d40) thrown at [D:\re\workspace\8-2-build-windows-amd64-cygwin\jdk8u25\1677\hotspot\src\share\vm\prims\jvm.cpp, line 1312]
Event: 5.902 Thread 0x0000000016ab7000 Exception <a 'java/security/PrivilegedActionException'> (0x00000000ec49c568) thrown at [D:\re\workspace\8-2-build-windows-amd64-cygwin\jdk8u25\1677\hotspot\src\share\vm\prims\jvm.cpp, line 1312]
Event: 6.926 Thread 0x0000000016ab6000 Exception <a 'java/lang/ArrayIndexOutOfBoundsException': 18> (0x00000000ebcb9200) thrown at [D:\re\workspace\8-2-build-windows-amd64-cygwin\jdk8u25\1677\hotspot\src\share\vm\interpreter\interpreterRuntime.cpp, line 366]
Event: 6.926 Thread 0x0000000016ab6000 Exception <a 'java/lang/ArrayIndexOutOfBoundsException': 145> (0x00000000ebcbaee0) thrown at [D:\re\workspace\8-2-build-windows-amd64-cygwin\jdk8u25\1677\hotspot\src\share\vm\interpreter\interpreterRuntime.cpp, line 366]
Event: 6.927 Thread 0x0000000016ab6000 Exception <a 'java/lang/ArrayIndexOutOfBoundsException': 40> (0x00000000ebcbc0f8) thrown at [D:\re\workspace\8-2-build-windows-amd64-cygwin\jdk8u25\1677\hotspot\src\share\vm\interpreter\interpreterRuntime.cpp, line 366]
Event: 7.246 Thread 0x000000000270d800 Exception <a 'java/security/PrivilegedActionException'> (0x00000000ebabb158) thrown at [D:\re\workspace\8-2-build-windows-amd64-cygwin\jdk8u25\1677\hotspot\src\share\vm\prims\jvm.cpp, line 1312]
Event: 7.246 Thread 0x000000000270d800 Exception <a 'java/security/PrivilegedActionException'> (0x00000000ebabd960) thrown at [D:\re\workspace\8-2-build-windows-amd64-cygwin\jdk8u25\1677\hotspot\src\share\vm\prims\jvm.cpp, line 1312]

Events (10 events):
Event: 8.298 Thread 0x0000000016ab7000 DEOPT UNPACKING pc=0x00000000027575bf sp=0x000000001712e8a8 mode 0
Event: 8.751 Thread 0x0000000016ab6000 DEOPT PACKING pc=0x0000000002c70d17 sp=0x000000001702e7f0
Event: 8.751 Thread 0x0000000016ab6000 DEOPT UNPACKING pc=0x00000000027575bf sp=0x000000001702e568 mode 0
Event: 8.797 Thread 0x0000000016ab6000 DEOPT PACKING pc=0x0000000002d821ba sp=0x000000001702e600
Event: 8.797 Thread 0x0000000016ab6000 DEOPT UNPACKING pc=0x00000000027575bf sp=0x000000001702e3c0 mode 0
Event: 8.806 Thread 0x0000000016ab6000 Uncommon trap: trap_request=0xffffffc6 fr.pc=0x0000000002cfcc00
Event: 8.806 Thread 0x0000000016ab6000 DEOPT PACKING pc=0x0000000002cfcc00 sp=0x000000001702e620
Event: 8.806 Thread 0x0000000016ab6000 DEOPT UNPACKING pc=0x000000000275556a sp=0x000000001702e5d0 mode 2
Event: 9.123 Thread 0x0000000016ab7000 DEOPT PACKING pc=0x0000000002b7cf01 sp=0x000000001712ebf0
Event: 9.123 Thread 0x0000000016ab7000 DEOPT UNPACKING pc=0x00000000027575bf sp=0x000000001712e9d0 mode 0


Dynamic libraries:
0x00007ff6a1ad0000 - 0x00007ff6a1b04000 	C:\Program Files\Java\jdk1.8.0_25\bin\java.exe
0x00007ffb77dc0000 - 0x00007ffb77f91000 	C:\WINDOWS\SYSTEM32\ntdll.dll
0x00007ffb777e0000 - 0x00007ffb7788b000 	C:\WINDOWS\System32\KERNEL32.DLL
0x00007ffb74760000 - 0x00007ffb7497d000 	C:\WINDOWS\System32\KERNELBASE.dll
0x00007ffb76a50000 - 0x00007ffb76af2000 	C:\WINDOWS\System32\ADVAPI32.dll
0x00007ffb77ab0000 - 0x00007ffb77b4e000 	C:\WINDOWS\System32\msvcrt.dll
0x00007ffb76d90000 - 0x00007ffb76de9000 	C:\WINDOWS\System32\sechost.dll
0x00007ffb76c60000 - 0x00007ffb76d81000 	C:\WINDOWS\System32\RPCRT4.dll
0x00007ffb77b50000 - 0x00007ffb77cb5000 	C:\WINDOWS\System32\USER32.dll
0x00007ffb74310000 - 0x00007ffb7432e000 	C:\WINDOWS\System32\win32u.dll
0x00007ffb76910000 - 0x00007ffb76944000 	C:\WINDOWS\System32\GDI32.dll
0x00007ffb74980000 - 0x00007ffb74b02000 	C:\WINDOWS\System32\gdi32full.dll
0x00007ffb68940000 - 0x00007ffb68bba000 	C:\WINDOWS\WinSxS\amd64_microsoft.windows.common-controls_6595b64144ccf1df_6.0.14393.351_none_4213128bc687e6d3\COMCTL32.dll
0x00007ffb77510000 - 0x00007ffb777d7000 	C:\WINDOWS\System32\combase.dll
0x00007ffb74330000 - 0x00007ffb74425000 	C:\WINDOWS\System32\ucrtbase.dll
0x00007ffb746a0000 - 0x00007ffb7470a000 	C:\WINDOWS\System32\bcryptPrimitives.dll
0x00007ffb77d20000 - 0x00007ffb77d4e000 	C:\WINDOWS\System32\IMM32.DLL
0x000000005e0a0000 - 0x000000005e172000 	C:\Program Files\Java\jdk1.8.0_25\jre\bin\msvcr100.dll
0x000000005bab0000 - 0x000000005c30a000 	C:\Program Files\Java\jdk1.8.0_25\jre\bin\server\jvm.dll
0x00007ffb76900000 - 0x00007ffb76908000 	C:\WINDOWS\System32\PSAPI.DLL
0x00007ffb68180000 - 0x00007ffb68189000 	C:\WINDOWS\SYSTEM32\WSOCK32.dll
0x00007ffb77d50000 - 0x00007ffb77dba000 	C:\WINDOWS\System32\WS2_32.dll
0x00007ffb725d0000 - 0x00007ffb725f3000 	C:\WINDOWS\SYSTEM32\WINMM.dll
0x00007ffb72560000 - 0x00007ffb7258b000 	C:\WINDOWS\SYSTEM32\WINMMBASE.dll
0x00007ffb74710000 - 0x00007ffb74752000 	C:\WINDOWS\System32\cfgmgr32.dll
0x000000005e090000 - 0x000000005e09f000 	C:\Program Files\Java\jdk1.8.0_25\jre\bin\verify.dll
0x000000005e060000 - 0x000000005e088000 	C:\Program Files\Java\jdk1.8.0_25\jre\bin\java.dll
0x000000005e040000 - 0x000000005e056000 	C:\Program Files\Java\jdk1.8.0_25\jre\bin\zip.dll
0x00007ffb75350000 - 0x00007ffb76859000 	C:\WINDOWS\System32\SHELL32.dll
0x00007ffb74b10000 - 0x00007ffb751ea000 	C:\WINDOWS\System32\windows.storage.dll
0x00007ffb74260000 - 0x00007ffb742ac000 	C:\WINDOWS\System32\powrprof.dll
0x00007ffb77890000 - 0x00007ffb778e2000 	C:\WINDOWS\System32\shlwapi.dll
0x00007ffb74250000 - 0x00007ffb7425f000 	C:\WINDOWS\System32\kernel.appcore.dll
0x00007ffb751f0000 - 0x00007ffb75299000 	C:\WINDOWS\System32\shcore.dll
0x00007ffb74230000 - 0x00007ffb74244000 	C:\WINDOWS\System32\profapi.dll

VM Arguments:
jvm_args: -Djava.awt.headless=true -Xmx1024M -Dfile.encoding=windows-1252 -Duser.country=FR -Duser.language=fr -Duser.variant 
java_command: com.android.dx.command.Main --dex --num-threads=4 --output C:\Users\Famille\AndroidStudioProjects\Niviel\app\build\intermediates\pre-dexed\debug\com.android.support-recyclerview-v7-24.2.1_fda137ffce98b16ece500b5613331179cbaeb2cb.jar C:\Users\Famille\AndroidStudioProjects\Niviel\app\build\intermediates\exploded-aar\com.android.support\recyclerview-v7\24.2.1\jars\classes.jar
java_class_path (initial): C:\Users\Famille\AppData\Local\Android\sdk\build-tools\23.0.2\lib\dx.jar
Launcher Type: SUN_STANDARD

Environment Variables:
JAVA_HOME=C:\Program Files\Java\jdk1.8.0_25
PATH=C:\Program Files\Broadcom\Broadcom 802.11 Network Adapter;C:\Program Files\Broadcom\Broadcom 802.11;C:\ProgramData\Oracle\Java\javapath;C:\Program Files (x86)\Intel\iCLS Client\;C:\Program Files\Intel\iCLS Client\;C:\Windows\system32;C:\Windows;C:\Windows\System32\Wbem;C:\Windows\System32\WindowsPowerShell\v1.0\;C:\Program Files\Hewlett-Packard\SimplePass\;C:\wamp\bin\php\php5.5.12;C:\Python34;C:\Users\Famille\AppData\Roaming\npm\;C:\Program Files\nodejs\;C:\Program Files\Git\cmd;C:\Program Files (x86)\Brackets\command;C:\Program Files (x86)\Ant\bin;C:\Program Files (x86)\Maven\bin;C:\Program Files (x86)\Intel\Intel(R) Management Engine Components\DAL;C:\Program Files\Intel\Intel(R) Management Engine Components\DAL;C:\Program Files (x86)\Intel\Intel(R) Management Engine Components\IPT;C:\Program Files\Intel\Intel(R) Management Engine Components\IPT;C:\Users\Famille\AppData\Local\Android\sdk\platform-tools;C:\WINDOWS\system32;C:\WINDOWS;C:\WINDOWS\System32\Wbem;C:\WINDOWS\System32\WindowsPowerShell\v1.0\;C:\Users\Famille\AppData\Local\atom\bin;C:\Users\Famille\AppData\Roaming\npm;%USERPROFILE%\AppData\Local\Microsoft\WindowsApps;
USERNAME=de Lachaux
OS=Windows_NT
PROCESSOR_IDENTIFIER=Intel64 Family 6 Model 69 Stepping 1, GenuineIntel



---------------  S Y S T E M  ---------------

OS: Windows 8.1 , 64 bit Build 9600 

CPU:total 4 (2 cores per cpu, 2 threads per core) family 6 model 69 stepping 1, cmov, cx8, fxsr, mmx, sse, sse2, sse3, ssse3, sse4.1, sse4.2, popcnt, avx, avx2, aes, clmul, erms, lzcnt, ht, tsc, tscinvbit, bmi1, bmi2

Memory: 4k page, physical 4122776k(624828k free), swap 5555352k(5140k free)

vm_info: Java HotSpot(TM) 64-Bit Server VM (25.25-b02) for windows-amd64 JRE (1.8.0_25-b18), built on Oct  7 2014 14:25:37 by "java_re" with MS VC++ 10.0 (VS2010)

time: Sat Nov 05 19:09:18 2016
elapsed time: 9 seconds (0d 0h 0m 9s)

