#
# There is insufficient memory for the Java Runtime Environment to continue.
# Native memory allocation (malloc) failed to allocate 865216 bytes for Chunk::new
# Possible reasons:
#   The system is out of physical RAM or swap space
#   In 32 bit mode, the process size limit was hit
# Possible solutions:
#   Reduce memory load on the system
#   Increase physical memory or swap space
#   Check if swap backing store is full
#   Use 64 bit Java on a 64 bit OS
#   Decrease Java heap size (-Xmx/-Xms)
#   Decrease number of Java threads
#   Decrease Java thread stack sizes (-Xss)
#   Set larger code cache with -XX:ReservedCodeCacheSize=
# This output file may be truncated or incomplete.
#
#  Out of Memory Error (allocation.cpp:390), pid=28204, tid=20104
#
# JRE version: Java(TM) SE Runtime Environment (8.0_25-b18) (build 1.8.0_25-b18)
# Java VM: Java HotSpot(TM) 64-Bit Server VM (25.25-b02 mixed mode windows-amd64 compressed oops)
# Failed to write core dump. Minidumps are not enabled by default on client versions of Windows
#

---------------  T H R E A D  ---------------

Current thread (0x00000000155ea800):  JavaThread "C2 CompilerThread1" daemon [_thread_in_native, id=20104, stack(0x0000000016bf0000,0x0000000016cf0000)]

Stack: [0x0000000016bf0000,0x0000000016cf0000]
Native frames: (J=compiled Java code, j=interpreted, Vv=VM code, C=native code)
V  [jvm.dll+0x31667a]
V  [jvm.dll+0x267073]
V  [jvm.dll+0x267cb3]
V  [jvm.dll+0x25f5b5]
V  [jvm.dll+0xbf165]
V  [jvm.dll+0xbf60c]
V  [jvm.dll+0x45d672]
V  [jvm.dll+0x49e8ef]
V  [jvm.dll+0x452b41]
V  [jvm.dll+0x453864]
V  [jvm.dll+0x437372]
V  [jvm.dll+0x98a02]
V  [jvm.dll+0x991f3]
V  [jvm.dll+0x22bde4]
V  [jvm.dll+0x2852fa]
C  [msvcr100.dll+0x21d9f]
C  [msvcr100.dll+0x21e3b]
C  [KERNEL32.DLL+0x18102]
C  [ntdll.dll+0x5c5b4]


Current CompileTask:
C2:   4562 1352       4       com.android.dx.ssa.SCCP::simulateStmt (481 bytes)


---------------  P R O C E S S  ---------------

Java Threads: ( => current thread )
  0x0000000017118800 JavaThread "pool-2-thread-4" [_thread_blocked, id=32904, stack(0x0000000017ff0000,0x00000000180f0000)]
  0x0000000017050000 JavaThread "pool-2-thread-3" [_thread_in_vm, id=32852, stack(0x0000000017ef0000,0x0000000017ff0000)]
  0x000000001715c000 JavaThread "pool-2-thread-2" [_thread_blocked, id=32848, stack(0x0000000017df0000,0x0000000017ef0000)]
  0x000000001715b800 JavaThread "pool-3-thread-1" [_thread_blocked, id=32844, stack(0x0000000017cf0000,0x0000000017df0000)]
  0x0000000017160000 JavaThread "pool-2-thread-1" [_thread_in_Java, id=32840, stack(0x0000000017bf0000,0x0000000017cf0000)]
  0x0000000016df6000 JavaThread "Service Thread" daemon [_thread_blocked, id=32816, stack(0x00000000171f0000,0x00000000172f0000)]
  0x00000000155f3800 JavaThread "C1 CompilerThread2" daemon [_thread_blocked, id=32792, stack(0x0000000016cf0000,0x0000000016df0000)]
=>0x00000000155ea800 JavaThread "C2 CompilerThread1" daemon [_thread_in_native, id=20104, stack(0x0000000016bf0000,0x0000000016cf0000)]
  0x000000001559c000 JavaThread "C2 CompilerThread0" daemon [_thread_in_native, id=31648, stack(0x0000000016af0000,0x0000000016bf0000)]
  0x000000001559a800 JavaThread "Attach Listener" daemon [_thread_blocked, id=32700, stack(0x00000000169f0000,0x0000000016af0000)]
  0x0000000015599800 JavaThread "Signal Dispatcher" daemon [_thread_blocked, id=28952, stack(0x00000000168f0000,0x00000000169f0000)]
  0x0000000002ec0800 JavaThread "Finalizer" daemon [_thread_blocked, id=29592, stack(0x00000000167f0000,0x00000000168f0000)]
  0x0000000002ebd000 JavaThread "Reference Handler" daemon [_thread_blocked, id=32676, stack(0x00000000166f0000,0x00000000167f0000)]
  0x0000000002cce000 JavaThread "main" [_thread_in_Java, id=30476, stack(0x0000000002cd0000,0x0000000002dd0000)]

Other Threads:
  0x0000000015566800 VMThread [stack: 0x00000000165f0000,0x00000000166f0000] [id=29156]
  0x0000000016df8000 WatcherThread [stack: 0x00000000172f0000,0x00000000173f0000] [id=32820]

VM state:not at safepoint (normal execution)

VM Mutex/Monitor currently owned by a thread: None

Heap:
 PSYoungGen      total 35328K, used 21322K [0x00000000eab00000, 0x00000000ed000000, 0x0000000100000000)
  eden space 32768K, 57% used [0x00000000eab00000,0x00000000ebd5a9b8,0x00000000ecb00000)
  from space 2560K, 98% used [0x00000000ecd80000,0x00000000ecff8018,0x00000000ed000000)
  to   space 2560K, 0% used [0x00000000ecb00000,0x00000000ecb00000,0x00000000ecd80000)
 ParOldGen       total 44032K, used 3691K [0x00000000c0000000, 0x00000000c2b00000, 0x00000000eab00000)
  object space 44032K, 8% used [0x00000000c0000000,0x00000000c039ae20,0x00000000c2b00000)
 Metaspace       used 6039K, capacity 6960K, committed 7040K, reserved 1058816K
  class space    used 585K, capacity 616K, committed 640K, reserved 1048576K

Card table byte_map: [0x0000000012290000,0x00000000124a0000] byte_map_base: 0x0000000011c90000

Marking Bits: (ParMarkBitMap*) 0x0000000057b9d490
 Begin Bits: [0x0000000012a00000, 0x0000000013a00000)
 End Bits:   [0x0000000013a00000, 0x0000000014a00000)

Polling page: 0x0000000001340000

CodeCache: size=245760Kb used=5575Kb max_used=5586Kb free=240184Kb
 bounds [0x0000000002ed0000, 0x0000000003450000, 0x0000000011ed0000]
 total_blobs=1667 nmethods=1403 adapters=178
 compilation: enabled

Compilation events (10 events):
Event: 4.491 Thread 0x00000000155f3800 1409       2       com.android.dx.cf.code.LineNumberList::concat (92 bytes)
Event: 4.492 Thread 0x00000000155f3800 nmethod 1409 0x000000000343f750 code [0x000000000343f9a0, 0x00000000034404a8]
Event: 4.494 Thread 0x00000000155f3800 1410   !   2       com.android.dx.cf.code.Ropper::convert (52 bytes)
Event: 4.494 Thread 0x00000000155f3800 nmethod 1410 0x0000000003441390 code [0x0000000003441560, 0x00000000034419e8]
Event: 4.495 Thread 0x00000000155f3800 1411       2       com.android.dx.cf.code.BasicBlocker::identifyBlocks (18 bytes)
Event: 4.495 Thread 0x00000000155f3800 nmethod 1411 0x0000000003441d90 code [0x0000000003441f00, 0x00000000034420e8]
Event: 4.495 Thread 0x00000000155f3800 1412       2       com.android.dx.cf.code.RopperMachine::<init> (134 bytes)
Event: 4.496 Thread 0x00000000155f3800 nmethod 1412 0x00000000034421d0 code [0x0000000003442380, 0x0000000003442878]
Event: 4.497 Thread 0x00000000155f3800 1413       2       com.android.dx.cf.code.ConcreteMethod::getMaxLocals (8 bytes)
Event: 4.498 Thread 0x00000000155f3800 nmethod 1413 0x0000000003442b10 code [0x0000000003442c60, 0x0000000003442db0]

GC Heap History (4 events):
Event: 2.276 GC heap before
{Heap before GC invocations=1 (full 0):
 PSYoungGen      total 18944K, used 16384K [0x00000000eab00000, 0x00000000ec000000, 0x0000000100000000)
  eden space 16384K, 100% used [0x00000000eab00000,0x00000000ebb00000,0x00000000ebb00000)
  from space 2560K, 0% used [0x00000000ebd80000,0x00000000ebd80000,0x00000000ec000000)
  to   space 2560K, 0% used [0x00000000ebb00000,0x00000000ebb00000,0x00000000ebd80000)
 ParOldGen       total 44032K, used 0K [0x00000000c0000000, 0x00000000c2b00000, 0x00000000eab00000)
  object space 44032K, 0% used [0x00000000c0000000,0x00000000c0000000,0x00000000c2b00000)
 Metaspace       used 5722K, capacity 6704K, committed 6784K, reserved 1058816K
  class space    used 580K, capacity 616K, committed 640K, reserved 1048576K
Event: 2.621 GC heap after
Heap after GC invocations=1 (full 0):
 PSYoungGen      total 18944K, used 2535K [0x00000000eab00000, 0x00000000ed000000, 0x0000000100000000)
  eden space 16384K, 0% used [0x00000000eab00000,0x00000000eab00000,0x00000000ebb00000)
  from space 2560K, 99% used [0x00000000ebb00000,0x00000000ebd79c88,0x00000000ebd80000)
  to   space 2560K, 0% used [0x00000000ecd80000,0x00000000ecd80000,0x00000000ed000000)
 ParOldGen       total 44032K, used 1396K [0x00000000c0000000, 0x00000000c2b00000, 0x00000000eab00000)
  object space 44032K, 3% used [0x00000000c0000000,0x00000000c015d220,0x00000000c2b00000)
 Metaspace       used 5722K, capacity 6704K, committed 6784K, reserved 1058816K
  class space    used 580K, capacity 616K, committed 640K, reserved 1048576K
}
Event: 3.655 GC heap before
{Heap before GC invocations=2 (full 0):
 PSYoungGen      total 18944K, used 18919K [0x00000000eab00000, 0x00000000ed000000, 0x0000000100000000)
  eden space 16384K, 100% used [0x00000000eab00000,0x00000000ebb00000,0x00000000ebb00000)
  from space 2560K, 99% used [0x00000000ebb00000,0x00000000ebd79c88,0x00000000ebd80000)
  to   space 2560K, 0% used [0x00000000ecd80000,0x00000000ecd80000,0x00000000ed000000)
 ParOldGen       total 44032K, used 1396K [0x00000000c0000000, 0x00000000c2b00000, 0x00000000eab00000)
  object space 44032K, 3% used [0x00000000c0000000,0x00000000c015d220,0x00000000c2b00000)
 Metaspace       used 5962K, capacity 6896K, committed 7040K, reserved 1058816K
  class space    used 583K, capacity 616K, committed 640K, reserved 1048576K
Event: 3.858 GC heap after
Heap after GC invocations=2 (full 0):
 PSYoungGen      total 35328K, used 2528K [0x00000000eab00000, 0x00000000ed000000, 0x0000000100000000)
  eden space 32768K, 0% used [0x00000000eab00000,0x00000000eab00000,0x00000000ecb00000)
  from space 2560K, 98% used [0x00000000ecd80000,0x00000000ecff8018,0x00000000ed000000)
  to   space 2560K, 0% used [0x00000000ecb00000,0x00000000ecb00000,0x00000000ecd80000)
 ParOldGen       total 44032K, used 3691K [0x00000000c0000000, 0x00000000c2b00000, 0x00000000eab00000)
  object space 44032K, 8% used [0x00000000c0000000,0x00000000c039ae20,0x00000000c2b00000)
 Metaspace       used 5962K, capacity 6896K, committed 7040K, reserved 1058816K
  class space    used 583K, capacity 616K, committed 640K, reserved 1048576K
}

Deoptimization events (8 events):
Event: 2.685 Thread 0x0000000017118800 Uncommon trap: reason=class_check action=maybe_recompile pc=0x0000000003241218 method=com.android.dx.ssa.NormalSsaInsn.accept(Lcom/android/dx/ssa/SsaInsn$Visitor;)V @ 9
Event: 2.685 Thread 0x0000000017118800 Uncommon trap: reason=class_check action=maybe_recompile pc=0x0000000003241218 method=com.android.dx.ssa.NormalSsaInsn.accept(Lcom/android/dx/ssa/SsaInsn$Visitor;)V @ 9
Event: 2.686 Thread 0x0000000017118800 Uncommon trap: reason=class_check action=maybe_recompile pc=0x0000000003241218 method=com.android.dx.ssa.NormalSsaInsn.accept(Lcom/android/dx/ssa/SsaInsn$Visitor;)V @ 9
Event: 2.686 Thread 0x0000000017118800 Uncommon trap: reason=class_check action=maybe_recompile pc=0x0000000003241218 method=com.android.dx.ssa.NormalSsaInsn.accept(Lcom/android/dx/ssa/SsaInsn$Visitor;)V @ 9
Event: 2.687 Thread 0x0000000017118800 Uncommon trap: reason=class_check action=maybe_recompile pc=0x00000000031924b0 method=com.android.dx.ssa.NormalSsaInsn.accept(Lcom/android/dx/ssa/SsaInsn$Visitor;)V @ 9
Event: 2.929 Thread 0x000000001715c000 Uncommon trap: reason=null_check action=make_not_entrant pc=0x000000000329345c method=com.android.dx.ssa.SsaRenamer.getLocalForNewReg(I)Lcom/android/dx/rop/code/LocalItem; @ 19
Event: 2.929 Thread 0x000000001715c000 Uncommon trap: reason=null_check action=make_not_entrant pc=0x00000000032988e8 method=com.android.dx.ssa.SsaRenamer.getLocalForNewReg(I)Lcom/android/dx/rop/code/LocalItem; @ 19
Event: 3.124 Thread 0x0000000017160000 Uncommon trap: reason=unreached action=reinterpret pc=0x0000000003111c5c method=com.android.dx.rop.cst.Constant.compareTo(Lcom/android/dx/rop/cst/Constant;)I @ 12

Internal exceptions (10 events):
Event: 1.486 Thread 0x0000000017118800 Exception <a 'java/security/PrivilegedActionException'> (0x00000000eb6c2368) thrown at [D:\re\workspace\8-2-build-windows-amd64-cygwin\jdk8u25\1677\hotspot\src\share\vm\prims\jvm.cpp, line 1312]
Event: 1.487 Thread 0x0000000017160000 Exception <a 'java/security/PrivilegedActionException'> (0x00000000eb3d9120) thrown at [D:\re\workspace\8-2-build-windows-amd64-cygwin\jdk8u25\1677\hotspot\src\share\vm\prims\jvm.cpp, line 1312]
Event: 1.828 Thread 0x0000000017160000 Exception <a 'java/security/PrivilegedActionException'> (0x00000000eb709bc8) thrown at [D:\re\workspace\8-2-build-windows-amd64-cygwin\jdk8u25\1677\hotspot\src\share\vm\prims\jvm.cpp, line 1312]
Event: 1.838 Thread 0x0000000017160000 Exception <a 'java/security/PrivilegedActionException'> (0x00000000eb724630) thrown at [D:\re\workspace\8-2-build-windows-amd64-cygwin\jdk8u25\1677\hotspot\src\share\vm\prims\jvm.cpp, line 1312]
Event: 2.172 Thread 0x0000000002cce000 Exception <a 'java/security/PrivilegedActionException'> (0x00000000eba04200) thrown at [D:\re\workspace\8-2-build-windows-amd64-cygwin\jdk8u25\1677\hotspot\src\share\vm\prims\jvm.cpp, line 1312]
Event: 2.274 Thread 0x0000000017118800 Exception <a 'java/security/PrivilegedActionException'> (0x00000000eb858ae8) thrown at [D:\re\workspace\8-2-build-windows-amd64-cygwin\jdk8u25\1677\hotspot\src\share\vm\prims\jvm.cpp, line 1312]
Event: 2.927 Thread 0x000000001715c000 Exception <a 'java/security/PrivilegedActionException'> (0x00000000ead1f958) thrown at [D:\re\workspace\8-2-build-windows-amd64-cygwin\jdk8u25\1677\hotspot\src\share\vm\prims\jvm.cpp, line 1312]
Event: 2.929 Thread 0x000000001715c000 Implicit null exception at 0x0000000003291e2d to 0x0000000003293441
Event: 2.929 Thread 0x000000001715c000 Implicit null exception at 0x000000000329730b to 0x00000000032988ad
Event: 2.955 Thread 0x0000000017118800 Exception <a 'java/security/PrivilegedActionException'> (0x00000000eadcb4a8) thrown at [D:\re\workspace\8-2-build-windows-amd64-cygwin\jdk8u25\1677\hotspot\src\share\vm\prims\jvm.cpp, line 1312]

Events (10 events):
Event: 4.049 Thread 0x0000000017118800 DEOPT PACKING pc=0x000000000319cf75 sp=0x00000000180ee520
Event: 4.049 Thread 0x0000000017118800 DEOPT UNPACKING pc=0x0000000002f175bf sp=0x00000000180ee300 mode 0
Event: 4.226 Executing VM operation: EnableBiasedLocking
Event: 4.369 Executing VM operation: EnableBiasedLocking done
Event: 4.389 loading class java/util/TreeMap$EntrySet
Event: 4.389 loading class java/util/TreeMap$EntrySet done
Event: 4.389 loading class java/util/TreeMap$EntryIterator
Event: 4.389 loading class java/util/TreeMap$EntryIterator done
Event: 4.389 Executing VM operation: Deoptimize
Event: 4.391 Executing VM operation: Deoptimize done


Dynamic libraries:
0x00007ff619710000 - 0x00007ff619744000 	C:\Program Files\Java\jdk1.8.0_25\bin\java.exe
0x00007ffdb2fd0000 - 0x00007ffdb3191000 	C:\WINDOWS\SYSTEM32\ntdll.dll
0x00007ffdb2650000 - 0x00007ffdb26fd000 	C:\WINDOWS\system32\KERNEL32.DLL
0x00007ffdafe10000 - 0x00007ffdafff8000 	C:\WINDOWS\system32\KERNELBASE.dll
0x00007ffdb0d80000 - 0x00007ffdb0e27000 	C:\WINDOWS\system32\ADVAPI32.dll
0x00007ffdb1050000 - 0x00007ffdb10ed000 	C:\WINDOWS\system32\msvcrt.dll
0x00007ffdb2f70000 - 0x00007ffdb2fcb000 	C:\WINDOWS\system32\sechost.dll
0x00007ffdb0780000 - 0x00007ffdb089c000 	C:\WINDOWS\system32\RPCRT4.dll
0x00007ffdb2cf0000 - 0x00007ffdb2e46000 	C:\WINDOWS\system32\USER32.dll
0x00007ffdb0520000 - 0x00007ffdb06a6000 	C:\WINDOWS\system32\GDI32.dll
0x00007ffda7820000 - 0x00007ffda7a94000 	C:\WINDOWS\WinSxS\amd64_microsoft.windows.common-controls_6595b64144ccf1df_6.0.10586.494_none_a2d8b04ea53e3145\COMCTL32.dll
0x00007ffdb08a0000 - 0x00007ffdb0b1d000 	C:\WINDOWS\system32\combase.dll
0x00007ffdafd80000 - 0x00007ffdafdea000 	C:\WINDOWS\system32\bcryptPrimitives.dll
0x00007ffdb03d0000 - 0x00007ffdb040b000 	C:\WINDOWS\system32\IMM32.DLL
0x0000000056f00000 - 0x0000000056fd2000 	C:\Program Files\Java\jdk1.8.0_25\jre\bin\msvcr100.dll
0x00000000573c0000 - 0x0000000057c1a000 	C:\Program Files\Java\jdk1.8.0_25\jre\bin\server\jvm.dll
0x00007ffdb0d00000 - 0x00007ffdb0d08000 	C:\WINDOWS\system32\PSAPI.DLL
0x00007ffd9d1c0000 - 0x00007ffd9d1c9000 	C:\WINDOWS\SYSTEM32\WSOCK32.dll
0x00007ffdb0d10000 - 0x00007ffdb0d7b000 	C:\WINDOWS\system32\WS2_32.dll
0x00007ffdad8c0000 - 0x00007ffdad8e3000 	C:\WINDOWS\SYSTEM32\WINMM.dll
0x00007ffdad030000 - 0x00007ffdad05c000 	C:\WINDOWS\SYSTEM32\WINMMBASE.dll
0x00007ffdb0000000 - 0x00007ffdb0043000 	C:\WINDOWS\system32\cfgmgr32.dll
0x00000000573b0000 - 0x00000000573bf000 	C:\Program Files\Java\jdk1.8.0_25\jre\bin\verify.dll
0x0000000057380000 - 0x00000000573a8000 	C:\Program Files\Java\jdk1.8.0_25\jre\bin\java.dll
0x0000000057360000 - 0x0000000057376000 	C:\Program Files\Java\jdk1.8.0_25\jre\bin\zip.dll
0x00007ffdb10f0000 - 0x00007ffdb264c000 	C:\WINDOWS\system32\SHELL32.dll
0x00007ffdaf730000 - 0x00007ffdafd75000 	C:\WINDOWS\system32\windows.storage.dll
0x00007ffdb2c90000 - 0x00007ffdb2ce2000 	C:\WINDOWS\system32\shlwapi.dll
0x00007ffdaf670000 - 0x00007ffdaf67f000 	C:\WINDOWS\system32\kernel.appcore.dll
0x00007ffdb0140000 - 0x00007ffdb01f5000 	C:\WINDOWS\system32\shcore.dll
0x00007ffdaf5f0000 - 0x00007ffdaf63b000 	C:\WINDOWS\system32\powrprof.dll
0x00007ffdaf640000 - 0x00007ffdaf654000 	C:\WINDOWS\system32\profapi.dll
0x00007ffd9aee0000 - 0x00007ffd9b06c000 	C:\WINDOWS\SYSTEM32\dbghelp.dll

VM Arguments:
jvm_args: -Djava.awt.headless=true -Xmx1024M -Dfile.encoding=windows-1252 -Duser.country=FR -Duser.language=fr -Duser.variant 
java_command: com.android.dx.command.Main --dex --force-jumbo --num-threads=4 --multi-dex --output C:\Users\Famille\AndroidStudioProjects\Niviel\app\build\intermediates\transforms\dex\debug\folders\1000\10\jsoup-1.9.2_ecef94a6a7f4aa5a1465b1084b2edeb6df34e0f6 C:\Users\Famille\.gradle\caches\modules-2\files-2.1\org.jsoup\jsoup\1.9.2\5e3bda828a80c7a21dfbe2308d1755759c2fd7b4\jsoup-1.9.2.jar
java_class_path (initial): C:\Users\Famille\AppData\Local\Android\sdk\build-tools\23.0.2\lib\dx.jar
Launcher Type: SUN_STANDARD

Environment Variables:
JAVA_HOME=C:\Program Files\Java\jdk1.8.0_25
PATH=C:\Program Files\Broadcom\Broadcom 802.11 Network Adapter;;C:\Program Files\Broadcom\Broadcom 802.11;C:\ProgramData\Oracle\Java\javapath;C:\Program Files (x86)\Intel\iCLS Client\;C:\Program Files\Intel\iCLS Client\;C:\Windows\system32;C:\Windows;C:\Windows\System32\Wbem;C:\Windows\System32\WindowsPowerShell\v1.0\;C:\Program Files\Hewlett-Packard\SimplePass\;C:\wamp\bin\php\php5.5.12;C:\Python27;C:\Users\Famille\AppData\Roaming\npm\;C:\Program Files\nodejs\;C:\Program Files\Git\cmd;C:\Program Files (x86)\Brackets\command;C:\Program Files (x86)\Ant\bin;C:\Program Files (x86)\Maven\bin;C:\Program Files (x86)\Intel\Intel(R) Management Engine Components\DAL;C:\Program Files\Intel\Intel(R) Management Engine Components\DAL;C:\Program Files (x86)\Intel\Intel(R) Management Engine Components\IPT;C:\Program Files\Intel\Intel(R) Management Engine Components\IPT;C:\Users\Famille\AppData\Local\atom\bin;C:\Users\Famille\AppData\Roaming\npm
USERNAME=de Lachaux
OS=Windows_NT
PROCESSOR_IDENTIFIER=Intel64 Family 6 Model 69 Stepping 1, GenuineIntel



---------------  S Y S T E M  ---------------

OS: Windows 8.1 , 64 bit Build 9600 

CPU:total 4 (2 cores per cpu, 2 threads per core) family 6 model 69 stepping 1, cmov, cx8, fxsr, mmx, sse, sse2, sse3, ssse3, sse4.1, sse4.2, popcnt, avx, avx2, aes, clmul, erms, lzcnt, ht, tsc, tscinvbit, bmi1, bmi2

Memory: 4k page, physical 4122776k(371768k free), swap 5555352k(5112k free)

vm_info: Java HotSpot(TM) 64-Bit Server VM (25.25-b02) for windows-amd64 JRE (1.8.0_25-b18), built on Oct  7 2014 14:25:37 by "java_re" with MS VC++ 10.0 (VS2010)

time: Tue Aug 23 11:32:42 2016
elapsed time: 4 seconds (0d 0h 0m 4s)

