#
# There is insufficient memory for the Java Runtime Environment to continue.
# Native memory allocation (malloc) failed to allocate 1506336 bytes for Chunk::new
# Possible reasons:
#   The system is out of physical RAM or swap space
#   In 32 bit mode, the process size limit was hit
# Possible solutions:
#   Reduce memory load on the system
#   Increase physical memory or swap space
#   Check if swap backing store is full
#   Use 64 bit Java on a 64 bit OS
#   Decrease Java heap size (-Xmx/-Xms)
#   Decrease number of Java threads
#   Decrease Java thread stack sizes (-Xss)
#   Set larger code cache with -XX:ReservedCodeCacheSize=
# This output file may be truncated or incomplete.
#
#  Out of Memory Error (allocation.cpp:390), pid=35008, tid=32380
#
# JRE version: Java(TM) SE Runtime Environment (8.0_25-b18) (build 1.8.0_25-b18)
# Java VM: Java HotSpot(TM) 64-Bit Server VM (25.25-b02 mixed mode windows-amd64 compressed oops)
# Failed to write core dump. Minidumps are not enabled by default on client versions of Windows
#

---------------  T H R E A D  ---------------

Current thread (0x000000001537c000):  JavaThread "C2 CompilerThread0" daemon [_thread_in_native, id=32380, stack(0x00000000168d0000,0x00000000169d0000)]

Stack: [0x00000000168d0000,0x00000000169d0000]
Native frames: (J=compiled Java code, j=interpreted, Vv=VM code, C=native code)
V  [jvm.dll+0x31667a]
V  [jvm.dll+0x267073]
V  [jvm.dll+0x267cb3]
V  [jvm.dll+0x25f5b5]
V  [jvm.dll+0xbf165]
V  [jvm.dll+0xbf60c]
V  [jvm.dll+0x45d672]
V  [jvm.dll+0x49e8ef]
V  [jvm.dll+0x4527d4]
V  [jvm.dll+0x453864]
V  [jvm.dll+0x437372]
V  [jvm.dll+0x98a02]
V  [jvm.dll+0x991f3]
V  [jvm.dll+0x22bde4]
V  [jvm.dll+0x2852fa]
C  [msvcr100.dll+0x21d9f]
C  [msvcr100.dll+0x21e3b]
C  [KERNEL32.DLL+0x18102]
C  [ntdll.dll+0x5c5b4]


Current CompileTask:
C2:   4851 1360   !   4       com.android.dx.cf.cst.ConstantPoolParser::parse0 (731 bytes)


---------------  P R O C E S S  ---------------

Java Threads: ( => current thread )
  0x0000000017012800 JavaThread "pool-2-thread-4" [_thread_blocked, id=35288, stack(0x0000000017dd0000,0x0000000017ed0000)]
  0x0000000017136800 JavaThread "pool-2-thread-3" [_thread_blocked, id=34776, stack(0x0000000017cd0000,0x0000000017dd0000)]
  0x0000000017136000 JavaThread "pool-2-thread-2" [_thread_blocked, id=34080, stack(0x0000000017bd0000,0x0000000017cd0000)]
  0x0000000017030800 JavaThread "pool-3-thread-1" [_thread_blocked, id=23084, stack(0x0000000017ad0000,0x0000000017bd0000)]
  0x000000001702f800 JavaThread "pool-2-thread-1" [_thread_in_Java, id=12420, stack(0x00000000179d0000,0x0000000017ad0000)]
  0x00000000153dc000 JavaThread "Service Thread" daemon [_thread_blocked, id=26028, stack(0x0000000016bd0000,0x0000000016cd0000)]
  0x00000000153d3800 JavaThread "C1 CompilerThread2" daemon [_thread_blocked, id=33800, stack(0x0000000016ad0000,0x0000000016bd0000)]
  0x00000000153ca800 JavaThread "C2 CompilerThread1" daemon [_thread_in_native, id=28700, stack(0x00000000169d0000,0x0000000016ad0000)]
=>0x000000001537c000 JavaThread "C2 CompilerThread0" daemon [_thread_in_native, id=32380, stack(0x00000000168d0000,0x00000000169d0000)]
  0x000000001537a800 JavaThread "Attach Listener" daemon [_thread_blocked, id=34296, stack(0x00000000167d0000,0x00000000168d0000)]
  0x0000000015379800 JavaThread "Signal Dispatcher" daemon [_thread_blocked, id=34984, stack(0x00000000166d0000,0x00000000167d0000)]
  0x0000000002ca0800 JavaThread "Finalizer" daemon [_thread_blocked, id=21868, stack(0x00000000165d0000,0x00000000166d0000)]
  0x0000000002c9d000 JavaThread "Reference Handler" daemon [_thread_blocked, id=32800, stack(0x00000000164d0000,0x00000000165d0000)]
  0x0000000002aae000 JavaThread "main" [_thread_in_vm, id=34380, stack(0x0000000002ab0000,0x0000000002bb0000)]

Other Threads:
  0x0000000015346800 VMThread [stack: 0x00000000163d0000,0x00000000164d0000] [id=33432]
  0x00000000153de000 WatcherThread [stack: 0x0000000016cd0000,0x0000000016dd0000] [id=24608]

VM state:not at safepoint (normal execution)

VM Mutex/Monitor currently owned by a thread: None

Heap:
 PSYoungGen      total 18944K, used 4268K [0x00000000eab00000, 0x00000000ec000000, 0x0000000100000000)
  eden space 16384K, 10% used [0x00000000eab00000,0x00000000eacaff90,0x00000000ebb00000)
  from space 2560K, 99% used [0x00000000ebb00000,0x00000000ebd7b158,0x00000000ebd80000)
  to   space 2560K, 0% used [0x00000000ebd80000,0x00000000ebd80000,0x00000000ec000000)
 ParOldGen       total 44032K, used 17066K [0x00000000c0000000, 0x00000000c2b00000, 0x00000000eab00000)
  object space 44032K, 38% used [0x00000000c0000000,0x00000000c10aab30,0x00000000c2b00000)
 Metaspace       used 6195K, capacity 7088K, committed 7296K, reserved 1056768K
  class space    used 591K, capacity 616K, committed 640K, reserved 1048576K

Card table byte_map: [0x0000000012070000,0x0000000012280000] byte_map_base: 0x0000000011a70000

Marking Bits: (ParMarkBitMap*) 0x000000006002d490
 Begin Bits: [0x00000000127e0000, 0x00000000137e0000)
 End Bits:   [0x00000000137e0000, 0x00000000147e0000)

Polling page: 0x00000000029d0000

CodeCache: size=245760Kb used=6415Kb max_used=6415Kb free=239344Kb
 bounds [0x0000000002cb0000, 0x0000000003300000, 0x0000000011cb0000]
 total_blobs=1892 nmethods=1627 adapters=178
 compilation: enabled

Compilation events (10 events):
Event: 4.448 Thread 0x00000000153d3800 1461       3       com.android.dx.dex.cf.AttributeTranslator::getMethodAnnotations (37 bytes)
Event: 4.450 Thread 0x00000000153d3800 nmethod 1461 0x000000000327a110 code [0x000000000327a400, 0x000000000327ba68]
Event: 4.450 Thread 0x00000000153d3800 1463       3       com.android.dx.dex.code.RopTranslator::<init> (190 bytes)
Event: 4.451 Thread 0x00000000153d3800 nmethod 1463 0x000000000327c710 code [0x000000000327c960, 0x000000000327dab8]
Event: 4.451 Thread 0x00000000153d3800 1465       3       com.android.dx.dex.code.OutputCollector::<init> (34 bytes)
Event: 4.452 Thread 0x00000000153d3800 nmethod 1465 0x000000000327e3d0 code [0x000000000327e560, 0x000000000327e898]
Event: 4.452 Thread 0x00000000153d3800 1464       3       com.android.dx.rop.code.LocalVariableExtractor::<init> (59 bytes)
Event: 4.452 Thread 0x00000000153d3800 nmethod 1464 0x000000000327ea10 code [0x000000000327ebc0, 0x000000000327f1a8]
Event: 4.452 Thread 0x00000000153d3800 1466       3       com.android.dx.rop.code.LocalVariableInfo::<init> (82 bytes)
Event: 4.453 Thread 0x00000000153d3800 nmethod 1466 0x000000000327f3d0 code [0x000000000327f600, 0x0000000003280368]

GC Heap History (4 events):
Event: 3.598 GC heap before
{Heap before GC invocations=1 (full 0):
 PSYoungGen      total 18944K, used 16384K [0x00000000eab00000, 0x00000000ec000000, 0x0000000100000000)
  eden space 16384K, 100% used [0x00000000eab00000,0x00000000ebb00000,0x00000000ebb00000)
  from space 2560K, 0% used [0x00000000ebd80000,0x00000000ebd80000,0x00000000ec000000)
  to   space 2560K, 0% used [0x00000000ebb00000,0x00000000ebb00000,0x00000000ebd80000)
 ParOldGen       total 44032K, used 0K [0x00000000c0000000, 0x00000000c2b00000, 0x00000000eab00000)
  object space 44032K, 0% used [0x00000000c0000000,0x00000000c0000000,0x00000000c2b00000)
 Metaspace       used 5659K, capacity 6704K, committed 6784K, reserved 1056768K
  class space    used 583K, capacity 616K, committed 640K, reserved 1048576K
Event: 3.608 GC heap after
Heap after GC invocations=1 (full 0):
 PSYoungGen      total 18944K, used 2538K [0x00000000eab00000, 0x00000000ec000000, 0x0000000100000000)
  eden space 16384K, 0% used [0x00000000eab00000,0x00000000eab00000,0x00000000ebb00000)
  from space 2560K, 99% used [0x00000000ebb00000,0x00000000ebd7aac8,0x00000000ebd80000)
  to   space 2560K, 0% used [0x00000000ebd80000,0x00000000ebd80000,0x00000000ec000000)
 ParOldGen       total 44032K, used 1381K [0x00000000c0000000, 0x00000000c2b00000, 0x00000000eab00000)
  object space 44032K, 3% used [0x00000000c0000000,0x00000000c01597c0,0x00000000c2b00000)
 Metaspace       used 5659K, capacity 6704K, committed 6784K, reserved 1056768K
  class space    used 583K, capacity 616K, committed 640K, reserved 1048576K
}
Event: 4.076 GC heap before
{Heap before GC invocations=2 (full 0):
 PSYoungGen      total 18944K, used 18922K [0x00000000eab00000, 0x00000000ec000000, 0x0000000100000000)
  eden space 16384K, 100% used [0x00000000eab00000,0x00000000ebb00000,0x00000000ebb00000)
  from space 2560K, 99% used [0x00000000ebb00000,0x00000000ebd7aac8,0x00000000ebd80000)
  to   space 2560K, 0% used [0x00000000ebd80000,0x00000000ebd80000,0x00000000ec000000)
 ParOldGen       total 44032K, used 1381K [0x00000000c0000000, 0x00000000c2b00000, 0x00000000eab00000)
  object space 44032K, 3% used [0x00000000c0000000,0x00000000c01597c0,0x00000000c2b00000)
 Metaspace       used 5945K, capacity 6896K, committed 7040K, reserved 1056768K
  class space    used 590K, capacity 616K, committed 640K, reserved 1048576K
Event: 4.089 GC heap after
Heap after GC invocations=2 (full 0):
 PSYoungGen      total 18944K, used 2535K [0x00000000eab00000, 0x00000000ec000000, 0x0000000100000000)
  eden space 16384K, 0% used [0x00000000eab00000,0x00000000eab00000,0x00000000ebb00000)
  from space 2560K, 99% used [0x00000000ebd80000,0x00000000ebff9c78,0x00000000ec000000)
  to   space 2560K, 0% used [0x00000000ebb00000,0x00000000ebb00000,0x00000000ebd80000)
 ParOldGen       total 44032K, used 3500K [0x00000000c0000000, 0x00000000c2b00000, 0x00000000eab00000)
  object space 44032K, 7% used [0x00000000c0000000,0x00000000c036b3d0,0x00000000c2b00000)
 Metaspace       used 5945K, capacity 6896K, committed 7040K, reserved 1056768K
  class space    used 590K, capacity 616K, committed 640K, reserved 1048576K
}

Deoptimization events (10 events):
Event: 3.766 Thread 0x0000000017136800 Uncommon trap: reason=unreached action=reinterpret pc=0x000000000302f210 method=com.android.dx.rop.code.LocalItem.hashCode()I @ 25
Event: 4.038 Thread 0x0000000017012800 Uncommon trap: reason=bimorphic action=maybe_recompile pc=0x000000000313d640 method=java.util.HashMap.putVal(ILjava/lang/Object;Ljava/lang/Object;ZZ)Ljava/lang/Object; @ 91
Event: 4.073 Thread 0x0000000017012800 Uncommon trap: reason=bimorphic action=maybe_recompile pc=0x000000000313d640 method=java.util.HashMap.putVal(ILjava/lang/Object;Ljava/lang/Object;ZZ)Ljava/lang/Object; @ 91
Event: 4.099 Thread 0x0000000017012800 Uncommon trap: reason=null_check action=make_not_entrant pc=0x0000000003124d24 method=com.android.dx.rop.type.Type.equals(Ljava/lang/Object;)Z @ 8
Event: 4.106 Thread 0x0000000017012800 Uncommon trap: reason=bimorphic action=maybe_recompile pc=0x000000000313d640 method=java.util.HashMap.putVal(ILjava/lang/Object;Ljava/lang/Object;ZZ)Ljava/lang/Object; @ 91
Event: 4.106 Thread 0x0000000017012800 Uncommon trap: reason=bimorphic action=maybe_recompile pc=0x000000000313d640 method=java.util.HashMap.putVal(ILjava/lang/Object;Ljava/lang/Object;ZZ)Ljava/lang/Object; @ 91
Event: 4.326 Thread 0x0000000017136800 Uncommon trap: reason=null_check action=make_not_entrant pc=0x0000000002feb4e4 method=com.android.dx.ssa.SsaRenamer.getLocalForNewReg(I)Lcom/android/dx/rop/code/LocalItem; @ 19
Event: 4.358 Thread 0x0000000002aae000 Uncommon trap: reason=unreached action=reinterpret pc=0x000000000302e01c method=com.android.dx.rop.cst.Constant.compareTo(Lcom/android/dx/rop/cst/Constant;)I @ 12
Event: 4.384 Thread 0x000000001702f800 Uncommon trap: reason=class_check action=maybe_recompile pc=0x0000000002f05130 method=com.android.dx.ssa.NormalSsaInsn.accept(Lcom/android/dx/ssa/SsaInsn$Visitor;)V @ 9
Event: 4.401 Thread 0x0000000017012800 Uncommon trap: reason=class_check action=maybe_recompile pc=0x0000000002f05130 method=com.android.dx.ssa.NormalSsaInsn.accept(Lcom/android/dx/ssa/SsaInsn$Visitor;)V @ 9

Internal exceptions (10 events):
Event: 3.576 Thread 0x000000001702f800 Exception <a 'java/security/PrivilegedActionException'> (0x00000000eb9d6c28) thrown at [D:\re\workspace\8-2-build-windows-amd64-cygwin\jdk8u25\1677\hotspot\src\share\vm\prims\jvm.cpp, line 1312]
Event: 3.632 Thread 0x0000000017136000 Exception <a 'java/security/PrivilegedActionException'> (0x00000000eac0f678) thrown at [D:\re\workspace\8-2-build-windows-amd64-cygwin\jdk8u25\1677\hotspot\src\share\vm\prims\jvm.cpp, line 1312]
Event: 3.633 Thread 0x0000000017136000 Exception <a 'java/security/PrivilegedActionException'> (0x00000000eac150e8) thrown at [D:\re\workspace\8-2-build-windows-amd64-cygwin\jdk8u25\1677\hotspot\src\share\vm\prims\jvm.cpp, line 1312]
Event: 3.634 Thread 0x0000000017136000 Exception <a 'java/security/PrivilegedActionException'> (0x00000000eac6f068) thrown at [D:\re\workspace\8-2-build-windows-amd64-cygwin\jdk8u25\1677\hotspot\src\share\vm\prims\jvm.cpp, line 1312]
Event: 3.757 Thread 0x0000000002aae000 Exception <a 'java/security/PrivilegedActionException'> (0x00000000eaecaca8) thrown at [D:\re\workspace\8-2-build-windows-amd64-cygwin\jdk8u25\1677\hotspot\src\share\vm\prims\jvm.cpp, line 1312]
Event: 3.761 Thread 0x0000000002aae000 Exception <a 'java/security/PrivilegedActionException'> (0x00000000eaecd4b0) thrown at [D:\re\workspace\8-2-build-windows-amd64-cygwin\jdk8u25\1677\hotspot\src\share\vm\prims\jvm.cpp, line 1312]
Event: 3.931 Thread 0x0000000017136000 Exception <a 'java/security/PrivilegedActionException'> (0x00000000eb155b60) thrown at [D:\re\workspace\8-2-build-windows-amd64-cygwin\jdk8u25\1677\hotspot\src\share\vm\prims\jvm.cpp, line 1312]
Event: 4.006 Thread 0x0000000017136800 Exception <a 'java/security/PrivilegedActionException'> (0x00000000eb4d5868) thrown at [D:\re\workspace\8-2-build-windows-amd64-cygwin\jdk8u25\1677\hotspot\src\share\vm\prims\jvm.cpp, line 1312]
Event: 4.099 Thread 0x0000000017012800 Implicit null exception at 0x0000000003124c22 to 0x0000000003124d15
Event: 4.326 Thread 0x0000000017136800 Implicit null exception at 0x0000000002fe943a to 0x0000000002feb4bd

Events (10 events):
Event: 4.326 Thread 0x0000000017136800 DEOPT UNPACKING pc=0x0000000002cf556a sp=0x0000000017dce908 mode 2
Event: 4.358 Thread 0x0000000002aae000 Uncommon trap: trap_request=0xffffffad fr.pc=0x000000000302e01c
Event: 4.358 Thread 0x0000000002aae000 DEOPT PACKING pc=0x000000000302e01c sp=0x0000000002bae300
Event: 4.358 Thread 0x0000000002aae000 DEOPT UNPACKING pc=0x0000000002cf556a sp=0x0000000002bae2a0 mode 2
Event: 4.384 Thread 0x000000001702f800 Uncommon trap: trap_request=0xffffffde fr.pc=0x0000000002f05130
Event: 4.384 Thread 0x000000001702f800 DEOPT PACKING pc=0x0000000002f05130 sp=0x0000000017ace5c0
Event: 4.384 Thread 0x000000001702f800 DEOPT UNPACKING pc=0x0000000002cf556a sp=0x0000000017ace550 mode 2
Event: 4.401 Thread 0x0000000017012800 Uncommon trap: trap_request=0xffffffde fr.pc=0x0000000002f05130
Event: 4.401 Thread 0x0000000017012800 DEOPT PACKING pc=0x0000000002f05130 sp=0x0000000017ecea90
Event: 4.401 Thread 0x0000000017012800 DEOPT UNPACKING pc=0x0000000002cf556a sp=0x0000000017ecea20 mode 2


Dynamic libraries:
0x00007ff709f80000 - 0x00007ff709fb4000 	C:\Program Files\Java\jdk1.8.0_25\bin\java.exe
0x00007ffce6240000 - 0x00007ffce6401000 	C:\WINDOWS\SYSTEM32\ntdll.dll
0x00007ffce5b30000 - 0x00007ffce5bdd000 	C:\WINDOWS\system32\KERNEL32.DLL
0x00007ffce28f0000 - 0x00007ffce2ad8000 	C:\WINDOWS\system32\KERNELBASE.dll
0x00007ffce43b0000 - 0x00007ffce4457000 	C:\WINDOWS\system32\ADVAPI32.dll
0x00007ffce5d70000 - 0x00007ffce5e0d000 	C:\WINDOWS\system32\msvcrt.dll
0x00007ffce3980000 - 0x00007ffce39db000 	C:\WINDOWS\system32\sechost.dll
0x00007ffce3800000 - 0x00007ffce391c000 	C:\WINDOWS\system32\RPCRT4.dll
0x00007ffce36a0000 - 0x00007ffce37f6000 	C:\WINDOWS\system32\USER32.dll
0x00007ffce5be0000 - 0x00007ffce5d66000 	C:\WINDOWS\system32\GDI32.dll
0x00007ffcdaa90000 - 0x00007ffcdad04000 	C:\WINDOWS\WinSxS\amd64_microsoft.windows.common-controls_6595b64144ccf1df_6.0.10586.494_none_a2d8b04ea53e3145\COMCTL32.dll
0x00007ffce4020000 - 0x00007ffce429d000 	C:\WINDOWS\system32\combase.dll
0x00007ffce2f80000 - 0x00007ffce2fea000 	C:\WINDOWS\system32\bcryptPrimitives.dll
0x00007ffce3650000 - 0x00007ffce368b000 	C:\WINDOWS\system32\IMM32.DLL
0x000000005f390000 - 0x000000005f462000 	C:\Program Files\Java\jdk1.8.0_25\jre\bin\msvcr100.dll
0x000000005f850000 - 0x00000000600aa000 	C:\Program Files\Java\jdk1.8.0_25\jre\bin\server\jvm.dll
0x00007ffce4460000 - 0x00007ffce4468000 	C:\WINDOWS\system32\PSAPI.DLL
0x00007ffccd6a0000 - 0x00007ffccd6a9000 	C:\WINDOWS\SYSTEM32\WSOCK32.dll
0x00007ffce4470000 - 0x00007ffce44db000 	C:\WINDOWS\system32\WS2_32.dll
0x00007ffce0560000 - 0x00007ffce0583000 	C:\WINDOWS\SYSTEM32\WINMM.dll
0x00007ffce01a0000 - 0x00007ffce01cc000 	C:\WINDOWS\SYSTEM32\WINMMBASE.dll
0x00007ffce2ae0000 - 0x00007ffce2b23000 	C:\WINDOWS\system32\cfgmgr32.dll
0x000000005f840000 - 0x000000005f84f000 	C:\Program Files\Java\jdk1.8.0_25\jre\bin\verify.dll
0x000000005f810000 - 0x000000005f838000 	C:\Program Files\Java\jdk1.8.0_25\jre\bin\java.dll
0x000000005f7f0000 - 0x000000005f806000 	C:\Program Files\Java\jdk1.8.0_25\jre\bin\zip.dll
0x00007ffce45b0000 - 0x00007ffce5b0c000 	C:\WINDOWS\system32\SHELL32.dll
0x00007ffce2ff0000 - 0x00007ffce3635000 	C:\WINDOWS\system32\windows.storage.dll
0x00007ffce39e0000 - 0x00007ffce3a32000 	C:\WINDOWS\system32\shlwapi.dll
0x00007ffce2890000 - 0x00007ffce289f000 	C:\WINDOWS\system32\kernel.appcore.dll
0x00007ffce2ec0000 - 0x00007ffce2f75000 	C:\WINDOWS\system32\shcore.dll
0x00007ffce28a0000 - 0x00007ffce28eb000 	C:\WINDOWS\system32\powrprof.dll
0x00007ffce2870000 - 0x00007ffce2884000 	C:\WINDOWS\system32\profapi.dll
0x00007ffcc9e10000 - 0x00007ffcc9f9c000 	C:\WINDOWS\SYSTEM32\dbghelp.dll

VM Arguments:
jvm_args: -Djava.awt.headless=true -Xmx1024M -Dfile.encoding=windows-1252 -Duser.country=FR -Duser.language=fr -Duser.variant 
java_command: com.android.dx.command.Main --dex --force-jumbo --num-threads=4 --multi-dex --output C:\Users\Famille\AndroidStudioProjects\Niviel\app\build\intermediates\transforms\dex\debug\folders\1000\10\com.android.support-design-24.2.0_c56b473aaa304164fc97e3fd1b7664425a195050 C:\Users\Famille\AndroidStudioProjects\Niviel\app\build\intermediates\exploded-aar\com.android.support\design\24.2.0\jars\classes.jar
java_class_path (initial): C:\Users\Famille\AppData\Local\Android\sdk\build-tools\23.0.2\lib\dx.jar
Launcher Type: SUN_STANDARD

Environment Variables:
JAVA_HOME=C:\Program Files\Java\jdk1.8.0_25
PATH=C:\Program Files\Broadcom\Broadcom 802.11 Network Adapter;;C:\Program Files\Broadcom\Broadcom 802.11;C:\ProgramData\Oracle\Java\javapath;C:\Program Files (x86)\Intel\iCLS Client\;C:\Program Files\Intel\iCLS Client\;C:\Windows\system32;C:\Windows;C:\Windows\System32\Wbem;C:\Windows\System32\WindowsPowerShell\v1.0\;C:\Program Files\Hewlett-Packard\SimplePass\;C:\wamp\bin\php\php5.5.12;C:\Python27;C:\Users\Famille\AppData\Roaming\npm\;C:\Program Files\nodejs\;C:\Program Files\Git\cmd;C:\Program Files (x86)\Brackets\command;C:\Program Files (x86)\Ant\bin;C:\Program Files (x86)\Maven\bin;C:\Program Files (x86)\Intel\Intel(R) Management Engine Components\DAL;C:\Program Files\Intel\Intel(R) Management Engine Components\DAL;C:\Program Files (x86)\Intel\Intel(R) Management Engine Components\IPT;C:\Program Files\Intel\Intel(R) Management Engine Components\IPT;C:\Users\Famille\AppData\Local\atom\bin;C:\Users\Famille\AppData\Roaming\npm
USERNAME=de Lachaux
OS=Windows_NT
PROCESSOR_IDENTIFIER=Intel64 Family 6 Model 69 Stepping 1, GenuineIntel



---------------  S Y S T E M  ---------------

OS: Windows 8.1 , 64 bit Build 9600 

CPU:total 4 (2 cores per cpu, 2 threads per core) family 6 model 69 stepping 1, cmov, cx8, fxsr, mmx, sse, sse2, sse3, ssse3, sse4.1, sse4.2, popcnt, avx, avx2, aes, clmul, erms, lzcnt, ht, tsc, tscinvbit, bmi1, bmi2

Memory: 4k page, physical 4122776k(496636k free), swap 5555352k(343968k free)

vm_info: Java HotSpot(TM) 64-Bit Server VM (25.25-b02) for windows-amd64 JRE (1.8.0_25-b18), built on Oct  7 2014 14:25:37 by "java_re" with MS VC++ 10.0 (VS2010)

time: Wed Aug 31 18:59:25 2016
elapsed time: 4 seconds (0d 0h 0m 4s)

