#
# There is insufficient memory for the Java Runtime Environment to continue.
# Native memory allocation (malloc) failed to allocate 86256 bytes for Chunk::new
# Possible reasons:
#   The system is out of physical RAM or swap space
#   In 32 bit mode, the process size limit was hit
# Possible solutions:
#   Reduce memory load on the system
#   Increase physical memory or swap space
#   Check if swap backing store is full
#   Use 64 bit Java on a 64 bit OS
#   Decrease Java heap size (-Xmx/-Xms)
#   Decrease number of Java threads
#   Decrease Java thread stack sizes (-Xss)
#   Set larger code cache with -XX:ReservedCodeCacheSize=
# This output file may be truncated or incomplete.
#
#  Out of Memory Error (allocation.cpp:390), pid=32852, tid=33592
#
# JRE version: Java(TM) SE Runtime Environment (8.0_25-b18) (build 1.8.0_25-b18)
# Java VM: Java HotSpot(TM) 64-Bit Server VM (25.25-b02 mixed mode windows-amd64 compressed oops)
# Failed to write core dump. Minidumps are not enabled by default on client versions of Windows
#

---------------  T H R E A D  ---------------

Current thread (0x00000000154d1800):  JavaThread "C2 CompilerThread1" daemon [_thread_in_native, id=33592, stack(0x0000000016b30000,0x0000000016c30000)]

Stack: [0x0000000016b30000,0x0000000016c30000]
Native frames: (J=compiled Java code, j=interpreted, Vv=VM code, C=native code)
V  [jvm.dll+0x31667a]


Current CompileTask:
C2:    530  710       4       com.android.dx.ssa.SsaBasicBlock::forEachInsn (37 bytes)


---------------  P R O C E S S  ---------------

Java Threads: ( => current thread )
  0x000000001700e800 JavaThread "pool-2-thread-4" [_thread_blocked, id=8960, stack(0x0000000017730000,0x0000000017830000)]
  0x0000000017004800 JavaThread "pool-2-thread-3" [_thread_blocked, id=28320, stack(0x0000000017630000,0x0000000017730000)]
  0x0000000016ff3000 JavaThread "pool-2-thread-2" [_thread_in_Java, id=33292, stack(0x0000000017530000,0x0000000017630000)]
  0x000000001701f800 JavaThread "pool-3-thread-1" [_thread_blocked, id=33048, stack(0x0000000017430000,0x0000000017530000)]
  0x0000000016fc0000 JavaThread "pool-2-thread-1" [_thread_blocked, id=32992, stack(0x0000000017330000,0x0000000017430000)]
  0x0000000016d54800 JavaThread "Service Thread" daemon [_thread_blocked, id=33324, stack(0x0000000017130000,0x0000000017230000)]
  0x00000000154d6000 JavaThread "C1 CompilerThread2" daemon [_thread_in_native, id=33124, stack(0x0000000016c30000,0x0000000016d30000)]
=>0x00000000154d1800 JavaThread "C2 CompilerThread1" daemon [_thread_in_native, id=33592, stack(0x0000000016b30000,0x0000000016c30000)]
  0x00000000154cc000 JavaThread "C2 CompilerThread0" daemon [_thread_in_native, id=33632, stack(0x0000000016a30000,0x0000000016b30000)]
  0x00000000154ca800 JavaThread "Attach Listener" daemon [_thread_blocked, id=32000, stack(0x0000000016930000,0x0000000016a30000)]
  0x00000000154c9800 JavaThread "Signal Dispatcher" daemon [_thread_blocked, id=32784, stack(0x0000000016830000,0x0000000016930000)]
  0x0000000002df6000 JavaThread "Finalizer" daemon [_thread_blocked, id=33180, stack(0x0000000016730000,0x0000000016830000)]
  0x0000000002ded000 JavaThread "Reference Handler" daemon [_thread_blocked, id=33256, stack(0x0000000016630000,0x0000000016730000)]
  0x00000000013ee000 JavaThread "main" [_thread_in_Java, id=33300, stack(0x0000000002c00000,0x0000000002d00000)]

Other Threads:
  0x0000000015496800 VMThread [stack: 0x0000000016530000,0x0000000016630000] [id=33176]
  0x0000000016d57000 WatcherThread [stack: 0x0000000017230000,0x0000000017330000] [id=33396]

VM state:not at safepoint (normal execution)

VM Mutex/Monitor currently owned by a thread: None

Heap:
 PSYoungGen      total 18944K, used 5309K [0x00000000eab00000, 0x00000000ec000000, 0x0000000100000000)
  eden space 16384K, 16% used [0x00000000eab00000,0x00000000eadb50f8,0x00000000ebb00000)
  from space 2560K, 99% used [0x00000000ebb00000,0x00000000ebd7a448,0x00000000ebd80000)
  to   space 2560K, 0% used [0x00000000ebd80000,0x00000000ebd80000,0x00000000ec000000)
 ParOldGen       total 44032K, used 1311K [0x00000000c0000000, 0x00000000c2b00000, 0x00000000eab00000)
  object space 44032K, 2% used [0x00000000c0000000,0x00000000c0147d98,0x00000000c2b00000)
 Metaspace       used 5702K, capacity 6704K, committed 6784K, reserved 1056768K
  class space    used 584K, capacity 616K, committed 640K, reserved 1048576K

Card table byte_map: [0x00000000121c0000,0x00000000123d0000] byte_map_base: 0x0000000011bc0000

Marking Bits: (ParMarkBitMap*) 0x0000000057b9d490
 Begin Bits: [0x0000000012930000, 0x0000000013930000)
 End Bits:   [0x0000000013930000, 0x0000000014930000)

Polling page: 0x0000000001250000

CodeCache: size=245760Kb used=3003Kb max_used=3003Kb free=242756Kb
 bounds [0x0000000002e00000, 0x0000000003100000, 0x0000000011e00000]
 total_blobs=1048 nmethods=784 adapters=178
 compilation: enabled

Compilation events (10 events):
Event: 0.518 Thread 0x00000000154d6000  789       3       com.android.dx.cf.code.ExecutionStack::peek (42 bytes)
Event: 0.519 Thread 0x00000000154d6000 nmethod 789 0x00000000030de190 code [0x00000000030de380, 0x00000000030ded08]
Event: 0.519 Thread 0x00000000154d6000  791       3       com.android.dx.rop.code.LocalVariableExtractor::processBlock (327 bytes)
Event: 0.524 Thread 0x00000000154cc000  748       4       com.android.dx.cf.code.LineNumberList::get (9 bytes)
Event: 0.524 Thread 0x00000000154d6000 nmethod 791 0x00000000030df210 code [0x00000000030df680, 0x00000000030e3078]
Event: 0.524 Thread 0x00000000154d6000  799       3       com.android.dx.cf.code.Ropper::labelToResultIndex (47 bytes)
Event: 0.525 Thread 0x00000000154d6000 nmethod 799 0x00000000030e5290 code [0x00000000030e5440, 0x00000000030e5ab8]
Event: 0.525 Thread 0x00000000154d6000  796       3       com.android.dx.cf.code.RopperMachine::getSources (264 bytes)
Event: 0.525 Thread 0x00000000154cc000 nmethod 748 0x00000000030e8b90 code [0x00000000030e8ce0, 0x00000000030e8db8]
Event: 0.525 Thread 0x00000000154cc000  764       4       java.util.ArrayList::ensureExplicitCapacity (26 bytes)

GC Heap History (2 events):
Event: 0.473 GC heap before
{Heap before GC invocations=1 (full 0):
 PSYoungGen      total 18944K, used 16384K [0x00000000eab00000, 0x00000000ec000000, 0x0000000100000000)
  eden space 16384K, 100% used [0x00000000eab00000,0x00000000ebb00000,0x00000000ebb00000)
  from space 2560K, 0% used [0x00000000ebd80000,0x00000000ebd80000,0x00000000ec000000)
  to   space 2560K, 0% used [0x00000000ebb00000,0x00000000ebb00000,0x00000000ebd80000)
 ParOldGen       total 44032K, used 0K [0x00000000c0000000, 0x00000000c2b00000, 0x00000000eab00000)
  object space 44032K, 0% used [0x00000000c0000000,0x00000000c0000000,0x00000000c2b00000)
 Metaspace       used 5609K, capacity 6640K, committed 6784K, reserved 1056768K
  class space    used 583K, capacity 616K, committed 640K, reserved 1048576K
Event: 0.480 GC heap after
Heap after GC invocations=1 (full 0):
 PSYoungGen      total 18944K, used 2537K [0x00000000eab00000, 0x00000000ec000000, 0x0000000100000000)
  eden space 16384K, 0% used [0x00000000eab00000,0x00000000eab00000,0x00000000ebb00000)
  from space 2560K, 99% used [0x00000000ebb00000,0x00000000ebd7a448,0x00000000ebd80000)
  to   space 2560K, 0% used [0x00000000ebd80000,0x00000000ebd80000,0x00000000ec000000)
 ParOldGen       total 44032K, used 1311K [0x00000000c0000000, 0x00000000c2b00000, 0x00000000eab00000)
  object space 44032K, 2% used [0x00000000c0000000,0x00000000c0147d98,0x00000000c2b00000)
 Metaspace       used 5609K, capacity 6640K, committed 6784K, reserved 1056768K
  class space    used 583K, capacity 616K, committed 640K, reserved 1048576K
}

Deoptimization events (2 events):
Event: 0.423 Thread 0x0000000017004800 Uncommon trap: reason=class_check action=maybe_recompile pc=0x000000000304fff0 method=com.android.dx.ssa.NormalSsaInsn.accept(Lcom/android/dx/ssa/SsaInsn$Visitor;)V @ 9
Event: 0.442 Thread 0x0000000017004800 Uncommon trap: reason=class_check action=maybe_recompile pc=0x000000000304fff0 method=com.android.dx.ssa.NormalSsaInsn.accept(Lcom/android/dx/ssa/SsaInsn$Visitor;)V @ 9

Internal exceptions (10 events):
Event: 0.358 Thread 0x0000000016ff3000 Exception <a 'java/security/PrivilegedActionException'> (0x00000000eb78de38) thrown at [D:\re\workspace\8-2-build-windows-amd64-cygwin\jdk8u25\1677\hotspot\src\share\vm\prims\jvm.cpp, line 1312]
Event: 0.359 Thread 0x0000000016ff3000 Exception <a 'java/security/PrivilegedActionException'> (0x00000000eb792520) thrown at [D:\re\workspace\8-2-build-windows-amd64-cygwin\jdk8u25\1677\hotspot\src\share\vm\prims\jvm.cpp, line 1312]
Event: 0.359 Thread 0x0000000016ff3000 Exception <a 'java/security/PrivilegedActionException'> (0x00000000eb797f58) thrown at [D:\re\workspace\8-2-build-windows-amd64-cygwin\jdk8u25\1677\hotspot\src\share\vm\prims\jvm.cpp, line 1312]
Event: 0.360 Thread 0x0000000016ff3000 Exception <a 'java/security/PrivilegedActionException'> (0x00000000eb7a0c48) thrown at [D:\re\workspace\8-2-build-windows-amd64-cygwin\jdk8u25\1677\hotspot\src\share\vm\prims\jvm.cpp, line 1312]
Event: 0.361 Thread 0x0000000017004800 Exception <a 'java/security/PrivilegedActionException'> (0x00000000eb783610) thrown at [D:\re\workspace\8-2-build-windows-amd64-cygwin\jdk8u25\1677\hotspot\src\share\vm\prims\jvm.cpp, line 1312]
Event: 0.368 Thread 0x0000000016fc0000 Exception <a 'java/security/PrivilegedActionException'> (0x00000000eb6d70f0) thrown at [D:\re\workspace\8-2-build-windows-amd64-cygwin\jdk8u25\1677\hotspot\src\share\vm\prims\jvm.cpp, line 1312]
Event: 0.382 Thread 0x0000000016ff3000 Exception <a 'java/security/PrivilegedActionException'> (0x00000000eb7c8920) thrown at [D:\re\workspace\8-2-build-windows-amd64-cygwin\jdk8u25\1677\hotspot\src\share\vm\prims\jvm.cpp, line 1312]
Event: 0.398 Thread 0x000000001700e800 Exception <a 'java/security/PrivilegedActionException'> (0x00000000eb8bdd30) thrown at [D:\re\workspace\8-2-build-windows-amd64-cygwin\jdk8u25\1677\hotspot\src\share\vm\prims\jvm.cpp, line 1312]
Event: 0.427 Thread 0x0000000017004800 Exception <a 'java/security/PrivilegedActionException'> (0x00000000eb82bb40) thrown at [D:\re\workspace\8-2-build-windows-amd64-cygwin\jdk8u25\1677\hotspot\src\share\vm\prims\jvm.cpp, line 1312]
Event: 0.444 Thread 0x0000000017004800 Exception <a 'java/security/PrivilegedActionException'> (0x00000000eba61ed0) thrown at [D:\re\workspace\8-2-build-windows-amd64-cygwin\jdk8u25\1677\hotspot\src\share\vm\prims\jvm.cpp, line 1312]

Events (10 events):
Event: 0.442 Thread 0x0000000017004800 DEOPT PACKING pc=0x000000000304fff0 sp=0x000000001772e7a0
Event: 0.442 Thread 0x0000000017004800 DEOPT UNPACKING pc=0x0000000002e4556a sp=0x000000001772e730 mode 2
Event: 0.444 loading class com/android/dx/cf/code/SwitchList
Event: 0.444 loading class com/android/dx/cf/code/SwitchList done
Event: 0.472 Executing VM operation: ParallelGCFailedAllocation
Event: 0.480 Executing VM operation: ParallelGCFailedAllocation done
Event: 0.480 loading class sun/misc/Cleaner
Event: 0.480 loading class sun/misc/Cleaner done
Event: 0.501 loading class java/util/DualPivotQuicksort
Event: 0.501 loading class java/util/DualPivotQuicksort done


Dynamic libraries:
0x00007ff619710000 - 0x00007ff619744000 	C:\Program Files\Java\jdk1.8.0_25\bin\java.exe
0x00007ffdb2fd0000 - 0x00007ffdb3191000 	C:\WINDOWS\SYSTEM32\ntdll.dll
0x00007ffdb2650000 - 0x00007ffdb26fd000 	C:\WINDOWS\system32\KERNEL32.DLL
0x00007ffdafe10000 - 0x00007ffdafff8000 	C:\WINDOWS\system32\KERNELBASE.dll
0x00007ffdb0d80000 - 0x00007ffdb0e27000 	C:\WINDOWS\system32\ADVAPI32.dll
0x00007ffdb1050000 - 0x00007ffdb10ed000 	C:\WINDOWS\system32\msvcrt.dll
0x00007ffdb2f70000 - 0x00007ffdb2fcb000 	C:\WINDOWS\system32\sechost.dll
0x00007ffdb0780000 - 0x00007ffdb089c000 	C:\WINDOWS\system32\RPCRT4.dll
0x00007ffdb2cf0000 - 0x00007ffdb2e46000 	C:\WINDOWS\system32\USER32.dll
0x00007ffdb0520000 - 0x00007ffdb06a6000 	C:\WINDOWS\system32\GDI32.dll
0x00007ffda7820000 - 0x00007ffda7a94000 	C:\WINDOWS\WinSxS\amd64_microsoft.windows.common-controls_6595b64144ccf1df_6.0.10586.494_none_a2d8b04ea53e3145\COMCTL32.dll
0x00007ffdb08a0000 - 0x00007ffdb0b1d000 	C:\WINDOWS\system32\combase.dll
0x00007ffdafd80000 - 0x00007ffdafdea000 	C:\WINDOWS\system32\bcryptPrimitives.dll
0x00007ffdb03d0000 - 0x00007ffdb040b000 	C:\WINDOWS\system32\IMM32.DLL
0x0000000056f00000 - 0x0000000056fd2000 	C:\Program Files\Java\jdk1.8.0_25\jre\bin\msvcr100.dll
0x00000000573c0000 - 0x0000000057c1a000 	C:\Program Files\Java\jdk1.8.0_25\jre\bin\server\jvm.dll
0x00007ffdb0d00000 - 0x00007ffdb0d08000 	C:\WINDOWS\system32\PSAPI.DLL
0x00007ffd9d1c0000 - 0x00007ffd9d1c9000 	C:\WINDOWS\SYSTEM32\WSOCK32.dll
0x00007ffdb0d10000 - 0x00007ffdb0d7b000 	C:\WINDOWS\system32\WS2_32.dll
0x00007ffdad8c0000 - 0x00007ffdad8e3000 	C:\WINDOWS\SYSTEM32\WINMM.dll
0x00007ffdad030000 - 0x00007ffdad05c000 	C:\WINDOWS\SYSTEM32\WINMMBASE.dll
0x00007ffdb0000000 - 0x00007ffdb0043000 	C:\WINDOWS\system32\cfgmgr32.dll
0x00000000573b0000 - 0x00000000573bf000 	C:\Program Files\Java\jdk1.8.0_25\jre\bin\verify.dll
0x0000000057380000 - 0x00000000573a8000 	C:\Program Files\Java\jdk1.8.0_25\jre\bin\java.dll
0x0000000057360000 - 0x0000000057376000 	C:\Program Files\Java\jdk1.8.0_25\jre\bin\zip.dll
0x00007ffdb10f0000 - 0x00007ffdb264c000 	C:\WINDOWS\system32\SHELL32.dll
0x00007ffdaf730000 - 0x00007ffdafd75000 	C:\WINDOWS\system32\windows.storage.dll
0x00007ffdb2c90000 - 0x00007ffdb2ce2000 	C:\WINDOWS\system32\shlwapi.dll
0x00007ffdaf670000 - 0x00007ffdaf67f000 	C:\WINDOWS\system32\kernel.appcore.dll
0x00007ffdb0140000 - 0x00007ffdb01f5000 	C:\WINDOWS\system32\shcore.dll
0x00007ffdaf5f0000 - 0x00007ffdaf63b000 	C:\WINDOWS\system32\powrprof.dll
0x00007ffdaf640000 - 0x00007ffdaf654000 	C:\WINDOWS\system32\profapi.dll

VM Arguments:
jvm_args: -Djava.awt.headless=true -Xmx1024M -Dfile.encoding=windows-1252 -Duser.country=FR -Duser.language=fr -Duser.variant 
java_command: com.android.dx.command.Main --dex --force-jumbo --num-threads=4 --multi-dex --output C:\Users\Famille\AndroidStudioProjects\Niviel\app\build\intermediates\transforms\dex\debug\folders\1000\10\com.android.support-design-24.2.0_c56b473aaa304164fc97e3fd1b7664425a195050 C:\Users\Famille\AndroidStudioProjects\Niviel\app\build\intermediates\exploded-aar\com.android.support\design\24.2.0\jars\classes.jar
java_class_path (initial): C:\Users\Famille\AppData\Local\Android\sdk\build-tools\23.0.2\lib\dx.jar
Launcher Type: SUN_STANDARD

Environment Variables:
JAVA_HOME=C:\Program Files\Java\jdk1.8.0_25
PATH=C:\Program Files\Broadcom\Broadcom 802.11 Network Adapter;;C:\Program Files\Broadcom\Broadcom 802.11;C:\ProgramData\Oracle\Java\javapath;C:\Program Files (x86)\Intel\iCLS Client\;C:\Program Files\Intel\iCLS Client\;C:\Windows\system32;C:\Windows;C:\Windows\System32\Wbem;C:\Windows\System32\WindowsPowerShell\v1.0\;C:\Program Files\Hewlett-Packard\SimplePass\;C:\wamp\bin\php\php5.5.12;C:\Python27;C:\Users\Famille\AppData\Roaming\npm\;C:\Program Files\nodejs\;C:\Program Files\Git\cmd;C:\Program Files (x86)\Brackets\command;C:\Program Files (x86)\Ant\bin;C:\Program Files (x86)\Maven\bin;C:\Program Files (x86)\Intel\Intel(R) Management Engine Components\DAL;C:\Program Files\Intel\Intel(R) Management Engine Components\DAL;C:\Program Files (x86)\Intel\Intel(R) Management Engine Components\IPT;C:\Program Files\Intel\Intel(R) Management Engine Components\IPT;C:\Users\Famille\AppData\Local\atom\bin;C:\Users\Famille\AppData\Roaming\npm
USERNAME=de Lachaux
OS=Windows_NT
PROCESSOR_IDENTIFIER=Intel64 Family 6 Model 69 Stepping 1, GenuineIntel



---------------  S Y S T E M  ---------------

OS: Windows 8.1 , 64 bit Build 9600 

CPU:total 4 (2 cores per cpu, 2 threads per core) family 6 model 69 stepping 1, cmov, cx8, fxsr, mmx, sse, sse2, sse3, ssse3, sse4.1, sse4.2, popcnt, avx, avx2, aes, clmul, erms, lzcnt, ht, tsc, tscinvbit, bmi1, bmi2

Memory: 4k page, physical 4122776k(364280k free), swap 5555352k(5148k free)

vm_info: Java HotSpot(TM) 64-Bit Server VM (25.25-b02) for windows-amd64 JRE (1.8.0_25-b18), built on Oct  7 2014 14:25:37 by "java_re" with MS VC++ 10.0 (VS2010)

time: Tue Aug 23 11:33:27 2016
elapsed time: 0 seconds (0d 0h 0m 0s)

