#
# There is insufficient memory for the Java Runtime Environment to continue.
# Native memory allocation (malloc) failed to allocate 1062976 bytes for Chunk::new
# Possible reasons:
#   The system is out of physical RAM or swap space
#   In 32 bit mode, the process size limit was hit
# Possible solutions:
#   Reduce memory load on the system
#   Increase physical memory or swap space
#   Check if swap backing store is full
#   Use 64 bit Java on a 64 bit OS
#   Decrease Java heap size (-Xmx/-Xms)
#   Decrease number of Java threads
#   Decrease Java thread stack sizes (-Xss)
#   Set larger code cache with -XX:ReservedCodeCacheSize=
# This output file may be truncated or incomplete.
#
#  Out of Memory Error (allocation.cpp:390), pid=4256, tid=13864
#
# JRE version: Java(TM) SE Runtime Environment (8.0_25-b18) (build 1.8.0_25-b18)
# Java VM: Java HotSpot(TM) 64-Bit Server VM (25.25-b02 mixed mode windows-amd64 compressed oops)
# Failed to write core dump. Minidumps are not enabled by default on client versions of Windows
#

---------------  T H R E A D  ---------------

Current thread (0x00000000150dc000):  JavaThread "C2 CompilerThread0" daemon [_thread_in_native, id=13864, stack(0x0000000016640000,0x0000000016740000)]

Stack: [0x0000000016640000,0x0000000016740000]
Native frames: (J=compiled Java code, j=interpreted, Vv=VM code, C=native code)
V  [jvm.dll+0x31667a]
V  [jvm.dll+0x267073]
V  [jvm.dll+0x267cb3]
V  [jvm.dll+0x25f5b5]
V  [jvm.dll+0xbf165]
V  [jvm.dll+0xbf60c]
V  [jvm.dll+0x45d672]
V  [jvm.dll+0x49e8ef]
V  [jvm.dll+0x4527d4]
V  [jvm.dll+0x453864]
V  [jvm.dll+0x437372]
V  [jvm.dll+0x98a02]
V  [jvm.dll+0x991f3]
V  [jvm.dll+0x22bde4]
V  [jvm.dll+0x2852fa]
C  [msvcr100.dll+0x21d9f]
C  [msvcr100.dll+0x21e3b]
C  [KERNEL32.DLL+0x18102]
C  [ntdll.dll+0x5c5b4]


Current CompileTask:
C2:   7127 2130       4       com.android.dx.dex.code.OutputFinisher::addConstants (93 bytes)


---------------  P R O C E S S  ---------------

Java Threads: ( => current thread )
  0x0000000016bab800 JavaThread "pool-1-thread-1" [_thread_in_Java, id=14108, stack(0x0000000018c10000,0x0000000018d10000)]
  0x0000000016964000 JavaThread "Service Thread" daemon [_thread_blocked, id=13780, stack(0x0000000016d40000,0x0000000016e40000)]
  0x00000000150e2000 JavaThread "C1 CompilerThread2" daemon [_thread_blocked, id=13376, stack(0x0000000016840000,0x0000000016940000)]
  0x00000000150e1000 JavaThread "C2 CompilerThread1" daemon [_thread_in_native, id=14184, stack(0x0000000016740000,0x0000000016840000)]
=>0x00000000150dc000 JavaThread "C2 CompilerThread0" daemon [_thread_in_native, id=13864, stack(0x0000000016640000,0x0000000016740000)]
  0x00000000150da800 JavaThread "Attach Listener" daemon [_thread_blocked, id=13964, stack(0x0000000016540000,0x0000000016640000)]
  0x00000000150d9800 JavaThread "Signal Dispatcher" daemon [_thread_blocked, id=13824, stack(0x0000000016440000,0x0000000016540000)]
  0x0000000002a00800 JavaThread "Finalizer" daemon [_thread_blocked, id=13800, stack(0x0000000016340000,0x0000000016440000)]
  0x00000000029fd000 JavaThread "Reference Handler" daemon [_thread_blocked, id=6136, stack(0x0000000016240000,0x0000000016340000)]
  0x00000000027ce000 JavaThread "main" [_thread_blocked, id=13948, stack(0x00000000027d0000,0x00000000028d0000)]

Other Threads:
  0x00000000150a6800 VMThread [stack: 0x0000000016140000,0x0000000016240000] [id=13504]
  0x0000000016966800 WatcherThread [stack: 0x0000000016e40000,0x0000000016f40000] [id=13804]

VM state:not at safepoint (normal execution)

VM Mutex/Monitor currently owned by a thread: None

Heap:
 PSYoungGen      total 73728K, used 33454K [0x00000000eab00000, 0x00000000efd00000, 0x0000000100000000)
  eden space 64512K, 49% used [0x00000000eab00000,0x00000000eca53d50,0x00000000eea00000)
  from space 9216K, 14% used [0x00000000eea00000,0x00000000eeb57cc8,0x00000000ef300000)
  to   space 8192K, 0% used [0x00000000ef300000,0x00000000ef300000,0x00000000efb00000)
 ParOldGen       total 81408K, used 43797K [0x00000000c0000000, 0x00000000c4f80000, 0x00000000eab00000)
  object space 81408K, 53% used [0x00000000c0000000,0x00000000c2ac5428,0x00000000c4f80000)
 Metaspace       used 6511K, capacity 7320K, committed 7680K, reserved 1056768K
  class space    used 618K, capacity 656K, committed 768K, reserved 1048576K

Card table byte_map: [0x0000000011dd0000,0x0000000011fe0000] byte_map_base: 0x00000000117d0000

Marking Bits: (ParMarkBitMap*) 0x0000000057b9d490
 Begin Bits: [0x0000000012540000, 0x0000000013540000)
 End Bits:   [0x0000000013540000, 0x0000000014540000)

Polling page: 0x0000000001140000

CodeCache: size=245760Kb used=8640Kb max_used=8640Kb free=237119Kb
 bounds [0x0000000002a10000, 0x0000000003290000, 0x0000000011a10000]
 total_blobs=2302 nmethods=2037 adapters=178
 compilation: enabled

Compilation events (10 events):
Event: 7.030 Thread 0x00000000150dc000 nmethod 2126 0x0000000003284490 code [0x0000000003284600, 0x0000000003284c68]
Event: 7.030 Thread 0x00000000150dc000 2132       4       java.util.HashMap$HashIterator::nextNode (100 bytes)
Event: 7.034 Thread 0x00000000150dc000 nmethod 2132 0x0000000003279350 code [0x00000000032794a0, 0x00000000032796d8]
Event: 7.034 Thread 0x00000000150dc000 2134       4       java.util.HashMap::resize (359 bytes)
Event: 7.044 Thread 0x00000000150dc000 nmethod 2134 0x0000000003283b90 code [0x0000000003283d20, 0x0000000003284248]
Event: 7.044 Thread 0x00000000150dc000 2130       4       com.android.dx.dex.code.OutputFinisher::addConstants (93 bytes)
Event: 7.052 Thread 0x00000000150e2000 2137       3       com.android.dx.dex.code.StdCatchBuilder::hasAnyCatches (57 bytes)
Event: 7.052 Thread 0x00000000150e2000 nmethod 2137 0x0000000003282710 code [0x0000000003282900, 0x0000000003283638]
Event: 7.052 Thread 0x00000000150e2000 2136       3       com.android.dx.dex.file.CodeItem::addContents (174 bytes)
Event: 7.054 Thread 0x00000000150e2000 nmethod 2136 0x0000000003285550 code [0x0000000003285860, 0x0000000003287208]

GC Heap History (10 events):
Event: 2.503 GC heap before
{Heap before GC invocations=6 (full 0):
 PSYoungGen      total 35328K, used 35306K [0x00000000eab00000, 0x00000000efb00000, 0x0000000100000000)
  eden space 32768K, 100% used [0x00000000eab00000,0x00000000ecb00000,0x00000000ecb00000)
  from space 2560K, 99% used [0x00000000ecb00000,0x00000000ecd7a838,0x00000000ecd80000)
  to   space 8192K, 0% used [0x00000000ef300000,0x00000000ef300000,0x00000000efb00000)
 ParOldGen       total 44032K, used 13266K [0x00000000c0000000, 0x00000000c2b00000, 0x00000000eab00000)
  object space 44032K, 30% used [0x00000000c0000000,0x00000000c0cf49f8,0x00000000c2b00000)
 Metaspace       used 6219K, capacity 7152K, committed 7296K, reserved 1056768K
  class space    used 592K, capacity 616K, committed 640K, reserved 1048576K
Event: 2.522 GC heap after
Heap after GC invocations=6 (full 0):
 PSYoungGen      total 72704K, used 8177K [0x00000000eab00000, 0x00000000efd00000, 0x0000000100000000)
  eden space 64512K, 0% used [0x00000000eab00000,0x00000000eab00000,0x00000000eea00000)
  from space 8192K, 99% used [0x00000000ef300000,0x00000000efafc648,0x00000000efb00000)
  to   space 9216K, 0% used [0x00000000eea00000,0x00000000eea00000,0x00000000ef300000)
 ParOldGen       total 44032K, used 13266K [0x00000000c0000000, 0x00000000c2b00000, 0x00000000eab00000)
  object space 44032K, 30% used [0x00000000c0000000,0x00000000c0cf49f8,0x00000000c2b00000)
 Metaspace       used 6219K, capacity 7152K, committed 7296K, reserved 1056768K
  class space    used 592K, capacity 616K, committed 640K, reserved 1048576K
}
Event: 3.017 GC heap before
{Heap before GC invocations=7 (full 0):
 PSYoungGen      total 72704K, used 72689K [0x00000000eab00000, 0x00000000efd00000, 0x0000000100000000)
  eden space 64512K, 100% used [0x00000000eab00000,0x00000000eea00000,0x00000000eea00000)
  from space 8192K, 99% used [0x00000000ef300000,0x00000000efafc648,0x00000000efb00000)
  to   space 9216K, 0% used [0x00000000eea00000,0x00000000eea00000,0x00000000ef300000)
 ParOldGen       total 44032K, used 13266K [0x00000000c0000000, 0x00000000c2b00000, 0x00000000eab00000)
  object space 44032K, 30% used [0x00000000c0000000,0x00000000c0cf49f8,0x00000000c2b00000)
 Metaspace       used 6336K, capacity 7192K, committed 7424K, reserved 1056768K
  class space    used 612K, capacity 656K, committed 768K, reserved 1048576K
Event: 3.064 GC heap after
Heap after GC invocations=7 (full 0):
 PSYoungGen      total 73728K, used 9210K [0x00000000eab00000, 0x00000000efd00000, 0x0000000100000000)
  eden space 64512K, 0% used [0x00000000eab00000,0x00000000eab00000,0x00000000eea00000)
  from space 9216K, 99% used [0x00000000eea00000,0x00000000ef2fe800,0x00000000ef300000)
  to   space 8192K, 0% used [0x00000000ef300000,0x00000000ef300000,0x00000000efb00000)
 ParOldGen       total 44032K, used 21594K [0x00000000c0000000, 0x00000000c2b00000, 0x00000000eab00000)
  object space 44032K, 49% used [0x00000000c0000000,0x00000000c1516af8,0x00000000c2b00000)
 Metaspace       used 6336K, capacity 7192K, committed 7424K, reserved 1056768K
  class space    used 612K, capacity 656K, committed 768K, reserved 1048576K
}
Event: 4.620 GC heap before
{Heap before GC invocations=8 (full 0):
 PSYoungGen      total 73728K, used 73722K [0x00000000eab00000, 0x00000000efd00000, 0x0000000100000000)
  eden space 64512K, 100% used [0x00000000eab00000,0x00000000eea00000,0x00000000eea00000)
  from space 9216K, 99% used [0x00000000eea00000,0x00000000ef2fe800,0x00000000ef300000)
  to   space 8192K, 0% used [0x00000000ef300000,0x00000000ef300000,0x00000000efb00000)
 ParOldGen       total 44032K, used 21594K [0x00000000c0000000, 0x00000000c2b00000, 0x00000000eab00000)
  object space 44032K, 49% used [0x00000000c0000000,0x00000000c1516af8,0x00000000c2b00000)
 Metaspace       used 6408K, capacity 7256K, committed 7424K, reserved 1056768K
  class space    used 612K, capacity 656K, committed 768K, reserved 1048576K
Event: 4.671 GC heap after
Heap after GC invocations=8 (full 0):
 PSYoungGen      total 72704K, used 8177K [0x00000000eab00000, 0x00000000efd00000, 0x0000000100000000)
  eden space 64512K, 0% used [0x00000000eab00000,0x00000000eab00000,0x00000000eea00000)
  from space 8192K, 99% used [0x00000000ef300000,0x00000000efafc598,0x00000000efb00000)
  to   space 9216K, 0% used [0x00000000eea00000,0x00000000eea00000,0x00000000ef300000)
 ParOldGen       total 44032K, used 30977K [0x00000000c0000000, 0x00000000c2b00000, 0x00000000eab00000)
  object space 44032K, 70% used [0x00000000c0000000,0x00000000c1e40608,0x00000000c2b00000)
 Metaspace       used 6408K, capacity 7256K, committed 7424K, reserved 1056768K
  class space    used 612K, capacity 656K, committed 768K, reserved 1048576K
}
Event: 5.715 GC heap before
{Heap before GC invocations=9 (full 0):
 PSYoungGen      total 72704K, used 72689K [0x00000000eab00000, 0x00000000efd00000, 0x0000000100000000)
  eden space 64512K, 100% used [0x00000000eab00000,0x00000000eea00000,0x00000000eea00000)
  from space 8192K, 99% used [0x00000000ef300000,0x00000000efafc598,0x00000000efb00000)
  to   space 9216K, 0% used [0x00000000eea00000,0x00000000eea00000,0x00000000ef300000)
 ParOldGen       total 44032K, used 30977K [0x00000000c0000000, 0x00000000c2b00000, 0x00000000eab00000)
  object space 44032K, 70% used [0x00000000c0000000,0x00000000c1e40608,0x00000000c2b00000)
 Metaspace       used 6424K, capacity 7256K, committed 7424K, reserved 1056768K
  class space    used 612K, capacity 656K, committed 768K, reserved 1048576K
Event: 6.007 GC heap after
Heap after GC invocations=9 (full 0):
 PSYoungGen      total 73728K, used 9184K [0x00000000eab00000, 0x00000000efd00000, 0x0000000100000000)
  eden space 64512K, 0% used [0x00000000eab00000,0x00000000eab00000,0x00000000eea00000)
  from space 9216K, 99% used [0x00000000eea00000,0x00000000ef2f82f8,0x00000000ef300000)
  to   space 8192K, 0% used [0x00000000ef300000,0x00000000ef300000,0x00000000efb00000)
 ParOldGen       total 44032K, used 40869K [0x00000000c0000000, 0x00000000c2b00000, 0x00000000eab00000)
  object space 44032K, 92% used [0x00000000c0000000,0x00000000c27e9470,0x00000000c2b00000)
 Metaspace       used 6424K, capacity 7256K, committed 7424K, reserved 1056768K
  class space    used 612K, capacity 656K, committed 768K, reserved 1048576K
}
Event: 6.007 GC heap before
{Heap before GC invocations=10 (full 1):
 PSYoungGen      total 73728K, used 9184K [0x00000000eab00000, 0x00000000efd00000, 0x0000000100000000)
  eden space 64512K, 0% used [0x00000000eab00000,0x00000000eab00000,0x00000000eea00000)
  from space 9216K, 99% used [0x00000000eea00000,0x00000000ef2f82f8,0x00000000ef300000)
  to   space 8192K, 0% used [0x00000000ef300000,0x00000000ef300000,0x00000000efb00000)
 ParOldGen       total 44032K, used 40869K [0x00000000c0000000, 0x00000000c2b00000, 0x00000000eab00000)
  object space 44032K, 92% used [0x00000000c0000000,0x00000000c27e9470,0x00000000c2b00000)
 Metaspace       used 6424K, capacity 7256K, committed 7424K, reserved 1056768K
  class space    used 612K, capacity 656K, committed 768K, reserved 1048576K
Event: 6.734 GC heap after
Heap after GC invocations=10 (full 1):
 PSYoungGen      total 73728K, used 1375K [0x00000000eab00000, 0x00000000efd00000, 0x0000000100000000)
  eden space 64512K, 0% used [0x00000000eab00000,0x00000000eab00000,0x00000000eea00000)
  from space 9216K, 14% used [0x00000000eea00000,0x00000000eeb57cc8,0x00000000ef300000)
  to   space 8192K, 0% used [0x00000000ef300000,0x00000000ef300000,0x00000000efb00000)
 ParOldGen       total 81408K, used 43797K [0x00000000c0000000, 0x00000000c4f80000, 0x00000000eab00000)
  object space 81408K, 53% used [0x00000000c0000000,0x00000000c2ac5428,0x00000000c4f80000)
 Metaspace       used 6424K, capacity 7256K, committed 7424K, reserved 1056768K
  class space    used 612K, capacity 656K, committed 768K, reserved 1048576K
}

Deoptimization events (10 events):
Event: 3.689 Thread 0x0000000016bab800 Uncommon trap: reason=unreached action=reinterpret pc=0x00000000030fb694 method=java.util.HashMap.resize()[Ljava/util/HashMap$Node; @ 206
Event: 5.654 Thread 0x0000000016c87000 Uncommon trap: reason=unloaded action=reinterpret pc=0x00000000030c1290 method=com.android.dx.ssa.LiteralOpUpgrader$1.visitNonMoveInsn(Lcom/android/dx/ssa/NormalSsaInsn;)V @ 72
Event: 6.778 Thread 0x0000000016c54000 Uncommon trap: reason=bimorphic action=maybe_recompile pc=0x00000000031b8ecc method=com.android.dx.cf.code.BytecodeArray.parseInstruction(ILcom/android/dx/cf/code/BytecodeArray$Visitor;)I @ 1287
Event: 6.778 Thread 0x0000000016c54000 Uncommon trap: reason=bimorphic action=maybe_recompile pc=0x00000000031b8ecc method=com.android.dx.cf.code.BytecodeArray.parseInstruction(ILcom/android/dx/cf/code/BytecodeArray$Visitor;)I @ 1287
Event: 6.943 Thread 0x0000000016bab800 Uncommon trap: reason=class_check action=maybe_recompile pc=0x0000000002eaf5a0 method=java.util.Arrays.hashCode([Ljava/lang/Object;)I @ 43
Event: 6.943 Thread 0x0000000016bab800 Uncommon trap: reason=class_check action=maybe_recompile pc=0x0000000002eaf5a0 method=java.util.Arrays.hashCode([Ljava/lang/Object;)I @ 43
Event: 6.943 Thread 0x0000000016bab800 Uncommon trap: reason=class_check action=maybe_recompile pc=0x0000000002eaf5a0 method=java.util.Arrays.hashCode([Ljava/lang/Object;)I @ 43
Event: 6.943 Thread 0x0000000016bab800 Uncommon trap: reason=class_check action=maybe_recompile pc=0x0000000002eaf5a0 method=java.util.Arrays.hashCode([Ljava/lang/Object;)I @ 43
Event: 6.943 Thread 0x0000000016bab800 Uncommon trap: reason=class_check action=maybe_recompile pc=0x0000000002e8a780 method=java.util.Arrays.hashCode([Ljava/lang/Object;)I @ 43
Event: 6.960 Thread 0x0000000016bab800 Uncommon trap: reason=bimorphic action=maybe_recompile pc=0x0000000002eb4534 method=java.util.HashMap.putVal(ILjava/lang/Object;Ljava/lang/Object;ZZ)Ljava/lang/Object; @ 203

Internal exceptions (10 events):
Event: 1.135 Thread 0x00000000027ce000 Exception <a 'java/security/PrivilegedActionException'> (0x00000000eafa39a0) thrown at [D:\re\workspace\8-2-build-windows-amd64-cygwin\jdk8u25\1677\hotspot\src\share\vm\prims\jvm.cpp, line 1312]
Event: 1.191 Thread 0x0000000016c87000 Exception <a 'java/security/PrivilegedActionException'> (0x00000000eb47c908) thrown at [D:\re\workspace\8-2-build-windows-amd64-cygwin\jdk8u25\1677\hotspot\src\share\vm\prims\jvm.cpp, line 1312]
Event: 1.579 Thread 0x00000000027ce000 Exception <a 'java/security/PrivilegedActionException'> (0x00000000eb8603a8) thrown at [D:\re\workspace\8-2-build-windows-amd64-cygwin\jdk8u25\1677\hotspot\src\share\vm\prims\jvm.cpp, line 1312]
Event: 2.382 Thread 0x0000000016c56800 Exception <a 'java/security/PrivilegedActionException'> (0x00000000ebf36b70) thrown at [D:\re\workspace\8-2-build-windows-amd64-cygwin\jdk8u25\1677\hotspot\src\share\vm\prims\jvm.cpp, line 1312]
Event: 2.964 Thread 0x0000000016c54000 Exception <a 'java/lang/ArrayIndexOutOfBoundsException': 18> (0x00000000ee20cdd0) thrown at [D:\re\workspace\8-2-build-windows-amd64-cygwin\jdk8u25\1677\hotspot\src\share\vm\interpreter\interpreterRuntime.cpp, line 366]
Event: 2.965 Thread 0x0000000016c54000 Exception <a 'java/lang/ArrayIndexOutOfBoundsException': 145> (0x00000000ee20e868) thrown at [D:\re\workspace\8-2-build-windows-amd64-cygwin\jdk8u25\1677\hotspot\src\share\vm\interpreter\interpreterRuntime.cpp, line 366]
Event: 2.966 Thread 0x0000000016c54000 Exception <a 'java/lang/ArrayIndexOutOfBoundsException'> (0x00000000ee20fa80) thrown at [D:\re\workspace\8-2-build-windows-amd64-cygwin\jdk8u25\1677\hotspot\src\share\vm\runtime\sharedRuntime.cpp, line 604]
Event: 6.937 Thread 0x00000000027ce000 Exception <a 'java/security/PrivilegedActionException'> (0x00000000eb780c08) thrown at [D:\re\workspace\8-2-build-windows-amd64-cygwin\jdk8u25\1677\hotspot\src\share\vm\prims\jvm.cpp, line 1312]
Event: 6.945 Thread 0x0000000016bab800 Exception <a 'java/security/PrivilegedActionException'> (0x00000000ec7762d0) thrown at [D:\re\workspace\8-2-build-windows-amd64-cygwin\jdk8u25\1677\hotspot\src\share\vm\prims\jvm.cpp, line 1312]
Event: 6.967 Thread 0x0000000016bab800 Exception <a 'java/security/PrivilegedActionException'> (0x00000000ec7d2ff0) thrown at [D:\re\workspace\8-2-build-windows-amd64-cygwin\jdk8u25\1677\hotspot\src\share\vm\prims\jvm.cpp, line 1312]

Events (10 events):
Event: 6.943 Thread 0x0000000016bab800 DEOPT UNPACKING pc=0x0000000002a5556a sp=0x0000000018d0ecd8 mode 2
Event: 6.945 loading class com/android/dx/rop/cst/Zeroes
Event: 6.945 loading class com/android/dx/rop/cst/Zeroes done
Event: 6.960 Thread 0x0000000016bab800 Uncommon trap: trap_request=0xffffffc6 fr.pc=0x0000000002eb4534
Event: 6.960 Thread 0x0000000016bab800 DEOPT PACKING pc=0x0000000002eb4534 sp=0x0000000018d0ee50
Event: 6.960 Thread 0x0000000016bab800 DEOPT UNPACKING pc=0x0000000002a5556a sp=0x0000000018d0edc8 mode 2
Event: 6.967 loading class com/android/dx/dex/file/CatchStructs
Event: 6.967 loading class com/android/dx/dex/file/CatchStructs done
Event: 6.987 Thread 0x0000000016bab800 DEOPT PACKING pc=0x000000000326f754 sp=0x0000000018d0ee90
Event: 6.987 Thread 0x0000000016bab800 DEOPT UNPACKING pc=0x0000000002a575bf sp=0x0000000018d0ec20 mode 0


Dynamic libraries:
0x00007ff620af0000 - 0x00007ff620b24000 	C:\Program Files\Java\jdk1.8.0_25\bin\java.exe
0x00007ffdb2fd0000 - 0x00007ffdb3191000 	C:\WINDOWS\SYSTEM32\ntdll.dll
0x00007ffdb2650000 - 0x00007ffdb26fd000 	C:\WINDOWS\system32\KERNEL32.DLL
0x00007ffdafe10000 - 0x00007ffdafff8000 	C:\WINDOWS\system32\KERNELBASE.dll
0x00007ffdb0d80000 - 0x00007ffdb0e27000 	C:\WINDOWS\system32\ADVAPI32.dll
0x00007ffdb1050000 - 0x00007ffdb10ed000 	C:\WINDOWS\system32\msvcrt.dll
0x00007ffdb2f70000 - 0x00007ffdb2fcb000 	C:\WINDOWS\system32\sechost.dll
0x00007ffdb0780000 - 0x00007ffdb089c000 	C:\WINDOWS\system32\RPCRT4.dll
0x00007ffdb2cf0000 - 0x00007ffdb2e46000 	C:\WINDOWS\system32\USER32.dll
0x00007ffdb0520000 - 0x00007ffdb06a6000 	C:\WINDOWS\system32\GDI32.dll
0x00007ffda7820000 - 0x00007ffda7a94000 	C:\WINDOWS\WinSxS\amd64_microsoft.windows.common-controls_6595b64144ccf1df_6.0.10586.494_none_a2d8b04ea53e3145\COMCTL32.dll
0x00007ffdb08a0000 - 0x00007ffdb0b1d000 	C:\WINDOWS\system32\combase.dll
0x00007ffdafd80000 - 0x00007ffdafdea000 	C:\WINDOWS\system32\bcryptPrimitives.dll
0x00007ffdb03d0000 - 0x00007ffdb040b000 	C:\WINDOWS\system32\IMM32.DLL
0x0000000056f00000 - 0x0000000056fd2000 	C:\Program Files\Java\jdk1.8.0_25\jre\bin\msvcr100.dll
0x00000000573c0000 - 0x0000000057c1a000 	C:\Program Files\Java\jdk1.8.0_25\jre\bin\server\jvm.dll
0x00007ffdb0d00000 - 0x00007ffdb0d08000 	C:\WINDOWS\system32\PSAPI.DLL
0x00007ffd9d1c0000 - 0x00007ffd9d1c9000 	C:\WINDOWS\SYSTEM32\WSOCK32.dll
0x00007ffdb0d10000 - 0x00007ffdb0d7b000 	C:\WINDOWS\system32\WS2_32.dll
0x00007ffdad8c0000 - 0x00007ffdad8e3000 	C:\WINDOWS\SYSTEM32\WINMM.dll
0x00007ffdad030000 - 0x00007ffdad05c000 	C:\WINDOWS\SYSTEM32\WINMMBASE.dll
0x00007ffdb0000000 - 0x00007ffdb0043000 	C:\WINDOWS\system32\cfgmgr32.dll
0x00000000573b0000 - 0x00000000573bf000 	C:\Program Files\Java\jdk1.8.0_25\jre\bin\verify.dll
0x0000000057380000 - 0x00000000573a8000 	C:\Program Files\Java\jdk1.8.0_25\jre\bin\java.dll
0x0000000057360000 - 0x0000000057376000 	C:\Program Files\Java\jdk1.8.0_25\jre\bin\zip.dll
0x00007ffdb10f0000 - 0x00007ffdb264c000 	C:\WINDOWS\system32\SHELL32.dll
0x00007ffdaf730000 - 0x00007ffdafd75000 	C:\WINDOWS\system32\windows.storage.dll
0x00007ffdb2c90000 - 0x00007ffdb2ce2000 	C:\WINDOWS\system32\shlwapi.dll
0x00007ffdaf670000 - 0x00007ffdaf67f000 	C:\WINDOWS\system32\kernel.appcore.dll
0x00007ffdb0140000 - 0x00007ffdb01f5000 	C:\WINDOWS\system32\shcore.dll
0x00007ffdaf5f0000 - 0x00007ffdaf63b000 	C:\WINDOWS\system32\powrprof.dll
0x00007ffdaf640000 - 0x00007ffdaf654000 	C:\WINDOWS\system32\profapi.dll
0x00007ffd9aee0000 - 0x00007ffd9b06c000 	C:\WINDOWS\SYSTEM32\dbghelp.dll

VM Arguments:
jvm_args: -Djava.awt.headless=true -Xmx1024M -Dfile.encoding=windows-1252 -Duser.country=FR -Duser.language=fr -Duser.variant 
java_command: com.android.dx.command.Main --dex --force-jumbo --num-threads=4 --multi-dex --output C:\Users\Famille\AndroidStudioProjects\Niviel\app\build\intermediates\transforms\dex\debug\folders\1000\10\com.android.support-appcompat-v7-24.2.0_a90505fa36c560e57855edbc9a661c2fe1e4b7ac C:\Users\Famille\AndroidStudioProjects\Niviel\app\build\intermediates\exploded-aar\com.android.support\appcompat-v7\24.2.0\jars\classes.jar
java_class_path (initial): C:\Users\Famille\AppData\Local\Android\sdk\build-tools\23.0.2\lib\dx.jar
Launcher Type: SUN_STANDARD

Environment Variables:
JAVA_HOME=C:\Program Files\Java\jdk1.8.0_25
PATH=C:\Program Files\Broadcom\Broadcom 802.11 Network Adapter;;C:\Program Files\Broadcom\Broadcom 802.11;C:\ProgramData\Oracle\Java\javapath;C:\Program Files (x86)\Intel\iCLS Client\;C:\Program Files\Intel\iCLS Client\;C:\Windows\system32;C:\Windows;C:\Windows\System32\Wbem;C:\Windows\System32\WindowsPowerShell\v1.0\;C:\Program Files\Hewlett-Packard\SimplePass\;C:\wamp\bin\php\php5.5.12;C:\Python27;C:\Users\Famille\AppData\Roaming\npm\;C:\Program Files\nodejs\;C:\Program Files\Git\cmd;C:\Program Files (x86)\Brackets\command;C:\Program Files (x86)\Ant\bin;C:\Program Files (x86)\Maven\bin;C:\Program Files (x86)\Intel\Intel(R) Management Engine Components\DAL;C:\Program Files\Intel\Intel(R) Management Engine Components\DAL;C:\Program Files (x86)\Intel\Intel(R) Management Engine Components\IPT;C:\Program Files\Intel\Intel(R) Management Engine Components\IPT;C:\Users\Famille\AppData\Local\atom\bin;C:\Users\Famille\AppData\Roaming\npm
USERNAME=de Lachaux
OS=Windows_NT
PROCESSOR_IDENTIFIER=Intel64 Family 6 Model 69 Stepping 1, GenuineIntel



---------------  S Y S T E M  ---------------

OS: Windows 8.1 , 64 bit Build 9600 

CPU:total 4 (2 cores per cpu, 2 threads per core) family 6 model 69 stepping 1, cmov, cx8, fxsr, mmx, sse, sse2, sse3, ssse3, sse4.1, sse4.2, popcnt, avx, avx2, aes, clmul, erms, lzcnt, ht, tsc, tscinvbit, bmi1, bmi2

Memory: 4k page, physical 4122776k(440364k free), swap 5555352k(4184k free)

vm_info: Java HotSpot(TM) 64-Bit Server VM (25.25-b02) for windows-amd64 JRE (1.8.0_25-b18), built on Oct  7 2014 14:25:37 by "java_re" with MS VC++ 10.0 (VS2010)

time: Mon Aug 22 17:55:54 2016
elapsed time: 7 seconds (0d 0h 0m 7s)

