#
# There is insufficient memory for the Java Runtime Environment to continue.
# Native memory allocation (malloc) failed to allocate 1836496 bytes for Chunk::new
# Possible reasons:
#   The system is out of physical RAM or swap space
#   In 32 bit mode, the process size limit was hit
# Possible solutions:
#   Reduce memory load on the system
#   Increase physical memory or swap space
#   Check if swap backing store is full
#   Use 64 bit Java on a 64 bit OS
#   Decrease Java heap size (-Xmx/-Xms)
#   Decrease number of Java threads
#   Decrease Java thread stack sizes (-Xss)
#   Set larger code cache with -XX:ReservedCodeCacheSize=
# This output file may be truncated or incomplete.
#
#  Out of Memory Error (allocation.cpp:390), pid=35440, tid=35280
#
# JRE version: Java(TM) SE Runtime Environment (8.0_25-b18) (build 1.8.0_25-b18)
# Java VM: Java HotSpot(TM) 64-Bit Server VM (25.25-b02 mixed mode windows-amd64 compressed oops)
# Failed to write core dump. Minidumps are not enabled by default on client versions of Windows
#

---------------  T H R E A D  ---------------

Current thread (0x000000001497d800):  JavaThread "C2 CompilerThread0" daemon [_thread_in_native, id=35280, stack(0x0000000015ef0000,0x0000000015ff0000)]

Stack: [0x0000000015ef0000,0x0000000015ff0000]
Native frames: (J=compiled Java code, j=interpreted, Vv=VM code, C=native code)
V  [jvm.dll+0x31667a]
V  [jvm.dll+0x267073]
V  [jvm.dll+0x267cb3]
V  [jvm.dll+0x25f5b5]
V  [jvm.dll+0xbf165]
V  [jvm.dll+0xbf60c]
V  [jvm.dll+0x45d672]
V  [jvm.dll+0x49e8ef]
V  [jvm.dll+0x452b41]
V  [jvm.dll+0x453864]
V  [jvm.dll+0x437372]
V  [jvm.dll+0x98a02]
V  [jvm.dll+0x991f3]
V  [jvm.dll+0x22bde4]
V  [jvm.dll+0x2852fa]
C  [msvcr100.dll+0x21d9f]
C  [msvcr100.dll+0x21e3b]
C  [KERNEL32.DLL+0x18102]
C  [ntdll.dll+0x5c5b4]


Current CompileTask:
C2:   2277 1509   !   4       com.android.dx.cf.code.BytecodeArray::parseInstruction (2764 bytes)


---------------  P R O C E S S  ---------------

Java Threads: ( => current thread )
  0x0000000016452800 JavaThread "pool-2-thread-4" [_thread_in_Java, id=35624, stack(0x00000000173f0000,0x00000000174f0000)]
  0x0000000016451800 JavaThread "pool-2-thread-3" [_thread_in_Java, id=35300, stack(0x00000000172f0000,0x00000000173f0000)]
  0x0000000016450800 JavaThread "pool-2-thread-2" [_thread_in_Java, id=35580, stack(0x00000000171f0000,0x00000000172f0000)]
  0x0000000016465800 JavaThread "pool-3-thread-1" [_thread_blocked, id=35828, stack(0x00000000170f0000,0x00000000171f0000)]
  0x0000000016464800 JavaThread "pool-2-thread-1" [_thread_in_Java, id=34224, stack(0x0000000016ff0000,0x00000000170f0000)]
  0x0000000016213800 JavaThread "Service Thread" daemon [_thread_blocked, id=35116, stack(0x00000000165f0000,0x00000000166f0000)]
  0x00000000149b9800 JavaThread "C1 CompilerThread2" daemon [_thread_blocked, id=35400, stack(0x00000000160f0000,0x00000000161f0000)]
  0x0000000014982800 JavaThread "C2 CompilerThread1" daemon [_thread_in_native, id=35716, stack(0x0000000015ff0000,0x00000000160f0000)]
=>0x000000001497d800 JavaThread "C2 CompilerThread0" daemon [_thread_in_native, id=35280, stack(0x0000000015ef0000,0x0000000015ff0000)]
  0x000000001497c800 JavaThread "Attach Listener" daemon [_thread_blocked, id=35276, stack(0x0000000015df0000,0x0000000015ef0000)]
  0x000000001497b800 JavaThread "Signal Dispatcher" daemon [_thread_blocked, id=35740, stack(0x0000000015cf0000,0x0000000015df0000)]
  0x00000000022a0800 JavaThread "Finalizer" daemon [_thread_blocked, id=25708, stack(0x0000000015bf0000,0x0000000015cf0000)]
  0x0000000014948000 JavaThread "Reference Handler" daemon [_thread_blocked, id=35728, stack(0x0000000015af0000,0x0000000015bf0000)]
  0x0000000001fce000 JavaThread "main" [_thread_in_Java, id=35296, stack(0x00000000020b0000,0x00000000021b0000)]

Other Threads:
  0x0000000014946800 VMThread [stack: 0x00000000159f0000,0x0000000015af0000] [id=35660]
  0x0000000016214800 WatcherThread [stack: 0x00000000166f0000,0x00000000167f0000] [id=35804]

VM state:not at safepoint (normal execution)

VM Mutex/Monitor currently owned by a thread: None

Heap:
 PSYoungGen      total 35328K, used 32318K [0x00000000eab00000, 0x00000000efb00000, 0x0000000100000000)
  eden space 32768K, 90% used [0x00000000eab00000,0x00000000ec8110b0,0x00000000ecb00000)
  from space 2560K, 99% used [0x00000000ecb00000,0x00000000ecd7e960,0x00000000ecd80000)
  to   space 8192K, 0% used [0x00000000ef300000,0x00000000ef300000,0x00000000efb00000)
 ParOldGen       total 44032K, used 12778K [0x00000000c0000000, 0x00000000c2b00000, 0x00000000eab00000)
  object space 44032K, 29% used [0x00000000c0000000,0x00000000c0c7ab68,0x00000000c2b00000)
 Metaspace       used 6227K, capacity 7152K, committed 7296K, reserved 1056768K
  class space    used 592K, capacity 616K, committed 640K, reserved 1048576K

Card table byte_map: [0x0000000011670000,0x0000000011880000] byte_map_base: 0x0000000011070000

Marking Bits: (ParMarkBitMap*) 0x000000005c36d490
 Begin Bits: [0x0000000011de0000, 0x0000000012de0000)
 End Bits:   [0x0000000012de0000, 0x0000000013de0000)

Polling page: 0x0000000000700000

CodeCache: size=245760Kb used=6556Kb max_used=6571Kb free=239203Kb
 bounds [0x00000000022b0000, 0x0000000002920000, 0x00000000112b0000]
 total_blobs=1924 nmethods=1660 adapters=178
 compilation: enabled

Compilation events (10 events):
Event: 2.237 Thread 0x00000000149b9800 1684       2       java.util.concurrent.FutureTask::finishCompletion (74 bytes)
Event: 2.237 Thread 0x00000000149b9800 nmethod 1684 0x0000000002911490 code [0x0000000002911600, 0x0000000002911928]
Event: 2.237 Thread 0x00000000149b9800 1685       2       java.util.concurrent.FutureTask::done (1 bytes)
Event: 2.237 Thread 0x00000000149b9800 nmethod 1685 0x0000000002911a90 code [0x0000000002911be0, 0x0000000002911d30]
Event: 2.241 Thread 0x00000000149b9800 1686       1       com.android.dx.cf.attrib.AttInnerClasses::getInnerClasses (5 bytes)
Event: 2.241 Thread 0x00000000149b9800 nmethod 1686 0x0000000002911d90 code [0x0000000002911ee0, 0x0000000002911ff0]
Event: 2.243 Thread 0x00000000149b9800 1687       2       com.android.dx.rop.code.Rops::opGetStatic (97 bytes)
Event: 2.244 Thread 0x00000000149b9800 nmethod 1687 0x0000000002912050 code [0x0000000002912220, 0x0000000002912758]
Event: 2.249 Thread 0x00000000149b9800 1688       2       com.android.dx.cf.attrib.InnerClassList$Item::<init> (40 bytes)
Event: 2.249 Thread 0x00000000149b9800 nmethod 1688 0x0000000002912a10 code [0x0000000002912b80, 0x0000000002912da8]

GC Heap History (10 events):
Event: 0.687 GC heap before
{Heap before GC invocations=1 (full 0):
 PSYoungGen      total 18944K, used 16384K [0x00000000eab00000, 0x00000000ec000000, 0x0000000100000000)
  eden space 16384K, 100% used [0x00000000eab00000,0x00000000ebb00000,0x00000000ebb00000)
  from space 2560K, 0% used [0x00000000ebd80000,0x00000000ebd80000,0x00000000ec000000)
  to   space 2560K, 0% used [0x00000000ebb00000,0x00000000ebb00000,0x00000000ebd80000)
 ParOldGen       total 44032K, used 0K [0x00000000c0000000, 0x00000000c2b00000, 0x00000000eab00000)
  object space 44032K, 0% used [0x00000000c0000000,0x00000000c0000000,0x00000000c2b00000)
 Metaspace       used 5441K, capacity 6448K, committed 6528K, reserved 1056768K
  class space    used 585K, capacity 616K, committed 640K, reserved 1048576K
Event: 0.693 GC heap after
Heap after GC invocations=1 (full 0):
 PSYoungGen      total 18944K, used 2556K [0x00000000eab00000, 0x00000000ec000000, 0x0000000100000000)
  eden space 16384K, 0% used [0x00000000eab00000,0x00000000eab00000,0x00000000ebb00000)
  from space 2560K, 99% used [0x00000000ebb00000,0x00000000ebd7f130,0x00000000ebd80000)
  to   space 2560K, 0% used [0x00000000ebd80000,0x00000000ebd80000,0x00000000ec000000)
 ParOldGen       total 44032K, used 749K [0x00000000c0000000, 0x00000000c2b00000, 0x00000000eab00000)
  object space 44032K, 1% used [0x00000000c0000000,0x00000000c00bb6c0,0x00000000c2b00000)
 Metaspace       used 5441K, capacity 6448K, committed 6528K, reserved 1056768K
  class space    used 585K, capacity 616K, committed 640K, reserved 1048576K
}
Event: 1.092 GC heap before
{Heap before GC invocations=2 (full 0):
 PSYoungGen      total 18944K, used 18940K [0x00000000eab00000, 0x00000000ec000000, 0x0000000100000000)
  eden space 16384K, 100% used [0x00000000eab00000,0x00000000ebb00000,0x00000000ebb00000)
  from space 2560K, 99% used [0x00000000ebb00000,0x00000000ebd7f130,0x00000000ebd80000)
  to   space 2560K, 0% used [0x00000000ebd80000,0x00000000ebd80000,0x00000000ec000000)
 ParOldGen       total 44032K, used 749K [0x00000000c0000000, 0x00000000c2b00000, 0x00000000eab00000)
  object space 44032K, 1% used [0x00000000c0000000,0x00000000c00bb6c0,0x00000000c2b00000)
 Metaspace       used 5924K, capacity 6896K, committed 7040K, reserved 1056768K
  class space    used 591K, capacity 616K, committed 640K, reserved 1048576K
Event: 1.103 GC heap after
Heap after GC invocations=2 (full 0):
 PSYoungGen      total 18944K, used 2528K [0x00000000eab00000, 0x00000000ed000000, 0x0000000100000000)
  eden space 16384K, 0% used [0x00000000eab00000,0x00000000eab00000,0x00000000ebb00000)
  from space 2560K, 98% used [0x00000000ebd80000,0x00000000ebff8038,0x00000000ec000000)
  to   space 2560K, 0% used [0x00000000ebb00000,0x00000000ebb00000,0x00000000ebd80000)
 ParOldGen       total 44032K, used 2526K [0x00000000c0000000, 0x00000000c2b00000, 0x00000000eab00000)
  object space 44032K, 5% used [0x00000000c0000000,0x00000000c0277bc8,0x00000000c2b00000)
 Metaspace       used 5924K, capacity 6896K, committed 7040K, reserved 1056768K
  class space    used 591K, capacity 616K, committed 640K, reserved 1048576K
}
Event: 1.378 GC heap before
{Heap before GC invocations=3 (full 0):
 PSYoungGen      total 18944K, used 18912K [0x00000000eab00000, 0x00000000ed000000, 0x0000000100000000)
  eden space 16384K, 100% used [0x00000000eab00000,0x00000000ebb00000,0x00000000ebb00000)
  from space 2560K, 98% used [0x00000000ebd80000,0x00000000ebff8038,0x00000000ec000000)
  to   space 2560K, 0% used [0x00000000ebb00000,0x00000000ebb00000,0x00000000ebd80000)
 ParOldGen       total 44032K, used 2526K [0x00000000c0000000, 0x00000000c2b00000, 0x00000000eab00000)
  object space 44032K, 5% used [0x00000000c0000000,0x00000000c0277bc8,0x00000000c2b00000)
 Metaspace       used 6079K, capacity 7024K, committed 7296K, reserved 1056768K
  class space    used 591K, capacity 616K, committed 640K, reserved 1048576K
Event: 1.392 GC heap after
Heap after GC invocations=3 (full 0):
 PSYoungGen      total 18944K, used 2553K [0x00000000eab00000, 0x00000000ed000000, 0x0000000100000000)
  eden space 16384K, 0% used [0x00000000eab00000,0x00000000eab00000,0x00000000ebb00000)
  from space 2560K, 99% used [0x00000000ebb00000,0x00000000ebd7e610,0x00000000ebd80000)
  to   space 2560K, 0% used [0x00000000ecd80000,0x00000000ecd80000,0x00000000ed000000)
 ParOldGen       total 44032K, used 5212K [0x00000000c0000000, 0x00000000c2b00000, 0x00000000eab00000)
  object space 44032K, 11% used [0x00000000c0000000,0x00000000c05172d8,0x00000000c2b00000)
 Metaspace       used 6079K, capacity 7024K, committed 7296K, reserved 1056768K
  class space    used 591K, capacity 616K, committed 640K, reserved 1048576K
}
Event: 1.565 GC heap before
{Heap before GC invocations=4 (full 0):
 PSYoungGen      total 18944K, used 18937K [0x00000000eab00000, 0x00000000ed000000, 0x0000000100000000)
  eden space 16384K, 100% used [0x00000000eab00000,0x00000000ebb00000,0x00000000ebb00000)
  from space 2560K, 99% used [0x00000000ebb00000,0x00000000ebd7e610,0x00000000ebd80000)
  to   space 2560K, 0% used [0x00000000ecd80000,0x00000000ecd80000,0x00000000ed000000)
 ParOldGen       total 44032K, used 5212K [0x00000000c0000000, 0x00000000c2b00000, 0x00000000eab00000)
  object space 44032K, 11% used [0x00000000c0000000,0x00000000c05172d8,0x00000000c2b00000)
 Metaspace       used 6122K, capacity 7088K, committed 7296K, reserved 1056768K
  class space    used 592K, capacity 616K, committed 640K, reserved 1048576K
Event: 1.591 GC heap after
Heap after GC invocations=4 (full 0):
 PSYoungGen      total 35328K, used 2552K [0x00000000eab00000, 0x00000000ed000000, 0x0000000100000000)
  eden space 32768K, 0% used [0x00000000eab00000,0x00000000eab00000,0x00000000ecb00000)
  from space 2560K, 99% used [0x00000000ecd80000,0x00000000ecffe210,0x00000000ed000000)
  to   space 2560K, 0% used [0x00000000ecb00000,0x00000000ecb00000,0x00000000ecd80000)
 ParOldGen       total 44032K, used 8181K [0x00000000c0000000, 0x00000000c2b00000, 0x00000000eab00000)
  object space 44032K, 18% used [0x00000000c0000000,0x00000000c07fd728,0x00000000c2b00000)
 Metaspace       used 6122K, capacity 7088K, committed 7296K, reserved 1056768K
  class space    used 592K, capacity 616K, committed 640K, reserved 1048576K
}
Event: 1.937 GC heap before
{Heap before GC invocations=5 (full 0):
 PSYoungGen      total 35328K, used 35320K [0x00000000eab00000, 0x00000000ed000000, 0x0000000100000000)
  eden space 32768K, 100% used [0x00000000eab00000,0x00000000ecb00000,0x00000000ecb00000)
  from space 2560K, 99% used [0x00000000ecd80000,0x00000000ecffe210,0x00000000ed000000)
  to   space 2560K, 0% used [0x00000000ecb00000,0x00000000ecb00000,0x00000000ecd80000)
 ParOldGen       total 44032K, used 8181K [0x00000000c0000000, 0x00000000c2b00000, 0x00000000eab00000)
  object space 44032K, 18% used [0x00000000c0000000,0x00000000c07fd728,0x00000000c2b00000)
 Metaspace       used 6200K, capacity 7152K, committed 7296K, reserved 1056768K
  class space    used 592K, capacity 616K, committed 640K, reserved 1048576K
Event: 1.959 GC heap after
Heap after GC invocations=5 (full 0):
 PSYoungGen      total 35328K, used 2554K [0x00000000eab00000, 0x00000000efb00000, 0x0000000100000000)
  eden space 32768K, 0% used [0x00000000eab00000,0x00000000eab00000,0x00000000ecb00000)
  from space 2560K, 99% used [0x00000000ecb00000,0x00000000ecd7e960,0x00000000ecd80000)
  to   space 8192K, 0% used [0x00000000ef300000,0x00000000ef300000,0x00000000efb00000)
 ParOldGen       total 44032K, used 12778K [0x00000000c0000000, 0x00000000c2b00000, 0x00000000eab00000)
  object space 44032K, 29% used [0x00000000c0000000,0x00000000c0c7ab68,0x00000000c2b00000)
 Metaspace       used 6200K, capacity 7152K, committed 7296K, reserved 1056768K
  class space    used 592K, capacity 616K, committed 640K, reserved 1048576K
}

Deoptimization events (10 events):
Event: 1.105 Thread 0x0000000016451800 Uncommon trap: reason=bimorphic action=maybe_recompile pc=0x000000000250082c method=java.util.HashMap.getNode(ILjava/lang/Object;)Ljava/util/HashMap$Node; @ 126
Event: 1.325 Thread 0x0000000016450800 Uncommon trap: reason=null_check action=make_not_entrant pc=0x00000000025f942c method=com.android.dx.ssa.SsaRenamer.getLocalForNewReg(I)Lcom/android/dx/rop/code/LocalItem; @ 19
Event: 1.600 Thread 0x0000000016451800 Uncommon trap: reason=unreached action=reinterpret pc=0x00000000024f6f9c method=com.android.dx.rop.cst.Constant.compareTo(Lcom/android/dx/rop/cst/Constant;)I @ 12
Event: 1.642 Thread 0x0000000016452800 Uncommon trap: reason=bimorphic action=maybe_recompile pc=0x00000000024e5e94 method=java.util.HashMap.getNode(ILjava/lang/Object;)Ljava/util/HashMap$Node; @ 126
Event: 1.642 Thread 0x0000000016452800 Uncommon trap: reason=bimorphic action=maybe_recompile pc=0x00000000024e5e94 method=java.util.HashMap.getNode(ILjava/lang/Object;)Ljava/util/HashMap$Node; @ 126
Event: 1.642 Thread 0x0000000016452800 Uncommon trap: reason=bimorphic action=maybe_recompile pc=0x000000000250082c method=java.util.HashMap.getNode(ILjava/lang/Object;)Ljava/util/HashMap$Node; @ 126
Event: 1.666 Thread 0x0000000016464800 Uncommon trap: reason=bimorphic action=maybe_recompile pc=0x00000000027c3f74 method=java.util.HashMap.putVal(ILjava/lang/Object;Ljava/lang/Object;ZZ)Ljava/lang/Object; @ 203
Event: 2.031 Thread 0x0000000001fce000 Uncommon trap: reason=unloaded action=reinterpret pc=0x00000000028c12d4 method=com.android.dx.cf.cst.ConstantPoolParser.parse0(ILjava/util/BitSet;)Lcom/android/dx/rop/cst/Constant; @ 198
Event: 2.058 Thread 0x0000000001fce000 Uncommon trap: reason=unreached action=reinterpret pc=0x0000000002892b2c method=com.android.dx.ssa.SCCP.simulateBranch(Lcom/android/dx/ssa/SsaInsn;)V @ 132
Event: 2.060 Thread 0x0000000001fce000 Uncommon trap: reason=unreached action=reinterpret pc=0x0000000002629a1c method=com.android.dx.ssa.SsaMethod.updateOneDefinition(Lcom/android/dx/ssa/SsaInsn;Lcom/android/dx/rop/code/RegisterSpec;)V @ 4

Internal exceptions (10 events):
Event: 0.686 Thread 0x0000000016450800 Exception <a 'java/security/PrivilegedActionException'> (0x00000000ebaf2910) thrown at [D:\re\workspace\8-2-build-windows-amd64-cygwin\jdk8u25\1677\hotspot\src\share\vm\prims\jvm.cpp, line 1312]
Event: 0.686 Thread 0x0000000016450800 Exception <a 'java/security/PrivilegedActionException'> (0x00000000ebaf8380) thrown at [D:\re\workspace\8-2-build-windows-amd64-cygwin\jdk8u25\1677\hotspot\src\share\vm\prims\jvm.cpp, line 1312]
Event: 0.687 Thread 0x0000000016450800 Exception <a 'java/security/PrivilegedActionException'> (0x00000000ebafdba8) thrown at [D:\re\workspace\8-2-build-windows-amd64-cygwin\jdk8u25\1677\hotspot\src\share\vm\prims\jvm.cpp, line 1312]
Event: 0.721 Thread 0x0000000001fce000 Exception <a 'java/security/PrivilegedActionException'> (0x00000000eacf6a38) thrown at [D:\re\workspace\8-2-build-windows-amd64-cygwin\jdk8u25\1677\hotspot\src\share\vm\prims\jvm.cpp, line 1312]
Event: 0.742 Thread 0x0000000016450800 Exception <a 'java/security/PrivilegedActionException'> (0x00000000eacd6f40) thrown at [D:\re\workspace\8-2-build-windows-amd64-cygwin\jdk8u25\1677\hotspot\src\share\vm\prims\jvm.cpp, line 1312]
Event: 0.795 Thread 0x0000000001fce000 Exception <a 'java/security/PrivilegedActionException'> (0x00000000eaf14028) thrown at [D:\re\workspace\8-2-build-windows-amd64-cygwin\jdk8u25\1677\hotspot\src\share\vm\prims\jvm.cpp, line 1312]
Event: 0.806 Thread 0x0000000001fce000 Exception <a 'java/security/PrivilegedActionException'> (0x00000000eaf339f8) thrown at [D:\re\workspace\8-2-build-windows-amd64-cygwin\jdk8u25\1677\hotspot\src\share\vm\prims\jvm.cpp, line 1312]
Event: 1.325 Thread 0x0000000016450800 Implicit null exception at 0x00000000025f7345 to 0x00000000025f9405
Event: 1.397 Thread 0x0000000001fce000 Exception <a 'java/security/PrivilegedActionException'> (0x00000000eab3a8b0) thrown at [D:\re\workspace\8-2-build-windows-amd64-cygwin\jdk8u25\1677\hotspot\src\share\vm\prims\jvm.cpp, line 1312]
Event: 2.059 Thread 0x0000000001fce000 Exception <a 'java/security/PrivilegedActionException'> (0x00000000eb72d520) thrown at [D:\re\workspace\8-2-build-windows-amd64-cygwin\jdk8u25\1677\hotspot\src\share\vm\prims\jvm.cpp, line 1312]

Events (10 events):
Event: 2.058 Thread 0x0000000001fce000 Uncommon trap: trap_request=0xffffffad fr.pc=0x0000000002892b2c
Event: 2.058 Thread 0x0000000001fce000 DEOPT PACKING pc=0x0000000002892b2c sp=0x00000000021adcd0
Event: 2.058 Thread 0x0000000001fce000 DEOPT UNPACKING pc=0x00000000022f556a sp=0x00000000021adcd8 mode 2
Event: 2.059 loading class com/android/dx/rop/code/RegOps
Event: 2.059 loading class com/android/dx/rop/code/RegOps done
Event: 2.060 Thread 0x0000000001fce000 Uncommon trap: trap_request=0xffffffad fr.pc=0x0000000002629a1c
Event: 2.060 Thread 0x0000000001fce000 DEOPT PACKING pc=0x0000000002629a1c sp=0x00000000021adc70
Event: 2.060 Thread 0x0000000001fce000 DEOPT UNPACKING pc=0x00000000022f556a sp=0x00000000021adc18 mode 2
Event: 2.215 Thread 0x0000000016451800 DEOPT PACKING pc=0x00000000028bc421 sp=0x00000000173eee80
Event: 2.215 Thread 0x0000000016451800 DEOPT UNPACKING pc=0x00000000022f75bf sp=0x00000000173eec88 mode 0


Dynamic libraries:
0x00007ff62bc50000 - 0x00007ff62bc84000 	C:\Program Files\Java\jdk1.8.0_25\bin\java.exe
0x00007ffd05500000 - 0x00007ffd056c1000 	C:\WINDOWS\SYSTEM32\ntdll.dll
0x00007ffd03280000 - 0x00007ffd0332d000 	C:\WINDOWS\system32\KERNEL32.DLL
0x00007ffd024b0000 - 0x00007ffd02698000 	C:\WINDOWS\system32\KERNELBASE.dll
0x00007ffd04cd0000 - 0x00007ffd04d77000 	C:\WINDOWS\system32\ADVAPI32.dll
0x00007ffd029d0000 - 0x00007ffd02a6d000 	C:\WINDOWS\system32\msvcrt.dll
0x00007ffd054a0000 - 0x00007ffd054fb000 	C:\WINDOWS\system32\sechost.dll
0x00007ffd04da0000 - 0x00007ffd04ebc000 	C:\WINDOWS\system32\RPCRT4.dll
0x00007ffd04f10000 - 0x00007ffd05066000 	C:\WINDOWS\system32\USER32.dll
0x00007ffd03390000 - 0x00007ffd03516000 	C:\WINDOWS\system32\GDI32.dll
0x00007ffcfab30000 - 0x00007ffcfada4000 	C:\WINDOWS\WinSxS\amd64_microsoft.windows.common-controls_6595b64144ccf1df_6.0.10586.494_none_a2d8b04ea53e3145\COMCTL32.dll
0x00007ffd02a70000 - 0x00007ffd02ced000 	C:\WINDOWS\system32\combase.dll
0x00007ffd02440000 - 0x00007ffd024aa000 	C:\WINDOWS\system32\bcryptPrimitives.dll
0x00007ffd04ed0000 - 0x00007ffd04f0b000 	C:\WINDOWS\system32\IMM32.DLL
0x000000005b6d0000 - 0x000000005b7a2000 	C:\Program Files\Java\jdk1.8.0_25\jre\bin\msvcr100.dll
0x000000005bb90000 - 0x000000005c3ea000 	C:\Program Files\Java\jdk1.8.0_25\jre\bin\server\jvm.dll
0x00007ffd04a80000 - 0x00007ffd04a88000 	C:\WINDOWS\system32\PSAPI.DLL
0x00007ffcee7b0000 - 0x00007ffcee7b9000 	C:\WINDOWS\SYSTEM32\WSOCK32.dll
0x00007ffd04a90000 - 0x00007ffd04afb000 	C:\WINDOWS\system32\WS2_32.dll
0x00007ffcffe00000 - 0x00007ffcffe23000 	C:\WINDOWS\SYSTEM32\WINMM.dll
0x00007ffcffbb0000 - 0x00007ffcffbdc000 	C:\WINDOWS\SYSTEM32\WINMMBASE.dll
0x00007ffd02220000 - 0x00007ffd02263000 	C:\WINDOWS\system32\cfgmgr32.dll
0x000000005bb80000 - 0x000000005bb8f000 	C:\Program Files\Java\jdk1.8.0_25\jre\bin\verify.dll
0x000000005bb50000 - 0x000000005bb78000 	C:\Program Files\Java\jdk1.8.0_25\jre\bin\java.dll
0x000000005bb30000 - 0x000000005bb46000 	C:\Program Files\Java\jdk1.8.0_25\jre\bin\zip.dll
0x00007ffd03520000 - 0x00007ffd04a7c000 	C:\WINDOWS\system32\SHELL32.dll
0x00007ffd01bb0000 - 0x00007ffd021f5000 	C:\WINDOWS\system32\windows.storage.dll
0x00007ffd03170000 - 0x00007ffd031c2000 	C:\WINDOWS\system32\shlwapi.dll
0x00007ffd01b40000 - 0x00007ffd01b4f000 	C:\WINDOWS\system32\kernel.appcore.dll
0x00007ffd026a0000 - 0x00007ffd02755000 	C:\WINDOWS\system32\shcore.dll
0x00007ffd01b60000 - 0x00007ffd01bab000 	C:\WINDOWS\system32\powrprof.dll
0x00007ffd01b20000 - 0x00007ffd01b34000 	C:\WINDOWS\system32\profapi.dll
0x00007ffcf0f70000 - 0x00007ffcf10fc000 	C:\WINDOWS\SYSTEM32\dbghelp.dll

VM Arguments:
jvm_args: -Djava.awt.headless=true -Xmx1024M -Dfile.encoding=windows-1252 -Duser.country=FR -Duser.language=fr -Duser.variant 
java_command: com.android.dx.command.Main --dex --force-jumbo --num-threads=4 --multi-dex --output C:\Users\Famille\AndroidStudioProjects\Niviel\app\build\intermediates\transforms\dex\debug\folders\1000\10\com.android.support-appcompat-v7-24.2.0_a90505fa36c560e57855edbc9a661c2fe1e4b7ac C:\Users\Famille\AndroidStudioProjects\Niviel\app\build\intermediates\exploded-aar\com.android.support\appcompat-v7\24.2.0\jars\classes.jar
java_class_path (initial): C:\Users\Famille\AppData\Local\Android\sdk\build-tools\23.0.2\lib\dx.jar
Launcher Type: SUN_STANDARD

Environment Variables:
JAVA_HOME=C:\Program Files\Java\jdk1.8.0_25
PATH=C:\Program Files\Broadcom\Broadcom 802.11 Network Adapter;;C:\Program Files\Broadcom\Broadcom 802.11;C:\ProgramData\Oracle\Java\javapath;C:\Program Files (x86)\Intel\iCLS Client\;C:\Program Files\Intel\iCLS Client\;C:\Windows\system32;C:\Windows;C:\Windows\System32\Wbem;C:\Windows\System32\WindowsPowerShell\v1.0\;C:\Program Files\Hewlett-Packard\SimplePass\;C:\wamp\bin\php\php5.5.12;C:\Python27;C:\Users\Famille\AppData\Roaming\npm\;C:\Program Files\nodejs\;C:\Program Files\Git\cmd;C:\Program Files (x86)\Brackets\command;C:\Program Files (x86)\Ant\bin;C:\Program Files (x86)\Maven\bin;C:\Program Files (x86)\Intel\Intel(R) Management Engine Components\DAL;C:\Program Files\Intel\Intel(R) Management Engine Components\DAL;C:\Program Files (x86)\Intel\Intel(R) Management Engine Components\IPT;C:\Program Files\Intel\Intel(R) Management Engine Components\IPT;C:\Users\Famille\AppData\Local\atom\bin;C:\Users\Famille\AppData\Roaming\npm
USERNAME=de Lachaux
OS=Windows_NT
PROCESSOR_IDENTIFIER=Intel64 Family 6 Model 69 Stepping 1, GenuineIntel



---------------  S Y S T E M  ---------------

OS: Windows 8.1 , 64 bit Build 9600 

CPU:total 4 (2 cores per cpu, 2 threads per core) family 6 model 69 stepping 1, cmov, cx8, fxsr, mmx, sse, sse2, sse3, ssse3, sse4.1, sse4.2, popcnt, avx, avx2, aes, clmul, erms, lzcnt, ht, tsc, tscinvbit, bmi1, bmi2

Memory: 4k page, physical 4122776k(432396k free), swap 5555352k(9284k free)

vm_info: Java HotSpot(TM) 64-Bit Server VM (25.25-b02) for windows-amd64 JRE (1.8.0_25-b18), built on Oct  7 2014 14:25:37 by "java_re" with MS VC++ 10.0 (VS2010)

time: Fri Sep 09 20:48:19 2016
elapsed time: 2 seconds (0d 0h 0m 2s)

