#
# There is insufficient memory for the Java Runtime Environment to continue.
# Native memory allocation (malloc) failed to allocate 92016 bytes for Chunk::new
# Possible reasons:
#   The system is out of physical RAM or swap space
#   In 32 bit mode, the process size limit was hit
# Possible solutions:
#   Reduce memory load on the system
#   Increase physical memory or swap space
#   Check if swap backing store is full
#   Use 64 bit Java on a 64 bit OS
#   Decrease Java heap size (-Xmx/-Xms)
#   Decrease number of Java threads
#   Decrease Java thread stack sizes (-Xss)
#   Set larger code cache with -XX:ReservedCodeCacheSize=
# This output file may be truncated or incomplete.
#
#  Out of Memory Error (allocation.cpp:390), pid=54508, tid=43368
#
# JRE version: Java(TM) SE Runtime Environment (8.0_25-b18) (build 1.8.0_25-b18)
# Java VM: Java HotSpot(TM) 64-Bit Server VM (25.25-b02 mixed mode windows-amd64 compressed oops)
# Failed to write core dump. Minidumps are not enabled by default on client versions of Windows
#

---------------  T H R E A D  ---------------

Current thread (0x0000000014a9b800):  JavaThread "C2 CompilerThread1" daemon [_thread_in_native, id=43368, stack(0x00000000160b0000,0x00000000161b0000)]

Stack: [0x00000000160b0000,0x00000000161b0000]
Native frames: (J=compiled Java code, j=interpreted, Vv=VM code, C=native code)
V  [jvm.dll+0x31667a]
V  [jvm.dll+0x267073]
V  [jvm.dll+0x267cb3]
V  [jvm.dll+0x25f5b5]
V  [jvm.dll+0xbf165]
V  [jvm.dll+0xbf60c]
V  [jvm.dll+0x494f51]
V  [jvm.dll+0x44611c]
V  [jvm.dll+0x45130e]
V  [jvm.dll+0x4538f8]
V  [jvm.dll+0x437372]
V  [jvm.dll+0x98a02]
V  [jvm.dll+0x991f3]
V  [jvm.dll+0x22bde4]
V  [jvm.dll+0x2852fa]
C  [msvcr100.dll+0x21d9f]
C  [msvcr100.dll+0x21e3b]
C  [KERNEL32.DLL+0x18102]
C  [ntdll.dll+0x5c5b4]


Current CompileTask:
C2:   4499  832       4       com.android.dx.ssa.SsaBasicBlock::forEachInsn (37 bytes)


---------------  P R O C E S S  ---------------

Java Threads: ( => current thread )
  0x000000001653c000 JavaThread "pool-2-thread-4" [_thread_in_Java, id=61824, stack(0x0000000016cb0000,0x0000000016db0000)]
  0x0000000016537800 JavaThread "pool-2-thread-3" [_thread_in_vm, id=51784, stack(0x0000000016bb0000,0x0000000016cb0000)]
  0x0000000016533000 JavaThread "pool-2-thread-2" [_thread_in_Java, id=54220, stack(0x0000000016ab0000,0x0000000016bb0000)]
  0x00000000163fe000 JavaThread "pool-3-thread-1" [_thread_blocked, id=57732, stack(0x00000000169b0000,0x0000000016ab0000)]
  0x00000000163fb800 JavaThread "pool-2-thread-1" [_thread_in_Java, id=62100, stack(0x00000000168b0000,0x00000000169b0000)]
  0x00000000162c5000 JavaThread "Service Thread" daemon [_thread_blocked, id=60240, stack(0x00000000166b0000,0x00000000167b0000)]
  0x0000000014aac800 JavaThread "C1 CompilerThread2" daemon [_thread_blocked, id=59892, stack(0x00000000161b0000,0x00000000162b0000)]
=>0x0000000014a9b800 JavaThread "C2 CompilerThread1" daemon [_thread_in_native, id=43368, stack(0x00000000160b0000,0x00000000161b0000)]
  0x0000000014a4d000 JavaThread "C2 CompilerThread0" daemon [_thread_blocked, id=61348, stack(0x0000000015fb0000,0x00000000160b0000)]
  0x0000000014a4b800 JavaThread "Attach Listener" daemon [_thread_blocked, id=54224, stack(0x0000000015eb0000,0x0000000015fb0000)]
  0x0000000014a4a800 JavaThread "Signal Dispatcher" daemon [_thread_blocked, id=44024, stack(0x0000000015db0000,0x0000000015eb0000)]
  0x0000000002376000 JavaThread "Finalizer" daemon [_thread_blocked, id=62404, stack(0x0000000015cb0000,0x0000000015db0000)]
  0x000000000236d000 JavaThread "Reference Handler" daemon [_thread_blocked, id=60916, stack(0x0000000015bb0000,0x0000000015cb0000)]
  0x000000000227e000 JavaThread "main" [_thread_in_vm, id=61052, stack(0x00000000020e0000,0x00000000021e0000)]

Other Threads:
  0x0000000014a16800 VMThread [stack: 0x0000000015ab0000,0x0000000015bb0000] [id=62204]
  0x00000000162c7800 WatcherThread [stack: 0x00000000167b0000,0x00000000168b0000] [id=60776]

VM state:not at safepoint (normal execution)

VM Mutex/Monitor currently owned by a thread: None

Heap:
 PSYoungGen      total 18944K, used 14086K [0x00000000eab00000, 0x00000000ec000000, 0x0000000100000000)
  eden space 16384K, 85% used [0x00000000eab00000,0x00000000eb8c1a98,0x00000000ebb00000)
  from space 2560K, 0% used [0x00000000ebd80000,0x00000000ebd80000,0x00000000ec000000)
  to   space 2560K, 0% used [0x00000000ebb00000,0x00000000ebb00000,0x00000000ebd80000)
 ParOldGen       total 44032K, used 0K [0x00000000c0000000, 0x00000000c2b00000, 0x00000000eab00000)
  object space 44032K, 0% used [0x00000000c0000000,0x00000000c0000000,0x00000000c2b00000)
 Metaspace       used 5736K, capacity 6832K, committed 7040K, reserved 1056768K
  class space    used 586K, capacity 616K, committed 640K, reserved 1048576K

Card table byte_map: [0x0000000011740000,0x0000000011950000] byte_map_base: 0x0000000011140000

Marking Bits: (ParMarkBitMap*) 0x0000000069efd490
 Begin Bits: [0x0000000011eb0000, 0x0000000012eb0000)
 End Bits:   [0x0000000012eb0000, 0x0000000013eb0000)

Polling page: 0x00000000021e0000

CodeCache: size=245760Kb used=3625Kb max_used=3636Kb free=242134Kb
 bounds [0x0000000002380000, 0x0000000002710000, 0x0000000011380000]
 total_blobs=1110 nmethods=845 adapters=178
 compilation: enabled

Compilation events (10 events):
Event: 4.410 Thread 0x0000000014aac800  842       3       com.android.dx.cf.code.ByteBlock::<init> (181 bytes)
Event: 4.411 Thread 0x0000000014aac800 nmethod 842 0x00000000026f0590 code [0x00000000026f0840, 0x00000000026f1a88]
Event: 4.412 Thread 0x0000000014aac800  843       3       com.android.dx.cf.code.ByteBlockList::set (7 bytes)
Event: 4.412 Thread 0x0000000014aac800 nmethod 843 0x00000000026f2290 code [0x00000000026f2400, 0x00000000026f2588]
Event: 4.413 Thread 0x0000000014aac800  844       3       com.android.dx.cf.code.Simulator$SimVisitor::visitNoArgs (2108 bytes)
Event: 4.424 Thread 0x0000000014aac800 nmethod 844 0x00000000026f2610 code [0x00000000026f34c0, 0x00000000026feec8]
Event: 4.425 Thread 0x0000000014aac800  845       3       com.android.dx.rop.code.RegisterSpec::getBasicFrameType (10 bytes)
Event: 4.425 Thread 0x0000000014aac800 nmethod 845 0x0000000002704f10 code [0x0000000002705080, 0x00000000027052a8]
Event: 4.427 Thread 0x0000000014aac800  848       3       java.util.ArrayList::remove (77 bytes)
Event: 4.428 Thread 0x0000000014aac800 nmethod 848 0x0000000002705350 code [0x0000000002705500, 0x0000000002705a48]

GC Heap History (0 events):
No events

Deoptimization events (0 events):
No events

Internal exceptions (10 events):
Event: 4.095 Thread 0x0000000016533000 Exception <a 'java/security/PrivilegedActionException'> (0x00000000eb599a90) thrown at [D:\re\workspace\8-2-build-windows-amd64-cygwin\jdk8u25\1677\hotspot\src\share\vm\prims\jvm.cpp, line 1312]
Event: 4.098 Thread 0x0000000016533000 Exception <a 'java/security/PrivilegedActionException'> (0x00000000eb59e118) thrown at [D:\re\workspace\8-2-build-windows-amd64-cygwin\jdk8u25\1677\hotspot\src\share\vm\prims\jvm.cpp, line 1312]
Event: 4.098 Thread 0x0000000016533000 Exception <a 'java/security/PrivilegedActionException'> (0x00000000eb5a0e30) thrown at [D:\re\workspace\8-2-build-windows-amd64-cygwin\jdk8u25\1677\hotspot\src\share\vm\prims\jvm.cpp, line 1312]
Event: 4.099 Thread 0x0000000016533000 Exception <a 'java/security/PrivilegedActionException'> (0x00000000eb5a5f38) thrown at [D:\re\workspace\8-2-build-windows-amd64-cygwin\jdk8u25\1677\hotspot\src\share\vm\prims\jvm.cpp, line 1312]
Event: 4.099 Thread 0x0000000016533000 Exception <a 'java/security/PrivilegedActionException'> (0x00000000eb5ab498) thrown at [D:\re\workspace\8-2-build-windows-amd64-cygwin\jdk8u25\1677\hotspot\src\share\vm\prims\jvm.cpp, line 1312]
Event: 4.101 Thread 0x0000000016533000 Exception <a 'java/security/PrivilegedActionException'> (0x00000000eb5af810) thrown at [D:\re\workspace\8-2-build-windows-amd64-cygwin\jdk8u25\1677\hotspot\src\share\vm\prims\jvm.cpp, line 1312]
Event: 4.161 Thread 0x0000000016533000 Exception <a 'java/security/PrivilegedActionException'> (0x00000000eb5bca08) thrown at [D:\re\workspace\8-2-build-windows-amd64-cygwin\jdk8u25\1677\hotspot\src\share\vm\prims\jvm.cpp, line 1312]
Event: 4.163 Thread 0x0000000016533000 Exception <a 'java/security/PrivilegedActionException'> (0x00000000eb5c2c70) thrown at [D:\re\workspace\8-2-build-windows-amd64-cygwin\jdk8u25\1677\hotspot\src\share\vm\prims\jvm.cpp, line 1312]
Event: 4.164 Thread 0x0000000016533000 Exception <a 'java/security/PrivilegedActionException'> (0x00000000eb5c7370) thrown at [D:\re\workspace\8-2-build-windows-amd64-cygwin\jdk8u25\1677\hotspot\src\share\vm\prims\jvm.cpp, line 1312]
Event: 4.182 Thread 0x00000000163fb800 Exception <a 'java/security/PrivilegedActionException'> (0x00000000eb387120) thrown at [D:\re\workspace\8-2-build-windows-amd64-cygwin\jdk8u25\1677\hotspot\src\share\vm\prims\jvm.cpp, line 1312]

Events (10 events):
Event: 4.173 Executing VM operation: EnableBiasedLocking
Event: 4.173 Executing VM operation: EnableBiasedLocking done
Event: 4.182 loading class com/android/dx/cf/code/SwitchList
Event: 4.182 loading class com/android/dx/cf/code/SwitchList done
Event: 4.237 loading class java/util/TreeMap$EntrySet
Event: 4.237 loading class java/util/TreeMap$EntrySet done
Event: 4.237 loading class java/util/TreeMap$EntryIterator
Event: 4.237 loading class java/util/TreeMap$EntryIterator done
Event: 4.242 loading class java/util/DualPivotQuicksort
Event: 4.242 loading class java/util/DualPivotQuicksort done


Dynamic libraries:
0x00007ff72ce00000 - 0x00007ff72ce34000 	C:\Program Files\Java\jdk1.8.0_25\bin\java.exe
0x00007ffcacc60000 - 0x00007ffcace21000 	C:\WINDOWS\SYSTEM32\ntdll.dll
0x00007ffcaca80000 - 0x00007ffcacb2d000 	C:\WINDOWS\system32\KERNEL32.DLL
0x00007ffca94f0000 - 0x00007ffca96d8000 	C:\WINDOWS\system32\KERNELBASE.dll
0x00007ffcac840000 - 0x00007ffcac8e7000 	C:\WINDOWS\system32\ADVAPI32.dll
0x00007ffcac900000 - 0x00007ffcac99d000 	C:\WINDOWS\system32\msvcrt.dll
0x00007ffcacb30000 - 0x00007ffcacb8b000 	C:\WINDOWS\system32\sechost.dll
0x00007ffcaa1c0000 - 0x00007ffcaa2dc000 	C:\WINDOWS\system32\RPCRT4.dll
0x00007ffcabd30000 - 0x00007ffcabe86000 	C:\WINDOWS\system32\USER32.dll
0x00007ffcab880000 - 0x00007ffcaba06000 	C:\WINDOWS\system32\GDI32.dll
0x00007ffca0310000 - 0x00007ffca0584000 	C:\WINDOWS\WinSxS\amd64_microsoft.windows.common-controls_6595b64144ccf1df_6.0.10586.494_none_a2d8b04ea53e3145\COMCTL32.dll
0x00007ffcac400000 - 0x00007ffcac67d000 	C:\WINDOWS\system32\combase.dll
0x00007ffca9310000 - 0x00007ffca937a000 	C:\WINDOWS\system32\bcryptPrimitives.dll
0x00007ffcab840000 - 0x00007ffcab87b000 	C:\WINDOWS\system32\IMM32.DLL
0x0000000069370000 - 0x0000000069442000 	C:\Program Files\Java\jdk1.8.0_25\jre\bin\msvcr100.dll
0x0000000069720000 - 0x0000000069f7a000 	C:\Program Files\Java\jdk1.8.0_25\jre\bin\server\jvm.dll
0x00007ffcaca00000 - 0x00007ffcaca08000 	C:\WINDOWS\system32\PSAPI.DLL
0x00007ffc95490000 - 0x00007ffc95499000 	C:\WINDOWS\SYSTEM32\WSOCK32.dll
0x00007ffcac7d0000 - 0x00007ffcac83b000 	C:\WINDOWS\system32\WS2_32.dll
0x00007ffca79b0000 - 0x00007ffca79d3000 	C:\WINDOWS\SYSTEM32\WINMM.dll
0x00007ffca7950000 - 0x00007ffca797c000 	C:\WINDOWS\SYSTEM32\WINMMBASE.dll
0x00007ffca96e0000 - 0x00007ffca9723000 	C:\WINDOWS\system32\cfgmgr32.dll
0x000000006a0a0000 - 0x000000006a0af000 	C:\Program Files\Java\jdk1.8.0_25\jre\bin\verify.dll
0x000000006a070000 - 0x000000006a098000 	C:\Program Files\Java\jdk1.8.0_25\jre\bin\java.dll
0x000000006a050000 - 0x000000006a066000 	C:\Program Files\Java\jdk1.8.0_25\jre\bin\zip.dll
0x00007ffcaa2e0000 - 0x00007ffcab83c000 	C:\WINDOWS\system32\SHELL32.dll
0x00007ffca9730000 - 0x00007ffca9d75000 	C:\WINDOWS\system32\windows.storage.dll
0x00007ffcabea0000 - 0x00007ffcabef2000 	C:\WINDOWS\system32\shlwapi.dll
0x00007ffca92b0000 - 0x00007ffca92bf000 	C:\WINDOWS\system32\kernel.appcore.dll
0x00007ffca9430000 - 0x00007ffca94e5000 	C:\WINDOWS\system32\shcore.dll
0x00007ffca92c0000 - 0x00007ffca930b000 	C:\WINDOWS\system32\powrprof.dll
0x00007ffca9290000 - 0x00007ffca92a4000 	C:\WINDOWS\system32\profapi.dll
0x00007ffc92eb0000 - 0x00007ffc9303c000 	C:\WINDOWS\SYSTEM32\dbghelp.dll

VM Arguments:
jvm_args: -Djava.awt.headless=true -Xmx1024M -Dfile.encoding=windows-1252 -Duser.country=FR -Duser.language=fr -Duser.variant 
java_command: com.android.dx.command.Main --dex --force-jumbo --num-threads=4 --multi-dex --output C:\Users\Famille\AndroidStudioProjects\Niviel\app\build\intermediates\transforms\dex\debug\folders\1000\5\slice_8 C:\Users\Famille\AndroidStudioProjects\Niviel\app\build\intermediates\transforms\instantRunSlicer\debug\folders\1\5\slice_8
java_class_path (initial): C:\Users\Famille\AppData\Local\Android\sdk\build-tools\23.0.2\lib\dx.jar
Launcher Type: SUN_STANDARD

Environment Variables:
JAVA_HOME=C:\Program Files\Java\jdk1.8.0_25
PATH=C:\Program Files\Broadcom\Broadcom 802.11 Network Adapter;;C:\Program Files\Broadcom\Broadcom 802.11;C:\ProgramData\Oracle\Java\javapath;C:\Program Files (x86)\Intel\iCLS Client\;C:\Program Files\Intel\iCLS Client\;C:\Windows\system32;C:\Windows;C:\Windows\System32\Wbem;C:\Windows\System32\WindowsPowerShell\v1.0\;C:\Program Files\Hewlett-Packard\SimplePass\;C:\wamp\bin\php\php5.5.12;C:\Python27;C:\Users\Famille\AppData\Roaming\npm\;C:\Program Files\nodejs\;C:\Program Files\Git\cmd;C:\Program Files (x86)\Brackets\command;C:\Program Files (x86)\Ant\bin;C:\Program Files (x86)\Maven\bin;C:\Program Files (x86)\Intel\Intel(R) Management Engine Components\DAL;C:\Program Files\Intel\Intel(R) Management Engine Components\DAL;C:\Program Files (x86)\Intel\Intel(R) Management Engine Components\IPT;C:\Program Files\Intel\Intel(R) Management Engine Components\IPT;C:\Users\Famille\AppData\Local\atom\bin;C:\Users\Famille\AppData\Roaming\npm
USERNAME=de Lachaux
OS=Windows_NT
PROCESSOR_IDENTIFIER=Intel64 Family 6 Model 69 Stepping 1, GenuineIntel



---------------  S Y S T E M  ---------------

OS: Windows 8.1 , 64 bit Build 9600 

CPU:total 4 (2 cores per cpu, 2 threads per core) family 6 model 69 stepping 1, cmov, cx8, fxsr, mmx, sse, sse2, sse3, ssse3, sse4.1, sse4.2, popcnt, avx, avx2, aes, clmul, erms, lzcnt, ht, tsc, tscinvbit, bmi1, bmi2

Memory: 4k page, physical 4122776k(411724k free), swap 5555352k(4528k free)

vm_info: Java HotSpot(TM) 64-Bit Server VM (25.25-b02) for windows-amd64 JRE (1.8.0_25-b18), built on Oct  7 2014 14:25:37 by "java_re" with MS VC++ 10.0 (VS2010)

time: Mon Aug 29 18:11:51 2016
elapsed time: 4 seconds (0d 0h 0m 4s)

