#
# There is insufficient memory for the Java Runtime Environment to continue.
# Native memory allocation (malloc) failed to allocate 262160 bytes for Chunk::new
# Possible reasons:
#   The system is out of physical RAM or swap space
#   In 32 bit mode, the process size limit was hit
# Possible solutions:
#   Reduce memory load on the system
#   Increase physical memory or swap space
#   Check if swap backing store is full
#   Use 64 bit Java on a 64 bit OS
#   Decrease Java heap size (-Xmx/-Xms)
#   Decrease number of Java threads
#   Decrease Java thread stack sizes (-Xss)
#   Set larger code cache with -XX:ReservedCodeCacheSize=
# This output file may be truncated or incomplete.
#
#  Out of Memory Error (allocation.cpp:390), pid=62392, tid=62468
#
# JRE version: Java(TM) SE Runtime Environment (8.0_25-b18) (build 1.8.0_25-b18)
# Java VM: Java HotSpot(TM) 64-Bit Server VM (25.25-b02 mixed mode windows-amd64 compressed oops)
# Failed to write core dump. Minidumps are not enabled by default on client versions of Windows
#

---------------  T H R E A D  ---------------

Current thread (0x0000000015712800):  JavaThread "C2 CompilerThread1" daemon [_thread_in_native, id=62468, stack(0x0000000016d20000,0x0000000016e20000)]

Stack: [0x0000000016d20000,0x0000000016e20000]
Native frames: (J=compiled Java code, j=interpreted, Vv=VM code, C=native code)
V  [jvm.dll+0x31667a]
V  [jvm.dll+0x267073]
V  [jvm.dll+0x267cb3]
V  [jvm.dll+0x25f5b5]
V  [jvm.dll+0xbf165]
V  [jvm.dll+0xbf60c]
V  [jvm.dll+0xbf8b4]
V  [jvm.dll+0x4e6020]
V  [jvm.dll+0x4e6840]
V  [jvm.dll+0x47d480]
V  [jvm.dll+0x47d537]
V  [jvm.dll+0x4e84d3]
V  [jvm.dll+0x4e7f2d]
V  [jvm.dll+0x45202a]
V  [jvm.dll+0x453864]
V  [jvm.dll+0x437372]
V  [jvm.dll+0x98a02]
V  [jvm.dll+0x991f3]
V  [jvm.dll+0x22bde4]
V  [jvm.dll+0x2852fa]
C  [msvcr100.dll+0x21d9f]
C  [msvcr100.dll+0x21e3b]
C  [KERNEL32.DLL+0x18102]
C  [ntdll.dll+0x5c5b4]


Current CompileTask:
C2:   5489 1276   !   4       com.android.dx.cf.code.BytecodeArray::parseInstruction (2764 bytes)


---------------  P R O C E S S  ---------------

Java Threads: ( => current thread )
  0x000000001746d800 JavaThread "pool-2-thread-4" [_thread_blocked, id=61728, stack(0x0000000018120000,0x0000000018220000)]
  0x0000000017469800 JavaThread "pool-2-thread-3" [_thread_blocked, id=62916, stack(0x0000000018020000,0x0000000018120000)]
  0x00000000173d3800 JavaThread "pool-2-thread-2" [_thread_blocked, id=63404, stack(0x0000000017f20000,0x0000000018020000)]
  0x0000000017514000 JavaThread "pool-3-thread-1" [_thread_blocked, id=61472, stack(0x0000000017e20000,0x0000000017f20000)]
  0x0000000017513000 JavaThread "pool-2-thread-1" [_thread_blocked, id=62896, stack(0x0000000017d20000,0x0000000017e20000)]
  0x000000001571b000 JavaThread "Service Thread" daemon [_thread_blocked, id=61172, stack(0x0000000016f20000,0x0000000017020000)]
  0x0000000015713000 JavaThread "C1 CompilerThread2" daemon [_thread_blocked, id=60724, stack(0x0000000016e20000,0x0000000016f20000)]
=>0x0000000015712800 JavaThread "C2 CompilerThread1" daemon [_thread_in_native, id=62468, stack(0x0000000016d20000,0x0000000016e20000)]
  0x00000000156bb800 JavaThread "C2 CompilerThread0" daemon [_thread_in_native, id=61388, stack(0x0000000016c20000,0x0000000016d20000)]
  0x00000000156ba800 JavaThread "Attach Listener" daemon [_thread_blocked, id=63248, stack(0x0000000016b20000,0x0000000016c20000)]
  0x00000000156b9000 JavaThread "Signal Dispatcher" daemon [_thread_blocked, id=63068, stack(0x0000000016a20000,0x0000000016b20000)]
  0x0000000002fde800 JavaThread "Finalizer" daemon [_thread_blocked, id=60560, stack(0x0000000016920000,0x0000000016a20000)]
  0x0000000002fdd800 JavaThread "Reference Handler" daemon [_thread_blocked, id=62760, stack(0x0000000016820000,0x0000000016920000)]
  0x0000000002e7e000 JavaThread "main" [_thread_blocked, id=62944, stack(0x0000000002cf0000,0x0000000002df0000)]

Other Threads:
  0x0000000015686800 VMThread [stack: 0x0000000016720000,0x0000000016820000] [id=63368]
  0x000000001571d000 WatcherThread [stack: 0x0000000017020000,0x0000000017120000] [id=62900]

VM state:not at safepoint (normal execution)

VM Mutex/Monitor currently owned by a thread: None

Heap:
 PSYoungGen      total 18944K, used 15457K [0x00000000eab00000, 0x00000000ec000000, 0x0000000100000000)
  eden space 16384K, 78% used [0x00000000eab00000,0x00000000eb79dcb8,0x00000000ebb00000)
  from space 2560K, 99% used [0x00000000ebb00000,0x00000000ebd7aaa8,0x00000000ebd80000)
  to   space 2560K, 0% used [0x00000000ebd80000,0x00000000ebd80000,0x00000000ec000000)
 ParOldGen       total 44032K, used 1512K [0x00000000c0000000, 0x00000000c2b00000, 0x00000000eab00000)
  object space 44032K, 3% used [0x00000000c0000000,0x00000000c017a218,0x00000000c2b00000)
 Metaspace       used 5940K, capacity 6896K, committed 7040K, reserved 1056768K
  class space    used 588K, capacity 616K, committed 640K, reserved 1048576K

Card table byte_map: [0x00000000123b0000,0x00000000125c0000] byte_map_base: 0x0000000011db0000

Marking Bits: (ParMarkBitMap*) 0x000000007333d490
 Begin Bits: [0x0000000012b20000, 0x0000000013b20000)
 End Bits:   [0x0000000013b20000, 0x0000000014b20000)

Polling page: 0x0000000001730000

CodeCache: size=245760Kb used=5104Kb max_used=5117Kb free=240655Kb
 bounds [0x0000000002ff0000, 0x0000000003500000, 0x0000000011ff0000]
 total_blobs=1546 nmethods=1282 adapters=178
 compilation: enabled

Compilation events (10 events):
Event: 5.394 Thread 0x0000000015712800 nmethod 1271 0x00000000034d8410 code [0x00000000034d8560, 0x00000000034d8678]
Event: 5.397 Thread 0x0000000015713000 1272       3       com.android.dx.cf.direct.DirectClassFile::getAccessFlags (9 bytes)
Event: 5.398 Thread 0x0000000015713000 nmethod 1272 0x00000000034dce10 code [0x00000000034dcf80, 0x00000000034dd1c8]
Event: 5.398 Thread 0x0000000015713000 1273       3       com.android.dx.cf.direct.DirectClassFile::getAttributes (9 bytes)
Event: 5.398 Thread 0x0000000015713000 nmethod 1273 0x00000000034da4d0 code [0x00000000034da640, 0x00000000034da888]
Event: 5.399 Thread 0x0000000015713000 1274       3       com.android.dx.dex.file.EncodedMember::<init> (10 bytes)
Event: 5.400 Thread 0x0000000015713000 nmethod 1274 0x00000000034da110 code [0x00000000034da260, 0x00000000034da410]
Event: 5.401 Thread 0x0000000015713000 1275   !   3       com.android.dx.cf.code.OneLocalsArray::set (106 bytes)
Event: 5.402 Thread 0x0000000015713000 nmethod 1275 0x00000000034e0ed0 code [0x00000000034e1100, 0x00000000034e1ed8]
Event: 5.403 Thread 0x0000000015712800 1276   !   4       com.android.dx.cf.code.BytecodeArray::parseInstruction (2764 bytes)

GC Heap History (2 events):
Event: 4.433 GC heap before
{Heap before GC invocations=1 (full 0):
 PSYoungGen      total 18944K, used 16384K [0x00000000eab00000, 0x00000000ec000000, 0x0000000100000000)
  eden space 16384K, 100% used [0x00000000eab00000,0x00000000ebb00000,0x00000000ebb00000)
  from space 2560K, 0% used [0x00000000ebd80000,0x00000000ebd80000,0x00000000ec000000)
  to   space 2560K, 0% used [0x00000000ebb00000,0x00000000ebb00000,0x00000000ebd80000)
 ParOldGen       total 44032K, used 0K [0x00000000c0000000, 0x00000000c2b00000, 0x00000000eab00000)
  object space 44032K, 0% used [0x00000000c0000000,0x00000000c0000000,0x00000000c2b00000)
 Metaspace       used 5668K, capacity 6640K, committed 6784K, reserved 1056768K
  class space    used 584K, capacity 616K, committed 640K, reserved 1048576K
Event: 4.488 GC heap after
Heap after GC invocations=1 (full 0):
 PSYoungGen      total 18944K, used 2538K [0x00000000eab00000, 0x00000000ec000000, 0x0000000100000000)
  eden space 16384K, 0% used [0x00000000eab00000,0x00000000eab00000,0x00000000ebb00000)
  from space 2560K, 99% used [0x00000000ebb00000,0x00000000ebd7aaa8,0x00000000ebd80000)
  to   space 2560K, 0% used [0x00000000ebd80000,0x00000000ebd80000,0x00000000ec000000)
 ParOldGen       total 44032K, used 1512K [0x00000000c0000000, 0x00000000c2b00000, 0x00000000eab00000)
  object space 44032K, 3% used [0x00000000c0000000,0x00000000c017a218,0x00000000c2b00000)
 Metaspace       used 5668K, capacity 6640K, committed 6784K, reserved 1056768K
  class space    used 584K, capacity 616K, committed 640K, reserved 1048576K
}

Deoptimization events (1 events):
Event: 4.982 Thread 0x00000000173d3800 Uncommon trap: reason=null_check action=make_not_entrant pc=0x0000000003300808 method=com.android.dx.ssa.SsaRenamer.getLocalForNewReg(I)Lcom/android/dx/rop/code/LocalItem; @ 19

Internal exceptions (10 events):
Event: 3.949 Thread 0x0000000017513000 Exception <a 'java/security/PrivilegedActionException'> (0x00000000eb5e22a0) thrown at [D:\re\workspace\8-2-build-windows-amd64-cygwin\jdk8u25\1677\hotspot\src\share\vm\prims\jvm.cpp, line 1312]
Event: 3.964 Thread 0x0000000017513000 Exception <a 'java/security/PrivilegedActionException'> (0x00000000eb65cab8) thrown at [D:\re\workspace\8-2-build-windows-amd64-cygwin\jdk8u25\1677\hotspot\src\share\vm\prims\jvm.cpp, line 1312]
Event: 3.972 Thread 0x0000000017469800 Exception <a 'java/security/PrivilegedActionException'> (0x00000000eb54a490) thrown at [D:\re\workspace\8-2-build-windows-amd64-cygwin\jdk8u25\1677\hotspot\src\share\vm\prims\jvm.cpp, line 1312]
Event: 3.978 Thread 0x0000000017469800 Exception <a 'java/security/PrivilegedActionException'> (0x00000000eb686628) thrown at [D:\re\workspace\8-2-build-windows-amd64-cygwin\jdk8u25\1677\hotspot\src\share\vm\prims\jvm.cpp, line 1312]
Event: 4.015 Thread 0x00000000173d3800 Exception <a 'java/security/PrivilegedActionException'> (0x00000000eb797f20) thrown at [D:\re\workspace\8-2-build-windows-amd64-cygwin\jdk8u25\1677\hotspot\src\share\vm\prims\jvm.cpp, line 1312]
Event: 4.982 Thread 0x00000000173d3800 Implicit null exception at 0x00000000032fe6b7 to 0x00000000033007e1
Event: 5.082 Thread 0x0000000002e7e000 Exception <a 'java/security/PrivilegedActionException'> (0x00000000eb1e0248) thrown at [D:\re\workspace\8-2-build-windows-amd64-cygwin\jdk8u25\1677\hotspot\src\share\vm\prims\jvm.cpp, line 1312]
Event: 5.084 Thread 0x0000000002e7e000 Exception <a 'java/security/PrivilegedActionException'> (0x00000000eb1e2940) thrown at [D:\re\workspace\8-2-build-windows-amd64-cygwin\jdk8u25\1677\hotspot\src\share\vm\prims\jvm.cpp, line 1312]
Event: 5.135 Thread 0x0000000002e7e000 Exception <a 'java/security/PrivilegedActionException'> (0x00000000eb1e86c8) thrown at [D:\re\workspace\8-2-build-windows-amd64-cygwin\jdk8u25\1677\hotspot\src\share\vm\prims\jvm.cpp, line 1312]
Event: 5.140 Thread 0x0000000002e7e000 Exception <a 'java/security/PrivilegedActionException'> (0x00000000eb24c3f8) thrown at [D:\re\workspace\8-2-build-windows-amd64-cygwin\jdk8u25\1677\hotspot\src\share\vm\prims\jvm.cpp, line 1312]

Events (10 events):
Event: 5.082 loading class com/android/dx/cf/attrib/AttDeprecated
Event: 5.082 loading class com/android/dx/cf/attrib/AttDeprecated done
Event: 5.083 loading class com/android/dx/cf/direct/AnnotationParser
Event: 5.083 loading class com/android/dx/cf/direct/AnnotationParser done
Event: 5.084 Executing VM operation: ForceSafepoint
Event: 5.131 Executing VM operation: ForceSafepoint done
Event: 5.134 loading class com/android/dx/cf/attrib/AttRuntimeVisibleAnnotations
Event: 5.134 loading class com/android/dx/cf/attrib/AttRuntimeVisibleAnnotations done
Event: 5.140 loading class com/android/dx/cf/attrib/BaseAnnotations
Event: 5.140 loading class com/android/dx/cf/attrib/BaseAnnotations done


Dynamic libraries:
0x00007ff690dd0000 - 0x00007ff690e04000 	C:\Program Files\Java\jdk1.8.0_25\bin\java.exe
0x00007fff80c20000 - 0x00007fff80de1000 	C:\WINDOWS\SYSTEM32\ntdll.dll
0x00007fff80400000 - 0x00007fff804ad000 	C:\WINDOWS\system32\KERNEL32.DLL
0x00007fff7d680000 - 0x00007fff7d868000 	C:\WINDOWS\system32\KERNELBASE.dll
0x00007fff80850000 - 0x00007fff808f7000 	C:\WINDOWS\system32\ADVAPI32.dll
0x00007fff801e0000 - 0x00007fff8027d000 	C:\WINDOWS\system32\msvcrt.dll
0x00007fff7ec20000 - 0x00007fff7ec7b000 	C:\WINDOWS\system32\sechost.dll
0x00007fff804b0000 - 0x00007fff805cc000 	C:\WINDOWS\system32\RPCRT4.dll
0x00007fff7e030000 - 0x00007fff7e186000 	C:\WINDOWS\system32\USER32.dll
0x00007fff7e450000 - 0x00007fff7e5d6000 	C:\WINDOWS\system32\GDI32.dll
0x00007fff76200000 - 0x00007fff76474000 	C:\WINDOWS\WinSxS\amd64_microsoft.windows.common-controls_6595b64144ccf1df_6.0.10586.494_none_a2d8b04ea53e3145\COMCTL32.dll
0x00007fff805d0000 - 0x00007fff8084d000 	C:\WINDOWS\system32\combase.dll
0x00007fff7d4f0000 - 0x00007fff7d55a000 	C:\WINDOWS\system32\bcryptPrimitives.dll
0x00007fff80be0000 - 0x00007fff80c1b000 	C:\WINDOWS\system32\IMM32.DLL
0x00000000726a0000 - 0x0000000072772000 	C:\Program Files\Java\jdk1.8.0_25\jre\bin\msvcr100.dll
0x0000000072b60000 - 0x00000000733ba000 	C:\Program Files\Java\jdk1.8.0_25\jre\bin\server\jvm.dll
0x00007fff7e190000 - 0x00007fff7e198000 	C:\WINDOWS\system32\PSAPI.DLL
0x00007fff65bb0000 - 0x00007fff65bb9000 	C:\WINDOWS\SYSTEM32\WSOCK32.dll
0x00007fff7ebb0000 - 0x00007fff7ec1b000 	C:\WINDOWS\system32\WS2_32.dll
0x00007fff7b560000 - 0x00007fff7b583000 	C:\WINDOWS\SYSTEM32\WINMM.dll
0x00007fff7b110000 - 0x00007fff7b13c000 	C:\WINDOWS\SYSTEM32\WINMMBASE.dll
0x00007fff7d4a0000 - 0x00007fff7d4e3000 	C:\WINDOWS\system32\cfgmgr32.dll
0x0000000072b50000 - 0x0000000072b5f000 	C:\Program Files\Java\jdk1.8.0_25\jre\bin\verify.dll
0x0000000072b20000 - 0x0000000072b48000 	C:\Program Files\Java\jdk1.8.0_25\jre\bin\java.dll
0x0000000072b00000 - 0x0000000072b16000 	C:\Program Files\Java\jdk1.8.0_25\jre\bin\zip.dll
0x00007fff7ec80000 - 0x00007fff801dc000 	C:\WINDOWS\system32\SHELL32.dll
0x00007fff7d870000 - 0x00007fff7deb5000 	C:\WINDOWS\system32\windows.storage.dll
0x00007fff80b80000 - 0x00007fff80bd2000 	C:\WINDOWS\system32\shlwapi.dll
0x00007fff7d2c0000 - 0x00007fff7d2cf000 	C:\WINDOWS\system32\kernel.appcore.dll
0x00007fff7d5c0000 - 0x00007fff7d675000 	C:\WINDOWS\system32\shcore.dll
0x00007fff7d270000 - 0x00007fff7d2bb000 	C:\WINDOWS\system32\powrprof.dll
0x00007fff7d240000 - 0x00007fff7d254000 	C:\WINDOWS\system32\profapi.dll
0x00007fff63a80000 - 0x00007fff63c0c000 	C:\WINDOWS\SYSTEM32\dbghelp.dll

VM Arguments:
jvm_args: -Djava.awt.headless=true -Xmx1024M -Dfile.encoding=windows-1252 -Duser.country=FR -Duser.language=fr -Duser.variant 
java_command: com.android.dx.command.Main --dex --force-jumbo --num-threads=4 --multi-dex --output C:\Users\Famille\AndroidStudioProjects\Niviel\app\build\intermediates\transforms\dex\debug\folders\1000\10\gson-2.5_5e8b5468139ba08580ff9ef35e6638782f5f99af C:\Users\Famille\.gradle\caches\modules-2\files-2.1\com.google.code.gson\gson\2.5\686c608d1805b6d4d425ec4459e88164ffc85870\gson-2.5.jar
java_class_path (initial): C:\Users\Famille\AppData\Local\Android\sdk\build-tools\23.0.2\lib\dx.jar
Launcher Type: SUN_STANDARD

Environment Variables:
JAVA_HOME=C:\Program Files\Java\jdk1.8.0_25
PATH=C:\Program Files\Broadcom\Broadcom 802.11 Network Adapter;;C:\Program Files\Broadcom\Broadcom 802.11;C:\ProgramData\Oracle\Java\javapath;C:\Program Files (x86)\Intel\iCLS Client\;C:\Program Files\Intel\iCLS Client\;C:\Windows\system32;C:\Windows;C:\Windows\System32\Wbem;C:\Windows\System32\WindowsPowerShell\v1.0\;C:\Program Files\Hewlett-Packard\SimplePass\;C:\wamp\bin\php\php5.5.12;C:\Python27;C:\Users\Famille\AppData\Roaming\npm\;C:\Program Files\nodejs\;C:\Program Files\Git\cmd;C:\Program Files (x86)\Brackets\command;C:\Program Files (x86)\Ant\bin;C:\Program Files (x86)\Maven\bin;C:\Program Files (x86)\Intel\Intel(R) Management Engine Components\DAL;C:\Program Files\Intel\Intel(R) Management Engine Components\DAL;C:\Program Files (x86)\Intel\Intel(R) Management Engine Components\IPT;C:\Program Files\Intel\Intel(R) Management Engine Components\IPT;C:\Users\Famille\AppData\Local\atom\bin;C:\Users\Famille\AppData\Roaming\npm
USERNAME=de Lachaux
OS=Windows_NT
PROCESSOR_IDENTIFIER=Intel64 Family 6 Model 69 Stepping 1, GenuineIntel



---------------  S Y S T E M  ---------------

OS: Windows 8.1 , 64 bit Build 9600 

CPU:total 4 (2 cores per cpu, 2 threads per core) family 6 model 69 stepping 1, cmov, cx8, fxsr, mmx, sse, sse2, sse3, ssse3, sse4.1, sse4.2, popcnt, avx, avx2, aes, clmul, erms, lzcnt, ht, tsc, tscinvbit, bmi1, bmi2

Memory: 4k page, physical 4122776k(295552k free), swap 5555352k(18056k free)

vm_info: Java HotSpot(TM) 64-Bit Server VM (25.25-b02) for windows-amd64 JRE (1.8.0_25-b18), built on Oct  7 2014 14:25:37 by "java_re" with MS VC++ 10.0 (VS2010)

time: Thu Aug 25 19:23:47 2016
elapsed time: 5 seconds (0d 0h 0m 5s)

