#
# There is insufficient memory for the Java Runtime Environment to continue.
# Native memory allocation (malloc) failed to allocate 32744 bytes for ChunkPool::allocate
# Possible reasons:
#   The system is out of physical RAM or swap space
#   In 32 bit mode, the process size limit was hit
# Possible solutions:
#   Reduce memory load on the system
#   Increase physical memory or swap space
#   Check if swap backing store is full
#   Use 64 bit Java on a 64 bit OS
#   Decrease Java heap size (-Xmx/-Xms)
#   Decrease number of Java threads
#   Decrease Java thread stack sizes (-Xss)
#   Set larger code cache with -XX:ReservedCodeCacheSize=
# This output file may be truncated or incomplete.
#
#  Out of Memory Error (allocation.cpp:273), pid=62952, tid=59364
#
# JRE version: Java(TM) SE Runtime Environment (8.0_25-b18) (build 1.8.0_25-b18)
# Java VM: Java HotSpot(TM) 64-Bit Server VM (25.25-b02 mixed mode windows-amd64 compressed oops)
# Failed to write core dump. Minidumps are not enabled by default on client versions of Windows
#

---------------  T H R E A D  ---------------

Current thread (0x00000000148ab000):  JavaThread "C1 CompilerThread2" daemon [_thread_in_native, id=59364, stack(0x0000000015fa0000,0x00000000160a0000)]

Stack: [0x0000000015fa0000,0x00000000160a0000]
Native frames: (J=compiled Java code, j=interpreted, Vv=VM code, C=native code)
V  [jvm.dll+0x31667a]


Current CompileTask:
C1:    932  289   !   3       com.android.dx.cf.code.BytecodeArray::parseInstruction (2764 bytes)


---------------  P R O C E S S  ---------------

Java Threads: ( => current thread )
  0x0000000016333000 JavaThread "Unknown thread" [_thread_blocked, id=64060, stack(0x0000000016aa0000,0x0000000016ba0000)]
  0x000000001632f000 JavaThread "Unknown thread" [_thread_blocked, id=63860, stack(0x00000000169a0000,0x0000000016aa0000)]
  0x000000001632e800 JavaThread "Unknown thread" [_thread_blocked, id=60460, stack(0x00000000168a0000,0x00000000169a0000)]
  0x00000000162e1800 JavaThread "Unknown thread" [_thread_blocked, id=63932, stack(0x00000000167a0000,0x00000000168a0000)]
  0x0000000016328800 JavaThread "Unknown thread" [_thread_blocked, id=59984, stack(0x00000000166a0000,0x00000000167a0000)]
  0x00000000160a4800 JavaThread "Unknown thread" [_thread_blocked, id=56260, stack(0x00000000164a0000,0x00000000165a0000)]
=>0x00000000148ab000 JavaThread "Unknown thread" [_thread_in_native, id=59364, stack(0x0000000015fa0000,0x00000000160a0000)]
  0x0000000014851000 JavaThread "Unknown thread" [_thread_blocked, id=63620, stack(0x0000000015ea0000,0x0000000015fa0000)]
  0x000000001484c000 JavaThread "Unknown thread" [_thread_in_native, id=46272, stack(0x0000000015da0000,0x0000000015ea0000)]
  0x000000001484a800 JavaThread "Unknown thread" [_thread_blocked, id=59100, stack(0x0000000015ca0000,0x0000000015da0000)]
  0x0000000014849800 JavaThread "Unknown thread" [_thread_blocked, id=58816, stack(0x0000000015ba0000,0x0000000015ca0000)]
  0x0000000002170800 JavaThread "Unknown thread" [_thread_blocked, id=58792, stack(0x0000000015aa0000,0x0000000015ba0000)]
  0x000000000216d000 JavaThread "Unknown thread" [_thread_blocked, id=64312, stack(0x00000000159a0000,0x0000000015aa0000)]
  0x0000000001f7e000 JavaThread "Unknown thread" [_thread_blocked, id=62760, stack(0x0000000001f80000,0x0000000002080000)]

Other Threads:
  0x0000000014816800 VMThread [stack: 0x00000000158a0000,0x00000000159a0000] [id=64468]
  0x00000000160a6800 WatcherThread [stack: 0x00000000165a0000,0x00000000166a0000] [id=61064]

VM state:at safepoint (normal execution)

VM Mutex/Monitor currently owned by a thread:  ([mutex/lock_event])
[0x0000000001f7d420] Threads_lock - owner thread: 0x0000000014816800
[0x0000000001f7cba0] Heap_lock - owner thread: 0x000000001632e800

Heap:
 PSYoungGen      total 18944K, used 2199K [0x00000000eab00000, 0x00000000ec000000, 0x0000000100000000)
  eden space 16384K, 0% used [0x00000000eab00000,0x00000000eab00000,0x00000000ebb00000)
  from space 2560K, 85% used [0x00000000ebb00000,0x00000000ebd25d50,0x00000000ebd80000)
  to   space 2560K, 0% used [0x00000000ebd80000,0x00000000ebd80000,0x00000000ec000000)
 ParOldGen       total 44032K, used 8K [0x00000000c0000000, 0x00000000c2b00000, 0x00000000eab00000)
  object space 44032K, 0% used [0x00000000c0000000,0x00000000c0002000,0x00000000c2b00000)
 Metaspace       used 4402K, capacity 5584K, committed 5760K, reserved 1062912K
  class space    used 487K, capacity 520K, committed 640K, reserved 1048576K

Card table byte_map: [0x0000000011540000,0x0000000011750000] byte_map_base: 0x0000000010f40000

Marking Bits: (ParMarkBitMap*) 0x0000000069efd490
 Begin Bits: [0x0000000011cb0000, 0x0000000012cb0000)
 End Bits:   [0x0000000012cb0000, 0x0000000013cb0000)

Polling page: 0x0000000000780000

CodeCache: size=245760Kb used=1724Kb max_used=1724Kb free=244035Kb
 bounds [0x0000000002180000, 0x00000000023f0000, 0x0000000011180000]
 total_blobs=543 nmethods=287 adapters=170
 compilation: enabled

Compilation events (10 events):
Event: 0.889 Thread 0x00000000148ab000 nmethod 284 0x000000000232cb50 code [0x000000000232cce0, 0x000000000232d1b0]
Event: 0.890 Thread 0x00000000148ab000  285       3       com.android.dx.util.Bits::findFirst (27 bytes)
Event: 0.891 Thread 0x00000000148ab000 nmethod 285 0x000000000232d550 code [0x000000000232d6c0, 0x000000000232d888]
Event: 0.892 Thread 0x00000000148ab000  286       3       com.android.dx.util.Bits::findFirst (61 bytes)
Event: 0.892 Thread 0x00000000148ab000 nmethod 286 0x000000000232d910 code [0x000000000232daa0, 0x000000000232de48]
Event: 0.892 Thread 0x00000000148ab000  287   !   3       java.lang.ClassLoader::getPackage (118 bytes)
Event: 0.893 Thread 0x00000000148ab000 nmethod 287 0x000000000232e010 code [0x000000000232e220, 0x000000000232ef58]
Event: 0.894 Thread 0x00000000148ab000  288       3       com.android.dx.util.Bits::clear (21 bytes)
Event: 0.894 Thread 0x00000000148ab000 nmethod 288 0x000000000232f4d0 code [0x000000000232f620, 0x000000000232f790]
Event: 0.894 Thread 0x00000000148ab000  289   !   3       com.android.dx.cf.code.BytecodeArray::parseInstruction (2764 bytes)

GC Heap History (0 events):
No events

Deoptimization events (0 events):
No events

Internal exceptions (10 events):
Event: 0.887 Thread 0x000000001632f000 Exception <a 'java/security/PrivilegedActionException'> (0x00000000eb0323e8) thrown at [D:\re\workspace\8-2-build-windows-amd64-cygwin\jdk8u25\1677\hotspot\src\share\vm\prims\jvm.cpp, line 1312]
Event: 0.892 Thread 0x000000001632f000 Exception <a 'java/security/PrivilegedActionException'> (0x00000000eb035f48) thrown at [D:\re\workspace\8-2-build-windows-amd64-cygwin\jdk8u25\1677\hotspot\src\share\vm\prims\jvm.cpp, line 1312]
Event: 0.892 Thread 0x000000001632f000 Exception <a 'java/security/PrivilegedActionException'> (0x00000000eb0392a0) thrown at [D:\re\workspace\8-2-build-windows-amd64-cygwin\jdk8u25\1677\hotspot\src\share\vm\prims\jvm.cpp, line 1312]
Event: 0.893 Thread 0x000000001632f000 Exception <a 'java/security/PrivilegedActionException'> (0x00000000eb03bc10) thrown at [D:\re\workspace\8-2-build-windows-amd64-cygwin\jdk8u25\1677\hotspot\src\share\vm\prims\jvm.cpp, line 1312]
Event: 0.894 Thread 0x000000001632f000 Exception <a 'java/security/PrivilegedActionException'> (0x00000000eb0415a0) thrown at [D:\re\workspace\8-2-build-windows-amd64-cygwin\jdk8u25\1677\hotspot\src\share\vm\prims\jvm.cpp, line 1312]
Event: 0.895 Thread 0x000000001632f000 Exception <a 'java/security/PrivilegedActionException'> (0x00000000eb04a200) thrown at [D:\re\workspace\8-2-build-windows-amd64-cygwin\jdk8u25\1677\hotspot\src\share\vm\prims\jvm.cpp, line 1312]
Event: 0.896 Thread 0x000000001632e800 Exception <a 'java/security/PrivilegedActionException'> (0x00000000eb1c4b40) thrown at [D:\re\workspace\8-2-build-windows-amd64-cygwin\jdk8u25\1677\hotspot\src\share\vm\prims\jvm.cpp, line 1312]
Event: 0.896 Thread 0x000000001632e800 Exception <a 'java/security/PrivilegedActionException'> (0x00000000eb1c7988) thrown at [D:\re\workspace\8-2-build-windows-amd64-cygwin\jdk8u25\1677\hotspot\src\share\vm\prims\jvm.cpp, line 1312]
Event: 0.897 Thread 0x000000001632e800 Exception <a 'java/security/PrivilegedActionException'> (0x00000000eb1c9c80) thrown at [D:\re\workspace\8-2-build-windows-amd64-cygwin\jdk8u25\1677\hotspot\src\share\vm\prims\jvm.cpp, line 1312]
Event: 0.898 Thread 0x000000001632e800 Exception <a 'java/security/PrivilegedActionException'> (0x00000000eb1cd028) thrown at [D:\re\workspace\8-2-build-windows-amd64-cygwin\jdk8u25\1677\hotspot\src\share\vm\prims\jvm.cpp, line 1312]

Events (10 events):
Event: 0.895 loading class com/android/dx/cf/code/ExecutionStack
Event: 0.895 loading class com/android/dx/cf/code/ExecutionStack done
Event: 0.896 loading class com/android/dx/cf/code/Ropper$ExceptionSetupLabelAllocator
Event: 0.896 loading class com/android/dx/cf/code/Ropper$ExceptionSetupLabelAllocator done
Event: 0.896 loading class com/android/dx/cf/code/Ropper$LabelAllocator
Event: 0.896 loading class com/android/dx/cf/code/Ropper$LabelAllocator done
Event: 0.897 loading class com/android/dx/rop/code/SourcePosition
Event: 0.897 loading class com/android/dx/rop/code/SourcePosition done
Event: 0.898 loading class com/android/dx/rop/code/InsnList
Event: 0.898 loading class com/android/dx/rop/code/InsnList done


Dynamic libraries:
0x00007ff72ce00000 - 0x00007ff72ce34000 	C:\Program Files\Java\jdk1.8.0_25\bin\java.exe
0x00007ffcacc60000 - 0x00007ffcace21000 	C:\WINDOWS\SYSTEM32\ntdll.dll
0x00007ffcaca80000 - 0x00007ffcacb2d000 	C:\WINDOWS\system32\KERNEL32.DLL
0x00007ffca94f0000 - 0x00007ffca96d8000 	C:\WINDOWS\system32\KERNELBASE.dll
0x00007ffcac840000 - 0x00007ffcac8e7000 	C:\WINDOWS\system32\ADVAPI32.dll
0x00007ffcac900000 - 0x00007ffcac99d000 	C:\WINDOWS\system32\msvcrt.dll
0x00007ffcacb30000 - 0x00007ffcacb8b000 	C:\WINDOWS\system32\sechost.dll
0x00007ffcaa1c0000 - 0x00007ffcaa2dc000 	C:\WINDOWS\system32\RPCRT4.dll
0x00007ffcabd30000 - 0x00007ffcabe86000 	C:\WINDOWS\system32\USER32.dll
0x00007ffcab880000 - 0x00007ffcaba06000 	C:\WINDOWS\system32\GDI32.dll
0x00007ffca0310000 - 0x00007ffca0584000 	C:\WINDOWS\WinSxS\amd64_microsoft.windows.common-controls_6595b64144ccf1df_6.0.10586.494_none_a2d8b04ea53e3145\COMCTL32.dll
0x00007ffcac400000 - 0x00007ffcac67d000 	C:\WINDOWS\system32\combase.dll
0x00007ffca9310000 - 0x00007ffca937a000 	C:\WINDOWS\system32\bcryptPrimitives.dll
0x00007ffcab840000 - 0x00007ffcab87b000 	C:\WINDOWS\system32\IMM32.DLL
0x0000000069370000 - 0x0000000069442000 	C:\Program Files\Java\jdk1.8.0_25\jre\bin\msvcr100.dll
0x0000000069720000 - 0x0000000069f7a000 	C:\Program Files\Java\jdk1.8.0_25\jre\bin\server\jvm.dll
0x00007ffcaca00000 - 0x00007ffcaca08000 	C:\WINDOWS\system32\PSAPI.DLL
0x00007ffc95490000 - 0x00007ffc95499000 	C:\WINDOWS\SYSTEM32\WSOCK32.dll
0x00007ffcac7d0000 - 0x00007ffcac83b000 	C:\WINDOWS\system32\WS2_32.dll
0x00007ffca79b0000 - 0x00007ffca79d3000 	C:\WINDOWS\SYSTEM32\WINMM.dll
0x00007ffca7950000 - 0x00007ffca797c000 	C:\WINDOWS\SYSTEM32\WINMMBASE.dll
0x00007ffca96e0000 - 0x00007ffca9723000 	C:\WINDOWS\system32\cfgmgr32.dll
0x000000006a0a0000 - 0x000000006a0af000 	C:\Program Files\Java\jdk1.8.0_25\jre\bin\verify.dll
0x000000006a070000 - 0x000000006a098000 	C:\Program Files\Java\jdk1.8.0_25\jre\bin\java.dll
0x000000006a050000 - 0x000000006a066000 	C:\Program Files\Java\jdk1.8.0_25\jre\bin\zip.dll
0x00007ffcaa2e0000 - 0x00007ffcab83c000 	C:\WINDOWS\system32\SHELL32.dll
0x00007ffca9730000 - 0x00007ffca9d75000 	C:\WINDOWS\system32\windows.storage.dll
0x00007ffcabea0000 - 0x00007ffcabef2000 	C:\WINDOWS\system32\shlwapi.dll
0x00007ffca92b0000 - 0x00007ffca92bf000 	C:\WINDOWS\system32\kernel.appcore.dll
0x00007ffca9430000 - 0x00007ffca94e5000 	C:\WINDOWS\system32\shcore.dll
0x00007ffca92c0000 - 0x00007ffca930b000 	C:\WINDOWS\system32\powrprof.dll
0x00007ffca9290000 - 0x00007ffca92a4000 	C:\WINDOWS\system32\profapi.dll

VM Arguments:
jvm_args: -Djava.awt.headless=true -Xmx1024M -Dfile.encoding=windows-1252 -Duser.country=FR -Duser.language=fr -Duser.variant 
java_command: com.android.dx.command.Main --dex --force-jumbo --num-threads=4 --multi-dex --output C:\Users\Famille\AndroidStudioProjects\Niviel\app\build\intermediates\transforms\dex\debug\folders\1000\5\slice_3 C:\Users\Famille\AndroidStudioProjects\Niviel\app\build\intermediates\transforms\instantRunSlicer\debug\folders\1\5\slice_3
java_class_path (initial): C:\Users\Famille\AppData\Local\Android\sdk\build-tools\23.0.2\lib\dx.jar
Launcher Type: SUN_STANDARD

Environment Variables:
JAVA_HOME=C:\Program Files\Java\jdk1.8.0_25
PATH=C:\Program Files\Broadcom\Broadcom 802.11 Network Adapter;;C:\Program Files\Broadcom\Broadcom 802.11;C:\ProgramData\Oracle\Java\javapath;C:\Program Files (x86)\Intel\iCLS Client\;C:\Program Files\Intel\iCLS Client\;C:\Windows\system32;C:\Windows;C:\Windows\System32\Wbem;C:\Windows\System32\WindowsPowerShell\v1.0\;C:\Program Files\Hewlett-Packard\SimplePass\;C:\wamp\bin\php\php5.5.12;C:\Python27;C:\Users\Famille\AppData\Roaming\npm\;C:\Program Files\nodejs\;C:\Program Files\Git\cmd;C:\Program Files (x86)\Brackets\command;C:\Program Files (x86)\Ant\bin;C:\Program Files (x86)\Maven\bin;C:\Program Files (x86)\Intel\Intel(R) Management Engine Components\DAL;C:\Program Files\Intel\Intel(R) Management Engine Components\DAL;C:\Program Files (x86)\Intel\Intel(R) Management Engine Components\IPT;C:\Program Files\Intel\Intel(R) Management Engine Components\IPT;C:\Users\Famille\AppData\Local\atom\bin;C:\Users\Famille\AppData\Roaming\npm
USERNAME=de Lachaux
OS=Windows_NT
PROCESSOR_IDENTIFIER=Intel64 Family 6 Model 69 Stepping 1, GenuineIntel



---------------  S Y S T E M  ---------------

OS: Windows 8.1 , 64 bit Build 9600 

CPU:total 4 (2 cores per cpu, 2 threads per core) family 6 model 69 stepping 1, cmov, cx8, fxsr, mmx, sse, sse2, sse3, ssse3, sse4.1, sse4.2, popcnt, avx, avx2, aes, clmul, erms, lzcnt, ht, tsc, tscinvbit, bmi1, bmi2

Memory: 4k page, physical 4122776k(496696k free), swap 5555352k(125088k free)

vm_info: Java HotSpot(TM) 64-Bit Server VM (25.25-b02) for windows-amd64 JRE (1.8.0_25-b18), built on Oct  7 2014 14:25:37 by "java_re" with MS VC++ 10.0 (VS2010)

time: Mon Aug 29 18:31:11 2016
elapsed time: 0 seconds (0d 0h 0m 0s)

