#
# There is insufficient memory for the Java Runtime Environment to continue.
# Native memory allocation (malloc) failed to allocate 1010096 bytes for Chunk::new
# Possible reasons:
#   The system is out of physical RAM or swap space
#   In 32 bit mode, the process size limit was hit
# Possible solutions:
#   Reduce memory load on the system
#   Increase physical memory or swap space
#   Check if swap backing store is full
#   Use 64 bit Java on a 64 bit OS
#   Decrease Java heap size (-Xmx/-Xms)
#   Decrease number of Java threads
#   Decrease Java thread stack sizes (-Xss)
#   Set larger code cache with -XX:ReservedCodeCacheSize=
# This output file may be truncated or incomplete.
#
#  Out of Memory Error (allocation.cpp:390), pid=37280, tid=37536
#
# JRE version: Java(TM) SE Runtime Environment (8.0_25-b18) (build 1.8.0_25-b18)
# Java VM: Java HotSpot(TM) 64-Bit Server VM (25.25-b02 mixed mode windows-amd64 compressed oops)
# Failed to write core dump. Minidumps are not enabled by default on client versions of Windows
#

---------------  T H R E A D  ---------------

Current thread (0x00000000151fb800):  JavaThread "C2 CompilerThread0" daemon [_thread_in_native, id=37536, stack(0x0000000016770000,0x0000000016870000)]

Stack: [0x0000000016770000,0x0000000016870000]
Native frames: (J=compiled Java code, j=interpreted, Vv=VM code, C=native code)
V  [jvm.dll+0x31667a]
V  [jvm.dll+0x267073]
V  [jvm.dll+0x267cb3]
V  [jvm.dll+0x25f5b5]
V  [jvm.dll+0xbf165]
V  [jvm.dll+0xbf60c]
V  [jvm.dll+0x45d672]
V  [jvm.dll+0x49e8ef]
V  [jvm.dll+0x452b41]
V  [jvm.dll+0x453864]
V  [jvm.dll+0x437372]
V  [jvm.dll+0x98a02]
V  [jvm.dll+0x991f3]
V  [jvm.dll+0x22bde4]
V  [jvm.dll+0x2852fa]
C  [msvcr100.dll+0x21d9f]
C  [msvcr100.dll+0x21e3b]
C  [KERNEL32.DLL+0x18102]
C  [ntdll.dll+0x5c5b4]


Current CompileTask:
C2:   5532 1253       4       com.android.dx.ssa.SCCP::simulateStmt (481 bytes)


---------------  P R O C E S S  ---------------

Java Threads: ( => current thread )
  0x0000000016ccb800 JavaThread "pool-2-thread-4" [_thread_blocked, id=37240, stack(0x0000000017470000,0x0000000017570000)]
  0x0000000016cc6800 JavaThread "pool-2-thread-3" [_thread_in_Java, id=36880, stack(0x0000000017370000,0x0000000017470000)]
  0x0000000016cc1000 JavaThread "pool-2-thread-2" [_thread_in_vm, id=37320, stack(0x0000000017270000,0x0000000017370000)]
  0x0000000016cbe800 JavaThread "pool-3-thread-1" [_thread_blocked, id=37676, stack(0x0000000017170000,0x0000000017270000)]
  0x0000000016cbc000 JavaThread "pool-2-thread-1" [_thread_blocked, id=37392, stack(0x0000000017070000,0x0000000017170000)]
  0x0000000016a73000 JavaThread "Service Thread" daemon [_thread_blocked, id=28612, stack(0x0000000016e70000,0x0000000016f70000)]
  0x000000001525a800 JavaThread "C1 CompilerThread2" daemon [_thread_blocked, id=37224, stack(0x0000000016970000,0x0000000016a70000)]
  0x0000000015201000 JavaThread "C2 CompilerThread1" daemon [_thread_blocked, id=37824, stack(0x0000000016870000,0x0000000016970000)]
=>0x00000000151fb800 JavaThread "C2 CompilerThread0" daemon [_thread_in_native, id=37536, stack(0x0000000016770000,0x0000000016870000)]
  0x00000000151fa800 JavaThread "Attach Listener" daemon [_thread_blocked, id=32888, stack(0x0000000016670000,0x0000000016770000)]
  0x00000000151f9800 JavaThread "Signal Dispatcher" daemon [_thread_blocked, id=37788, stack(0x0000000016570000,0x0000000016670000)]
  0x0000000002b1e800 JavaThread "Finalizer" daemon [_thread_blocked, id=37592, stack(0x0000000016470000,0x0000000016570000)]
  0x0000000002b1d800 JavaThread "Reference Handler" daemon [_thread_blocked, id=35964, stack(0x0000000016370000,0x0000000016470000)]
  0x0000000000ffe000 JavaThread "main" [_thread_blocked, id=35928, stack(0x00000000011a0000,0x00000000012a0000)]

Other Threads:
  0x00000000151c6800 VMThread [stack: 0x0000000016270000,0x0000000016370000] [id=33476]
  0x0000000016a75000 WatcherThread [stack: 0x0000000016f70000,0x0000000017070000] [id=36292]

VM state:not at safepoint (normal execution)

VM Mutex/Monitor currently owned by a thread: None

Heap:
 PSYoungGen      total 18944K, used 14336K [0x00000000eab00000, 0x00000000ed000000, 0x0000000100000000)
  eden space 16384K, 71% used [0x00000000eab00000,0x00000000eb680760,0x00000000ebb00000)
  from space 2560K, 99% used [0x00000000ebb00000,0x00000000ebd7f9e8,0x00000000ebd80000)
  to   space 2560K, 0% used [0x00000000ecd80000,0x00000000ecd80000,0x00000000ed000000)
 ParOldGen       total 44032K, used 1644K [0x00000000c0000000, 0x00000000c2b00000, 0x00000000eab00000)
  object space 44032K, 3% used [0x00000000c0000000,0x00000000c019b0f8,0x00000000c2b00000)
 Metaspace       used 5977K, capacity 6896K, committed 7040K, reserved 1056768K
  class space    used 587K, capacity 616K, committed 640K, reserved 1048576K

Card table byte_map: [0x0000000011ef0000,0x0000000012100000] byte_map_base: 0x00000000118f0000

Marking Bits: (ParMarkBitMap*) 0x0000000057b9d490
 Begin Bits: [0x0000000012660000, 0x0000000013660000)
 End Bits:   [0x0000000013660000, 0x0000000014660000)

Polling page: 0x0000000000fe0000

CodeCache: size=245760Kb used=5149Kb max_used=5149Kb free=240610Kb
 bounds [0x0000000002b30000, 0x0000000003040000, 0x0000000011b30000]
 total_blobs=1573 nmethods=1309 adapters=178
 compilation: enabled

Compilation events (10 events):
Event: 5.412 Thread 0x000000001525a800 1306       3       com.android.dx.dex.file.EncodedMember::<init> (10 bytes)
Event: 5.412 Thread 0x000000001525a800 nmethod 1306 0x000000000302af90 code [0x000000000302b0e0, 0x000000000302b290]
Event: 5.413 Thread 0x000000001525a800 1307       3       com.android.dx.cf.code.ByteCatchList$Item::getExceptionClass (18 bytes)
Event: 5.414 Thread 0x000000001525a800 nmethod 1307 0x000000000302ab90 code [0x000000000302ace0, 0x000000000302ae90]
Event: 5.414 Thread 0x000000001525a800 1308       3       com.android.dx.cf.code.OneLocalsArray::getMaxLocals (6 bytes)
Event: 5.414 Thread 0x000000001525a800 nmethod 1308 0x000000000303aed0 code [0x000000000303b020, 0x000000000303b170]
Event: 5.415 Thread 0x000000001525a800 1309       1       com.android.dx.cf.code.OneLocalsArray::getOrNull (7 bytes)
Event: 5.415 Thread 0x000000001525a800 nmethod 1309 0x000000000303b210 code [0x000000000303b360, 0x000000000303b490]
Event: 5.415 Thread 0x000000001525a800 1310       3       com.android.dx.rop.type.Type::getInitializedType (42 bytes)
Event: 5.416 Thread 0x000000001525a800 nmethod 1310 0x000000000303b550 code [0x000000000303b720, 0x000000000303bf18]

GC Heap History (2 events):
Event: 3.993 GC heap before
{Heap before GC invocations=1 (full 0):
 PSYoungGen      total 18944K, used 16384K [0x00000000eab00000, 0x00000000ec000000, 0x0000000100000000)
  eden space 16384K, 100% used [0x00000000eab00000,0x00000000ebb00000,0x00000000ebb00000)
  from space 2560K, 0% used [0x00000000ebd80000,0x00000000ebd80000,0x00000000ec000000)
  to   space 2560K, 0% used [0x00000000ebb00000,0x00000000ebb00000,0x00000000ebd80000)
 ParOldGen       total 44032K, used 0K [0x00000000c0000000, 0x00000000c2b00000, 0x00000000eab00000)
  object space 44032K, 0% used [0x00000000c0000000,0x00000000c0000000,0x00000000c2b00000)
 Metaspace       used 5693K, capacity 6640K, committed 6784K, reserved 1056768K
  class space    used 584K, capacity 616K, committed 640K, reserved 1048576K
Event: 4.199 GC heap after
Heap after GC invocations=1 (full 0):
 PSYoungGen      total 18944K, used 2558K [0x00000000eab00000, 0x00000000ed000000, 0x0000000100000000)
  eden space 16384K, 0% used [0x00000000eab00000,0x00000000eab00000,0x00000000ebb00000)
  from space 2560K, 99% used [0x00000000ebb00000,0x00000000ebd7f9e8,0x00000000ebd80000)
  to   space 2560K, 0% used [0x00000000ecd80000,0x00000000ecd80000,0x00000000ed000000)
 ParOldGen       total 44032K, used 1644K [0x00000000c0000000, 0x00000000c2b00000, 0x00000000eab00000)
  object space 44032K, 3% used [0x00000000c0000000,0x00000000c019b0f8,0x00000000c2b00000)
 Metaspace       used 5693K, capacity 6640K, committed 6784K, reserved 1056768K
  class space    used 584K, capacity 616K, committed 640K, reserved 1048576K
}

Deoptimization events (1 events):
Event: 5.014 Thread 0x0000000016cc1000 Uncommon trap: reason=null_check action=make_not_entrant pc=0x0000000002e6c410 method=com.android.dx.ssa.SsaRenamer.getLocalForNewReg(I)Lcom/android/dx/rop/code/LocalItem; @ 19

Internal exceptions (10 events):
Event: 3.184 Thread 0x0000000016cc1000 Exception <a 'java/security/PrivilegedActionException'> (0x00000000eb5239d8) thrown at [D:\re\workspace\8-2-build-windows-amd64-cygwin\jdk8u25\1677\hotspot\src\share\vm\prims\jvm.cpp, line 1312]
Event: 3.198 Thread 0x0000000000ffe000 Exception <a 'java/security/PrivilegedActionException'> (0x00000000eb631df0) thrown at [D:\re\workspace\8-2-build-windows-amd64-cygwin\jdk8u25\1677\hotspot\src\share\vm\prims\jvm.cpp, line 1312]
Event: 3.200 Thread 0x0000000000ffe000 Exception <a 'java/security/PrivilegedActionException'> (0x00000000eb639438) thrown at [D:\re\workspace\8-2-build-windows-amd64-cygwin\jdk8u25\1677\hotspot\src\share\vm\prims\jvm.cpp, line 1312]
Event: 3.211 Thread 0x0000000016cbc000 Exception <a 'java/security/PrivilegedActionException'> (0x00000000eb5e90e0) thrown at [D:\re\workspace\8-2-build-windows-amd64-cygwin\jdk8u25\1677\hotspot\src\share\vm\prims\jvm.cpp, line 1312]
Event: 3.589 Thread 0x0000000016cc1000 Exception <a 'java/security/PrivilegedActionException'> (0x00000000eb7ec6d8) thrown at [D:\re\workspace\8-2-build-windows-amd64-cygwin\jdk8u25\1677\hotspot\src\share\vm\prims\jvm.cpp, line 1312]
Event: 4.744 Thread 0x0000000000ffe000 Exception <a 'java/security/PrivilegedActionException'> (0x00000000eb0cfe18) thrown at [D:\re\workspace\8-2-build-windows-amd64-cygwin\jdk8u25\1677\hotspot\src\share\vm\prims\jvm.cpp, line 1312]
Event: 4.746 Thread 0x0000000000ffe000 Exception <a 'java/security/PrivilegedActionException'> (0x00000000eb0d22c8) thrown at [D:\re\workspace\8-2-build-windows-amd64-cygwin\jdk8u25\1677\hotspot\src\share\vm\prims\jvm.cpp, line 1312]
Event: 4.748 Thread 0x0000000000ffe000 Exception <a 'java/security/PrivilegedActionException'> (0x00000000eb0dc570) thrown at [D:\re\workspace\8-2-build-windows-amd64-cygwin\jdk8u25\1677\hotspot\src\share\vm\prims\jvm.cpp, line 1312]
Event: 4.749 Thread 0x0000000000ffe000 Exception <a 'java/security/PrivilegedActionException'> (0x00000000eb0dec80) thrown at [D:\re\workspace\8-2-build-windows-amd64-cygwin\jdk8u25\1677\hotspot\src\share\vm\prims\jvm.cpp, line 1312]
Event: 5.014 Thread 0x0000000016cc1000 Implicit null exception at 0x0000000002e69f89 to 0x0000000002e6c3e9

Events (10 events):
Event: 4.744 loading class com/android/dx/cf/attrib/AttDeprecated done
Event: 4.746 loading class com/android/dx/cf/direct/AnnotationParser
Event: 4.746 loading class com/android/dx/cf/direct/AnnotationParser done
Event: 4.748 loading class com/android/dx/cf/attrib/AttRuntimeVisibleAnnotations
Event: 4.748 loading class com/android/dx/cf/attrib/AttRuntimeVisibleAnnotations done
Event: 4.748 loading class com/android/dx/cf/attrib/BaseAnnotations
Event: 4.749 loading class com/android/dx/cf/attrib/BaseAnnotations done
Event: 5.014 Thread 0x0000000016cc1000 Uncommon trap: trap_request=0xfffffff4 fr.pc=0x0000000002e6c410
Event: 5.014 Thread 0x0000000016cc1000 DEOPT PACKING pc=0x0000000002e6c410 sp=0x000000001736ea60
Event: 5.014 Thread 0x0000000016cc1000 DEOPT UNPACKING pc=0x0000000002b7556a sp=0x000000001736e8a8 mode 2


Dynamic libraries:
0x00007ff619710000 - 0x00007ff619744000 	C:\Program Files\Java\jdk1.8.0_25\bin\java.exe
0x00007ffdb2fd0000 - 0x00007ffdb3191000 	C:\WINDOWS\SYSTEM32\ntdll.dll
0x00007ffdb2650000 - 0x00007ffdb26fd000 	C:\WINDOWS\system32\KERNEL32.DLL
0x00007ffdafe10000 - 0x00007ffdafff8000 	C:\WINDOWS\system32\KERNELBASE.dll
0x00007ffdb0d80000 - 0x00007ffdb0e27000 	C:\WINDOWS\system32\ADVAPI32.dll
0x00007ffdb1050000 - 0x00007ffdb10ed000 	C:\WINDOWS\system32\msvcrt.dll
0x00007ffdb2f70000 - 0x00007ffdb2fcb000 	C:\WINDOWS\system32\sechost.dll
0x00007ffdb0780000 - 0x00007ffdb089c000 	C:\WINDOWS\system32\RPCRT4.dll
0x00007ffdb2cf0000 - 0x00007ffdb2e46000 	C:\WINDOWS\system32\USER32.dll
0x00007ffdb0520000 - 0x00007ffdb06a6000 	C:\WINDOWS\system32\GDI32.dll
0x00007ffda7820000 - 0x00007ffda7a94000 	C:\WINDOWS\WinSxS\amd64_microsoft.windows.common-controls_6595b64144ccf1df_6.0.10586.494_none_a2d8b04ea53e3145\COMCTL32.dll
0x00007ffdb08a0000 - 0x00007ffdb0b1d000 	C:\WINDOWS\system32\combase.dll
0x00007ffdafd80000 - 0x00007ffdafdea000 	C:\WINDOWS\system32\bcryptPrimitives.dll
0x00007ffdb03d0000 - 0x00007ffdb040b000 	C:\WINDOWS\system32\IMM32.DLL
0x0000000056f00000 - 0x0000000056fd2000 	C:\Program Files\Java\jdk1.8.0_25\jre\bin\msvcr100.dll
0x00000000573c0000 - 0x0000000057c1a000 	C:\Program Files\Java\jdk1.8.0_25\jre\bin\server\jvm.dll
0x00007ffdb0d00000 - 0x00007ffdb0d08000 	C:\WINDOWS\system32\PSAPI.DLL
0x00007ffd9d1c0000 - 0x00007ffd9d1c9000 	C:\WINDOWS\SYSTEM32\WSOCK32.dll
0x00007ffdb0d10000 - 0x00007ffdb0d7b000 	C:\WINDOWS\system32\WS2_32.dll
0x00007ffdad8c0000 - 0x00007ffdad8e3000 	C:\WINDOWS\SYSTEM32\WINMM.dll
0x00007ffdad030000 - 0x00007ffdad05c000 	C:\WINDOWS\SYSTEM32\WINMMBASE.dll
0x00007ffdb0000000 - 0x00007ffdb0043000 	C:\WINDOWS\system32\cfgmgr32.dll
0x00000000573b0000 - 0x00000000573bf000 	C:\Program Files\Java\jdk1.8.0_25\jre\bin\verify.dll
0x0000000057380000 - 0x00000000573a8000 	C:\Program Files\Java\jdk1.8.0_25\jre\bin\java.dll
0x0000000057360000 - 0x0000000057376000 	C:\Program Files\Java\jdk1.8.0_25\jre\bin\zip.dll
0x00007ffdb10f0000 - 0x00007ffdb264c000 	C:\WINDOWS\system32\SHELL32.dll
0x00007ffdaf730000 - 0x00007ffdafd75000 	C:\WINDOWS\system32\windows.storage.dll
0x00007ffdb2c90000 - 0x00007ffdb2ce2000 	C:\WINDOWS\system32\shlwapi.dll
0x00007ffdaf670000 - 0x00007ffdaf67f000 	C:\WINDOWS\system32\kernel.appcore.dll
0x00007ffdb0140000 - 0x00007ffdb01f5000 	C:\WINDOWS\system32\shcore.dll
0x00007ffdaf5f0000 - 0x00007ffdaf63b000 	C:\WINDOWS\system32\powrprof.dll
0x00007ffdaf640000 - 0x00007ffdaf654000 	C:\WINDOWS\system32\profapi.dll
0x00007ffd9aee0000 - 0x00007ffd9b06c000 	C:\WINDOWS\SYSTEM32\dbghelp.dll

VM Arguments:
jvm_args: -Djava.awt.headless=true -Xmx1024M -Dfile.encoding=windows-1252 -Duser.country=FR -Duser.language=fr -Duser.variant 
java_command: com.android.dx.command.Main --dex --force-jumbo --num-threads=4 --multi-dex --output C:\Users\Famille\AndroidStudioProjects\Niviel\app\build\intermediates\transforms\dex\debug\folders\1000\10\gson-2.5_5e8b5468139ba08580ff9ef35e6638782f5f99af C:\Users\Famille\.gradle\caches\modules-2\files-2.1\com.google.code.gson\gson\2.5\686c608d1805b6d4d425ec4459e88164ffc85870\gson-2.5.jar
java_class_path (initial): C:\Users\Famille\AppData\Local\Android\sdk\build-tools\23.0.2\lib\dx.jar
Launcher Type: SUN_STANDARD

Environment Variables:
JAVA_HOME=C:\Program Files\Java\jdk1.8.0_25
PATH=C:\Program Files\Broadcom\Broadcom 802.11 Network Adapter;;C:\Program Files\Broadcom\Broadcom 802.11;C:\ProgramData\Oracle\Java\javapath;C:\Program Files (x86)\Intel\iCLS Client\;C:\Program Files\Intel\iCLS Client\;C:\Windows\system32;C:\Windows;C:\Windows\System32\Wbem;C:\Windows\System32\WindowsPowerShell\v1.0\;C:\Program Files\Hewlett-Packard\SimplePass\;C:\wamp\bin\php\php5.5.12;C:\Python27;C:\Users\Famille\AppData\Roaming\npm\;C:\Program Files\nodejs\;C:\Program Files\Git\cmd;C:\Program Files (x86)\Brackets\command;C:\Program Files (x86)\Ant\bin;C:\Program Files (x86)\Maven\bin;C:\Program Files (x86)\Intel\Intel(R) Management Engine Components\DAL;C:\Program Files\Intel\Intel(R) Management Engine Components\DAL;C:\Program Files (x86)\Intel\Intel(R) Management Engine Components\IPT;C:\Program Files\Intel\Intel(R) Management Engine Components\IPT;C:\Users\Famille\AppData\Local\atom\bin;C:\Users\Famille\AppData\Roaming\npm
USERNAME=de Lachaux
OS=Windows_NT
PROCESSOR_IDENTIFIER=Intel64 Family 6 Model 69 Stepping 1, GenuineIntel



---------------  S Y S T E M  ---------------

OS: Windows 8.1 , 64 bit Build 9600 

CPU:total 4 (2 cores per cpu, 2 threads per core) family 6 model 69 stepping 1, cmov, cx8, fxsr, mmx, sse, sse2, sse3, ssse3, sse4.1, sse4.2, popcnt, avx, avx2, aes, clmul, erms, lzcnt, ht, tsc, tscinvbit, bmi1, bmi2

Memory: 4k page, physical 4122776k(396392k free), swap 5555352k(3652k free)

vm_info: Java HotSpot(TM) 64-Bit Server VM (25.25-b02) for windows-amd64 JRE (1.8.0_25-b18), built on Oct  7 2014 14:25:37 by "java_re" with MS VC++ 10.0 (VS2010)

time: Tue Aug 23 12:35:59 2016
elapsed time: 5 seconds (0d 0h 0m 5s)

