#
# There is insufficient memory for the Java Runtime Environment to continue.
# Native memory allocation (malloc) failed to allocate 494608 bytes for Chunk::new
# Possible reasons:
#   The system is out of physical RAM or swap space
#   In 32 bit mode, the process size limit was hit
# Possible solutions:
#   Reduce memory load on the system
#   Increase physical memory or swap space
#   Check if swap backing store is full
#   Use 64 bit Java on a 64 bit OS
#   Decrease Java heap size (-Xmx/-Xms)
#   Decrease number of Java threads
#   Decrease Java thread stack sizes (-Xss)
#   Set larger code cache with -XX:ReservedCodeCacheSize=
# This output file may be truncated or incomplete.
#
#  Out of Memory Error (allocation.cpp:390), pid=32292, tid=31116
#
# JRE version: Java(TM) SE Runtime Environment (8.0_25-b18) (build 1.8.0_25-b18)
# Java VM: Java HotSpot(TM) 64-Bit Server VM (25.25-b02 mixed mode windows-amd64 compressed oops)
# Failed to write core dump. Minidumps are not enabled by default on client versions of Windows
#

---------------  T H R E A D  ---------------

Current thread (0x0000000014cc2800):  JavaThread "C2 CompilerThread1" daemon [_thread_in_native, id=31116, stack(0x00000000162e0000,0x00000000163e0000)]

Stack: [0x00000000162e0000,0x00000000163e0000]
Native frames: (J=compiled Java code, j=interpreted, Vv=VM code, C=native code)
V  [jvm.dll+0x31667a]
V  [jvm.dll+0x267073]
V  [jvm.dll+0x267cb3]
V  [jvm.dll+0x25f5b5]
V  [jvm.dll+0xbf165]
V  [jvm.dll+0xbf60c]
V  [jvm.dll+0x44af32]
V  [jvm.dll+0x4be4f0]
V  [jvm.dll+0x4c112c]
V  [jvm.dll+0x451121]
V  [jvm.dll+0x4538f8]
V  [jvm.dll+0x437372]
V  [jvm.dll+0x98a02]
V  [jvm.dll+0x991f3]
V  [jvm.dll+0x22bde4]
V  [jvm.dll+0x2852fa]
C  [msvcr100.dll+0x21d9f]
C  [msvcr100.dll+0x21e3b]
C  [KERNEL32.DLL+0x18102]
C  [ntdll.dll+0x5c5b4]


Current CompileTask:
C2:   2771 1090   !   4       com.android.dx.cf.code.BytecodeArray::parseInstruction (2764 bytes)


---------------  P R O C E S S  ---------------

Java Threads: ( => current thread )
  0x000000001692f000 JavaThread "pool-2-thread-4" [_thread_in_vm, id=33668, stack(0x0000000016ee0000,0x0000000016fe0000)]
  0x0000000016845800 JavaThread "pool-2-thread-3" [_thread_in_Java, id=33608, stack(0x0000000016de0000,0x0000000016ee0000)]
  0x000000001682e000 JavaThread "pool-2-thread-2" [_thread_in_Java, id=33476, stack(0x0000000016ce0000,0x0000000016de0000)]
  0x0000000016824000 JavaThread "pool-3-thread-1" [_thread_blocked, id=17996, stack(0x0000000016be0000,0x0000000016ce0000)]
  0x0000000016823800 JavaThread "pool-2-thread-1" [_thread_in_Java, id=32948, stack(0x0000000016ae0000,0x0000000016be0000)]
  0x0000000014ccb000 JavaThread "Service Thread" daemon [_thread_blocked, id=25568, stack(0x00000000164e0000,0x00000000165e0000)]
  0x0000000014cc3000 JavaThread "C1 CompilerThread2" daemon [_thread_blocked, id=32812, stack(0x00000000163e0000,0x00000000164e0000)]
=>0x0000000014cc2800 JavaThread "C2 CompilerThread1" daemon [_thread_in_native, id=31116, stack(0x00000000162e0000,0x00000000163e0000)]
  0x0000000014c6c000 JavaThread "C2 CompilerThread0" daemon [_thread_in_native, id=32780, stack(0x00000000161e0000,0x00000000162e0000)]
  0x0000000014c6a800 JavaThread "Attach Listener" daemon [_thread_blocked, id=27844, stack(0x00000000160e0000,0x00000000161e0000)]
  0x0000000014c69800 JavaThread "Signal Dispatcher" daemon [_thread_blocked, id=32804, stack(0x0000000015fe0000,0x00000000160e0000)]
  0x0000000002550800 JavaThread "Finalizer" daemon [_thread_blocked, id=32676, stack(0x0000000015ed0000,0x0000000015fd0000)]
  0x000000000254d000 JavaThread "Reference Handler" daemon [_thread_blocked, id=32880, stack(0x0000000015dd0000,0x0000000015ed0000)]
  0x0000000000b0e000 JavaThread "main" [_thread_in_native, id=32464, stack(0x0000000000c30000,0x0000000000d30000)]

Other Threads:
  0x0000000014c36800 VMThread [stack: 0x0000000015cd0000,0x0000000015dd0000] [id=31184]
  0x0000000014ccd000 WatcherThread [stack: 0x00000000165e0000,0x00000000166e0000] [id=33020]

VM state:not at safepoint (normal execution)

VM Mutex/Monitor currently owned by a thread: None

Heap:
 PSYoungGen      total 18944K, used 15377K [0x00000000eab00000, 0x00000000ec000000, 0x0000000100000000)
  eden space 16384K, 78% used [0x00000000eab00000,0x00000000eb786e18,0x00000000ebb00000)
  from space 2560K, 99% used [0x00000000ebb00000,0x00000000ebd7d8f8,0x00000000ebd80000)
  to   space 2560K, 0% used [0x00000000ebd80000,0x00000000ebd80000,0x00000000ec000000)
 ParOldGen       total 44032K, used 1543K [0x00000000c0000000, 0x00000000c2b00000, 0x00000000eab00000)
  object space 44032K, 3% used [0x00000000c0000000,0x00000000c0181f60,0x00000000c2b00000)
 Metaspace       used 5833K, capacity 6896K, committed 7040K, reserved 1056768K
  class space    used 584K, capacity 616K, committed 640K, reserved 1048576K

Card table byte_map: [0x0000000011940000,0x0000000011b50000] byte_map_base: 0x0000000011340000

Marking Bits: (ParMarkBitMap*) 0x0000000057b9d490
 Begin Bits: [0x00000000120b0000, 0x00000000130b0000)
 End Bits:   [0x00000000130b0000, 0x00000000140b0000)

Polling page: 0x0000000000b10000

CodeCache: size=245760Kb used=4509Kb max_used=4509Kb free=241250Kb
 bounds [0x0000000002580000, 0x00000000029f0000, 0x0000000011580000]
 total_blobs=1426 nmethods=1162 adapters=178
 compilation: enabled

Compilation events (10 events):
Event: 2.740 Thread 0x0000000014cc3000 1157       3       com.android.dx.rop.code.BasicBlockList::getInstructionCount (48 bytes)
Event: 2.740 Thread 0x0000000014cc3000 nmethod 1157 0x00000000029e2650 code [0x00000000029e27e0, 0x00000000029e2e70]
Event: 2.740 Thread 0x0000000014cc3000 1158       3       com.android.dx.dex.code.BlockAddresses::getStart (7 bytes)
Event: 2.741 Thread 0x0000000014cc3000 nmethod 1158 0x00000000029e30d0 code [0x00000000029e3220, 0x00000000029e3390]
Event: 2.741 Thread 0x0000000014cc3000 1159       3       com.android.dx.dex.code.SimpleInsn::<init> (8 bytes)
Event: 2.741 Thread 0x0000000014cc3000 nmethod 1159 0x00000000029e3490 code [0x00000000029e3600, 0x00000000029e37e8]
Event: 2.742 Thread 0x0000000014cc3000 1160   !   3       com.android.dx.cf.code.OneLocalsArray::set (106 bytes)
Event: 2.742 Thread 0x0000000014cc3000 nmethod 1160 0x00000000029e38d0 code [0x00000000029e3b00, 0x00000000029e48d8]
Event: 2.742 Thread 0x0000000014cc3000 1161       3       com.android.dx.cf.code.Simulator::requiredArrayTypeFor (61 bytes)
Event: 2.743 Thread 0x0000000014cc3000 nmethod 1161 0x00000000029e4ed0 code [0x00000000029e50c0, 0x00000000029e5a18]

GC Heap History (2 events):
Event: 2.389 GC heap before
{Heap before GC invocations=1 (full 0):
 PSYoungGen      total 18944K, used 16384K [0x00000000eab00000, 0x00000000ec000000, 0x0000000100000000)
  eden space 16384K, 100% used [0x00000000eab00000,0x00000000ebb00000,0x00000000ebb00000)
  from space 2560K, 0% used [0x00000000ebd80000,0x00000000ebd80000,0x00000000ec000000)
  to   space 2560K, 0% used [0x00000000ebb00000,0x00000000ebb00000,0x00000000ebd80000)
 ParOldGen       total 44032K, used 0K [0x00000000c0000000, 0x00000000c2b00000, 0x00000000eab00000)
  object space 44032K, 0% used [0x00000000c0000000,0x00000000c0000000,0x00000000c2b00000)
 Metaspace       used 5671K, capacity 6768K, committed 7040K, reserved 1056768K
  class space    used 578K, capacity 616K, committed 640K, reserved 1048576K
Event: 2.404 GC heap after
Heap after GC invocations=1 (full 0):
 PSYoungGen      total 18944K, used 2550K [0x00000000eab00000, 0x00000000ec000000, 0x0000000100000000)
  eden space 16384K, 0% used [0x00000000eab00000,0x00000000eab00000,0x00000000ebb00000)
  from space 2560K, 99% used [0x00000000ebb00000,0x00000000ebd7d8f8,0x00000000ebd80000)
  to   space 2560K, 0% used [0x00000000ebd80000,0x00000000ebd80000,0x00000000ec000000)
 ParOldGen       total 44032K, used 1543K [0x00000000c0000000, 0x00000000c2b00000, 0x00000000eab00000)
  object space 44032K, 3% used [0x00000000c0000000,0x00000000c0181f60,0x00000000c2b00000)
 Metaspace       used 5671K, capacity 6768K, committed 7040K, reserved 1056768K
  class space    used 578K, capacity 616K, committed 640K, reserved 1048576K
}

Deoptimization events (4 events):
Event: 2.638 Thread 0x000000001682e000 Uncommon trap: reason=unreached action=reinterpret pc=0x0000000002858108 method=com.android.dx.rop.code.RegisterSpec.equals(ILcom/android/dx/rop/type/TypeBearer;Lcom/android/dx/rop/code/LocalItem;)Z @ 24
Event: 2.646 Thread 0x000000001682e000 Uncommon trap: reason=unreached action=reinterpret pc=0x000000000280c9b0 method=com.android.dx.rop.code.RegisterSpec.equals(ILcom/android/dx/rop/type/TypeBearer;Lcom/android/dx/rop/code/LocalItem;)Z @ 24
Event: 2.654 Thread 0x0000000016823800 Uncommon trap: reason=unloaded action=reinterpret pc=0x00000000028a5960 method=com.android.dx.ssa.SsaRenamer$BlockRenamer.visitMoveInsn(Lcom/android/dx/ssa/NormalSsaInsn;)V @ 208
Event: 2.654 Thread 0x0000000016823800 Uncommon trap: reason=null_check action=make_not_entrant pc=0x000000000283774c method=com.android.dx.ssa.SsaRenamer.getLocalForNewReg(I)Lcom/android/dx/rop/code/LocalItem; @ 19

Internal exceptions (10 events):
Event: 2.633 Thread 0x0000000000b0e000 Exception <a 'java/security/PrivilegedActionException'> (0x00000000eaf48ba0) thrown at [D:\re\workspace\8-2-build-windows-amd64-cygwin\jdk8u25\1677\hotspot\src\share\vm\prims\jvm.cpp, line 1312]
Event: 2.634 Thread 0x0000000000b0e000 Exception <a 'java/security/PrivilegedActionException'> (0x00000000eaf4d880) thrown at [D:\re\workspace\8-2-build-windows-amd64-cygwin\jdk8u25\1677\hotspot\src\share\vm\prims\jvm.cpp, line 1312]
Event: 2.641 Thread 0x0000000000b0e000 Exception <a 'java/security/PrivilegedActionException'> (0x00000000eaf7a9e8) thrown at [D:\re\workspace\8-2-build-windows-amd64-cygwin\jdk8u25\1677\hotspot\src\share\vm\prims\jvm.cpp, line 1312]
Event: 2.642 Thread 0x0000000000b0e000 Exception <a 'java/security/PrivilegedActionException'> (0x00000000eafb1088) thrown at [D:\re\workspace\8-2-build-windows-amd64-cygwin\jdk8u25\1677\hotspot\src\share\vm\prims\jvm.cpp, line 1312]
Event: 2.649 Thread 0x0000000016823800 Exception <a 'java/security/PrivilegedActionException'> (0x00000000eaba0da8) thrown at [D:\re\workspace\8-2-build-windows-amd64-cygwin\jdk8u25\1677\hotspot\src\share\vm\prims\jvm.cpp, line 1312]
Event: 2.654 Thread 0x0000000016823800 Implicit null exception at 0x0000000002835f94 to 0x000000000283772d
Event: 2.656 Thread 0x0000000016823800 Exception <a 'java/security/PrivilegedActionException'> (0x00000000eb0274a8) thrown at [D:\re\workspace\8-2-build-windows-amd64-cygwin\jdk8u25\1677\hotspot\src\share\vm\prims\jvm.cpp, line 1312]
Event: 2.667 Thread 0x0000000000b0e000 Exception <a 'java/security/PrivilegedActionException'> (0x00000000eafc9188) thrown at [D:\re\workspace\8-2-build-windows-amd64-cygwin\jdk8u25\1677\hotspot\src\share\vm\prims\jvm.cpp, line 1312]
Event: 2.669 Thread 0x0000000000b0e000 Exception <a 'java/security/PrivilegedActionException'> (0x00000000eafd3478) thrown at [D:\re\workspace\8-2-build-windows-amd64-cygwin\jdk8u25\1677\hotspot\src\share\vm\prims\jvm.cpp, line 1312]
Event: 2.669 Thread 0x0000000000b0e000 Exception <a 'java/security/PrivilegedActionException'> (0x00000000eafd5be0) thrown at [D:\re\workspace\8-2-build-windows-amd64-cygwin\jdk8u25\1677\hotspot\src\share\vm\prims\jvm.cpp, line 1312]

Events (10 events):
Event: 2.654 Thread 0x0000000016823800 DEOPT PACKING pc=0x000000000283774c sp=0x0000000016bde6f0
Event: 2.654 Thread 0x0000000016823800 DEOPT UNPACKING pc=0x00000000025c556a sp=0x0000000016bde598 mode 2
Event: 2.656 loading class com/android/dx/dex/file/MethodAnnotationStruct
Event: 2.656 loading class com/android/dx/dex/file/MethodAnnotationStruct done
Event: 2.667 loading class com/android/dx/cf/direct/AnnotationParser
Event: 2.667 loading class com/android/dx/cf/direct/AnnotationParser done
Event: 2.669 loading class com/android/dx/cf/attrib/AttRuntimeInvisibleAnnotations
Event: 2.669 loading class com/android/dx/cf/attrib/AttRuntimeInvisibleAnnotations done
Event: 2.669 loading class com/android/dx/cf/attrib/BaseAnnotations
Event: 2.669 loading class com/android/dx/cf/attrib/BaseAnnotations done


Dynamic libraries:
0x00007ff619710000 - 0x00007ff619744000 	C:\Program Files\Java\jdk1.8.0_25\bin\java.exe
0x00007ffdb2fd0000 - 0x00007ffdb3191000 	C:\WINDOWS\SYSTEM32\ntdll.dll
0x00007ffdb2650000 - 0x00007ffdb26fd000 	C:\WINDOWS\system32\KERNEL32.DLL
0x00007ffdafe10000 - 0x00007ffdafff8000 	C:\WINDOWS\system32\KERNELBASE.dll
0x00007ffdb0d80000 - 0x00007ffdb0e27000 	C:\WINDOWS\system32\ADVAPI32.dll
0x00007ffdb1050000 - 0x00007ffdb10ed000 	C:\WINDOWS\system32\msvcrt.dll
0x00007ffdb2f70000 - 0x00007ffdb2fcb000 	C:\WINDOWS\system32\sechost.dll
0x00007ffdb0780000 - 0x00007ffdb089c000 	C:\WINDOWS\system32\RPCRT4.dll
0x00007ffdb2cf0000 - 0x00007ffdb2e46000 	C:\WINDOWS\system32\USER32.dll
0x00007ffdb0520000 - 0x00007ffdb06a6000 	C:\WINDOWS\system32\GDI32.dll
0x00007ffda7820000 - 0x00007ffda7a94000 	C:\WINDOWS\WinSxS\amd64_microsoft.windows.common-controls_6595b64144ccf1df_6.0.10586.494_none_a2d8b04ea53e3145\COMCTL32.dll
0x00007ffdb08a0000 - 0x00007ffdb0b1d000 	C:\WINDOWS\system32\combase.dll
0x00007ffdafd80000 - 0x00007ffdafdea000 	C:\WINDOWS\system32\bcryptPrimitives.dll
0x00007ffdb03d0000 - 0x00007ffdb040b000 	C:\WINDOWS\system32\IMM32.DLL
0x0000000056f00000 - 0x0000000056fd2000 	C:\Program Files\Java\jdk1.8.0_25\jre\bin\msvcr100.dll
0x00000000573c0000 - 0x0000000057c1a000 	C:\Program Files\Java\jdk1.8.0_25\jre\bin\server\jvm.dll
0x00007ffdb0d00000 - 0x00007ffdb0d08000 	C:\WINDOWS\system32\PSAPI.DLL
0x00007ffd9d1c0000 - 0x00007ffd9d1c9000 	C:\WINDOWS\SYSTEM32\WSOCK32.dll
0x00007ffdb0d10000 - 0x00007ffdb0d7b000 	C:\WINDOWS\system32\WS2_32.dll
0x00007ffdad8c0000 - 0x00007ffdad8e3000 	C:\WINDOWS\SYSTEM32\WINMM.dll
0x00007ffdad030000 - 0x00007ffdad05c000 	C:\WINDOWS\SYSTEM32\WINMMBASE.dll
0x00007ffdb0000000 - 0x00007ffdb0043000 	C:\WINDOWS\system32\cfgmgr32.dll
0x00000000573b0000 - 0x00000000573bf000 	C:\Program Files\Java\jdk1.8.0_25\jre\bin\verify.dll
0x0000000057380000 - 0x00000000573a8000 	C:\Program Files\Java\jdk1.8.0_25\jre\bin\java.dll
0x0000000057360000 - 0x0000000057376000 	C:\Program Files\Java\jdk1.8.0_25\jre\bin\zip.dll
0x00007ffdb10f0000 - 0x00007ffdb264c000 	C:\WINDOWS\system32\SHELL32.dll
0x00007ffdaf730000 - 0x00007ffdafd75000 	C:\WINDOWS\system32\windows.storage.dll
0x00007ffdb2c90000 - 0x00007ffdb2ce2000 	C:\WINDOWS\system32\shlwapi.dll
0x00007ffdaf670000 - 0x00007ffdaf67f000 	C:\WINDOWS\system32\kernel.appcore.dll
0x00007ffdb0140000 - 0x00007ffdb01f5000 	C:\WINDOWS\system32\shcore.dll
0x00007ffdaf5f0000 - 0x00007ffdaf63b000 	C:\WINDOWS\system32\powrprof.dll
0x00007ffdaf640000 - 0x00007ffdaf654000 	C:\WINDOWS\system32\profapi.dll
0x00007ffd9aee0000 - 0x00007ffd9b06c000 	C:\WINDOWS\SYSTEM32\dbghelp.dll

VM Arguments:
jvm_args: -Djava.awt.headless=true -Xmx1024M -Dfile.encoding=windows-1252 -Duser.country=FR -Duser.language=fr -Duser.variant 
java_command: com.android.dx.command.Main --dex --force-jumbo --num-threads=4 --multi-dex --output C:\Users\Famille\AndroidStudioProjects\Niviel\app\build\intermediates\transforms\dex\debug\folders\1000\5\slice_2 C:\Users\Famille\AndroidStudioProjects\Niviel\app\build\intermediates\transforms\instantRunSlicer\debug\folders\1\5\slice_2
java_class_path (initial): C:\Users\Famille\AppData\Local\Android\sdk\build-tools\23.0.2\lib\dx.jar
Launcher Type: SUN_STANDARD

Environment Variables:
JAVA_HOME=C:\Program Files\Java\jdk1.8.0_25
PATH=C:\Program Files\Broadcom\Broadcom 802.11 Network Adapter;;C:\Program Files\Broadcom\Broadcom 802.11;C:\ProgramData\Oracle\Java\javapath;C:\Program Files (x86)\Intel\iCLS Client\;C:\Program Files\Intel\iCLS Client\;C:\Windows\system32;C:\Windows;C:\Windows\System32\Wbem;C:\Windows\System32\WindowsPowerShell\v1.0\;C:\Program Files\Hewlett-Packard\SimplePass\;C:\wamp\bin\php\php5.5.12;C:\Python27;C:\Users\Famille\AppData\Roaming\npm\;C:\Program Files\nodejs\;C:\Program Files\Git\cmd;C:\Program Files (x86)\Brackets\command;C:\Program Files (x86)\Ant\bin;C:\Program Files (x86)\Maven\bin;C:\Program Files (x86)\Intel\Intel(R) Management Engine Components\DAL;C:\Program Files\Intel\Intel(R) Management Engine Components\DAL;C:\Program Files (x86)\Intel\Intel(R) Management Engine Components\IPT;C:\Program Files\Intel\Intel(R) Management Engine Components\IPT;C:\Users\Famille\AppData\Local\atom\bin;C:\Users\Famille\AppData\Roaming\npm
USERNAME=de Lachaux
OS=Windows_NT
PROCESSOR_IDENTIFIER=Intel64 Family 6 Model 69 Stepping 1, GenuineIntel



---------------  S Y S T E M  ---------------

OS: Windows 8.1 , 64 bit Build 9600 

CPU:total 4 (2 cores per cpu, 2 threads per core) family 6 model 69 stepping 1, cmov, cx8, fxsr, mmx, sse, sse2, sse3, ssse3, sse4.1, sse4.2, popcnt, avx, avx2, aes, clmul, erms, lzcnt, ht, tsc, tscinvbit, bmi1, bmi2

Memory: 4k page, physical 4122776k(376868k free), swap 5555352k(6892k free)

vm_info: Java HotSpot(TM) 64-Bit Server VM (25.25-b02) for windows-amd64 JRE (1.8.0_25-b18), built on Oct  7 2014 14:25:37 by "java_re" with MS VC++ 10.0 (VS2010)

time: Tue Aug 23 11:32:57 2016
elapsed time: 2 seconds (0d 0h 0m 2s)

