#
# There is insufficient memory for the Java Runtime Environment to continue.
# Native memory allocation (malloc) failed to allocate 535456 bytes for Chunk::new
# Possible reasons:
#   The system is out of physical RAM or swap space
#   In 32 bit mode, the process size limit was hit
# Possible solutions:
#   Reduce memory load on the system
#   Increase physical memory or swap space
#   Check if swap backing store is full
#   Use 64 bit Java on a 64 bit OS
#   Decrease Java heap size (-Xmx/-Xms)
#   Decrease number of Java threads
#   Decrease Java thread stack sizes (-Xss)
#   Set larger code cache with -XX:ReservedCodeCacheSize=
# This output file may be truncated or incomplete.
#
#  Out of Memory Error (allocation.cpp:390), pid=44236, tid=45868
#
# JRE version: Java(TM) SE Runtime Environment (8.0_25-b18) (build 1.8.0_25-b18)
# Java VM: Java HotSpot(TM) 64-Bit Server VM (25.25-b02 mixed mode windows-amd64 compressed oops)
# Failed to write core dump. Minidumps are not enabled by default on client versions of Windows
#

---------------  T H R E A D  ---------------

Current thread (0x0000000014d4c000):  JavaThread "C2 CompilerThread0" daemon [_thread_in_native, id=45868, stack(0x00000000162d0000,0x00000000163d0000)]

Stack: [0x00000000162d0000,0x00000000163d0000]
Native frames: (J=compiled Java code, j=interpreted, Vv=VM code, C=native code)
V  [jvm.dll+0x31667a]
V  [jvm.dll+0x267073]
V  [jvm.dll+0x267cb3]
V  [jvm.dll+0x25f5b5]
V  [jvm.dll+0xbf165]
V  [jvm.dll+0xbf60c]
V  [jvm.dll+0x45d672]
V  [jvm.dll+0x49e8ef]
V  [jvm.dll+0x452b41]
V  [jvm.dll+0x453864]
V  [jvm.dll+0x437372]
V  [jvm.dll+0x98a02]
V  [jvm.dll+0x991f3]
V  [jvm.dll+0x22bde4]
V  [jvm.dll+0x2852fa]
C  [msvcr100.dll+0x21d9f]
C  [msvcr100.dll+0x21e3b]
C  [KERNEL32.DLL+0x18102]
C  [ntdll.dll+0x5c5b4]


Current CompileTask:
C2:   3332 1319       4       com.android.dx.ssa.LiteralOpUpgrader$1::visitNonMoveInsn (203 bytes)


---------------  P R O C E S S  ---------------

Java Threads: ( => current thread )
  0x0000000016a4a800 JavaThread "pool-2-thread-4" [_thread_blocked, id=45296, stack(0x00000000177d0000,0x00000000178d0000)]
  0x0000000016a4a000 JavaThread "pool-2-thread-3" [_thread_blocked, id=45820, stack(0x00000000176d0000,0x00000000177d0000)]
  0x0000000016a48800 JavaThread "pool-2-thread-2" [_thread_blocked, id=45328, stack(0x00000000175d0000,0x00000000176d0000)]
  0x0000000016bcd800 JavaThread "pool-3-thread-1" [_thread_blocked, id=45876, stack(0x00000000174d0000,0x00000000175d0000)]
  0x0000000016bcd000 JavaThread "pool-2-thread-1" [_thread_blocked, id=45392, stack(0x00000000173d0000,0x00000000174d0000)]
  0x0000000014dab000 JavaThread "Service Thread" daemon [_thread_blocked, id=45068, stack(0x00000000165d0000,0x00000000166d0000)]
  0x0000000014da3800 JavaThread "C1 CompilerThread2" daemon [_thread_blocked, id=43236, stack(0x00000000164d0000,0x00000000165d0000)]
  0x0000000014d9f000 JavaThread "C2 CompilerThread1" daemon [_thread_in_native, id=45872, stack(0x00000000163d0000,0x00000000164d0000)]
=>0x0000000014d4c000 JavaThread "C2 CompilerThread0" daemon [_thread_in_native, id=45868, stack(0x00000000162d0000,0x00000000163d0000)]
  0x0000000014d4a800 JavaThread "Attach Listener" daemon [_thread_blocked, id=45480, stack(0x00000000161d0000,0x00000000162d0000)]
  0x0000000014d49800 JavaThread "Signal Dispatcher" daemon [_thread_blocked, id=45548, stack(0x00000000160d0000,0x00000000161d0000)]
  0x0000000002650800 JavaThread "Finalizer" daemon [_thread_blocked, id=45396, stack(0x0000000015fc0000,0x00000000160c0000)]
  0x000000000264d000 JavaThread "Reference Handler" daemon [_thread_blocked, id=38008, stack(0x0000000015ec0000,0x0000000015fc0000)]
  0x0000000000bee000 JavaThread "main" [_thread_in_Java, id=45656, stack(0x0000000002460000,0x0000000002560000)]

Other Threads:
  0x0000000014d16800 VMThread [stack: 0x0000000015dc0000,0x0000000015ec0000] [id=45688]
  0x0000000014dad800 WatcherThread [stack: 0x00000000166d0000,0x00000000167d0000] [id=45072]

VM state:not at safepoint (normal execution)

VM Mutex/Monitor currently owned by a thread: None

Heap:
 PSYoungGen      total 35328K, used 14408K [0x00000000eab00000, 0x00000000ed000000, 0x0000000100000000)
  eden space 32768K, 36% used [0x00000000eab00000,0x00000000eb693658,0x00000000ecb00000)
  from space 2560K, 99% used [0x00000000ecd80000,0x00000000ecffea68,0x00000000ed000000)
  to   space 2560K, 0% used [0x00000000ecb00000,0x00000000ecb00000,0x00000000ecd80000)
 ParOldGen       total 44032K, used 2160K [0x00000000c0000000, 0x00000000c2b00000, 0x00000000eab00000)
  object space 44032K, 4% used [0x00000000c0000000,0x00000000c021c3b8,0x00000000c2b00000)
 Metaspace       used 5987K, capacity 6896K, committed 7040K, reserved 1056768K
  class space    used 591K, capacity 616K, committed 640K, reserved 1048576K

Card table byte_map: [0x0000000011a20000,0x0000000011c30000] byte_map_base: 0x0000000011420000

Marking Bits: (ParMarkBitMap*) 0x0000000057cfd490
 Begin Bits: [0x0000000012190000, 0x0000000013190000)
 End Bits:   [0x0000000013190000, 0x0000000014190000)

Polling page: 0x0000000000bd0000

CodeCache: size=245760Kb used=5284Kb max_used=5301Kb free=240475Kb
 bounds [0x0000000002660000, 0x0000000002ba0000, 0x0000000011660000]
 total_blobs=1596 nmethods=1331 adapters=178
 compilation: enabled

Compilation events (10 events):
Event: 3.141 Thread 0x0000000014d9f000 nmethod 1260 0x0000000002b71710 code [0x0000000002b71c40, 0x0000000002b74b78]
Event: 3.141 Thread 0x0000000014d9f000 1299       4       com.android.dx.ssa.SCCP::addBlockToWorklist (47 bytes)
Event: 3.156 Thread 0x0000000014d9f000 nmethod 1299 0x0000000002b6b710 code [0x0000000002b6b8a0, 0x0000000002b6c148]
Event: 3.195 Thread 0x0000000014d4c000 nmethod 1311 0x0000000002b7bd50 code [0x0000000002b7c020, 0x0000000002b7d6b0]
Event: 3.244 Thread 0x0000000014d9f000 1316       4       com.android.dx.ssa.back.FirstFitLocalCombiningAllocator$1::processInsn (169 bytes)
Event: 3.252 Thread 0x0000000014da3800 1317       1       java.util.TreeMap$Entry::getValue (5 bytes)
Event: 3.253 Thread 0x0000000014da3800 nmethod 1317 0x0000000002b6b450 code [0x0000000002b6b5a0, 0x0000000002b6b6b0]
Event: 3.253 Thread 0x0000000014d4c000 1318       4       com.android.dx.rop.code.BasicBlock::getLastInsn (8 bytes)
Event: 3.255 Thread 0x0000000014d4c000 nmethod 1318 0x0000000002b6cdd0 code [0x0000000002b6cf20, 0x0000000002b6d018]
Event: 3.256 Thread 0x0000000014d4c000 1319       4       com.android.dx.ssa.LiteralOpUpgrader$1::visitNonMoveInsn (203 bytes)

GC Heap History (4 events):
Event: 1.151 GC heap before
{Heap before GC invocations=1 (full 0):
 PSYoungGen      total 18944K, used 16384K [0x00000000eab00000, 0x00000000ec000000, 0x0000000100000000)
  eden space 16384K, 100% used [0x00000000eab00000,0x00000000ebb00000,0x00000000ebb00000)
  from space 2560K, 0% used [0x00000000ebd80000,0x00000000ebd80000,0x00000000ec000000)
  to   space 2560K, 0% used [0x00000000ebb00000,0x00000000ebb00000,0x00000000ebd80000)
 ParOldGen       total 44032K, used 0K [0x00000000c0000000, 0x00000000c2b00000, 0x00000000eab00000)
  object space 44032K, 0% used [0x00000000c0000000,0x00000000c0000000,0x00000000c2b00000)
 Metaspace       used 3509K, capacity 4720K, committed 4864K, reserved 1056768K
  class space    used 375K, capacity 424K, committed 512K, reserved 1048576K
Event: 1.218 GC heap after
Heap after GC invocations=1 (full 0):
 PSYoungGen      total 18944K, used 989K [0x00000000eab00000, 0x00000000ed000000, 0x0000000100000000)
  eden space 16384K, 0% used [0x00000000eab00000,0x00000000eab00000,0x00000000ebb00000)
  from space 2560K, 38% used [0x00000000ebb00000,0x00000000ebbf7688,0x00000000ebd80000)
  to   space 2560K, 0% used [0x00000000ecd80000,0x00000000ecd80000,0x00000000ed000000)
 ParOldGen       total 44032K, used 0K [0x00000000c0000000, 0x00000000c2b00000, 0x00000000eab00000)
  object space 44032K, 0% used [0x00000000c0000000,0x00000000c0000000,0x00000000c2b00000)
 Metaspace       used 3509K, capacity 4720K, committed 4864K, reserved 1056768K
  class space    used 375K, capacity 424K, committed 512K, reserved 1048576K
}
Event: 2.403 GC heap before
{Heap before GC invocations=2 (full 0):
 PSYoungGen      total 18944K, used 17373K [0x00000000eab00000, 0x00000000ed000000, 0x0000000100000000)
  eden space 16384K, 100% used [0x00000000eab00000,0x00000000ebb00000,0x00000000ebb00000)
  from space 2560K, 38% used [0x00000000ebb00000,0x00000000ebbf7688,0x00000000ebd80000)
  to   space 2560K, 0% used [0x00000000ecd80000,0x00000000ecd80000,0x00000000ed000000)
 ParOldGen       total 44032K, used 0K [0x00000000c0000000, 0x00000000c2b00000, 0x00000000eab00000)
  object space 44032K, 0% used [0x00000000c0000000,0x00000000c0000000,0x00000000c2b00000)
 Metaspace       used 5866K, capacity 6832K, committed 7040K, reserved 1056768K
  class space    used 591K, capacity 616K, committed 640K, reserved 1048576K
Event: 2.456 GC heap after
Heap after GC invocations=2 (full 0):
 PSYoungGen      total 35328K, used 2554K [0x00000000eab00000, 0x00000000ed000000, 0x0000000100000000)
  eden space 32768K, 0% used [0x00000000eab00000,0x00000000eab00000,0x00000000ecb00000)
  from space 2560K, 99% used [0x00000000ecd80000,0x00000000ecffea68,0x00000000ed000000)
  to   space 2560K, 0% used [0x00000000ecb00000,0x00000000ecb00000,0x00000000ecd80000)
 ParOldGen       total 44032K, used 2160K [0x00000000c0000000, 0x00000000c2b00000, 0x00000000eab00000)
  object space 44032K, 4% used [0x00000000c0000000,0x00000000c021c3b8,0x00000000c2b00000)
 Metaspace       used 5866K, capacity 6832K, committed 7040K, reserved 1056768K
  class space    used 591K, capacity 616K, committed 640K, reserved 1048576K
}

Deoptimization events (1 events):
Event: 3.112 Thread 0x0000000000bee000 Uncommon trap: reason=unreached action=reinterpret pc=0x00000000029db7dc method=com.android.dx.rop.cst.Constant.compareTo(Lcom/android/dx/rop/cst/Constant;)I @ 12

Internal exceptions (10 events):
Event: 1.912 Thread 0x0000000000bee000 Exception <a 'java/security/PrivilegedActionException'> (0x00000000eb2ca568) thrown at [D:\re\workspace\8-2-build-windows-amd64-cygwin\jdk8u25\1677\hotspot\src\share\vm\prims\jvm.cpp, line 1312]
Event: 1.917 Thread 0x0000000016a48800 Exception <a 'java/security/PrivilegedActionException'> (0x00000000eb31eb30) thrown at [D:\re\workspace\8-2-build-windows-amd64-cygwin\jdk8u25\1677\hotspot\src\share\vm\prims\jvm.cpp, line 1312]
Event: 1.972 Thread 0x0000000016bcd000 Exception <a 'java/security/PrivilegedActionException'> (0x00000000eb38cb48) thrown at [D:\re\workspace\8-2-build-windows-amd64-cygwin\jdk8u25\1677\hotspot\src\share\vm\prims\jvm.cpp, line 1312]
Event: 1.973 Thread 0x0000000016bcd000 Exception <a 'java/security/PrivilegedActionException'> (0x00000000eb392708) thrown at [D:\re\workspace\8-2-build-windows-amd64-cygwin\jdk8u25\1677\hotspot\src\share\vm\prims\jvm.cpp, line 1312]
Event: 1.973 Thread 0x0000000016bcd000 Exception <a 'java/security/PrivilegedActionException'> (0x00000000eb397e78) thrown at [D:\re\workspace\8-2-build-windows-amd64-cygwin\jdk8u25\1677\hotspot\src\share\vm\prims\jvm.cpp, line 1312]
Event: 2.017 Thread 0x0000000000bee000 Exception <a 'java/security/PrivilegedActionException'> (0x00000000eb432910) thrown at [D:\re\workspace\8-2-build-windows-amd64-cygwin\jdk8u25\1677\hotspot\src\share\vm\prims\jvm.cpp, line 1312]
Event: 2.025 Thread 0x0000000000bee000 Exception <a 'java/security/PrivilegedActionException'> (0x00000000eb4499b0) thrown at [D:\re\workspace\8-2-build-windows-amd64-cygwin\jdk8u25\1677\hotspot\src\share\vm\prims\jvm.cpp, line 1312]
Event: 2.026 Thread 0x0000000000bee000 Exception <a 'java/security/PrivilegedActionException'> (0x00000000eb44c0b8) thrown at [D:\re\workspace\8-2-build-windows-amd64-cygwin\jdk8u25\1677\hotspot\src\share\vm\prims\jvm.cpp, line 1312]
Event: 2.177 Thread 0x0000000016a4a000 Exception <a 'java/security/PrivilegedActionException'> (0x00000000eb68ad28) thrown at [D:\re\workspace\8-2-build-windows-amd64-cygwin\jdk8u25\1677\hotspot\src\share\vm\prims\jvm.cpp, line 1312]
Event: 2.187 Thread 0x0000000000bee000 Exception <a 'java/security/PrivilegedActionException'> (0x00000000eb7a6830) thrown at [D:\re\workspace\8-2-build-windows-amd64-cygwin\jdk8u25\1677\hotspot\src\share\vm\prims\jvm.cpp, line 1312]

Events (10 events):
Event: 2.187 loading class com/android/dx/dex/file/FieldAnnotationStruct done
Event: 2.403 Executing VM operation: ParallelGCFailedAllocation
Event: 2.456 Executing VM operation: ParallelGCFailedAllocation done
Event: 2.937 Thread 0x0000000000bee000 DEOPT PACKING pc=0x00000000029ad222 sp=0x000000000255e540
Event: 2.937 Thread 0x0000000000bee000 DEOPT UNPACKING pc=0x00000000026a75bf sp=0x000000000255e2a8 mode 0
Event: 2.940 Thread 0x0000000000bee000 DEOPT PACKING pc=0x00000000029ad222 sp=0x000000000255e540
Event: 2.940 Thread 0x0000000000bee000 DEOPT UNPACKING pc=0x00000000026a75bf sp=0x000000000255e2a8 mode 0
Event: 3.112 Thread 0x0000000000bee000 Uncommon trap: trap_request=0xffffffad fr.pc=0x00000000029db7dc
Event: 3.112 Thread 0x0000000000bee000 DEOPT PACKING pc=0x00000000029db7dc sp=0x000000000255e360
Event: 3.112 Thread 0x0000000000bee000 DEOPT UNPACKING pc=0x00000000026a556a sp=0x000000000255e300 mode 2


Dynamic libraries:
0x00007ff776570000 - 0x00007ff7765a4000 	C:\Program Files\Java\jdk1.8.0_25\bin\java.exe
0x00007ffa827f0000 - 0x00007ffa829b1000 	C:\WINDOWS\SYSTEM32\ntdll.dll
0x00007ffa82340000 - 0x00007ffa823ed000 	C:\WINDOWS\system32\KERNEL32.DLL
0x00007ffa7eea0000 - 0x00007ffa7f088000 	C:\WINDOWS\system32\KERNELBASE.dll
0x00007ffa820c0000 - 0x00007ffa82167000 	C:\WINDOWS\system32\ADVAPI32.dll
0x00007ffa82020000 - 0x00007ffa820bd000 	C:\WINDOWS\system32\msvcrt.dll
0x00007ffa81c30000 - 0x00007ffa81c8b000 	C:\WINDOWS\system32\sechost.dll
0x00007ffa81c90000 - 0x00007ffa81dac000 	C:\WINDOWS\system32\RPCRT4.dll
0x00007ffa81db0000 - 0x00007ffa81f06000 	C:\WINDOWS\system32\USER32.dll
0x00007ffa82580000 - 0x00007ffa82706000 	C:\WINDOWS\system32\GDI32.dll
0x00007ffa79220000 - 0x00007ffa79494000 	C:\WINDOWS\WinSxS\amd64_microsoft.windows.common-controls_6595b64144ccf1df_6.0.10586.0_none_8c15ae12515e1c22\COMCTL32.dll
0x00007ffa813c0000 - 0x00007ffa8163d000 	C:\WINDOWS\system32\combase.dll
0x00007ffa7f090000 - 0x00007ffa7f0fa000 	C:\WINDOWS\system32\bcryptPrimitives.dll
0x00007ffa82710000 - 0x00007ffa8274b000 	C:\WINDOWS\system32\IMM32.DLL
0x0000000057150000 - 0x0000000057222000 	C:\Program Files\Java\jdk1.8.0_25\jre\bin\msvcr100.dll
0x0000000057520000 - 0x0000000057d7a000 	C:\Program Files\Java\jdk1.8.0_25\jre\bin\server\jvm.dll
0x00007ffa81640000 - 0x00007ffa81648000 	C:\WINDOWS\system32\PSAPI.DLL
0x00007ffa6e5f0000 - 0x00007ffa6e5f9000 	C:\WINDOWS\SYSTEM32\WSOCK32.dll
0x00007ffa82750000 - 0x00007ffa827bb000 	C:\WINDOWS\system32\WS2_32.dll
0x00007ffa7cc00000 - 0x00007ffa7cc23000 	C:\WINDOWS\SYSTEM32\WINMM.dll
0x00007ffa7cab0000 - 0x00007ffa7cadc000 	C:\WINDOWS\SYSTEM32\WINMMBASE.dll
0x00007ffa7f2d0000 - 0x00007ffa7f313000 	C:\WINDOWS\system32\cfgmgr32.dll
0x0000000057e80000 - 0x0000000057e8f000 	C:\Program Files\Java\jdk1.8.0_25\jre\bin\verify.dll
0x0000000057e50000 - 0x0000000057e78000 	C:\Program Files\Java\jdk1.8.0_25\jre\bin\java.dll
0x0000000057e30000 - 0x0000000057e46000 	C:\Program Files\Java\jdk1.8.0_25\jre\bin\zip.dll
0x00007ffa7fdb0000 - 0x00007ffa8130c000 	C:\WINDOWS\system32\SHELL32.dll
0x00007ffa7f5a0000 - 0x00007ffa7fbe4000 	C:\WINDOWS\system32\windows.storage.dll
0x00007ffa82520000 - 0x00007ffa82572000 	C:\WINDOWS\system32\shlwapi.dll
0x00007ffa7ee80000 - 0x00007ffa7ee8f000 	C:\WINDOWS\system32\kernel.appcore.dll
0x00007ffa7f3a0000 - 0x00007ffa7f455000 	C:\WINDOWS\system32\shcore.dll
0x00007ffa7ee10000 - 0x00007ffa7ee5b000 	C:\WINDOWS\system32\powrprof.dll
0x00007ffa7ee60000 - 0x00007ffa7ee74000 	C:\WINDOWS\system32\profapi.dll
0x00007ffa6af10000 - 0x00007ffa6b09c000 	C:\WINDOWS\SYSTEM32\dbghelp.dll

VM Arguments:
jvm_args: -Djava.awt.headless=true -Xmx1024M -Dfile.encoding=windows-1252 -Duser.country=FR -Duser.language=fr -Duser.variant 
java_command: com.android.dx.command.Main --dex --force-jumbo --num-threads=4 --multi-dex --output C:\Users\Famille\AndroidStudioProjects\Niviel\app\build\intermediates\transforms\dex\debug\folders\1000\10\com.android.support-support-v4-24.0.0_56c594c056d7d0e1bbdfe7ac0bccb7015f28172f C:\Users\Famille\AndroidStudioProjects\Niviel\app\build\intermediates\exploded-aar\com.android.support\support-v4\24.0.0\jars\classes.jar
java_class_path (initial): C:\Users\Famille\AppData\Local\Android\sdk\build-tools\23.0.2\lib\dx.jar
Launcher Type: SUN_STANDARD

Environment Variables:
JAVA_HOME=C:\Program Files\Java\jdk1.8.0_25
PATH=C:\Program Files\Broadcom\Broadcom 802.11 Network Adapter;;C:\Program Files\Broadcom\Broadcom 802.11;C:\ProgramData\Oracle\Java\javapath;C:\Program Files (x86)\Intel\iCLS Client\;C:\Program Files\Intel\iCLS Client\;C:\Windows\system32;C:\Windows;C:\Windows\System32\Wbem;C:\Windows\System32\WindowsPowerShell\v1.0\;C:\Program Files\Hewlett-Packard\SimplePass\;C:\wamp\bin\php\php5.5.12;C:\Python27;C:\Users\Famille\AppData\Roaming\npm\;C:\Program Files\nodejs\;C:\Program Files\Git\cmd;C:\Program Files (x86)\Brackets\command;C:\Program Files (x86)\Ant\bin;C:\Program Files (x86)\Maven\bin;C:\Program Files (x86)\Intel\Intel(R) Management Engine Components\DAL;C:\Program Files\Intel\Intel(R) Management Engine Components\DAL;C:\Program Files (x86)\Intel\Intel(R) Management Engine Components\IPT;C:\Program Files\Intel\Intel(R) Management Engine Components\IPT;C:\Users\Famille\AppData\Local\atom\bin;C:\Users\Famille\AppData\Roaming\npm
USERNAME=de Lachaux
OS=Windows_NT
PROCESSOR_IDENTIFIER=Intel64 Family 6 Model 69 Stepping 1, GenuineIntel



---------------  S Y S T E M  ---------------

OS: Windows 8.1 , 64 bit Build 9600 

CPU:total 4 (2 cores per cpu, 2 threads per core) family 6 model 69 stepping 1, cmov, cx8, fxsr, mmx, sse, sse2, sse3, ssse3, sse4.1, sse4.2, popcnt, avx, avx2, aes, clmul, erms, lzcnt, ht, tsc, tscinvbit, bmi1, bmi2

Memory: 4k page, physical 4122776k(210248k free), swap 5555352k(7288k free)

vm_info: Java HotSpot(TM) 64-Bit Server VM (25.25-b02) for windows-amd64 JRE (1.8.0_25-b18), built on Oct  7 2014 14:25:37 by "java_re" with MS VC++ 10.0 (VS2010)

time: Sun Jun 26 20:35:27 2016
elapsed time: 3 seconds (0d 0h 0m 3s)

