#
# There is insufficient memory for the Java Runtime Environment to continue.
# Native memory allocation (malloc) failed to allocate 1474816 bytes for Chunk::new
# Possible reasons:
#   The system is out of physical RAM or swap space
#   In 32 bit mode, the process size limit was hit
# Possible solutions:
#   Reduce memory load on the system
#   Increase physical memory or swap space
#   Check if swap backing store is full
#   Use 64 bit Java on a 64 bit OS
#   Decrease Java heap size (-Xmx/-Xms)
#   Decrease number of Java threads
#   Decrease Java thread stack sizes (-Xss)
#   Set larger code cache with -XX:ReservedCodeCacheSize=
# This output file may be truncated or incomplete.
#
#  Out of Memory Error (allocation.cpp:390), pid=24884, tid=27600
#
# JRE version: Java(TM) SE Runtime Environment (8.0_25-b18) (build 1.8.0_25-b18)
# Java VM: Java HotSpot(TM) 64-Bit Server VM (25.25-b02 mixed mode windows-amd64 compressed oops)
# Failed to write core dump. Minidumps are not enabled by default on client versions of Windows
#

---------------  T H R E A D  ---------------

Current thread (0x000000001559f800):  JavaThread "C2 CompilerThread1" daemon [_thread_in_native, id=27600, stack(0x0000000016bb0000,0x0000000016cb0000)]

Stack: [0x0000000016bb0000,0x0000000016cb0000]
Native frames: (J=compiled Java code, j=interpreted, Vv=VM code, C=native code)
V  [jvm.dll+0x31667a]
V  [jvm.dll+0x267073]
V  [jvm.dll+0x267cb3]
V  [jvm.dll+0x25f5b5]
V  [jvm.dll+0xbf165]
V  [jvm.dll+0xbf60c]
V  [jvm.dll+0x45d672]
V  [jvm.dll+0x49e8ef]
V  [jvm.dll+0x452b41]
V  [jvm.dll+0x453864]
V  [jvm.dll+0x437372]
V  [jvm.dll+0x98a02]
V  [jvm.dll+0x991f3]
V  [jvm.dll+0x22bde4]
V  [jvm.dll+0x2852fa]
C  [msvcr100.dll+0x21d9f]
C  [msvcr100.dll+0x21e3b]
C  [KERNEL32.DLL+0x8364]
C  [ntdll.dll+0x65e91]


Current CompileTask:
C2:  12410 1832       4       com.android.dx.dex.code.OutputFinisher::getAllConstants (47 bytes)


---------------  P R O C E S S  ---------------

Java Threads: ( => current thread )
  0x0000000016db2800 JavaThread "Service Thread" daemon [_thread_blocked, id=25580, stack(0x00000000171b0000,0x00000000172b0000)]
  0x00000000155a0000 JavaThread "C1 CompilerThread2" daemon [_thread_blocked, id=25628, stack(0x0000000016cb0000,0x0000000016db0000)]
=>0x000000001559f800 JavaThread "C2 CompilerThread1" daemon [_thread_in_native, id=27600, stack(0x0000000016bb0000,0x0000000016cb0000)]
  0x000000001554c000 JavaThread "C2 CompilerThread0" daemon [_thread_in_vm, id=27140, stack(0x0000000016ab0000,0x0000000016bb0000)]
  0x000000001554a800 JavaThread "Attach Listener" daemon [_thread_blocked, id=27192, stack(0x00000000169b0000,0x0000000016ab0000)]
  0x000000001554a000 JavaThread "Signal Dispatcher" daemon [_thread_blocked, id=26944, stack(0x00000000168b0000,0x00000000169b0000)]
  0x0000000002e6f000 JavaThread "Finalizer" daemon [_thread_blocked, id=26640, stack(0x00000000167b0000,0x00000000168b0000)]
  0x0000000002e6c000 JavaThread "Reference Handler" daemon [_thread_blocked, id=26696, stack(0x00000000166b0000,0x00000000167b0000)]
  0x000000000160d800 JavaThread "main" [_thread_in_Java, id=26040, stack(0x00000000014e0000,0x00000000015e0000)]

Other Threads:
  0x0000000015516800 VMThread [stack: 0x00000000165b0000,0x00000000166b0000] [id=25496]
  0x0000000016db5000 WatcherThread [stack: 0x00000000172b0000,0x00000000173b0000] [id=24908]

VM state:not at safepoint (normal execution)

VM Mutex/Monitor currently owned by a thread: None

Heap:
 PSYoungGen      total 35328K, used 26123K [0x00000000eab00000, 0x00000000ef000000, 0x0000000100000000)
  eden space 32768K, 72% used [0x00000000eab00000,0x00000000ec20ae20,0x00000000ecb00000)
  from space 2560K, 98% used [0x00000000ecb00000,0x00000000ecd78028,0x00000000ecd80000)
  to   space 2560K, 0% used [0x00000000eed80000,0x00000000eed80000,0x00000000ef000000)
 ParOldGen       total 44032K, used 7497K [0x00000000c0000000, 0x00000000c2b00000, 0x00000000eab00000)
  object space 44032K, 17% used [0x00000000c0000000,0x00000000c0752598,0x00000000c2b00000)
 Metaspace       used 6336K, capacity 7152K, committed 7296K, reserved 1056768K
  class space    used 598K, capacity 616K, committed 640K, reserved 1048576K

Card table byte_map: [0x0000000012240000,0x0000000012450000] byte_map_base: 0x0000000011c40000

Marking Bits: (ParMarkBitMap*) 0x000000007364d490
 Begin Bits: [0x00000000129b0000, 0x00000000139b0000)
 End Bits:   [0x00000000139b0000, 0x00000000149b0000)

Polling page: 0x0000000001320000

CodeCache: size=245760Kb used=8007Kb max_used=8023Kb free=237752Kb
 bounds [0x0000000002e80000, 0x0000000003660000, 0x0000000011e80000]
 total_blobs=2105 nmethods=1839 adapters=179
 compilation: enabled

Compilation events (10 events):
Event: 12.279 Thread 0x000000001554c000 nmethod 1825 0x00000000036480d0 code [0x0000000003648660, 0x000000000364c7f0]
Event: 12.280 Thread 0x000000001554c000 1853       4       com.android.dx.rop.type.Prototype::compareTo (120 bytes)
Event: 12.288 Thread 0x000000001554c000 nmethod 1853 0x00000000036444d0 code [0x0000000003644640, 0x0000000003644b18]
Event: 12.288 Thread 0x000000001554c000 1835       4       java.util.TreeMap::successor (66 bytes)
Event: 12.290 Thread 0x000000001554c000 nmethod 1835 0x0000000003645150 code [0x0000000003645280, 0x0000000003645338]
Event: 12.290 Thread 0x000000001554c000 1857       4       com.android.dx.rop.type.Prototype::compareTo (9 bytes)
Event: 12.298 Thread 0x000000001554c000 nmethod 1857 0x0000000003641c90 code [0x0000000003641e00, 0x0000000003642318]
Event: 12.298 Thread 0x000000001554c000 1836       4       java.util.TreeMap$PrivateEntryIterator::nextEntry (54 bytes)
Event: 12.303 Thread 0x000000001554c000 nmethod 1836 0x0000000003642bd0 code [0x0000000003642d20, 0x0000000003642e58]
Event: 12.303 Thread 0x000000001554c000 1833       4       com.android.dx.dex.code.OutputFinisher::addConstants (68 bytes)

GC Heap History (6 events):
Event: 3.985 GC heap before
{Heap before GC invocations=1 (full 0):
 PSYoungGen      total 18944K, used 16384K [0x00000000eab00000, 0x00000000ec000000, 0x0000000100000000)
  eden space 16384K, 100% used [0x00000000eab00000,0x00000000ebb00000,0x00000000ebb00000)
  from space 2560K, 0% used [0x00000000ebd80000,0x00000000ebd80000,0x00000000ec000000)
  to   space 2560K, 0% used [0x00000000ebb00000,0x00000000ebb00000,0x00000000ebd80000)
 ParOldGen       total 44032K, used 0K [0x00000000c0000000, 0x00000000c2b00000, 0x00000000eab00000)
  object space 44032K, 0% used [0x00000000c0000000,0x00000000c0000000,0x00000000c2b00000)
 Metaspace       used 5536K, capacity 6576K, committed 6784K, reserved 1056768K
  class space    used 582K, capacity 616K, committed 640K, reserved 1048576K
Event: 4.268 GC heap after
Heap after GC invocations=1 (full 0):
 PSYoungGen      total 18944K, used 2533K [0x00000000eab00000, 0x00000000ed000000, 0x0000000100000000)
  eden space 16384K, 0% used [0x00000000eab00000,0x00000000eab00000,0x00000000ebb00000)
  from space 2560K, 98% used [0x00000000ebb00000,0x00000000ebd79618,0x00000000ebd80000)
  to   space 2560K, 0% used [0x00000000ecd80000,0x00000000ecd80000,0x00000000ed000000)
 ParOldGen       total 44032K, used 978K [0x00000000c0000000, 0x00000000c2b00000, 0x00000000eab00000)
  object space 44032K, 2% used [0x00000000c0000000,0x00000000c00f4b88,0x00000000c2b00000)
 Metaspace       used 5536K, capacity 6576K, committed 6784K, reserved 1056768K
  class space    used 582K, capacity 616K, committed 640K, reserved 1048576K
}
Event: 5.810 GC heap before
{Heap before GC invocations=2 (full 0):
 PSYoungGen      total 18944K, used 18917K [0x00000000eab00000, 0x00000000ed000000, 0x0000000100000000)
  eden space 16384K, 100% used [0x00000000eab00000,0x00000000ebb00000,0x00000000ebb00000)
  from space 2560K, 98% used [0x00000000ebb00000,0x00000000ebd79618,0x00000000ebd80000)
  to   space 2560K, 0% used [0x00000000ecd80000,0x00000000ecd80000,0x00000000ed000000)
 ParOldGen       total 44032K, used 978K [0x00000000c0000000, 0x00000000c2b00000, 0x00000000eab00000)
  object space 44032K, 2% used [0x00000000c0000000,0x00000000c00f4b88,0x00000000c2b00000)
 Metaspace       used 5996K, capacity 6960K, committed 7040K, reserved 1056768K
  class space    used 591K, capacity 616K, committed 640K, reserved 1048576K
Event: 6.079 GC heap after
Heap after GC invocations=2 (full 0):
 PSYoungGen      total 35328K, used 2528K [0x00000000eab00000, 0x00000000ed000000, 0x0000000100000000)
  eden space 32768K, 0% used [0x00000000eab00000,0x00000000eab00000,0x00000000ecb00000)
  from space 2560K, 98% used [0x00000000ecd80000,0x00000000ecff8028,0x00000000ed000000)
  to   space 2560K, 0% used [0x00000000ecb00000,0x00000000ecb00000,0x00000000ecd80000)
 ParOldGen       total 44032K, used 2600K [0x00000000c0000000, 0x00000000c2b00000, 0x00000000eab00000)
  object space 44032K, 5% used [0x00000000c0000000,0x00000000c028a1a8,0x00000000c2b00000)
 Metaspace       used 5996K, capacity 6960K, committed 7040K, reserved 1056768K
  class space    used 591K, capacity 616K, committed 640K, reserved 1048576K
}
Event: 9.036 GC heap before
{Heap before GC invocations=3 (full 0):
 PSYoungGen      total 35328K, used 35296K [0x00000000eab00000, 0x00000000ed000000, 0x0000000100000000)
  eden space 32768K, 100% used [0x00000000eab00000,0x00000000ecb00000,0x00000000ecb00000)
  from space 2560K, 98% used [0x00000000ecd80000,0x00000000ecff8028,0x00000000ed000000)
  to   space 2560K, 0% used [0x00000000ecb00000,0x00000000ecb00000,0x00000000ecd80000)
 ParOldGen       total 44032K, used 2600K [0x00000000c0000000, 0x00000000c2b00000, 0x00000000eab00000)
  object space 44032K, 5% used [0x00000000c0000000,0x00000000c028a1a8,0x00000000c2b00000)
 Metaspace       used 6205K, capacity 7088K, committed 7296K, reserved 1056768K
  class space    used 593K, capacity 616K, committed 640K, reserved 1048576K
Event: 9.557 GC heap after
Heap after GC invocations=3 (full 0):
 PSYoungGen      total 35328K, used 2528K [0x00000000eab00000, 0x00000000ef000000, 0x0000000100000000)
  eden space 32768K, 0% used [0x00000000eab00000,0x00000000eab00000,0x00000000ecb00000)
  from space 2560K, 98% used [0x00000000ecb00000,0x00000000ecd78028,0x00000000ecd80000)
  to   space 2560K, 0% used [0x00000000eed80000,0x00000000eed80000,0x00000000ef000000)
 ParOldGen       total 44032K, used 7497K [0x00000000c0000000, 0x00000000c2b00000, 0x00000000eab00000)
  object space 44032K, 17% used [0x00000000c0000000,0x00000000c0752598,0x00000000c2b00000)
 Metaspace       used 6205K, capacity 7088K, committed 7296K, reserved 1056768K
  class space    used 593K, capacity 616K, committed 640K, reserved 1048576K
}

Deoptimization events (10 events):
Event: 11.660 Thread 0x000000000160d800 Uncommon trap: reason=bimorphic action=maybe_recompile pc=0x00000000030f6ca8 method=java.util.HashMap.getNode(ILjava/lang/Object;)Ljava/util/HashMap$Node; @ 126
Event: 11.660 Thread 0x000000000160d800 Uncommon trap: reason=bimorphic action=maybe_recompile pc=0x00000000030f6ca8 method=java.util.HashMap.getNode(ILjava/lang/Object;)Ljava/util/HashMap$Node; @ 126
Event: 11.660 Thread 0x000000000160d800 Uncommon trap: reason=bimorphic action=maybe_recompile pc=0x00000000030f6ca8 method=java.util.HashMap.getNode(ILjava/lang/Object;)Ljava/util/HashMap$Node; @ 126
Event: 11.661 Thread 0x000000000160d800 Uncommon trap: reason=bimorphic action=maybe_recompile pc=0x00000000030f6ca8 method=java.util.HashMap.getNode(ILjava/lang/Object;)Ljava/util/HashMap$Node; @ 126
Event: 11.661 Thread 0x000000000160d800 Uncommon trap: reason=bimorphic action=maybe_recompile pc=0x00000000030a37d0 method=java.util.HashMap.getNode(ILjava/lang/Object;)Ljava/util/HashMap$Node; @ 126
Event: 11.662 Thread 0x000000000160d800 Uncommon trap: reason=class_check action=maybe_recompile pc=0x0000000003415b38 method=java.util.HashMap.putVal(ILjava/lang/Object;Ljava/lang/Object;ZZ)Ljava/lang/Object; @ 203
Event: 11.663 Thread 0x000000000160d800 Uncommon trap: reason=class_check action=maybe_recompile pc=0x0000000003415b38 method=java.util.HashMap.putVal(ILjava/lang/Object;Ljava/lang/Object;ZZ)Ljava/lang/Object; @ 203
Event: 11.664 Thread 0x000000000160d800 Uncommon trap: reason=class_check action=maybe_recompile pc=0x0000000003415b38 method=java.util.HashMap.putVal(ILjava/lang/Object;Ljava/lang/Object;ZZ)Ljava/lang/Object; @ 203
Event: 11.664 Thread 0x000000000160d800 Uncommon trap: reason=class_check action=maybe_recompile pc=0x0000000003415b38 method=java.util.HashMap.putVal(ILjava/lang/Object;Ljava/lang/Object;ZZ)Ljava/lang/Object; @ 203
Event: 12.247 Thread 0x000000000160d800 Uncommon trap: reason=bimorphic action=maybe_recompile pc=0x0000000003604864 method=java.util.HashMap.putVal(ILjava/lang/Object;Ljava/lang/Object;ZZ)Ljava/lang/Object; @ 203

Internal exceptions (10 events):
Event: 4.590 Thread 0x000000001702a800 Exception <a 'java/security/PrivilegedActionException'> (0x00000000eae97818) thrown at [D:\re\workspace\8-2-build-windows-amd64-cygwin\jdk8u25\1677\hotspot\src\share\vm\prims\jvm.cpp, line 1312]
Event: 4.591 Thread 0x000000001702a800 Exception <a 'java/security/PrivilegedActionException'> (0x00000000eae9d040) thrown at [D:\re\workspace\8-2-build-windows-amd64-cygwin\jdk8u25\1677\hotspot\src\share\vm\prims\jvm.cpp, line 1312]
Event: 4.671 Thread 0x0000000017026000 Exception <a 'java/security/PrivilegedActionException'> (0x00000000eb02c188) thrown at [D:\re\workspace\8-2-build-windows-amd64-cygwin\jdk8u25\1677\hotspot\src\share\vm\prims\jvm.cpp, line 1312]
Event: 6.318 Thread 0x000000000160d800 Exception <a 'java/security/PrivilegedActionException'> (0x00000000eb7701e8) thrown at [D:\re\workspace\8-2-build-windows-amd64-cygwin\jdk8u25\1677\hotspot\src\share\vm\prims\jvm.cpp, line 1312]
Event: 6.318 Thread 0x000000000160d800 Exception <a 'java/security/PrivilegedActionException'> (0x00000000eb772950) thrown at [D:\re\workspace\8-2-build-windows-amd64-cygwin\jdk8u25\1677\hotspot\src\share\vm\prims\jvm.cpp, line 1312]
Event: 7.589 Thread 0x0000000017027800 Implicit null exception at 0x0000000003448b62 to 0x0000000003448c55
Event: 7.618 Thread 0x00000000170a3000 Exception <a 'java/security/PrivilegedActionException'> (0x00000000ebf38248) thrown at [D:\re\workspace\8-2-build-windows-amd64-cygwin\jdk8u25\1677\hotspot\src\share\vm\prims\jvm.cpp, line 1312]
Event: 8.508 Thread 0x0000000017026000 Exception <a 'java/security/PrivilegedActionException'> (0x00000000ec563e18) thrown at [D:\re\workspace\8-2-build-windows-amd64-cygwin\jdk8u25\1677\hotspot\src\share\vm\prims\jvm.cpp, line 1312]
Event: 11.679 Thread 0x000000000160d800 Exception <a 'java/security/PrivilegedActionException'> (0x00000000ec09b6a8) thrown at [D:\re\workspace\8-2-build-windows-amd64-cygwin\jdk8u25\1677\hotspot\src\share\vm\prims\jvm.cpp, line 1312]
Event: 12.255 Thread 0x000000000160d800 Exception <a 'java/security/PrivilegedActionException'> (0x00000000ec16bb40) thrown at [D:\re\workspace\8-2-build-windows-amd64-cygwin\jdk8u25\1677\hotspot\src\share\vm\prims\jvm.cpp, line 1312]

Events (10 events):
Event: 11.687 Thread 0x000000000160d800 DEOPT UNPACKING pc=0x0000000002ec75bf sp=0x00000000015dead8 mode 0
Event: 11.696 Thread 0x000000000160d800 DEOPT PACKING pc=0x00000000035f1454 sp=0x00000000015dee30
Event: 11.696 Thread 0x000000000160d800 DEOPT UNPACKING pc=0x0000000002ec75bf sp=0x00000000015debc0 mode 0
Event: 11.702 Thread 0x000000000160d800 DEOPT PACKING pc=0x0000000003588c42 sp=0x00000000015dee50
Event: 11.702 Thread 0x000000000160d800 DEOPT UNPACKING pc=0x0000000002ec75bf sp=0x00000000015deb80 mode 0
Event: 12.247 Thread 0x000000000160d800 Uncommon trap: trap_request=0xffffffc6 fr.pc=0x0000000003604864
Event: 12.247 Thread 0x000000000160d800 DEOPT PACKING pc=0x0000000003604864 sp=0x00000000015dece0
Event: 12.247 Thread 0x000000000160d800 DEOPT UNPACKING pc=0x0000000002ec556a sp=0x00000000015dec58 mode 2
Event: 12.255 loading class com/android/dx/dex/file/ProtoIdItem
Event: 12.255 loading class com/android/dx/dex/file/ProtoIdItem done


Dynamic libraries:
0x00007ff6c7d40000 - 0x00007ff6c7d74000 	C:\Program Files\Java\jdk1.8.0_25\bin\java.exe
0x00007ff923690000 - 0x00007ff923861000 	C:\WINDOWS\SYSTEM32\ntdll.dll
0x00007ff9213d0000 - 0x00007ff92147b000 	C:\WINDOWS\System32\KERNEL32.DLL
0x00007ff91fc30000 - 0x00007ff91fe4d000 	C:\WINDOWS\System32\KERNELBASE.dll
0x00007ff920c20000 - 0x00007ff920cc2000 	C:\WINDOWS\System32\ADVAPI32.dll
0x00007ff922ea0000 - 0x00007ff922f3e000 	C:\WINDOWS\System32\msvcrt.dll
0x00007ff920cd0000 - 0x00007ff920d29000 	C:\WINDOWS\System32\sechost.dll
0x00007ff920fd0000 - 0x00007ff9210f1000 	C:\WINDOWS\System32\RPCRT4.dll
0x00007ff923000000 - 0x00007ff923165000 	C:\WINDOWS\System32\USER32.dll
0x00007ff91fe50000 - 0x00007ff91fe6e000 	C:\WINDOWS\System32\win32u.dll
0x00007ff920d30000 - 0x00007ff920d64000 	C:\WINDOWS\System32\GDI32.dll
0x00007ff9206f0000 - 0x00007ff920872000 	C:\WINDOWS\System32\gdi32full.dll
0x00007ff918ba0000 - 0x00007ff918e1a000 	C:\WINDOWS\WinSxS\amd64_microsoft.windows.common-controls_6595b64144ccf1df_6.0.14393.351_none_4213128bc687e6d3\COMCTL32.dll
0x00007ff921100000 - 0x00007ff9213c7000 	C:\WINDOWS\System32\combase.dll
0x00007ff91ff10000 - 0x00007ff920005000 	C:\WINDOWS\System32\ucrtbase.dll
0x00007ff920b50000 - 0x00007ff920bba000 	C:\WINDOWS\System32\bcryptPrimitives.dll
0x00007ff920e90000 - 0x00007ff920ebe000 	C:\WINDOWS\System32\IMM32.DLL
0x00000000750c0000 - 0x0000000075192000 	C:\Program Files\Java\jdk1.8.0_25\jre\bin\msvcr100.dll
0x0000000072e70000 - 0x00000000736ca000 	C:\Program Files\Java\jdk1.8.0_25\jre\bin\server\jvm.dll
0x00007ff9232b0000 - 0x00007ff9232b8000 	C:\WINDOWS\System32\PSAPI.DLL
0x00007ff9137b0000 - 0x00007ff9137b9000 	C:\WINDOWS\SYSTEM32\WSOCK32.dll
0x00007ff9214f0000 - 0x00007ff92155a000 	C:\WINDOWS\System32\WS2_32.dll
0x00007ff91dea0000 - 0x00007ff91dec3000 	C:\WINDOWS\SYSTEM32\WINMM.dll
0x00007ff91de40000 - 0x00007ff91de6b000 	C:\WINDOWS\SYSTEM32\WINMMBASE.dll
0x00007ff920b00000 - 0x00007ff920b42000 	C:\WINDOWS\System32\cfgmgr32.dll
0x00000000750b0000 - 0x00000000750bf000 	C:\Program Files\Java\jdk1.8.0_25\jre\bin\verify.dll
0x0000000075080000 - 0x00000000750a8000 	C:\Program Files\Java\jdk1.8.0_25\jre\bin\java.dll
0x0000000075060000 - 0x0000000075076000 	C:\Program Files\Java\jdk1.8.0_25\jre\bin\zip.dll
0x00007ff921990000 - 0x00007ff922e99000 	C:\WINDOWS\System32\SHELL32.dll
0x00007ff920010000 - 0x00007ff9206ea000 	C:\WINDOWS\System32\windows.storage.dll
0x00007ff91fb20000 - 0x00007ff91fb6c000 	C:\WINDOWS\System32\powrprof.dll
0x00007ff923490000 - 0x00007ff9234e2000 	C:\WINDOWS\System32\shlwapi.dll
0x00007ff91fb10000 - 0x00007ff91fb1f000 	C:\WINDOWS\System32\kernel.appcore.dll
0x00007ff91fb80000 - 0x00007ff91fc29000 	C:\WINDOWS\System32\shcore.dll
0x00007ff91faf0000 - 0x00007ff91fb04000 	C:\WINDOWS\System32\profapi.dll
0x00007ff917d20000 - 0x00007ff917eb2000 	C:\WINDOWS\SYSTEM32\dbghelp.dll

VM Arguments:
jvm_args: -Djava.awt.headless=true -Xmx1024M -Dfile.encoding=windows-1252 -Duser.country=FR -Duser.language=fr -Duser.variant 
java_command: com.android.dx.command.Main --dex --num-threads=4 --output C:\Users\Famille\AndroidStudioProjects\Niviel\app\build\intermediates\pre-dexed\debug\internal_impl-24.2.1_1b2d48f08af46cbe41bf6bc0ac3134a72dd8208c.jar C:\Users\Famille\AndroidStudioProjects\Niviel\app\build\intermediates\exploded-aar\com.android.support\support-compat\24.2.1\jars\libs\internal_impl-24.2.1.jar
java_class_path (initial): C:\Users\Famille\AppData\Local\Android\sdk\build-tools\23.0.2\lib\dx.jar
Launcher Type: SUN_STANDARD

Environment Variables:
JAVA_HOME=C:\Program Files\Java\jdk1.8.0_25
PATH=C:\Program Files\Broadcom\Broadcom 802.11 Network Adapter;C:\Program Files\Broadcom\Broadcom 802.11;C:\ProgramData\Oracle\Java\javapath;C:\Program Files (x86)\Intel\iCLS Client\;C:\Program Files\Intel\iCLS Client\;C:\Windows\system32;C:\Windows;C:\Windows\System32\Wbem;C:\Windows\System32\WindowsPowerShell\v1.0\;C:\Program Files\Hewlett-Packard\SimplePass\;C:\wamp\bin\php\php5.5.12;C:\Python27;C:\Users\Famille\AppData\Roaming\npm\;C:\Program Files\nodejs\;C:\Program Files\Git\cmd;C:\Program Files (x86)\Brackets\command;C:\Program Files (x86)\Ant\bin;C:\Program Files (x86)\Maven\bin;C:\Program Files (x86)\Intel\Intel(R) Management Engine Components\DAL;C:\Program Files\Intel\Intel(R) Management Engine Components\DAL;C:\Program Files (x86)\Intel\Intel(R) Management Engine Components\IPT;C:\Program Files\Intel\Intel(R) Management Engine Components\IPT;C:\Users\Famille\AppData\Local\Android\sdk\platform-tools;C:\WINDOWS\system32;C:\WINDOWS;C:\WINDOWS\System32\Wbem;C:\WINDOWS\System32\WindowsPowerShell\v1.0\;C:\Users\Famille\AppData\Local\atom\bin;C:\Users\Famille\AppData\Roaming\npm;%USERPROFILE%\AppData\Local\Microsoft\WindowsApps;
USERNAME=de Lachaux
OS=Windows_NT
PROCESSOR_IDENTIFIER=Intel64 Family 6 Model 69 Stepping 1, GenuineIntel



---------------  S Y S T E M  ---------------

OS: Windows 8.1 , 64 bit Build 9600 

CPU:total 4 (2 cores per cpu, 2 threads per core) family 6 model 69 stepping 1, cmov, cx8, fxsr, mmx, sse, sse2, sse3, ssse3, sse4.1, sse4.2, popcnt, avx, avx2, aes, clmul, erms, lzcnt, ht, tsc, tscinvbit, bmi1, bmi2

Memory: 4k page, physical 4122776k(196020k free), swap 5555352k(7536k free)

vm_info: Java HotSpot(TM) 64-Bit Server VM (25.25-b02) for windows-amd64 JRE (1.8.0_25-b18), built on Oct  7 2014 14:25:37 by "java_re" with MS VC++ 10.0 (VS2010)

time: Wed Nov 02 11:50:57 2016
elapsed time: 12 seconds (0d 0h 0m 12s)

