#
# There is insufficient memory for the Java Runtime Environment to continue.
# Native memory allocation (malloc) failed to allocate 65552 bytes for Chunk::new
# Possible reasons:
#   The system is out of physical RAM or swap space
#   In 32 bit mode, the process size limit was hit
# Possible solutions:
#   Reduce memory load on the system
#   Increase physical memory or swap space
#   Check if swap backing store is full
#   Use 64 bit Java on a 64 bit OS
#   Decrease Java heap size (-Xmx/-Xms)
#   Decrease number of Java threads
#   Decrease Java thread stack sizes (-Xss)
#   Set larger code cache with -XX:ReservedCodeCacheSize=
# This output file may be truncated or incomplete.
#
#  Out of Memory Error (allocation.cpp:390), pid=61352, tid=57736
#
# JRE version: Java(TM) SE Runtime Environment (8.0_25-b18) (build 1.8.0_25-b18)
# Java VM: Java HotSpot(TM) 64-Bit Server VM (25.25-b02 mixed mode windows-amd64 compressed oops)
# Failed to write core dump. Minidumps are not enabled by default on client versions of Windows
#

---------------  T H R E A D  ---------------

Current thread (0x0000000014df1000):  JavaThread "C2 CompilerThread1" daemon [_thread_in_native, id=57736, stack(0x0000000016450000,0x0000000016550000)]

Stack: [0x0000000016450000,0x0000000016550000]
Native frames: (J=compiled Java code, j=interpreted, Vv=VM code, C=native code)
V  [jvm.dll+0x31667a]
V  [jvm.dll+0x267073]
V  [jvm.dll+0x267cb3]
V  [jvm.dll+0x25f5b5]
V  [jvm.dll+0xbf165]
V  [jvm.dll+0xbf60c]
V  [jvm.dll+0xbf8b4]
V  [jvm.dll+0x4e6020]
V  [jvm.dll+0x44b715]
V  [jvm.dll+0x4e637b]
V  [jvm.dll+0x450a00]
V  [jvm.dll+0x45372b]
V  [jvm.dll+0x437372]
V  [jvm.dll+0x98a02]
V  [jvm.dll+0x991f3]
V  [jvm.dll+0x22bde4]
V  [jvm.dll+0x2852fa]
C  [msvcr100.dll+0x21d9f]
C  [msvcr100.dll+0x21e3b]
C  [KERNEL32.DLL+0x18102]
C  [ntdll.dll+0x5c5b4]


Current CompileTask:
C2:   1142  249   !   4       com.android.dx.cf.cst.ConstantPoolParser::parse0 (731 bytes)


---------------  P R O C E S S  ---------------

Java Threads: ( => current thread )
  0x00000000168b4800 JavaThread "pool-2-thread-4" [_thread_in_Java, id=63892, stack(0x0000000017250000,0x0000000017350000)]
  0x00000000168b2800 JavaThread "pool-2-thread-3" [_thread_in_Java, id=62624, stack(0x0000000017150000,0x0000000017250000)]
  0x00000000168a1000 JavaThread "pool-2-thread-2" [_thread_in_Java, id=61004, stack(0x0000000017050000,0x0000000017150000)]
  0x00000000168b0000 JavaThread "pool-3-thread-1" [_thread_blocked, id=57872, stack(0x0000000016f50000,0x0000000017050000)]
  0x00000000168ad800 JavaThread "pool-2-thread-1" [_thread_blocked, id=57064, stack(0x0000000016e50000,0x0000000016f50000)]
  0x0000000016654800 JavaThread "Service Thread" daemon [_thread_blocked, id=58936, stack(0x0000000016a50000,0x0000000016b50000)]
  0x0000000014e4b000 JavaThread "C1 CompilerThread2" daemon [_thread_in_native, id=59444, stack(0x0000000016550000,0x0000000016650000)]
=>0x0000000014df1000 JavaThread "C2 CompilerThread1" daemon [_thread_in_native, id=57736, stack(0x0000000016450000,0x0000000016550000)]
  0x0000000014dec000 JavaThread "C2 CompilerThread0" daemon [_thread_in_native, id=57972, stack(0x0000000016350000,0x0000000016450000)]
  0x0000000014dea800 JavaThread "Attach Listener" daemon [_thread_blocked, id=60540, stack(0x0000000016250000,0x0000000016350000)]
  0x0000000014de9800 JavaThread "Signal Dispatcher" daemon [_thread_blocked, id=60492, stack(0x0000000016150000,0x0000000016250000)]
  0x0000000002620800 JavaThread "Finalizer" daemon [_thread_blocked, id=64008, stack(0x0000000016050000,0x0000000016150000)]
  0x000000000261d000 JavaThread "Reference Handler" daemon [_thread_blocked, id=64196, stack(0x0000000015f50000,0x0000000016050000)]
  0x000000000271e000 JavaThread "main" [_thread_in_Java, id=61908, stack(0x0000000002340000,0x0000000002440000)]

Other Threads:
  0x0000000014db6800 VMThread [stack: 0x0000000015e50000,0x0000000015f50000] [id=61316]
  0x0000000016656800 WatcherThread [stack: 0x0000000016b50000,0x0000000016c50000] [id=61884]

VM state:not at safepoint (normal execution)

VM Mutex/Monitor currently owned by a thread: None

Heap:
 PSYoungGen      total 18944K, used 14737K [0x00000000eab00000, 0x00000000ec000000, 0x0000000100000000)
  eden space 16384K, 89% used [0x00000000eab00000,0x00000000eb964770,0x00000000ebb00000)
  from space 2560K, 0% used [0x00000000ebd80000,0x00000000ebd80000,0x00000000ec000000)
  to   space 2560K, 0% used [0x00000000ebb00000,0x00000000ebb00000,0x00000000ebd80000)
 ParOldGen       total 44032K, used 0K [0x00000000c0000000, 0x00000000c2b00000, 0x00000000eab00000)
  object space 44032K, 0% used [0x00000000c0000000,0x00000000c0000000,0x00000000c2b00000)
 Metaspace       used 5550K, capacity 6640K, committed 6784K, reserved 1058816K
  class space    used 585K, capacity 616K, committed 640K, reserved 1048576K

Card table byte_map: [0x0000000011ae0000,0x0000000011cf0000] byte_map_base: 0x00000000114e0000

Marking Bits: (ParMarkBitMap*) 0x0000000069efd490
 Begin Bits: [0x0000000012250000, 0x0000000013250000)
 End Bits:   [0x0000000013250000, 0x0000000014250000)

Polling page: 0x0000000000b70000

CodeCache: size=245760Kb used=2527Kb max_used=2527Kb free=243232Kb
 bounds [0x0000000002720000, 0x00000000029a0000, 0x0000000011720000]
 total_blobs=916 nmethods=652 adapters=178
 compilation: enabled

Compilation events (10 events):
Event: 0.779 Thread 0x0000000014e4b000  250       1       com.android.dx.rop.cst.CstMemberRef::isCategory2 (2 bytes)
Event: 0.779 Thread 0x0000000014e4b000 nmethod 250 0x00000000028ae390 code [0x00000000028ae4e0, 0x00000000028ae5f0]
Event: 0.779 Thread 0x0000000014e4b000  251       3       com.android.dx.rop.cst.CstType::<init> (46 bytes)
Event: 0.779 Thread 0x0000000014e4b000 nmethod 251 0x00000000028adbd0 code [0x00000000028add60, 0x00000000028ae1d8]
Event: 0.779 Thread 0x0000000014e4b000  252       1       com.android.dx.rop.cst.CstNat::isCategory2 (2 bytes)
Event: 0.779 Thread 0x0000000014e4b000 nmethod 252 0x00000000028ad910 code [0x00000000028ada60, 0x00000000028adb70]
Event: 0.780 Thread 0x0000000014e4b000  253       3       com.android.dx.cf.code.LineNumberList::set (15 bytes)
Event: 0.781 Thread 0x0000000014e4b000 nmethod 253 0x00000000028ac950 code [0x00000000028acb20, 0x00000000028ad378]
Event: 0.781 Thread 0x0000000014e4b000  254       3       java.io.FilterInputStream::<init> (10 bytes)
Event: 0.781 Thread 0x0000000014e4b000 nmethod 254 0x00000000028ac490 code [0x00000000028ac600, 0x00000000028ac850]

GC Heap History (0 events):
No events

Deoptimization events (0 events):
No events

Internal exceptions (10 events):
Event: 0.749 Thread 0x00000000168ad800 Exception <a 'java/security/PrivilegedActionException'> (0x00000000eaf496e0) thrown at [D:\re\workspace\8-2-build-windows-amd64-cygwin\jdk8u25\1677\hotspot\src\share\vm\prims\jvm.cpp, line 1312]
Event: 0.750 Thread 0x00000000168ad800 Exception <a 'java/security/PrivilegedActionException'> (0x00000000eaf4e620) thrown at [D:\re\workspace\8-2-build-windows-amd64-cygwin\jdk8u25\1677\hotspot\src\share\vm\prims\jvm.cpp, line 1312]
Event: 0.750 Thread 0x00000000168ad800 Exception <a 'java/security/PrivilegedActionException'> (0x00000000eaf52e78) thrown at [D:\re\workspace\8-2-build-windows-amd64-cygwin\jdk8u25\1677\hotspot\src\share\vm\prims\jvm.cpp, line 1312]
Event: 0.751 Thread 0x00000000168ad800 Exception <a 'java/security/PrivilegedActionException'> (0x00000000eaf57408) thrown at [D:\re\workspace\8-2-build-windows-amd64-cygwin\jdk8u25\1677\hotspot\src\share\vm\prims\jvm.cpp, line 1312]
Event: 0.752 Thread 0x00000000168ad800 Exception <a 'java/security/PrivilegedActionException'> (0x00000000eaf60930) thrown at [D:\re\workspace\8-2-build-windows-amd64-cygwin\jdk8u25\1677\hotspot\src\share\vm\prims\jvm.cpp, line 1312]
Event: 0.754 Thread 0x00000000168ad800 Exception <a 'java/security/PrivilegedActionException'> (0x00000000eaf69ee0) thrown at [D:\re\workspace\8-2-build-windows-amd64-cygwin\jdk8u25\1677\hotspot\src\share\vm\prims\jvm.cpp, line 1312]
Event: 0.755 Thread 0x00000000168ad800 Exception <a 'java/security/PrivilegedActionException'> (0x00000000eaf6f0c8) thrown at [D:\re\workspace\8-2-build-windows-amd64-cygwin\jdk8u25\1677\hotspot\src\share\vm\prims\jvm.cpp, line 1312]
Event: 0.758 Thread 0x00000000168ad800 Exception <a 'java/security/PrivilegedActionException'> (0x00000000eaf792d8) thrown at [D:\re\workspace\8-2-build-windows-amd64-cygwin\jdk8u25\1677\hotspot\src\share\vm\prims\jvm.cpp, line 1312]
Event: 0.761 Thread 0x00000000168ad800 Exception <a 'java/security/PrivilegedActionException'> (0x00000000eaf7b1e8) thrown at [D:\re\workspace\8-2-build-windows-amd64-cygwin\jdk8u25\1677\hotspot\src\share\vm\prims\jvm.cpp, line 1312]
Event: 0.787 Thread 0x00000000168ad800 Exception <a 'java/security/PrivilegedActionException'> (0x00000000eafd3790) thrown at [D:\re\workspace\8-2-build-windows-amd64-cygwin\jdk8u25\1677\hotspot\src\share\vm\prims\jvm.cpp, line 1312]

Events (10 events):
Event: 0.754 loading class com/android/dx/dex/file/AnnotationSetItem
Event: 0.754 loading class com/android/dx/dex/file/AnnotationSetItem done
Event: 0.755 loading class com/android/dx/dex/cf/AttributeTranslator
Event: 0.755 loading class com/android/dx/dex/cf/AttributeTranslator done
Event: 0.758 loading class com/android/dx/util/Warning
Event: 0.758 loading class com/android/dx/util/Warning done
Event: 0.761 loading class com/android/dx/dex/file/AnnotationUtils
Event: 0.761 loading class com/android/dx/dex/file/AnnotationUtils done
Event: 0.768 loading class com/android/dx/rop/cst/CstArray$List
Event: 0.768 loading class com/android/dx/rop/cst/CstArray$List done


Dynamic libraries:
0x00007ff72ce00000 - 0x00007ff72ce34000 	C:\Program Files\Java\jdk1.8.0_25\bin\java.exe
0x00007ffcacc60000 - 0x00007ffcace21000 	C:\WINDOWS\SYSTEM32\ntdll.dll
0x00007ffcaca80000 - 0x00007ffcacb2d000 	C:\WINDOWS\system32\KERNEL32.DLL
0x00007ffca94f0000 - 0x00007ffca96d8000 	C:\WINDOWS\system32\KERNELBASE.dll
0x00007ffcac840000 - 0x00007ffcac8e7000 	C:\WINDOWS\system32\ADVAPI32.dll
0x00007ffcac900000 - 0x00007ffcac99d000 	C:\WINDOWS\system32\msvcrt.dll
0x00007ffcacb30000 - 0x00007ffcacb8b000 	C:\WINDOWS\system32\sechost.dll
0x00007ffcaa1c0000 - 0x00007ffcaa2dc000 	C:\WINDOWS\system32\RPCRT4.dll
0x00007ffcabd30000 - 0x00007ffcabe86000 	C:\WINDOWS\system32\USER32.dll
0x00007ffcab880000 - 0x00007ffcaba06000 	C:\WINDOWS\system32\GDI32.dll
0x00007ffca0310000 - 0x00007ffca0584000 	C:\WINDOWS\WinSxS\amd64_microsoft.windows.common-controls_6595b64144ccf1df_6.0.10586.494_none_a2d8b04ea53e3145\COMCTL32.dll
0x00007ffcac400000 - 0x00007ffcac67d000 	C:\WINDOWS\system32\combase.dll
0x00007ffca9310000 - 0x00007ffca937a000 	C:\WINDOWS\system32\bcryptPrimitives.dll
0x00007ffcab840000 - 0x00007ffcab87b000 	C:\WINDOWS\system32\IMM32.DLL
0x0000000069370000 - 0x0000000069442000 	C:\Program Files\Java\jdk1.8.0_25\jre\bin\msvcr100.dll
0x0000000069720000 - 0x0000000069f7a000 	C:\Program Files\Java\jdk1.8.0_25\jre\bin\server\jvm.dll
0x00007ffcaca00000 - 0x00007ffcaca08000 	C:\WINDOWS\system32\PSAPI.DLL
0x00007ffc95490000 - 0x00007ffc95499000 	C:\WINDOWS\SYSTEM32\WSOCK32.dll
0x00007ffcac7d0000 - 0x00007ffcac83b000 	C:\WINDOWS\system32\WS2_32.dll
0x00007ffca79b0000 - 0x00007ffca79d3000 	C:\WINDOWS\SYSTEM32\WINMM.dll
0x00007ffca7950000 - 0x00007ffca797c000 	C:\WINDOWS\SYSTEM32\WINMMBASE.dll
0x00007ffca96e0000 - 0x00007ffca9723000 	C:\WINDOWS\system32\cfgmgr32.dll
0x000000006a0a0000 - 0x000000006a0af000 	C:\Program Files\Java\jdk1.8.0_25\jre\bin\verify.dll
0x000000006a070000 - 0x000000006a098000 	C:\Program Files\Java\jdk1.8.0_25\jre\bin\java.dll
0x000000006a050000 - 0x000000006a066000 	C:\Program Files\Java\jdk1.8.0_25\jre\bin\zip.dll
0x00007ffcaa2e0000 - 0x00007ffcab83c000 	C:\WINDOWS\system32\SHELL32.dll
0x00007ffca9730000 - 0x00007ffca9d75000 	C:\WINDOWS\system32\windows.storage.dll
0x00007ffcabea0000 - 0x00007ffcabef2000 	C:\WINDOWS\system32\shlwapi.dll
0x00007ffca92b0000 - 0x00007ffca92bf000 	C:\WINDOWS\system32\kernel.appcore.dll
0x00007ffca9430000 - 0x00007ffca94e5000 	C:\WINDOWS\system32\shcore.dll
0x00007ffca92c0000 - 0x00007ffca930b000 	C:\WINDOWS\system32\powrprof.dll
0x00007ffca9290000 - 0x00007ffca92a4000 	C:\WINDOWS\system32\profapi.dll
0x00007ffc92eb0000 - 0x00007ffc9303c000 	C:\WINDOWS\SYSTEM32\dbghelp.dll

VM Arguments:
jvm_args: -Djava.awt.headless=true -Xmx1024M -Dfile.encoding=windows-1252 -Duser.country=FR -Duser.language=fr -Duser.variant 
java_command: com.android.dx.command.Main --dex --force-jumbo --num-threads=4 --multi-dex --output C:\Users\Famille\AndroidStudioProjects\Niviel\app\build\intermediates\transforms\dex\debug\folders\1000\5\slice_9 C:\Users\Famille\AndroidStudioProjects\Niviel\app\build\intermediates\transforms\instantRunSlicer\debug\folders\1\5\slice_9
java_class_path (initial): C:\Users\Famille\AppData\Local\Android\sdk\build-tools\23.0.2\lib\dx.jar
Launcher Type: SUN_STANDARD

Environment Variables:
JAVA_HOME=C:\Program Files\Java\jdk1.8.0_25
PATH=C:\Program Files\Broadcom\Broadcom 802.11 Network Adapter;;C:\Program Files\Broadcom\Broadcom 802.11;C:\ProgramData\Oracle\Java\javapath;C:\Program Files (x86)\Intel\iCLS Client\;C:\Program Files\Intel\iCLS Client\;C:\Windows\system32;C:\Windows;C:\Windows\System32\Wbem;C:\Windows\System32\WindowsPowerShell\v1.0\;C:\Program Files\Hewlett-Packard\SimplePass\;C:\wamp\bin\php\php5.5.12;C:\Python27;C:\Users\Famille\AppData\Roaming\npm\;C:\Program Files\nodejs\;C:\Program Files\Git\cmd;C:\Program Files (x86)\Brackets\command;C:\Program Files (x86)\Ant\bin;C:\Program Files (x86)\Maven\bin;C:\Program Files (x86)\Intel\Intel(R) Management Engine Components\DAL;C:\Program Files\Intel\Intel(R) Management Engine Components\DAL;C:\Program Files (x86)\Intel\Intel(R) Management Engine Components\IPT;C:\Program Files\Intel\Intel(R) Management Engine Components\IPT;C:\Users\Famille\AppData\Local\atom\bin;C:\Users\Famille\AppData\Roaming\npm
USERNAME=de Lachaux
OS=Windows_NT
PROCESSOR_IDENTIFIER=Intel64 Family 6 Model 69 Stepping 1, GenuineIntel



---------------  S Y S T E M  ---------------

OS: Windows 8.1 , 64 bit Build 9600 

CPU:total 4 (2 cores per cpu, 2 threads per core) family 6 model 69 stepping 1, cmov, cx8, fxsr, mmx, sse, sse2, sse3, ssse3, sse4.1, sse4.2, popcnt, avx, avx2, aes, clmul, erms, lzcnt, ht, tsc, tscinvbit, bmi1, bmi2

Memory: 4k page, physical 4122776k(516472k free), swap 5555352k(263596k free)

vm_info: Java HotSpot(TM) 64-Bit Server VM (25.25-b02) for windows-amd64 JRE (1.8.0_25-b18), built on Oct  7 2014 14:25:37 by "java_re" with MS VC++ 10.0 (VS2010)

time: Mon Aug 29 18:31:12 2016
elapsed time: 1 seconds (0d 0h 0m 1s)

