#
# There is insufficient memory for the Java Runtime Environment to continue.
# Native memory allocation (malloc) failed to allocate 65552 bytes for Chunk::new
# Possible reasons:
#   The system is out of physical RAM or swap space
#   In 32 bit mode, the process size limit was hit
# Possible solutions:
#   Reduce memory load on the system
#   Increase physical memory or swap space
#   Check if swap backing store is full
#   Use 64 bit Java on a 64 bit OS
#   Decrease Java heap size (-Xmx/-Xms)
#   Decrease number of Java threads
#   Decrease Java thread stack sizes (-Xss)
#   Set larger code cache with -XX:ReservedCodeCacheSize=
# This output file may be truncated or incomplete.
#
#  Out of Memory Error (allocation.cpp:390), pid=66036, tid=65620
#
# JRE version: Java(TM) SE Runtime Environment (8.0_25-b18) (build 1.8.0_25-b18)
# Java VM: Java HotSpot(TM) 64-Bit Server VM (25.25-b02 mixed mode windows-amd64 compressed oops)
# Failed to write core dump. Minidumps are not enabled by default on client versions of Windows
#

---------------  T H R E A D  ---------------

Current thread (0x00000000152bb800):  JavaThread "C2 CompilerThread0" daemon [_thread_in_native, id=65620, stack(0x0000000016810000,0x0000000016910000)]

Stack: [0x0000000016810000,0x0000000016910000]
Native frames: (J=compiled Java code, j=interpreted, Vv=VM code, C=native code)
V  [jvm.dll+0x31667a]
V  [jvm.dll+0x267073]
V  [jvm.dll+0x267cb3]
V  [jvm.dll+0x25f5b5]
V  [jvm.dll+0xbf165]
V  [jvm.dll+0xbf60c]
V  [jvm.dll+0x4e5a2d]
V  [jvm.dll+0x4e6206]
V  [jvm.dll+0x4a1d45]
V  [jvm.dll+0x4b05f9]
V  [jvm.dll+0x4b0ca6]
V  [jvm.dll+0x4b0d7b]
V  [jvm.dll+0x4b0dc7]
V  [jvm.dll+0x4b0dc7]
V  [jvm.dll+0x4b0dc7]
V  [jvm.dll+0x4b0dc7]
V  [jvm.dll+0x4b0dc7]
V  [jvm.dll+0x4b0dc7]
V  [jvm.dll+0x4b0dc7]
V  [jvm.dll+0x4b0dc7]
V  [jvm.dll+0x49eeb3]
V  [jvm.dll+0x452b41]
V  [jvm.dll+0x453864]
V  [jvm.dll+0x437372]
V  [jvm.dll+0x98a02]
V  [jvm.dll+0x991f3]
V  [jvm.dll+0x22bde4]
V  [jvm.dll+0x2852fa]
C  [msvcr100.dll+0x21d9f]
C  [msvcr100.dll+0x21e3b]
C  [KERNEL32.DLL+0x18102]
C  [ntdll.dll+0x5c5b4]


Current CompileTask:
C2:   6946 2308 %     4       sun.security.provider.SHA::implCompress @ 12 (491 bytes)


---------------  P R O C E S S  ---------------

Java Threads: ( => current thread )
  0x0000000002aee000 JavaThread "DestroyJavaVM" [_thread_blocked, id=66512, stack(0x0000000002990000,0x0000000002a90000)]
  0x0000000016b14000 JavaThread "Service Thread" daemon [_thread_blocked, id=65092, stack(0x0000000016f10000,0x0000000017010000)]
  0x000000001531b000 JavaThread "C1 CompilerThread2" daemon [_thread_blocked, id=65400, stack(0x0000000016a10000,0x0000000016b10000)]
  0x00000000152c1000 JavaThread "C2 CompilerThread1" daemon [_thread_in_native, id=66360, stack(0x0000000016910000,0x0000000016a10000)]
=>0x00000000152bb800 JavaThread "C2 CompilerThread0" daemon [_thread_in_native, id=65620, stack(0x0000000016810000,0x0000000016910000)]
  0x00000000152ba800 JavaThread "Attach Listener" daemon [_thread_blocked, id=65892, stack(0x0000000016710000,0x0000000016810000)]
  0x00000000152b9000 JavaThread "Signal Dispatcher" daemon [_thread_blocked, id=66276, stack(0x0000000016610000,0x0000000016710000)]
  0x0000000002bde800 JavaThread "Finalizer" daemon [_thread_blocked, id=66528, stack(0x0000000016510000,0x0000000016610000)]
  0x0000000002bdd800 JavaThread "Reference Handler" daemon [_thread_blocked, id=63848, stack(0x0000000016410000,0x0000000016510000)]

Other Threads:
  0x0000000015286800 VMThread [stack: 0x0000000016310000,0x0000000016410000] [id=65624]
  0x0000000016b16000 WatcherThread [stack: 0x0000000017010000,0x0000000017110000] [id=55812]

VM state:not at safepoint (normal execution)

VM Mutex/Monitor currently owned by a thread: None

Heap:
 PSYoungGen      total 68096K, used 32997K [0x00000000eab00000, 0x00000000ef000000, 0x0000000100000000)
  eden space 65536K, 46% used [0x00000000eab00000,0x00000000ec8c0690,0x00000000eeb00000)
  from space 2560K, 98% used [0x00000000eed80000,0x00000000eeff8f78,0x00000000ef000000)
  to   space 2560K, 0% used [0x00000000eeb00000,0x00000000eeb00000,0x00000000eed80000)
 ParOldGen       total 44032K, used 14740K [0x00000000c0000000, 0x00000000c2b00000, 0x00000000eab00000)
  object space 44032K, 33% used [0x00000000c0000000,0x00000000c0e65180,0x00000000c2b00000)
 Metaspace       used 6947K, capacity 7608K, committed 7936K, reserved 1056768K
  class space    used 646K, capacity 688K, committed 768K, reserved 1048576K

Card table byte_map: [0x0000000011fb0000,0x00000000121c0000] byte_map_base: 0x00000000119b0000

Marking Bits: (ParMarkBitMap*) 0x000000007333d490
 Begin Bits: [0x0000000012720000, 0x0000000013720000)
 End Bits:   [0x0000000013720000, 0x0000000014720000)

Polling page: 0x0000000002900000

CodeCache: size=245760Kb used=8928Kb max_used=8929Kb free=236831Kb
 bounds [0x0000000002bf0000, 0x00000000034c0000, 0x0000000011bf0000]
 total_blobs=2556 nmethods=2283 adapters=186
 compilation: enabled

Compilation events (10 events):
Event: 6.836 Thread 0x00000000152bb800 nmethod 2302 0x00000000034a8dd0 code [0x00000000034a8f00, 0x00000000034a8fb8]
Event: 6.838 Thread 0x000000001531b000 2304       3       java.lang.Integer::reverseBytes (26 bytes)
Event: 6.839 Thread 0x000000001531b000 nmethod 2304 0x00000000034a8a50 code [0x00000000034a8ba0, 0x00000000034a8cf0]
Event: 6.841 Thread 0x00000000152bb800 2305       4       java.lang.Integer::reverseBytes (26 bytes)
Event: 6.842 Thread 0x00000000152bb800 nmethod 2305 0x0000000003497750 code [0x0000000003497880, 0x00000000034978f8]
Event: 6.842 Thread 0x000000001531b000 2306       3       sun.security.provider.SHA::implCompress (491 bytes)
Event: 6.844 Thread 0x000000001531b000 nmethod 2306 0x00000000034a9210 code [0x00000000034a9400, 0x00000000034a9ce8]
Event: 6.845 Thread 0x000000001531b000 2307       3       sun.security.provider.ByteArrayAccess::b2iBig64 (614 bytes)
Event: 6.846 Thread 0x000000001531b000 nmethod 2307 0x00000000034af190 code [0x00000000034af3a0, 0x00000000034b0168]
Event: 6.846 Thread 0x00000000152bb800 2308 %     4       sun.security.provider.SHA::implCompress @ 12 (491 bytes)

GC Heap History (8 events):
Event: 1.703 GC heap before
{Heap before GC invocations=1 (full 0):
 PSYoungGen      total 18944K, used 16384K [0x00000000eab00000, 0x00000000ec000000, 0x0000000100000000)
  eden space 16384K, 100% used [0x00000000eab00000,0x00000000ebb00000,0x00000000ebb00000)
  from space 2560K, 0% used [0x00000000ebd80000,0x00000000ebd80000,0x00000000ec000000)
  to   space 2560K, 0% used [0x00000000ebb00000,0x00000000ebb00000,0x00000000ebd80000)
 ParOldGen       total 44032K, used 0K [0x00000000c0000000, 0x00000000c2b00000, 0x00000000eab00000)
  object space 44032K, 0% used [0x00000000c0000000,0x00000000c0000000,0x00000000c2b00000)
 Metaspace       used 5671K, capacity 6640K, committed 6784K, reserved 1056768K
  class space    used 584K, capacity 616K, committed 640K, reserved 1048576K
Event: 1.727 GC heap after
Heap after GC invocations=1 (full 0):
 PSYoungGen      total 18944K, used 2551K [0x00000000eab00000, 0x00000000ed000000, 0x0000000100000000)
  eden space 16384K, 0% used [0x00000000eab00000,0x00000000eab00000,0x00000000ebb00000)
  from space 2560K, 99% used [0x00000000ebb00000,0x00000000ebd7dc98,0x00000000ebd80000)
  to   space 2560K, 0% used [0x00000000ecd80000,0x00000000ecd80000,0x00000000ed000000)
 ParOldGen       total 44032K, used 1514K [0x00000000c0000000, 0x00000000c2b00000, 0x00000000eab00000)
  object space 44032K, 3% used [0x00000000c0000000,0x00000000c017aa50,0x00000000c2b00000)
 Metaspace       used 5671K, capacity 6640K, committed 6784K, reserved 1056768K
  class space    used 584K, capacity 616K, committed 640K, reserved 1048576K
}
Event: 2.156 GC heap before
{Heap before GC invocations=2 (full 0):
 PSYoungGen      total 18944K, used 18935K [0x00000000eab00000, 0x00000000ed000000, 0x0000000100000000)
  eden space 16384K, 100% used [0x00000000eab00000,0x00000000ebb00000,0x00000000ebb00000)
  from space 2560K, 99% used [0x00000000ebb00000,0x00000000ebd7dc98,0x00000000ebd80000)
  to   space 2560K, 0% used [0x00000000ecd80000,0x00000000ecd80000,0x00000000ed000000)
 ParOldGen       total 44032K, used 1514K [0x00000000c0000000, 0x00000000c2b00000, 0x00000000eab00000)
  object space 44032K, 3% used [0x00000000c0000000,0x00000000c017aa50,0x00000000c2b00000)
 Metaspace       used 5948K, capacity 6896K, committed 7040K, reserved 1056768K
  class space    used 587K, capacity 616K, committed 640K, reserved 1048576K
Event: 2.166 GC heap after
Heap after GC invocations=2 (full 0):
 PSYoungGen      total 35328K, used 2531K [0x00000000eab00000, 0x00000000ed000000, 0x0000000100000000)
  eden space 32768K, 0% used [0x00000000eab00000,0x00000000eab00000,0x00000000ecb00000)
  from space 2560K, 98% used [0x00000000ecd80000,0x00000000ecff8f78,0x00000000ed000000)
  to   space 2560K, 0% used [0x00000000ecb00000,0x00000000ecb00000,0x00000000ecd80000)
 ParOldGen       total 44032K, used 3705K [0x00000000c0000000, 0x00000000c2b00000, 0x00000000eab00000)
  object space 44032K, 8% used [0x00000000c0000000,0x00000000c039e578,0x00000000c2b00000)
 Metaspace       used 5948K, capacity 6896K, committed 7040K, reserved 1056768K
  class space    used 587K, capacity 616K, committed 640K, reserved 1048576K
}
Event: 2.821 GC heap before
{Heap before GC invocations=3 (full 0):
 PSYoungGen      total 35328K, used 35299K [0x00000000eab00000, 0x00000000ed000000, 0x0000000100000000)
  eden space 32768K, 100% used [0x00000000eab00000,0x00000000ecb00000,0x00000000ecb00000)
  from space 2560K, 98% used [0x00000000ecd80000,0x00000000ecff8f78,0x00000000ed000000)
  to   space 2560K, 0% used [0x00000000ecb00000,0x00000000ecb00000,0x00000000ecd80000)
 ParOldGen       total 44032K, used 3705K [0x00000000c0000000, 0x00000000c2b00000, 0x00000000eab00000)
  object space 44032K, 8% used [0x00000000c0000000,0x00000000c039e578,0x00000000c2b00000)
 Metaspace       used 6152K, capacity 7088K, committed 7296K, reserved 1056768K
  class space    used 587K, capacity 616K, committed 640K, reserved 1048576K
Event: 2.881 GC heap after
Heap after GC invocations=3 (full 0):
 PSYoungGen      total 35328K, used 2531K [0x00000000eab00000, 0x00000000ef000000, 0x0000000100000000)
  eden space 32768K, 0% used [0x00000000eab00000,0x00000000eab00000,0x00000000ecb00000)
  from space 2560K, 98% used [0x00000000ecb00000,0x00000000ecd78f78,0x00000000ecd80000)
  to   space 2560K, 0% used [0x00000000eed80000,0x00000000eed80000,0x00000000ef000000)
 ParOldGen       total 44032K, used 8740K [0x00000000c0000000, 0x00000000c2b00000, 0x00000000eab00000)
  object space 44032K, 19% used [0x00000000c0000000,0x00000000c0889318,0x00000000c2b00000)
 Metaspace       used 6152K, capacity 7088K, committed 7296K, reserved 1056768K
  class space    used 587K, capacity 616K, committed 640K, reserved 1048576K
}
Event: 3.431 GC heap before
{Heap before GC invocations=4 (full 0):
 PSYoungGen      total 35328K, used 35299K [0x00000000eab00000, 0x00000000ef000000, 0x0000000100000000)
  eden space 32768K, 100% used [0x00000000eab00000,0x00000000ecb00000,0x00000000ecb00000)
  from space 2560K, 98% used [0x00000000ecb00000,0x00000000ecd78f78,0x00000000ecd80000)
  to   space 2560K, 0% used [0x00000000eed80000,0x00000000eed80000,0x00000000ef000000)
 ParOldGen       total 44032K, used 8740K [0x00000000c0000000, 0x00000000c2b00000, 0x00000000eab00000)
  object space 44032K, 19% used [0x00000000c0000000,0x00000000c0889318,0x00000000c2b00000)
 Metaspace       used 6227K, capacity 7088K, committed 7296K, reserved 1056768K
  class space    used 589K, capacity 616K, committed 640K, reserved 1048576K
Event: 3.526 GC heap after
Heap after GC invocations=4 (full 0):
 PSYoungGen      total 68096K, used 2531K [0x00000000eab00000, 0x00000000ef000000, 0x0000000100000000)
  eden space 65536K, 0% used [0x00000000eab00000,0x00000000eab00000,0x00000000eeb00000)
  from space 2560K, 98% used [0x00000000eed80000,0x00000000eeff8f78,0x00000000ef000000)
  to   space 2560K, 0% used [0x00000000eeb00000,0x00000000eeb00000,0x00000000eed80000)
 ParOldGen       total 44032K, used 14740K [0x00000000c0000000, 0x00000000c2b00000, 0x00000000eab00000)
  object space 44032K, 33% used [0x00000000c0000000,0x00000000c0e65180,0x00000000c2b00000)
 Metaspace       used 6227K, capacity 7088K, committed 7296K, reserved 1056768K
  class space    used 589K, capacity 616K, committed 640K, reserved 1048576K
}

Deoptimization events (10 events):
Event: 4.186 Thread 0x0000000016d6f000 Uncommon trap: reason=bimorphic action=maybe_recompile pc=0x0000000002ea3ff4 method=java.util.HashMap.getNode(ILjava/lang/Object;)Ljava/util/HashMap$Node; @ 126
Event: 4.186 Thread 0x0000000016d6f000 Uncommon trap: reason=bimorphic action=maybe_recompile pc=0x0000000002e315d0 method=java.util.HashMap.getNode(ILjava/lang/Object;)Ljava/util/HashMap$Node; @ 126
Event: 4.202 Thread 0x0000000016d6f000 Uncommon trap: reason=class_check action=maybe_recompile pc=0x0000000003188830 method=java.util.HashMap.putVal(ILjava/lang/Object;Ljava/lang/Object;ZZ)Ljava/lang/Object; @ 203
Event: 4.202 Thread 0x0000000016d6f000 Uncommon trap: reason=class_check action=maybe_recompile pc=0x0000000003188830 method=java.util.HashMap.putVal(ILjava/lang/Object;Ljava/lang/Object;ZZ)Ljava/lang/Object; @ 203
Event: 4.202 Thread 0x0000000016d6f000 Uncommon trap: reason=class_check action=maybe_recompile pc=0x0000000003188830 method=java.util.HashMap.putVal(ILjava/lang/Object;Ljava/lang/Object;ZZ)Ljava/lang/Object; @ 203
Event: 4.202 Thread 0x0000000016d6f000 Uncommon trap: reason=class_check action=maybe_recompile pc=0x0000000003188830 method=java.util.HashMap.putVal(ILjava/lang/Object;Ljava/lang/Object;ZZ)Ljava/lang/Object; @ 203
Event: 6.814 Thread 0x0000000016d6f000 Uncommon trap: reason=unreached action=reinterpret pc=0x0000000002efd8a8 method=java.util.Arrays.copyOf([Ljava/lang/Object;ILjava/lang/Class;)[Ljava/lang/Object; @ 3
Event: 6.817 Thread 0x0000000016d6f000 Uncommon trap: reason=class_check action=maybe_recompile pc=0x00000000032ec4d8 method=java.util.HashMap.putVal(ILjava/lang/Object;Ljava/lang/Object;ZZ)Ljava/lang/Object; @ 56
Event: 6.817 Thread 0x0000000016d6f000 Uncommon trap: reason=class_check action=maybe_recompile pc=0x00000000032ec54c method=java.util.HashMap.putVal(ILjava/lang/Object;Ljava/lang/Object;ZZ)Ljava/lang/Object; @ 152
Event: 6.817 Thread 0x0000000016d6f000 Uncommon trap: reason=class_check action=maybe_recompile pc=0x00000000032ec4d8 method=java.util.HashMap.putVal(ILjava/lang/Object;Ljava/lang/Object;ZZ)Ljava/lang/Object; @ 56

Internal exceptions (10 events):
Event: 4.979 Thread 0x0000000016d6f000 Exception <a 'java/security/PrivilegedActionException'> (0x00000000ec3869a8) thrown at [D:\re\workspace\8-2-build-windows-amd64-cygwin\jdk8u25\1677\hotspot\src\share\vm\prims\jvm.cpp, line 1312]
Event: 5.464 Thread 0x0000000016d6f000 Exception <a 'java/security/PrivilegedActionException'> (0x00000000ec452c30) thrown at [D:\re\workspace\8-2-build-windows-amd64-cygwin\jdk8u25\1677\hotspot\src\share\vm\prims\jvm.cpp, line 1312]
Event: 5.998 Thread 0x0000000016d6f000 Exception <a 'java/security/PrivilegedActionException'> (0x00000000ec5ed560) thrown at [D:\re\workspace\8-2-build-windows-amd64-cygwin\jdk8u25\1677\hotspot\src\share\vm\prims\jvm.cpp, line 1312]
Event: 6.028 Thread 0x0000000016d6f000 Exception <a 'java/security/PrivilegedActionException'> (0x00000000ec5f9388) thrown at [D:\re\workspace\8-2-build-windows-amd64-cygwin\jdk8u25\1677\hotspot\src\share\vm\prims\jvm.cpp, line 1312]
Event: 6.028 Thread 0x0000000016d6f000 Exception <a 'java/security/PrivilegedActionException'> (0x00000000ec5fc0e8) thrown at [D:\re\workspace\8-2-build-windows-amd64-cygwin\jdk8u25\1677\hotspot\src\share\vm\prims\jvm.cpp, line 1312]
Event: 6.395 Thread 0x0000000016d6f000 Exception <a 'java/security/PrivilegedActionException'> (0x00000000ec75ddc8) thrown at [D:\re\workspace\8-2-build-windows-amd64-cygwin\jdk8u25\1677\hotspot\src\share\vm\prims\jvm.cpp, line 1312]
Event: 6.409 Thread 0x0000000016d6f000 Exception <a 'java/security/PrivilegedActionException'> (0x00000000ec7ee020) thrown at [D:\re\workspace\8-2-build-windows-amd64-cygwin\jdk8u25\1677\hotspot\src\share\vm\prims\jvm.cpp, line 1312]
Event: 6.410 Thread 0x0000000016d6f000 Exception <a 'java/security/PrivilegedActionException'> (0x00000000ec7f36e0) thrown at [D:\re\workspace\8-2-build-windows-amd64-cygwin\jdk8u25\1677\hotspot\src\share\vm\prims\jvm.cpp, line 1312]
Event: 6.415 Thread 0x0000000016d6f000 Exception <a 'java/security/PrivilegedActionException'> (0x00000000ec7f9350) thrown at [D:\re\workspace\8-2-build-windows-amd64-cygwin\jdk8u25\1677\hotspot\src\share\vm\prims\jvm.cpp, line 1312]
Event: 6.790 Thread 0x0000000016d6f000 Exception <a 'java/security/PrivilegedActionException'> (0x00000000ec7fe2e8) thrown at [D:\re\workspace\8-2-build-windows-amd64-cygwin\jdk8u25\1677\hotspot\src\share\vm\prims\jvm.cpp, line 1312]

Events (10 events):
Event: 6.834 loading class sun/security/provider/SHA
Event: 6.834 loading class sun/security/provider/DigestBase
Event: 6.834 loading class sun/security/provider/DigestBase done
Event: 6.834 loading class sun/security/provider/SHA done
Event: 6.835 loading class sun/security/jca/GetInstance$Instance
Event: 6.836 loading class sun/security/jca/GetInstance$Instance done
Event: 6.836 loading class java/security/MessageDigest$Delegate
Event: 6.836 loading class java/security/MessageDigest$Delegate done
Event: 6.836 loading class sun/security/provider/ByteArrayAccess
Event: 6.836 loading class sun/security/provider/ByteArrayAccess done


Dynamic libraries:
0x00007ff690dd0000 - 0x00007ff690e04000 	C:\Program Files\Java\jdk1.8.0_25\bin\java.exe
0x00007fff80c20000 - 0x00007fff80de1000 	C:\WINDOWS\SYSTEM32\ntdll.dll
0x00007fff80400000 - 0x00007fff804ad000 	C:\WINDOWS\system32\KERNEL32.DLL
0x00007fff7d680000 - 0x00007fff7d868000 	C:\WINDOWS\system32\KERNELBASE.dll
0x00007fff80850000 - 0x00007fff808f7000 	C:\WINDOWS\system32\ADVAPI32.dll
0x00007fff801e0000 - 0x00007fff8027d000 	C:\WINDOWS\system32\msvcrt.dll
0x00007fff7ec20000 - 0x00007fff7ec7b000 	C:\WINDOWS\system32\sechost.dll
0x00007fff804b0000 - 0x00007fff805cc000 	C:\WINDOWS\system32\RPCRT4.dll
0x00007fff7e030000 - 0x00007fff7e186000 	C:\WINDOWS\system32\USER32.dll
0x00007fff7e450000 - 0x00007fff7e5d6000 	C:\WINDOWS\system32\GDI32.dll
0x00007fff76200000 - 0x00007fff76474000 	C:\WINDOWS\WinSxS\amd64_microsoft.windows.common-controls_6595b64144ccf1df_6.0.10586.494_none_a2d8b04ea53e3145\COMCTL32.dll
0x00007fff805d0000 - 0x00007fff8084d000 	C:\WINDOWS\system32\combase.dll
0x00007fff7d4f0000 - 0x00007fff7d55a000 	C:\WINDOWS\system32\bcryptPrimitives.dll
0x00007fff80be0000 - 0x00007fff80c1b000 	C:\WINDOWS\system32\IMM32.DLL
0x00000000726a0000 - 0x0000000072772000 	C:\Program Files\Java\jdk1.8.0_25\jre\bin\msvcr100.dll
0x0000000072b60000 - 0x00000000733ba000 	C:\Program Files\Java\jdk1.8.0_25\jre\bin\server\jvm.dll
0x00007fff7e190000 - 0x00007fff7e198000 	C:\WINDOWS\system32\PSAPI.DLL
0x00007fff65bb0000 - 0x00007fff65bb9000 	C:\WINDOWS\SYSTEM32\WSOCK32.dll
0x00007fff7ebb0000 - 0x00007fff7ec1b000 	C:\WINDOWS\system32\WS2_32.dll
0x00007fff7b560000 - 0x00007fff7b583000 	C:\WINDOWS\SYSTEM32\WINMM.dll
0x00007fff7b110000 - 0x00007fff7b13c000 	C:\WINDOWS\SYSTEM32\WINMMBASE.dll
0x00007fff7d4a0000 - 0x00007fff7d4e3000 	C:\WINDOWS\system32\cfgmgr32.dll
0x0000000072b50000 - 0x0000000072b5f000 	C:\Program Files\Java\jdk1.8.0_25\jre\bin\verify.dll
0x0000000072b20000 - 0x0000000072b48000 	C:\Program Files\Java\jdk1.8.0_25\jre\bin\java.dll
0x0000000072b00000 - 0x0000000072b16000 	C:\Program Files\Java\jdk1.8.0_25\jre\bin\zip.dll
0x00007fff7ec80000 - 0x00007fff801dc000 	C:\WINDOWS\system32\SHELL32.dll
0x00007fff7d870000 - 0x00007fff7deb5000 	C:\WINDOWS\system32\windows.storage.dll
0x00007fff80b80000 - 0x00007fff80bd2000 	C:\WINDOWS\system32\shlwapi.dll
0x00007fff7d2c0000 - 0x00007fff7d2cf000 	C:\WINDOWS\system32\kernel.appcore.dll
0x00007fff7d5c0000 - 0x00007fff7d675000 	C:\WINDOWS\system32\shcore.dll
0x00007fff7d270000 - 0x00007fff7d2bb000 	C:\WINDOWS\system32\powrprof.dll
0x00007fff7d240000 - 0x00007fff7d254000 	C:\WINDOWS\system32\profapi.dll
0x00007fff63a80000 - 0x00007fff63c0c000 	C:\WINDOWS\SYSTEM32\dbghelp.dll

VM Arguments:
jvm_args: -Djava.awt.headless=true -Xmx1024M -Dfile.encoding=windows-1252 -Duser.country=FR -Duser.language=fr -Duser.variant 
java_command: com.android.dx.command.Main --dex --force-jumbo --num-threads=4 --multi-dex --output C:\Users\Famille\AndroidStudioProjects\Niviel\app\build\intermediates\transforms\dex\debug\folders\1000\10\gson-2.5_5e8b5468139ba08580ff9ef35e6638782f5f99af C:\Users\Famille\.gradle\caches\modules-2\files-2.1\com.google.code.gson\gson\2.5\686c608d1805b6d4d425ec4459e88164ffc85870\gson-2.5.jar
java_class_path (initial): C:\Users\Famille\AppData\Local\Android\sdk\build-tools\23.0.2\lib\dx.jar
Launcher Type: SUN_STANDARD

Environment Variables:
JAVA_HOME=C:\Program Files\Java\jdk1.8.0_25
PATH=C:\Program Files\Broadcom\Broadcom 802.11 Network Adapter;;C:\Program Files\Broadcom\Broadcom 802.11;C:\ProgramData\Oracle\Java\javapath;C:\Program Files (x86)\Intel\iCLS Client\;C:\Program Files\Intel\iCLS Client\;C:\Windows\system32;C:\Windows;C:\Windows\System32\Wbem;C:\Windows\System32\WindowsPowerShell\v1.0\;C:\Program Files\Hewlett-Packard\SimplePass\;C:\wamp\bin\php\php5.5.12;C:\Python27;C:\Users\Famille\AppData\Roaming\npm\;C:\Program Files\nodejs\;C:\Program Files\Git\cmd;C:\Program Files (x86)\Brackets\command;C:\Program Files (x86)\Ant\bin;C:\Program Files (x86)\Maven\bin;C:\Program Files (x86)\Intel\Intel(R) Management Engine Components\DAL;C:\Program Files\Intel\Intel(R) Management Engine Components\DAL;C:\Program Files (x86)\Intel\Intel(R) Management Engine Components\IPT;C:\Program Files\Intel\Intel(R) Management Engine Components\IPT;C:\Users\Famille\AppData\Local\atom\bin;C:\Users\Famille\AppData\Roaming\npm
USERNAME=de Lachaux
OS=Windows_NT
PROCESSOR_IDENTIFIER=Intel64 Family 6 Model 69 Stepping 1, GenuineIntel



---------------  S Y S T E M  ---------------

OS: Windows 8.1 , 64 bit Build 9600 

CPU:total 4 (2 cores per cpu, 2 threads per core) family 6 model 69 stepping 1, cmov, cx8, fxsr, mmx, sse, sse2, sse3, ssse3, sse4.1, sse4.2, popcnt, avx, avx2, aes, clmul, erms, lzcnt, ht, tsc, tscinvbit, bmi1, bmi2

Memory: 4k page, physical 4122776k(298912k free), swap 5555352k(900k free)

vm_info: Java HotSpot(TM) 64-Bit Server VM (25.25-b02) for windows-amd64 JRE (1.8.0_25-b18), built on Oct  7 2014 14:25:37 by "java_re" with MS VC++ 10.0 (VS2010)

time: Thu Aug 25 19:35:46 2016
elapsed time: 6 seconds (0d 0h 0m 6s)

