#
# There is insufficient memory for the Java Runtime Environment to continue.
# Native memory allocation (malloc) failed to allocate 1949136 bytes for Chunk::new
# Possible reasons:
#   The system is out of physical RAM or swap space
#   In 32 bit mode, the process size limit was hit
# Possible solutions:
#   Reduce memory load on the system
#   Increase physical memory or swap space
#   Check if swap backing store is full
#   Use 64 bit Java on a 64 bit OS
#   Decrease Java heap size (-Xmx/-Xms)
#   Decrease number of Java threads
#   Decrease Java thread stack sizes (-Xss)
#   Set larger code cache with -XX:ReservedCodeCacheSize=
# This output file may be truncated or incomplete.
#
#  Out of Memory Error (allocation.cpp:390), pid=36580, tid=34972
#
# JRE version: Java(TM) SE Runtime Environment (8.0_25-b18) (build 1.8.0_25-b18)
# Java VM: Java HotSpot(TM) 64-Bit Server VM (25.25-b02 mixed mode windows-amd64 compressed oops)
# Failed to write core dump. Minidumps are not enabled by default on client versions of Windows
#

---------------  T H R E A D  ---------------

Current thread (0x000000001535c000):  JavaThread "C2 CompilerThread0" daemon [_thread_in_native, id=34972, stack(0x00000000168d0000,0x00000000169d0000)]

Stack: [0x00000000168d0000,0x00000000169d0000]
Native frames: (J=compiled Java code, j=interpreted, Vv=VM code, C=native code)
V  [jvm.dll+0x31667a]
V  [jvm.dll+0x267073]
V  [jvm.dll+0x267cb3]
V  [jvm.dll+0x25f5b5]
V  [jvm.dll+0xbf165]
V  [jvm.dll+0xbf60c]
V  [jvm.dll+0x45d672]
V  [jvm.dll+0x49e8ef]
V  [jvm.dll+0x452b41]
V  [jvm.dll+0x453864]
V  [jvm.dll+0x437372]
V  [jvm.dll+0x98a02]
V  [jvm.dll+0x991f3]
V  [jvm.dll+0x22bde4]
V  [jvm.dll+0x2852fa]
C  [msvcr100.dll+0x21d9f]
C  [msvcr100.dll+0x21e3b]
C  [KERNEL32.DLL+0x18102]
C  [ntdll.dll+0x5c5b4]


Current CompileTask:
C2:   7568 1836   !   4       com.android.dx.cf.code.BytecodeArray::parseInstruction (2764 bytes)


---------------  P R O C E S S  ---------------

Java Threads: ( => current thread )
  0x0000000017156000 JavaThread "pool-2-thread-4" [_thread_blocked, id=35924, stack(0x0000000017dd0000,0x0000000017ed0000)]
  0x0000000017155000 JavaThread "pool-2-thread-3" [_thread_blocked, id=35856, stack(0x0000000017cd0000,0x0000000017dd0000)]
  0x00000000170c2800 JavaThread "pool-2-thread-2" [_thread_in_Java, id=35864, stack(0x0000000017bd0000,0x0000000017cd0000)]
  0x00000000170c1800 JavaThread "pool-3-thread-1" [_thread_blocked, id=34076, stack(0x0000000017ad0000,0x0000000017bd0000)]
  0x000000001703c000 JavaThread "pool-2-thread-1" [_thread_blocked, id=36652, stack(0x00000000179d0000,0x0000000017ad0000)]
  0x00000000153bb000 JavaThread "Service Thread" daemon [_thread_blocked, id=36560, stack(0x0000000016bd0000,0x0000000016cd0000)]
  0x00000000153b3800 JavaThread "C1 CompilerThread2" daemon [_thread_blocked, id=35192, stack(0x0000000016ad0000,0x0000000016bd0000)]
  0x00000000153b2800 JavaThread "C2 CompilerThread1" daemon [_thread_in_native, id=33732, stack(0x00000000169d0000,0x0000000016ad0000)]
=>0x000000001535c000 JavaThread "C2 CompilerThread0" daemon [_thread_in_native, id=34972, stack(0x00000000168d0000,0x00000000169d0000)]
  0x000000001535a800 JavaThread "Attach Listener" daemon [_thread_blocked, id=35860, stack(0x00000000167d0000,0x00000000168d0000)]
  0x0000000015359800 JavaThread "Signal Dispatcher" daemon [_thread_blocked, id=36352, stack(0x00000000166d0000,0x00000000167d0000)]
  0x0000000002c80800 JavaThread "Finalizer" daemon [_thread_blocked, id=35648, stack(0x00000000165d0000,0x00000000166d0000)]
  0x0000000002c7d000 JavaThread "Reference Handler" daemon [_thread_blocked, id=36372, stack(0x00000000164d0000,0x00000000165d0000)]
  0x00000000029ee000 JavaThread "main" [_thread_blocked, id=36564, stack(0x0000000002a90000,0x0000000002b90000)]

Other Threads:
  0x0000000015326800 VMThread [stack: 0x00000000163d0000,0x00000000164d0000] [id=34592]
  0x00000000153bd000 WatcherThread [stack: 0x0000000016cd0000,0x0000000016dd0000] [id=36556]

VM state:synchronizing (normal execution)

VM Mutex/Monitor currently owned by a thread:  ([mutex/lock_event])
[0x00000000029ecda0] Safepoint_lock - owner thread: 0x0000000015326800
[0x00000000029ed0a0] Threads_lock - owner thread: 0x0000000015326800
[0x00000000029ed7a0] Heap_lock - owner thread: 0x00000000029ee000

Heap:
 PSYoungGen      total 35328K, used 35327K [0x00000000eab00000, 0x00000000ed000000, 0x0000000100000000)
  eden space 32768K, 100% used [0x00000000eab00000,0x00000000ecb00000,0x00000000ecb00000)
  from space 2560K, 99% used [0x00000000ecb00000,0x00000000ecd7fe88,0x00000000ecd80000)
  to   space 2560K, 0% used [0x00000000ecd80000,0x00000000ecd80000,0x00000000ed000000)
 ParOldGen       total 44032K, used 22590K [0x00000000c0000000, 0x00000000c2b00000, 0x00000000eab00000)
  object space 44032K, 51% used [0x00000000c0000000,0x00000000c160fa50,0x00000000c2b00000)
 Metaspace       used 6289K, capacity 7152K, committed 7296K, reserved 1056768K
  class space    used 593K, capacity 616K, committed 640K, reserved 1048576K

Card table byte_map: [0x0000000012050000,0x0000000012260000] byte_map_base: 0x0000000011a50000

Marking Bits: (ParMarkBitMap*) 0x0000000066b8d490
 Begin Bits: [0x00000000127c0000, 0x00000000137c0000)
 End Bits:   [0x00000000137c0000, 0x00000000147c0000)

Polling page: 0x0000000001170000

CodeCache: size=245760Kb used=7343Kb max_used=7343Kb free=238416Kb
 bounds [0x0000000002c90000, 0x00000000033d0000, 0x0000000011c90000]
 total_blobs=2136 nmethods=1871 adapters=178
 compilation: enabled

Compilation events (10 events):
Event: 6.877 Thread 0x00000000153b3800 1870       1       com.android.dx.cf.attrib.InnerClassList$Item::getInnerName (5 bytes)
Event: 6.877 Thread 0x00000000153b3800 nmethod 1870 0x00000000033ac3d0 code [0x00000000033ac520, 0x00000000033ac630]
Event: 6.877 Thread 0x00000000153b3800 1871       1       com.android.dx.cf.attrib.InnerClassList$Item::getAccessFlags (5 bytes)
Event: 6.877 Thread 0x00000000153b3800 nmethod 1871 0x00000000033ac690 code [0x00000000033ac7e0, 0x00000000033ac8f0]
Event: 6.894 Thread 0x00000000153b3800 1873       2       java.util.BitSet::trimToSize (32 bytes)
Event: 6.894 Thread 0x00000000153b3800 nmethod 1873 0x00000000033ac950 code [0x00000000033acac0, 0x00000000033acd98]
Event: 6.933 Thread 0x00000000153b3800 1874       2       java.io.FilterInputStream::available (8 bytes)
Event: 6.933 Thread 0x00000000153b3800 nmethod 1874 0x00000000033aced0 code [0x00000000033ad040, 0x00000000033ad1c8]
Event: 6.933 Thread 0x00000000153b3800 1875       2       com.android.dx.util.ByteArray$MyInputStream::available (13 bytes)
Event: 6.933 Thread 0x00000000153b3800 nmethod 1875 0x00000000033ad250 code [0x00000000033ad3a0, 0x00000000033ad4f0]

GC Heap History (10 events):
Event: 4.166 GC heap before
{Heap before GC invocations=3 (full 0):
 PSYoungGen      total 18944K, used 18922K [0x00000000eab00000, 0x00000000ec000000, 0x0000000100000000)
  eden space 16384K, 100% used [0x00000000eab00000,0x00000000ebb00000,0x00000000ebb00000)
  from space 2560K, 99% used [0x00000000ebd80000,0x00000000ebffaa58,0x00000000ec000000)
  to   space 2560K, 0% used [0x00000000ebb00000,0x00000000ebb00000,0x00000000ebd80000)
 ParOldGen       total 44032K, used 2182K [0x00000000c0000000, 0x00000000c2b00000, 0x00000000eab00000)
  object space 44032K, 4% used [0x00000000c0000000,0x00000000c02219c0,0x00000000c2b00000)
 Metaspace       used 6056K, capacity 6960K, committed 7040K, reserved 1056768K
  class space    used 592K, capacity 616K, committed 640K, reserved 1048576K
Event: 4.178 GC heap after
Heap after GC invocations=3 (full 0):
 PSYoungGen      total 18944K, used 2553K [0x00000000eab00000, 0x00000000ed000000, 0x0000000100000000)
  eden space 16384K, 0% used [0x00000000eab00000,0x00000000eab00000,0x00000000ebb00000)
  from space 2560K, 99% used [0x00000000ebb00000,0x00000000ebd7e640,0x00000000ebd80000)
  to   space 2560K, 0% used [0x00000000ecd80000,0x00000000ecd80000,0x00000000ed000000)
 ParOldGen       total 44032K, used 4921K [0x00000000c0000000, 0x00000000c2b00000, 0x00000000eab00000)
  object space 44032K, 11% used [0x00000000c0000000,0x00000000c04ce6a8,0x00000000c2b00000)
 Metaspace       used 6056K, capacity 6960K, committed 7040K, reserved 1056768K
  class space    used 592K, capacity 616K, committed 640K, reserved 1048576K
}
Event: 4.377 GC heap before
{Heap before GC invocations=4 (full 0):
 PSYoungGen      total 18944K, used 18937K [0x00000000eab00000, 0x00000000ed000000, 0x0000000100000000)
  eden space 16384K, 100% used [0x00000000eab00000,0x00000000ebb00000,0x00000000ebb00000)
  from space 2560K, 99% used [0x00000000ebb00000,0x00000000ebd7e640,0x00000000ebd80000)
  to   space 2560K, 0% used [0x00000000ecd80000,0x00000000ecd80000,0x00000000ed000000)
 ParOldGen       total 44032K, used 4921K [0x00000000c0000000, 0x00000000c2b00000, 0x00000000eab00000)
  object space 44032K, 11% used [0x00000000c0000000,0x00000000c04ce6a8,0x00000000c2b00000)
 Metaspace       used 6113K, capacity 7024K, committed 7296K, reserved 1056768K
  class space    used 592K, capacity 616K, committed 640K, reserved 1048576K
Event: 4.406 GC heap after
Heap after GC invocations=4 (full 0):
 PSYoungGen      total 35328K, used 2557K [0x00000000eab00000, 0x00000000ed000000, 0x0000000100000000)
  eden space 32768K, 0% used [0x00000000eab00000,0x00000000eab00000,0x00000000ecb00000)
  from space 2560K, 99% used [0x00000000ecd80000,0x00000000ecfff410,0x00000000ed000000)
  to   space 2560K, 0% used [0x00000000ecb00000,0x00000000ecb00000,0x00000000ecd80000)
 ParOldGen       total 44032K, used 7590K [0x00000000c0000000, 0x00000000c2b00000, 0x00000000eab00000)
  object space 44032K, 17% used [0x00000000c0000000,0x00000000c0769b60,0x00000000c2b00000)
 Metaspace       used 6113K, capacity 7024K, committed 7296K, reserved 1056768K
  class space    used 592K, capacity 616K, committed 640K, reserved 1048576K
}
Event: 4.792 GC heap before
{Heap before GC invocations=5 (full 0):
 PSYoungGen      total 35328K, used 35325K [0x00000000eab00000, 0x00000000ed000000, 0x0000000100000000)
  eden space 32768K, 100% used [0x00000000eab00000,0x00000000ecb00000,0x00000000ecb00000)
  from space 2560K, 99% used [0x00000000ecd80000,0x00000000ecfff410,0x00000000ed000000)
  to   space 2560K, 0% used [0x00000000ecb00000,0x00000000ecb00000,0x00000000ecd80000)
 ParOldGen       total 44032K, used 7590K [0x00000000c0000000, 0x00000000c2b00000, 0x00000000eab00000)
  object space 44032K, 17% used [0x00000000c0000000,0x00000000c0769b60,0x00000000c2b00000)
 Metaspace       used 6164K, capacity 7088K, committed 7296K, reserved 1056768K
  class space    used 593K, capacity 616K, committed 640K, reserved 1048576K
Event: 4.808 GC heap after
Heap after GC invocations=5 (full 0):
 PSYoungGen      total 35328K, used 2556K [0x00000000eab00000, 0x00000000ed000000, 0x0000000100000000)
  eden space 32768K, 0% used [0x00000000eab00000,0x00000000eab00000,0x00000000ecb00000)
  from space 2560K, 99% used [0x00000000ecb00000,0x00000000ecd7f3f8,0x00000000ecd80000)
  to   space 2560K, 0% used [0x00000000ecd80000,0x00000000ecd80000,0x00000000ed000000)
 ParOldGen       total 44032K, used 12659K [0x00000000c0000000, 0x00000000c2b00000, 0x00000000eab00000)
  object space 44032K, 28% used [0x00000000c0000000,0x00000000c0c5cff0,0x00000000c2b00000)
 Metaspace       used 6164K, capacity 7088K, committed 7296K, reserved 1056768K
  class space    used 593K, capacity 616K, committed 640K, reserved 1048576K
}
Event: 5.119 GC heap before
{Heap before GC invocations=6 (full 0):
 PSYoungGen      total 35328K, used 35324K [0x00000000eab00000, 0x00000000ed000000, 0x0000000100000000)
  eden space 32768K, 100% used [0x00000000eab00000,0x00000000ecb00000,0x00000000ecb00000)
  from space 2560K, 99% used [0x00000000ecb00000,0x00000000ecd7f3f8,0x00000000ecd80000)
  to   space 2560K, 0% used [0x00000000ecd80000,0x00000000ecd80000,0x00000000ed000000)
 ParOldGen       total 44032K, used 12659K [0x00000000c0000000, 0x00000000c2b00000, 0x00000000eab00000)
  object space 44032K, 28% used [0x00000000c0000000,0x00000000c0c5cff0,0x00000000c2b00000)
 Metaspace       used 6223K, capacity 7152K, committed 7296K, reserved 1056768K
  class space    used 593K, capacity 616K, committed 640K, reserved 1048576K
Event: 5.296 GC heap after
Heap after GC invocations=6 (full 0):
 PSYoungGen      total 35328K, used 2531K [0x00000000eab00000, 0x00000000ed000000, 0x0000000100000000)
  eden space 32768K, 0% used [0x00000000eab00000,0x00000000eab00000,0x00000000ecb00000)
  from space 2560K, 98% used [0x00000000ecd80000,0x00000000ecff8c58,0x00000000ed000000)
  to   space 2560K, 0% used [0x00000000ecb00000,0x00000000ecb00000,0x00000000ecd80000)
 ParOldGen       total 44032K, used 17456K [0x00000000c0000000, 0x00000000c2b00000, 0x00000000eab00000)
  object space 44032K, 39% used [0x00000000c0000000,0x00000000c110c320,0x00000000c2b00000)
 Metaspace       used 6223K, capacity 7152K, committed 7296K, reserved 1056768K
  class space    used 593K, capacity 616K, committed 640K, reserved 1048576K
}
Event: 6.284 GC heap before
{Heap before GC invocations=7 (full 0):
 PSYoungGen      total 35328K, used 35299K [0x00000000eab00000, 0x00000000ed000000, 0x0000000100000000)
  eden space 32768K, 100% used [0x00000000eab00000,0x00000000ecb00000,0x00000000ecb00000)
  from space 2560K, 98% used [0x00000000ecd80000,0x00000000ecff8c58,0x00000000ed000000)
  to   space 2560K, 0% used [0x00000000ecb00000,0x00000000ecb00000,0x00000000ecd80000)
 ParOldGen       total 44032K, used 17456K [0x00000000c0000000, 0x00000000c2b00000, 0x00000000eab00000)
  object space 44032K, 39% used [0x00000000c0000000,0x00000000c110c320,0x00000000c2b00000)
 Metaspace       used 6251K, capacity 7152K, committed 7296K, reserved 1056768K
  class space    used 593K, capacity 616K, committed 640K, reserved 1048576K
Event: 6.766 GC heap after
Heap after GC invocations=7 (full 0):
 PSYoungGen      total 35328K, used 2559K [0x00000000eab00000, 0x00000000ed000000, 0x0000000100000000)
  eden space 32768K, 0% used [0x00000000eab00000,0x00000000eab00000,0x00000000ecb00000)
  from space 2560K, 99% used [0x00000000ecb00000,0x00000000ecd7fe88,0x00000000ecd80000)
  to   space 2560K, 0% used [0x00000000ecd80000,0x00000000ecd80000,0x00000000ed000000)
 ParOldGen       total 44032K, used 22590K [0x00000000c0000000, 0x00000000c2b00000, 0x00000000eab00000)
  object space 44032K, 51% used [0x00000000c0000000,0x00000000c160fa50,0x00000000c2b00000)
 Metaspace       used 6251K, capacity 7152K, committed 7296K, reserved 1056768K
  class space    used 593K, capacity 616K, committed 640K, reserved 1048576K
}

Deoptimization events (10 events):
Event: 4.619 Thread 0x00000000029ee000 Uncommon trap: reason=bimorphic action=maybe_recompile pc=0x0000000002ed2590 method=java.util.HashMap.getNode(ILjava/lang/Object;)Ljava/util/HashMap$Node; @ 126
Event: 4.619 Thread 0x00000000029ee000 Uncommon trap: reason=class_check action=maybe_recompile pc=0x000000000309103c method=java.util.HashMap.putVal(ILjava/lang/Object;Ljava/lang/Object;ZZ)Ljava/lang/Object; @ 203
Event: 4.619 Thread 0x00000000029ee000 Uncommon trap: reason=bimorphic action=maybe_recompile pc=0x0000000002ee806c method=java.util.HashMap.getNode(ILjava/lang/Object;)Ljava/util/HashMap$Node; @ 126
Event: 4.619 Thread 0x00000000029ee000 Uncommon trap: reason=bimorphic action=maybe_recompile pc=0x0000000002ee806c method=java.util.HashMap.getNode(ILjava/lang/Object;)Ljava/util/HashMap$Node; @ 126
Event: 4.619 Thread 0x00000000029ee000 Uncommon trap: reason=class_check action=maybe_recompile pc=0x000000000309103c method=java.util.HashMap.putVal(ILjava/lang/Object;Ljava/lang/Object;ZZ)Ljava/lang/Object; @ 203
Event: 4.619 Thread 0x00000000029ee000 Uncommon trap: reason=bimorphic action=maybe_recompile pc=0x0000000002ed2590 method=java.util.HashMap.getNode(ILjava/lang/Object;)Ljava/util/HashMap$Node; @ 126
Event: 4.658 Thread 0x0000000017156000 Uncommon trap: reason=unreached action=reinterpret pc=0x00000000032b0098 method=com.android.dx.ssa.SCCP.simulateBranch(Lcom/android/dx/ssa/SsaInsn;)V @ 132
Event: 4.659 Thread 0x0000000017156000 Uncommon trap: reason=unreached action=reinterpret pc=0x00000000030ff4dc method=com.android.dx.ssa.SsaMethod.updateOneDefinition(Lcom/android/dx/ssa/SsaInsn;Lcom/android/dx/rop/code/RegisterSpec;)V @ 4
Event: 5.854 Thread 0x00000000170c2800 Uncommon trap: reason=bimorphic action=maybe_recompile pc=0x00000000032c8fe8 method=com.android.dx.cf.code.BytecodeArray.parseInstruction(ILcom/android/dx/cf/code/BytecodeArray$Visitor;)I @ 1501
Event: 5.856 Thread 0x00000000170c2800 Uncommon trap: reason=bimorphic action=maybe_recompile pc=0x00000000032c8fe8 method=com.android.dx.cf.code.BytecodeArray.parseInstruction(ILcom/android/dx/cf/code/BytecodeArray$Visitor;)I @ 1501

Internal exceptions (10 events):
Event: 3.382 Thread 0x000000001703c000 Exception <a 'java/security/PrivilegedActionException'> (0x00000000eb347438) thrown at [D:\re\workspace\8-2-build-windows-amd64-cygwin\jdk8u25\1677\hotspot\src\share\vm\prims\jvm.cpp, line 1312]
Event: 3.383 Thread 0x000000001703c000 Exception <a 'java/security/PrivilegedActionException'> (0x00000000eb34cba8) thrown at [D:\re\workspace\8-2-build-windows-amd64-cygwin\jdk8u25\1677\hotspot\src\share\vm\prims\jvm.cpp, line 1312]
Event: 3.397 Thread 0x00000000029ee000 Exception <a 'java/security/PrivilegedActionException'> (0x00000000eb3de7b8) thrown at [D:\re\workspace\8-2-build-windows-amd64-cygwin\jdk8u25\1677\hotspot\src\share\vm\prims\jvm.cpp, line 1312]
Event: 3.467 Thread 0x0000000017155000 Exception <a 'java/security/PrivilegedActionException'> (0x00000000eb4d4c90) thrown at [D:\re\workspace\8-2-build-windows-amd64-cygwin\jdk8u25\1677\hotspot\src\share\vm\prims\jvm.cpp, line 1312]
Event: 3.477 Thread 0x00000000029ee000 Exception <a 'java/security/PrivilegedActionException'> (0x00000000eb534478) thrown at [D:\re\workspace\8-2-build-windows-amd64-cygwin\jdk8u25\1677\hotspot\src\share\vm\prims\jvm.cpp, line 1312]
Event: 3.478 Thread 0x00000000029ee000 Exception <a 'java/security/PrivilegedActionException'> (0x00000000eb536b80) thrown at [D:\re\workspace\8-2-build-windows-amd64-cygwin\jdk8u25\1677\hotspot\src\share\vm\prims\jvm.cpp, line 1312]
Event: 3.679 Thread 0x0000000017156000 Exception <a 'java/security/PrivilegedActionException'> (0x00000000eb98f280) thrown at [D:\re\workspace\8-2-build-windows-amd64-cygwin\jdk8u25\1677\hotspot\src\share\vm\prims\jvm.cpp, line 1312]
Event: 3.783 Thread 0x00000000170c2800 Implicit null exception at 0x00000000030259a2 to 0x0000000003025aa5
Event: 3.855 Thread 0x0000000017155000 Exception <a 'java/security/PrivilegedActionException'> (0x00000000eb1e20b8) thrown at [D:\re\workspace\8-2-build-windows-amd64-cygwin\jdk8u25\1677\hotspot\src\share\vm\prims\jvm.cpp, line 1312]
Event: 4.658 Thread 0x0000000017156000 Exception <a 'java/security/PrivilegedActionException'> (0x00000000ec13b2d8) thrown at [D:\re\workspace\8-2-build-windows-amd64-cygwin\jdk8u25\1677\hotspot\src\share\vm\prims\jvm.cpp, line 1312]

Events (10 events):
Event: 5.854 Thread 0x00000000170c2800 Uncommon trap: trap_request=0xffffffc6 fr.pc=0x00000000032c8fe8
Event: 5.854 Thread 0x00000000170c2800 DEOPT PACKING pc=0x00000000032c8fe8 sp=0x0000000017cce8f0
Event: 5.854 Thread 0x00000000170c2800 DEOPT UNPACKING pc=0x0000000002cd556a sp=0x0000000017cce890 mode 2
Event: 5.856 Thread 0x00000000170c2800 Uncommon trap: trap_request=0xffffffc6 fr.pc=0x00000000032c8fe8
Event: 5.856 Thread 0x00000000170c2800 DEOPT PACKING pc=0x00000000032c8fe8 sp=0x0000000017cce740
Event: 5.856 Thread 0x00000000170c2800 DEOPT UNPACKING pc=0x0000000002cd556a sp=0x0000000017cce6e0 mode 2
Event: 6.004 Thread 0x0000000017155000 DEOPT PACKING pc=0x0000000003302297 sp=0x0000000017dcf040
Event: 6.004 Thread 0x0000000017155000 DEOPT UNPACKING pc=0x0000000002cd75bf sp=0x0000000017dcee38 mode 0
Event: 6.058 Executing VM operation: ParallelGCFailedAllocation
Event: 6.766 Executing VM operation: ParallelGCFailedAllocation done


Dynamic libraries:
0x00007ff6345b0000 - 0x00007ff6345e4000 	C:\Program Files\Java\jdk1.8.0_25\bin\java.exe
0x00007ffc8bdb0000 - 0x00007ffc8bf71000 	C:\WINDOWS\SYSTEM32\ntdll.dll
0x00007ffc8b8a0000 - 0x00007ffc8b94d000 	C:\WINDOWS\system32\KERNEL32.DLL
0x00007ffc885d0000 - 0x00007ffc887b8000 	C:\WINDOWS\system32\KERNELBASE.dll
0x00007ffc8baf0000 - 0x00007ffc8bb97000 	C:\WINDOWS\system32\ADVAPI32.dll
0x00007ffc89f90000 - 0x00007ffc8a02d000 	C:\WINDOWS\system32\msvcrt.dll
0x00007ffc8b950000 - 0x00007ffc8b9ab000 	C:\WINDOWS\system32\sechost.dll
0x00007ffc89740000 - 0x00007ffc8985c000 	C:\WINDOWS\system32\RPCRT4.dll
0x00007ffc891b0000 - 0x00007ffc89306000 	C:\WINDOWS\system32\USER32.dll
0x00007ffc89860000 - 0x00007ffc899e6000 	C:\WINDOWS\system32\GDI32.dll
0x00007ffc7cf00000 - 0x00007ffc7d174000 	C:\WINDOWS\WinSxS\amd64_microsoft.windows.common-controls_6595b64144ccf1df_6.0.10586.0_none_8c15ae12515e1c22\COMCTL32.dll
0x00007ffc89cd0000 - 0x00007ffc89f4d000 	C:\WINDOWS\system32\combase.dll
0x00007ffc889e0000 - 0x00007ffc88a4a000 	C:\WINDOWS\system32\bcryptPrimitives.dll
0x00007ffc89f50000 - 0x00007ffc89f8b000 	C:\WINDOWS\system32\IMM32.DLL
0x0000000065ef0000 - 0x0000000065fc2000 	C:\Program Files\Java\jdk1.8.0_25\jre\bin\msvcr100.dll
0x00000000663b0000 - 0x0000000066c0a000 	C:\Program Files\Java\jdk1.8.0_25\jre\bin\server\jvm.dll
0x00007ffc8a2c0000 - 0x00007ffc8a2c8000 	C:\WINDOWS\system32\PSAPI.DLL
0x00007ffc75280000 - 0x00007ffc75289000 	C:\WINDOWS\SYSTEM32\WSOCK32.dll
0x00007ffc89b00000 - 0x00007ffc89b6b000 	C:\WINDOWS\system32\WS2_32.dll
0x00007ffc86a30000 - 0x00007ffc86a53000 	C:\WINDOWS\SYSTEM32\WINMM.dll
0x00007ffc869d0000 - 0x00007ffc869fc000 	C:\WINDOWS\SYSTEM32\WINMMBASE.dll
0x00007ffc88990000 - 0x00007ffc889d3000 	C:\WINDOWS\system32\cfgmgr32.dll
0x00000000663a0000 - 0x00000000663af000 	C:\Program Files\Java\jdk1.8.0_25\jre\bin\verify.dll
0x0000000066370000 - 0x0000000066398000 	C:\Program Files\Java\jdk1.8.0_25\jre\bin\java.dll
0x0000000066350000 - 0x0000000066366000 	C:\Program Files\Java\jdk1.8.0_25\jre\bin\zip.dll
0x00007ffc8a340000 - 0x00007ffc8b89c000 	C:\WINDOWS\system32\SHELL32.dll
0x00007ffc88ab0000 - 0x00007ffc890f4000 	C:\WINDOWS\system32\windows.storage.dll
0x00007ffc8bd50000 - 0x00007ffc8bda2000 	C:\WINDOWS\system32\shlwapi.dll
0x00007ffc883e0000 - 0x00007ffc883ef000 	C:\WINDOWS\system32\kernel.appcore.dll
0x00007ffc88510000 - 0x00007ffc885c5000 	C:\WINDOWS\system32\shcore.dll
0x00007ffc88410000 - 0x00007ffc8845b000 	C:\WINDOWS\system32\powrprof.dll
0x00007ffc883f0000 - 0x00007ffc88404000 	C:\WINDOWS\system32\profapi.dll
0x00007ffc7a280000 - 0x00007ffc7a40c000 	C:\WINDOWS\SYSTEM32\dbghelp.dll

VM Arguments:
jvm_args: -Djava.awt.headless=true -Xmx1024M -Dfile.encoding=windows-1252 -Duser.country=FR -Duser.language=fr -Duser.variant 
java_command: com.android.dx.command.Main --dex --force-jumbo --num-threads=4 --multi-dex --output C:\Users\Famille\AndroidStudioProjects\Niviel\app\build\intermediates\transforms\dex\debug\folders\1000\10\com.android.support-support-v4-24.0.0_56c594c056d7d0e1bbdfe7ac0bccb7015f28172f C:\Users\Famille\AndroidStudioProjects\Niviel\app\build\intermediates\exploded-aar\com.android.support\support-v4\24.0.0\jars\classes.jar
java_class_path (initial): C:\Users\Famille\AppData\Local\Android\sdk\build-tools\23.0.2\lib\dx.jar
Launcher Type: SUN_STANDARD

Environment Variables:
JAVA_HOME=C:\Program Files\Java\jdk1.8.0_25
PATH=C:\Program Files\Broadcom\Broadcom 802.11 Network Adapter;;C:\Program Files\Broadcom\Broadcom 802.11;C:\ProgramData\Oracle\Java\javapath;C:\Program Files (x86)\Intel\iCLS Client\;C:\Program Files\Intel\iCLS Client\;C:\Windows\system32;C:\Windows;C:\Windows\System32\Wbem;C:\Windows\System32\WindowsPowerShell\v1.0\;C:\Program Files\Hewlett-Packard\SimplePass\;C:\wamp\bin\php\php5.5.12;C:\Python27;C:\Users\Famille\AppData\Roaming\npm\;C:\Program Files\nodejs\;C:\Program Files\Git\cmd;C:\Program Files (x86)\Brackets\command;C:\Program Files (x86)\Ant\bin;C:\Program Files (x86)\Maven\bin;C:\Program Files (x86)\Intel\Intel(R) Management Engine Components\DAL;C:\Program Files\Intel\Intel(R) Management Engine Components\DAL;C:\Program Files (x86)\Intel\Intel(R) Management Engine Components\IPT;C:\Program Files\Intel\Intel(R) Management Engine Components\IPT;C:\Users\Famille\AppData\Local\atom\bin;C:\Users\Famille\AppData\Roaming\npm
USERNAME=de Lachaux
OS=Windows_NT
PROCESSOR_IDENTIFIER=Intel64 Family 6 Model 69 Stepping 1, GenuineIntel



---------------  S Y S T E M  ---------------

OS: Windows 8.1 , 64 bit Build 9600 

CPU:total 4 (2 cores per cpu, 2 threads per core) family 6 model 69 stepping 1, cmov, cx8, fxsr, mmx, sse, sse2, sse3, ssse3, sse4.1, sse4.2, popcnt, avx, avx2, aes, clmul, erms, lzcnt, ht, tsc, tscinvbit, bmi1, bmi2

Memory: 4k page, physical 4122776k(259404k free), swap 5555352k(11804k free)

vm_info: Java HotSpot(TM) 64-Bit Server VM (25.25-b02) for windows-amd64 JRE (1.8.0_25-b18), built on Oct  7 2014 14:25:37 by "java_re" with MS VC++ 10.0 (VS2010)

time: Tue Jul 05 12:04:56 2016
elapsed time: 7 seconds (0d 0h 0m 7s)

