#
# There is insufficient memory for the Java Runtime Environment to continue.
# Native memory allocation (malloc) failed to allocate 997536 bytes for Chunk::new
# Possible reasons:
#   The system is out of physical RAM or swap space
#   In 32 bit mode, the process size limit was hit
# Possible solutions:
#   Reduce memory load on the system
#   Increase physical memory or swap space
#   Check if swap backing store is full
#   Use 64 bit Java on a 64 bit OS
#   Decrease Java heap size (-Xmx/-Xms)
#   Decrease number of Java threads
#   Decrease Java thread stack sizes (-Xss)
#   Set larger code cache with -XX:ReservedCodeCacheSize=
# This output file may be truncated or incomplete.
#
#  Out of Memory Error (allocation.cpp:390), pid=19580, tid=24512
#
# JRE version: Java(TM) SE Runtime Environment (8.0_25-b18) (build 1.8.0_25-b18)
# Java VM: Java HotSpot(TM) 64-Bit Server VM (25.25-b02 mixed mode windows-amd64 compressed oops)
# Failed to write core dump. Minidumps are not enabled by default on client versions of Windows
#

---------------  T H R E A D  ---------------

Current thread (0x0000000014c51000):  JavaThread "C2 CompilerThread1" daemon [_thread_in_native, id=24512, stack(0x00000000162c0000,0x00000000163c0000)]

Stack: [0x00000000162c0000,0x00000000163c0000]
Native frames: (J=compiled Java code, j=interpreted, Vv=VM code, C=native code)
V  [jvm.dll+0x31667a]
V  [jvm.dll+0x267073]
V  [jvm.dll+0x267cb3]
V  [jvm.dll+0x25f5b5]
V  [jvm.dll+0xbf165]
V  [jvm.dll+0xbf60c]
V  [jvm.dll+0x45d672]
V  [jvm.dll+0x49e8ef]
V  [jvm.dll+0x4524ef]
V  [jvm.dll+0x453864]
V  [jvm.dll+0x437372]
V  [jvm.dll+0x98a02]
V  [jvm.dll+0x991f3]
V  [jvm.dll+0x22bde4]
V  [jvm.dll+0x2852fa]
C  [msvcr100.dll+0x21d9f]
C  [msvcr100.dll+0x21e3b]
C  [KERNEL32.DLL+0x18102]
C  [ntdll.dll+0x5c5b4]


Current CompileTask:
C2:  29059 2796       4       com.android.dx.dex.code.LocalList::make (102 bytes)


---------------  P R O C E S S  ---------------

Java Threads: ( => current thread )
  0x0000000016961800 JavaThread "pool-1-thread-1" [_thread_in_Java, id=28392, stack(0x00000000216d0000,0x00000000217d0000)]
  0x0000000014ca4800 JavaThread "Service Thread" daemon [_thread_blocked, id=26652, stack(0x00000000164c0000,0x00000000165c0000)]
  0x0000000014ca0000 JavaThread "C1 CompilerThread2" daemon [_thread_blocked, id=20784, stack(0x00000000163c0000,0x00000000164c0000)]
=>0x0000000014c51000 JavaThread "C2 CompilerThread1" daemon [_thread_in_native, id=24512, stack(0x00000000162c0000,0x00000000163c0000)]
  0x0000000014c4c000 JavaThread "C2 CompilerThread0" daemon [_thread_in_native, id=25220, stack(0x00000000161c0000,0x00000000162c0000)]
  0x0000000014c4a800 JavaThread "Attach Listener" daemon [_thread_blocked, id=23968, stack(0x00000000160c0000,0x00000000161c0000)]
  0x0000000014c49800 JavaThread "Signal Dispatcher" daemon [_thread_blocked, id=28296, stack(0x0000000015fc0000,0x00000000160c0000)]
  0x0000000002570800 JavaThread "Finalizer" daemon [_thread_blocked, id=27752, stack(0x0000000015ec0000,0x0000000015fc0000)]
  0x000000000256d000 JavaThread "Reference Handler" daemon [_thread_blocked, id=28028, stack(0x0000000015dc0000,0x0000000015ec0000)]
  0x0000000000a4e000 JavaThread "main" [_thread_blocked, id=20552, stack(0x0000000002370000,0x0000000002470000)]

Other Threads:
  0x0000000014c16800 VMThread [stack: 0x0000000015cc0000,0x0000000015dc0000] [id=23488]
  0x0000000014ca7800 WatcherThread [stack: 0x00000000165c0000,0x00000000166c0000] [id=28624]

VM state:not at safepoint (normal execution)

VM Mutex/Monitor currently owned by a thread: None

Heap:
 PSYoungGen      total 111104K, used 36254K [0x00000000eab00000, 0x00000000f5b80000, 0x0000000100000000)
  eden space 80896K, 7% used [0x00000000eab00000,0x00000000eb0eadc8,0x00000000efa00000)
  from space 30208K, 99% used [0x00000000efa00000,0x00000000f177ccb8,0x00000000f1780000)
  to   space 37888K, 0% used [0x00000000f3680000,0x00000000f3680000,0x00000000f5b80000)
 ParOldGen       total 72704K, used 50998K [0x00000000c0000000, 0x00000000c4700000, 0x00000000eab00000)
  object space 72704K, 70% used [0x00000000c0000000,0x00000000c31cdb90,0x00000000c4700000)
 Metaspace       used 6813K, capacity 7544K, committed 7680K, reserved 1056768K
  class space    used 631K, capacity 688K, committed 768K, reserved 1048576K

Card table byte_map: [0x0000000011940000,0x0000000011b50000] byte_map_base: 0x0000000011340000

Marking Bits: (ParMarkBitMap*) 0x0000000064a5d490
 Begin Bits: [0x00000000120b0000, 0x00000000130b0000)
 End Bits:   [0x00000000130b0000, 0x00000000140b0000)

Polling page: 0x0000000000a00000

CodeCache: size=245760Kb used=11348Kb max_used=11348Kb free=234411Kb
 bounds [0x0000000002580000, 0x00000000030a0000, 0x0000000011580000]
 total_blobs=2838 nmethods=2573 adapters=178
 compilation: enabled

Compilation events (10 events):
Event: 28.887 Thread 0x0000000014ca0000 2809       3       com.android.dx.dex.code.form.Form20t::branchFits (22 bytes)
Event: 28.888 Thread 0x0000000014ca0000 nmethod 2809 0x000000000308d3d0 code [0x000000000308d580, 0x000000000308dc78]
Event: 28.890 Thread 0x0000000014ca0000 2810       3       com.android.dx.dex.code.form.Form22b::isCompatible (103 bytes)
Event: 28.891 Thread 0x0000000014ca0000 nmethod 2810 0x000000000308ba50 code [0x000000000308bc80, 0x000000000308cf78]
Event: 28.893 Thread 0x0000000014ca0000 2811       3       com.android.dx.dex.code.form.Form3rc::isCompatible (113 bytes)
Event: 28.894 Thread 0x0000000014ca0000 nmethod 2811 0x0000000003097490 code [0x0000000003097720, 0x00000000030990b8]
Event: 28.896 Thread 0x0000000014ca0000 2812       3       com.android.dx.ssa.RegisterMapper::map (73 bytes)
Event: 28.897 Thread 0x0000000014ca0000 nmethod 2812 0x0000000003099910 code [0x0000000003099b20, 0x000000000309a6c8]
Event: 28.898 Thread 0x0000000014ca0000 2813       3       com.android.dx.dex.code.DalvInsn::withMapper (13 bytes)
Event: 28.898 Thread 0x0000000014ca0000 nmethod 2813 0x000000000309ac10 code [0x000000000309ad80, 0x000000000309b0f8]

GC Heap History (10 events):
Event: 18.922 GC heap before
{Heap before GC invocations=8 (full 1):
 PSYoungGen      total 53248K, used 50688K [0x00000000eab00000, 0x00000000f4d00000, 0x0000000100000000)
  eden space 50688K, 100% used [0x00000000eab00000,0x00000000edc80000,0x00000000edc80000)
  from space 2560K, 0% used [0x00000000eed80000,0x00000000eed80000,0x00000000ef000000)
  to   space 17408K, 0% used [0x00000000edc80000,0x00000000edc80000,0x00000000eed80000)
 ParOldGen       total 72704K, used 32214K [0x00000000c0000000, 0x00000000c4700000, 0x00000000eab00000)
  object space 72704K, 44% used [0x00000000c0000000,0x00000000c1f75870,0x00000000c4700000)
 Metaspace       used 6445K, capacity 7256K, committed 7424K, reserved 1056768K
  class space    used 612K, capacity 656K, committed 768K, reserved 1048576K
Event: 19.016 GC heap after
Heap after GC invocations=8 (full 1):
 PSYoungGen      total 68096K, used 8141K [0x00000000eab00000, 0x00000000f0f00000, 0x0000000100000000)
  eden space 50688K, 0% used [0x00000000eab00000,0x00000000eab00000,0x00000000edc80000)
  from space 17408K, 46% used [0x00000000edc80000,0x00000000ee473760,0x00000000eed80000)
  to   space 16384K, 0% used [0x00000000eff00000,0x00000000eff00000,0x00000000f0f00000)
 ParOldGen       total 72704K, used 32214K [0x00000000c0000000, 0x00000000c4700000, 0x00000000eab00000)
  object space 72704K, 44% used [0x00000000c0000000,0x00000000c1f75870,0x00000000c4700000)
 Metaspace       used 6445K, capacity 7256K, committed 7424K, reserved 1056768K
  class space    used 612K, capacity 656K, committed 768K, reserved 1048576K
}
Event: 19.813 GC heap before
{Heap before GC invocations=9 (full 1):
 PSYoungGen      total 68096K, used 58829K [0x00000000eab00000, 0x00000000f0f00000, 0x0000000100000000)
  eden space 50688K, 100% used [0x00000000eab00000,0x00000000edc80000,0x00000000edc80000)
  from space 17408K, 46% used [0x00000000edc80000,0x00000000ee473760,0x00000000eed80000)
  to   space 16384K, 0% used [0x00000000eff00000,0x00000000eff00000,0x00000000f0f00000)
 ParOldGen       total 72704K, used 32214K [0x00000000c0000000, 0x00000000c4700000, 0x00000000eab00000)
  object space 72704K, 44% used [0x00000000c0000000,0x00000000c1f75870,0x00000000c4700000)
 Metaspace       used 6462K, capacity 7256K, committed 7424K, reserved 1056768K
  class space    used 612K, capacity 656K, committed 768K, reserved 1048576K
Event: 20.215 GC heap after
Heap after GC invocations=9 (full 1):
 PSYoungGen      total 83456K, used 16022K [0x00000000eab00000, 0x00000000f1a00000, 0x0000000100000000)
  eden space 67072K, 0% used [0x00000000eab00000,0x00000000eab00000,0x00000000eec80000)
  from space 16384K, 97% used [0x00000000eff00000,0x00000000f0ea5bb0,0x00000000f0f00000)
  to   space 18944K, 0% used [0x00000000eec80000,0x00000000eec80000,0x00000000eff00000)
 ParOldGen       total 72704K, used 32214K [0x00000000c0000000, 0x00000000c4700000, 0x00000000eab00000)
  object space 72704K, 44% used [0x00000000c0000000,0x00000000c1f75870,0x00000000c4700000)
 Metaspace       used 6462K, capacity 7256K, committed 7424K, reserved 1056768K
  class space    used 612K, capacity 656K, committed 768K, reserved 1048576K
}
Event: 22.599 GC heap before
{Heap before GC invocations=10 (full 1):
 PSYoungGen      total 83456K, used 83094K [0x00000000eab00000, 0x00000000f1a00000, 0x0000000100000000)
  eden space 67072K, 100% used [0x00000000eab00000,0x00000000eec80000,0x00000000eec80000)
  from space 16384K, 97% used [0x00000000eff00000,0x00000000f0ea5bb0,0x00000000f0f00000)
  to   space 18944K, 0% used [0x00000000eec80000,0x00000000eec80000,0x00000000eff00000)
 ParOldGen       total 72704K, used 32214K [0x00000000c0000000, 0x00000000c4700000, 0x00000000eab00000)
  object space 72704K, 44% used [0x00000000c0000000,0x00000000c1f75870,0x00000000c4700000)
 Metaspace       used 6473K, capacity 7256K, committed 7424K, reserved 1056768K
  class space    used 612K, capacity 656K, committed 768K, reserved 1048576K
Event: 22.949 GC heap after
Heap after GC invocations=10 (full 1):
 PSYoungGen      total 86016K, used 18921K [0x00000000eab00000, 0x00000000f2f80000, 0x0000000100000000)
  eden space 67072K, 0% used [0x00000000eab00000,0x00000000eab00000,0x00000000eec80000)
  from space 18944K, 99% used [0x00000000eec80000,0x00000000efefa438,0x00000000eff00000)
  to   space 24576K, 0% used [0x00000000f1780000,0x00000000f1780000,0x00000000f2f80000)
 ParOldGen       total 72704K, used 39194K [0x00000000c0000000, 0x00000000c4700000, 0x00000000eab00000)
  object space 72704K, 53% used [0x00000000c0000000,0x00000000c2646958,0x00000000c4700000)
 Metaspace       used 6473K, capacity 7256K, committed 7424K, reserved 1056768K
  class space    used 612K, capacity 656K, committed 768K, reserved 1048576K
}
Event: 23.987 GC heap before
{Heap before GC invocations=11 (full 1):
 PSYoungGen      total 86016K, used 85993K [0x00000000eab00000, 0x00000000f2f80000, 0x0000000100000000)
  eden space 67072K, 100% used [0x00000000eab00000,0x00000000eec80000,0x00000000eec80000)
  from space 18944K, 99% used [0x00000000eec80000,0x00000000efefa438,0x00000000eff00000)
  to   space 24576K, 0% used [0x00000000f1780000,0x00000000f1780000,0x00000000f2f80000)
 ParOldGen       total 72704K, used 39194K [0x00000000c0000000, 0x00000000c4700000, 0x00000000eab00000)
  object space 72704K, 53% used [0x00000000c0000000,0x00000000c2646958,0x00000000c4700000)
 Metaspace       used 6477K, capacity 7256K, committed 7424K, reserved 1056768K
  class space    used 613K, capacity 656K, committed 768K, reserved 1048576K
Event: 24.257 GC heap after
Heap after GC invocations=11 (full 1):
 PSYoungGen      total 105472K, used 24564K [0x00000000eab00000, 0x00000000f3b80000, 0x0000000100000000)
  eden space 80896K, 0% used [0x00000000eab00000,0x00000000eab00000,0x00000000efa00000)
  from space 24576K, 99% used [0x00000000f1780000,0x00000000f2f7d190,0x00000000f2f80000)
  to   space 30208K, 0% used [0x00000000efa00000,0x00000000efa00000,0x00000000f1780000)
 ParOldGen       total 72704K, used 43190K [0x00000000c0000000, 0x00000000c4700000, 0x00000000eab00000)
  object space 72704K, 59% used [0x00000000c0000000,0x00000000c2a2db78,0x00000000c4700000)
 Metaspace       used 6477K, capacity 7256K, committed 7424K, reserved 1056768K
  class space    used 613K, capacity 656K, committed 768K, reserved 1048576K
}
Event: 27.456 GC heap before
{Heap before GC invocations=12 (full 1):
 PSYoungGen      total 105472K, used 105460K [0x00000000eab00000, 0x00000000f3b80000, 0x0000000100000000)
  eden space 80896K, 100% used [0x00000000eab00000,0x00000000efa00000,0x00000000efa00000)
  from space 24576K, 99% used [0x00000000f1780000,0x00000000f2f7d190,0x00000000f2f80000)
  to   space 30208K, 0% used [0x00000000efa00000,0x00000000efa00000,0x00000000f1780000)
 ParOldGen       total 72704K, used 43190K [0x00000000c0000000, 0x00000000c4700000, 0x00000000eab00000)
  object space 72704K, 59% used [0x00000000c0000000,0x00000000c2a2db78,0x00000000c4700000)
 Metaspace       used 6787K, capacity 7544K, committed 7680K, reserved 1056768K
  class space    used 631K, capacity 688K, committed 768K, reserved 1048576K
Event: 27.901 GC heap after
Heap after GC invocations=12 (full 1):
 PSYoungGen      total 111104K, used 30195K [0x00000000eab00000, 0x00000000f5b80000, 0x0000000100000000)
  eden space 80896K, 0% used [0x00000000eab00000,0x00000000eab00000,0x00000000efa00000)
  from space 30208K, 99% used [0x00000000efa00000,0x00000000f177ccb8,0x00000000f1780000)
  to   space 37888K, 0% used [0x00000000f3680000,0x00000000f3680000,0x00000000f5b80000)
 ParOldGen       total 72704K, used 50998K [0x00000000c0000000, 0x00000000c4700000, 0x00000000eab00000)
  object space 72704K, 70% used [0x00000000c0000000,0x00000000c31cdb90,0x00000000c4700000)
 Metaspace       used 6787K, capacity 7544K, committed 7680K, reserved 1056768K
  class space    used 631K, capacity 688K, committed 768K, reserved 1048576K
}

Deoptimization events (10 events):
Event: 25.586 Thread 0x0000000016961800 Uncommon trap: reason=class_check action=maybe_recompile pc=0x0000000002a06080 method=java.util.Arrays.hashCode([Ljava/lang/Object;)I @ 43
Event: 27.032 Thread 0x0000000016961800 Uncommon trap: reason=speculate_class_check action=maybe_recompile pc=0x000000000295aea0 method=com.android.dx.util.FixedSizeList.equals(Ljava/lang/Object;)Z @ 25
Event: 27.032 Thread 0x0000000016961800 Uncommon trap: reason=class_check action=maybe_recompile pc=0x0000000002946eec method=java.util.Arrays.equals([Ljava/lang/Object;[Ljava/lang/Object;)Z @ 62
Event: 27.033 Thread 0x0000000016961800 Uncommon trap: reason=speculate_class_check action=maybe_recompile pc=0x000000000295aea0 method=com.android.dx.util.FixedSizeList.equals(Ljava/lang/Object;)Z @ 25
Event: 27.033 Thread 0x0000000016961800 Uncommon trap: reason=class_check action=maybe_recompile pc=0x0000000002946eec method=java.util.Arrays.equals([Ljava/lang/Object;[Ljava/lang/Object;)Z @ 62
Event: 27.033 Thread 0x0000000016961800 Uncommon trap: reason=speculate_class_check action=maybe_recompile pc=0x000000000295aea0 method=com.android.dx.util.FixedSizeList.equals(Ljava/lang/Object;)Z @ 25
Event: 27.034 Thread 0x0000000016961800 Uncommon trap: reason=speculate_class_check action=maybe_recompile pc=0x000000000295aea0 method=com.android.dx.util.FixedSizeList.equals(Ljava/lang/Object;)Z @ 25
Event: 27.034 Thread 0x0000000016961800 Uncommon trap: reason=class_check action=maybe_recompile pc=0x0000000002946eec method=java.util.Arrays.equals([Ljava/lang/Object;[Ljava/lang/Object;)Z @ 62
Event: 27.034 Thread 0x0000000016961800 Uncommon trap: reason=class_check action=maybe_recompile pc=0x0000000002946eec method=java.util.Arrays.equals([Ljava/lang/Object;[Ljava/lang/Object;)Z @ 62
Event: 27.070 Thread 0x0000000016961800 Uncommon trap: reason=unreached action=reinterpret pc=0x0000000002ffecf8 method=com.android.dx.dex.code.OutputFinisher.findOpcodeForInsn(Lcom/android/dx/dex/code/DalvInsn;Lcom/android/dx/dex/code/Dop;)Lcom/android/dx/dex/code/Dop; @ 1

Internal exceptions (10 events):
Event: 26.951 Thread 0x0000000016961800 Exception <a 'java/security/PrivilegedActionException'> (0x00000000ef7e0e50) thrown at [D:\re\workspace\8-2-build-windows-amd64-cygwin\jdk8u25\1677\hotspot\src\share\vm\prims\jvm.cpp, line 1312]
Event: 26.951 Thread 0x0000000016961800 Exception <a 'java/security/PrivilegedActionException'> (0x00000000ef7e6110) thrown at [D:\re\workspace\8-2-build-windows-amd64-cygwin\jdk8u25\1677\hotspot\src\share\vm\prims\jvm.cpp, line 1312]
Event: 26.956 Thread 0x0000000016961800 Exception <a 'java/security/PrivilegedActionException'> (0x00000000ef7ec778) thrown at [D:\re\workspace\8-2-build-windows-amd64-cygwin\jdk8u25\1677\hotspot\src\share\vm\prims\jvm.cpp, line 1312]
Event: 26.957 Thread 0x0000000016961800 Exception <a 'java/security/PrivilegedActionException'> (0x00000000ef7ef780) thrown at [D:\re\workspace\8-2-build-windows-amd64-cygwin\jdk8u25\1677\hotspot\src\share\vm\prims\jvm.cpp, line 1312]
Event: 26.958 Thread 0x0000000016961800 Exception <a 'java/security/PrivilegedActionException'> (0x00000000ef7f46b0) thrown at [D:\re\workspace\8-2-build-windows-amd64-cygwin\jdk8u25\1677\hotspot\src\share\vm\prims\jvm.cpp, line 1312]
Event: 26.958 Thread 0x0000000016961800 Exception <a 'java/security/PrivilegedActionException'> (0x00000000ef7f8e88) thrown at [D:\re\workspace\8-2-build-windows-amd64-cygwin\jdk8u25\1677\hotspot\src\share\vm\prims\jvm.cpp, line 1312]
Event: 27.031 Thread 0x0000000016961800 Exception <a 'java/security/PrivilegedActionException'> (0x00000000ef819d10) thrown at [D:\re\workspace\8-2-build-windows-amd64-cygwin\jdk8u25\1677\hotspot\src\share\vm\prims\jvm.cpp, line 1312]
Event: 27.033 Thread 0x0000000016961800 Exception <a 'java/security/PrivilegedActionException'> (0x00000000ef81ce78) thrown at [D:\re\workspace\8-2-build-windows-amd64-cygwin\jdk8u25\1677\hotspot\src\share\vm\prims\jvm.cpp, line 1312]
Event: 27.035 Thread 0x0000000016961800 Exception <a 'java/security/PrivilegedActionException'> (0x00000000ef820478) thrown at [D:\re\workspace\8-2-build-windows-amd64-cygwin\jdk8u25\1677\hotspot\src\share\vm\prims\jvm.cpp, line 1312]
Event: 27.070 Thread 0x0000000016961800 Exception <a 'java/security/PrivilegedActionException'> (0x00000000ef84c2f0) thrown at [D:\re\workspace\8-2-build-windows-amd64-cygwin\jdk8u25\1677\hotspot\src\share\vm\prims\jvm.cpp, line 1312]

Events (10 events):
Event: 28.884 Thread 0x0000000016961800 DEOPT PACKING pc=0x0000000003005a16 sp=0x00000000217ce930
Event: 28.884 Thread 0x0000000016961800 DEOPT UNPACKING pc=0x00000000025c75bf sp=0x00000000217ce688 mode 0
Event: 28.884 Thread 0x0000000016961800 DEOPT PACKING pc=0x0000000003018b41 sp=0x00000000217cea90
Event: 28.884 Thread 0x0000000016961800 DEOPT UNPACKING pc=0x00000000025c75bf sp=0x00000000217ce7e0 mode 0
Event: 28.890 Thread 0x0000000016961800 DEOPT PACKING pc=0x0000000003001315 sp=0x00000000217ceaf0
Event: 28.890 Thread 0x0000000016961800 DEOPT UNPACKING pc=0x00000000025c75bf sp=0x00000000217ce860 mode 0
Event: 28.893 Thread 0x0000000016961800 DEOPT PACKING pc=0x0000000003005a16 sp=0x00000000217ce930
Event: 28.893 Thread 0x0000000016961800 DEOPT UNPACKING pc=0x00000000025c75bf sp=0x00000000217ce688 mode 0
Event: 28.898 Thread 0x0000000016961800 DEOPT PACKING pc=0x0000000003018b41 sp=0x00000000217cea90
Event: 28.898 Thread 0x0000000016961800 DEOPT UNPACKING pc=0x00000000025c75bf sp=0x00000000217ce7e0 mode 0


Dynamic libraries:
0x00007ff6ad6d0000 - 0x00007ff6ad704000 	C:\Program Files\Java\jdk1.8.0_25\bin\java.exe
0x00007ff967100000 - 0x00007ff9672c1000 	C:\WINDOWS\SYSTEM32\ntdll.dll
0x00007ff967050000 - 0x00007ff9670fd000 	C:\WINDOWS\system32\KERNEL32.DLL
0x00007ff963c30000 - 0x00007ff963e18000 	C:\WINDOWS\system32\KERNELBASE.dll
0x00007ff9648e0000 - 0x00007ff964987000 	C:\WINDOWS\system32\ADVAPI32.dll
0x00007ff964780000 - 0x00007ff96481d000 	C:\WINDOWS\system32\msvcrt.dll
0x00007ff964820000 - 0x00007ff96487b000 	C:\WINDOWS\system32\sechost.dll
0x00007ff965500000 - 0x00007ff96561c000 	C:\WINDOWS\system32\RPCRT4.dll
0x00007ff964ac0000 - 0x00007ff964c16000 	C:\WINDOWS\system32\USER32.dll
0x00007ff965370000 - 0x00007ff9654f6000 	C:\WINDOWS\system32\GDI32.dll
0x00007ff95eba0000 - 0x00007ff95ee14000 	C:\WINDOWS\WinSxS\amd64_microsoft.windows.common-controls_6595b64144ccf1df_6.0.10586.0_none_8c15ae12515e1c22\COMCTL32.dll
0x00007ff965620000 - 0x00007ff96589d000 	C:\WINDOWS\system32\combase.dll
0x00007ff963b60000 - 0x00007ff963bca000 	C:\WINDOWS\system32\bcryptPrimitives.dll
0x00007ff964c90000 - 0x00007ff964ccb000 	C:\WINDOWS\system32\IMM32.DLL
0x0000000063e30000 - 0x0000000063f02000 	C:\Program Files\Java\jdk1.8.0_25\jre\bin\msvcr100.dll
0x0000000064280000 - 0x0000000064ada000 	C:\Program Files\Java\jdk1.8.0_25\jre\bin\server\jvm.dll
0x00007ff964c80000 - 0x00007ff964c88000 	C:\WINDOWS\system32\PSAPI.DLL
0x00007ff954370000 - 0x00007ff954379000 	C:\WINDOWS\SYSTEM32\WSOCK32.dll
0x00007ff9658d0000 - 0x00007ff96593b000 	C:\WINDOWS\system32\WS2_32.dll
0x00007ff9613d0000 - 0x00007ff9613f3000 	C:\WINDOWS\SYSTEM32\WINMM.dll
0x00007ff961270000 - 0x00007ff96129c000 	C:\WINDOWS\SYSTEM32\WINMMBASE.dll
0x00007ff963a40000 - 0x00007ff963a83000 	C:\WINDOWS\system32\cfgmgr32.dll
0x0000000064bf0000 - 0x0000000064bff000 	C:\Program Files\Java\jdk1.8.0_25\jre\bin\verify.dll
0x0000000064250000 - 0x0000000064278000 	C:\Program Files\Java\jdk1.8.0_25\jre\bin\java.dll
0x0000000064bd0000 - 0x0000000064be6000 	C:\Program Files\Java\jdk1.8.0_25\jre\bin\zip.dll
0x00007ff965af0000 - 0x00007ff96704c000 	C:\WINDOWS\system32\SHELL32.dll
0x00007ff963eb0000 - 0x00007ff9644f4000 	C:\WINDOWS\system32\windows.storage.dll
0x00007ff964a60000 - 0x00007ff964ab2000 	C:\WINDOWS\system32\shlwapi.dll
0x00007ff963730000 - 0x00007ff96373f000 	C:\WINDOWS\system32\kernel.appcore.dll
0x00007ff9637b0000 - 0x00007ff963865000 	C:\WINDOWS\system32\shcore.dll
0x00007ff963760000 - 0x00007ff9637ab000 	C:\WINDOWS\system32\powrprof.dll
0x00007ff963740000 - 0x00007ff963754000 	C:\WINDOWS\system32\profapi.dll
0x00007ff952310000 - 0x00007ff95249c000 	C:\WINDOWS\SYSTEM32\dbghelp.dll

VM Arguments:
jvm_args: -Djava.awt.headless=true -Xmx1024M -Dfile.encoding=windows-1252 -Duser.country=FR -Duser.language=fr -Duser.variant 
java_command: com.android.dx.command.Main --dex --force-jumbo --num-threads=4 --multi-dex --output C:\Users\Famille\AndroidStudioProjects\Niviel\app\build\intermediates\transforms\dex\debug\folders\1000\10\com.android.support-support-v4-24.0.0_56c594c056d7d0e1bbdfe7ac0bccb7015f28172f C:\Users\Famille\AndroidStudioProjects\Niviel\app\build\intermediates\exploded-aar\com.android.support\support-v4\24.0.0\jars\classes.jar
java_class_path (initial): C:\Users\Famille\AppData\Local\Android\sdk\build-tools\23.0.2\lib\dx.jar
Launcher Type: SUN_STANDARD

Environment Variables:
JAVA_HOME=C:\Program Files\Java\jdk1.8.0_25
PATH=C:\Program Files\Broadcom\Broadcom 802.11 Network Adapter;;C:\Program Files\Broadcom\Broadcom 802.11;C:\ProgramData\Oracle\Java\javapath;C:\Program Files (x86)\Intel\iCLS Client\;C:\Program Files\Intel\iCLS Client\;C:\Windows\system32;C:\Windows;C:\Windows\System32\Wbem;C:\Windows\System32\WindowsPowerShell\v1.0\;C:\Program Files\Hewlett-Packard\SimplePass\;C:\wamp\bin\php\php5.5.12;C:\Python27;C:\Users\Famille\AppData\Roaming\npm\;C:\Program Files\nodejs\;C:\Program Files\Git\cmd;C:\Program Files (x86)\Brackets\command;C:\Program Files (x86)\Ant\bin;C:\Program Files (x86)\Maven\bin;C:\Program Files (x86)\Intel\Intel(R) Management Engine Components\DAL;C:\Program Files\Intel\Intel(R) Management Engine Components\DAL;C:\Program Files (x86)\Intel\Intel(R) Management Engine Components\IPT;C:\Program Files\Intel\Intel(R) Management Engine Components\IPT;C:\Users\Famille\AppData\Local\atom\bin;C:\Users\Famille\AppData\Roaming\npm
USERNAME=de Lachaux
OS=Windows_NT
PROCESSOR_IDENTIFIER=Intel64 Family 6 Model 69 Stepping 1, GenuineIntel



---------------  S Y S T E M  ---------------

OS: Windows 8.1 , 64 bit Build 9600 

CPU:total 4 (2 cores per cpu, 2 threads per core) family 6 model 69 stepping 1, cmov, cx8, fxsr, mmx, sse, sse2, sse3, ssse3, sse4.1, sse4.2, popcnt, avx, avx2, aes, clmul, erms, lzcnt, ht, tsc, tscinvbit, bmi1, bmi2

Memory: 4k page, physical 4122776k(155312k free), swap 5555352k(4716k free)

vm_info: Java HotSpot(TM) 64-Bit Server VM (25.25-b02) for windows-amd64 JRE (1.8.0_25-b18), built on Oct  7 2014 14:25:37 by "java_re" with MS VC++ 10.0 (VS2010)

time: Mon Jun 20 18:57:58 2016
elapsed time: 29 seconds (0d 0h 0m 29s)

