#
# There is insufficient memory for the Java Runtime Environment to continue.
# Native memory allocation (malloc) failed to allocate 197248 bytes for Chunk::new
# Possible reasons:
#   The system is out of physical RAM or swap space
#   In 32 bit mode, the process size limit was hit
# Possible solutions:
#   Reduce memory load on the system
#   Increase physical memory or swap space
#   Check if swap backing store is full
#   Use 64 bit Java on a 64 bit OS
#   Decrease Java heap size (-Xmx/-Xms)
#   Decrease number of Java threads
#   Decrease Java thread stack sizes (-Xss)
#   Set larger code cache with -XX:ReservedCodeCacheSize=
# This output file may be truncated or incomplete.
#
#  Out of Memory Error (allocation.cpp:390), pid=54084, tid=51784
#
# JRE version: Java(TM) SE Runtime Environment (8.0_25-b18) (build 1.8.0_25-b18)
# Java VM: Java HotSpot(TM) 64-Bit Server VM (25.25-b02 mixed mode windows-amd64 compressed oops)
# Failed to write core dump. Minidumps are not enabled by default on client versions of Windows
#

---------------  T H R E A D  ---------------

Current thread (0x00000000147dc000):  JavaThread "C2 CompilerThread0" daemon [_thread_in_native, id=51784, stack(0x0000000015d60000,0x0000000015e60000)]

Stack: [0x0000000015d60000,0x0000000015e60000]
Native frames: (J=compiled Java code, j=interpreted, Vv=VM code, C=native code)
V  [jvm.dll+0x31667a]
V  [jvm.dll+0x267073]
V  [jvm.dll+0x267cb3]
V  [jvm.dll+0x25f5b5]
V  [jvm.dll+0xbf165]
V  [jvm.dll+0xbf60c]
V  [jvm.dll+0x479017]
V  [jvm.dll+0x4465b0]
V  [jvm.dll+0x45130e]
V  [jvm.dll+0x4538f8]
V  [jvm.dll+0x437372]
V  [jvm.dll+0x98a02]
V  [jvm.dll+0x991f3]
V  [jvm.dll+0x22bde4]
V  [jvm.dll+0x2852fa]
C  [msvcr100.dll+0x21d9f]
C  [msvcr100.dll+0x21e3b]
C  [KERNEL32.DLL+0x18102]
C  [ntdll.dll+0x5c5b4]


Current CompileTask:
C2:   7397 1390       4       com.android.dx.ssa.back.FirstFitLocalCombiningAllocator$1::processInsn (169 bytes)


---------------  P R O C E S S  ---------------

Java Threads: ( => current thread )
  0x00000000163e3800 JavaThread "pool-1-thread-1" [_thread_in_Java, id=61604, stack(0x00000000184d0000,0x00000000185d0000)]
  0x000000001483b000 JavaThread "Service Thread" daemon [_thread_blocked, id=43904, stack(0x0000000016060000,0x0000000016160000)]
  0x0000000014833800 JavaThread "C1 CompilerThread2" daemon [_thread_in_native, id=61824, stack(0x0000000015f60000,0x0000000016060000)]
  0x0000000014832800 JavaThread "C2 CompilerThread1" daemon [_thread_in_native, id=54220, stack(0x0000000015e60000,0x0000000015f60000)]
=>0x00000000147dc000 JavaThread "C2 CompilerThread0" daemon [_thread_in_native, id=51784, stack(0x0000000015d60000,0x0000000015e60000)]
  0x00000000147da800 JavaThread "Attach Listener" daemon [_thread_blocked, id=56468, stack(0x0000000015c60000,0x0000000015d60000)]
  0x00000000147d9800 JavaThread "Signal Dispatcher" daemon [_thread_blocked, id=43684, stack(0x0000000015b60000,0x0000000015c60000)]
  0x0000000002100800 JavaThread "Finalizer" daemon [_thread_blocked, id=43652, stack(0x0000000015a60000,0x0000000015b60000)]
  0x00000000020fd000 JavaThread "Reference Handler" daemon [_thread_blocked, id=62344, stack(0x0000000015960000,0x0000000015a60000)]
  0x00000000001de000 JavaThread "main" [_thread_blocked, id=55308, stack(0x0000000001f10000,0x0000000002010000)]

Other Threads:
  0x00000000147a6800 VMThread [stack: 0x0000000015860000,0x0000000015960000] [id=61256]
  0x000000001483d000 WatcherThread [stack: 0x0000000016160000,0x0000000016260000] [id=44024]

VM state:not at safepoint (normal execution)

VM Mutex/Monitor currently owned by a thread:  ([mutex/lock_event])
[0x0000000002011e50] Compile_lock - owner thread: 0x0000000014833800
[0x0000000002011fd0] MethodCompileQueue_lock - owner thread: 0x0000000014833800

Heap:
 PSYoungGen      total 18944K, used 12643K [0x00000000eab00000, 0x00000000ed000000, 0x0000000100000000)
  eden space 16384K, 61% used [0x00000000eab00000,0x00000000eb4dc470,0x00000000ebb00000)
  from space 2560K, 99% used [0x00000000ebb00000,0x00000000ebd7c9d8,0x00000000ebd80000)
  to   space 2560K, 0% used [0x00000000ecd80000,0x00000000ecd80000,0x00000000ed000000)
 ParOldGen       total 44032K, used 5539K [0x00000000c0000000, 0x00000000c2b00000, 0x00000000eab00000)
  object space 44032K, 12% used [0x00000000c0000000,0x00000000c0568fa8,0x00000000c2b00000)
 Metaspace       used 6060K, capacity 6960K, committed 7040K, reserved 1056768K
  class space    used 594K, capacity 616K, committed 640K, reserved 1048576K

Card table byte_map: [0x00000000114d0000,0x00000000116e0000] byte_map_base: 0x0000000010ed0000

Marking Bits: (ParMarkBitMap*) 0x0000000069efd490
 Begin Bits: [0x0000000011c40000, 0x0000000012c40000)
 End Bits:   [0x0000000012c40000, 0x0000000013c40000)

Polling page: 0x0000000000640000

CodeCache: size=245760Kb used=5610Kb max_used=5610Kb free=240149Kb
 bounds [0x0000000002110000, 0x0000000002690000, 0x0000000011110000]
 total_blobs=1679 nmethods=1415 adapters=178
 compilation: enabled

Compilation events (10 events):
Event: 7.276 Thread 0x0000000014833800 1415       3       java.util.zip.ZipFile$ZipFileInputStream::<init> (41 bytes)
Event: 7.277 Thread 0x0000000014833800 nmethod 1415 0x000000000267f550 code [0x000000000267f6e0, 0x000000000267fa78]
Event: 7.277 Thread 0x0000000014833800 1416   !   3       java.util.zip.ZipFile::getInflater (56 bytes)
Event: 7.278 Thread 0x0000000014833800 nmethod 1416 0x0000000002676ad0 code [0x0000000002676cc0, 0x0000000002677878]
Event: 7.278 Thread 0x0000000014833800 1417       3       java.util.zip.InflaterInputStream::<init> (79 bytes)
Event: 7.278 Thread 0x0000000014833800 nmethod 1417 0x000000000267ea90 code [0x000000000267ec40, 0x000000000267f2d8]
Event: 7.279 Thread 0x0000000014833800 1418   !   3       java.util.zip.ZipFile::releaseInflater (41 bytes)
Event: 7.279 Thread 0x0000000014833800 nmethod 1418 0x0000000002681c10 code [0x0000000002681dc0, 0x00000000026824d8]
Event: 7.280 Thread 0x00000000147dc000 nmethod 1403 0x0000000002685650 code [0x00000000026857a0, 0x0000000002685a18]
Event: 7.281 Thread 0x00000000147dc000 1390       4       com.android.dx.ssa.back.FirstFitLocalCombiningAllocator$1::processInsn (169 bytes)

GC Heap History (6 events):
Event: 5.539 GC heap before
{Heap before GC invocations=1 (full 0):
 PSYoungGen      total 18944K, used 16384K [0x00000000eab00000, 0x00000000ec000000, 0x0000000100000000)
  eden space 16384K, 100% used [0x00000000eab00000,0x00000000ebb00000,0x00000000ebb00000)
  from space 2560K, 0% used [0x00000000ebd80000,0x00000000ebd80000,0x00000000ec000000)
  to   space 2560K, 0% used [0x00000000ebb00000,0x00000000ebb00000,0x00000000ebd80000)
 ParOldGen       total 44032K, used 0K [0x00000000c0000000, 0x00000000c2b00000, 0x00000000eab00000)
  object space 44032K, 0% used [0x00000000c0000000,0x00000000c0000000,0x00000000c2b00000)
 Metaspace       used 5757K, capacity 6768K, committed 7040K, reserved 1056768K
  class space    used 586K, capacity 616K, committed 640K, reserved 1048576K
Event: 5.583 GC heap after
Heap after GC invocations=1 (full 0):
 PSYoungGen      total 18944K, used 2538K [0x00000000eab00000, 0x00000000ec000000, 0x0000000100000000)
  eden space 16384K, 0% used [0x00000000eab00000,0x00000000eab00000,0x00000000ebb00000)
  from space 2560K, 99% used [0x00000000ebb00000,0x00000000ebd7aac8,0x00000000ebd80000)
  to   space 2560K, 0% used [0x00000000ebd80000,0x00000000ebd80000,0x00000000ec000000)
 ParOldGen       total 44032K, used 1750K [0x00000000c0000000, 0x00000000c2b00000, 0x00000000eab00000)
  object space 44032K, 3% used [0x00000000c0000000,0x00000000c01b5bf0,0x00000000c2b00000)
 Metaspace       used 5757K, capacity 6768K, committed 7040K, reserved 1056768K
  class space    used 586K, capacity 616K, committed 640K, reserved 1048576K
}
Event: 6.206 GC heap before
{Heap before GC invocations=2 (full 0):
 PSYoungGen      total 18944K, used 18922K [0x00000000eab00000, 0x00000000ec000000, 0x0000000100000000)
  eden space 16384K, 100% used [0x00000000eab00000,0x00000000ebb00000,0x00000000ebb00000)
  from space 2560K, 99% used [0x00000000ebb00000,0x00000000ebd7aac8,0x00000000ebd80000)
  to   space 2560K, 0% used [0x00000000ebd80000,0x00000000ebd80000,0x00000000ec000000)
 ParOldGen       total 44032K, used 1750K [0x00000000c0000000, 0x00000000c2b00000, 0x00000000eab00000)
  object space 44032K, 3% used [0x00000000c0000000,0x00000000c01b5bf0,0x00000000c2b00000)
 Metaspace       used 5947K, capacity 6896K, committed 7040K, reserved 1056768K
  class space    used 590K, capacity 616K, committed 640K, reserved 1048576K
Event: 6.262 GC heap after
Heap after GC invocations=2 (full 0):
 PSYoungGen      total 18944K, used 2530K [0x00000000eab00000, 0x00000000ed000000, 0x0000000100000000)
  eden space 16384K, 0% used [0x00000000eab00000,0x00000000eab00000,0x00000000ebb00000)
  from space 2560K, 98% used [0x00000000ebd80000,0x00000000ebff89c8,0x00000000ec000000)
  to   space 2560K, 0% used [0x00000000ebb00000,0x00000000ebb00000,0x00000000ebd80000)
 ParOldGen       total 44032K, used 3337K [0x00000000c0000000, 0x00000000c2b00000, 0x00000000eab00000)
  object space 44032K, 7% used [0x00000000c0000000,0x00000000c03427a0,0x00000000c2b00000)
 Metaspace       used 5947K, capacity 6896K, committed 7040K, reserved 1056768K
  class space    used 590K, capacity 616K, committed 640K, reserved 1048576K
}
Event: 6.601 GC heap before
{Heap before GC invocations=3 (full 0):
 PSYoungGen      total 18944K, used 18914K [0x00000000eab00000, 0x00000000ed000000, 0x0000000100000000)
  eden space 16384K, 100% used [0x00000000eab00000,0x00000000ebb00000,0x00000000ebb00000)
  from space 2560K, 98% used [0x00000000ebd80000,0x00000000ebff89c8,0x00000000ec000000)
  to   space 2560K, 0% used [0x00000000ebb00000,0x00000000ebb00000,0x00000000ebd80000)
 ParOldGen       total 44032K, used 3337K [0x00000000c0000000, 0x00000000c2b00000, 0x00000000eab00000)
  object space 44032K, 7% used [0x00000000c0000000,0x00000000c03427a0,0x00000000c2b00000)
 Metaspace       used 5973K, capacity 6960K, committed 7040K, reserved 1056768K
  class space    used 590K, capacity 616K, committed 640K, reserved 1048576K
Event: 6.698 GC heap after
Heap after GC invocations=3 (full 0):
 PSYoungGen      total 18944K, used 2546K [0x00000000eab00000, 0x00000000ed000000, 0x0000000100000000)
  eden space 16384K, 0% used [0x00000000eab00000,0x00000000eab00000,0x00000000ebb00000)
  from space 2560K, 99% used [0x00000000ebb00000,0x00000000ebd7c9d8,0x00000000ebd80000)
  to   space 2560K, 0% used [0x00000000ecd80000,0x00000000ecd80000,0x00000000ed000000)
 ParOldGen       total 44032K, used 5539K [0x00000000c0000000, 0x00000000c2b00000, 0x00000000eab00000)
  object space 44032K, 12% used [0x00000000c0000000,0x00000000c0568fa8,0x00000000c2b00000)
 Metaspace       used 5973K, capacity 6960K, committed 7040K, reserved 1056768K
  class space    used 590K, capacity 616K, committed 640K, reserved 1048576K
}

Deoptimization events (8 events):
Event: 5.651 Thread 0x00000000001de000 Uncommon trap: reason=null_check action=make_not_entrant pc=0x000000000248a244 method=com.android.dx.ssa.SsaRenamer.getLocalForNewReg(I)Lcom/android/dx/rop/code/LocalItem; @ 19
Event: 5.677 Thread 0x00000000163f2800 Uncommon trap: reason=unreached action=reinterpret pc=0x0000000002483f9c method=com.android.dx.rop.cst.Constant.compareTo(Lcom/android/dx/rop/cst/Constant;)I @ 12
Event: 5.838 Thread 0x00000000163e9000 Uncommon trap: reason=bimorphic action=maybe_recompile pc=0x00000000024565f4 method=java.util.HashMap.getNode(ILjava/lang/Object;)Ljava/util/HashMap$Node; @ 126
Event: 5.838 Thread 0x00000000163e9000 Uncommon trap: reason=class_check action=maybe_recompile pc=0x00000000024db4bc method=java.util.HashMap.putVal(ILjava/lang/Object;Ljava/lang/Object;ZZ)Ljava/lang/Object; @ 203
Event: 6.382 Thread 0x00000000163f2800 Uncommon trap: reason=class_check action=maybe_recompile pc=0x0000000002579884 method=com.android.dx.ssa.SCCP.setLatticeValueTo(IILcom/android/dx/rop/cst/Constant;)Z @ 43
Event: 6.383 Thread 0x00000000163f2800 Uncommon trap: reason=class_check action=maybe_recompile pc=0x0000000002579884 method=com.android.dx.ssa.SCCP.setLatticeValueTo(IILcom/android/dx/rop/cst/Constant;)Z @ 43
Event: 6.383 Thread 0x00000000163f2800 Uncommon trap: reason=class_check action=maybe_recompile pc=0x0000000002579884 method=com.android.dx.ssa.SCCP.setLatticeValueTo(IILcom/android/dx/rop/cst/Constant;)Z @ 43
Event: 6.383 Thread 0x00000000163f2800 Uncommon trap: reason=class_check action=maybe_recompile pc=0x0000000002579884 method=com.android.dx.ssa.SCCP.setLatticeValueTo(IILcom/android/dx/rop/cst/Constant;)Z @ 43

Internal exceptions (10 events):
Event: 5.166 Thread 0x00000000001de000 Exception <a 'java/security/PrivilegedActionException'> (0x00000000eb41d898) thrown at [D:\re\workspace\8-2-build-windows-amd64-cygwin\jdk8u25\1677\hotspot\src\share\vm\prims\jvm.cpp, line 1312]
Event: 5.168 Thread 0x00000000001de000 Exception <a 'java/security/PrivilegedActionException'> (0x00000000eb424368) thrown at [D:\re\workspace\8-2-build-windows-amd64-cygwin\jdk8u25\1677\hotspot\src\share\vm\prims\jvm.cpp, line 1312]
Event: 5.215 Thread 0x00000000163e9000 Exception <a 'java/security/PrivilegedActionException'> (0x00000000eb543530) thrown at [D:\re\workspace\8-2-build-windows-amd64-cygwin\jdk8u25\1677\hotspot\src\share\vm\prims\jvm.cpp, line 1312]
Event: 5.283 Thread 0x00000000163e0800 Exception <a 'java/security/PrivilegedActionException'> (0x00000000eb4e5020) thrown at [D:\re\workspace\8-2-build-windows-amd64-cygwin\jdk8u25\1677\hotspot\src\share\vm\prims\jvm.cpp, line 1312]
Event: 5.651 Thread 0x00000000001de000 Implicit null exception at 0x0000000002487e50 to 0x000000000248a21d
Event: 5.659 Thread 0x00000000001de000 Exception <a 'java/security/PrivilegedActionException'> (0x00000000eb0a0d70) thrown at [D:\re\workspace\8-2-build-windows-amd64-cygwin\jdk8u25\1677\hotspot\src\share\vm\prims\jvm.cpp, line 1312]
Event: 6.028 Thread 0x00000000001de000 Exception <a 'java/security/PrivilegedActionException'> (0x00000000eb7740a0) thrown at [D:\re\workspace\8-2-build-windows-amd64-cygwin\jdk8u25\1677\hotspot\src\share\vm\prims\jvm.cpp, line 1312]
Event: 6.029 Thread 0x00000000001de000 Exception <a 'java/security/PrivilegedActionException'> (0x00000000eb77e818) thrown at [D:\re\workspace\8-2-build-windows-amd64-cygwin\jdk8u25\1677\hotspot\src\share\vm\prims\jvm.cpp, line 1312]
Event: 6.030 Thread 0x00000000001de000 Exception <a 'java/security/PrivilegedActionException'> (0x00000000eb780d98) thrown at [D:\re\workspace\8-2-build-windows-amd64-cygwin\jdk8u25\1677\hotspot\src\share\vm\prims\jvm.cpp, line 1312]
Event: 7.276 Thread 0x00000000001de000 Exception <a 'java/security/PrivilegedActionException'> (0x00000000eb4910a0) thrown at [D:\re\workspace\8-2-build-windows-amd64-cygwin\jdk8u25\1677\hotspot\src\share\vm\prims\jvm.cpp, line 1312]

Events (10 events):
Event: 6.601 Executing VM operation: ParallelGCFailedAllocation
Event: 6.698 Executing VM operation: ParallelGCFailedAllocation done
Event: 6.900 Executing VM operation: EnableBiasedLocking
Event: 6.902 Executing VM operation: EnableBiasedLocking done
Event: 6.930 Thread 0x00000000163f2800 Thread exited: 0x00000000163f2800
Event: 7.274 Thread 0x00000000163e3800 Thread exited: 0x00000000163e3800
Event: 7.276 loading class com/android/dx/command/dexer/Main$DexWriter
Event: 7.276 loading class com/android/dx/command/dexer/Main$DexWriter done
Event: 7.280 Thread 0x00000000163e3800 Thread added: 0x00000000163e3800
Event: 7.280 Thread 0x00000000163e9000 Thread exited: 0x00000000163e9000


Dynamic libraries:
0x00007ff72ce00000 - 0x00007ff72ce34000 	C:\Program Files\Java\jdk1.8.0_25\bin\java.exe
0x00007ffcacc60000 - 0x00007ffcace21000 	C:\WINDOWS\SYSTEM32\ntdll.dll
0x00007ffcaca80000 - 0x00007ffcacb2d000 	C:\WINDOWS\system32\KERNEL32.DLL
0x00007ffca94f0000 - 0x00007ffca96d8000 	C:\WINDOWS\system32\KERNELBASE.dll
0x00007ffcac840000 - 0x00007ffcac8e7000 	C:\WINDOWS\system32\ADVAPI32.dll
0x00007ffcac900000 - 0x00007ffcac99d000 	C:\WINDOWS\system32\msvcrt.dll
0x00007ffcacb30000 - 0x00007ffcacb8b000 	C:\WINDOWS\system32\sechost.dll
0x00007ffcaa1c0000 - 0x00007ffcaa2dc000 	C:\WINDOWS\system32\RPCRT4.dll
0x00007ffcabd30000 - 0x00007ffcabe86000 	C:\WINDOWS\system32\USER32.dll
0x00007ffcab880000 - 0x00007ffcaba06000 	C:\WINDOWS\system32\GDI32.dll
0x00007ffca0310000 - 0x00007ffca0584000 	C:\WINDOWS\WinSxS\amd64_microsoft.windows.common-controls_6595b64144ccf1df_6.0.10586.494_none_a2d8b04ea53e3145\COMCTL32.dll
0x00007ffcac400000 - 0x00007ffcac67d000 	C:\WINDOWS\system32\combase.dll
0x00007ffca9310000 - 0x00007ffca937a000 	C:\WINDOWS\system32\bcryptPrimitives.dll
0x00007ffcab840000 - 0x00007ffcab87b000 	C:\WINDOWS\system32\IMM32.DLL
0x0000000069370000 - 0x0000000069442000 	C:\Program Files\Java\jdk1.8.0_25\jre\bin\msvcr100.dll
0x0000000069720000 - 0x0000000069f7a000 	C:\Program Files\Java\jdk1.8.0_25\jre\bin\server\jvm.dll
0x00007ffcaca00000 - 0x00007ffcaca08000 	C:\WINDOWS\system32\PSAPI.DLL
0x00007ffc95490000 - 0x00007ffc95499000 	C:\WINDOWS\SYSTEM32\WSOCK32.dll
0x00007ffcac7d0000 - 0x00007ffcac83b000 	C:\WINDOWS\system32\WS2_32.dll
0x00007ffca79b0000 - 0x00007ffca79d3000 	C:\WINDOWS\SYSTEM32\WINMM.dll
0x00007ffca7950000 - 0x00007ffca797c000 	C:\WINDOWS\SYSTEM32\WINMMBASE.dll
0x00007ffca96e0000 - 0x00007ffca9723000 	C:\WINDOWS\system32\cfgmgr32.dll
0x000000006a0a0000 - 0x000000006a0af000 	C:\Program Files\Java\jdk1.8.0_25\jre\bin\verify.dll
0x000000006a070000 - 0x000000006a098000 	C:\Program Files\Java\jdk1.8.0_25\jre\bin\java.dll
0x000000006a050000 - 0x000000006a066000 	C:\Program Files\Java\jdk1.8.0_25\jre\bin\zip.dll
0x00007ffcaa2e0000 - 0x00007ffcab83c000 	C:\WINDOWS\system32\SHELL32.dll
0x00007ffca9730000 - 0x00007ffca9d75000 	C:\WINDOWS\system32\windows.storage.dll
0x00007ffcabea0000 - 0x00007ffcabef2000 	C:\WINDOWS\system32\shlwapi.dll
0x00007ffca92b0000 - 0x00007ffca92bf000 	C:\WINDOWS\system32\kernel.appcore.dll
0x00007ffca9430000 - 0x00007ffca94e5000 	C:\WINDOWS\system32\shcore.dll
0x00007ffca92c0000 - 0x00007ffca930b000 	C:\WINDOWS\system32\powrprof.dll
0x00007ffca9290000 - 0x00007ffca92a4000 	C:\WINDOWS\system32\profapi.dll
0x00007ffc92eb0000 - 0x00007ffc9303c000 	C:\WINDOWS\SYSTEM32\dbghelp.dll

VM Arguments:
jvm_args: -Djava.awt.headless=true -Xmx1024M -Dfile.encoding=windows-1252 -Duser.country=FR -Duser.language=fr -Duser.variant 
java_command: com.android.dx.command.Main --dex --force-jumbo --num-threads=4 --multi-dex --output C:\Users\Famille\AndroidStudioProjects\Niviel\app\build\intermediates\transforms\dex\debug\folders\1000\10\instant-run_e0d1d4ecf2120b122b2970ccda2f8f38abc2e867 C:\Users\Famille\AndroidStudioProjects\Niviel\app\build\intermediates\incremental-runtime-classes\debug\instant-run.jar
java_class_path (initial): C:\Users\Famille\AppData\Local\Android\sdk\build-tools\23.0.2\lib\dx.jar
Launcher Type: SUN_STANDARD

Environment Variables:
JAVA_HOME=C:\Program Files\Java\jdk1.8.0_25
PATH=C:\Program Files\Broadcom\Broadcom 802.11 Network Adapter;;C:\Program Files\Broadcom\Broadcom 802.11;C:\ProgramData\Oracle\Java\javapath;C:\Program Files (x86)\Intel\iCLS Client\;C:\Program Files\Intel\iCLS Client\;C:\Windows\system32;C:\Windows;C:\Windows\System32\Wbem;C:\Windows\System32\WindowsPowerShell\v1.0\;C:\Program Files\Hewlett-Packard\SimplePass\;C:\wamp\bin\php\php5.5.12;C:\Python27;C:\Users\Famille\AppData\Roaming\npm\;C:\Program Files\nodejs\;C:\Program Files\Git\cmd;C:\Program Files (x86)\Brackets\command;C:\Program Files (x86)\Ant\bin;C:\Program Files (x86)\Maven\bin;C:\Program Files (x86)\Intel\Intel(R) Management Engine Components\DAL;C:\Program Files\Intel\Intel(R) Management Engine Components\DAL;C:\Program Files (x86)\Intel\Intel(R) Management Engine Components\IPT;C:\Program Files\Intel\Intel(R) Management Engine Components\IPT;C:\Users\Famille\AppData\Local\atom\bin;C:\Users\Famille\AppData\Roaming\npm
USERNAME=de Lachaux
OS=Windows_NT
PROCESSOR_IDENTIFIER=Intel64 Family 6 Model 69 Stepping 1, GenuineIntel



---------------  S Y S T E M  ---------------

OS: Windows 8.1 , 64 bit Build 9600 

CPU:total 4 (2 cores per cpu, 2 threads per core) family 6 model 69 stepping 1, cmov, cx8, fxsr, mmx, sse, sse2, sse3, ssse3, sse4.1, sse4.2, popcnt, avx, avx2, aes, clmul, erms, lzcnt, ht, tsc, tscinvbit, bmi1, bmi2

Memory: 4k page, physical 4122776k(481632k free), swap 5555352k(4096k free)

vm_info: Java HotSpot(TM) 64-Bit Server VM (25.25-b02) for windows-amd64 JRE (1.8.0_25-b18), built on Oct  7 2014 14:25:37 by "java_re" with MS VC++ 10.0 (VS2010)

time: Mon Aug 29 18:11:35 2016
elapsed time: 7 seconds (0d 0h 0m 7s)

