#
# There is insufficient memory for the Java Runtime Environment to continue.
# Native memory allocation (malloc) failed to allocate 36768 bytes for Chunk::new
# Possible reasons:
#   The system is out of physical RAM or swap space
#   In 32 bit mode, the process size limit was hit
# Possible solutions:
#   Reduce memory load on the system
#   Increase physical memory or swap space
#   Check if swap backing store is full
#   Use 64 bit Java on a 64 bit OS
#   Decrease Java heap size (-Xmx/-Xms)
#   Decrease number of Java threads
#   Decrease Java thread stack sizes (-Xss)
#   Set larger code cache with -XX:ReservedCodeCacheSize=
# This output file may be truncated or incomplete.
#
#  Out of Memory Error (allocation.cpp:390), pid=41236, tid=41248
#
# JRE version: Java(TM) SE Runtime Environment (8.0_25-b18) (build 1.8.0_25-b18)
# Java VM: Java HotSpot(TM) 64-Bit Server VM (25.25-b02 mixed mode windows-amd64 compressed oops)
# Failed to write core dump. Minidumps are not enabled by default on client versions of Windows
#

---------------  T H R E A D  ---------------

Current thread (0x00000000020ad800):  JavaThread "main" [_thread_in_native, id=41248, stack(0x0000000001f50000,0x0000000002050000)]

Stack: [0x0000000001f50000,0x0000000002050000]
Native frames: (J=compiled Java code, j=interpreted, Vv=VM code, C=native code)
V  [jvm.dll+0x31667a]
V  [jvm.dll+0x267073]
V  [jvm.dll+0x267cb3]
V  [jvm.dll+0x25f5b5]
V  [jvm.dll+0xbf165]
V  [jvm.dll+0xbf60c]
V  [jvm.dll+0x55d31]
V  [jvm.dll+0x56ea0]
V  [jvm.dll+0x70f33]
V  [jvm.dll+0x71817]
V  [jvm.dll+0x72ee6]
V  [jvm.dll+0x72f3d]
V  [jvm.dll+0xe8303]
V  [jvm.dll+0xad343]
V  [jvm.dll+0xb3f6a]
V  [jvm.dll+0xb5a1d]
V  [jvm.dll+0xadea6]
C  0x00000000021d1e3e

Java frames: (J=compiled Java code, j=interpreted, Vv=VM code)
j  java.lang.String.replace(Ljava/lang/CharSequence;Ljava/lang/CharSequence;)Ljava/lang/String;+8
j  com.android.dx.cf.direct.ClassPathOpener.compareClassNames(Ljava/lang/String;Ljava/lang/String;)I+23
j  com.android.dx.cf.direct.ClassPathOpener.access$000(Ljava/lang/String;Ljava/lang/String;)I+2
j  com.android.dx.cf.direct.ClassPathOpener$3.compare(Ljava/util/zip/ZipEntry;Ljava/util/zip/ZipEntry;)I+8
j  com.android.dx.cf.direct.ClassPathOpener$3.compare(Ljava/lang/Object;Ljava/lang/Object;)I+9
j  java.util.TimSort.countRunAndMakeAscending([Ljava/lang/Object;IILjava/util/Comparator;)I+43
j  java.util.TimSort.sort([Ljava/lang/Object;IILjava/util/Comparator;[Ljava/lang/Object;II)V+60
j  java.util.Arrays.sort([Ljava/lang/Object;IILjava/util/Comparator;)V+43
j  java.util.ArrayList.sort(Ljava/util/Comparator;)V+18
j  java.util.Collections.sort(Ljava/util/List;Ljava/util/Comparator;)V+2
j  com.android.dx.cf.direct.ClassPathOpener.processArchive(Ljava/io/File;)Z+33
j  com.android.dx.cf.direct.ClassPathOpener.processOne(Ljava/io/File;Z)Z+48
j  com.android.dx.cf.direct.ClassPathOpener.process()Z+15
j  com.android.dx.command.dexer.Main.processOne(Ljava/lang/String;Lcom/android/dx/cf/direct/ClassPathOpener$FileNameFilter;)V+20
j  com.android.dx.command.dexer.Main.processAllFiles()Z+272
j  com.android.dx.command.dexer.Main.runMonoDex()I+58
j  com.android.dx.command.dexer.Main.run(Lcom/android/dx/command/dexer/Main$Arguments;)I+76
j  com.android.dx.command.dexer.Main.main([Ljava/lang/String;)V+14
j  com.android.dx.command.Main.main([Ljava/lang/String;)V+61
v  ~StubRoutines::call_stub

---------------  P R O C E S S  ---------------

Java Threads: ( => current thread )
  0x00000000148db800 JavaThread "Service Thread" daemon [_thread_blocked, id=40744, stack(0x00000000160d0000,0x00000000161d0000)]
  0x00000000148d1000 JavaThread "C1 CompilerThread2" daemon [_thread_blocked, id=39792, stack(0x0000000015fd0000,0x00000000160d0000)]
  0x0000000014882000 JavaThread "C2 CompilerThread1" daemon [_thread_blocked, id=6384, stack(0x0000000015ed0000,0x0000000015fd0000)]
  0x000000001487d000 JavaThread "C2 CompilerThread0" daemon [_thread_blocked, id=43204, stack(0x0000000015dd0000,0x0000000015ed0000)]
  0x000000001487b800 JavaThread "Attach Listener" daemon [_thread_blocked, id=41152, stack(0x0000000015cd0000,0x0000000015dd0000)]
  0x000000001487a800 JavaThread "Signal Dispatcher" daemon [_thread_blocked, id=40652, stack(0x0000000015bd0000,0x0000000015cd0000)]
  0x00000000021a0000 JavaThread "Finalizer" daemon [_thread_blocked, id=39164, stack(0x0000000015ad0000,0x0000000015bd0000)]
  0x0000000014848800 JavaThread "Reference Handler" daemon [_thread_blocked, id=42168, stack(0x00000000159d0000,0x0000000015ad0000)]
=>0x00000000020ad800 JavaThread "main" [_thread_in_native, id=41248, stack(0x0000000001f50000,0x0000000002050000)]

Other Threads:
  0x0000000014847800 VMThread [stack: 0x00000000158d0000,0x00000000159d0000] [id=40496]
  0x00000000148de800 WatcherThread [stack: 0x00000000165d0000,0x00000000166d0000] [id=39992]

VM state:not at safepoint (normal execution)

VM Mutex/Monitor currently owned by a thread: None

Heap:
 PSYoungGen      total 18944K, used 2298K [0x00000000eab00000, 0x00000000ec000000, 0x0000000100000000)
  eden space 16384K, 14% used [0x00000000eab00000,0x00000000ead3e858,0x00000000ebb00000)
  from space 2560K, 0% used [0x00000000ebd80000,0x00000000ebd80000,0x00000000ec000000)
  to   space 2560K, 0% used [0x00000000ebb00000,0x00000000ebb00000,0x00000000ebd80000)
 ParOldGen       total 44032K, used 0K [0x00000000c0000000, 0x00000000c2b00000, 0x00000000eab00000)
  object space 44032K, 0% used [0x00000000c0000000,0x00000000c0000000,0x00000000c2b00000)
 Metaspace       used 3336K, capacity 4720K, committed 4864K, reserved 1056768K
  class space    used 368K, capacity 424K, committed 512K, reserved 1048576K

Card table byte_map: [0x0000000011570000,0x0000000011780000] byte_map_base: 0x0000000010f70000

Marking Bits: (ParMarkBitMap*) 0x000000006ffcd490
 Begin Bits: [0x0000000011ce0000, 0x0000000012ce0000)
 End Bits:   [0x0000000012ce0000, 0x0000000013ce0000)

Polling page: 0x00000000007f0000

CodeCache: size=245760Kb used=1248Kb max_used=1248Kb free=244511Kb
 bounds [0x00000000021b0000, 0x0000000002420000, 0x00000000111b0000]
 total_blobs=341 nmethods=95 adapters=160
 compilation: enabled

Compilation events (10 events):
Event: 6.502 Thread 0x00000000148d1000   91       3       java.lang.String::endsWith (17 bytes)
Event: 6.502 Thread 0x00000000148d1000 nmethod 91 0x00000000022e5c90 code [0x00000000022e5e00, 0x00000000022e6028]
Event: 6.502 Thread 0x00000000148d1000   90       1       sun.util.calendar.CalendarDate::getMonth (5 bytes)
Event: 6.502 Thread 0x00000000148d1000 nmethod 90 0x00000000022e6150 code [0x00000000022e62a0, 0x00000000022e63b0]
Event: 6.507 Thread 0x00000000148d1000   92       3       java.lang.String::lastIndexOf (13 bytes)
Event: 6.508 Thread 0x00000000148d1000 nmethod 92 0x00000000022e6410 code [0x00000000022e6580, 0x00000000022e67a8]
Event: 6.564 Thread 0x00000000148d1000   93       3       java.util.concurrent.ConcurrentHashMap::putIfAbsent (8 bytes)
Event: 6.565 Thread 0x00000000148d1000 nmethod 93 0x00000000022e6850 code [0x00000000022e69c0, 0x00000000022e6bc8]
Event: 6.849 Thread 0x00000000148d1000   94       3       java.util.concurrent.ConcurrentHashMap::casTabAt (20 bytes)
Event: 6.849 Thread 0x00000000148d1000 nmethod 94 0x00000000022e72d0 code [0x00000000022e7420, 0x00000000022e7590]

GC Heap History (0 events):
No events

Deoptimization events (0 events):
No events

Internal exceptions (10 events):
Event: 6.500 Thread 0x00000000020ad800 Exception <a 'java/security/PrivilegedActionException'> (0x00000000eacfa130) thrown at [D:\re\workspace\8-2-build-windows-amd64-cygwin\jdk8u25\1677\hotspot\src\share\vm\prims\jvm.cpp, line 1312]
Event: 6.500 Thread 0x00000000020ad800 Exception <a 'java/security/PrivilegedActionException'> (0x00000000eacfc378) thrown at [D:\re\workspace\8-2-build-windows-amd64-cygwin\jdk8u25\1677\hotspot\src\share\vm\prims\jvm.cpp, line 1312]
Event: 6.501 Thread 0x00000000020ad800 Exception <a 'java/security/PrivilegedActionException'> (0x00000000ead01158) thrown at [D:\re\workspace\8-2-build-windows-amd64-cygwin\jdk8u25\1677\hotspot\src\share\vm\prims\jvm.cpp, line 1312]
Event: 6.507 Thread 0x00000000020ad800 Exception <a 'java/security/PrivilegedActionException'> (0x00000000ead05790) thrown at [D:\re\workspace\8-2-build-windows-amd64-cygwin\jdk8u25\1677\hotspot\src\share\vm\prims\jvm.cpp, line 1312]
Event: 6.508 Thread 0x00000000020ad800 Exception <a 'java/security/PrivilegedActionException'> (0x00000000ead0a388) thrown at [D:\re\workspace\8-2-build-windows-amd64-cygwin\jdk8u25\1677\hotspot\src\share\vm\prims\jvm.cpp, line 1312]
Event: 6.512 Thread 0x00000000020ad800 Exception <a 'java/security/PrivilegedActionException'> (0x00000000ead0eb60) thrown at [D:\re\workspace\8-2-build-windows-amd64-cygwin\jdk8u25\1677\hotspot\src\share\vm\prims\jvm.cpp, line 1312]
Event: 7.156 Thread 0x00000000020ad800 Exception <a 'java/security/PrivilegedActionException'> (0x00000000ead18400) thrown at [D:\re\workspace\8-2-build-windows-amd64-cygwin\jdk8u25\1677\hotspot\src\share\vm\prims\jvm.cpp, line 1312]
Event: 7.194 Thread 0x00000000020ad800 Exception <a 'java/security/PrivilegedActionException'> (0x00000000ead1ddd8) thrown at [D:\re\workspace\8-2-build-windows-amd64-cygwin\jdk8u25\1677\hotspot\src\share\vm\prims\jvm.cpp, line 1312]
Event: 7.195 Thread 0x00000000020ad800 Exception <a 'java/security/PrivilegedActionException'> (0x00000000ead20128) thrown at [D:\re\workspace\8-2-build-windows-amd64-cygwin\jdk8u25\1677\hotspot\src\share\vm\prims\jvm.cpp, line 1312]
Event: 7.197 Thread 0x00000000020ad800 Exception <a 'java/security/PrivilegedActionException'> (0x00000000ead25368) thrown at [D:\re\workspace\8-2-build-windows-amd64-cygwin\jdk8u25\1677\hotspot\src\share\vm\prims\jvm.cpp, line 1312]

Events (10 events):
Event: 7.194 loading class com/android/dx/cf/direct/ClassPathOpener$1 done
Event: 7.195 loading class com/android/dx/command/dexer/Main$FileBytesConsumer
Event: 7.195 loading class com/android/dx/command/dexer/Main$FileBytesConsumer done
Event: 7.196 loading class java/util/zip/ZipFile$ZipEntryIterator
Event: 7.196 loading class java/util/zip/ZipFile$ZipEntryIterator done
Event: 7.197 loading class com/android/dx/cf/direct/ClassPathOpener$3
Event: 7.197 loading class com/android/dx/cf/direct/ClassPathOpener$3 done
Event: 7.198 loading class java/util/TimSort
Event: 7.227 loading class java/util/TimSort done
Event: 7.227 loading class java/util/regex/Pattern


Dynamic libraries:
0x00007ff6d7c10000 - 0x00007ff6d7c44000 	C:\Program Files\Java\jdk1.8.0_25\bin\java.exe
0x00007fff4cae0000 - 0x00007fff4ccb1000 	C:\WINDOWS\SYSTEM32\ntdll.dll
0x00007fff4c580000 - 0x00007fff4c62b000 	C:\WINDOWS\System32\KERNEL32.DLL
0x00007fff49cb0000 - 0x00007fff49ecd000 	C:\WINDOWS\System32\KERNELBASE.dll
0x00007fff4bf30000 - 0x00007fff4bfd2000 	C:\WINDOWS\System32\ADVAPI32.dll
0x00007fff4be30000 - 0x00007fff4bece000 	C:\WINDOWS\System32\msvcrt.dll
0x00007fff4b720000 - 0x00007fff4b779000 	C:\WINDOWS\System32\sechost.dll
0x00007fff4c630000 - 0x00007fff4c751000 	C:\WINDOWS\System32\RPCRT4.dll
0x00007fff4b7f0000 - 0x00007fff4b955000 	C:\WINDOWS\System32\USER32.dll
0x00007fff49a50000 - 0x00007fff49a6e000 	C:\WINDOWS\System32\win32u.dll
0x00007fff4c7d0000 - 0x00007fff4c804000 	C:\WINDOWS\System32\GDI32.dll
0x00007fff49030000 - 0x00007fff491b2000 	C:\WINDOWS\System32\gdi32full.dll
0x00007fff41b70000 - 0x00007fff41dea000 	C:\WINDOWS\WinSxS\amd64_microsoft.windows.common-controls_6595b64144ccf1df_6.0.14393.351_none_4213128bc687e6d3\COMCTL32.dll
0x00007fff4c810000 - 0x00007fff4cad7000 	C:\WINDOWS\System32\combase.dll
0x00007fff491c0000 - 0x00007fff492b5000 	C:\WINDOWS\System32\ucrtbase.dll
0x00007fff49a70000 - 0x00007fff49ada000 	C:\WINDOWS\System32\bcryptPrimitives.dll
0x00007fff4b6f0000 - 0x00007fff4b71e000 	C:\WINDOWS\System32\IMM32.DLL
0x0000000071450000 - 0x0000000071522000 	C:\Program Files\Java\jdk1.8.0_25\jre\bin\msvcr100.dll
0x000000006f7f0000 - 0x000000007004a000 	C:\Program Files\Java\jdk1.8.0_25\jre\bin\server\jvm.dll
0x00007fff4b6e0000 - 0x00007fff4b6e8000 	C:\WINDOWS\System32\PSAPI.DLL
0x00007fff47380000 - 0x00007fff47389000 	C:\WINDOWS\SYSTEM32\WSOCK32.dll
0x00007fff4bc60000 - 0x00007fff4bcca000 	C:\WINDOWS\System32\WS2_32.dll
0x00007fff472b0000 - 0x00007fff472d3000 	C:\WINDOWS\SYSTEM32\WINMM.dll
0x00007fff47250000 - 0x00007fff4727b000 	C:\WINDOWS\SYSTEM32\WINMMBASE.dll
0x00007fff49f80000 - 0x00007fff49fc2000 	C:\WINDOWS\System32\cfgmgr32.dll
0x0000000071c50000 - 0x0000000071c5f000 	C:\Program Files\Java\jdk1.8.0_25\jre\bin\verify.dll
0x0000000071900000 - 0x0000000071928000 	C:\Program Files\Java\jdk1.8.0_25\jre\bin\java.dll
0x00000000718e0000 - 0x00000000718f6000 	C:\Program Files\Java\jdk1.8.0_25\jre\bin\zip.dll
0x00007fff4a1d0000 - 0x00007fff4b6d9000 	C:\WINDOWS\System32\SHELL32.dll
0x00007fff492c0000 - 0x00007fff4999a000 	C:\WINDOWS\System32\windows.storage.dll
0x00007fff48f60000 - 0x00007fff48fac000 	C:\WINDOWS\System32\powrprof.dll
0x00007fff4bed0000 - 0x00007fff4bf22000 	C:\WINDOWS\System32\shlwapi.dll
0x00007fff48fb0000 - 0x00007fff48fbf000 	C:\WINDOWS\System32\kernel.appcore.dll
0x00007fff499a0000 - 0x00007fff49a49000 	C:\WINDOWS\System32\shcore.dll
0x00007fff48f40000 - 0x00007fff48f54000 	C:\WINDOWS\System32\profapi.dll
0x00007fff39d40000 - 0x00007fff39ed2000 	C:\WINDOWS\SYSTEM32\dbghelp.dll

VM Arguments:
jvm_args: -Djava.awt.headless=true -Xmx1024M -Dfile.encoding=windows-1252 -Duser.country=FR -Duser.language=fr -Duser.variant 
java_command: com.android.dx.command.Main --dex --num-threads=4 --output C:\Users\Famille\AndroidStudioProjects\Niviel\app\build\intermediates\pre-dexed\debug\com.google.firebase-firebase-analytics-9.8.0_53b72b2d3389b4c05843516be6529f95704ff466.jar C:\Users\Famille\AndroidStudioProjects\Niviel\app\build\intermediates\exploded-aar\com.google.firebase\firebase-analytics\9.8.0\jars\classes.jar
java_class_path (initial): C:\Users\Famille\AppData\Local\Android\sdk\build-tools\23.0.2\lib\dx.jar
Launcher Type: SUN_STANDARD

Environment Variables:
JAVA_HOME=C:\Program Files\Java\jdk1.8.0_25
PATH=C:\Program Files\Broadcom\Broadcom 802.11 Network Adapter;C:\Program Files\Broadcom\Broadcom 802.11;C:\ProgramData\Oracle\Java\javapath;C:\Program Files (x86)\Intel\iCLS Client\;C:\Program Files\Intel\iCLS Client\;C:\Windows\system32;C:\Windows;C:\Windows\System32\Wbem;C:\Windows\System32\WindowsPowerShell\v1.0\;C:\Program Files\Hewlett-Packard\SimplePass\;C:\wamp\bin\php\php5.5.12;C:\Python34;C:\Users\Famille\AppData\Roaming\npm\;C:\Program Files\nodejs\;C:\Program Files\Git\cmd;C:\Program Files (x86)\Brackets\command;C:\Program Files (x86)\Ant\bin;C:\Program Files (x86)\Maven\bin;C:\Program Files (x86)\Intel\Intel(R) Management Engine Components\DAL;C:\Program Files\Intel\Intel(R) Management Engine Components\DAL;C:\Program Files (x86)\Intel\Intel(R) Management Engine Components\IPT;C:\Program Files\Intel\Intel(R) Management Engine Components\IPT;C:\Users\Famille\AppData\Local\Android\sdk\platform-tools;C:\WINDOWS\system32;C:\WINDOWS;C:\WINDOWS\System32\Wbem;C:\WINDOWS\System32\WindowsPowerShell\v1.0\;C:\Users\Famille\AppData\Local\atom\bin;C:\Users\Famille\AppData\Roaming\npm;%USERPROFILE%\AppData\Local\Microsoft\WindowsApps;
USERNAME=de Lachaux
OS=Windows_NT
PROCESSOR_IDENTIFIER=Intel64 Family 6 Model 69 Stepping 1, GenuineIntel



---------------  S Y S T E M  ---------------

OS: Windows 8.1 , 64 bit Build 9600 

CPU:total 4 (2 cores per cpu, 2 threads per core) family 6 model 69 stepping 1, cmov, cx8, fxsr, mmx, sse, sse2, sse3, ssse3, sse4.1, sse4.2, popcnt, avx, avx2, aes, clmul, erms, lzcnt, ht, tsc, tscinvbit, bmi1, bmi2

Memory: 4k page, physical 4122776k(332268k free), swap 5555352k(20348k free)

vm_info: Java HotSpot(TM) 64-Bit Server VM (25.25-b02) for windows-amd64 JRE (1.8.0_25-b18), built on Oct  7 2014 14:25:37 by "java_re" with MS VC++ 10.0 (VS2010)

time: Tue Nov 08 18:42:54 2016
elapsed time: 8 seconds (0d 0h 0m 8s)

