JvmtiExport can_access_local_variables 0
JvmtiExport can_hotswap_or_post_breakpoint 0
JvmtiExport can_post_on_exceptions 0
# 348 ciObject found
ciMethod java/lang/Object <init> ()V 4097 1 60460 0 0
ciMethod java/lang/Object getClass ()Ljava/lang/Class; 2049 1 256 0 -1
ciMethod java/lang/Object hashCode ()I 2049 1 256 0 -1
ciMethod java/lang/Object equals (Ljava/lang/Object;)Z 4097 1 1186 0 0
ciMethod java/lang/String equals (Ljava/lang/Object;)Z 2241 11841 2151 0 -1
ciMethod java/lang/String compareTo (Ljava/lang/String;)I 953 35593 1043 0 -1
ciMethod java/lang/String hashCode ()I 2761 32769 1427 0 320
ciMethod java/lang/Class getName ()Ljava/lang/String; 177 1 22 0 -1
ciMethod java/lang/System arraycopy (Ljava/lang/Object;ILjava/lang/Object;II)V 5121 1 640 0 -1
ciMethod java/lang/RuntimeException <init> (Ljava/lang/String;)V 0 0 1 0 -1
ciMethod java/lang/StringBuilder <init> ()V 569 1 1545 0 -1
ciMethod java/lang/StringBuilder append (Ljava/lang/String;)Ljava/lang/StringBuilder; 1129 1 3291 0 -1
ciMethod java/lang/StringBuilder append (I)Ljava/lang/StringBuilder; 0 0 8 0 -1
ciMethod java/lang/StringBuilder toString ()Ljava/lang/String; 609 1 1556 0 -1
ciMethod java/lang/NullPointerException <init> (Ljava/lang/String;)V 0 0 1 0 -1
ciMethod java/util/ArrayList size ()I 1097 1 137 0 0
ciMethod java/util/ArrayList elementData (I)Ljava/lang/Object; 2185 1 24937 0 0
ciMethod java/util/ArrayList get (I)Ljava/lang/Object; 2185 1 19476 0 128
ciMethod java/util/ArrayList add (Ljava/lang/Object;)Z 641 1 9203 0 -1
ciMethod java/util/ArrayList remove (Ljava/lang/Object;)Z 3537 4337 375 0 -1
ciMethod java/util/ArrayList fastRemove (I)V 3537 1 375 0 -1
ciMethod java/util/ArrayList rangeCheck (I)V 2185 1 25373 0 0
ciMethod java/util/HashMap hash (Ljava/lang/Object;)I 2441 1 18601 0 0
ciMethod java/util/HashMap get (Ljava/lang/Object;)Ljava/lang/Object; 3161 1 9182 0 928
ciMethod java/util/HashMap getNode (ILjava/lang/Object;)Ljava/util/HashMap$Node; 2089 97 7467 0 864
ciMethod java/util/HashMap put (Ljava/lang/Object;Ljava/lang/Object;)Ljava/lang/Object; 2065 1 2769 0 0
ciMethod java/util/HashMap putVal (ILjava/lang/Object;Ljava/lang/Object;ZZ)Ljava/lang/Object; 2049 249 2856 0 0
ciMethod java/util/HashMap resize ()[Ljava/util/HashMap$Node; 153 2481 242 0 0
ciMethod java/util/HashMap treeifyBin ([Ljava/util/HashMap$Node;I)V 0 0 1 0 0
ciMethod java/util/HashMap newNode (ILjava/lang/Object;Ljava/lang/Object;Ljava/util/HashMap$Node;)Ljava/util/HashMap$Node; 2073 1 2541 0 0
ciMethod java/util/HashMap replacementTreeNode (Ljava/util/HashMap$Node;Ljava/util/HashMap$Node;)Ljava/util/HashMap$TreeNode; 0 0 1 0 -1
ciMethod java/util/HashMap afterNodeAccess (Ljava/util/HashMap$Node;)V 3409 1 307 0 0
ciMethod java/util/HashMap afterNodeInsertion (Z)V 2225 1 1305 0 0
ciMethod java/util/HashMap$Node <init> (ILjava/lang/Object;Ljava/lang/Object;Ljava/util/HashMap$Node;)V 2105 1 2559 0 0
ciMethod java/util/Arrays equals ([Ljava/lang/Object;[Ljava/lang/Object;)Z 5049 81 3444 0 -1
ciMethodData java/lang/Object <init> ()V 2 60460 orig 264 184 158 151 87 0 0 0 0 136 4 222 19 0 0 0 0 32 1 0 0 0 0 0 0 0 0 0 0 0 0 0 0 0 0 0 0 0 0 0 0 0 0 0 0 0 0 0 0 0 0 0 0 0 0 0 0 0 0 0 0 0 0 0 0 0 0 0 0 0 0 0 0 0 0 0 0 0 0 0 0 77 68 79 32 101 120 116 114 97 32 100 97 116 97 32 108 111 99 107 0 0 0 0 0 0 0 0 0 0 0 0 0 0 0 0 0 0 0 0 0 0 0 0 0 0 0 0 0 0 0 0 0 0 0 0 0 0 0 0 0 0 0 0 0 0 0 0 0 0 0 0 0 0 0 0 0 0 0 0 0 0 0 0 0 0 0 0 0 0 0 0 0 0 0 0 0 0 0 0 0 0 0 0 0 1 0 0 0 0 0 0 0 1 0 0 0 0 0 0 0 1 0 0 0 0 0 0 0 0 0 0 0 0 0 0 0 0 2 0 0 97 81 7 0 1 0 0 0 0 0 0 0 0 0 0 0 2 0 0 0 0 0 3 0 3 0 0 0 0 0 0 0 255 255 255 255 0 0 0 0 0 0 0 0 data 0 oops 0
ciMethod java/lang/IllegalArgumentException <init> (Ljava/lang/String;)V 0 0 1 0 -1
ciMethod java/util/HashMap$TreeNode getTreeNode (ILjava/lang/Object;)Ljava/util/HashMap$TreeNode; 0 0 1 0 -1
ciMethod java/util/HashMap$TreeNode treeify ([Ljava/util/HashMap$Node;)V 0 0 1 0 -1
ciMethod java/util/HashMap$TreeNode putTreeVal (Ljava/util/HashMap;[Ljava/util/HashMap$Node;ILjava/lang/Object;Ljava/lang/Object;)Ljava/util/HashMap$TreeNode; 0 0 1 0 -1
ciMethod java/util/HashMap$TreeNode split (Ljava/util/HashMap;[Ljava/util/HashMap$Node;II)V 0 0 1 0 -1
ciMethodData java/lang/String hashCode ()I 2 20272 orig 264 184 158 151 87 0 0 0 0 128 79 222 19 0 0 0 0 152 1 0 0 32 0 0 0 0 0 0 0 0 0 0 0 0 0 0 0 0 0 0 0 0 0 0 0 0 0 0 0 0 0 0 0 0 0 0 0 0 0 0 0 0 0 0 0 0 0 0 0 0 0 0 0 0 0 0 0 0 0 0 0 77 68 79 32 101 120 116 114 97 32 100 97 116 97 32 108 111 99 107 0 0 0 0 0 0 0 0 0 0 0 0 0 0 0 0 0 0 0 0 0 0 0 0 0 0 0 0 0 0 0 0 0 0 0 0 0 0 0 0 0 0 0 0 0 0 0 0 0 0 0 0 0 0 0 0 0 0 0 0 0 0 0 0 0 0 0 0 0 0 0 0 0 0 0 0 0 0 0 0 0 0 0 0 0 0 0 0 0 0 0 0 0 0 0 0 0 0 0 0 0 0 0 0 0 0 0 0 0 0 0 0 0 0 0 0 0 0 16 0 0 209 33 0 0 129 249 1 0 0 0 0 0 0 0 0 0 2 0 0 0 1 0 11 0 4 0 1 0 120 0 0 0 255 255 255 255 7 0 6 0 0 0 0 0 data 15 0x60007 0x178 0x78 0x2c2 0xe0007 0x1 0x58 0x2c1 0x1e0007 0x2c1 0x38 0x3ef6 0x2d0003 0x3ef6 0xffffffffffffffe0 oops 0
ciMethod java/util/HashSet add (Ljava/lang/Object;)Z 4097 1 635 0 0
ciMethodData java/util/HashMap hash (Ljava/lang/Object;)I 2 18601 orig 264 184 158 151 87 0 0 0 0 184 127 236 19 0 0 0 0 176 1 0 0 32 0 0 0 0 0 0 0 0 0 0 0 0 0 0 0 0 0 0 0 0 0 0 0 0 0 0 0 0 0 0 0 0 0 0 0 0 0 0 0 0 0 0 0 0 0 0 0 0 0 0 0 0 0 0 0 0 0 0 0 77 68 79 32 101 120 116 114 97 32 100 97 116 97 32 108 111 99 107 0 0 0 0 0 0 0 0 0 0 0 0 0 0 0 0 0 0 0 0 0 0 0 0 0 0 0 0 0 0 0 0 0 0 0 0 0 0 0 0 0 0 0 0 0 0 0 0 0 0 0 0 0 0 0 0 0 0 0 0 0 0 0 0 0 0 0 0 0 0 0 0 0 0 0 0 0 0 0 0 0 0 0 0 0 0 0 0 0 0 0 0 0 0 0 0 0 0 0 0 0 0 0 0 0 0 0 0 0 0 0 0 0 0 0 0 0 49 1 0 0 193 59 2 0 1 0 0 0 0 0 0 0 0 0 0 0 2 0 0 0 0 0 6 0 3 0 1 0 104 0 0 0 255 255 255 255 7 0 1 0 0 0 0 0 data 13 0x10007 0x4779 0x38 0x0 0x50003 0x0 0x48 0x90005 0x260c 0x20881b0 0xd4e 0x1639c530 0x1e3 oops 2 9 java/lang/String 11 java/util/jar/Attributes$Name
ciMethodData java/util/HashMap putVal (ILjava/lang/Object;Ljava/lang/Object;ZZ)Ljava/lang/Object; 2 2867 orig 264 184 158 151 87 0 0 0 0 136 140 236 19 0 0 0 0 176 6 0 0 224 4 0 0 0 0 0 0 0 0 0 0 0 0 0 0 0 0 0 0 0 0 0 0 0 0 0 0 0 0 0 0 0 0 0 0 0 0 0 0 0 0 0 0 0 0 0 0 0 0 0 0 0 0 0 0 0 0 0 0 77 68 79 32 101 120 116 114 97 32 100 97 116 97 32 108 111 99 107 0 0 0 0 0 0 0 0 0 0 0 0 0 0 0 0 0 0 0 0 0 0 0 0 0 0 0 0 0 0 0 0 0 0 0 0 0 0 0 0 0 0 0 0 0 0 0 0 0 0 0 0 0 0 0 0 0 0 0 0 0 0 0 0 0 0 0 0 0 0 0 0 0 0 0 0 0 0 0 0 0 0 0 0 0 0 0 0 0 0 0 0 0 0 0 0 0 0 0 0 0 0 0 0 0 0 0 0 0 0 0 0 0 0 0 0 0 0 1 0 0 153 81 0 0 17 3 0 0 0 0 0 0 0 0 0 0 2 0 0 0 1 0 50 0 3 0 1 0 64 5 0 0 255 255 255 255 7 0 7 0 0 0 0 0 data 168 0x70007 0xd1 0x40 0x964 0x100007 0x964 0x50 0x0 0x140005 0x0 0x16121620 0xd1 0x0 0x0 0x2c0007 0x326 0x98 0x70d 0x380005 0x0 0x16121620 0x70d 0x0 0x0 0x3b0004 0x0 0x1639a270 0x70e 0x0 0x0 0x3c0003 0x70e 0x3d0 0x450007 0x21c 0xc8 0x10a 0x510007 0x103 0x90 0x7 0x550007 0x0 0x88 0x7 0x5b0005 0x0 0x147adc70 0x1 0x16e50240 0x6 0x5e0007 0x7 0x38 0x0 0x650003 0x103 0x278 0x6a0004 0xfffffffffffffddd 0x0 0x0 0x0 0x0 0x6d0007 0x223 0x98 0x0 0x720004 0x0 0x0 0x0 0x0 0x0 0x7b0005 0x0 0x0 0x0 0x0 0x0 0x800003 0x0 0x1b0 0x8e0007 0x7f 0xb8 0x206 0x980005 0x0 0x16121620 0x206 0x0 0x0 0xa20007 0x206 0x148 0x0 0xa90005 0x0 0x0 0x0 0x0 0x0 0xac0003 0x0 0xf8 0xb50007 0x61 0xc8 0x1e 0xc10007 0x1d 0xc0 0x1 0xc50007 0x0 0x88 0x1 0xcb0005 0x0 0x16e50240 0x1 0x0 0x0 0xce0007 0x1 0x38 0x0 0xd10003 0x0 0x30 0xdb0003 0x62 0xfffffffffffffe80 0xe00007 0x206 0x90 0x120 0xec0007 0x120 0x40 0x0 0xf10007 0x0 0x20 0x0 0xfd0005 0x0 0x16121620 0x120 0x0 0x0 0x11c0007 0x905 0x50 0xe 0x1200005 0x0 0x16121620 0xe 0x0 0x0 0x1270005 0x0 0x16121620 0x914 0x0 0x0 oops 10 10 java/util/HashMap 20 java/util/HashMap 26 java/util/HashMap$Node 47 com/android/dx/rop/code/Rop 49 com/android/dx/rop/code/RegisterSpec 89 java/util/HashMap 120 com/android/dx/rop/code/RegisterSpec 148 java/util/HashMap 158 java/util/HashMap 164 java/util/HashMap
ciMethodData java/util/HashMap resize ()[Ljava/util/HashMap$Node; 1 1780 orig 264 184 158 151 87 0 0 0 0 184 142 236 19 0 0 0 0 56 6 0 0 176 1 0 0 0 0 0 0 0 0 0 0 0 0 0 0 0 0 0 0 0 0 0 0 0 0 0 0 0 0 0 0 0 0 0 0 0 0 0 0 0 0 0 0 0 0 0 0 0 0 0 0 0 0 0 0 0 0 0 0 77 68 79 32 101 120 116 114 97 32 100 97 116 97 32 108 111 99 107 0 0 0 0 0 0 0 0 0 0 0 0 0 0 0 0 0 0 0 0 0 0 0 0 0 0 0 0 0 0 0 0 0 0 0 0 0 0 0 0 0 0 0 0 0 0 0 0 0 0 0 0 0 0 0 0 0 0 0 0 0 0 0 0 0 0 0 0 0 0 0 0 0 0 0 0 0 0 0 0 0 0 0 0 0 0 0 0 0 0 0 0 0 0 0 0 0 0 0 0 0 0 0 0 0 0 0 0 0 0 0 0 0 0 0 0 0 54 1 0 0 169 7 0 0 241 45 0 0 0 0 0 0 0 0 0 0 2 0 0 0 0 0 0 0 0 0 1 0 240 4 0 0 255 255 255 255 7 0 6 0 0 0 0 0 data 158 0x60007 0xf 0x38 0xe5 0xa0003 0xe4 0x18 0x190007 0xe4 0x98 0xf 0x1f0007 0xf 0x20 0x0 0x320007 0x0 0x90 0xf 0x380007 0x4 0x70 0xb 0x400003 0xb 0x50 0x440007 0xac 0x38 0x38 0x4a0003 0x38 0x18 0x570007 0xb7 0x78 0x3c 0x680007 0x0 0x58 0x3d 0x700007 0x0 0x38 0x3c 0x760003 0x3c 0x18 0x880004 0x0 0x16c492e0 0xf3 0x0 0x0 0x940007 0xe4 0x340 0xf 0x9d0007 0xf 0x320 0x4b4 0xa70007 0x22b 0x2e8 0x289 0xae0104 0x0 0x0 0x0 0x0 0x0 0xb40007 0xde 0x68 0x1ab 0xc50004 0x0 0x1639a270 0x1ab 0x0 0x0 0xc60003 0x1ab 0x248 0xcb0004 0xffffffffffffff22 0x1639a270 0xde 0x0 0x0 0xce0007 0xde 0x98 0x0 0xd30004 0x0 0x0 0x0 0x0 0x0 0xdc0005 0x0 0x0 0x0 0x0 0x0 0xdf0003 0x0 0x180 0xfc0007 0xc0 0x70 0x128 0x1010007 0x69 0x38 0xbf 0x1080003 0xbf 0x18 0x1160003 0x128 0x50 0x11b0007 0x2c 0x38 0x94 0x1220003 0x94 0x18 0x1350007 0x10a 0xffffffffffffff58 0xde 0x13a0007 0x1f 0x50 0xbf 0x1490004 0x0 0x1639a270 0xbf 0x0 0x0 0x14c0007 0x4a 0x50 0x94 0x15d0004 0x0 0x1639a270 0x94 0x0 0x0 0x1610003 0x4b4 0xfffffffffffffcf8 oops 5 50 [Ljava/util/HashMap$Node; 78 java/util/HashMap$Node 87 java/util/HashMap$Node 141 java/util/HashMap$Node 151 java/util/HashMap$Node
ciMethodData java/util/HashMap treeifyBin ([Ljava/util/HashMap$Node;I)V 1 0 orig 264 184 158 151 87 0 0 0 0 200 143 236 19 0 0 0 0 8 3 0 0 136 0 0 0 0 0 0 0 0 0 0 0 0 0 0 0 0 0 0 0 0 0 0 0 0 0 0 0 0 0 0 0 0 0 0 0 0 0 0 0 0 0 0 0 0 0 0 0 0 0 0 0 0 0 0 0 0 0 0 0 77 68 79 32 101 120 116 114 97 32 100 97 116 97 32 108 111 99 107 0 0 0 0 0 0 0 0 0 0 0 0 0 0 0 0 0 0 0 0 0 0 0 0 0 0 0 0 0 0 0 0 0 0 0 0 0 0 0 0 0 0 0 0 0 0 0 0 0 0 0 0 0 0 0 0 0 0 0 0 0 0 0 0 0 0 0 0 0 0 0 0 0 0 0 0 0 0 0 0 0 0 0 0 0 0 0 0 0 0 0 0 0 0 0 0 0 0 0 0 0 0 0 0 0 0 0 0 0 0 0 0 0 0 0 0 0 0 0 0 0 1 0 0 0 1 0 0 0 0 0 0 0 0 0 0 0 2 0 0 0 0 0 0 0 0 0 1 0 176 1 0 0 255 255 255 255 7 0 1 0 0 0 0 0 data 54 0x10007 0x0 0x40 0x0 0xa0007 0x0 0x68 0x0 0xe0005 0x0 0x0 0x0 0x0 0x0 0x120003 0x0 0x140 0x220007 0x0 0x128 0x0 0x2f0005 0x0 0x0 0x0 0x0 0x0 0x360007 0x0 0x38 0x0 0x3d0003 0x0 0x18 0x5a0007 0x0 0xffffffffffffff98 0x0 0x630004 0x0 0x0 0x0 0x0 0x0 0x640007 0x0 0x50 0x0 0x6a0005 0x0 0x0 0x0 0x0 0x0 oops 0
ciMethodData java/util/HashMap put (Ljava/lang/Object;Ljava/lang/Object;)Ljava/lang/Object; 2 2856 orig 264 184 158 151 87 0 0 0 0 168 138 236 19 0 0 0 0 152 1 0 0 0 0 0 0 0 0 0 0 0 0 0 0 0 0 0 0 0 0 0 0 0 0 0 0 0 0 0 0 0 0 0 0 0 0 0 0 0 0 0 0 0 0 0 0 0 0 0 0 0 0 0 0 0 0 0 0 0 0 0 0 77 68 79 32 101 120 116 114 97 32 100 97 116 97 32 108 111 99 107 0 0 0 0 0 0 0 0 0 0 0 0 0 0 0 0 0 0 0 0 0 0 0 0 0 0 0 0 0 0 0 0 0 0 0 0 0 0 0 0 0 0 0 0 0 0 0 0 0 0 0 0 0 0 0 0 0 0 0 0 0 0 0 0 0 0 0 0 0 0 0 0 0 0 0 0 0 0 0 0 0 0 0 0 0 0 0 0 0 0 0 0 0 0 0 0 0 0 0 0 0 0 0 0 0 0 0 0 0 0 0 0 0 0 0 0 0 2 1 0 0 49 81 0 0 1 0 0 0 0 0 0 0 0 0 0 0 2 0 0 0 0 0 7 0 3 0 1 0 64 0 0 0 255 255 255 255 2 0 2 0 0 0 0 0 data 8 0x20002 0xa26 0x90005 0x2 0x16121620 0xa24 0x0 0x0 oops 1 4 java/util/HashMap
ciMethodData java/util/HashMap getNode (ILjava/lang/Object;)Ljava/util/HashMap$Node; 2 7467 orig 264 184 158 151 87 0 0 0 0 104 137 236 19 0 0 0 0 8 4 0 0 176 1 0 0 0 0 0 0 0 0 0 0 0 0 0 0 0 0 0 0 0 0 0 0 0 0 0 0 0 0 0 0 0 0 0 0 0 0 0 0 0 0 0 0 0 0 0 0 0 0 0 0 0 0 0 0 0 0 0 0 77 68 79 32 101 120 116 114 97 32 100 97 116 97 32 108 111 99 107 0 0 0 0 0 0 0 0 0 0 0 0 0 0 0 0 0 0 0 0 0 0 0 0 0 0 0 0 0 0 0 0 0 0 0 0 0 0 0 0 0 0 0 0 0 0 0 0 0 0 0 0 0 0 0 0 0 0 0 0 0 0 0 0 0 0 0 0 0 0 0 0 0 0 0 0 0 0 0 0 0 0 0 0 0 0 0 0 0 0 0 0 0 0 0 0 0 0 0 0 0 0 0 0 0 0 0 0 0 0 0 0 0 0 0 0 0 5 1 0 0 49 225 0 0 225 0 0 0 0 0 0 0 0 0 0 0 2 0 0 0 1 0 37 0 4 0 1 0 176 2 0 0 255 255 255 255 7 0 6 0 0 0 0 0 data 86 0x60007 0x9b2 0x2b0 0x1276 0xe0007 0x0 0x290 0x1278 0x1c0007 0x631 0x270 0xc49 0x250007 0x1f3 0xb0 0xa56 0x310007 0x243 0x90 0x813 0x350007 0x0 0x70 0x813 0x3b0005 0x392 0x16da0590 0x14a 0x20881b0 0x337 0x3e0007 0x8 0x20 0x80b 0x4c0007 0xdf 0x1a0 0x11c 0x510004 0xfffffffffffffee4 0x1639a270 0x1 0x0 0x0 0x540007 0x11c 0x80 0x0 0x590004 0x0 0x0 0x0 0x0 0x0 0x5e0005 0x0 0x0 0x0 0x0 0x0 0x680007 0x1d 0xb0 0x103 0x740007 0x32 0x90 0xd0 0x780007 0x0 0x70 0xd0 0x7e0005 0x0 0x20881b0 0x7d 0x161fd8b0 0x53 0x810007 0x0 0x20 0xd0 0x8f0007 0x4 0xffffffffffffff50 0x19 oops 5 26 java/security/CodeSource 28 java/lang/String 40 java/util/HashMap$Node 74 java/lang/String 76 com/android/dx/rop/code/RegisterSpec$ForComparison
ciMethodData java/util/ArrayList get (I)Ljava/lang/Object; 2 19695 orig 264 184 158 151 87 0 0 0 0 88 2 236 19 0 0 0 0 144 1 0 0 0 0 0 0 0 0 0 0 0 0 0 0 0 0 0 0 0 0 0 0 0 0 0 0 0 0 0 0 0 0 0 0 0 0 0 0 0 0 0 0 0 0 0 0 0 0 0 0 0 0 0 0 0 0 0 0 0 0 0 0 77 68 79 32 101 120 116 114 97 32 100 97 116 97 32 108 111 99 107 0 0 0 0 0 0 0 0 0 0 0 0 0 0 0 0 0 0 0 0 0 0 0 0 0 0 0 0 0 0 0 0 0 0 0 0 0 0 0 0 0 0 0 0 0 0 0 0 0 0 0 0 0 0 0 0 0 0 0 0 0 0 0 0 0 0 0 0 0 0 0 0 0 0 0 0 0 0 0 0 0 0 0 0 0 0 0 0 0 0 0 0 0 0 0 0 0 0 0 0 0 0 0 0 0 0 0 0 0 0 0 0 0 0 0 0 0 17 1 0 0 241 94 2 0 1 0 0 0 0 0 0 0 0 0 0 0 2 0 0 0 0 0 6 0 4 0 1 0 64 0 0 0 255 255 255 255 2 0 2 0 0 0 0 0 data 8 0x20002 0x4be5 0x70005 0x0 0x16e6f520 0x4c27 0x0 0x0 oops 1 4 java/util/ArrayList
ciMethodData java/util/ArrayList rangeCheck (I)V 2 25413 orig 264 184 158 151 87 0 0 0 0 56 11 236 19 0 0 0 0 104 1 0 0 0 0 0 0 0 0 0 0 0 0 0 0 0 0 0 0 0 0 0 0 0 0 0 0 0 0 0 0 0 0 0 0 0 0 0 0 0 0 0 0 0 0 0 0 0 0 0 0 0 0 0 0 0 0 0 0 0 0 0 0 77 68 79 32 101 120 116 114 97 32 100 97 116 97 32 108 111 99 107 0 0 0 0 0 0 0 0 0 0 0 0 0 0 0 0 0 0 0 0 0 0 0 0 0 0 0 0 0 0 0 0 0 0 0 0 0 0 0 0 0 0 0 0 0 0 0 0 0 0 0 0 0 0 0 0 0 0 0 0 0 0 0 0 0 0 0 0 0 0 0 0 0 0 0 0 0 0 0 0 0 0 0 0 0 0 0 0 0 0 0 0 0 0 0 0 0 0 0 0 0 0 0 0 0 0 0 0 0 0 0 0 0 0 0 0 0 17 1 0 0 153 17 3 0 1 0 0 0 0 0 0 0 0 0 0 0 2 0 0 0 0 0 5 0 3 0 1 0 64 0 0 0 255 255 255 255 7 0 5 0 0 0 0 0 data 8 0x50007 0x627a 0x40 0x0 0xe0002 0x0 0x110002 0x0 oops 0
ciMethodData java/util/ArrayList elementData (I)Ljava/lang/Object; 2 25075 orig 264 184 158 151 87 0 0 0 0 184 1 236 19 0 0 0 0 40 1 0 0 0 0 0 0 0 0 0 0 0 0 0 0 0 0 0 0 0 0 0 0 0 0 0 0 0 0 0 0 0 0 0 0 0 0 0 0 0 0 0 0 0 0 0 0 0 0 0 0 0 0 0 0 0 0 0 0 0 0 0 0 77 68 79 32 101 120 116 114 97 32 100 97 116 97 32 108 111 99 107 0 0 0 0 0 0 0 0 0 0 0 0 0 0 0 0 0 0 0 0 0 0 0 0 0 0 0 0 0 0 0 0 0 0 0 0 0 0 0 0 0 0 0 0 0 0 0 0 0 0 0 0 0 0 0 0 0 0 0 0 0 0 0 0 0 0 0 0 0 0 0 0 0 0 0 0 0 0 0 0 0 0 0 0 0 0 0 0 0 0 0 0 0 0 0 0 0 0 0 0 0 0 0 0 0 0 0 0 0 0 0 0 0 0 0 0 0 17 1 0 0 17 7 3 0 1 0 0 0 0 0 0 0 0 0 0 0 2 0 0 0 0 0 3 0 3 0 0 0 0 0 0 0 255 255 255 255 0 0 0 0 0 0 0 0 data 0 oops 0
ciMethodData java/util/HashMap get (Ljava/lang/Object;)Ljava/lang/Object; 2 9182 orig 264 184 158 151 87 0 0 0 0 56 136 236 19 0 0 0 0 200 1 0 0 0 0 0 0 0 0 0 0 0 0 0 0 0 0 0 0 0 0 0 0 0 0 0 0 0 0 0 0 0 0 0 0 0 0 0 0 0 0 0 0 0 0 0 0 0 0 0 0 0 0 0 0 0 0 0 0 0 0 0 0 77 68 79 32 101 120 116 114 97 32 100 97 116 97 32 108 111 99 107 0 0 0 0 0 0 0 0 0 0 0 0 0 0 0 0 0 0 0 0 0 0 0 0 0 0 0 0 0 0 0 0 0 0 0 0 0 0 0 0 0 0 0 0 0 0 0 0 0 0 0 0 0 0 0 0 0 0 0 0 0 0 0 0 0 0 0 0 0 0 0 0 0 0 0 0 0 0 0 0 0 0 0 0 0 0 0 0 0 0 0 0 0 0 0 0 0 0 0 0 0 0 0 0 0 0 0 0 0 0 0 0 0 0 0 0 0 139 1 0 0 153 18 1 0 1 0 0 0 0 0 0 0 0 0 0 0 2 0 0 0 0 0 10 0 4 0 1 0 120 0 0 0 255 255 255 255 2 0 2 0 0 0 0 0 data 15 0x20002 0x2255 0x60005 0x0 0x16121620 0x224f 0x0 0x0 0xb0007 0x16a4 0x38 0xbb2 0xf0003 0xbb3 0x18 oops 1 4 java/util/HashMap
ciMethod java/lang/IndexOutOfBoundsException <init> (Ljava/lang/String;)V 0 0 1 0 -1
ciMethodData java/util/HashMap$Node <init> (ILjava/lang/Object;Ljava/lang/Object;Ljava/util/HashMap$Node;)V 2 2559 orig 264 184 158 151 87 0 0 0 0 96 189 236 19 0 0 0 0 80 1 0 0 0 0 0 0 0 0 0 0 0 0 0 0 0 0 0 0 0 0 0 0 0 0 0 0 0 0 0 0 0 0 0 0 0 0 0 0 0 0 0 0 0 0 0 0 0 0 0 0 0 0 0 0 0 0 0 0 0 0 0 0 77 68 79 32 101 120 116 114 97 32 100 97 116 97 32 108 111 99 107 0 0 0 0 0 0 0 0 0 0 0 0 0 0 0 0 0 0 0 0 0 0 0 0 0 0 0 0 0 0 0 0 0 0 0 0 0 0 0 0 0 0 0 0 0 0 0 0 0 0 0 0 0 0 0 0 0 0 0 0 0 0 0 0 0 0 0 0 0 0 0 0 0 0 0 0 0 0 0 0 0 0 0 0 0 0 0 0 0 0 0 0 0 0 0 0 0 0 0 0 0 0 0 0 0 0 0 0 0 0 0 0 0 0 0 0 0 7 1 0 0 193 71 0 0 1 0 0 0 0 0 0 0 0 0 0 0 2 0 0 0 0 0 3 0 3 0 1 0 16 0 0 0 255 255 255 255 2 0 1 0 0 0 0 0 data 2 0x10002 0x8f8 oops 0
ciMethodData java/util/HashMap newNode (ILjava/lang/Object;Ljava/lang/Object;Ljava/util/HashMap$Node;)Ljava/util/HashMap$Node; 2 2541 orig 264 184 158 151 87 0 0 0 0 24 168 236 19 0 0 0 0 80 1 0 0 0 0 0 0 0 0 0 0 0 0 0 0 0 0 0 0 0 0 0 0 0 0 0 0 0 0 0 0 0 0 0 0 0 0 0 0 0 0 0 0 0 0 0 0 0 0 0 0 0 0 0 0 0 0 0 0 0 0 0 0 77 68 79 32 101 120 116 114 97 32 100 97 116 97 32 108 111 99 107 0 0 0 0 0 0 0 0 0 0 0 0 0 0 0 0 0 0 0 0 0 0 0 0 0 0 0 0 0 0 0 0 0 0 0 0 0 0 0 0 0 0 0 0 0 0 0 0 0 0 0 0 0 0 0 0 0 0 0 0 0 0 0 0 0 0 0 0 0 0 0 0 0 0 0 0 0 0 0 0 0 0 0 0 0 0 0 0 0 0 0 0 0 0 0 0 0 0 0 0 0 0 0 0 0 0 0 0 0 0 0 0 0 0 0 0 0 3 1 0 0 81 71 0 0 1 0 0 0 0 0 0 0 0 0 0 0 2 0 0 0 0 0 3 0 3 0 1 0 16 0 0 0 255 255 255 255 2 0 9 0 0 0 0 0 data 2 0x90002 0x8ea oops 0
ciMethodData java/util/HashMap afterNodeInsertion (Z)V 2 1305 orig 264 184 158 151 87 0 0 0 0 224 171 236 19 0 0 0 0 40 1 0 0 0 0 0 0 0 0 0 0 0 0 0 0 0 0 0 0 0 0 0 0 0 0 0 0 0 0 0 0 0 0 0 0 0 0 0 0 0 0 0 0 0 0 0 0 0 0 0 0 0 0 0 0 0 0 0 0 0 0 0 0 77 68 79 32 101 120 116 114 97 32 100 97 116 97 32 108 111 99 107 0 0 0 0 0 0 0 0 0 0 0 0 0 0 0 0 0 0 0 0 0 0 0 0 0 0 0 0 0 0 0 0 0 0 0 0 0 0 0 0 0 0 0 0 0 0 0 0 0 0 0 0 0 0 0 0 0 0 0 0 0 0 0 0 0 0 0 0 0 0 0 0 0 0 0 0 0 0 0 0 0 0 0 0 0 0 0 0 0 0 0 0 0 0 0 0 0 0 0 0 0 0 0 0 0 0 0 0 0 0 0 0 0 0 0 0 0 22 1 0 0 25 32 0 0 1 0 0 0 0 0 0 0 0 0 0 0 2 0 0 0 0 0 3 0 3 0 0 0 0 0 0 0 255 255 255 255 0 0 0 0 0 0 0 0 data 0 oops 0
ciMethodData java/lang/Object equals (Ljava/lang/Object;)Z 1 1316 orig 264 184 158 151 87 0 0 0 0 240 6 222 19 0 0 0 0 136 1 0 0 0 0 0 0 0 0 0 0 0 0 0 0 0 0 0 0 0 0 0 0 0 0 0 0 0 0 0 0 0 0 0 0 0 0 0 0 0 0 0 0 0 0 0 0 0 0 0 0 0 0 0 0 0 0 0 0 0 0 0 0 77 68 79 32 101 120 116 114 97 32 100 97 116 97 32 108 111 99 107 0 0 0 0 0 0 0 0 0 0 0 0 0 0 0 0 0 0 0 0 0 0 0 0 0 0 0 0 0 0 0 0 0 0 0 0 0 0 0 0 0 0 0 0 0 0 0 0 0 0 0 0 0 0 0 0 0 0 0 0 0 0 0 0 0 0 0 0 0 0 0 0 0 0 0 0 0 0 0 0 0 0 0 0 0 0 0 0 0 0 0 0 0 0 0 0 0 0 0 0 0 0 0 0 0 0 0 0 0 0 0 0 0 0 0 0 0 0 2 0 0 33 25 0 0 1 0 0 0 0 0 0 0 0 0 0 0 2 0 0 0 0 0 6 0 3 0 1 0 56 0 0 0 255 255 255 255 7 0 2 0 0 0 0 0 data 7 0x20007 0x140 0x38 0x1e4 0x60003 0x1e4 0x18 oops 0
ciMethodData java/util/HashSet add (Ljava/lang/Object;)Z 1 691 orig 264 184 158 151 87 0 0 0 0 176 155 249 19 0 0 0 0 184 1 0 0 0 0 0 0 0 0 0 0 0 0 0 0 0 0 0 0 0 0 0 0 0 0 0 0 0 0 0 0 0 0 0 0 0 0 0 0 0 0 0 0 0 0 0 0 0 0 0 0 0 0 0 0 0 0 0 0 0 0 0 0 77 68 79 32 101 120 116 114 97 32 100 97 116 97 32 108 111 99 107 0 0 0 0 0 0 0 0 0 0 0 0 0 0 0 0 0 0 0 0 0 0 0 0 0 0 0 0 0 0 0 0 0 0 0 0 0 0 0 0 0 0 0 0 0 0 0 0 0 0 0 0 0 0 0 0 0 0 0 0 0 0 0 0 0 0 0 0 0 0 0 0 0 0 0 0 0 0 0 0 0 0 0 0 0 0 0 0 0 0 0 0 0 0 0 0 0 0 0 0 0 0 0 0 0 0 0 0 0 0 0 0 0 0 0 0 0 0 2 0 0 153 5 0 0 1 0 0 0 0 0 0 0 0 0 0 0 2 0 0 0 0 0 0 0 0 0 1 0 104 0 0 0 255 255 255 255 5 0 8 0 0 0 0 0 data 13 0x80005 0x0 0x16121620 0xb3 0x0 0x0 0xb0007 0x3b 0x38 0x78 0xf0003 0x78 0x18 oops 1 2 java/util/HashMap
ciMethod com/android/dx/rop/cst/Constant compareTo (Lcom/android/dx/rop/cst/Constant;)I 4097 1 5871 0 0
ciMethod com/android/dx/rop/cst/Constant compareTo0 (Lcom/android/dx/rop/cst/Constant;)I 0 0 1 0 -1
ciMethod com/android/dx/rop/type/TypeBearer getType ()Lcom/android/dx/rop/type/Type; 0 0 1 0 -1
ciMethod com/android/dx/rop/type/TypeBearer getBasicFrameType ()I 0 0 1 0 -1
ciMethod com/android/dx/rop/cst/CstString hashCode ()I 4097 1 1382 0 0
ciMethod com/android/dx/rop/cst/CstString compareTo0 (Lcom/android/dx/rop/cst/Constant;)I 3945 1 2643 0 0
ciMethod com/android/dx/util/MutabilityControl setImmutable ()V 4097 1 4052 0 -1
ciMethod com/android/dx/util/MutabilityControl throwIfImmutable ()V 2153 1 25290 0 -1
ciMethod com/android/dx/util/MutabilityException <init> (Ljava/lang/String;)V 0 0 1 0 -1
ciMethod com/android/dx/rop/type/Type equals (Ljava/lang/Object;)Z 4097 1 4050 0 0
ciMethod com/android/dx/rop/type/Type hashCode ()I 2225 1 5554 0 320
ciMethod com/android/dx/util/FixedSizeList equals (Ljava/lang/Object;)Z 4105 1 3443 0 -1
ciMethod com/android/dx/util/FixedSizeList size ()I 4097 1 10075 0 -1
ciMethod com/android/dx/util/FixedSizeList get0 (I)Ljava/lang/Object; 2289 1 7648 0 128
ciMethod com/android/dx/util/FixedSizeList set0 (ILjava/lang/Object;)V 4097 1 10693 0 -1
ciMethod com/android/dx/util/FixedSizeList throwIndex (I)Ljava/lang/Object; 0 0 1 0 -1
ciMethodData com/android/dx/util/MutabilityControl throwIfImmutable ()V 2 25290 orig 264 184 158 151 87 0 0 0 0 208 100 34 20 0 0 0 0 80 1 0 0 0 0 0 0 0 0 0 0 0 0 0 0 0 0 0 0 0 0 0 0 0 0 0 0 0 0 0 0 0 0 0 0 0 0 0 0 0 0 0 0 0 0 0 0 0 0 0 0 0 0 0 0 0 0 0 0 0 0 0 0 77 68 79 32 101 120 116 114 97 32 100 97 116 97 32 108 111 99 107 0 0 0 0 0 0 0 0 0 0 0 0 0 0 0 0 0 0 0 0 0 0 0 0 0 0 0 0 0 0 0 0 0 0 0 0 0 0 0 0 0 0 0 0 0 0 0 0 0 0 0 0 0 0 0 0 0 0 0 0 0 0 0 0 0 0 0 0 0 0 0 0 0 0 0 0 0 0 0 0 0 0 0 0 0 0 0 0 0 0 0 0 0 0 0 0 0 0 0 0 0 0 0 0 0 0 0 0 0 0 0 0 0 0 0 0 0 13 1 0 0 233 13 3 0 1 0 0 0 0 0 0 0 0 0 0 0 2 0 0 0 0 0 5 0 4 0 1 0 48 0 0 0 255 255 255 255 7 0 4 0 0 0 0 0 data 6 0x40007 0x61c4 0x30 0x0 0xd0002 0x0 oops 0
ciMethodData com/android/dx/util/FixedSizeList set0 (ILjava/lang/Object;)V 2 10695 orig 264 184 158 151 87 0 0 0 0 120 27 35 20 0 0 0 0 224 1 0 0 0 0 0 0 0 0 0 0 0 0 0 0 0 0 0 0 0 0 0 0 0 0 0 0 0 0 0 0 0 0 0 0 0 0 0 0 0 0 0 0 0 0 0 0 0 0 0 0 0 0 0 0 0 0 0 0 0 0 0 0 77 68 79 32 101 120 116 114 97 32 100 97 116 97 32 108 111 99 107 0 0 0 0 0 0 0 0 0 0 0 0 0 0 0 0 0 0 0 0 0 0 0 0 0 0 0 0 0 0 0 0 0 0 0 0 0 0 0 0 0 0 0 0 0 0 0 0 0 0 0 0 0 0 0 0 0 0 0 0 0 0 0 0 0 0 0 0 0 0 0 0 0 0 0 0 0 0 0 0 0 0 0 0 0 0 0 0 0 0 0 0 0 0 0 0 0 0 0 0 0 0 0 0 0 0 0 0 0 0 0 0 0 0 0 0 0 0 2 0 0 57 62 1 0 1 0 0 0 0 0 0 0 0 0 0 0 2 0 0 0 0 0 11 0 4 0 1 0 136 0 0 0 255 255 255 255 5 0 1 0 0 0 0 0 data 17 0x10005 0x23b5 0x161692c0 0x19d 0x16169370 0x279 0xa0004 0x0 0x16e536f0 0x2a0 0x16169420 0x38 0xb0003 0x27ce 0x28 0x110002 0x0 oops 4 2 com/android/dx/cf/code/LocalVariableList 4 com/android/dx/cf/iface/StdAttributeList 8 com/android/dx/rop/type/Type 10 com/android/dx/cf/iface/StdField
ciMethodData com/android/dx/util/FixedSizeList throwIndex (I)Ljava/lang/Object; 1 0 orig 264 184 158 151 87 0 0 0 0 88 28 35 20 0 0 0 0 104 1 0 0 32 0 0 0 0 0 0 0 0 0 0 0 0 0 0 0 0 0 0 0 0 0 0 0 0 0 0 0 0 0 0 0 0 0 0 0 0 0 0 0 0 0 0 0 0 0 0 0 0 0 0 0 0 0 0 0 0 0 0 0 77 68 79 32 101 120 116 114 97 32 100 97 116 97 32 108 111 99 107 0 0 0 0 0 0 0 0 0 0 0 0 0 0 0 0 0 0 0 0 0 0 0 0 0 0 0 0 0 0 0 0 0 0 0 0 0 0 0 0 0 0 0 0 0 0 0 0 0 0 0 0 0 0 0 0 0 0 0 0 0 0 0 0 0 0 0 0 0 0 0 0 0 0 0 0 0 0 0 0 0 0 0 0 0 0 0 0 0 0 0 0 0 0 0 0 0 0 0 0 0 0 0 0 0 0 0 0 0 0 0 0 0 0 0 0 0 0 0 0 0 1 0 0 0 1 0 0 0 0 0 0 0 0 0 0 0 2 0 0 0 0 0 0 0 0 0 1 0 64 0 0 0 255 255 255 255 7 0 1 0 0 0 0 0 data 8 0x10007 0x0 0x30 0x0 0xa0002 0x0 0x140002 0x0 oops 0
ciMethodData com/android/dx/util/FixedSizeList size ()I 2 10075 orig 264 184 158 151 87 0 0 0 0 40 23 35 20 0 0 0 0 32 1 0 0 0 0 0 0 0 0 0 0 0 0 0 0 0 0 0 0 0 0 0 0 0 0 0 0 0 0 0 0 0 0 0 0 0 0 0 0 0 0 0 0 0 0 0 0 0 0 0 0 0 0 0 0 0 0 0 0 0 0 0 0 77 68 79 32 101 120 116 114 97 32 100 97 116 97 32 108 111 99 107 0 0 0 0 0 0 0 0 0 0 0 0 0 0 0 0 0 0 0 0 0 0 0 0 0 0 0 0 0 0 0 0 0 0 0 0 0 0 0 0 0 0 0 0 0 0 0 0 0 0 0 0 0 0 0 0 0 0 0 0 0 0 0 0 0 0 0 0 0 0 0 0 0 0 0 0 0 0 0 0 0 0 0 0 0 0 0 0 0 0 0 0 0 0 0 0 0 0 0 0 0 0 0 0 0 0 0 0 0 0 0 0 0 0 0 0 0 0 2 0 0 217 42 1 0 1 0 0 0 0 0 0 0 0 0 0 0 2 0 0 0 0 0 3 0 3 0 0 0 0 0 0 0 255 255 255 255 0 0 0 0 0 0 0 0 data 0 oops 0
ciMethodData com/android/dx/util/FixedSizeList get0 (I)Ljava/lang/Object; 2 7648 orig 264 184 158 151 87 0 0 0 0 192 25 35 20 0 0 0 0 48 2 0 0 192 0 0 0 0 0 0 0 0 0 0 0 0 0 0 0 0 0 0 0 0 0 0 0 0 0 0 0 0 0 0 0 0 0 0 0 0 0 0 0 0 0 0 0 0 0 0 0 0 0 0 0 0 0 0 0 0 0 0 0 77 68 79 32 101 120 116 114 97 32 100 97 116 97 32 108 111 99 107 0 0 0 0 0 0 0 0 0 0 0 0 0 0 0 0 0 0 0 0 0 0 0 0 0 0 0 0 0 0 0 0 0 0 0 0 0 0 0 0 0 0 0 0 0 0 0 0 0 0 0 0 0 0 0 0 0 0 0 0 0 0 0 0 0 0 0 0 0 0 0 0 0 0 0 0 0 0 0 0 0 0 0 0 0 0 0 0 0 0 0 0 0 0 0 0 0 0 0 0 0 0 0 0 0 0 0 0 0 0 0 0 0 0 0 0 0 28 1 0 0 17 230 0 0 1 0 0 0 0 0 0 0 0 0 0 0 2 0 0 0 0 0 9 0 4 0 1 0 224 0 0 0 255 255 255 255 7 0 8 0 0 0 0 0 data 28 0x80007 0x1cc6 0xd0 0x0 0x130002 0x0 0x180005 0x0 0x0 0x0 0x0 0x0 0x1c0005 0x0 0x0 0x0 0x0 0x0 0x1f0005 0x0 0x0 0x0 0x0 0x0 0x220002 0x0 0x2b0002 0x0 oops 0
ciMethodData com/android/dx/rop/cst/Constant compareTo (Lcom/android/dx/rop/cst/Constant;)I 2 5871 orig 264 184 158 151 87 0 0 0 0 224 129 31 20 0 0 0 0 144 2 0 0 224 0 0 0 0 0 0 0 0 0 0 0 0 0 0 0 0 0 0 0 0 0 0 0 0 0 0 0 0 0 0 0 0 0 0 0 0 0 0 0 0 0 0 0 0 0 0 0 0 0 0 0 0 0 0 0 0 0 0 0 77 68 79 32 101 120 116 114 97 32 100 97 116 97 32 108 111 99 107 0 0 0 0 0 0 0 0 0 0 0 0 0 0 0 0 0 0 0 0 0 0 0 0 0 0 0 0 0 0 0 0 0 0 0 0 0 0 0 0 0 0 0 0 0 0 0 0 0 0 0 0 0 0 0 0 0 0 0 0 0 0 0 0 0 0 0 0 0 0 0 0 0 0 0 0 0 0 0 0 0 0 0 0 0 0 0 0 0 0 0 0 0 0 0 0 0 0 0 0 0 0 0 0 0 0 0 0 0 0 0 0 0 0 0 0 0 0 2 0 0 121 167 0 0 1 0 0 0 0 0 0 0 0 0 0 0 2 0 0 0 0 0 13 0 3 0 1 0 64 1 0 0 255 255 255 255 5 0 1 0 0 0 0 0 data 40 0x10005 0xca0 0x161f9160 0x30f 0x161f9210 0x540 0x60005 0xca1 0x161f9160 0x30f 0x161f9210 0x540 0xc0007 0x14f0 0xb0 0x0 0x100005 0x0 0x0 0x0 0x0 0x0 0x140005 0x0 0x0 0x0 0x0 0x0 0x170005 0x0 0x0 0x0 0x0 0x0 0x1d0005 0xa10 0x161f9160 0x378 0x161f9210 0x5a9 oops 6 2 com/android/dx/rop/cst/CstFieldRef 4 com/android/dx/rop/cst/CstType 8 com/android/dx/rop/cst/CstFieldRef 10 com/android/dx/rop/cst/CstType 36 com/android/dx/rop/cst/CstFieldRef 38 com/android/dx/rop/cst/CstType
ciMethod com/android/dx/rop/code/Insn <init> (Lcom/android/dx/rop/code/Rop;Lcom/android/dx/rop/code/SourcePosition;Lcom/android/dx/rop/code/RegisterSpec;Lcom/android/dx/rop/code/RegisterSpecList;)V 4097 1 3326 0 0
ciMethod com/android/dx/rop/code/Insn getOpcode ()Lcom/android/dx/rop/code/Rop; 1049 1 131 0 0
ciMethod com/android/dx/rop/code/Insn getResult ()Lcom/android/dx/rop/code/RegisterSpec; 1033 1 129 0 -1
ciMethod com/android/dx/rop/code/Insn getSources ()Lcom/android/dx/rop/code/RegisterSpecList; 1249 1 156 0 0
ciMethod com/android/dx/rop/code/Insn withNewRegisters (Lcom/android/dx/rop/code/RegisterSpec;Lcom/android/dx/rop/code/RegisterSpecList;)Lcom/android/dx/rop/code/Insn; 0 0 1 0 -1
ciMethod com/android/dx/rop/code/PlainInsn <init> (Lcom/android/dx/rop/code/Rop;Lcom/android/dx/rop/code/SourcePosition;Lcom/android/dx/rop/code/RegisterSpec;Lcom/android/dx/rop/code/RegisterSpecList;)V 4097 1 1836 0 0
ciMethodData com/android/dx/rop/cst/CstString compareTo0 (Lcom/android/dx/rop/cst/Constant;)I 2 2643 orig 264 184 158 151 87 0 0 0 0 240 209 33 20 0 0 0 0 176 1 0 0 0 0 0 0 0 0 0 0 0 0 0 0 0 0 0 0 0 0 0 0 0 0 0 0 0 0 0 0 0 0 0 0 0 0 0 0 0 0 0 0 0 0 0 0 0 0 0 0 0 0 0 0 0 0 0 0 0 0 0 0 77 68 79 32 101 120 116 114 97 32 100 97 116 97 32 108 111 99 107 0 0 0 0 0 0 0 0 0 0 0 0 0 0 0 0 0 0 0 0 0 0 0 0 0 0 0 0 0 0 0 0 0 0 0 0 0 0 0 0 0 0 0 0 0 0 0 0 0 0 0 0 0 0 0 0 0 0 0 0 0 0 0 0 0 0 0 0 0 0 0 0 0 0 0 0 0 0 0 0 0 0 0 0 0 0 0 0 0 0 0 0 0 0 0 0 0 0 0 0 0 0 0 0 0 0 0 0 0 0 0 0 0 0 0 0 0 237 1 0 0 49 67 0 0 1 0 0 0 0 0 0 0 0 0 0 0 2 0 0 0 0 0 3 0 3 0 1 0 96 0 0 0 255 255 255 255 4 0 5 0 0 0 0 0 data 12 0x50004 0x0 0x16e27b90 0x6a7 0x0 0x0 0xb0005 0xdf 0x20881b0 0x788 0x0 0x0 oops 2 2 com/android/dx/rop/cst/CstString 8 java/lang/String
ciMethod com/android/dx/rop/code/LocalItem equals (Ljava/lang/Object;)Z 4097 1 2894 0 0
ciMethod com/android/dx/rop/code/LocalItem compareHandlesNulls (Lcom/android/dx/rop/cst/CstString;Lcom/android/dx/rop/cst/CstString;)I 4097 1 2355 0 0
ciMethod com/android/dx/rop/code/LocalItem compareTo (Lcom/android/dx/rop/code/LocalItem;)I 3745 1 1997 0 0
ciMethod com/android/dx/rop/code/LocalItem hashCode ()I 1129 1 1118 0 0
ciMethod com/android/dx/rop/code/RegisterSpec intern (ILcom/android/dx/rop/type/TypeBearer;Lcom/android/dx/rop/code/LocalItem;)Lcom/android/dx/rop/code/RegisterSpec; 3641 1 4480 0 0
ciMethod com/android/dx/rop/code/RegisterSpec make (ILcom/android/dx/rop/type/TypeBearer;Lcom/android/dx/rop/code/LocalItem;)Lcom/android/dx/rop/code/RegisterSpec; 289 1 32 0 0
ciMethod com/android/dx/rop/code/RegisterSpec makeLocalOptional (ILcom/android/dx/rop/type/TypeBearer;Lcom/android/dx/rop/code/LocalItem;)Lcom/android/dx/rop/code/RegisterSpec; 4129 1 2862 0 0
ciMethod com/android/dx/rop/code/RegisterSpec <init> (ILcom/android/dx/rop/type/TypeBearer;Lcom/android/dx/rop/code/LocalItem;)V 1353 1 902 0 -1
ciMethod com/android/dx/rop/code/RegisterSpec equals (Ljava/lang/Object;)Z 4097 1 1419 0 0
ciMethod com/android/dx/rop/code/RegisterSpec equals (ILcom/android/dx/rop/type/TypeBearer;Lcom/android/dx/rop/code/LocalItem;)Z 4097 1 4817 0 0
ciMethod com/android/dx/rop/code/RegisterSpec hashCode ()I 1353 1 902 0 0
ciMethod com/android/dx/rop/code/RegisterSpec hashCodeOf (ILcom/android/dx/rop/type/TypeBearer;Lcom/android/dx/rop/code/LocalItem;)I 4097 1 5381 0 0
ciMethod com/android/dx/rop/code/RegisterSpec getType ()Lcom/android/dx/rop/type/Type; 4097 1 716 0 0
ciMethod com/android/dx/rop/code/RegisterSpec getReg ()I 1041 1 130 0 0
ciMethod com/android/dx/rop/code/RegisterSpec getLocalItem ()Lcom/android/dx/rop/code/LocalItem; 1393 1 174 0 0
ciMethod com/android/dx/rop/code/RegisterSpec withReg (I)Lcom/android/dx/rop/code/RegisterSpec; 5121 1 2942 0 -1
ciMethod com/android/dx/rop/code/RegisterSpec withLocalItem (Lcom/android/dx/rop/code/LocalItem;)Lcom/android/dx/rop/code/RegisterSpec; 121 1 15 0 -1
ciMethod com/android/dx/rop/code/RegisterSpec <init> (ILcom/android/dx/rop/type/TypeBearer;Lcom/android/dx/rop/code/LocalItem;Lcom/android/dx/rop/code/RegisterSpec$1;)V 1353 1 902 0 -1
ciMethod com/android/dx/rop/code/RegisterSpec access$500 (Lcom/android/dx/rop/code/RegisterSpec;ILcom/android/dx/rop/type/TypeBearer;Lcom/android/dx/rop/code/LocalItem;)Z 4097 1 2940 0 0
ciMethod com/android/dx/rop/code/RegisterSpec access$600 (ILcom/android/dx/rop/type/TypeBearer;Lcom/android/dx/rop/code/LocalItem;)I 3697 1 4488 0 0
ciMethod com/android/dx/rop/code/RegisterSpec$ForComparison set (ILcom/android/dx/rop/type/TypeBearer;Lcom/android/dx/rop/code/LocalItem;)V 3697 1 4488 0 0
ciMethod com/android/dx/rop/code/RegisterSpec$ForComparison toRegisterSpec ()Lcom/android/dx/rop/code/RegisterSpec; 1353 1 893 0 0
ciMethod com/android/dx/rop/code/RegisterSpec$ForComparison equals (Ljava/lang/Object;)Z 4097 1 2940 0 0
ciMethod com/android/dx/rop/code/RegisterSpec$ForComparison hashCode ()I 3697 1 4488 0 0
ciMethod com/android/dx/rop/code/RegisterSpec$ForComparison access$100 (Lcom/android/dx/rop/code/RegisterSpec$ForComparison;)I 0 0 1 0 -1
ciMethod com/android/dx/rop/code/RegisterSpec$ForComparison access$200 (Lcom/android/dx/rop/code/RegisterSpec$ForComparison;)Lcom/android/dx/rop/type/TypeBearer; 0 0 1 0 -1
ciMethod com/android/dx/rop/code/RegisterSpec$ForComparison access$300 (Lcom/android/dx/rop/code/RegisterSpec$ForComparison;)Lcom/android/dx/rop/code/LocalItem; 0 0 1 0 -1
ciMethod com/android/dx/rop/code/Rops opMarkLocal (Lcom/android/dx/rop/type/TypeBearer;)Lcom/android/dx/rop/code/Rop; 289 1 32 0 0
ciMethod com/android/dx/rop/code/Rops throwBadType (Lcom/android/dx/rop/type/TypeBearer;)Lcom/android/dx/rop/code/Rop; 0 0 1 0 -1
ciMethod com/android/dx/rop/code/Rop getOpcode ()I 1369 1 171 0 0
ciMethod com/android/dx/rop/code/Rop getBranchingness ()I 1777 1 222 0 0
ciMethod com/android/dx/rop/code/RegisterSpecList make (Lcom/android/dx/rop/code/RegisterSpec;)Lcom/android/dx/rop/code/RegisterSpecList; 1249 1 132 0 0
ciMethod com/android/dx/rop/code/RegisterSpecList <init> (I)V 4097 1 4127 0 -1
ciMethod com/android/dx/rop/code/RegisterSpecList get (I)Lcom/android/dx/rop/code/RegisterSpec; 4097 1 5456 0 0
ciMethod com/android/dx/rop/code/RegisterSpecList set (ILcom/android/dx/rop/code/RegisterSpec;)V 4105 1 2750 0 -1
ciMethod com/android/dx/ssa/Optimizer getPreserveLocals ()Z 3769 1 1698 0 0
ciMethod com/android/dx/ssa/SsaMethod onSourcesChanged (Lcom/android/dx/ssa/SsaInsn;Lcom/android/dx/rop/code/RegisterSpecList;)V 3001 17 1069 0 -1
ciMethod com/android/dx/ssa/SsaMethod removeFromUseList (Lcom/android/dx/ssa/SsaInsn;Lcom/android/dx/rop/code/RegisterSpecList;)V 993 1433 136 0 -1
ciMethod com/android/dx/ssa/SsaInsn$Visitor visitMoveInsn (Lcom/android/dx/ssa/NormalSsaInsn;)V 0 0 1 0 -1
ciMethod com/android/dx/ssa/SsaInsn$Visitor visitPhiInsn (Lcom/android/dx/ssa/PhiInsn;)V 0 0 1 0 -1
ciMethod com/android/dx/ssa/SsaInsn$Visitor visitNonMoveInsn (Lcom/android/dx/ssa/NormalSsaInsn;)V 0 0 1 0 -1
ciMethod com/android/dx/ssa/SsaInsn <init> (Lcom/android/dx/rop/code/RegisterSpec;Lcom/android/dx/ssa/SsaBasicBlock;)V 4097 1 1575 0 -1
ciMethod com/android/dx/ssa/SsaInsn makeFromRop (Lcom/android/dx/rop/code/Insn;Lcom/android/dx/ssa/SsaBasicBlock;)Lcom/android/dx/ssa/SsaInsn; 329 1 36 0 0
ciMethod com/android/dx/ssa/SsaInsn getResult ()Lcom/android/dx/rop/code/RegisterSpec; 1073 1 134 0 0
ciMethod com/android/dx/ssa/SsaInsn getSources ()Lcom/android/dx/rop/code/RegisterSpecList; 0 0 1 0 -1
ciMethod com/android/dx/ssa/SsaInsn getBlock ()Lcom/android/dx/ssa/SsaBasicBlock; 1577 1 197 0 -1
ciMethod com/android/dx/ssa/SsaInsn changeResultReg (I)V 3329 1 422 0 -1
ciMethod com/android/dx/ssa/SsaInsn accept (Lcom/android/dx/ssa/SsaInsn$Visitor;)V 0 0 1 0 -1
ciMethod com/android/dx/ssa/NormalSsaInsn <init> (Lcom/android/dx/rop/code/Insn;Lcom/android/dx/ssa/SsaBasicBlock;)V 4097 1 1301 0 -1
ciMethod com/android/dx/ssa/NormalSsaInsn mapSourceRegisters (Lcom/android/dx/ssa/RegisterMapper;)V 4097 1 2784 0 0
ciMethod com/android/dx/ssa/NormalSsaInsn getSources ()Lcom/android/dx/rop/code/RegisterSpecList; 4097 1 4974 0 0
ciMethod com/android/dx/ssa/NormalSsaInsn isNormalMoveInsn ()Z 2113 1 7351 0 96
ciMethod com/android/dx/ssa/NormalSsaInsn accept (Lcom/android/dx/ssa/SsaInsn$Visitor;)V 2233 1 6578 0 192
ciMethod com/android/dx/ssa/SsaBasicBlock getParent ()Lcom/android/dx/ssa/SsaMethod; 1257 1 157 0 -1
ciMethod com/android/dx/ssa/SsaBasicBlock forEachInsn (Lcom/android/dx/ssa/SsaInsn$Visitor;)V 3257 3585 5535 0 -1
ciMethod com/android/dx/ssa/SsaRenamer getLocalForNewReg (I)Lcom/android/dx/rop/code/LocalItem; 3281 1 322 0 0
ciMethod com/android/dx/ssa/SsaRenamer equalsHandlesNulls (Ljava/lang/Object;Ljava/lang/Object;)Z 3281 1 337 0 0
ciMethod com/android/dx/ssa/SsaRenamer access$100 (Lcom/android/dx/ssa/SsaRenamer;)I 1433 1 179 0 -1
ciMethod com/android/dx/ssa/SsaRenamer access$400 (Lcom/android/dx/ssa/SsaRenamer;Lcom/android/dx/rop/code/RegisterSpec;)V 2729 1 372 0 -1
ciMethod com/android/dx/ssa/SsaRenamer access$500 (Lcom/android/dx/ssa/SsaRenamer;I)Lcom/android/dx/rop/code/LocalItem; 3281 1 322 0 0
ciMethod com/android/dx/ssa/SsaRenamer access$600 (Ljava/lang/Object;Ljava/lang/Object;)Z 3281 1 322 0 0
ciMethod com/android/dx/ssa/SsaRenamer access$700 (Lcom/android/dx/ssa/SsaRenamer;)I 1289 1 161 0 0
ciMethod com/android/dx/ssa/SsaRenamer access$800 (Lcom/android/dx/ssa/SsaRenamer;I)Z 4097 1 691 0 -1
ciMethod com/android/dx/ssa/SsaRenamer access$108 (Lcom/android/dx/ssa/SsaRenamer;)I 3337 1 423 0 -1
ciMethod com/android/dx/ssa/SsaRenamer$BlockRenamer addMapping (ILcom/android/dx/rop/code/RegisterSpec;)V 2481 32769 719 0 0
ciMethod com/android/dx/ssa/SsaRenamer$BlockRenamer visitMoveInsn (Lcom/android/dx/ssa/NormalSsaInsn;)V 3289 1 323 0 0
ciMethod com/android/dx/ssa/SsaRenamer$BlockRenamer processResultReg (Lcom/android/dx/ssa/SsaInsn;)V 4097 1 999 0 0
ciMethod com/android/dx/ssa/RegisterMapper map (Lcom/android/dx/rop/code/RegisterSpec;)Lcom/android/dx/rop/code/RegisterSpec; 0 0 1 0 -1
ciMethod com/android/dx/ssa/RegisterMapper map (Lcom/android/dx/rop/code/RegisterSpecList;)Lcom/android/dx/rop/code/RegisterSpecList; 4105 2009 2865 0 -1
ciMethod com/android/dx/ssa/PhiInsn accept (Lcom/android/dx/ssa/SsaInsn$Visitor;)V 4105 1 689 0 0
ciMethodData com/android/dx/ssa/NormalSsaInsn isNormalMoveInsn ()Z 2 7351 orig 264 184 158 151 87 0 0 0 0 120 4 47 20 0 0 0 0 224 1 0 0 0 0 0 0 0 0 0 0 0 0 0 0 0 0 0 0 0 0 0 0 0 0 0 0 0 0 0 0 0 0 0 0 0 0 0 0 0 0 0 0 0 0 0 0 0 0 0 0 0 0 0 0 0 0 0 0 0 0 0 0 77 68 79 32 101 120 116 114 97 32 100 97 116 97 32 108 111 99 107 0 0 0 0 0 0 0 0 0 0 0 0 0 0 0 0 0 0 0 0 0 0 0 0 0 0 0 0 0 0 0 0 0 0 0 0 0 0 0 0 0 0 0 0 0 0 0 0 0 0 0 0 0 0 0 0 0 0 0 0 0 0 0 0 0 0 0 0 0 0 0 0 0 0 0 0 0 0 0 0 0 0 0 0 0 0 0 0 0 0 0 0 0 0 0 0 0 0 0 0 0 0 0 0 0 0 0 0 0 0 0 0 0 0 0 0 0 8 1 0 0 121 221 0 0 1 0 0 0 0 0 0 0 0 0 0 0 2 0 0 0 0 0 6 0 4 0 1 0 152 0 0 0 255 255 255 255 5 0 4 0 0 0 0 0 data 19 0x40005 0x1820 0x147ae5d0 0x391 0x147ae5d0 0x1 0x70005 0x6 0x147adc70 0x1bab 0x0 0x0 0xb0007 0x19f9 0x38 0x1b9 0xf0003 0x1b9 0x18 oops 3 2 com/android/dx/rop/code/PlainCstInsn 4 com/android/dx/rop/code/PlainCstInsn 8 com/android/dx/rop/code/Rop
ciMethodData com/android/dx/ssa/NormalSsaInsn accept (Lcom/android/dx/ssa/SsaInsn$Visitor;)V 2 6578 orig 264 184 158 151 87 0 0 0 0 200 6 47 20 0 0 0 0 24 2 0 0 128 0 0 0 0 0 0 0 0 0 0 0 0 0 0 0 0 0 0 0 0 0 0 0 0 0 0 0 0 0 0 0 0 0 0 0 0 0 0 0 0 0 0 0 0 0 0 0 0 0 0 0 0 0 0 0 0 0 0 0 77 68 79 32 101 120 116 114 97 32 100 97 116 97 32 108 111 99 107 0 0 0 0 0 0 0 0 0 0 0 0 0 0 0 0 0 0 0 0 0 0 0 0 0 0 0 0 0 0 0 0 0 0 0 0 0 0 0 0 0 0 0 0 0 0 0 0 0 0 0 0 0 0 0 0 0 0 0 0 0 0 0 0 0 0 0 0 0 0 0 0 0 0 0 0 0 0 0 0 0 0 0 0 0 0 0 0 0 0 0 0 0 0 0 0 0 0 0 0 0 0 0 0 0 0 0 0 0 0 0 0 0 0 0 0 0 23 1 0 0 217 196 0 0 1 0 0 0 0 0 0 0 0 0 0 0 2 0 0 0 0 0 10 0 4 0 1 0 200 0 0 0 255 255 255 255 5 0 1 0 0 0 0 0 data 25 0x10005 0x0 0x16e6f5d0 0x189d 0x0 0x0 0x40007 0x17a3 0x68 0xfb 0x90005 0x9 0x147ac660 0xf1 0x147ac710 0x1 0xe0003 0xfb 0x48 0x130005 0x1299 0x147ac660 0x277 0x147ac710 0x293 oops 5 2 com/android/dx/ssa/NormalSsaInsn 12 com/android/dx/ssa/SsaRenamer$BlockRenamer 14 com/android/dx/ssa/MoveParamCombiner$1 21 com/android/dx/ssa/SsaRenamer$BlockRenamer 23 com/android/dx/ssa/MoveParamCombiner$1
ciMethodData com/android/dx/rop/type/Type hashCode ()I 2 5554 orig 264 184 158 151 87 0 0 0 0 112 154 34 20 0 0 0 0 120 1 0 0 0 0 0 0 0 0 0 0 0 0 0 0 0 0 0 0 0 0 0 0 0 0 0 0 0 0 0 0 0 0 0 0 0 0 0 0 0 0 0 0 0 0 0 0 0 0 0 0 0 0 0 0 0 0 0 0 0 0 0 0 77 68 79 32 101 120 116 114 97 32 100 97 116 97 32 108 111 99 107 0 0 0 0 0 0 0 0 0 0 0 0 0 0 0 0 0 0 0 0 0 0 0 0 0 0 0 0 0 0 0 0 0 0 0 0 0 0 0 0 0 0 0 0 0 0 0 0 0 0 0 0 0 0 0 0 0 0 0 0 0 0 0 0 0 0 0 0 0 0 0 0 0 0 0 0 0 0 0 0 0 0 0 0 0 0 0 0 0 0 0 0 0 0 0 0 0 0 0 0 0 0 0 0 0 0 0 0 0 0 0 0 0 0 0 0 0 22 1 0 0 225 164 0 0 1 0 0 0 0 0 0 0 0 0 0 0 2 0 0 0 0 0 3 0 4 0 1 0 48 0 0 0 255 255 255 255 5 0 4 0 0 0 0 0 data 6 0x40005 0x2c 0x20881b0 0x1470 0x0 0x0 oops 1 2 java/lang/String
ciMethodData com/android/dx/ssa/SsaBasicBlock forEachInsn (Lcom/android/dx/ssa/SsaInsn$Visitor;)V 2 8954 orig 264 184 158 151 87 0 0 0 0 232 104 47 20 0 0 0 0 72 2 0 0 0 0 0 0 0 0 0 0 0 0 0 0 0 0 0 0 0 0 0 0 0 0 0 0 0 0 0 0 0 0 0 0 0 0 0 0 0 0 0 0 0 0 0 0 0 0 0 0 0 0 0 0 0 0 0 0 0 0 0 0 77 68 79 32 101 120 116 114 97 32 100 97 116 97 32 108 111 99 107 0 0 0 0 0 0 0 0 0 0 0 0 0 0 0 0 0 0 0 0 0 0 0 0 0 0 0 0 0 0 0 0 0 0 0 0 0 0 0 0 0 0 0 0 0 0 0 0 0 0 0 0 0 0 0 0 0 0 0 0 0 0 0 0 0 0 0 0 0 0 0 0 0 0 0 0 0 0 0 0 0 0 0 0 0 0 0 0 0 0 0 0 0 0 0 0 0 0 0 0 0 0 0 0 0 0 0 0 0 0 0 0 0 0 0 0 0 189 1 0 0 89 160 0 0 193 9 1 0 0 0 0 0 0 0 0 0 2 0 0 0 1 0 10 0 3 0 1 0 248 0 0 0 255 255 255 255 5 0 4 0 0 0 0 0 data 31 0x40005 0x0 0x16e6f520 0x140d 0x0 0x0 0xc0007 0x140a 0xc8 0x213d 0x140005 0x0 0x16e6f520 0x213d 0x0 0x0 0x170004 0x0 0x16e6f5d0 0x1e90 0x16e6f680 0x2ad 0x1b0005 0x0 0x16e6f5d0 0x1e8f 0x16e6f680 0x2ad 0x210003 0x2137 0xffffffffffffff50 oops 6 2 java/util/ArrayList 12 java/util/ArrayList 18 com/android/dx/ssa/NormalSsaInsn 20 com/android/dx/ssa/PhiInsn 24 com/android/dx/ssa/NormalSsaInsn 26 com/android/dx/ssa/PhiInsn
ciMethodData com/android/dx/rop/code/RegisterSpec hashCodeOf (ILcom/android/dx/rop/type/TypeBearer;Lcom/android/dx/rop/code/LocalItem;)I 2 5381 orig 264 184 158 151 87 0 0 0 0 176 154 44 20 0 0 0 0 240 1 0 0 80 0 0 0 0 0 0 0 0 0 0 0 0 0 0 0 0 0 0 0 0 0 0 0 0 0 0 0 0 0 0 0 0 0 0 0 0 0 0 0 0 0 0 0 0 0 0 0 0 0 0 0 0 0 0 0 0 0 0 0 77 68 79 32 101 120 116 114 97 32 100 97 116 97 32 108 111 99 107 0 0 0 0 0 0 0 0 0 0 0 0 0 0 0 0 0 0 0 0 0 0 0 0 0 0 0 0 0 0 0 0 0 0 0 0 0 0 0 0 0 0 0 0 0 0 0 0 0 0 0 0 0 0 0 0 0 0 0 0 0 0 0 0 0 0 0 0 0 0 0 0 0 0 0 0 0 0 0 0 0 0 0 0 0 0 0 0 0 0 0 0 0 0 0 0 0 0 0 0 0 0 0 0 0 0 0 0 0 0 0 0 0 0 0 0 0 0 2 0 0 41 152 0 0 1 0 0 0 0 0 0 0 0 0 0 0 2 0 0 0 0 0 6 0 3 0 1 0 152 0 0 0 255 255 255 255 7 0 1 0 0 0 0 0 data 19 0x10007 0xf29 0x68 0x3dc 0x50005 0x0 0x16e52520 0x3dc 0x0 0x0 0x80003 0x3dc 0x18 0x120005 0x9e 0x1639fba0 0xe5 0x16e536f0 0x1182 oops 3 6 com/android/dx/rop/code/LocalItem 15 com/android/dx/rop/cst/CstInteger 17 com/android/dx/rop/type/Type
ciMethodData com/android/dx/rop/code/LocalItem hashCode ()I 1 1118 orig 264 184 158 151 87 0 0 0 0 208 123 44 20 0 0 0 0 24 2 0 0 136 0 0 0 0 0 0 0 0 0 0 0 0 0 0 0 0 0 0 0 0 0 0 0 0 0 0 0 0 0 0 0 0 0 0 0 0 0 0 0 0 0 0 0 0 0 0 0 0 0 0 0 0 0 0 0 0 0 0 0 77 68 79 32 101 120 116 114 97 32 100 97 116 97 32 108 111 99 107 0 0 0 0 0 0 0 0 0 0 0 0 0 0 0 0 0 0 0 0 0 0 0 0 0 0 0 0 0 0 0 0 0 0 0 0 0 0 0 0 0 0 0 0 0 0 0 0 0 0 0 0 0 0 0 0 0 0 0 0 0 0 0 0 0 0 0 0 0 0 0 0 0 0 0 0 0 0 0 0 0 0 0 0 0 0 0 0 0 0 0 0 0 0 0 0 0 0 0 0 0 0 0 0 0 0 0 0 0 0 0 0 0 0 0 0 0 141 0 0 0 137 30 0 0 1 0 0 0 0 0 0 0 0 0 0 0 2 0 0 0 0 0 0 0 0 0 1 0 208 0 0 0 255 255 255 255 7 0 4 0 0 0 0 0 data 26 0x40007 0x3d1 0x38 0x0 0x80003 0x0 0x48 0xf0005 0x3d1 0x0 0x0 0x0 0x0 0x190007 0xe 0x38 0x3c3 0x1d0003 0x3c3 0x48 0x240005 0xe 0x0 0x0 0x0 0x0 oops 0
ciMethodData com/android/dx/rop/code/RegisterSpec intern (ILcom/android/dx/rop/type/TypeBearer;Lcom/android/dx/rop/code/LocalItem;)Lcom/android/dx/rop/code/RegisterSpec; 2 4480 orig 264 184 158 151 87 0 0 0 0 136 143 44 20 0 0 0 0 104 2 0 0 144 0 0 0 0 0 0 0 0 0 0 0 0 0 0 0 0 0 0 0 0 0 0 0 0 0 0 0 0 0 0 0 0 0 0 0 0 0 0 0 0 0 0 0 0 0 0 0 0 0 0 0 0 0 0 0 0 0 0 0 77 68 79 32 101 120 116 114 97 32 100 97 116 97 32 108 111 99 107 0 0 0 0 0 0 0 0 0 0 0 0 0 0 0 0 0 0 0 0 0 0 0 0 0 0 0 0 0 0 0 0 0 0 0 0 0 0 0 0 0 0 0 0 0 0 0 0 0 0 0 0 0 0 0 0 0 0 0 0 0 0 0 0 0 0 0 0 0 0 0 0 0 0 0 0 0 0 0 0 0 0 0 0 0 0 0 0 0 0 0 0 0 0 0 0 0 0 0 0 0 0 0 0 0 0 0 0 0 0 0 0 0 0 0 0 0 199 1 0 0 201 125 0 0 1 0 0 0 0 0 0 0 0 0 0 0 2 0 0 0 0 0 21 0 3 0 1 0 16 1 0 0 255 255 255 255 5 0 12 0 0 0 0 0 data 34 0xc0005 0x0 0x161fd8b0 0xfba 0x0 0x0 0x150005 0x0 0x16121620 0xfba 0x0 0x0 0x180104 0x0 0x16e50240 0xce5 0x0 0x0 0x1f0007 0x2d5 0x20 0xce5 0x2a0005 0x0 0x161fd8b0 0x2d5 0x0 0x0 0x360005 0x0 0x16121620 0x2d5 0x0 0x0 oops 5 2 com/android/dx/rop/code/RegisterSpec$ForComparison 8 java/util/HashMap 14 com/android/dx/rop/code/RegisterSpec 24 com/android/dx/rop/code/RegisterSpec$ForComparison 30 java/util/HashMap
ciMethodData com/android/dx/rop/code/RegisterSpec$ForComparison set (ILcom/android/dx/rop/type/TypeBearer;Lcom/android/dx/rop/code/LocalItem;)V 2 4488 orig 264 184 158 151 87 0 0 0 0 224 189 44 20 0 0 0 0 56 1 0 0 0 0 0 0 0 0 0 0 0 0 0 0 0 0 0 0 0 0 0 0 0 0 0 0 0 0 0 0 0 0 0 0 0 0 0 0 0 0 0 0 0 0 0 0 0 0 0 0 0 0 0 0 0 0 0 0 0 0 0 0 77 68 79 32 101 120 116 114 97 32 100 97 116 97 32 108 111 99 107 0 0 0 0 0 0 0 0 0 0 0 0 0 0 0 0 0 0 0 0 0 0 0 0 0 0 0 0 0 0 0 0 0 0 0 0 0 0 0 0 0 0 0 0 0 0 0 0 0 0 0 0 0 0 0 0 0 0 0 0 0 0 0 0 0 0 0 0 0 0 0 0 0 0 0 0 0 0 0 0 0 0 0 0 0 0 0 0 0 0 0 0 0 0 0 0 0 0 0 0 0 0 0 0 0 0 0 0 0 0 0 0 0 0 0 0 0 206 1 0 0 209 125 0 0 1 0 0 0 0 0 0 0 0 0 0 0 2 0 0 0 0 0 0 0 0 0 1 0 0 0 0 0 255 255 255 255 0 0 0 0 0 0 0 0 data 0 oops 0
ciMethodData com/android/dx/rop/code/RegisterSpec$ForComparison hashCode ()I 2 4488 orig 264 184 158 151 87 0 0 0 0 48 192 44 20 0 0 0 0 88 1 0 0 0 0 0 0 0 0 0 0 0 0 0 0 0 0 0 0 0 0 0 0 0 0 0 0 0 0 0 0 0 0 0 0 0 0 0 0 0 0 0 0 0 0 0 0 0 0 0 0 0 0 0 0 0 0 0 0 0 0 0 0 77 68 79 32 101 120 116 114 97 32 100 97 116 97 32 108 111 99 107 0 0 0 0 0 0 0 0 0 0 0 0 0 0 0 0 0 0 0 0 0 0 0 0 0 0 0 0 0 0 0 0 0 0 0 0 0 0 0 0 0 0 0 0 0 0 0 0 0 0 0 0 0 0 0 0 0 0 0 0 0 0 0 0 0 0 0 0 0 0 0 0 0 0 0 0 0 0 0 0 0 0 0 0 0 0 0 0 0 0 0 0 0 0 0 0 0 0 0 0 0 0 0 0 0 0 0 0 0 0 0 0 0 0 0 0 0 206 1 0 0 209 125 0 0 1 0 0 0 0 0 0 0 0 0 0 0 2 0 0 0 0 0 0 0 0 0 1 0 16 0 0 0 255 255 255 255 2 0 12 0 0 0 0 0 data 2 0xc0002 0xfba oops 0
ciMethodData com/android/dx/rop/code/RegisterSpec access$600 (ILcom/android/dx/rop/type/TypeBearer;Lcom/android/dx/rop/code/LocalItem;)I 2 4488 orig 264 184 158 151 87 0 0 0 0 48 176 44 20 0 0 0 0 104 1 0 0 0 0 0 0 0 0 0 0 0 0 0 0 0 0 0 0 0 0 0 0 0 0 0 0 0 0 0 0 0 0 0 0 0 0 0 0 0 0 0 0 0 0 0 0 0 0 0 0 0 0 0 0 0 0 0 0 0 0 0 0 77 68 79 32 101 120 116 114 97 32 100 97 116 97 32 108 111 99 107 0 0 0 0 0 0 0 0 0 0 0 0 0 0 0 0 0 0 0 0 0 0 0 0 0 0 0 0 0 0 0 0 0 0 0 0 0 0 0 0 0 0 0 0 0 0 0 0 0 0 0 0 0 0 0 0 0 0 0 0 0 0 0 0 0 0 0 0 0 0 0 0 0 0 0 0 0 0 0 0 0 0 0 0 0 0 0 0 0 0 0 0 0 0 0 0 0 0 0 0 0 0 0 0 0 0 0 0 0 0 0 0 0 0 0 0 0 206 1 0 0 209 125 0 0 1 0 0 0 0 0 0 0 0 0 0 0 2 0 0 0 0 0 0 0 0 0 1 0 16 0 0 0 255 255 255 255 2 0 3 0 0 0 0 0 data 2 0x30002 0xfba oops 0
ciMethodData com/android/dx/rop/code/RegisterSpec$ForComparison toRegisterSpec ()Lcom/android/dx/rop/code/RegisterSpec; 1 902 orig 264 184 158 151 87 0 0 0 0 144 190 44 20 0 0 0 0 48 1 0 0 0 0 0 0 0 0 0 0 0 0 0 0 0 0 0 0 0 0 0 0 0 0 0 0 0 0 0 0 0 0 0 0 0 0 0 0 0 0 0 0 0 0 0 0 0 0 0 0 0 0 0 0 0 0 0 0 0 0 0 0 77 68 79 32 101 120 116 114 97 32 100 97 116 97 32 108 111 99 107 0 0 0 0 0 0 0 0 0 0 0 0 0 0 0 0 0 0 0 0 0 0 0 0 0 0 0 0 0 0 0 0 0 0 0 0 0 0 0 0 0 0 0 0 0 0 0 0 0 0 0 0 0 0 0 0 0 0 0 0 0 0 0 0 0 0 0 0 0 0 0 0 0 0 0 0 0 0 0 0 0 0 0 0 0 0 0 0 0 0 0 0 0 0 0 0 0 0 0 0 0 0 0 0 0 0 0 0 0 0 0 0 0 0 0 0 0 169 0 0 0 233 22 0 0 1 0 0 0 0 0 0 0 0 0 0 0 2 0 0 0 0 0 0 0 0 0 1 0 16 0 0 0 255 255 255 255 2 0 17 0 0 0 0 0 data 2 0x110002 0x2dd oops 0
ciMethodData com/android/dx/rop/code/RegisterSpec <init> (ILcom/android/dx/rop/type/TypeBearer;Lcom/android/dx/rop/code/LocalItem;Lcom/android/dx/rop/code/RegisterSpec$1;)V 1 1006 orig 264 184 158 151 87 0 0 0 0 168 174 44 20 0 0 0 0 80 1 0 0 0 0 0 0 0 0 0 0 0 0 0 0 0 0 0 0 0 0 0 0 0 0 0 0 0 0 0 0 0 0 0 0 0 0 0 0 0 0 0 0 0 0 0 0 0 0 0 0 0 0 0 0 0 0 0 0 0 0 0 0 77 68 79 32 101 120 116 114 97 32 100 97 116 97 32 108 111 99 107 0 0 0 0 0 0 0 0 0 0 0 0 0 0 0 0 0 0 0 0 0 0 0 0 0 0 0 0 0 0 0 0 0 0 0 0 0 0 0 0 0 0 0 0 0 0 0 0 0 0 0 0 0 0 0 0 0 0 0 0 0 0 0 0 0 0 0 0 0 0 0 0 0 0 0 0 0 0 0 0 0 0 0 0 0 0 0 0 0 0 0 0 0 0 0 0 0 0 0 0 0 0 0 0 0 0 0 0 0 0 0 0 0 0 0 0 0 169 0 0 0 41 26 0 0 1 0 0 0 0 0 0 0 0 0 0 0 2 0 0 0 0 0 0 0 0 0 1 0 16 0 0 0 255 255 255 255 2 0 4 0 0 0 0 0 data 2 0x40002 0x345 oops 0
ciMethodData com/android/dx/rop/code/RegisterSpec <init> (ILcom/android/dx/rop/type/TypeBearer;Lcom/android/dx/rop/code/LocalItem;)V 1 1006 orig 264 184 158 151 87 0 0 0 0 176 147 44 20 0 0 0 0 168 1 0 0 48 0 0 0 0 0 0 0 0 0 0 0 0 0 0 0 0 0 0 0 0 0 0 0 0 0 0 0 0 0 0 0 0 0 0 0 0 0 0 0 0 0 0 0 0 0 0 0 0 0 0 0 0 0 0 0 0 0 0 0 77 68 79 32 101 120 116 114 97 32 100 97 116 97 32 108 111 99 107 0 0 0 0 0 0 0 0 0 0 0 0 0 0 0 0 0 0 0 0 0 0 0 0 0 0 0 0 0 0 0 0 0 0 0 0 0 0 0 0 0 0 0 0 0 0 0 0 0 0 0 0 0 0 0 0 0 0 0 0 0 0 0 0 0 0 0 0 0 0 0 0 0 0 0 0 0 0 0 0 0 0 0 0 0 0 0 0 0 0 0 0 0 0 0 0 0 0 0 0 0 0 0 0 0 0 0 0 0 0 0 0 0 0 0 0 0 169 0 0 0 41 26 0 0 1 0 0 0 0 0 0 0 0 0 0 0 2 0 0 0 0 0 7 0 3 0 1 0 112 0 0 0 255 255 255 255 2 0 1 0 0 0 0 0 data 14 0x10002 0x345 0x50007 0x345 0x30 0x0 0xe0002 0x0 0x130007 0x345 0x30 0x0 0x1c0002 0x0 oops 0
ciMethodData com/android/dx/rop/code/RegisterSpec hashCode ()I 1 902 orig 264 184 158 151 87 0 0 0 0 208 153 44 20 0 0 0 0 88 1 0 0 0 0 0 0 0 0 0 0 0 0 0 0 0 0 0 0 0 0 0 0 0 0 0 0 0 0 0 0 0 0 0 0 0 0 0 0 0 0 0 0 0 0 0 0 0 0 0 0 0 0 0 0 0 0 0 0 0 0 0 0 77 68 79 32 101 120 116 114 97 32 100 97 116 97 32 108 111 99 107 0 0 0 0 0 0 0 0 0 0 0 0 0 0 0 0 0 0 0 0 0 0 0 0 0 0 0 0 0 0 0 0 0 0 0 0 0 0 0 0 0 0 0 0 0 0 0 0 0 0 0 0 0 0 0 0 0 0 0 0 0 0 0 0 0 0 0 0 0 0 0 0 0 0 0 0 0 0 0 0 0 0 0 0 0 0 0 0 0 0 0 0 0 0 0 0 0 0 0 0 0 0 0 0 0 0 0 0 0 0 0 0 0 0 0 0 0 169 0 0 0 233 22 0 0 1 0 0 0 0 0 0 0 0 0 0 0 2 0 0 0 0 0 0 0 0 0 1 0 16 0 0 0 255 255 255 255 2 0 12 0 0 0 0 0 data 2 0xc0002 0x2dd oops 0
ciMethodData com/android/dx/ssa/NormalSsaInsn getSources ()Lcom/android/dx/rop/code/RegisterSpecList; 2 5006 orig 264 184 158 151 87 0 0 0 0 64 255 46 20 0 0 0 0 120 1 0 0 0 0 0 0 0 0 0 0 0 0 0 0 0 0 0 0 0 0 0 0 0 0 0 0 0 0 0 0 0 0 0 0 0 0 0 0 0 0 0 0 0 0 0 0 0 0 0 0 0 0 0 0 0 0 0 0 0 0 0 0 77 68 79 32 101 120 116 114 97 32 100 97 116 97 32 108 111 99 107 0 0 0 0 0 0 0 0 0 0 0 0 0 0 0 0 0 0 0 0 0 0 0 0 0 0 0 0 0 0 0 0 0 0 0 0 0 0 0 0 0 0 0 0 0 0 0 0 0 0 0 0 0 0 0 0 0 0 0 0 0 0 0 0 0 0 0 0 0 0 0 0 0 0 0 0 0 0 0 0 0 0 0 0 0 0 0 0 0 0 0 0 0 0 0 0 0 0 0 0 0 0 0 0 0 0 0 0 0 0 0 0 0 0 0 0 0 0 2 0 0 113 140 0 0 1 0 0 0 0 0 0 0 0 0 0 0 2 0 0 0 0 0 3 0 3 0 1 0 48 0 0 0 255 255 255 255 5 0 4 0 0 0 0 0 data 6 0x40005 0x649 0x16e55ad0 0x9e6 0x147ae5d0 0x160 oops 2 2 com/android/dx/rop/code/PlainInsn 4 com/android/dx/rop/code/PlainCstInsn
ciMethodData com/android/dx/rop/code/RegisterSpec equals (ILcom/android/dx/rop/type/TypeBearer;Lcom/android/dx/rop/code/LocalItem;)Z 2 4817 orig 264 184 158 151 87 0 0 0 0 208 151 44 20 0 0 0 0 120 2 0 0 224 0 0 0 0 0 0 0 0 0 0 0 0 0 0 0 0 0 0 0 0 0 0 0 0 0 0 0 0 0 0 0 0 0 0 0 0 0 0 0 0 0 0 0 0 0 0 0 0 0 0 0 0 0 0 0 0 0 0 0 77 68 79 32 101 120 116 114 97 32 100 97 116 97 32 108 111 99 107 0 0 0 0 0 0 0 0 0 0 0 0 0 0 0 0 0 0 0 0 0 0 0 0 0 0 0 0 0 0 0 0 0 0 0 0 0 0 0 0 0 0 0 0 0 0 0 0 0 0 0 0 0 0 0 0 0 0 0 0 0 0 0 0 0 0 0 0 0 0 0 0 0 0 0 0 0 0 0 0 0 0 0 0 0 0 0 0 0 0 0 0 0 0 0 0 0 0 0 0 0 0 0 0 0 0 0 0 0 0 0 0 0 0 0 0 0 0 2 0 0 137 134 0 0 1 0 0 0 0 0 0 0 0 0 0 0 2 0 0 0 0 0 22 0 3 0 1 0 24 1 0 0 255 255 255 255 7 0 5 0 0 0 0 0 data 35 0x50007 0x3e4 0x118 0xced 0xd0005 0x64 0x16e536f0 0xbfc 0x1639fba0 0x8d 0x100007 0x25 0xc8 0xcc8 0x180007 0xc80 0x90 0x48 0x1f0007 0x0 0x88 0x48 0x270005 0x0 0x16e52520 0x48 0x0 0x0 0x2a0007 0x0 0x38 0x48 0x2e0003 0xcc8 0x18 oops 3 6 com/android/dx/rop/type/Type 8 com/android/dx/rop/cst/CstInteger 24 com/android/dx/rop/code/LocalItem
ciMethodData com/android/dx/rop/type/Type equals (Ljava/lang/Object;)Z 2 4054 orig 264 184 158 151 87 0 0 0 0 176 153 34 20 0 0 0 0 32 2 0 0 80 0 0 0 0 0 0 0 0 0 0 0 0 0 0 0 0 0 0 0 0 0 0 0 0 0 0 0 0 0 0 0 0 0 0 0 0 0 0 0 0 0 0 0 0 0 0 0 0 0 0 0 0 0 0 0 0 0 0 0 77 68 79 32 101 120 116 114 97 32 100 97 116 97 32 108 111 99 107 0 0 0 0 0 0 0 0 0 0 0 0 0 0 0 0 0 0 0 0 0 0 0 0 0 0 0 0 0 0 0 0 0 0 0 0 0 0 0 0 0 0 0 0 0 0 0 0 0 0 0 0 0 0 0 0 0 0 0 0 0 0 0 0 0 0 0 0 0 0 0 0 0 0 0 0 0 0 0 0 0 0 0 0 0 0 0 0 0 0 0 0 0 0 0 0 0 0 0 0 0 0 0 0 0 0 0 0 0 0 0 0 0 0 0 0 0 0 2 0 0 177 110 0 0 1 0 0 0 0 0 0 0 0 0 0 0 2 0 0 0 0 0 7 0 3 0 1 0 208 0 0 0 255 255 255 255 7 0 2 0 0 0 0 0 data 26 0x20007 0xa3 0x20 0xd33 0x80004 0xfffffffffffffffe 0x16e536f0 0xa1 0x0 0x0 0xb0007 0xa1 0x20 0x2 0x150004 0x0 0x16e536f0 0xa1 0x0 0x0 0x1b0005 0xe 0x20881b0 0x93 0x0 0x0 oops 3 6 com/android/dx/rop/type/Type 16 com/android/dx/rop/type/Type 22 java/lang/String
ciMethodData com/android/dx/rop/code/RegisterSpecList get (I)Lcom/android/dx/rop/code/RegisterSpec; 2 5509 orig 264 184 158 151 87 0 0 0 0 128 182 45 20 0 0 0 0 176 1 0 0 0 0 0 0 0 0 0 0 0 0 0 0 0 0 0 0 0 0 0 0 0 0 0 0 0 0 0 0 0 0 0 0 0 0 0 0 0 0 0 0 0 0 0 0 0 0 0 0 0 0 0 0 0 0 0 0 0 0 0 0 77 68 79 32 101 120 116 114 97 32 100 97 116 97 32 108 111 99 107 0 0 0 0 0 0 0 0 0 0 0 0 0 0 0 0 0 0 0 0 0 0 0 0 0 0 0 0 0 0 0 0 0 0 0 0 0 0 0 0 0 0 0 0 0 0 0 0 0 0 0 0 0 0 0 0 0 0 0 0 0 0 0 0 0 0 0 0 0 0 0 0 0 0 0 0 0 0 0 0 0 0 0 0 0 0 0 0 0 0 0 0 0 0 0 0 0 0 0 0 0 0 0 0 0 0 0 0 0 0 0 0 0 0 0 0 0 0 2 0 0 41 156 0 0 1 0 0 0 0 0 0 0 0 0 0 0 2 0 0 0 0 0 3 0 3 0 1 0 96 0 0 0 255 255 255 255 5 0 2 0 0 0 0 0 data 12 0x20005 0x185 0x16e50df0 0x1200 0x0 0x0 0x50004 0x0 0x16e50240 0x1385 0x0 0x0 oops 2 2 com/android/dx/rop/code/RegisterSpecList 8 com/android/dx/rop/code/RegisterSpec
ciMethodData com/android/dx/rop/code/Insn <init> (Lcom/android/dx/rop/code/Rop;Lcom/android/dx/rop/code/SourcePosition;Lcom/android/dx/rop/code/RegisterSpec;Lcom/android/dx/rop/code/RegisterSpecList;)V 2 3326 orig 264 184 158 151 87 0 0 0 0 80 198 40 20 0 0 0 0 224 1 0 0 96 0 0 0 0 0 0 0 0 0 0 0 0 0 0 0 0 0 0 0 0 0 0 0 0 0 0 0 0 0 0 0 0 0 0 0 0 0 0 0 0 0 0 0 0 0 0 0 0 0 0 0 0 0 0 0 0 0 0 0 77 68 79 32 101 120 116 114 97 32 100 97 116 97 32 108 111 99 107 0 0 0 0 0 0 0 0 0 0 0 0 0 0 0 0 0 0 0 0 0 0 0 0 0 0 0 0 0 0 0 0 0 0 0 0 0 0 0 0 0 0 0 0 0 0 0 0 0 0 0 0 0 0 0 0 0 0 0 0 0 0 0 0 0 0 0 0 0 0 0 0 0 0 0 0 0 0 0 0 0 0 0 0 0 0 0 0 0 0 0 0 0 0 0 0 0 0 0 0 0 0 0 0 0 0 0 0 0 0 0 0 0 0 0 0 0 0 2 0 0 241 87 0 0 1 0 0 0 0 0 0 0 0 0 0 0 2 0 0 0 0 0 9 0 3 0 1 0 160 0 0 0 255 255 255 255 2 0 1 0 0 0 0 0 data 20 0x10002 0xafe 0x50007 0xafe 0x30 0x0 0xe0002 0x0 0x130007 0xafe 0x30 0x0 0x1c0002 0x0 0x220007 0xafe 0x30 0x0 0x2b0002 0x0 oops 0
ciMethodData com/android/dx/rop/code/LocalItem equals (Ljava/lang/Object;)Z 2 2897 orig 264 184 158 151 87 0 0 0 0 32 121 44 20 0 0 0 0 56 2 0 0 48 0 0 0 0 0 0 0 0 0 0 0 0 0 0 0 0 0 0 0 0 0 0 0 0 0 0 0 0 0 0 0 0 0 0 0 0 0 0 0 0 0 0 0 0 0 0 0 0 0 0 0 0 0 0 0 0 0 0 0 77 68 79 32 101 120 116 114 97 32 100 97 116 97 32 108 111 99 107 0 0 0 0 0 0 0 0 0 0 0 0 0 0 0 0 0 0 0 0 0 0 0 0 0 0 0 0 0 0 0 0 0 0 0 0 0 0 0 0 0 0 0 0 0 0 0 0 0 0 0 0 0 0 0 0 0 0 0 0 0 0 0 0 0 0 0 0 0 0 0 0 0 0 0 0 0 0 0 0 0 0 0 0 0 0 0 0 0 0 0 0 0 0 0 0 0 0 0 0 0 0 0 0 0 0 0 0 0 0 0 0 0 0 0 0 0 0 2 0 0 137 74 0 0 1 0 0 0 0 0 0 0 0 0 0 0 2 0 0 0 0 0 25 0 3 0 1 0 232 0 0 0 255 255 255 255 4 1 1 0 0 0 0 0 data 29 0x10104 0x0 0x16e52520 0x589 0x0 0x0 0x40007 0x589 0x20 0x3c8 0xa0004 0x0 0x16e52520 0x548 0x0 0x0 0x110005 0x0 0x16e52520 0x589 0x0 0x0 0x140007 0x48a 0x38 0xff 0x180003 0xff 0x18 oops 3 2 com/android/dx/rop/code/LocalItem 12 com/android/dx/rop/code/LocalItem 18 com/android/dx/rop/code/LocalItem
ciMethodData com/android/dx/rop/code/RegisterSpec$ForComparison equals (Ljava/lang/Object;)Z 2 2942 orig 264 184 158 151 87 0 0 0 0 104 191 44 20 0 0 0 0 224 1 0 0 48 0 0 0 0 0 0 0 0 0 0 0 0 0 0 0 0 0 0 0 0 0 0 0 0 0 0 0 0 0 0 0 0 0 0 0 0 0 0 0 0 0 0 0 0 0 0 0 0 0 0 0 0 0 0 0 0 0 0 0 77 68 79 32 101 120 116 114 97 32 100 97 116 97 32 108 111 99 107 0 0 0 0 0 0 0 0 0 0 0 0 0 0 0 0 0 0 0 0 0 0 0 0 0 0 0 0 0 0 0 0 0 0 0 0 0 0 0 0 0 0 0 0 0 0 0 0 0 0 0 0 0 0 0 0 0 0 0 0 0 0 0 0 0 0 0 0 0 0 0 0 0 0 0 0 0 0 0 0 0 0 0 0 0 0 0 0 0 0 0 0 0 0 0 0 0 0 0 0 0 0 0 0 0 0 0 0 0 0 0 0 0 0 0 0 0 0 2 0 0 241 75 0 0 1 0 0 0 0 0 0 0 0 0 0 0 2 0 0 0 0 0 5 0 3 0 1 0 144 0 0 0 255 255 255 255 4 0 1 0 0 0 0 0 data 18 0x10004 0x0 0x16e50240 0x97e 0x0 0x0 0x40007 0x97e 0x20 0x0 0xa0004 0x0 0x16e50240 0x97e 0x0 0x0 0x1b0002 0x97e oops 2 2 com/android/dx/rop/code/RegisterSpec 12 com/android/dx/rop/code/RegisterSpec
ciMethodData com/android/dx/rop/code/RegisterSpec access$500 (Lcom/android/dx/rop/code/RegisterSpec;ILcom/android/dx/rop/type/TypeBearer;Lcom/android/dx/rop/code/LocalItem;)Z 2 2942 orig 264 184 158 151 87 0 0 0 0 112 175 44 20 0 0 0 0 72 1 0 0 0 0 0 0 0 0 0 0 0 0 0 0 0 0 0 0 0 0 0 0 0 0 0 0 0 0 0 0 0 0 0 0 0 0 0 0 0 0 0 0 0 0 0 0 0 0 0 0 0 0 0 0 0 0 0 0 0 0 0 0 77 68 79 32 101 120 116 114 97 32 100 97 116 97 32 108 111 99 107 0 0 0 0 0 0 0 0 0 0 0 0 0 0 0 0 0 0 0 0 0 0 0 0 0 0 0 0 0 0 0 0 0 0 0 0 0 0 0 0 0 0 0 0 0 0 0 0 0 0 0 0 0 0 0 0 0 0 0 0 0 0 0 0 0 0 0 0 0 0 0 0 0 0 0 0 0 0 0 0 0 0 0 0 0 0 0 0 0 0 0 0 0 0 0 0 0 0 0 0 0 0 0 0 0 0 0 0 0 0 0 0 0 0 0 0 0 0 2 0 0 241 75 0 0 1 0 0 0 0 0 0 0 0 0 0 0 2 0 0 0 0 0 3 0 3 0 1 0 16 0 0 0 255 255 255 255 2 0 4 0 0 0 0 0 data 2 0x40002 0x97e oops 0
ciMethodData com/android/dx/rop/code/RegisterSpec makeLocalOptional (ILcom/android/dx/rop/type/TypeBearer;Lcom/android/dx/rop/code/LocalItem;)Lcom/android/dx/rop/code/RegisterSpec; 2 3011 orig 264 184 158 151 87 0 0 0 0 8 146 44 20 0 0 0 0 104 1 0 0 0 0 0 0 0 0 0 0 0 0 0 0 0 0 0 0 0 0 0 0 0 0 0 0 0 0 0 0 0 0 0 0 0 0 0 0 0 0 0 0 0 0 0 0 0 0 0 0 0 0 0 0 0 0 0 0 0 0 0 0 77 68 79 32 101 120 116 114 97 32 100 97 116 97 32 108 111 99 107 0 0 0 0 0 0 0 0 0 0 0 0 0 0 0 0 0 0 0 0 0 0 0 0 0 0 0 0 0 0 0 0 0 0 0 0 0 0 0 0 0 0 0 0 0 0 0 0 0 0 0 0 0 0 0 0 0 0 0 0 0 0 0 0 0 0 0 0 0 0 0 0 0 0 0 0 0 0 0 0 0 0 0 0 0 0 0 0 0 0 0 0 0 0 0 0 0 0 0 0 0 0 0 0 0 0 0 0 0 0 0 0 0 0 0 0 0 4 2 0 0 249 77 0 0 1 0 0 0 0 0 0 0 0 0 0 0 2 0 0 0 0 0 3 0 3 0 1 0 16 0 0 0 255 255 255 255 2 0 3 0 0 0 0 0 data 2 0x30002 0x9bf oops 0
ciMethodData com/android/dx/ssa/RegisterMapper map (Lcom/android/dx/rop/code/RegisterSpecList;)Lcom/android/dx/rop/code/RegisterSpecList; 2 3446 orig 264 184 158 151 87 0 0 0 0 128 140 48 20 0 0 0 0 240 2 0 0 48 0 0 0 0 0 0 0 0 0 0 0 0 0 0 0 0 0 0 0 0 0 0 0 0 0 0 0 0 0 0 0 0 0 0 0 0 0 0 0 0 0 0 0 0 0 0 0 0 0 0 0 0 0 0 0 0 0 0 0 77 68 79 32 101 120 116 114 97 32 100 97 116 97 32 108 111 99 107 0 0 0 0 0 0 0 0 0 0 0 0 0 0 0 0 0 0 0 0 0 0 0 0 0 0 0 0 0 0 0 0 0 0 0 0 0 0 0 0 0 0 0 0 0 0 0 0 0 0 0 0 0 0 0 0 0 0 0 0 0 0 0 0 0 0 0 0 0 0 0 0 0 0 0 0 0 0 0 0 0 0 0 0 0 0 0 0 0 0 0 0 0 0 0 0 0 0 0 0 0 0 0 0 0 0 0 0 0 0 0 0 0 0 0 0 0 1 2 0 0 169 91 0 0 241 46 0 0 0 0 0 0 0 0 0 0 2 0 0 0 1 0 19 0 3 0 1 0 160 1 0 0 255 255 255 255 5 0 1 0 0 0 0 0 data 52 0x10005 0x1ab 0x16e50df0 0x9ca 0x0 0x0 0xa0002 0xb76 0x140007 0xb75 0xc8 0x5dd 0x1e0005 0xcc 0x16e50df0 0x511 0x0 0x0 0x210005 0x1b2 0x16e511c0 0x28b 0x1616f1d0 0x1a0 0x240005 0xcc 0x16e50df0 0x511 0x0 0x0 0x2a0003 0x5dd 0xffffffffffffff50 0x2e0005 0x0 0x16e50df0 0xb76 0x0 0x0 0x330005 0x0 0x16e50df0 0xb76 0x0 0x0 0x360007 0x44e 0x38 0x728 0x3a0003 0x728 0x18 oops 7 2 com/android/dx/rop/code/RegisterSpecList 14 com/android/dx/rop/code/RegisterSpecList 20 com/android/dx/ssa/SsaRenamer$BlockRenamer$RenamingMapper 22 com/android/dx/ssa/InterferenceRegisterMapper 26 com/android/dx/rop/code/RegisterSpecList 35 com/android/dx/rop/code/RegisterSpecList 41 com/android/dx/rop/code/RegisterSpecList
ciMethodData com/android/dx/util/FixedSizeList equals (Ljava/lang/Object;)Z 2 3443 orig 264 184 158 151 87 0 0 0 0 128 18 35 20 0 0 0 0 80 2 0 0 160 0 0 0 0 0 0 0 0 0 0 0 0 0 0 0 0 0 0 0 0 0 0 0 0 0 0 0 0 0 0 0 0 0 0 0 0 0 0 0 0 0 0 0 0 0 0 0 0 0 0 0 0 0 0 0 0 0 0 0 77 68 79 32 101 120 116 114 97 32 100 97 116 97 32 108 111 99 107 0 0 0 0 0 0 0 0 0 0 0 0 0 0 0 0 0 0 0 0 0 0 0 0 0 0 0 0 0 0 0 0 0 0 0 0 0 0 0 0 0 0 0 0 0 0 0 0 0 0 0 0 0 0 0 0 0 0 0 0 0 0 0 0 0 0 0 0 0 0 0 0 0 0 0 0 0 0 0 0 0 0 0 0 0 0 0 0 0 0 0 0 0 0 0 0 0 0 0 0 0 0 0 0 0 0 0 0 0 0 0 0 0 0 0 0 0 1 2 0 0 145 91 0 0 1 0 0 0 0 0 0 0 0 0 0 0 2 0 0 0 0 0 10 0 3 0 1 0 0 1 0 0 255 255 255 255 7 0 2 0 0 0 0 0 data 32 0x20007 0xb72 0x20 0x0 0x80007 0x0 0xa0 0xb72 0xc0005 0x23a 0x16e50df0 0x939 0x0 0x0 0x100005 0x23a 0x16e50df0 0x939 0x0 0x0 0x130007 0xb73 0x20 0x0 0x190004 0x0 0x16e50df0 0xb73 0x0 0x0 0x250002 0xb73 oops 3 10 com/android/dx/rop/code/RegisterSpecList 16 com/android/dx/rop/code/RegisterSpecList 26 com/android/dx/rop/code/RegisterSpecList
ciMethodData com/android/dx/ssa/NormalSsaInsn mapSourceRegisters (Lcom/android/dx/ssa/RegisterMapper;)V 2 3441 orig 264 184 158 151 87 0 0 0 0 0 251 46 20 0 0 0 0 192 2 0 0 0 0 0 0 0 0 0 0 0 0 0 0 0 0 0 0 0 0 0 0 0 0 0 0 0 0 0 0 0 0 0 0 0 0 0 0 0 0 0 0 0 0 0 0 0 0 0 0 0 0 0 0 0 0 0 0 0 0 0 0 77 68 79 32 101 120 116 114 97 32 100 97 116 97 32 108 111 99 107 0 0 0 0 0 0 0 0 0 0 0 0 0 0 0 0 0 0 0 0 0 0 0 0 0 0 0 0 0 0 0 0 0 0 0 0 0 0 0 0 0 0 0 0 0 0 0 0 0 0 0 0 0 0 0 0 0 0 0 0 0 0 0 0 0 0 0 0 0 0 0 0 0 0 0 0 0 0 0 0 0 0 0 0 0 0 0 0 0 0 0 0 0 0 0 0 0 0 0 0 0 0 0 0 0 0 0 0 0 0 0 0 0 0 0 0 0 0 2 0 0 137 91 0 0 1 0 0 0 0 0 0 0 0 0 0 0 2 0 0 0 0 0 6 0 3 0 1 0 112 1 0 0 255 255 255 255 5 0 4 0 0 0 0 0 data 46 0x40005 0x43d 0x147ae5d0 0x113 0x16e55ad0 0x621 0xa0005 0x5df 0x1616f1d0 0x2c9 0x1616f280 0x2c9 0x100007 0x724 0x110 0x44d 0x190005 0x0 0x16e6f5d0 0x44d 0x0 0x0 0x1d0005 0x48 0x16e55ad0 0x1f9 0x1616f330 0x20c 0x240005 0x0 0x16e6f5d0 0x44d 0x0 0x0 0x270005 0xba 0x16e6f040 0x393 0x0 0x0 0x2c0005 0xba 0x16db54f0 0x393 0x0 0x0 oops 10 2 com/android/dx/rop/code/PlainCstInsn 4 com/android/dx/rop/code/PlainInsn 8 com/android/dx/ssa/InterferenceRegisterMapper 10 com/android/dx/ssa/BasicRegisterMapper 18 com/android/dx/ssa/NormalSsaInsn 24 com/android/dx/rop/code/PlainInsn 26 com/android/dx/rop/code/ThrowingCstInsn 30 com/android/dx/ssa/NormalSsaInsn 36 com/android/dx/ssa/SsaBasicBlock 42 com/android/dx/ssa/SsaMethod
ciMethodData com/android/dx/rop/code/LocalItem compareHandlesNulls (Lcom/android/dx/rop/cst/CstString;Lcom/android/dx/rop/cst/CstString;)I 2 2355 orig 264 184 158 151 87 0 0 0 0 0 122 44 20 0 0 0 0 224 1 0 0 64 0 0 0 0 0 0 0 0 0 0 0 0 0 0 0 0 0 0 0 0 0 0 0 0 0 0 0 0 0 0 0 0 0 0 0 0 0 0 0 0 0 0 0 0 0 0 0 0 0 0 0 0 0 0 0 0 0 0 0 77 68 79 32 101 120 116 114 97 32 100 97 116 97 32 108 111 99 107 0 0 0 0 0 0 0 0 0 0 0 0 0 0 0 0 0 0 0 0 0 0 0 0 0 0 0 0 0 0 0 0 0 0 0 0 0 0 0 0 0 0 0 0 0 0 0 0 0 0 0 0 0 0 0 0 0 0 0 0 0 0 0 0 0 0 0 0 0 0 0 0 0 0 0 0 0 0 0 0 0 0 0 0 0 0 0 0 0 0 0 0 0 0 0 0 0 0 0 0 0 0 0 0 0 0 0 0 0 0 0 0 0 0 0 0 0 0 2 0 0 153 57 0 0 1 0 0 0 0 0 0 0 0 0 0 0 2 0 0 0 0 0 20 0 3 0 1 0 144 0 0 0 255 255 255 255 7 0 2 0 0 0 0 0 data 18 0x20007 0x502 0x20 0x232 0x80007 0x502 0x20 0x0 0xe0007 0x502 0x20 0x0 0x150005 0x108 0x16e27b90 0x3fa 0x0 0x0 oops 1 14 com/android/dx/rop/cst/CstString
ciMethodData com/android/dx/rop/code/RegisterSpecList set (ILcom/android/dx/rop/code/RegisterSpec;)V 2 3160 orig 264 184 158 151 87 0 0 0 0 112 185 45 20 0 0 0 0 136 1 0 0 0 0 0 0 0 0 0 0 0 0 0 0 0 0 0 0 0 0 0 0 0 0 0 0 0 0 0 0 0 0 0 0 0 0 0 0 0 0 0 0 0 0 0 0 0 0 0 0 0 0 0 0 0 0 0 0 0 0 0 0 77 68 79 32 101 120 116 114 97 32 100 97 116 97 32 108 111 99 107 0 0 0 0 0 0 0 0 0 0 0 0 0 0 0 0 0 0 0 0 0 0 0 0 0 0 0 0 0 0 0 0 0 0 0 0 0 0 0 0 0 0 0 0 0 0 0 0 0 0 0 0 0 0 0 0 0 0 0 0 0 0 0 0 0 0 0 0 0 0 0 0 0 0 0 0 0 0 0 0 0 0 0 0 0 0 0 0 0 0 0 0 0 0 0 0 0 0 0 0 0 0 0 0 0 0 0 0 0 0 0 0 0 0 0 0 0 0 2 0 0 185 82 0 0 1 0 0 0 0 0 0 0 0 0 0 0 2 0 0 0 0 0 12 0 3 0 1 0 48 0 0 0 255 255 255 255 5 0 3 0 0 0 0 0 data 6 0x30005 0x11f 0x16e50df0 0x938 0x0 0x0 oops 1 2 com/android/dx/rop/code/RegisterSpecList
ciMethodData com/android/dx/rop/code/LocalItem compareTo (Lcom/android/dx/rop/code/LocalItem;)I 2 1997 orig 264 184 158 151 87 0 0 0 0 240 122 44 20 0 0 0 0 144 1 0 0 16 0 0 0 0 0 0 0 0 0 0 0 0 0 0 0 0 0 0 0 0 0 0 0 0 0 0 0 0 0 0 0 0 0 0 0 0 0 0 0 0 0 0 0 0 0 0 0 0 0 0 0 0 0 0 0 0 0 0 0 77 68 79 32 101 120 116 114 97 32 100 97 116 97 32 108 111 99 107 0 0 0 0 0 0 0 0 0 0 0 0 0 0 0 0 0 0 0 0 0 0 0 0 0 0 0 0 0 0 0 0 0 0 0 0 0 0 0 0 0 0 0 0 0 0 0 0 0 0 0 0 0 0 0 0 0 0 0 0 0 0 0 0 0 0 0 0 0 0 0 0 0 0 0 0 0 0 0 0 0 0 0 0 0 0 0 0 0 0 0 0 0 0 0 0 0 0 0 0 0 0 0 0 0 0 0 0 0 0 0 0 0 0 0 0 0 212 1 0 0 201 47 0 0 1 0 0 0 0 0 0 0 0 0 0 0 2 0 0 0 0 0 19 0 3 0 1 0 64 0 0 0 255 255 255 255 2 0 8 0 0 0 0 0 data 8 0x80002 0x5f9 0xd0007 0x120 0x20 0x4db 0x1a0002 0x120 oops 0
ciMethodData com/android/dx/rop/code/PlainInsn <init> (Lcom/android/dx/rop/code/Rop;Lcom/android/dx/rop/code/SourcePosition;Lcom/android/dx/rop/code/RegisterSpec;Lcom/android/dx/rop/code/RegisterSpecList;)V 2 2004 orig 264 184 158 151 87 0 0 0 0 136 253 40 20 0 0 0 0 120 2 0 0 128 0 0 0 0 0 0 0 0 0 0 0 0 0 0 0 0 0 0 0 0 0 0 0 0 0 0 0 0 0 0 0 0 0 0 0 0 0 0 0 0 0 0 0 0 0 0 0 0 0 0 0 0 0 0 0 0 0 0 0 77 68 79 32 101 120 116 114 97 32 100 97 116 97 32 108 111 99 107 0 0 0 0 0 0 0 0 0 0 0 0 0 0 0 0 0 0 0 0 0 0 0 0 0 0 0 0 0 0 0 0 0 0 0 0 0 0 0 0 0 0 0 0 0 0 0 0 0 0 0 0 0 0 0 0 0 0 0 0 0 0 0 0 0 0 0 0 0 0 0 0 0 0 0 0 0 0 0 0 0 0 0 0 0 0 0 0 0 0 0 0 0 0 0 0 0 0 0 0 0 0 0 0 0 0 0 0 0 0 0 0 0 0 0 0 0 0 2 0 0 161 46 0 0 1 0 0 0 0 0 0 0 0 0 0 0 2 0 0 0 0 0 11 0 3 0 1 0 16 1 0 0 255 255 255 255 2 0 6 0 0 0 0 0 data 34 0x60002 0x5d4 0xa0005 0x189 0x147adc70 0x44b 0x0 0x0 0xd0008 0x6 0x189 0x50 0x0 0x40 0x0 0x40 0x2e0002 0x0 0x330007 0x2f3 0x80 0x2e1 0x370005 0xc5 0x147adc70 0x21c 0x0 0x0 0x3b0007 0x2e1 0x30 0x0 0x440002 0x0 oops 2 4 com/android/dx/rop/code/Rop 24 com/android/dx/rop/code/Rop
ciMethodData com/android/dx/rop/cst/CstString hashCode ()I 1 1394 orig 264 184 158 151 87 0 0 0 0 56 209 33 20 0 0 0 0 120 1 0 0 0 0 0 0 0 0 0 0 0 0 0 0 0 0 0 0 0 0 0 0 0 0 0 0 0 0 0 0 0 0 0 0 0 0 0 0 0 0 0 0 0 0 0 0 0 0 0 0 0 0 0 0 0 0 0 0 0 0 0 0 77 68 79 32 101 120 116 114 97 32 100 97 116 97 32 108 111 99 107 0 0 0 0 0 0 0 0 0 0 0 0 0 0 0 0 0 0 0 0 0 0 0 0 0 0 0 0 0 0 0 0 0 0 0 0 0 0 0 0 0 0 0 0 0 0 0 0 0 0 0 0 0 0 0 0 0 0 0 0 0 0 0 0 0 0 0 0 0 0 0 0 0 0 0 0 0 0 0 0 0 0 0 0 0 0 0 0 0 0 0 0 0 0 0 0 0 0 0 0 0 0 0 0 0 0 0 0 0 0 0 0 0 0 0 0 0 0 2 0 0 145 27 0 0 1 0 0 0 0 0 0 0 0 0 0 0 2 0 0 0 0 0 3 0 3 0 1 0 48 0 0 0 255 255 255 255 5 0 4 0 0 0 0 0 data 6 0x40005 0x108 0x20881b0 0x26a 0x0 0x0 oops 1 2 java/lang/String
ciMethodData com/android/dx/ssa/Optimizer getPreserveLocals ()Z 2 1791 orig 264 184 158 151 87 0 0 0 0 128 91 46 20 0 0 0 0 24 1 0 0 0 0 0 0 0 0 0 0 0 0 0 0 0 0 0 0 0 0 0 0 0 0 0 0 0 0 0 0 0 0 0 0 0 0 0 0 0 0 0 0 0 0 0 0 0 0 0 0 0 0 0 0 0 0 0 0 0 0 0 0 77 68 79 32 101 120 116 114 97 32 100 97 116 97 32 108 111 99 107 0 0 0 0 0 0 0 0 0 0 0 0 0 0 0 0 0 0 0 0 0 0 0 0 0 0 0 0 0 0 0 0 0 0 0 0 0 0 0 0 0 0 0 0 0 0 0 0 0 0 0 0 0 0 0 0 0 0 0 0 0 0 0 0 0 0 0 0 0 0 0 0 0 0 0 0 0 0 0 0 0 0 0 0 0 0 0 0 0 0 0 0 0 0 0 0 0 0 0 0 0 0 0 0 0 0 0 0 0 0 0 0 0 0 0 0 0 215 1 0 0 65 41 0 0 1 0 0 0 0 0 0 0 0 0 0 0 2 0 0 0 0 0 3 0 3 0 0 0 0 0 0 0 255 255 255 255 0 0 0 0 0 0 0 0 data 0 oops 0
ciMethodData com/android/dx/ssa/SsaInsn <init> (Lcom/android/dx/rop/code/RegisterSpec;Lcom/android/dx/ssa/SsaBasicBlock;)V 2 1575 orig 264 184 158 151 87 0 0 0 0 16 225 46 20 0 0 0 0 112 1 0 0 0 0 0 0 0 0 0 0 0 0 0 0 0 0 0 0 0 0 0 0 0 0 0 0 0 0 0 0 0 0 0 0 0 0 0 0 0 0 0 0 0 0 0 0 0 0 0 0 0 0 0 0 0 0 0 0 0 0 0 0 77 68 79 32 101 120 116 114 97 32 100 97 116 97 32 108 111 99 107 0 0 0 0 0 0 0 0 0 0 0 0 0 0 0 0 0 0 0 0 0 0 0 0 0 0 0 0 0 0 0 0 0 0 0 0 0 0 0 0 0 0 0 0 0 0 0 0 0 0 0 0 0 0 0 0 0 0 0 0 0 0 0 0 0 0 0 0 0 0 0 0 0 0 0 0 0 0 0 0 0 0 0 0 0 0 0 0 0 0 0 0 0 0 0 0 0 0 0 0 0 0 0 0 0 0 0 0 0 0 0 0 0 0 0 0 0 0 2 0 0 57 33 0 0 1 0 0 0 0 0 0 0 0 0 0 0 2 0 0 0 0 0 5 0 3 0 1 0 64 0 0 0 255 255 255 255 2 0 1 0 0 0 0 0 data 8 0x10002 0x427 0x50007 0x427 0x30 0x0 0xe0002 0x0 oops 0
ciMethodData com/android/dx/ssa/NormalSsaInsn <init> (Lcom/android/dx/rop/code/Insn;Lcom/android/dx/ssa/SsaBasicBlock;)V 1 1430 orig 264 184 158 151 87 0 0 0 0 8 250 46 20 0 0 0 0 152 1 0 0 0 0 0 0 0 0 0 0 0 0 0 0 0 0 0 0 0 0 0 0 0 0 0 0 0 0 0 0 0 0 0 0 0 0 0 0 0 0 0 0 0 0 0 0 0 0 0 0 0 0 0 0 0 0 0 0 0 0 0 0 77 68 79 32 101 120 116 114 97 32 100 97 116 97 32 108 111 99 107 0 0 0 0 0 0 0 0 0 0 0 0 0 0 0 0 0 0 0 0 0 0 0 0 0 0 0 0 0 0 0 0 0 0 0 0 0 0 0 0 0 0 0 0 0 0 0 0 0 0 0 0 0 0 0 0 0 0 0 0 0 0 0 0 0 0 0 0 0 0 0 0 0 0 0 0 0 0 0 0 0 0 0 0 0 0 0 0 0 0 0 0 0 0 0 0 0 0 0 0 0 0 0 0 0 0 0 0 0 0 0 0 0 0 0 0 0 0 2 0 0 177 28 0 0 1 0 0 0 0 0 0 0 0 0 0 0 2 0 0 0 0 0 6 0 3 0 1 0 64 0 0 0 255 255 255 255 5 0 2 0 0 0 0 0 data 8 0x20005 0x2ab 0x147ae5d0 0x17 0x16e55ad0 0xd4 0x60002 0x396 oops 2 2 com/android/dx/rop/code/PlainCstInsn 4 com/android/dx/rop/code/PlainInsn
ciMethodData com/android/dx/ssa/SsaMethod onSourcesChanged (Lcom/android/dx/ssa/SsaInsn;Lcom/android/dx/rop/code/RegisterSpecList;)V 1 1292 orig 264 184 158 151 87 0 0 0 0 232 193 46 20 0 0 0 0 208 2 0 0 128 0 0 0 0 0 0 0 0 0 0 0 0 0 0 0 0 0 0 0 0 0 0 0 0 0 0 0 0 0 0 0 0 0 0 0 0 0 0 0 0 0 0 0 0 0 0 0 0 0 0 0 0 0 0 0 0 0 0 0 77 68 79 32 101 120 116 114 97 32 100 97 116 97 32 108 111 99 107 0 0 0 0 0 0 0 0 0 0 0 0 0 0 0 0 0 0 0 0 0 0 0 0 0 0 0 0 0 0 0 0 0 0 0 0 0 0 0 0 0 0 0 0 0 0 0 0 0 0 0 0 0 0 0 0 0 0 0 0 0 0 0 0 0 0 0 0 0 0 0 0 0 0 0 0 0 0 0 0 0 0 0 0 0 0 0 0 0 0 0 0 0 0 0 0 0 0 0 0 0 0 0 0 0 0 0 0 0 0 0 0 0 0 0 0 0 119 1 0 0 169 28 0 0 129 0 0 0 0 0 0 0 0 0 0 0 2 0 0 0 1 0 24 0 3 0 1 0 120 1 0 0 255 255 255 255 7 0 4 0 0 0 0 0 data 47 0x40007 0x5 0x20 0x391 0x90007 0x0 0x30 0x5 0xf0002 0x5 0x130005 0x0 0x16e6f5d0 0x5 0x0 0x0 0x180005 0x5 0x0 0x0 0x0 0x0 0x240007 0x5 0xc8 0x10 0x2a0005 0x10 0x0 0x0 0x0 0x0 0x2d0005 0x10 0x0 0x0 0x0 0x0 0x3a0005 0x0 0x16e6f520 0x10 0x0 0x0 0x410003 0x10 0xffffffffffffff50 oops 2 12 com/android/dx/ssa/NormalSsaInsn 40 java/util/ArrayList
ciMethodData com/android/dx/rop/code/RegisterSpec equals (Ljava/lang/Object;)Z 2 1609 orig 264 184 158 151 87 0 0 0 0 216 148 44 20 0 0 0 0 160 2 0 0 0 1 0 0 0 0 0 0 0 0 0 0 0 0 0 0 0 0 0 0 0 0 0 0 0 0 0 0 0 0 0 0 0 0 0 0 0 0 0 0 0 0 0 0 0 0 0 0 0 0 0 0 0 0 0 0 0 0 0 0 77 68 79 32 101 120 116 114 97 32 100 97 116 97 32 108 111 99 107 0 0 0 0 0 0 0 0 0 0 0 0 0 0 0 0 0 0 0 0 0 0 0 0 0 0 0 0 0 0 0 0 0 0 0 0 0 0 0 0 0 0 0 0 0 0 0 0 0 0 0 0 0 0 0 0 0 0 0 0 0 0 0 0 0 0 0 0 0 0 0 0 0 0 0 0 0 0 0 0 0 0 0 0 0 0 0 0 0 0 0 0 0 0 0 0 0 0 0 0 0 0 0 0 0 0 0 0 0 0 0 0 0 0 0 0 0 0 2 0 0 73 34 0 0 1 0 0 0 0 0 0 0 0 0 0 0 2 0 0 0 0 0 7 0 3 0 1 0 80 1 0 0 255 255 255 255 4 1 1 0 0 0 0 0 data 42 0x10104 0x0 0x16e50240 0x3b2 0x0 0x0 0x40007 0x3b2 0xe0 0x97 0x80104 0x0 0x0 0x0 0x0 0x0 0xb0007 0x97 0x90 0x0 0xf0004 0x0 0x0 0x0 0x0 0x0 0x150002 0x0 0x190002 0x0 0x1d0002 0x0 0x200002 0x0 0x270004 0x0 0x16e50240 0x3b2 0x0 0x0 0x380002 0x3b2 oops 2 2 com/android/dx/rop/code/RegisterSpec 36 com/android/dx/rop/code/RegisterSpec
ciMethodData com/android/dx/ssa/SsaRenamer$BlockRenamer addMapping (ILcom/android/dx/rop/code/RegisterSpec;)V 2 9779 orig 264 184 158 151 87 0 0 0 0 208 124 48 20 0 0 0 0 56 4 0 0 104 1 0 0 0 0 0 0 0 0 0 0 0 0 0 0 0 0 0 0 0 0 0 0 0 0 0 0 0 0 0 0 0 0 0 0 0 0 0 0 0 0 0 0 0 0 0 0 0 0 0 0 0 0 0 0 0 0 0 0 77 68 79 32 101 120 116 114 97 32 100 97 116 97 32 108 111 99 107 0 0 0 0 0 0 0 0 0 0 0 0 0 0 0 0 0 0 0 0 0 0 0 0 0 0 0 0 0 0 0 0 0 0 0 0 0 0 0 0 0 0 0 0 0 0 0 0 0 0 0 0 0 0 0 0 0 0 0 0 0 0 0 0 0 0 0 0 0 0 0 0 0 0 0 0 0 0 0 0 0 0 0 0 0 0 0 0 0 0 0 0 0 0 0 0 0 0 0 0 0 0 0 0 0 0 0 0 0 0 0 0 0 0 0 0 0 0 16 0 0 81 16 0 0 153 177 0 0 0 0 0 0 0 0 0 0 2 0 0 0 2 0 25 0 3 0 1 0 224 2 0 0 255 255 255 255 5 0 1 0 0 0 0 0 data 92 0x10005 0x199 0x16e50240 0x71 0x0 0x0 0x60005 0x199 0x16e50240 0x71 0x0 0x0 0x110004 0x0 0x16e50240 0x20a 0x0 0x0 0x1d0007 0x20a 0xb8 0xf4f 0x2c0005 0xc68 0x16e50240 0x2e7 0x0 0x0 0x2f0007 0xc53 0x50 0x2fc 0x390004 0x0 0x16e50240 0x2fc 0x0 0x0 0x3d0003 0xf4f 0xffffffffffffff60 0x420007 0xec 0x20 0x11e 0x4b0002 0xec 0x590007 0xec 0x168 0x6d2 0x680005 0x59e 0x16e50240 0x134 0x0 0x0 0x6b0007 0x1a5 0x100 0x52d 0x720005 0x44c 0x16e50240 0xe1 0x0 0x0 0x750005 0x0 0x16e52520 0x52d 0x0 0x0 0x780007 0x526 0x80 0x7 0x840005 0x6 0x16e50240 0x1 0x0 0x0 0x870004 0x0 0x16e50240 0x7 0x0 0x0 0x8b0003 0x6d2 0xfffffffffffffeb0 oops 10 2 com/android/dx/rop/code/RegisterSpec 8 com/android/dx/rop/code/RegisterSpec 14 com/android/dx/rop/code/RegisterSpec 24 com/android/dx/rop/code/RegisterSpec 34 com/android/dx/rop/code/RegisterSpec 53 com/android/dx/rop/code/RegisterSpec 63 com/android/dx/rop/code/RegisterSpec 69 com/android/dx/rop/code/LocalItem 79 com/android/dx/rop/code/RegisterSpec 85 com/android/dx/rop/code/RegisterSpec
ciMethodData com/android/dx/ssa/SsaRenamer$BlockRenamer processResultReg (Lcom/android/dx/ssa/SsaInsn;)V 1 1170 orig 264 184 158 151 87 0 0 0 0 0 130 48 20 0 0 0 0 144 2 0 0 144 0 0 0 0 0 0 0 0 0 0 0 0 0 0 0 0 0 0 0 0 0 0 0 0 0 0 0 0 0 0 0 0 0 0 0 0 0 0 0 0 0 0 0 0 0 0 0 0 0 0 0 0 0 0 0 0 0 0 0 77 68 79 32 101 120 116 114 97 32 100 97 116 97 32 108 111 99 107 0 0 0 0 0 0 0 0 0 0 0 0 0 0 0 0 0 0 0 0 0 0 0 0 0 0 0 0 0 0 0 0 0 0 0 0 0 0 0 0 0 0 0 0 0 0 0 0 0 0 0 0 0 0 0 0 0 0 0 0 0 0 0 0 0 0 0 0 0 0 0 0 0 0 0 0 0 0 0 0 0 0 0 0 0 0 0 0 0 0 0 0 0 0 0 0 0 0 0 0 0 0 0 0 0 0 0 0 0 0 0 0 0 0 0 0 0 0 2 0 0 145 20 0 0 1 0 0 0 0 0 0 0 0 0 0 0 2 0 0 0 0 0 19 0 3 0 1 0 64 1 0 0 255 255 255 255 5 0 1 0 0 0 0 0 data 40 0x10005 0x0 0x16e6f5d0 0x23d 0x16e6f680 0x55 0x60007 0x106 0x20 0x18c 0xb0005 0xd4 0x16e50240 0x32 0x0 0x0 0x140002 0x106 0x170007 0x106 0x20 0x0 0x200002 0x106 0x230005 0x0 0x16e6f5d0 0xb1 0x16e6f680 0x55 0x290005 0x0 0x16e6f5d0 0xb1 0x16e6f680 0x55 0x2c0002 0x106 0x330002 0x106 oops 7 2 com/android/dx/ssa/NormalSsaInsn 4 com/android/dx/ssa/PhiInsn 12 com/android/dx/rop/code/RegisterSpec 26 com/android/dx/ssa/NormalSsaInsn 28 com/android/dx/ssa/PhiInsn 32 com/android/dx/ssa/NormalSsaInsn 34 com/android/dx/ssa/PhiInsn
ciMethodData com/android/dx/rop/code/RegisterSpec getType ()Lcom/android/dx/rop/type/Type; 1 716 orig 264 184 158 151 87 0 0 0 0 192 156 44 20 0 0 0 0 120 1 0 0 0 0 0 0 0 0 0 0 0 0 0 0 0 0 0 0 0 0 0 0 0 0 0 0 0 0 0 0 0 0 0 0 0 0 0 0 0 0 0 0 0 0 0 0 0 0 0 0 0 0 0 0 0 0 0 0 0 0 0 0 77 68 79 32 101 120 116 114 97 32 100 97 116 97 32 108 111 99 107 0 0 0 0 0 0 0 0 0 0 0 0 0 0 0 0 0 0 0 0 0 0 0 0 0 0 0 0 0 0 0 0 0 0 0 0 0 0 0 0 0 0 0 0 0 0 0 0 0 0 0 0 0 0 0 0 0 0 0 0 0 0 0 0 0 0 0 0 0 0 0 0 0 0 0 0 0 0 0 0 0 0 0 0 0 0 0 0 0 0 0 0 0 0 0 0 0 0 0 0 0 0 0 0 0 0 0 0 0 0 0 0 0 0 0 0 0 0 2 0 0 97 6 0 0 1 0 0 0 0 0 0 0 0 0 0 0 2 0 0 0 0 0 0 0 0 0 1 0 48 0 0 0 255 255 255 255 5 0 4 0 0 0 0 0 data 6 0x40005 0x12 0x16e536f0 0xb4 0x161fb730 0x6 oops 2 2 com/android/dx/rop/type/Type 4 com/android/dx/rop/cst/CstKnownNull
ciMethodData com/android/dx/ssa/PhiInsn accept (Lcom/android/dx/ssa/SsaInsn$Visitor;)V 1 689 orig 264 184 158 151 87 0 0 0 0 136 178 48 20 0 0 0 0 128 1 0 0 0 0 0 0 0 0 0 0 0 0 0 0 0 0 0 0 0 0 0 0 0 0 0 0 0 0 0 0 0 0 0 0 0 0 0 0 0 0 0 0 0 0 0 0 0 0 0 0 0 0 0 0 0 0 0 0 0 0 0 0 77 68 79 32 101 120 116 114 97 32 100 97 116 97 32 108 111 99 107 0 0 0 0 0 0 0 0 0 0 0 0 0 0 0 0 0 0 0 0 0 0 0 0 0 0 0 0 0 0 0 0 0 0 0 0 0 0 0 0 0 0 0 0 0 0 0 0 0 0 0 0 0 0 0 0 0 0 0 0 0 0 0 0 0 0 0 0 0 0 0 0 0 0 0 0 0 0 0 0 0 0 0 0 0 0 0 0 0 0 0 0 0 0 0 0 0 0 0 0 0 0 0 0 0 0 0 0 0 0 0 0 0 0 0 0 0 0 2 0 0 129 5 0 0 1 0 0 0 0 0 0 0 0 0 0 0 2 0 0 0 0 0 0 0 0 0 1 0 48 0 0 0 255 255 255 255 5 0 2 0 0 0 0 0 data 6 0x20005 0x71 0x147abf20 0x23 0x147abfd0 0x1c oops 2 2 com/android/dx/ssa/SsaMethod$1 4 com/android/dx/ssa/SsaMethod$2
ciMethodData com/android/dx/ssa/SsaInsn changeResultReg (I)V 1 466 orig 264 184 158 151 87 0 0 0 0 248 230 46 20 0 0 0 0 160 1 0 0 0 0 0 0 0 0 0 0 0 0 0 0 0 0 0 0 0 0 0 0 0 0 0 0 0 0 0 0 0 0 0 0 0 0 0 0 0 0 0 0 0 0 0 0 0 0 0 0 0 0 0 0 0 0 0 0 0 0 0 0 77 68 79 32 101 120 116 114 97 32 100 97 116 97 32 108 111 99 107 0 0 0 0 0 0 0 0 0 0 0 0 0 0 0 0 0 0 0 0 0 0 0 0 0 0 0 0 0 0 0 0 0 0 0 0 0 0 0 0 0 0 0 0 0 0 0 0 0 0 0 0 0 0 0 0 0 0 0 0 0 0 0 0 0 0 0 0 0 0 0 0 0 0 0 0 0 0 0 0 0 0 0 0 0 0 0 0 0 0 0 0 0 0 0 0 0 0 0 0 0 0 0 0 0 0 0 0 0 0 0 0 0 0 0 0 0 160 1 0 0 145 1 0 0 1 0 0 0 0 0 0 0 0 0 0 0 2 0 0 0 0 0 0 0 0 0 1 0 80 0 0 0 255 255 255 255 7 0 4 0 0 0 0 0 data 10 0x40007 0x0 0x50 0x32 0xd0005 0x0 0x16e50240 0x32 0x0 0x0 oops 1 6 com/android/dx/rop/code/RegisterSpec
ciMethodData com/android/dx/ssa/SsaMethod removeFromUseList (Lcom/android/dx/ssa/SsaInsn;Lcom/android/dx/rop/code/RegisterSpecList;)V 1 196 orig 264 184 158 151 87 0 0 0 0 16 195 46 20 0 0 0 0 160 2 0 0 32 0 0 0 0 0 0 0 0 0 0 0 0 0 0 0 0 0 0 0 0 0 0 0 0 0 0 0 0 0 0 0 0 0 0 0 0 0 0 0 0 0 0 0 0 0 0 0 0 0 0 0 0 0 0 0 0 0 0 0 77 68 79 32 101 120 116 114 97 32 100 97 116 97 32 108 111 99 107 0 0 0 0 0 0 0 0 0 0 0 0 0 0 0 0 0 0 0 0 0 0 0 0 0 0 0 0 0 0 0 0 0 0 0 0 0 0 0 0 0 0 0 0 0 0 0 0 0 0 0 0 0 0 0 0 0 0 0 0 0 0 0 0 0 0 0 0 0 0 0 0 0 0 0 0 0 0 0 0 0 0 0 0 0 0 0 0 0 0 0 0 0 0 0 0 0 0 0 0 0 0 0 0 0 0 0 0 0 0 0 0 0 0 0 0 0 179 0 0 0 97 0 0 0 137 0 0 0 0 0 0 0 0 0 0 0 2 0 0 0 0 0 0 0 0 0 1 0 72 1 0 0 255 255 255 255 7 0 1 0 0 0 0 0 data 41 0x10007 0xc 0x20 0x0 0x60005 0xc 0x0 0x0 0x0 0x0 0x100007 0xc 0xf8 0x11 0x1a0005 0x11 0x0 0x0 0x0 0x0 0x1d0005 0x11 0x0 0x0 0x0 0x0 0x220005 0x0 0x16e6f520 0x11 0x0 0x0 0x250007 0x11 0x30 0x0 0x2e0002 0x0 0x350003 0x11 0xffffffffffffff20 oops 1 28 java/util/ArrayList
instanceKlass com/android/dx/dex/file/ParameterAnnotationStruct
instanceKlass java/util/ArrayList$1
instanceKlass java/util/DualPivotQuicksort
instanceKlass com/android/dx/cf/code/Ropper$ExceptionHandlerSetup
instanceKlass com/android/dx/ssa/back/FirstFitLocalCombiningAllocator$Multiset
instanceKlass com/android/dx/ssa/PhiInsn$Operand
instanceKlass com/android/dx/dex/code/DalvCode
instanceKlass com/android/dx/dex/code/StdCatchBuilder
instanceKlass com/android/dx/dex/code/RopToDop
instanceKlass com/android/dx/dex/code/OutputFinisher
instanceKlass com/android/dx/dex/code/OutputCollector
instanceKlass com/android/dx/rop/code/Insn$BaseVisitor
instanceKlass com/android/dx/io/Opcodes
instanceKlass com/android/dx/dex/code/InsnFormat
instanceKlass com/android/dx/dex/code/Dop
instanceKlass com/android/dx/dex/code/Dops
instanceKlass com/android/dx/dex/code/BlockAddresses
instanceKlass com/android/dx/dex/code/DalvInsn
instanceKlass com/android/dx/dex/code/CatchBuilder
instanceKlass com/android/dx/dex/code/RopTranslator$TranslationVisitor
instanceKlass com/android/dx/dex/code/RopTranslator
instanceKlass com/android/dx/rop/code/LocalVariableExtractor
