JvmtiExport can_access_local_variables 0
JvmtiExport can_hotswap_or_post_breakpoint 0
JvmtiExport can_post_on_exceptions 0
# 280 ciObject found
ciMethod java/lang/Object <init> ()V 4097 1 335960 0 0
ciMethod java/lang/Object getClass ()Ljava/lang/Class; 2049 1 256 0 -1
ciMethod java/lang/Object equals (Ljava/lang/Object;)Z 4097 1 8278 0 -1
ciMethod java/util/Collection iterator ()Ljava/util/Iterator; 0 0 1 0 -1
ciMethod java/util/List iterator ()Ljava/util/Iterator; 0 0 1 0 -1
ciMethod java/util/AbstractList <init> ()V 273 1 47320 0 32
ciMethod java/util/AbstractCollection <init> ()V 281 1 58634 0 0
ciMethod java/lang/Math max (II)I 217 1 32322 0 -1
ciMethod java/util/Collections unmodifiableList (Ljava/util/List;)Ljava/util/List; 4105 1 5010 0 0
ciMethod java/util/Iterator hasNext ()Z 0 0 1 0 -1
ciMethod java/util/Iterator next ()Ljava/lang/Object; 0 0 1 0 -1
ciMethod java/util/ArrayList <init> ()V 121 1 28992 0 64
ciMethod java/util/ArrayList ensureCapacityInternal (I)V 641 1 95402 0 576
ciMethod java/util/ArrayList ensureExplicitCapacity (I)V 641 1 98610 0 544
ciMethod java/util/ArrayList grow (I)V 89 1 6199 0 544
ciMethod java/util/ArrayList hugeCapacity (I)I 0 0 1 0 0
ciMethod java/util/ArrayList size ()I 1657 1 207 0 0
ciMethod java/util/ArrayList elementData (I)Ljava/lang/Object; 1897 1 292024 0 0
ciMethod java/util/ArrayList get (I)Ljava/lang/Object; 1897 1 283316 0 128
ciMethod java/util/ArrayList add (Ljava/lang/Object;)Z 641 1 94317 0 736
ciMethod java/util/ArrayList rangeCheck (I)V 1897 1 292806 0 0
ciMethod java/util/ArrayList iterator ()Ljava/util/Iterator; 2065 1 47584 0 192
ciMethod java/util/ArrayList access$100 (Ljava/util/ArrayList;)I 1177 1 147 0 0
ciMethod java/util/Collections$UnmodifiableRandomAccessList <init> (Ljava/util/List;)V 4105 1 5011 0 0
ciMethod java/util/Collections$UnmodifiableList <init> (Ljava/util/List;)V 5121 1 5011 0 0
ciMethod java/util/Collections$UnmodifiableCollection <init> (Ljava/util/Collection;)V 3313 1 5481 0 0
ciMethod java/util/Collections$UnmodifiableCollection iterator ()Ljava/util/Iterator; 4097 1 6724 0 640
ciMethod java/util/Arrays copyOf ([Ljava/lang/Object;I)[Ljava/lang/Object; 2161 1 11627 0 0
ciMethod java/util/Arrays copyOf ([Ljava/lang/Object;ILjava/lang/Class;)[Ljava/lang/Object; 2081 1 5380 0 -1
ciMethodData java/lang/Object <init> ()V 2 335960 orig 264 184 158 222 95 0 0 0 0 136 4 13 20 0 0 0 0 32 1 0 0 0 0 0 0 0 0 0 0 0 0 0 0 0 0 0 0 0 0 0 0 0 0 0 0 0 0 0 0 0 0 0 0 0 0 0 0 0 0 0 0 0 0 0 0 0 0 0 0 0 0 0 0 0 0 0 0 0 0 0 0 77 68 79 32 101 120 116 114 97 32 100 97 116 97 32 108 111 99 107 0 0 0 0 0 0 0 0 0 0 0 0 0 0 0 0 0 0 0 0 0 0 0 0 0 0 0 0 0 0 0 0 0 0 0 0 0 0 0 0 0 0 0 0 0 0 0 0 0 0 0 0 0 0 0 0 0 0 0 0 0 0 0 0 0 0 0 0 0 0 0 0 0 0 0 0 0 0 0 0 0 0 0 0 0 1 0 0 0 0 0 0 0 1 0 0 0 0 0 0 0 1 0 0 0 0 0 0 0 0 0 0 0 0 0 0 0 0 2 0 0 193 242 40 0 1 0 0 0 0 0 0 0 0 0 0 0 2 0 0 0 0 0 3 0 3 0 0 0 0 0 0 0 255 255 255 255 0 0 0 0 0 0 0 0 data 0 oops 0
ciMethod java/util/BitSet wordIndex (I)I 2049 1 43751 0 0
ciMethod java/util/BitSet checkInvariants ()V 2057 1 5377 0 32
ciMethod java/util/BitSet get (I)Z 1585 1 5318 0 160
ciMethodData java/util/ArrayList add (Ljava/lang/Object;)Z 2 94317 orig 264 184 158 222 95 0 0 0 0 80 3 27 20 0 0 0 0 144 1 0 0 0 0 0 0 0 0 0 0 0 0 0 0 0 0 0 0 0 0 0 0 0 0 0 0 0 0 0 0 0 0 0 0 0 0 0 0 0 0 0 0 0 0 0 0 0 0 0 0 0 0 0 0 0 0 0 0 0 0 0 0 77 68 79 32 101 120 116 114 97 32 100 97 116 97 32 108 111 99 107 0 0 0 0 0 0 0 0 0 0 0 0 0 0 0 0 0 0 0 0 0 0 0 0 0 0 0 0 0 0 0 0 0 0 0 0 0 0 0 0 0 0 0 0 0 0 0 0 0 0 0 0 0 0 0 0 0 0 0 0 0 0 0 0 0 0 0 0 0 0 0 0 0 0 0 0 0 0 0 0 0 0 0 0 0 17 0 0 0 0 0 0 0 0 0 0 0 0 0 0 0 1 0 0 0 0 0 0 0 0 0 0 0 0 0 0 0 80 0 0 0 233 128 11 0 1 0 0 0 0 0 0 0 0 0 0 0 2 0 0 0 0 0 15 0 4 0 1 0 64 0 0 0 255 255 255 255 2 0 7 0 0 0 0 0 data 8 0x70002 0x1702a 0x1a0104 0x0 0x16e5cef0 0xba 0x16e5cfa0 0xc oops 2